Log file open, 07/13/17 15:28:57
LogInit:Display: Running engine for game: FOTWO02
LogPlatformFile: Not using cached read wrapper
LogInit:Display: RandInit(-1173160498) SRandInit(-1173160498).
LogTaskGraph: Started task graph with 5 named threads and 8 total threads with 1 sets of task threads.
LogStats: Stats thread started at 0.087294
LogInit: Using libcurl 7.47.1
LogInit:  - built for x86_64-pc-win32
LogInit:  - supports SSL with OpenSSL/1.0.2g
LogInit:  - supports HTTP deflate (compression) using libz 1.2.8
LogInit:  - other features:
LogInit:      CURL_VERSION_SSL
LogInit:      CURL_VERSION_LIBZ
LogInit:      CURL_VERSION_IPV6
LogInit:      CURL_VERSION_ASYNCHDNS
LogInit:      CURL_VERSION_LARGEFILE
LogInit:      CURL_VERSION_IDN
LogInit:  CurlRequestOptions (configurable via config and command line):
LogInit:  - bVerifyPeer = false  - Libcurl will NOT verify peer certificate
LogInit:  - bUseHttpProxy = false  - Libcurl will NOT use HTTP proxy
LogInit:  - bDontReuseConnections = false  - Libcurl will reuse connections
LogInit:  - CertBundlePath = nullptr  - Libcurl will use whatever was configured at build time.
LogInit: Build: ++UE4+Release-4.16-CL-3514769
LogInit: Engine Version: 4.16.2-3514769+++UE4+Release-4.16
LogInit: Compatible Engine Version: 4.16.0-3452394+++UE4+Release-4.16
LogInit: Net CL: 3452394
LogDevObjectVersion: Number of dev versions registered: 16
LogDevObjectVersion:   Dev-Blueprints (B0D832E4-1F89-4F0D-ACCF-7EB736FD4AA2): 9
LogDevObjectVersion:   Dev-Build (E1C64328-A22C-4D53-A36C-8E866417BD8C): 0
LogDevObjectVersion:   Dev-Core (375EC13C-06E4-48FB-B500-84F0262A717E): 2
LogDevObjectVersion:   Dev-Editor (E4B068ED-F494-42E9-A231-DA0B2E46BB41): 17
LogDevObjectVersion:   Dev-Framework (CFFC743F-43B0-4480-9391-14DF171D2073): 23
LogDevObjectVersion:   Dev-Mobile (B02B49B5-BB20-44E9-A304-32B752E40360): 0
LogDevObjectVersion:   Dev-Networking (A4E4105C-59A1-49B5-A7C5-40C4547EDFEE): 0
LogDevObjectVersion:   Dev-Online (39C831C9-5AE6-47DC-9A44-9C173E1C8E7C): 0
LogDevObjectVersion:   Dev-Physics (78F01B33-EBEA-4F98-B9B4-84EACCB95AA2): 0
LogDevObjectVersion:   Dev-Platform (6631380F-2D4D-43E0-8009-CF276956A95A): 0
LogDevObjectVersion:   Dev-Rendering (12F88B9F-8875-4AFC-A67C-D90C383ABD29): 15
LogDevObjectVersion:   Dev-Sequencer (7B5AE74C-D270-4C10-A958-57980B212A5A): 4
LogDevObjectVersion:   Dev-VR (D7296918-1DD6-4BDD-9DE2-64A83CC13884): 0
LogDevObjectVersion:   Dev-LoadTimes (C2A15278-BFE7-4AFE-6C17-90FF531DF755): 1
LogDevObjectVersion:   Private-Geometry (6EACA3D4-40EC-4CC1-B786-8BED09428FC5): 1
LogDevObjectVersion:   Dev-AnimPhys (29E575DD-E0A3-4627-9D10-D276232CDCEA): 3
LogInit: Compiled (64-bit): Jun 29 2017 02:03:24
LogInit: Compiled with Visual C++: 19.00.24215.01
LogInit: Build Configuration: Development
LogInit: Branch Name: ++UE4+Release-4.16
LogInit: Command line:  
LogInit: Base directory: C:/Program Files/Epic Games/UE_4.16/Engine/Binaries/Win64/
LogInit: Installed Engine Build: 1
LogInit: Presizing for max 8388607 objects, including 0 objects not considered by GC, pre-allocating 0 bytes for permanent pool.
LogInit: Object subsystem initialized
[2017.07.13-13.28.58:072][  0]LogInit: Selected Device Profile: [Windows]
[2017.07.13-13.28.58:073][  0]LogInit: Applying CVar settings loaded from the selected device profile: [Windows]
[2017.07.13-13.28.58:100][  0]LogInit: Computer: KLAUDE2017ALIEN
[2017.07.13-13.28.58:100][  0]LogInit: User: vonkl
[2017.07.13-13.28.58:100][  0]LogInit: CPU Page size=4096, Cores=4
[2017.07.13-13.28.58:100][  0]LogInit: High frequency timer resolution =2.742183 MHz
[2017.07.13-13.28.58:100][  0]LogMemory: Memory total: Physical=15.9GB (16GB approx)
[2017.07.13-13.28.58:100][  0]LogMemory: Platform Memory Stats for Windows
[2017.07.13-13.28.58:100][  0]LogMemory: Process Physical Memory: 272.71 MB used, 272.71 MB peak
[2017.07.13-13.28.58:100][  0]LogMemory: Process Virtual Memory: 260.79 MB used, 260.79 MB peak
[2017.07.13-13.28.58:100][  0]LogMemory: Physical Memory: 6127.52 MB used,  10129.46 MB free, 16256.98 MB total
[2017.07.13-13.28.58:100][  0]LogMemory: Virtual Memory: 638.47 MB used,  10129.46 MB free, 134217728.00 MB total
[2017.07.13-13.28.58:183][  0]LogInit: Using OS detected language (en-GB).
[2017.07.13-13.28.58:183][  0]LogInit: Using OS detected locale (en-GB).
[2017.07.13-13.28.58:185][  0]LogTextLocalizationManager: No specific localization for 'en-GB' exists, so the 'en' localization will be used.
[2017.07.13-13.28.59:080][  0]LogD3D11RHI: D3D11 adapters:
[2017.07.13-13.28.59:681][  0]LogD3D11RHI:    0. 'NVIDIA GeForce GTX 1060' (Feature Level 11_0)
[2017.07.13-13.28.59:681][  0]LogD3D11RHI:       6084/0/8128 MB DedicatedVideo/DedicatedSystem/SharedSystem, Outputs:1, VendorId:0x10de
[2017.07.13-13.28.59:702][  0]LogD3D11RHI:    1. 'Intel(R) HD Graphics 630' (Feature Level 11_0)
[2017.07.13-13.28.59:702][  0]LogD3D11RHI:       128/0/8128 MB DedicatedVideo/DedicatedSystem/SharedSystem, Outputs:0, VendorId:0x8086
[2017.07.13-13.28.59:703][  0]LogD3D11RHI:    2. 'Microsoft Basic Render Driver' (Feature Level 11_0)
[2017.07.13-13.28.59:703][  0]LogD3D11RHI:       0/0/8128 MB DedicatedVideo/DedicatedSystem/SharedSystem, Outputs:0, VendorId:0x1414
[2017.07.13-13.28.59:703][  0]LogD3D11RHI: Chosen D3D11 Adapter: 0
[2017.07.13-13.28.59:710][  0]LogD3D11RHI: Creating new Direct3DDevice
[2017.07.13-13.28.59:710][  0]LogD3D11RHI:     GPU DeviceId: 0x1c60 (for the marketing name, search the web for "GPU Device Id")
[2017.07.13-13.28.59:710][  0]LogWindows: EnumDisplayDevices:
[2017.07.13-13.28.59:710][  0]LogWindows:    0. 'NVIDIA GeForce GTX 1060' (P:1 D:1)
[2017.07.13-13.28.59:710][  0]LogWindows:    1. 'NVIDIA GeForce GTX 1060' (P:0 D:0)
[2017.07.13-13.28.59:710][  0]LogWindows:    2. 'NVIDIA GeForce GTX 1060' (P:0 D:0)
[2017.07.13-13.28.59:711][  0]LogWindows:    3. 'NVIDIA GeForce GTX 1060' (P:0 D:0)
[2017.07.13-13.28.59:711][  0]LogWindows:    4. 'Intel(R) HD Graphics 630' (P:0 D:0)
[2017.07.13-13.28.59:711][  0]LogWindows:    5. 'Intel(R) HD Graphics 630' (P:0 D:0)
[2017.07.13-13.28.59:711][  0]LogWindows:    6. 'Intel(R) HD Graphics 630' (P:0 D:0)
[2017.07.13-13.28.59:711][  0]LogWindows: DebugString: PrimaryIsNotTheChoosenAdapter PrimaryIsNotTheChoosenAdapter PrimaryIsNotTheChoosenAdapter FoundDriverCount:4 
[2017.07.13-13.28.59:711][  0]LogD3D11RHI:     Adapter Name: NVIDIA GeForce GTX 1060
[2017.07.13-13.28.59:711][  0]LogD3D11RHI:   Driver Version: 382.53 (internal:22.21.13.8253, unified:382.53)
[2017.07.13-13.28.59:711][  0]LogD3D11RHI:      Driver Date: 6-7-2017
[2017.07.13-13.28.59:711][  0]LogRHI: Texture pool is 1361 MB (70% of 1945 MB)
[2017.07.13-13.29.00:278][  0]LogD3D11RHI: Async texture creation enabled
[2017.07.13-13.29.00:311][  0]LogD3D11RHI: GPU Timing Frequency: 1000.000000 (Debug: 2 1)
[2017.07.13-13.29.00:354][  0]LogShaderCompilers: Guid format shader working directory is 1 characters bigger than the processId version (../../../../../../Unreal/FOTWO/source/FOTWO02/Intermediate/Shaders/WorkingDirectory/9476/).
[2017.07.13-13.29.00:355][  0]LogShaderCompilers: Cleaned the shader compiler working directory 'C:/Users/vonkl/AppData/Local/Temp/UnrealShaderWorkingDir/3275B97C437D70DE0CF46A9137E87CA6/'.
[2017.07.13-13.29.00:355][  0]LogShaderCompilers:Display: Using Local Shader Compiler.
[2017.07.13-13.29.01:351][  0]LogTemp:Display: Loaded TP AllDesktopTargetPlatform
[2017.07.13-13.29.01:410][  0]LogTemp:Display: Loaded TP MacClientTargetPlatform
[2017.07.13-13.29.01:464][  0]LogTemp:Display: Loaded TP MacNoEditorTargetPlatform
[2017.07.13-13.29.01:512][  0]LogTemp:Display: Loaded TP MacServerTargetPlatform
[2017.07.13-13.29.01:561][  0]LogTemp:Display: Loaded TP MacTargetPlatform
[2017.07.13-13.29.01:610][  0]LogTemp:Display: Loaded TP WindowsClientTargetPlatform
[2017.07.13-13.29.01:659][  0]LogTemp:Display: Loaded TP WindowsNoEditorTargetPlatform
[2017.07.13-13.29.01:708][  0]LogTemp:Display: Loaded TP WindowsServerTargetPlatform
[2017.07.13-13.29.01:750][  0]LogTemp:Display: Loaded TP WindowsTargetPlatform
[2017.07.13-13.29.01:797][  0]LogTemp:Display: Loaded TP AndroidTargetPlatform
[2017.07.13-13.29.01:844][  0]LogTemp:Display: Loaded TP Android_ASTCTargetPlatform
[2017.07.13-13.29.01:892][  0]LogTemp:Display: Loaded TP Android_ATCTargetPlatform
[2017.07.13-13.29.01:939][  0]LogTemp:Display: Loaded TP Android_DXTTargetPlatform
[2017.07.13-13.29.02:000][  0]LogTemp:Display: Loaded TP Android_ETC1TargetPlatform
[2017.07.13-13.29.02:047][  0]LogTemp:Display: Loaded TP Android_ETC2TargetPlatform
[2017.07.13-13.29.02:138][  0]LogTemp:Display: Loaded TP Android_MultiTargetPlatform
[2017.07.13-13.29.02:138][  0]LogTemp:Display: Loaded TP Android_PVRTCTargetPlatform
[2017.07.13-13.29.02:175][  0]LogTemp:Display: Loaded TP HTML5TargetPlatform
[2017.07.13-13.29.02:263][  0]LogTemp:Display: Loaded TP IOSTargetPlatform
[2017.07.13-13.29.02:305][  0]LogTemp:Display: Loaded TP TVOSTargetPlatform
[2017.07.13-13.29.02:350][  0]LogTemp:Display: Loaded TP LinuxClientTargetPlatform
[2017.07.13-13.29.02:398][  0]LogTemp:Display: Loaded TP LinuxNoEditorTargetPlatform
[2017.07.13-13.29.02:444][  0]LogTemp:Display: Loaded TP LinuxServerTargetPlatform
[2017.07.13-13.29.02:490][  0]LogTemp:Display: Loaded TP LinuxTargetPlatform
[2017.07.13-13.29.02:490][  0]LogTargetPlatformManager:Display: Building Assets For Windows
[2017.07.13-13.29.02:997][  0]LogDerivedDataCache:Display: Max Cache Size: 512 MB
[2017.07.13-13.29.03:083][  0]LogDerivedDataCache: Loaded boot cache 0.09s 90MB C:/Users/vonkl/AppData/Local/UnrealEngine/4.16/DerivedDataCache/Boot.ddc.
[2017.07.13-13.29.03:083][  0]LogDerivedDataCache:Display: Loaded Boot cache: C:/Users/vonkl/AppData/Local/UnrealEngine/4.16/DerivedDataCache/Boot.ddc
[2017.07.13-13.29.03:083][  0]LogDerivedDataCache: FDerivedDataBackendGraph:  Pak pak cache file ../../../../../../Unreal/FOTWO/source/FOTWO02/DerivedDataCache/DDC.ddp not found, will not use a pak cache.
[2017.07.13-13.29.03:083][  0]LogDerivedDataCache: Unable to find inner node Pak for hierarchical cache Hierarchy.
[2017.07.13-13.29.03:083][  0]LogDerivedDataCache: FDerivedDataBackendGraph:  CompressedPak pak cache file ../../../../../../Unreal/FOTWO/source/FOTWO02/DerivedDataCache/Compressed.ddp not found, will not use a pak cache.
[2017.07.13-13.29.03:083][  0]LogDerivedDataCache: Unable to find inner node CompressedPak for hierarchical cache Hierarchy.
[2017.07.13-13.29.03:098][  0]LogDerivedDataCache:Display: Pak cache opened for reading ../../../Engine/DerivedDataCache/Compressed.ddp.
[2017.07.13-13.29.03:109][  0]LogDerivedDataCache: Using Local data cache path C:/Users/vonkl/AppData/Local/UnrealEngine/Common/DerivedDataCache: Writable
[2017.07.13-13.29.03:119][  0]LogMaterial: Verifying Global Shaders for PCD3D_SM5
[2017.07.13-13.29.03:119][  0]LogSlate: Using Freetype 2.6.0
[2017.07.13-13.29.03:120][  0]LogSlate: SlateFontCache - WITH_FREETYPE: 1, WITH_HARFBUZZ: 1
[2017.07.13-13.29.03:120][  0]LogSlate: SlateFontCache - WITH_FREETYPE: 1, WITH_HARFBUZZ: 1
[2017.07.13-13.29.03:422][  0]LogInit: Selected Device Profile: [Windows]
[2017.07.13-13.29.03:487][  0]LogContentStreaming: Texture pool size is 0.00 MB
[2017.07.13-13.29.03:655][  0]LogMeshUtilities: Using QuadricMeshReduction for automatic static mesh reduction
[2017.07.13-13.29.03:697][  0]LogSimplygon: Simplygon DLL not present - disabling.
[2017.07.13-13.29.03:742][  0]LogMeshUtilities: Using SimplygonSwarm for distributed automatic mesh merging
[2017.07.13-13.29.03:742][  0]LogMeshUtilities: No automatic skeletal mesh reduction module available
[2017.07.13-13.29.03:742][  0]LogMeshUtilities: No automatic mesh merging module available
[2017.07.13-13.29.04:261][  0]LogNetVersion: FOTWO02 , NetCL: 3452394, EngineNetVer: 2, GameNetVer: 0 (Checksum: 2990255715)
[2017.07.13-13.29.04:320][  0]LogAssetRegistry: FAssetRegistry took 0.0246 seconds to start up
[2017.07.13-13.29.04:377][  0]LogPackageLocalizationCache: Processed 4 localized package path(s) for 2 prioritized culture(s) in 0.033639 seconds
[2017.07.13-13.29.04:382][  0]LogUObjectArray: 34194 objects as part of root set at end of initial load.
[2017.07.13-13.29.04:382][  0]LogUObjectAllocator: 7260416 out of 0 bytes used by permanent object pool.
[2017.07.13-13.29.04:382][  0]LogUObjectArray: CloseDisregardForGC: 0/0 objects in disregard for GC pool
[2017.07.13-13.29.04:442][  0]LogInit: WinSock: version 1.1 (2.2), MaxSocks=32767, MaxUdp=65467
[2017.07.13-13.29.06:902][  0]LogTcpMessaging: Initializing TcpMessaging bridge
[2017.07.13-13.29.06:940][  0]LogUdpMessaging: Initializing bridge on interface 0.0.0.0:0 to multicast group 230.0.0.1:6666.
[2017.07.13-13.29.07:559][  0]LogMaterial: Uniform references updated for custom material expression Custom.
[2017.07.13-13.29.07:973][  0]SourceControl: Info Source control is disabled
[2017.07.13-13.29.08:022][  0]SourceControl: Info Source control is disabled
[2017.07.13-13.29.08:073][  0]SourceControl: Info Source control is disabled
[2017.07.13-13.29.08:127][  0]SourceControl: Info Source control is disabled
[2017.07.13-13.29.08:986][  0]LogAndroidPermission: UAndroidPermissionCallbackProxy::GetInstance
[2017.07.13-13.29.09:555][  0]LogEngine: Initializing Engine...
[2017.07.13-13.29.09:556][  0]LogHMD: Failed to initialize OpenVR with code 110
[2017.07.13-13.29.09:747][  0]LogStats: UGameplayTagsManager::ConstructGameplayTagTree: Construct from data asset -  0.000 s
[2017.07.13-13.29.09:747][  0]LogStats: UGameplayTagsManager::ConstructGameplayTagTree: GameplayTagTreeChangedEvent.Broadcast -  0.000 s
[2017.07.13-13.29.09:871][  0]LogAIModule: Creating AISystem for world Untitled
[2017.07.13-13.29.09:881][  0]LogInit: XAudio2 using 'Headset Earphone (3- Microsoft LifeChat LX-3000)' : 2 channels at 48 kHz using 16 bits per sample (channel mask 0x3)
[2017.07.13-13.29.09:891][  0]LogInit: FAudioDevice initialized.
[2017.07.13-13.29.09:931][  0]LogDerivedDataCache: Saved boot cache 0.04s 90MB C:/Users/vonkl/AppData/Local/UnrealEngine/4.16/DerivedDataCache/Boot.ddc.
[2017.07.13-13.29.09:943][  0]LogInit: Texture streaming: Enabled
[2017.07.13-13.29.10:034][  0]LogEngineSessionManager: EngineSessionManager initialized
[2017.07.13-13.29.10:240][  0]LogInit: Transaction tracking system initialized
[2017.07.13-13.29.10:543][  0]BlueprintLog: New page: Editor Load
[2017.07.13-13.29.11:539][  0]LocalizationService: Info Localization service is disabled
[2017.07.13-13.29.12:211][  0]LogConsoleResponse:Display: 
[2017.07.13-13.29.12:360][  0]LogCook:Display: Max memory allowance for cook 16384mb min free memory 0mb
[2017.07.13-13.29.12:360][  0]LogCook:Display: Mobile HDR setting 1
[2017.07.13-13.29.13:286][  0]LogFileCache: Scanning file cache for directory 'C:/Unreal/FOTWO/source/FOTWO02/Content/' took 0.01s
[2017.07.13-13.29.13:329][  0]SourceControl: Info Source control is disabled
[2017.07.13-13.29.13:329][  0]Cmd: MAP LOAD FILE="../../../../../../Unreal/FOTWO/source/FOTWO02/Content/2DSideScrollerBP/Maps/2DSideScrollerExampleMap.umap" TEMPLATE=0 SHOWPROGRESS=1 FEATURELEVEL=3
[2017.07.13-13.29.13:329][  0]LogEditorServer:Warning: Can't find file '../../../../../../Unreal/FOTWO/source/FOTWO02/Content/2DSideScrollerBP/Maps/2DSideScrollerExampleMap.umap'
[2017.07.13-13.29.13:329][  0]Cmd: MAP CHECKDEP NOCLEARLOG
[2017.07.13-13.29.13:367][  0]MapCheck: Info Map check complete: 0 Error(s), 0 Warning(s), took 38.612ms to complete.
[2017.07.13-13.29.13:367][  0]LogFileHelpers: Loading map '2DSideScrollerExampleMap' took 0.039
[2017.07.13-13.29.13:466][  0]LogWindowsTextInputMethodSystem:Display: IME system now deactivated.
[2017.07.13-13.29.13:559][  0]LogCollectionManager: Loaded 0 collections in 0.001542 seconds
[2017.07.13-13.29.13:645][  0]LogFileCache: Scanning file cache for directory 'C:/Unreal/FOTWO/source/FOTWO02/Saved/Collections/' took 0.01s
[2017.07.13-13.29.13:645][  0]LogFileCache: Scanning file cache for directory 'C:/Unreal/FOTWO/source/FOTWO02/Content/Developers/vonkl/Collections/' took 0.01s
[2017.07.13-13.29.13:645][  0]LogFileCache: Scanning file cache for directory 'C:/Unreal/FOTWO/source/FOTWO02/Content/Collections/' took 0.00s
[2017.07.13-13.29.13:645][  0]LogCollectionManager: Rebuilt the GUID cache for 0 collections in 0.000002 seconds
[2017.07.13-13.29.13:658][  0]LogContentBrowser: Native class hierarchy populated in 0.0121 seconds. Added 2329 classes and 491 folders.
[2017.07.13-13.29.13:720][  0]LogContentBrowser: Native class hierarchy updated for 'WidgetCarousel' in 0.0004 seconds. Added 0 classes and 0 folders.
[2017.07.13-13.29.13:757][  0]LogContentBrowser: Native class hierarchy updated for 'AddContentDialog' in 0.0006 seconds. Added 0 classes and 0 folders.
[2017.07.13-13.29.13:809][  0]LogContentBrowser: Native class hierarchy updated for 'SceneOutliner' in 0.0005 seconds. Added 1 classes and 2 folders.
[2017.07.13-13.29.13:879][  0]LogCrashTracker: Crashtracker disabled due to settings.
[2017.07.13-13.29.13:884][  0]LogSlate: Took 0.000189 seconds to synchronously load lazily loaded font '../../../Engine/Content/Slate/Fonts/Roboto-Regular.ttf' (155K)
[2017.07.13-13.29.13:887][  0]LogSlate: Took 0.000300 seconds to synchronously load lazily loaded font '../../../Engine/Content/Slate/Fonts/Roboto-Bold.ttf' (160K)
[2017.07.13-13.29.13:894][  0]LogSlate: Took 0.000179 seconds to synchronously load lazily loaded font '../../../Engine/Content/Editor/Slate/Fonts/FontAwesome.ttf' (139K)
[2017.07.13-13.29.14:030][  0]LogRenderer: Reallocating scene render targets to support 896x504 NumSamples 1 (Frame:1).
[2017.07.13-13.29.14:128][  0]LogUObjectGlobals:Warning: Failed to find object 'Class None.'
[2017.07.13-13.29.14:192][  0]LogContentBrowser: Native class hierarchy updated for 'HierarchicalLODOutliner' in 0.0006 seconds. Added 1 classes and 2 folders.
[2017.07.13-13.29.14:192][  0]LogLoad: (Engine Initialization) Total time: 17.72 seconds
[2017.07.13-13.29.14:192][  0]LogLoad: (Engine Initialization) Total Blueprint compile time: 0.04 seconds
[2017.07.13-13.29.14:192][  0]LogExternalProfiler: Found external profiler: VSPerf
[2017.07.13-13.29.14:192][  0]LogExternalProfiler: Using external profiler: VSPerf
[2017.07.13-13.29.14:213][  0]LogOcInput: OculusInput pre-init called
[2017.07.13-13.29.14:213][  0]LogHMD: Starting GearVRController plugin
[2017.07.13-13.29.14:229][  0]LogContentStreaming: Texture pool size now 1000 MB
[2017.07.13-13.29.14:244][  0]LogSlate: Took 0.000102 seconds to synchronously load lazily loaded font '../../../Engine/Content/Slate/Fonts/Roboto-Light.ttf' (159K)
[2017.07.13-13.29.14:260][  1]LogAssetRegistry: Asset discovery search completed in 9.9612 seconds
[2017.07.13-13.29.14:261][  1]LogCollectionManager: Rebuilt the object cache for 0 collections in 0.000001 seconds (found 0 objects)
[2017.07.13-13.29.14:261][  1]LogCollectionManager: Fixed up redirectors for 0 collections in 0.000021 seconds (updated 0 objects)
[2017.07.13-13.29.15:226][ 57]LogSlate: Took 0.000135 seconds to synchronously load lazily loaded font '../../../Engine/Content/Slate/Fonts/Roboto-Light.ttf' (159K)
[2017.07.13-13.29.17:580][198]LogSlate: Took 0.000207 seconds to synchronously load lazily loaded font '../../../Engine/Content/Slate/Fonts/Roboto-Light.ttf' (159K)
[2017.07.13-13.29.18:019][198]LogAIModule: Creating AISystem for world FOTWO01
[2017.07.13-13.29.18:047][198]Cmd: MAP LOAD FILE="../../../../../../Unreal/FOTWO/source/FOTWO02/Content/2DSideScrollerBP/Maps/FOTWO01.umap" TEMPLATE=0 SHOWPROGRESS=1 FEATURELEVEL=3
[2017.07.13-13.29.18:047][198]LightingResults: New page: Lighting Build
[2017.07.13-13.29.18:090][198]LogContentBrowser: Native class hierarchy updated for 'StatsViewer' in 0.0005 seconds. Added 5 classes and 0 folders.
[2017.07.13-13.29.18:090][198]LoadErrors: New page: Loading map: FOTWO01.umap
[2017.07.13-13.29.18:091][198]MapCheck: New page: Map Check
[2017.07.13-13.29.18:091][198]LightingResults: New page: Lighting Build
[2017.07.13-13.29.18:153][198]LogEditorServer: Finished looking for orphan Actors (0.000 secs)
[2017.07.13-13.29.18:189][198]Cmd: MAP CHECKDEP NOCLEARLOG
[2017.07.13-13.29.18:232][198]MapCheck: Info Map check complete: 0 Error(s), 0 Warning(s), took 43.215ms to complete.
[2017.07.13-13.29.18:233][198]LogFileHelpers: Loading map 'FOTWO01' took 0.187
[2017.07.13-13.29.22:665][439]LogContentBrowser: Native class hierarchy updated for 'BlueprintGraph' in 0.0009 seconds. Added 112 classes and 0 folders.
[2017.07.13-13.29.23:292][439]LogSlate: Took 0.000121 seconds to synchronously load lazily loaded font '../../../Engine/Content/Editor/Slate/Fonts/Roboto-BoldCondensed.ttf' (158K)
[2017.07.13-13.29.32:901][997]LogConsoleManager:Warning: Performance warning: Console object named 'r.DebugSafeZone.Mode' shows many (500) FindConsoleObject() calls (consider caching e.g. using static)
[2017.07.13-13.29.40:832][425]LogSlate: Took 0.002347 seconds to synchronously load lazily loaded font '../../../Engine/Content/Slate/Fonts/DroidSansFallback.ttf' (3848K)
[2017.07.13-13.30.51:303][321]BlueprintLog: New page: Compile MainHUD
[2017.07.13-13.30.51:535][321]BlueprintEditorCompileResults: Info Fast Template Successfully Created.
[2017.07.13-13.30.52:634][342]LogSavePackage: Save=606.31ms
[2017.07.13-13.30.52:634][342]LogSavePackage: Moving '../../../../../../Unreal/FOTWO/source/FOTWO02/Saved/MainHUD54D844374B2E2FCBBD665DBB745C1B2E.tmp' to '../../../../../../Unreal/FOTWO/source/FOTWO02/Content/2DSideScrollerBP/Blueprints/User_Interface/MainHUD.uasset'
[2017.07.13-13.30.52:636][342]LogSavePackage:Display: Finished SavePackage ../../../../../../Unreal/FOTWO/source/FOTWO02/Content/2DSideScrollerBP/Blueprints/User_Interface/MainHUD.uasset
[2017.07.13-13.30.55:262][496]LogTemp: Repeting last play command: Selected Viewport
[2017.07.13-13.30.55:303][496]LogBlueprintUserMessages: Early PlayInEditor Detection: Level '/Game/2DSideScrollerBP/Maps/FOTWO01.FOTWO01:PersistentLevel' has LevelScriptBlueprint '/Game/2DSideScrollerBP/Maps/FOTWO01.FOTWO01:PersistentLevel.FOTWO01' with GeneratedClass '/Game/2DSideScrollerBP/Maps/FOTWO01.FOTWO01_C' with ClassGeneratedBy '/Game/2DSideScrollerBP/Maps/FOTWO01.FOTWO01:PersistentLevel.FOTWO01'
[2017.07.13-13.30.55:303][496]LogPlayLevel: PlayLevel: No blueprints needed recompiling
[2017.07.13-13.30.55:303][496]PIE: New page: PIE session: FOTWO01 (13 Jul 2017 17:30:55)
[2017.07.13-13.30.55:303][496]LogPlayLevel: Creating play world package: /Game/2DSideScrollerBP/Maps/UEDPIE_0_FOTWO01
[2017.07.13-13.30.55:304][496]LogPlayLevel: PIE: StaticDuplicateObject took: (0.001169s)
[2017.07.13-13.30.55:304][496]LogAIModule: Creating AISystem for world FOTWO01
[2017.07.13-13.30.55:305][496]LogPlayLevel: PIE: World Init took: (0.000466s)
[2017.07.13-13.30.55:305][496]LogPlayLevel: PIE: Created PIE world by copying editor world from /Game/2DSideScrollerBP/Maps/FOTWO01.FOTWO01 to /Game/2DSideScrollerBP/Maps/UEDPIE_0_FOTWO01.FOTWO01 (0.001771s)
[2017.07.13-13.30.55:321][496]LogInit: XAudio2 using 'Headset Earphone (3- Microsoft LifeChat LX-3000)' : 2 channels at 48 kHz using 16 bits per sample (channel mask 0x3)
[2017.07.13-13.30.55:326][496]LogInit: FAudioDevice initialized.
[2017.07.13-13.30.55:369][496]LogLoad: Game class is 'FOTWOGameMode_C'
[2017.07.13-13.30.55:372][496]LogWorld: Bringing World /Game/2DSideScrollerBP/Maps/UEDPIE_0_FOTWO01.FOTWO01 up for play (max tick rate 60) at 2017.07.13-15.30.55
[2017.07.13-13.30.55:372][496]LogWorld: Bringing up level for play took: 0.001094
[2017.07.13-13.30.55:412][496]LogContentBrowser: Native class hierarchy updated for 'MovieSceneCapture' in 0.0007 seconds. Added 11 classes and 0 folders.
[2017.07.13-13.30.55:423][496]PIE: Info Play in editor start time for /Game/2DSideScrollerBP/Maps/UEDPIE_0_FOTWO01 -0.249
[2017.07.13-13.30.55:423][496]LogBlueprintUserMessages: Late PlayInEditor Detection: Level '/Game/2DSideScrollerBP/Maps/FOTWO01.FOTWO01:PersistentLevel' has LevelScriptBlueprint '/Game/2DSideScrollerBP/Maps/FOTWO01.FOTWO01:PersistentLevel.FOTWO01' with GeneratedClass '/Game/2DSideScrollerBP/Maps/FOTWO01.FOTWO01_C' with ClassGeneratedBy '/Game/2DSideScrollerBP/Maps/FOTWO01.FOTWO01:PersistentLevel.FOTWO01'
[2017.07.13-13.31.00:101][775]LogBlueprintUserMessages: Early EndPlayMap Detection: Level '/Game/2DSideScrollerBP/Maps/FOTWO01.FOTWO01:PersistentLevel' has LevelScriptBlueprint '/Game/2DSideScrollerBP/Maps/FOTWO01.FOTWO01:PersistentLevel.FOTWO01' with GeneratedClass '/Game/2DSideScrollerBP/Maps/FOTWO01.FOTWO01_C' with ClassGeneratedBy '/Game/2DSideScrollerBP/Maps/FOTWO01.FOTWO01:PersistentLevel.FOTWO01'
[2017.07.13-13.31.00:143][775]LogBlueprintUserMessages: Late EndPlayMap Detection: Level '/Game/2DSideScrollerBP/Maps/FOTWO01.FOTWO01:PersistentLevel' has LevelScriptBlueprint '/Game/2DSideScrollerBP/Maps/FOTWO01.FOTWO01:PersistentLevel.FOTWO01' with GeneratedClass '/Game/2DSideScrollerBP/Maps/FOTWO01.FOTWO01_C' with ClassGeneratedBy '/Game/2DSideScrollerBP/Maps/FOTWO01.FOTWO01:PersistentLevel.FOTWO01'
[2017.07.13-13.31.08:134][215]BlueprintLog: New page: Compile MainHUD
[2017.07.13-13.31.08:361][215]BlueprintEditorCompileResults: Info Fast Template Successfully Created.
[2017.07.13-13.31.09:591][247]LogSavePackage: Save=570.66ms
[2017.07.13-13.31.09:591][247]LogSavePackage: Moving '../../../../../../Unreal/FOTWO/source/FOTWO02/Saved/MainHUDA2C037FE4741213D3FD13D85D4F97EDE.tmp' to '../../../../../../Unreal/FOTWO/source/FOTWO02/Content/2DSideScrollerBP/Blueprints/User_Interface/MainHUD.uasset'
[2017.07.13-13.31.09:594][247]LogSavePackage:Display: Finished SavePackage ../../../../../../Unreal/FOTWO/source/FOTWO02/Content/2DSideScrollerBP/Blueprints/User_Interface/MainHUD.uasset
[2017.07.13-13.31.41:685][994]LogEditorTransaction: Undo Edit Bottom
[2017.07.13-13.31.43:711][ 97]LogEditorTransaction: Undo Edit Right
[2017.07.13-13.31.47:570][318]LogEditorTransaction: Undo Edit Margin
[2017.07.13-13.31.48:938][391]LogEditorTransaction: Undo Edit Left
[2017.07.13-13.31.50:165][460]LogEditorTransaction: Undo Edit Top
[2017.07.13-13.31.51:116][510]LogEditorTransaction: Undo Edit Margin
[2017.07.13-13.31.52:328][578]LogEditorTransaction: Undo Edit Margin
[2017.07.13-13.31.53:420][639]LogEditorTransaction: Undo Edit Margin
[2017.07.13-13.31.54:698][711]LogEditorTransaction: Undo Set scene fixed frame interval
[2017.07.13-13.31.57:836][897]LogEditorTransaction: Undo Clicking on Actors
[2017.07.13-13.32.04:259][274]BlueprintLog: New page: Compile MainHUD
[2017.07.13-13.32.04:480][274]BlueprintEditorCompileResults: Info Fast Template Successfully Created.
[2017.07.13-13.32.05:851][315]LogSavePackage: Save=586.23ms
[2017.07.13-13.32.05:851][315]LogSavePackage: Moving '../../../../../../Unreal/FOTWO/source/FOTWO02/Saved/MainHUD32B64B5740FB42CEF96D5685DAB45A4B.tmp' to '../../../../../../Unreal/FOTWO/source/FOTWO02/Content/2DSideScrollerBP/Blueprints/User_Interface/MainHUD.uasset'
[2017.07.13-13.32.05:853][315]LogSavePackage:Display: Finished SavePackage ../../../../../../Unreal/FOTWO/source/FOTWO02/Content/2DSideScrollerBP/Blueprints/User_Interface/MainHUD.uasset
[2017.07.13-13.32.46:580][605]LogRenderer: Reallocating scene render targets to support 1220x704 NumSamples 1 (Frame:1).
[2017.07.13-13.33.12:795][153]LogContentBrowser: Native class hierarchy updated for 'TextureEditor' in 0.0005 seconds. Added 1 classes and 2 folders.
[2017.07.13-13.33.21:262][636]LogTexture:Display: Building textures: Earth_Texture (AutoDXT, 2048X1024)
[2017.07.13-13.33.28:607][991]LogTexture:Display: Building textures: Earth_Texture (AutoDXT, 2048X1024)
[2017.07.13-13.33.31:816][111]Cmd: OBJ SAVEPACKAGE PACKAGE="/Game/2DSideScroller/Textures/Earth_Texture" FILE="../../../../../../Unreal/FOTWO/source/FOTWO02/Content/2DSideScroller/Textures/Earth_Texture.uasset" SILENT=true
[2017.07.13-13.33.31:918][111]LogSavePackage: Save=42.30ms
[2017.07.13-13.33.31:918][111]LogSavePackage: Moving '../../../../../../Unreal/FOTWO/source/FOTWO02/Saved/Earth_Texture759460A14CF4B492766D628B1833DAFB.tmp' to '../../../../../../Unreal/FOTWO/source/FOTWO02/Content/2DSideScroller/Textures/Earth_Texture.uasset'
[2017.07.13-13.33.31:920][111]LogSavePackage:Display: Finished SavePackage ../../../../../../Unreal/FOTWO/source/FOTWO02/Content/2DSideScroller/Textures/Earth_Texture.uasset
[2017.07.13-13.33.35:036][295]LogEditorViewport: Clicking on Actor (LMB): PaperSpriteActor (Background_Sprite)
[2017.07.13-13.33.43:389][788]LogTemp: Repeting last play command: Selected Viewport
[2017.07.13-13.33.43:407][788]LogBlueprintUserMessages: Early PlayInEditor Detection: Level '/Game/2DSideScrollerBP/Maps/FOTWO01.FOTWO01:PersistentLevel' has LevelScriptBlueprint '/Game/2DSideScrollerBP/Maps/FOTWO01.FOTWO01:PersistentLevel.FOTWO01' with GeneratedClass '/Game/2DSideScrollerBP/Maps/FOTWO01.FOTWO01_C' with ClassGeneratedBy '/Game/2DSideScrollerBP/Maps/FOTWO01.FOTWO01:PersistentLevel.FOTWO01'
[2017.07.13-13.33.43:407][788]LogPlayLevel: PlayLevel: No blueprints needed recompiling
[2017.07.13-13.33.43:407][788]PIE: New page: PIE session: FOTWO01 (13 Jul 2017 17:33:43)
[2017.07.13-13.33.43:407][788]LogPlayLevel: Creating play world package: /Game/2DSideScrollerBP/Maps/UEDPIE_0_FOTWO01
[2017.07.13-13.33.43:409][788]LogPlayLevel: PIE: StaticDuplicateObject took: (0.001492s)
[2017.07.13-13.33.43:409][788]LogAIModule: Creating AISystem for world FOTWO01
[2017.07.13-13.33.43:409][788]LogPlayLevel: PIE: World Init took: (0.000476s)
[2017.07.13-13.33.43:409][788]LogPlayLevel: PIE: Created PIE world by copying editor world from /Game/2DSideScrollerBP/Maps/FOTWO01.FOTWO01 to /Game/2DSideScrollerBP/Maps/UEDPIE_0_FOTWO01.FOTWO01 (0.002145s)
[2017.07.13-13.33.43:435][788]LogInit: XAudio2 using 'Headset Earphone (3- Microsoft LifeChat LX-3000)' : 2 channels at 48 kHz using 16 bits per sample (channel mask 0x3)
[2017.07.13-13.33.43:440][788]LogInit: FAudioDevice initialized.
[2017.07.13-13.33.43:470][788]LogLoad: Game class is 'FOTWOGameMode_C'
[2017.07.13-13.33.43:472][788]LogWorld: Bringing World /Game/2DSideScrollerBP/Maps/UEDPIE_0_FOTWO01.FOTWO01 up for play (max tick rate 60) at 2017.07.13-15.33.43
[2017.07.13-13.33.43:472][788]LogWorld: Bringing up level for play took: 0.000883
[2017.07.13-13.33.43:482][788]PIE: Info Play in editor start time for /Game/2DSideScrollerBP/Maps/UEDPIE_0_FOTWO01 -0.19
[2017.07.13-13.33.43:483][788]LogBlueprintUserMessages: Late PlayInEditor Detection: Level '/Game/2DSideScrollerBP/Maps/FOTWO01.FOTWO01:PersistentLevel' has LevelScriptBlueprint '/Game/2DSideScrollerBP/Maps/FOTWO01.FOTWO01:PersistentLevel.FOTWO01' with GeneratedClass '/Game/2DSideScrollerBP/Maps/FOTWO01.FOTWO01_C' with ClassGeneratedBy '/Game/2DSideScrollerBP/Maps/FOTWO01.FOTWO01:PersistentLevel.FOTWO01'
[2017.07.13-13.34.43:594][784]LogBlueprintUserMessages: Early EndPlayMap Detection: Level '/Game/2DSideScrollerBP/Maps/FOTWO01.FOTWO01:PersistentLevel' has LevelScriptBlueprint '/Game/2DSideScrollerBP/Maps/FOTWO01.FOTWO01:PersistentLevel.FOTWO01' with GeneratedClass '/Game/2DSideScrollerBP/Maps/FOTWO01.FOTWO01_C' with ClassGeneratedBy '/Game/2DSideScrollerBP/Maps/FOTWO01.FOTWO01:PersistentLevel.FOTWO01'
[2017.07.13-13.34.43:640][784]LogBlueprintUserMessages: Late EndPlayMap Detection: Level '/Game/2DSideScrollerBP/Maps/FOTWO01.FOTWO01:PersistentLevel' has LevelScriptBlueprint '/Game/2DSideScrollerBP/Maps/FOTWO01.FOTWO01:PersistentLevel.FOTWO01' with GeneratedClass '/Game/2DSideScrollerBP/Maps/FOTWO01.FOTWO01_C' with ClassGeneratedBy '/Game/2DSideScrollerBP/Maps/FOTWO01.FOTWO01:PersistentLevel.FOTWO01'
[2017.07.13-13.35.52:133][594]BlueprintLog: New page: Compile MainHUD
[2017.07.13-13.35.52:346][594]BlueprintEditorCompileResults: Info Fast Template Successfully Created.
[2017.07.13-13.40.23:523][698]LogFileHelpers: Editor autosave (incl. sublevels) for '/Game/2DSideScrollerBP/Maps/FOTWO01' took 0.017
[2017.07.13-13.40.23:525][698]OBJ SavePackage: Generating thumbnails for [0] asset(s) in package [/Game/2DSideScrollerBP/Blueprints/User_Interface/MainHUD] ([1] browsable assets)...
[2017.07.13-13.40.23:525][698]OBJ SavePackage: Finished generating thumbnails for package [/Game/2DSideScrollerBP/Blueprints/User_Interface/MainHUD]
[2017.07.13-13.40.24:198][698]LogSavePackage: Save=612.62ms
[2017.07.13-13.40.24:198][698]LogSavePackage: Moving '../../../../../../Unreal/FOTWO/source/FOTWO02/Saved/MainHUD_Auto1DEEBE83D4E1F2D1444A622846F7EBB70.tmp' to '../../../../../../Unreal/FOTWO/source/FOTWO02/Saved/Autosaves/Game/2DSideScrollerBP/Blueprints/User_Interface/MainHUD_Auto1.uasset'
[2017.07.13-13.40.24:200][698]LogSavePackage:Display: Finished SavePackage ../../../../../../Unreal/FOTWO/source/FOTWO02/Saved/Autosaves/Game/2DSideScrollerBP/Blueprints/User_Interface/MainHUD_Auto1.uasset
[2017.07.13-13.40.24:200][698]LogFileHelpers: Auto-saving content packages took 0.676
[2017.07.13-13.40.24:201][698]LogSlate: Took 0.000105 seconds to synchronously load lazily loaded font '../../../Engine/Content/Slate/Fonts/Roboto-Regular.ttf' (155K)
[2017.07.13-13.51.56:321][776]LogAudio:Warning: Current Audio Device with ID {0.0.0.00000000}.{10809ba4-e742-4c6b-a2a6-a08586ea511a} was removed. Shutting down audio device.
[2017.07.13-13.53.04:315][979]LogRenderer: Reallocating scene render targets to support 1500x960 NumSamples 1 (Frame:55).
[2017.07.13-14.10.02:191][190]BlueprintLog: New page: Compile MainHUD
[2017.07.13-14.10.02:395][190]BlueprintEditorCompileResults: Info Fast Template Successfully Created.
[2017.07.13-14.10.03:606][225]LogSavePackage: Save=559.46ms
[2017.07.13-14.10.03:606][225]LogSavePackage: Moving '../../../../../../Unreal/FOTWO/source/FOTWO02/Saved/MainHUD471002D74BA3D0D6137C5CAA01C348B5.tmp' to '../../../../../../Unreal/FOTWO/source/FOTWO02/Content/2DSideScrollerBP/Blueprints/User_Interface/MainHUD.uasset'
[2017.07.13-14.10.03:611][225]LogSavePackage:Display: Finished SavePackage ../../../../../../Unreal/FOTWO/source/FOTWO02/Content/2DSideScrollerBP/Blueprints/User_Interface/MainHUD.uasset
[2017.07.13-14.11.25:903][344]LogFileHelpers: Editor autosave (incl. sublevels) for '/Game/2DSideScrollerBP/Maps/FOTWO01' took 0.018
[2017.07.13-14.11.25:905][344]OBJ SavePackage: Generating thumbnails for [0] asset(s) in package [/Game/2DSideScrollerBP/Blueprints/User_Interface/MainHUD] ([1] browsable assets)...
[2017.07.13-14.11.25:905][344]OBJ SavePackage: Finished generating thumbnails for package [/Game/2DSideScrollerBP/Blueprints/User_Interface/MainHUD]
[2017.07.13-14.11.26:473][344]LogSavePackage: Save=515.79ms
[2017.07.13-14.11.26:473][344]LogSavePackage: Moving '../../../../../../Unreal/FOTWO/source/FOTWO02/Saved/MainHUD_Auto2FED2C56A46D556F929F8858C19703CEF.tmp' to '../../../../../../Unreal/FOTWO/source/FOTWO02/Saved/Autosaves/Game/2DSideScrollerBP/Blueprints/User_Interface/MainHUD_Auto2.uasset'
[2017.07.13-14.11.26:475][344]LogSavePackage:Display: Finished SavePackage ../../../../../../Unreal/FOTWO/source/FOTWO02/Saved/Autosaves/Game/2DSideScrollerBP/Blueprints/User_Interface/MainHUD_Auto2.uasset
[2017.07.13-14.11.26:475][344]LogFileHelpers: Auto-saving content packages took 0.571
[2017.07.13-14.16.41:667][535]LogEditorTransaction: Undo Edit Horizontal Alignment
[2017.07.13-14.16.43:097][622]LogEditorTransaction: Undo Edit Horizontal Alignment
[2017.07.13-14.16.43:621][654]LogEditorTransaction: Undo Edit Horizontal Alignment
[2017.07.13-14.16.44:005][675]LogEditorTransaction: Undo Edit Horizontal Alignment
[2017.07.13-14.16.44:427][700]LogEditorTransaction: Undo Move Widget
[2017.07.13-14.16.45:778][786]LogEditorTransaction: Undo Move Widget
[2017.07.13-14.16.48:971][985]LogEditorTransaction: Undo Move Widget
[2017.07.13-14.16.49:740][ 23]LogEditorTransaction: Undo Move Widget
[2017.07.13-14.16.50:484][ 64]LogEditorTransaction: Undo Move Widget
[2017.07.13-14.20.14:780][283]BlueprintLog: New page: Compile MainHUD
[2017.07.13-14.20.15:053][283]BlueprintEditorCompileResults: Info Fast Template Successfully Created.
[2017.07.13-14.20.16:612][344]LogSavePackage: Save=593.87ms
[2017.07.13-14.20.16:612][344]LogSavePackage: Moving '../../../../../../Unreal/FOTWO/source/FOTWO02/Saved/MainHUD3F0717D64DB2B4E23F1A4F880C49713E.tmp' to '../../../../../../Unreal/FOTWO/source/FOTWO02/Content/2DSideScrollerBP/Blueprints/User_Interface/MainHUD.uasset'
[2017.07.13-14.20.16:614][344]LogSavePackage:Display: Finished SavePackage ../../../../../../Unreal/FOTWO/source/FOTWO02/Content/2DSideScrollerBP/Blueprints/User_Interface/MainHUD.uasset
[2017.07.13-14.20.19:576][655]LogTemp: Repeting last play command: Selected Viewport
[2017.07.13-14.20.19:595][655]LogBlueprintUserMessages: Early PlayInEditor Detection: Level '/Game/2DSideScrollerBP/Maps/FOTWO01.FOTWO01:PersistentLevel' has LevelScriptBlueprint '/Game/2DSideScrollerBP/Maps/FOTWO01.FOTWO01:PersistentLevel.FOTWO01' with GeneratedClass '/Game/2DSideScrollerBP/Maps/FOTWO01.FOTWO01_C' with ClassGeneratedBy '/Game/2DSideScrollerBP/Maps/FOTWO01.FOTWO01:PersistentLevel.FOTWO01'
[2017.07.13-14.20.19:595][655]LogPlayLevel: PlayLevel: No blueprints needed recompiling
[2017.07.13-14.20.19:595][655]PIE: New page: PIE session: FOTWO01 (13 Jul 2017 18:20:19)
[2017.07.13-14.20.19:595][655]LogPlayLevel: Creating play world package: /Game/2DSideScrollerBP/Maps/UEDPIE_0_FOTWO01
[2017.07.13-14.20.19:596][655]LogPlayLevel: PIE: StaticDuplicateObject took: (0.001340s)
[2017.07.13-14.20.19:597][655]LogAIModule: Creating AISystem for world FOTWO01
[2017.07.13-14.20.19:597][655]LogPlayLevel: PIE: World Init took: (0.000731s)
[2017.07.13-14.20.19:597][655]LogPlayLevel: PIE: Created PIE world by copying editor world from /Game/2DSideScrollerBP/Maps/FOTWO01.FOTWO01 to /Game/2DSideScrollerBP/Maps/UEDPIE_0_FOTWO01.FOTWO01 (0.002277s)
[2017.07.13-14.20.19:616][655]LogInit: XAudio2 using 'Headset Earphone (3- Microsoft LifeChat LX-3000)' : 2 channels at 48 kHz using 16 bits per sample (channel mask 0x3)
[2017.07.13-14.20.19:626][655]LogInit: FAudioDevice initialized.
[2017.07.13-14.20.19:661][655]LogLoad: Game class is 'FOTWOGameMode_C'
[2017.07.13-14.20.19:666][655]LogWorld: Bringing World /Game/2DSideScrollerBP/Maps/UEDPIE_0_FOTWO01.FOTWO01 up for play (max tick rate 0) at 2017.07.13-16.20.19
[2017.07.13-14.20.19:666][655]LogWorld: Bringing up level for play took: 0.002261
[2017.07.13-14.20.19:694][655]PIE: Info Play in editor start time for /Game/2DSideScrollerBP/Maps/UEDPIE_0_FOTWO01 0.021
[2017.07.13-14.20.19:694][655]LogBlueprintUserMessages: Late PlayInEditor Detection: Level '/Game/2DSideScrollerBP/Maps/FOTWO01.FOTWO01:PersistentLevel' has LevelScriptBlueprint '/Game/2DSideScrollerBP/Maps/FOTWO01.FOTWO01:PersistentLevel.FOTWO01' with GeneratedClass '/Game/2DSideScrollerBP/Maps/FOTWO01.FOTWO01_C' with ClassGeneratedBy '/Game/2DSideScrollerBP/Maps/FOTWO01.FOTWO01:PersistentLevel.FOTWO01'
[2017.07.13-14.20.24:885][270]LogRenderer: Reallocating scene render targets to support 1504x960 NumSamples 1 (Frame:611).
[2017.07.13-14.20.24:919][271]LogRenderer: Reallocating scene render targets to support 1512x960 NumSamples 1 (Frame:612).
[2017.07.13-14.20.24:953][272]LogRenderer: Reallocating scene render targets to support 1528x960 NumSamples 1 (Frame:613).
[2017.07.13-14.20.25:008][273]LogRenderer: Reallocating scene render targets to support 1548x960 NumSamples 1 (Frame:614).
[2017.07.13-14.20.25:083][274]LogRenderer: Reallocating scene render targets to support 1560x960 NumSamples 1 (Frame:615).
[2017.07.13-14.20.25:153][275]LogRenderer: Reallocating scene render targets to support 1564x960 NumSamples 1 (Frame:616).
[2017.07.13-14.20.25:269][277]LogRenderer: Reallocating scene render targets to support 1612x960 NumSamples 1 (Frame:618).
[2017.07.13-14.20.25:356][278]LogRenderer: Reallocating scene render targets to support 1628x960 NumSamples 1 (Frame:619).
[2017.07.13-14.20.25:425][279]LogRenderer: Reallocating scene render targets to support 1632x960 NumSamples 1 (Frame:620).
[2017.07.13-14.20.25:474][280]LogRenderer: Reallocating scene render targets to support 1648x960 NumSamples 1 (Frame:621).
[2017.07.13-14.20.25:552][281]LogRenderer: Reallocating scene render targets to support 1684x960 NumSamples 1 (Frame:622).
[2017.07.13-14.20.25:641][282]LogRenderer: Reallocating scene render targets to support 1700x960 NumSamples 1 (Frame:623).
[2017.07.13-14.21.05:093][886]Cmd: SELECT NONE
[2017.07.13-14.21.07:198][138]LogBlueprintUserMessages: Early EndPlayMap Detection: Level '/Game/2DSideScrollerBP/Maps/FOTWO01.FOTWO01:PersistentLevel' has LevelScriptBlueprint '/Game/2DSideScrollerBP/Maps/FOTWO01.FOTWO01:PersistentLevel.FOTWO01' with GeneratedClass '/Game/2DSideScrollerBP/Maps/FOTWO01.FOTWO01_C' with ClassGeneratedBy '/Game/2DSideScrollerBP/Maps/FOTWO01.FOTWO01:PersistentLevel.FOTWO01'
[2017.07.13-14.21.07:272][138]LogBlueprintUserMessages: Late EndPlayMap Detection: Level '/Game/2DSideScrollerBP/Maps/FOTWO01.FOTWO01:PersistentLevel' has LevelScriptBlueprint '/Game/2DSideScrollerBP/Maps/FOTWO01.FOTWO01:PersistentLevel.FOTWO01' with GeneratedClass '/Game/2DSideScrollerBP/Maps/FOTWO01.FOTWO01_C' with ClassGeneratedBy '/Game/2DSideScrollerBP/Maps/FOTWO01.FOTWO01:PersistentLevel.FOTWO01'
