Log file open, 08/18/17 11:34:34
LogInit:Display: Running engine for game: FOTWO02
LogPlatformFile: Not using cached read wrapper
LogInit:Display: RandInit(-1691642234) SRandInit(-1691642233).
LogTaskGraph: Started task graph with 5 named threads and 8 total threads with 1 sets of task threads.
LogStats: Stats thread started at 0.898644
LogInit: Using libcurl 7.47.1
LogInit:  - built for x86_64-pc-win32
LogInit:  - supports SSL with OpenSSL/1.0.2g
LogInit:  - supports HTTP deflate (compression) using libz 1.2.8
LogInit:  - other features:
LogInit:      CURL_VERSION_SSL
LogInit:      CURL_VERSION_LIBZ
LogInit:      CURL_VERSION_IPV6
LogInit:      CURL_VERSION_ASYNCHDNS
LogInit:      CURL_VERSION_LARGEFILE
LogInit:      CURL_VERSION_IDN
LogInit:  CurlRequestOptions (configurable via config and command line):
LogInit:  - bVerifyPeer = false  - Libcurl will NOT verify peer certificate
LogInit:  - bUseHttpProxy = false  - Libcurl will NOT use HTTP proxy
LogInit:  - bDontReuseConnections = false  - Libcurl will reuse connections
LogInit:  - CertBundlePath = nullptr  - Libcurl will use whatever was configured at build time.
LogInit: Build: ++UE4+Release-4.16-CL-3561208
LogInit: Engine Version: 4.16.3-3561208+++UE4+Release-4.16
LogInit: Compatible Engine Version: 4.16.0-3452394+++UE4+Release-4.16
LogInit: Net CL: 3452394
LogDevObjectVersion: Number of dev versions registered: 16
LogDevObjectVersion:   Dev-Blueprints (B0D832E4-1F89-4F0D-ACCF-7EB736FD4AA2): 9
LogDevObjectVersion:   Dev-Build (E1C64328-A22C-4D53-A36C-8E866417BD8C): 0
LogDevObjectVersion:   Dev-Core (375EC13C-06E4-48FB-B500-84F0262A717E): 2
LogDevObjectVersion:   Dev-Editor (E4B068ED-F494-42E9-A231-DA0B2E46BB41): 17
LogDevObjectVersion:   Dev-Framework (CFFC743F-43B0-4480-9391-14DF171D2073): 23
LogDevObjectVersion:   Dev-Mobile (B02B49B5-BB20-44E9-A304-32B752E40360): 0
LogDevObjectVersion:   Dev-Networking (A4E4105C-59A1-49B5-A7C5-40C4547EDFEE): 0
LogDevObjectVersion:   Dev-Online (39C831C9-5AE6-47DC-9A44-9C173E1C8E7C): 0
LogDevObjectVersion:   Dev-Physics (78F01B33-EBEA-4F98-B9B4-84EACCB95AA2): 0
LogDevObjectVersion:   Dev-Platform (6631380F-2D4D-43E0-8009-CF276956A95A): 0
LogDevObjectVersion:   Dev-Rendering (12F88B9F-8875-4AFC-A67C-D90C383ABD29): 15
LogDevObjectVersion:   Dev-Sequencer (7B5AE74C-D270-4C10-A958-57980B212A5A): 4
LogDevObjectVersion:   Dev-VR (D7296918-1DD6-4BDD-9DE2-64A83CC13884): 0
LogDevObjectVersion:   Dev-LoadTimes (C2A15278-BFE7-4AFE-6C17-90FF531DF755): 1
LogDevObjectVersion:   Private-Geometry (6EACA3D4-40EC-4CC1-B786-8BED09428FC5): 1
LogDevObjectVersion:   Dev-AnimPhys (29E575DD-E0A3-4627-9D10-D276232CDCEA): 3
LogInit: Compiled (64-bit): Jul 28 2017 11:49:47
LogInit: Compiled with Visual C++: 19.00.24215.01
LogInit: Build Configuration: Development
LogInit: Branch Name: ++UE4+Release-4.16
LogInit: Command line:  
LogInit: Base directory: C:/Program Files/Epic Games/UE_4.16/Engine/Binaries/Win64/
LogInit: Installed Engine Build: 1
LogInit: Presizing for max 8388607 objects, including 0 objects not considered by GC, pre-allocating 0 bytes for permanent pool.
LogInit: Object subsystem initialized
[2017.08.18-09.34.35:292][  0]LogInit: Selected Device Profile: [Windows]
[2017.08.18-09.34.35:292][  0]LogInit: Applying CVar settings loaded from the selected device profile: [Windows]
[2017.08.18-09.34.35:352][  0]LogInit: Computer: KLAUDE2017ALIEN
[2017.08.18-09.34.35:352][  0]LogInit: User: vonkl
[2017.08.18-09.34.35:352][  0]LogInit: CPU Page size=4096, Cores=4
[2017.08.18-09.34.35:352][  0]LogInit: High frequency timer resolution =2.742194 MHz
[2017.08.18-09.34.35:353][  0]LogMemory: Memory total: Physical=15.9GB (16GB approx)
[2017.08.18-09.34.35:353][  0]LogMemory: Platform Memory Stats for Windows
[2017.08.18-09.34.35:353][  0]LogMemory: Process Physical Memory: 273.94 MB used, 273.94 MB peak
[2017.08.18-09.34.35:353][  0]LogMemory: Process Virtual Memory: 260.97 MB used, 260.97 MB peak
[2017.08.18-09.34.35:353][  0]LogMemory: Physical Memory: 6280.09 MB used,  9976.89 MB free, 16256.98 MB total
[2017.08.18-09.34.35:353][  0]LogMemory: Virtual Memory: 638.49 MB used,  9976.89 MB free, 134217728.00 MB total
[2017.08.18-09.34.35:682][  0]LogInit: Using OS detected language (en-GB).
[2017.08.18-09.34.35:682][  0]LogInit: Using OS detected locale (en-GB).
[2017.08.18-09.34.35:740][  0]LogTextLocalizationManager: No specific localization for 'en-GB' exists, so the 'en' localization will be used.
[2017.08.18-09.34.38:608][  0]LogD3D11RHI: D3D11 adapters:
[2017.08.18-09.34.39:364][  0]LogD3D11RHI:    0. 'NVIDIA GeForce GTX 1060' (Feature Level 11_0)
[2017.08.18-09.34.39:364][  0]LogD3D11RHI:       6084/0/8128 MB DedicatedVideo/DedicatedSystem/SharedSystem, Outputs:2, VendorId:0x10de
[2017.08.18-09.34.39:396][  0]LogD3D11RHI:    1. 'Intel(R) HD Graphics 630' (Feature Level 11_0)
[2017.08.18-09.34.39:396][  0]LogD3D11RHI:       128/0/8128 MB DedicatedVideo/DedicatedSystem/SharedSystem, Outputs:0, VendorId:0x8086
[2017.08.18-09.34.39:401][  0]LogD3D11RHI:    2. 'Microsoft Basic Render Driver' (Feature Level 11_0)
[2017.08.18-09.34.39:401][  0]LogD3D11RHI:       0/0/8128 MB DedicatedVideo/DedicatedSystem/SharedSystem, Outputs:0, VendorId:0x1414
[2017.08.18-09.34.39:401][  0]LogD3D11RHI: Chosen D3D11 Adapter: 0
[2017.08.18-09.34.39:417][  0]LogD3D11RHI: Creating new Direct3DDevice
[2017.08.18-09.34.39:418][  0]LogD3D11RHI:     GPU DeviceId: 0x1c60 (for the marketing name, search the web for "GPU Device Id")
[2017.08.18-09.34.39:418][  0]LogWindows: EnumDisplayDevices:
[2017.08.18-09.34.39:418][  0]LogWindows:    0. 'NVIDIA GeForce GTX 1060' (P:0 D:1)
[2017.08.18-09.34.39:418][  0]LogWindows:    1. 'NVIDIA GeForce GTX 1060' (P:1 D:1)
[2017.08.18-09.34.39:418][  0]LogWindows:    2. 'NVIDIA GeForce GTX 1060' (P:0 D:0)
[2017.08.18-09.34.39:418][  0]LogWindows:    3. 'NVIDIA GeForce GTX 1060' (P:0 D:0)
[2017.08.18-09.34.39:419][  0]LogWindows:    4. 'Intel(R) HD Graphics 630' (P:0 D:0)
[2017.08.18-09.34.39:419][  0]LogWindows:    5. 'Intel(R) HD Graphics 630' (P:0 D:0)
[2017.08.18-09.34.39:419][  0]LogWindows:    6. 'Intel(R) HD Graphics 630' (P:0 D:0)
[2017.08.18-09.34.39:419][  0]LogWindows: DebugString: PrimaryIsNotTheChoosenAdapter PrimaryIsNotTheChoosenAdapter PrimaryIsNotTheChoosenAdapter FoundDriverCount:4 
[2017.08.18-09.34.39:419][  0]LogD3D11RHI:     Adapter Name: NVIDIA GeForce GTX 1060
[2017.08.18-09.34.39:420][  0]LogD3D11RHI:   Driver Version: 382.53 (internal:22.21.13.8253, unified:382.53)
[2017.08.18-09.34.39:420][  0]LogD3D11RHI:      Driver Date: 6-7-2017
[2017.08.18-09.34.39:420][  0]LogRHI: Texture pool is 1361 MB (70% of 1945 MB)
[2017.08.18-09.34.40:038][  0]LogD3D11RHI: Async texture creation enabled
[2017.08.18-09.34.40:092][  0]LogD3D11RHI: GPU Timing Frequency: 1000.000000 (Debug: 2 1)
[2017.08.18-09.34.40:196][  0]LogShaderCompilers: Guid format shader working directory is 0 characters bigger than the processId version (../../../../../../Unreal/FOTWO/source/FOTWO02/Intermediate/Shaders/WorkingDirectory/13468/).
[2017.08.18-09.34.40:196][  0]LogShaderCompilers: Cleaned the shader compiler working directory 'C:/Users/vonkl/AppData/Local/Temp/UnrealShaderWorkingDir/62168E6D4BC35E644E1BC7AA0E6B9A7F/'.
[2017.08.18-09.34.40:197][  0]LogShaderCompilers:Display: Using Local Shader Compiler.
[2017.08.18-09.34.42:373][  0]LogTemp:Display: Loaded TP AllDesktopTargetPlatform
[2017.08.18-09.34.42:438][  0]LogTemp:Display: Loaded TP MacClientTargetPlatform
[2017.08.18-09.34.42:483][  0]LogTemp:Display: Loaded TP MacNoEditorTargetPlatform
[2017.08.18-09.34.42:531][  0]LogTemp:Display: Loaded TP MacServerTargetPlatform
[2017.08.18-09.34.42:583][  0]LogTemp:Display: Loaded TP MacTargetPlatform
[2017.08.18-09.34.42:631][  0]LogTemp:Display: Loaded TP WindowsClientTargetPlatform
[2017.08.18-09.34.42:678][  0]LogTemp:Display: Loaded TP WindowsNoEditorTargetPlatform
[2017.08.18-09.34.42:724][  0]LogTemp:Display: Loaded TP WindowsServerTargetPlatform
[2017.08.18-09.34.42:767][  0]LogTemp:Display: Loaded TP WindowsTargetPlatform
[2017.08.18-09.34.42:816][  0]LogTemp:Display: Loaded TP AndroidTargetPlatform
[2017.08.18-09.34.42:863][  0]LogTemp:Display: Loaded TP Android_ASTCTargetPlatform
[2017.08.18-09.34.42:910][  0]LogTemp:Display: Loaded TP Android_ATCTargetPlatform
[2017.08.18-09.34.42:957][  0]LogTemp:Display: Loaded TP Android_DXTTargetPlatform
[2017.08.18-09.34.43:003][  0]LogTemp:Display: Loaded TP Android_ETC1TargetPlatform
[2017.08.18-09.34.43:048][  0]LogTemp:Display: Loaded TP Android_ETC2TargetPlatform
[2017.08.18-09.34.43:142][  0]LogTemp:Display: Loaded TP Android_MultiTargetPlatform
[2017.08.18-09.34.43:142][  0]LogTemp:Display: Loaded TP Android_PVRTCTargetPlatform
[2017.08.18-09.34.43:180][  0]LogTemp:Display: Loaded TP HTML5TargetPlatform
[2017.08.18-09.34.43:278][  0]LogTemp:Display: Loaded TP IOSTargetPlatform
[2017.08.18-09.34.43:325][  0]LogTemp:Display: Loaded TP TVOSTargetPlatform
[2017.08.18-09.34.43:370][  0]LogTemp:Display: Loaded TP LinuxClientTargetPlatform
[2017.08.18-09.34.43:417][  0]LogTemp:Display: Loaded TP LinuxNoEditorTargetPlatform
[2017.08.18-09.34.43:463][  0]LogTemp:Display: Loaded TP LinuxServerTargetPlatform
[2017.08.18-09.34.43:513][  0]LogTemp:Display: Loaded TP LinuxTargetPlatform
[2017.08.18-09.34.43:513][  0]LogTargetPlatformManager:Display: Building Assets For Windows
[2017.08.18-09.34.44:097][  0]LogDerivedDataCache:Display: Max Cache Size: 512 MB
[2017.08.18-09.34.44:912][  0]LogDerivedDataCache: Loaded boot cache 0.81s 90MB C:/Users/vonkl/AppData/Local/UnrealEngine/4.16/DerivedDataCache/Boot.ddc.
[2017.08.18-09.34.44:912][  0]LogDerivedDataCache:Display: Loaded Boot cache: C:/Users/vonkl/AppData/Local/UnrealEngine/4.16/DerivedDataCache/Boot.ddc
[2017.08.18-09.34.44:912][  0]LogDerivedDataCache: FDerivedDataBackendGraph:  Pak pak cache file ../../../../../../Unreal/FOTWO/source/FOTWO02/DerivedDataCache/DDC.ddp not found, will not use a pak cache.
[2017.08.18-09.34.44:912][  0]LogDerivedDataCache: Unable to find inner node Pak for hierarchical cache Hierarchy.
[2017.08.18-09.34.44:912][  0]LogDerivedDataCache: FDerivedDataBackendGraph:  CompressedPak pak cache file ../../../../../../Unreal/FOTWO/source/FOTWO02/DerivedDataCache/Compressed.ddp not found, will not use a pak cache.
[2017.08.18-09.34.44:912][  0]LogDerivedDataCache: Unable to find inner node CompressedPak for hierarchical cache Hierarchy.
[2017.08.18-09.34.44:937][  0]LogDerivedDataCache:Display: Pak cache opened for reading ../../../Engine/DerivedDataCache/Compressed.ddp.
[2017.08.18-09.34.44:949][  0]LogDerivedDataCache: Using Local data cache path C:/Users/vonkl/AppData/Local/UnrealEngine/Common/DerivedDataCache: Writable
[2017.08.18-09.34.44:962][  0]LogMaterial: Verifying Global Shaders for PCD3D_SM5
[2017.08.18-09.34.44:968][  0]LogSlate: Using Freetype 2.6.0
[2017.08.18-09.34.44:979][  0]LogSlate: SlateFontCache - WITH_FREETYPE: 1, WITH_HARFBUZZ: 1
[2017.08.18-09.34.44:979][  0]LogSlate: SlateFontCache - WITH_FREETYPE: 1, WITH_HARFBUZZ: 1
[2017.08.18-09.34.46:235][  0]LogInit: Selected Device Profile: [Windows]
[2017.08.18-09.34.46:401][  0]LogContentStreaming: Texture pool size is 0.00 MB
[2017.08.18-09.34.46:616][  0]LogMeshUtilities: Using QuadricMeshReduction for automatic static mesh reduction
[2017.08.18-09.34.46:666][  0]LogSimplygon: Simplygon DLL not present - disabling.
[2017.08.18-09.34.46:715][  0]LogMeshUtilities: Using SimplygonSwarm for distributed automatic mesh merging
[2017.08.18-09.34.46:715][  0]LogMeshUtilities: No automatic skeletal mesh reduction module available
[2017.08.18-09.34.46:715][  0]LogMeshUtilities: No automatic mesh merging module available
[2017.08.18-09.34.48:032][  0]LogNetVersion: FOTWO02 , NetCL: 3452394, EngineNetVer: 2, GameNetVer: 0 (Checksum: 2990255715)
[2017.08.18-09.34.48:145][  0]LogAssetRegistry: FAssetRegistry took 0.0281 seconds to start up
[2017.08.18-09.34.48:213][  0]LogPackageLocalizationCache: Processed 4 localized package path(s) for 2 prioritized culture(s) in 0.044763 seconds
[2017.08.18-09.34.48:218][  0]LogUObjectArray: 34194 objects as part of root set at end of initial load.
[2017.08.18-09.34.48:218][  0]LogUObjectAllocator: 7260424 out of 0 bytes used by permanent object pool.
[2017.08.18-09.34.48:218][  0]LogUObjectArray: CloseDisregardForGC: 0/0 objects in disregard for GC pool
[2017.08.18-09.34.48:284][  0]LogInit: WinSock: version 1.1 (2.2), MaxSocks=32767, MaxUdp=65467
[2017.08.18-09.34.53:290][  0]LogTcpMessaging: Initializing TcpMessaging bridge
[2017.08.18-09.34.53:348][  0]LogUdpMessaging: Initializing bridge on interface 0.0.0.0:0 to multicast group 230.0.0.1:6666.
[2017.08.18-09.34.54:014][  0]LogMaterial: Uniform references updated for custom material expression Custom.
[2017.08.18-09.34.54:517][  0]SourceControl: Info Source control is disabled
[2017.08.18-09.34.54:572][  0]SourceControl: Info Source control is disabled
[2017.08.18-09.34.54:627][  0]SourceControl: Info Source control is disabled
[2017.08.18-09.34.54:677][  0]SourceControl: Info Source control is disabled
[2017.08.18-09.34.55:458][  0]LogAndroidPermission: UAndroidPermissionCallbackProxy::GetInstance
[2017.08.18-09.34.56:110][  0]LogEngine: Initializing Engine...
[2017.08.18-09.34.56:112][  0]LogHMD: Failed to initialize OpenVR with code 110
[2017.08.18-09.34.56:454][  0]LogStats: UGameplayTagsManager::ConstructGameplayTagTree: Construct from data asset -  0.000 s
[2017.08.18-09.34.56:454][  0]LogStats: UGameplayTagsManager::ConstructGameplayTagTree: GameplayTagTreeChangedEvent.Broadcast -  0.000 s
[2017.08.18-09.34.56:603][  0]LogAIModule: Creating AISystem for world Untitled
[2017.08.18-09.34.56:623][  0]LogInit: XAudio2 using 'Headset Earphone (3- Microsoft LifeChat LX-3000)' : 2 channels at 48 kHz using 16 bits per sample (channel mask 0x3)
[2017.08.18-09.34.56:636][  0]LogInit: FAudioDevice initialized.
[2017.08.18-09.34.56:677][  0]LogDerivedDataCache: Saved boot cache 0.04s 90MB C:/Users/vonkl/AppData/Local/UnrealEngine/4.16/DerivedDataCache/Boot.ddc.
[2017.08.18-09.34.56:685][  0]LogInit: Texture streaming: Enabled
[2017.08.18-09.34.56:787][  0]LogEngineSessionManager: EngineSessionManager initialized
[2017.08.18-09.34.57:037][  0]LogInit: Transaction tracking system initialized
[2017.08.18-09.34.57:354][  0]BlueprintLog: New page: Editor Load
[2017.08.18-09.34.58:444][  0]LocalizationService: Info Localization service is disabled
[2017.08.18-09.34.59:175][  0]LogConsoleResponse:Display: 
[2017.08.18-09.34.59:547][  0]LogCook:Display: Max memory allowance for cook 16384mb min free memory 0mb
[2017.08.18-09.34.59:547][  0]LogCook:Display: Mobile HDR setting 1
[2017.08.18-09.35.00:108][  0]LogFileCache: Scanning file cache for directory 'C:/Unreal/FOTWO/source/FOTWO02/Content/' took 0.02s
[2017.08.18-09.35.00:694][  0]SourceControl: Info Source control is disabled
[2017.08.18-09.35.00:696][  0]Cmd: MAP LOAD FILE="../../../../../../Unreal/FOTWO/source/FOTWO02/Content/2DSideScrollerBP/Maps/2DSideScrollerExampleMap.umap" TEMPLATE=0 SHOWPROGRESS=1 FEATURELEVEL=3
[2017.08.18-09.35.00:696][  0]LogEditorServer:Warning: Can't find file '../../../../../../Unreal/FOTWO/source/FOTWO02/Content/2DSideScrollerBP/Maps/2DSideScrollerExampleMap.umap'
[2017.08.18-09.35.00:696][  0]Cmd: MAP CHECKDEP NOCLEARLOG
[2017.08.18-09.35.00:733][  0]MapCheck: Info Map check complete: 0 Error(s), 0 Warning(s), took 36.503ms to complete.
[2017.08.18-09.35.00:733][  0]LogFileHelpers: Loading map '2DSideScrollerExampleMap' took 0.038
[2017.08.18-09.35.00:843][  0]LogWindowsTextInputMethodSystem:Display: IME system now deactivated.
[2017.08.18-09.35.00:994][  0]LogCollectionManager: Loaded 0 collections in 0.002509 seconds
[2017.08.18-09.35.01:079][  0]LogFileCache: Scanning file cache for directory 'C:/Unreal/FOTWO/source/FOTWO02/Saved/Collections/' took 0.01s
[2017.08.18-09.35.01:079][  0]LogFileCache: Scanning file cache for directory 'C:/Unreal/FOTWO/source/FOTWO02/Content/Developers/vonkl/Collections/' took 0.02s
[2017.08.18-09.35.01:079][  0]LogFileCache: Scanning file cache for directory 'C:/Unreal/FOTWO/source/FOTWO02/Content/Collections/' took 0.01s
[2017.08.18-09.35.01:079][  0]LogCollectionManager: Rebuilt the GUID cache for 0 collections in 0.000001 seconds
[2017.08.18-09.35.01:090][  0]LogContentBrowser: Native class hierarchy populated in 0.0093 seconds. Added 2329 classes and 491 folders.
[2017.08.18-09.35.01:157][  0]LogContentBrowser: Native class hierarchy updated for 'WidgetCarousel' in 0.0005 seconds. Added 0 classes and 0 folders.
[2017.08.18-09.35.01:537][  0]LogContentBrowser: Native class hierarchy updated for 'AddContentDialog' in 0.0005 seconds. Added 0 classes and 0 folders.
[2017.08.18-09.35.01:603][  0]LogContentBrowser: Native class hierarchy updated for 'SceneOutliner' in 0.0010 seconds. Added 1 classes and 2 folders.
[2017.08.18-09.35.01:850][  0]LogCrashTracker: Crashtracker disabled due to settings.
[2017.08.18-09.35.01:867][  0]LogSlate: Took 0.006345 seconds to synchronously load lazily loaded font '../../../Engine/Content/Slate/Fonts/Roboto-Regular.ttf' (155K)
[2017.08.18-09.35.01:874][  0]LogSlate: Took 0.005726 seconds to synchronously load lazily loaded font '../../../Engine/Content/Slate/Fonts/Roboto-Bold.ttf' (160K)
[2017.08.18-09.35.01:889][  0]LogSlate: Took 0.007275 seconds to synchronously load lazily loaded font '../../../Engine/Content/Editor/Slate/Fonts/FontAwesome.ttf' (139K)
[2017.08.18-09.35.02:045][  0]LogRenderer: Reallocating scene render targets to support 1648x932 NumSamples 1 (Frame:1).
[2017.08.18-09.35.02:206][  0]LogUObjectGlobals:Warning: Failed to find object 'Class None.'
[2017.08.18-09.35.02:321][  0]LogContentBrowser: Native class hierarchy updated for 'HierarchicalLODOutliner' in 0.0010 seconds. Added 1 classes and 2 folders.
[2017.08.18-09.35.02:321][  0]LogLoad: (Engine Initialization) Total time: 30.63 seconds
[2017.08.18-09.35.02:321][  0]LogLoad: (Engine Initialization) Total Blueprint compile time: 0.08 seconds
[2017.08.18-09.35.02:321][  0]LogExternalProfiler: Found external profiler: VSPerf
[2017.08.18-09.35.02:321][  0]LogExternalProfiler: Using external profiler: VSPerf
[2017.08.18-09.35.02:347][  0]LogOcInput: OculusInput pre-init called
[2017.08.18-09.35.02:347][  0]LogHMD: Starting GearVRController plugin
[2017.08.18-09.35.02:374][  0]LogContentStreaming: Texture pool size now 1000 MB
[2017.08.18-09.35.02:504][  2]LogAssetRegistry: Asset discovery search completed in 14.3807 seconds
[2017.08.18-09.35.02:506][  2]LogCollectionManager: Rebuilt the object cache for 0 collections in 0.000000 seconds (found 0 objects)
[2017.08.18-09.35.02:506][  2]LogCollectionManager: Fixed up redirectors for 0 collections in 0.000022 seconds (updated 0 objects)
[2017.08.18-09.35.35:048][952]LogSlate: Took 0.003450 seconds to synchronously load lazily loaded font '../../../Engine/Content/Slate/Fonts/Roboto-Light.ttf' (159K)
[2017.08.18-09.35.36:093][952]LogSlate: Took 0.000105 seconds to synchronously load lazily loaded font '../../../Engine/Content/Slate/Fonts/Roboto-Regular.ttf' (155K)
[2017.08.18-09.35.36:506][952]LogAIModule: Creating AISystem for world FOTWO01
[2017.08.18-09.35.36:556][952]Cmd: MAP LOAD FILE="../../../../../../Unreal/FOTWO/source/FOTWO02/Content/2DSideScrollerBP/Maps/FOTWO01.umap" TEMPLATE=0 SHOWPROGRESS=1 FEATURELEVEL=3
[2017.08.18-09.35.36:556][952]LightingResults: New page: Lighting Build
[2017.08.18-09.35.36:596][952]LogContentBrowser: Native class hierarchy updated for 'StatsViewer' in 0.0010 seconds. Added 5 classes and 0 folders.
[2017.08.18-09.35.36:597][952]LoadErrors: New page: Loading map: FOTWO01.umap
[2017.08.18-09.35.36:598][952]MapCheck: New page: Map Check
[2017.08.18-09.35.36:598][952]LightingResults: New page: Lighting Build
[2017.08.18-09.35.36:678][952]LogEditorServer: Finished looking for orphan Actors (0.000 secs)
[2017.08.18-09.35.36:715][952]Cmd: MAP CHECKDEP NOCLEARLOG
[2017.08.18-09.35.36:757][952]MapCheck: Info Map check complete: 0 Error(s), 0 Warning(s), took 41.68ms to complete.
[2017.08.18-09.35.36:757][952]LogFileHelpers: Loading map 'FOTWO01' took 0.203
[2017.08.18-09.35.42:606][276]LogContentBrowser: Native class hierarchy updated for 'BlueprintGraph' in 0.0008 seconds. Added 112 classes and 0 folders.
[2017.08.18-09.35.43:286][276]LogSlate: Took 0.000108 seconds to synchronously load lazily loaded font '../../../Engine/Content/Slate/Fonts/Roboto-Light.ttf' (159K)
[2017.08.18-09.35.43:290][276]LogSlate: Took 0.003584 seconds to synchronously load lazily loaded font '../../../Engine/Content/Editor/Slate/Fonts/Roboto-BoldCondensed.ttf' (158K)
[2017.08.18-12.39.15:390][419]LogLinker: Can't find file '/Game/2DSideScrollerBP/Blueprints/User_Interface/EventsHeadlines'
[2017.08.18-12.39.15:390][419]LogLinker: Can't find file '/Game/2DSideScrollerBP/Blueprints/User_Interface/EventsHeadlines'
[2017.08.18-12.39.16:107][419]LogSavePackage: Save=466.10ms
[2017.08.18-12.39.16:107][419]LogSavePackage: Moving '../../../../../../Unreal/FOTWO/source/FOTWO02/Saved/EventsHeadlinesA19040FF4AA3986938CAA6B8C24B43BE.tmp' to '../../../../../../Unreal/FOTWO/source/FOTWO02/Content/2DSideScrollerBP/Blueprints/User_Interface/EventsHeadlines.uasset'
[2017.08.18-12.39.16:112][419]LogSavePackage:Display: Finished SavePackage ../../../../../../Unreal/FOTWO/source/FOTWO02/Content/2DSideScrollerBP/Blueprints/User_Interface/EventsHeadlines.uasset
[2017.08.18-12.39.30:653][282]LogLinker: Can't find file '/Game/2DSideScrollerBP/Blueprints/User_Interface/EventsDetail_1'
[2017.08.18-12.39.30:655][282]LogLinker: Can't find file '/Game/2DSideScrollerBP/Blueprints/User_Interface/EventsDetail_1'
[2017.08.18-12.39.31:407][282]LogSavePackage: Save=498.68ms
[2017.08.18-12.39.31:407][282]LogSavePackage: Moving '../../../../../../Unreal/FOTWO/source/FOTWO02/Saved/EventsDetail_186F68AD54E4181EA3DB3BBAAEE8DE34D.tmp' to '../../../../../../Unreal/FOTWO/source/FOTWO02/Content/2DSideScrollerBP/Blueprints/User_Interface/EventsDetail_1.uasset'
[2017.08.18-12.39.31:410][282]LogSavePackage:Display: Finished SavePackage ../../../../../../Unreal/FOTWO/source/FOTWO02/Content/2DSideScrollerBP/Blueprints/User_Interface/EventsDetail_1.uasset
[2017.08.18-12.39.32:740][282]LogSavePackage: Save=510.40ms
[2017.08.18-12.39.32:740][282]LogSavePackage: Moving '../../../../../../Unreal/FOTWO/source/FOTWO02/Saved/EventsHeadlinesAE02E27B463C9CEA1884D1AA7FC3A76C.tmp' to '../../../../../../Unreal/FOTWO/source/FOTWO02/Content/2DSideScrollerBP/Blueprints/User_Interface/EventsHeadlines.uasset'
[2017.08.18-12.39.32:743][282]LogSavePackage:Display: Finished SavePackage ../../../../../../Unreal/FOTWO/source/FOTWO02/Content/2DSideScrollerBP/Blueprints/User_Interface/EventsHeadlines.uasset
[2017.08.18-12.39.32:743][282]LogMetaData: Removing '/Game/2DSideScrollerBP/Blueprints/User_Interface/EventsDetail_1.EventsDetail_1_C' ref from Metadata '/Game/2DSideScrollerBP/Blueprints/User_Interface/EventsHUD.PackageMetaData'
[2017.08.18-12.39.32:743][282]LogMetaData: Removing '/Game/2DSideScrollerBP/Blueprints/User_Interface/EventsDetail_1.EventsDetail_1:Continue.K2Node_FunctionEntry_50' ref from Metadata '/Game/2DSideScrollerBP/Blueprints/User_Interface/EventsHUD.PackageMetaData'
[2017.08.18-12.39.32:743][282]LogMetaData: Removing '/Game/2DSideScrollerBP/Blueprints/User_Interface/EventsDetail_1.EventsDetail_1:GetConfPPMTargetSliderValue.K2Node_FunctionResult_1' ref from Metadata '/Game/2DSideScrollerBP/Blueprints/User_Interface/EventsHUD.PackageMetaData'
[2017.08.18-12.39.32:743][282]LogMetaData: Removing '/Game/2DSideScrollerBP/Blueprints/User_Interface/EventsDetail_1.EventsDetail_1:GetConfPPMTargetSliderValue.K2Node_FunctionEntry_77' ref from Metadata '/Game/2DSideScrollerBP/Blueprints/User_Interface/EventsHUD.PackageMetaData'
[2017.08.18-12.39.32:743][282]LogMetaData: Removing '/Game/2DSideScrollerBP/Blueprints/User_Interface/EventsDetail_1.EventsDetail_1:GetEarthPPMBarPercent.K2Node_FunctionEntry_72' ref from Metadata '/Game/2DSideScrollerBP/Blueprints/User_Interface/EventsHUD.PackageMetaData'
[2017.08.18-12.39.32:743][282]LogMetaData: Removing '/Game/2DSideScrollerBP/Blueprints/User_Interface/EventsDetail_1.EventsDetail_1:RequestUpdateIncrement.K2Node_FunctionEntry_254' ref from Metadata '/Game/2DSideScrollerBP/Blueprints/User_Interface/EventsHUD.PackageMetaData'
[2017.08.18-12.39.32:744][282]LogMetaData: Removing '/Game/2DSideScrollerBP/Blueprints/User_Interface/EventsDetail_1.EventsDetail_1:GetEventsNewPPMBarPercent.K2Node_FunctionResult_0' ref from Metadata '/Game/2DSideScrollerBP/Blueprints/User_Interface/EventsHUD.PackageMetaData'
[2017.08.18-12.39.32:744][282]LogMetaData: Removing '/Game/2DSideScrollerBP/Blueprints/User_Interface/EventsDetail_1.EventsDetail_1:GetEventsNewPPMBarPercent.K2Node_FunctionEntry_63' ref from Metadata '/Game/2DSideScrollerBP/Blueprints/User_Interface/EventsHUD.PackageMetaData'
[2017.08.18-12.39.32:744][282]LogMetaData: Removing '/Game/2DSideScrollerBP/Blueprints/User_Interface/EventsDetail_1.EventsDetail_1:Get_2020Bar_Percent_0.K2Node_FunctionEntry_206' ref from Metadata '/Game/2DSideScrollerBP/Blueprints/User_Interface/EventsHUD.PackageMetaData'
[2017.08.18-12.39.32:744][282]LogMetaData: Removing '/Game/2DSideScrollerBP/Blueprints/User_Interface/EventsDetail_1.EventsDetail_1:Get_2019Bar_Percent_0.K2Node_FunctionEntry_193' ref from Metadata '/Game/2DSideScrollerBP/Blueprints/User_Interface/EventsHUD.PackageMetaData'
[2017.08.18-12.39.32:744][282]LogMetaData: Removing '/Game/2DSideScrollerBP/Blueprints/User_Interface/EventsDetail_1.EventsDetail_1:Get_2015Bar_Percent_0.K2Node_FunctionResult_0' ref from Metadata '/Game/2DSideScrollerBP/Blueprints/User_Interface/EventsHUD.PackageMetaData'
[2017.08.18-12.39.32:744][282]LogMetaData: Removing '/Game/2DSideScrollerBP/Blueprints/User_Interface/EventsDetail_1.EventsDetail_1:Get_2015Bar_Percent_0.K2Node_FunctionEntry_141' ref from Metadata '/Game/2DSideScrollerBP/Blueprints/User_Interface/EventsHUD.PackageMetaData'
[2017.08.18-12.39.32:744][282]LogMetaData: Removing '/Game/2DSideScrollerBP/Blueprints/User_Interface/EventsDetail_1.EventsDetail_1:Get_2016Bar_Percent_0.K2Node_FunctionEntry_148' ref from Metadata '/Game/2DSideScrollerBP/Blueprints/User_Interface/EventsHUD.PackageMetaData'
[2017.08.18-12.39.32:744][282]LogMetaData: Removing '/Game/2DSideScrollerBP/Blueprints/User_Interface/EventsDetail_1.EventsDetail_1:Get_2017Bar_Percent_0.K2Node_FunctionEntry_161' ref from Metadata '/Game/2DSideScrollerBP/Blueprints/User_Interface/EventsHUD.PackageMetaData'
[2017.08.18-12.39.32:744][282]LogMetaData: Removing '/Game/2DSideScrollerBP/Blueprints/User_Interface/EventsDetail_1.EventsDetail_1:Get_2018Bar_Percent_0.K2Node_FunctionEntry_174' ref from Metadata '/Game/2DSideScrollerBP/Blueprints/User_Interface/EventsHUD.PackageMetaData'
[2017.08.18-12.39.32:744][282]LogMetaData: Removing '/Game/2DSideScrollerBP/Blueprints/User_Interface/EventsDetail_1.EventsDetail_1:Get_2021Bar_Percent_0.K2Node_FunctionEntry_225' ref from Metadata '/Game/2DSideScrollerBP/Blueprints/User_Interface/EventsHUD.PackageMetaData'
[2017.08.18-12.39.32:744][282]LogMetaData: Removing '/Game/2DSideScrollerBP/Blueprints/User_Interface/EventsDetail_1.EventsDetail_1:Get_2015Bar_FillColorAndOpacity_0.K2Node_FunctionResult_11' ref from Metadata '/Game/2DSideScrollerBP/Blueprints/User_Interface/EventsHUD.PackageMetaData'
[2017.08.18-12.39.32:744][282]LogMetaData: Removing '/Game/2DSideScrollerBP/Blueprints/User_Interface/EventsDetail_1.EventsDetail_1:Get_2015Bar_FillColorAndOpacity_0.K2Node_FunctionEntry_542' ref from Metadata '/Game/2DSideScrollerBP/Blueprints/User_Interface/EventsHUD.PackageMetaData'
[2017.08.18-12.39.32:744][282]LogMetaData: Removing '/Game/2DSideScrollerBP/Blueprints/User_Interface/EventsDetail_1.EventsDetail_1:Get_2022Bar_Percent_0.K2Node_FunctionEntry_244' ref from Metadata '/Game/2DSideScrollerBP/Blueprints/User_Interface/EventsHUD.PackageMetaData'
[2017.08.18-12.39.32:744][282]LogMetaData: Removing '/Game/2DSideScrollerBP/Blueprints/User_Interface/EventsDetail_1.EventsDetail_1:Get_2024Bar_Percent_0.K2Node_FunctionEntry_450' ref from Metadata '/Game/2DSideScrollerBP/Blueprints/User_Interface/EventsHUD.PackageMetaData'
[2017.08.18-12.39.32:744][282]LogMetaData: Removing '/Game/2DSideScrollerBP/Blueprints/User_Interface/EventsDetail_1.EventsDetail_1:Get_2023Bar_Percent_0.K2Node_FunctionEntry_428' ref from Metadata '/Game/2DSideScrollerBP/Blueprints/User_Interface/EventsHUD.PackageMetaData'
[2017.08.18-12.39.32:744][282]LogMetaData: Removing '/Game/2DSideScrollerBP/Blueprints/User_Interface/EventsDetail_1.EventsDetail_1:Get_2025Bar_Percent_0.K2Node_FunctionEntry_472' ref from Metadata '/Game/2DSideScrollerBP/Blueprints/User_Interface/EventsHUD.PackageMetaData'
[2017.08.18-12.39.32:744][282]LogMetaData: Removing '/Game/2DSideScrollerBP/Blueprints/User_Interface/EventsDetail_1.SKEL_EventsDetail_1_C' ref from Metadata '/Game/2DSideScrollerBP/Blueprints/User_Interface/EventsHUD.PackageMetaData'
[2017.08.18-12.39.33:252][282]LogSavePackage: Save=443.91ms
[2017.08.18-12.39.33:252][282]LogSavePackage: Moving '../../../../../../Unreal/FOTWO/source/FOTWO02/Saved/EventsDetail_18D698AA4494D186119E04D9D54F0BD79.tmp' to '../../../../../../Unreal/FOTWO/source/FOTWO02/Content/2DSideScrollerBP/Blueprints/User_Interface/EventsDetail_1.uasset'
[2017.08.18-12.39.33:255][282]LogSavePackage:Display: Finished SavePackage ../../../../../../Unreal/FOTWO/source/FOTWO02/Content/2DSideScrollerBP/Blueprints/User_Interface/EventsDetail_1.uasset
[2017.08.18-12.39.33:319][282]LogSavePackage: Save=5.32ms
[2017.08.18-12.39.33:319][282]LogSavePackage: Moving '../../../../../../Unreal/FOTWO/source/FOTWO02/Saved/EventsHUDC5403B864665387ED7D6368535723B32.tmp' to '../../../../../../Unreal/FOTWO/source/FOTWO02/Content/2DSideScrollerBP/Blueprints/User_Interface/EventsHUD.uasset'
[2017.08.18-12.39.33:321][282]LogSavePackage:Display: Finished SavePackage ../../../../../../Unreal/FOTWO/source/FOTWO02/Content/2DSideScrollerBP/Blueprints/User_Interface/EventsHUD.uasset
[2017.08.18-12.39.38:471][554]LogSavePackage: Save=446.34ms
[2017.08.18-12.39.38:471][554]LogSavePackage: Moving '../../../../../../Unreal/FOTWO/source/FOTWO02/Saved/EventsHeadlines21B4AB264D22BAAEBDF2E7BA6F8EED13.tmp' to '../../../../../../Unreal/FOTWO/source/FOTWO02/Content/2DSideScrollerBP/Blueprints/User_Interface/EventsHeadlines.uasset'
[2017.08.18-12.39.38:474][554]LogSavePackage:Display: Finished SavePackage ../../../../../../Unreal/FOTWO/source/FOTWO02/Content/2DSideScrollerBP/Blueprints/User_Interface/EventsHeadlines.uasset
[2017.08.18-12.39.55:836][580]BlueprintLog: New page: Compile EventsHeadlines
[2017.08.18-12.39.56:038][580]BlueprintEditorCompileResults: Info Fast Template Successfully Created.
[2017.08.18-12.41.02:587][520]BlueprintLog: New page: Compile EventsHeadlines
[2017.08.18-12.41.03:278][520]LogSavePackage: Save=410.67ms
[2017.08.18-12.41.03:278][520]LogSavePackage: Moving '../../../../../../Unreal/FOTWO/source/FOTWO02/Saved/EventsHeadlinesC5E7081740E31DE705028AB1706F3AF7.tmp' to '../../../../../../Unreal/FOTWO/source/FOTWO02/Content/2DSideScrollerBP/Blueprints/User_Interface/EventsHeadlines.uasset'
[2017.08.18-12.41.03:281][520]LogSavePackage:Display: Finished SavePackage ../../../../../../Unreal/FOTWO/source/FOTWO02/Content/2DSideScrollerBP/Blueprints/User_Interface/EventsHeadlines.uasset
[2017.08.18-12.41.03:285][520]BlueprintEditorCompileResults: Info Fast Template Successfully Created.
[2017.08.18-12.41.29:723][ 45]LogUObjectHash:Warning: Ambiguous search, could be WidgetSwitcher /Game/2DSideScrollerBP/Blueprints/User_Interface/EventsDetail_1.EventsDetail_1:WidgetTree.WidgetSwitcher_0 or WidgetSwitcher /Game/2DSideScrollerBP/Blueprints/User_Interface/EventsHeadlines.EventsHeadlines:WidgetTree.WidgetSwitcher_0
[2017.08.18-12.41.29:723][ 45]LogUObjectHash:Warning: Ambiguous search, could be WidgetSwitcher /Game/2DSideScrollerBP/Blueprints/User_Interface/EventsDetail_1.EventsDetail_1:WidgetTree.WidgetSwitcher_0 or WidgetSwitcher /Engine/Transient.World_3:EventsHeadlines_C_1.WidgetTree_29.WidgetSwitcher_0
[2017.08.18-12.41.29:723][ 45]LogUObjectHash:Warning: Ambiguous search, could be WidgetSwitcher /Game/2DSideScrollerBP/Blueprints/User_Interface/EventsDetail_1.EventsDetail_1:WidgetTree.WidgetSwitcher_0 or WidgetSwitcher /Engine/Transient.World_3:EventsHeadlines_C_4.WidgetTree_24.WidgetSwitcher_0
[2017.08.18-12.41.29:723][ 45]LogUObjectHash:Warning: Ambiguous search, could be WidgetSwitcher /Game/2DSideScrollerBP/Blueprints/User_Interface/EventsDetail_1.EventsDetail_1:WidgetTree.WidgetSwitcher_0 or WidgetSwitcher /Engine/Transient.World_3:EventsHeadlines_C_3.WidgetTree_23.WidgetSwitcher_0
[2017.08.18-12.41.29:723][ 45]LogUObjectHash:Warning: Ambiguous search, could be WidgetSwitcher /Game/2DSideScrollerBP/Blueprints/User_Interface/EventsDetail_1.EventsDetail_1:WidgetTree.WidgetSwitcher_0 or WidgetSwitcher /Engine/Transient.World_3:EventsHeadlines_C_2.WidgetTree_22.WidgetSwitcher_0
[2017.08.18-12.41.29:723][ 45]LogUObjectHash:Warning: Ambiguous search, could be WidgetSwitcher /Game/2DSideScrollerBP/Blueprints/User_Interface/EventsDetail_1.EventsDetail_1:WidgetTree.WidgetSwitcher_0 or WidgetSwitcher /Game/2DSideScrollerBP/Blueprints/User_Interface/EventsDetail_1.EventsDetail_1_C:WidgetTree.WidgetSwitcher_0
[2017.08.18-12.41.29:723][ 45]LogUObjectHash:Warning: Ambiguous search, could be WidgetSwitcher /Game/2DSideScrollerBP/Blueprints/User_Interface/EventsDetail_1.EventsDetail_1:WidgetTree.WidgetSwitcher_0 or ObjectProperty /Game/2DSideScrollerBP/Blueprints/User_Interface/EventsDetail_1.EventsDetail_1_C:WidgetSwitcher_0
[2017.08.18-12.41.29:723][ 45]LogUObjectHash:Warning: Ambiguous search, could be WidgetSwitcher /Game/2DSideScrollerBP/Blueprints/User_Interface/EventsDetail_1.EventsDetail_1:WidgetTree.WidgetSwitcher_0 or WidgetSwitcher /Engine/Transient.REINST_EventsDetail_1_C_15:WidgetTree.WidgetSwitcher_0
[2017.08.18-12.41.29:723][ 45]LogUObjectHash:Warning: Ambiguous search, could be WidgetSwitcher /Game/2DSideScrollerBP/Blueprints/User_Interface/EventsDetail_1.EventsDetail_1:WidgetTree.WidgetSwitcher_0 or ObjectProperty /Engine/Transient.REINST_EventsDetail_1_C_15:WidgetSwitcher_0
[2017.08.18-12.41.29:723][ 45]LogUObjectHash:Warning: Ambiguous search, could be WidgetSwitcher /Game/2DSideScrollerBP/Blueprints/User_Interface/EventsDetail_1.EventsDetail_1:WidgetTree.WidgetSwitcher_0 or ObjectProperty /Engine/Transient.TRASHCLASS_EventsHeadlines_58:WidgetSwitcher_0
[2017.08.18-12.41.29:723][ 45]LogUObjectHash:Warning: Ambiguous search, could be WidgetSwitcher /Game/2DSideScrollerBP/Blueprints/User_Interface/EventsDetail_1.EventsDetail_1:WidgetTree.WidgetSwitcher_0 or WidgetSwitcher /Engine/Transient.World_5:EventsDetail_1_C_1.WidgetTree_30.WidgetSwitcher_0
[2017.08.18-12.41.29:723][ 45]LogUObjectHash:Warning: Ambiguous search, could be WidgetSwitcher /Game/2DSideScrollerBP/Blueprints/User_Interface/EventsDetail_1.EventsDetail_1:WidgetTree.WidgetSwitcher_0 or WidgetSwitcher /Engine/Transient.World_5:EventsDetail_1_C_2.WidgetTree_31.WidgetSwitcher_0
[2017.08.18-12.41.29:723][ 45]LogUObjectHash:Warning: Ambiguous search, could be WidgetSwitcher /Game/2DSideScrollerBP/Blueprints/User_Interface/EventsDetail_1.EventsDetail_1:WidgetTree.WidgetSwitcher_0 or ObjectProperty /Engine/Transient.REINST_SKEL_EventsDetail_1_C_12:WidgetSwitcher_0
[2017.08.18-12.41.29:723][ 45]LogUObjectHash:Warning: Ambiguous search, could be WidgetSwitcher /Game/2DSideScrollerBP/Blueprints/User_Interface/EventsDetail_1.EventsDetail_1:WidgetTree.WidgetSwitcher_0 or ObjectProperty /Game/2DSideScrollerBP/Blueprints/User_Interface/EventsDetail_1.SKEL_EventsDetail_1_C:WidgetSwitcher_0
[2017.08.18-12.41.29:723][ 45]LogUObjectHash:Warning: Ambiguous search, could be WidgetSwitcher /Game/2DSideScrollerBP/Blueprints/User_Interface/EventsDetail_1.EventsDetail_1:WidgetTree.WidgetSwitcher_0 or ObjectProperty /Engine/Transient.TRASHCLASS_EventsHeadlines_67:WidgetSwitcher_0
[2017.08.18-12.41.29:723][ 45]LogUObjectHash:Warning: Ambiguous search, could be WidgetSwitcher /Game/2DSideScrollerBP/Blueprints/User_Interface/EventsDetail_1.EventsDetail_1:WidgetTree.WidgetSwitcher_0 or WidgetSwitcher /Engine/Transient.World_3:EventsHeadlines_C_5.WidgetTree_25.WidgetSwitcher_0
[2017.08.18-12.41.29:723][ 45]LogUObjectHash:Warning: Ambiguous search, could be WidgetSwitcher /Game/2DSideScrollerBP/Blueprints/User_Interface/EventsDetail_1.EventsDetail_1:WidgetTree.WidgetSwitcher_0 or WidgetSwitcher /Engine/Transient.World_3:EventsHeadlines_C_6.WidgetTree_26.WidgetSwitcher_0
[2017.08.18-12.41.29:723][ 45]LogUObjectHash:Warning: Ambiguous search, could be WidgetSwitcher /Game/2DSideScrollerBP/Blueprints/User_Interface/EventsDetail_1.EventsDetail_1:WidgetTree.WidgetSwitcher_0 or ObjectProperty /Engine/Transient.TRASHCLASS_EventsHeadlines_66:WidgetSwitcher_0
[2017.08.18-12.41.29:723][ 45]LogUObjectHash:Warning: Ambiguous search, could be WidgetSwitcher /Game/2DSideScrollerBP/Blueprints/User_Interface/EventsDetail_1.EventsDetail_1:WidgetTree.WidgetSwitcher_0 or WidgetSwitcher /Engine/Transient.World_3:EventsHeadlines_C_7.WidgetTree_27.WidgetSwitcher_0
[2017.08.18-12.41.29:723][ 45]LogUObjectHash:Warning: Ambiguous search, could be WidgetSwitcher /Game/2DSideScrollerBP/Blueprints/User_Interface/EventsDetail_1.EventsDetail_1:WidgetTree.WidgetSwitcher_0 or ObjectProperty /Engine/Transient.REINST_EventsHeadlines_C_26:WidgetSwitcher_0
[2017.08.18-12.41.29:723][ 45]LogUObjectHash:Warning: Ambiguous search, could be WidgetSwitcher /Game/2DSideScrollerBP/Blueprints/User_Interface/EventsDetail_1.EventsDetail_1:WidgetTree.WidgetSwitcher_0 or WidgetSwitcher /Engine/Transient.REINST_EventsHeadlines_C_26:WidgetTree.WidgetSwitcher_0
[2017.08.18-12.41.29:723][ 45]LogUObjectHash:Warning: Ambiguous search, could be WidgetSwitcher /Game/2DSideScrollerBP/Blueprints/User_Interface/EventsDetail_1.EventsDetail_1:WidgetTree.WidgetSwitcher_0 or ObjectProperty /Game/2DSideScrollerBP/Blueprints/User_Interface/EventsHeadlines.SKEL_EventsHeadlines_C:WidgetSwitcher_0
[2017.08.18-12.41.29:723][ 45]LogUObjectHash:Warning: Ambiguous search, could be WidgetSwitcher /Game/2DSideScrollerBP/Blueprints/User_Interface/EventsDetail_1.EventsDetail_1:WidgetTree.WidgetSwitcher_0 or ObjectProperty /Game/2DSideScrollerBP/Blueprints/User_Interface/EventsHeadlines.EventsHeadlines_C:WidgetSwitcher_0
[2017.08.18-12.41.29:723][ 45]LogUObjectHash:Warning: Ambiguous search, could be WidgetSwitcher /Game/2DSideScrollerBP/Blueprints/User_Interface/EventsDetail_1.EventsDetail_1:WidgetTree.WidgetSwitcher_0 or WidgetSwitcher /Game/2DSideScrollerBP/Blueprints/User_Interface/EventsHeadlines.EventsHeadlines_C:WidgetTree.WidgetSwitcher_0
[2017.08.18-12.41.29:723][ 45]LogProperty:Warning: Illegal TEXT reference to a private object in external package (WidgetSwitcherSlot /Game/2DSideScrollerBP/Blueprints/User_Interface/EventsDetail_1.EventsDetail_1:WidgetTree.WidgetSwitcher_0.WidgetSwitcherSlot_0) from referencer (CanvasPanel /Engine/UMG/Editor/Transient.EventsDetailsCanvas).  Import failed...
[2017.08.18-12.41.29:723][ 45]LogProperty:Warning: ObjectProperty /Script/UMG.Widget:Slot: unresolved reference to 'WidgetSwitcherSlot'WidgetSwitcher_0.WidgetSwitcherSlot_0''
[2017.08.18-12.43.06:238][536]BlueprintLog: New page: Compile EventsDetail_1
[2017.08.18-12.43.07:693][536]LogSavePackage: Save=474.00ms
[2017.08.18-12.43.07:693][536]LogSavePackage: Moving '../../../../../../Unreal/FOTWO/source/FOTWO02/Saved/EventsDetail_10961FDDA4A7B2E94F2957AB632BFD7CA.tmp' to '../../../../../../Unreal/FOTWO/source/FOTWO02/Content/2DSideScrollerBP/Blueprints/User_Interface/EventsDetail_1.uasset'
[2017.08.18-12.43.07:696][536]LogSavePackage:Display: Finished SavePackage ../../../../../../Unreal/FOTWO/source/FOTWO02/Content/2DSideScrollerBP/Blueprints/User_Interface/EventsDetail_1.uasset
[2017.08.18-12.43.08:361][536]LogSavePackage: Save=625.26ms
[2017.08.18-12.43.08:361][536]LogSavePackage: Moving '../../../../../../Unreal/FOTWO/source/FOTWO02/Saved/NationBAU97FA359A42402EF663700293DE34C209.tmp' to '../../../../../../Unreal/FOTWO/source/FOTWO02/Content/2DSideScrollerBP/Blueprints/Simulation/NationBAU.uasset'
[2017.08.18-12.43.08:364][536]LogSavePackage:Display: Finished SavePackage ../../../../../../Unreal/FOTWO/source/FOTWO02/Content/2DSideScrollerBP/Blueprints/Simulation/NationBAU.uasset
[2017.08.18-12.43.08:369][536]BlueprintEditorCompileResults: Info Fast Template Successfully Created.
[2017.08.18-12.43.29:592][663]LogLinker: Can't find file '/Game/2DSideScrollerBP/Blueprints/User_Interface/NewEventsHUD'
[2017.08.18-12.43.29:592][663]LogLinker: Can't find file '/Game/2DSideScrollerBP/Blueprints/User_Interface/NewEventsHUD'
[2017.08.18-12.43.30:327][663]LogSavePackage: Save=495.74ms
[2017.08.18-12.43.30:327][663]LogSavePackage: Moving '../../../../../../Unreal/FOTWO/source/FOTWO02/Saved/NewEventsHUDCD4D58704D76902F9C55DCBA723EA07E.tmp' to '../../../../../../Unreal/FOTWO/source/FOTWO02/Content/2DSideScrollerBP/Blueprints/User_Interface/NewEventsHUD.uasset'
[2017.08.18-12.43.30:330][663]LogSavePackage:Display: Finished SavePackage ../../../../../../Unreal/FOTWO/source/FOTWO02/Content/2DSideScrollerBP/Blueprints/User_Interface/NewEventsHUD.uasset
[2017.08.18-12.43.30:987][663]LogMetaData: Removing '/Game/2DSideScrollerBP/Blueprints/User_Interface/NewEventsHUD.NewEventsHUD_C' ref from Metadata '/Game/2DSideScrollerBP/Blueprints/User_Interface/EventsDetail_1.PackageMetaData'
[2017.08.18-12.43.30:987][663]LogMetaData: Removing '/Game/2DSideScrollerBP/Blueprints/User_Interface/NewEventsHUD.SKEL_NewEventsHUD_C' ref from Metadata '/Game/2DSideScrollerBP/Blueprints/User_Interface/EventsDetail_1.PackageMetaData'
[2017.08.18-12.43.30:987][663]LogMetaData: Removing '/Game/2DSideScrollerBP/Blueprints/User_Interface/NewEventsHUD.NewEventsHUD:Continue.K2Node_FunctionEntry_50' ref from Metadata '/Game/2DSideScrollerBP/Blueprints/User_Interface/EventsDetail_1.PackageMetaData'
[2017.08.18-12.43.30:987][663]LogMetaData: Removing '/Game/2DSideScrollerBP/Blueprints/User_Interface/NewEventsHUD.NewEventsHUD:Get_2015Bar_FillColorAndOpacity_0.K2Node_FunctionEntry_542' ref from Metadata '/Game/2DSideScrollerBP/Blueprints/User_Interface/EventsDetail_1.PackageMetaData'
[2017.08.18-12.43.30:987][663]LogMetaData: Removing '/Game/2DSideScrollerBP/Blueprints/User_Interface/NewEventsHUD.NewEventsHUD:Get_2015Bar_FillColorAndOpacity_0.K2Node_FunctionResult_11' ref from Metadata '/Game/2DSideScrollerBP/Blueprints/User_Interface/EventsDetail_1.PackageMetaData'
[2017.08.18-12.43.30:987][663]LogMetaData: Removing '/Game/2DSideScrollerBP/Blueprints/User_Interface/NewEventsHUD.NewEventsHUD:Get_2015Bar_Percent_0.K2Node_FunctionEntry_141' ref from Metadata '/Game/2DSideScrollerBP/Blueprints/User_Interface/EventsDetail_1.PackageMetaData'
[2017.08.18-12.43.30:987][663]LogMetaData: Removing '/Game/2DSideScrollerBP/Blueprints/User_Interface/NewEventsHUD.NewEventsHUD:Get_2015Bar_Percent_0.K2Node_FunctionResult_0' ref from Metadata '/Game/2DSideScrollerBP/Blueprints/User_Interface/EventsDetail_1.PackageMetaData'
[2017.08.18-12.43.30:987][663]LogMetaData: Removing '/Game/2DSideScrollerBP/Blueprints/User_Interface/NewEventsHUD.NewEventsHUD:Get_2016Bar_Percent_0.K2Node_FunctionEntry_148' ref from Metadata '/Game/2DSideScrollerBP/Blueprints/User_Interface/EventsDetail_1.PackageMetaData'
[2017.08.18-12.43.30:987][663]LogMetaData: Removing '/Game/2DSideScrollerBP/Blueprints/User_Interface/NewEventsHUD.NewEventsHUD:Get_2017Bar_Percent_0.K2Node_FunctionEntry_161' ref from Metadata '/Game/2DSideScrollerBP/Blueprints/User_Interface/EventsDetail_1.PackageMetaData'
[2017.08.18-12.43.30:987][663]LogMetaData: Removing '/Game/2DSideScrollerBP/Blueprints/User_Interface/NewEventsHUD.NewEventsHUD:Get_2018Bar_Percent_0.K2Node_FunctionEntry_174' ref from Metadata '/Game/2DSideScrollerBP/Blueprints/User_Interface/EventsDetail_1.PackageMetaData'
[2017.08.18-12.43.30:987][663]LogMetaData: Removing '/Game/2DSideScrollerBP/Blueprints/User_Interface/NewEventsHUD.NewEventsHUD:Get_2019Bar_Percent_0.K2Node_FunctionEntry_193' ref from Metadata '/Game/2DSideScrollerBP/Blueprints/User_Interface/EventsDetail_1.PackageMetaData'
[2017.08.18-12.43.30:987][663]LogMetaData: Removing '/Game/2DSideScrollerBP/Blueprints/User_Interface/NewEventsHUD.NewEventsHUD:Get_2020Bar_Percent_0.K2Node_FunctionEntry_206' ref from Metadata '/Game/2DSideScrollerBP/Blueprints/User_Interface/EventsDetail_1.PackageMetaData'
[2017.08.18-12.43.30:987][663]LogMetaData: Removing '/Game/2DSideScrollerBP/Blueprints/User_Interface/NewEventsHUD.NewEventsHUD:Get_2021Bar_Percent_0.K2Node_FunctionEntry_225' ref from Metadata '/Game/2DSideScrollerBP/Blueprints/User_Interface/EventsDetail_1.PackageMetaData'
[2017.08.18-12.43.30:987][663]LogMetaData: Removing '/Game/2DSideScrollerBP/Blueprints/User_Interface/NewEventsHUD.NewEventsHUD:Get_2022Bar_Percent_0.K2Node_FunctionEntry_244' ref from Metadata '/Game/2DSideScrollerBP/Blueprints/User_Interface/EventsDetail_1.PackageMetaData'
[2017.08.18-12.43.30:987][663]LogMetaData: Removing '/Game/2DSideScrollerBP/Blueprints/User_Interface/NewEventsHUD.NewEventsHUD:Get_2023Bar_Percent_0.K2Node_FunctionEntry_428' ref from Metadata '/Game/2DSideScrollerBP/Blueprints/User_Interface/EventsDetail_1.PackageMetaData'
[2017.08.18-12.43.30:987][663]LogMetaData: Removing '/Game/2DSideScrollerBP/Blueprints/User_Interface/NewEventsHUD.NewEventsHUD:Get_2024Bar_Percent_0.K2Node_FunctionEntry_450' ref from Metadata '/Game/2DSideScrollerBP/Blueprints/User_Interface/EventsDetail_1.PackageMetaData'
[2017.08.18-12.43.30:987][663]LogMetaData: Removing '/Game/2DSideScrollerBP/Blueprints/User_Interface/NewEventsHUD.NewEventsHUD:Get_2025Bar_Percent_0.K2Node_FunctionEntry_472' ref from Metadata '/Game/2DSideScrollerBP/Blueprints/User_Interface/EventsDetail_1.PackageMetaData'
[2017.08.18-12.43.30:987][663]LogMetaData: Removing '/Game/2DSideScrollerBP/Blueprints/User_Interface/NewEventsHUD.NewEventsHUD:GetConfPPMTargetSliderValue.K2Node_FunctionEntry_77' ref from Metadata '/Game/2DSideScrollerBP/Blueprints/User_Interface/EventsDetail_1.PackageMetaData'
[2017.08.18-12.43.30:987][663]LogMetaData: Removing '/Game/2DSideScrollerBP/Blueprints/User_Interface/NewEventsHUD.NewEventsHUD:GetConfPPMTargetSliderValue.K2Node_FunctionResult_1' ref from Metadata '/Game/2DSideScrollerBP/Blueprints/User_Interface/EventsDetail_1.PackageMetaData'
[2017.08.18-12.43.30:987][663]LogMetaData: Removing '/Game/2DSideScrollerBP/Blueprints/User_Interface/NewEventsHUD.NewEventsHUD:GetEarthPPMBarPercent.K2Node_FunctionEntry_72' ref from Metadata '/Game/2DSideScrollerBP/Blueprints/User_Interface/EventsDetail_1.PackageMetaData'
[2017.08.18-12.43.30:987][663]LogMetaData: Removing '/Game/2DSideScrollerBP/Blueprints/User_Interface/NewEventsHUD.NewEventsHUD:GetEventsNewPPMBarPercent.K2Node_FunctionEntry_63' ref from Metadata '/Game/2DSideScrollerBP/Blueprints/User_Interface/EventsDetail_1.PackageMetaData'
[2017.08.18-12.43.30:987][663]LogMetaData: Removing '/Game/2DSideScrollerBP/Blueprints/User_Interface/NewEventsHUD.NewEventsHUD:GetEventsNewPPMBarPercent.K2Node_FunctionResult_0' ref from Metadata '/Game/2DSideScrollerBP/Blueprints/User_Interface/EventsDetail_1.PackageMetaData'
[2017.08.18-12.43.30:987][663]LogMetaData: Removing '/Game/2DSideScrollerBP/Blueprints/User_Interface/NewEventsHUD.NewEventsHUD:RequestUpdateIncrement.K2Node_FunctionEntry_254' ref from Metadata '/Game/2DSideScrollerBP/Blueprints/User_Interface/EventsDetail_1.PackageMetaData'
[2017.08.18-12.43.31:498][663]LogSavePackage: Save=451.47ms
[2017.08.18-12.43.31:498][663]LogSavePackage: Moving '../../../../../../Unreal/FOTWO/source/FOTWO02/Saved/NewEventsHUD9955956245C47CB2EC3CB2859EAED3D1.tmp' to '../../../../../../Unreal/FOTWO/source/FOTWO02/Content/2DSideScrollerBP/Blueprints/User_Interface/NewEventsHUD.uasset'
[2017.08.18-12.43.31:500][663]LogSavePackage:Display: Finished SavePackage ../../../../../../Unreal/FOTWO/source/FOTWO02/Content/2DSideScrollerBP/Blueprints/User_Interface/NewEventsHUD.uasset
[2017.08.18-12.43.31:675][663]LogSavePackage: Save=4.44ms
[2017.08.18-12.43.31:675][663]LogSavePackage: Moving '../../../../../../Unreal/FOTWO/source/FOTWO02/Saved/EventsHUD5543AB2842DE2C03F47ACC977DC1020D.tmp' to '../../../../../../Unreal/FOTWO/source/FOTWO02/Content/2DSideScrollerBP/Blueprints/User_Interface/EventsHUD.uasset'
[2017.08.18-12.43.31:676][663]LogSavePackage:Display: Finished SavePackage ../../../../../../Unreal/FOTWO/source/FOTWO02/Content/2DSideScrollerBP/Blueprints/User_Interface/EventsHUD.uasset
[2017.08.18-12.43.32:317][663]LogSavePackage: Save=607.31ms
[2017.08.18-12.43.32:317][663]LogSavePackage: Moving '../../../../../../Unreal/FOTWO/source/FOTWO02/Saved/NationBAU1CDE99D34FCEBF59D11CF7BDAE76BD04.tmp' to '../../../../../../Unreal/FOTWO/source/FOTWO02/Content/2DSideScrollerBP/Blueprints/Simulation/NationBAU.uasset'
[2017.08.18-12.43.32:319][663]LogSavePackage:Display: Finished SavePackage ../../../../../../Unreal/FOTWO/source/FOTWO02/Content/2DSideScrollerBP/Blueprints/Simulation/NationBAU.uasset
[2017.08.18-12.43.36:385][821]LogSavePackage: Save=87.48ms
[2017.08.18-12.43.36:385][821]LogSavePackage: Moving '../../../../../../Unreal/FOTWO/source/FOTWO02/Saved/FOTWO01B0DB9330477BF069533E72B3B8C1E717.tmp' to '../../../../../../Unreal/FOTWO/source/FOTWO02/Content/2DSideScrollerBP/Maps/FOTWO01.umap'
[2017.08.18-12.43.36:387][821]LogSavePackage:Display: Finished SavePackage ../../../../../../Unreal/FOTWO/source/FOTWO02/Content/2DSideScrollerBP/Maps/FOTWO01.umap
[2017.08.18-12.43.36:417][821]LogFileHelpers: Saving map 'FOTWO01' took 0.215
[2017.08.18-12.43.36:747][822]Cmd: QUIT_EDITOR
[2017.08.18-12.43.36:768][822]LogWindowsTextInputMethodSystem:Display: IME system now deactivated.
[2017.08.18-12.43.36:785][822]LogExit: Preparing to exit.
[2017.08.18-12.43.37:570][822]LogDirectoryWatcher: A directory notification for 'C:/Unreal/FOTWO/source/FOTWO02/Content/' was aborted.
[2017.08.18-12.43.37:613][822]LogExit: Editor shut down
[2017.08.18-12.43.37:622][822]LogExit: Transaction tracking system shut down
[2017.08.18-12.43.37:742][822]LogObj: Freed 0b from 0 cluster array pools.
[2017.08.18-12.43.37:742][822]LogExit: Object subsystem successfully closed.
[2017.08.18-12.43.37:761][822]LogD3D11RHI: Shutdown
[2017.08.18-12.43.37:761][822]LogD3D11RHI: CleanupD3DDevice
[2017.08.18-12.43.37:809][822]LogD3D11RHI: ~FD3D11DynamicRHI
[2017.08.18-12.43.37:827][822]LogModuleManager: Shutting down and abandoning module SequencerWidgets (530)
[2017.08.18-12.43.37:827][822]LogModuleManager: Shutting down and abandoning module BlueprintGraph (528)
[2017.08.18-12.43.37:827][822]LogModuleManager: Shutting down and abandoning module BlueprintProfiler (526)
[2017.08.18-12.43.37:828][822]LogModuleManager: Shutting down and abandoning module StatsViewer (524)
[2017.08.18-12.43.37:828][822]LogModuleManager: Shutting down and abandoning module HierarchicalLODOutliner (522)
[2017.08.18-12.43.37:828][822]LogModuleManager: Shutting down and abandoning module CrashTracker (520)
[2017.08.18-12.43.37:828][822]LogModuleManager: Shutting down and abandoning module SceneOutliner (518)
[2017.08.18-12.43.37:828][822]LogModuleManager: Shutting down and abandoning module AddContentDialog (516)
[2017.08.18-12.43.37:828][822]LogDirectoryWatcher: A directory notification for 'C:/Program Files/Epic Games/UE_4.16/FeaturePacks/' was aborted.
[2017.08.18-12.43.37:828][822]LogModuleManager: Shutting down and abandoning module WidgetCarousel (515)
[2017.08.18-12.43.37:828][822]LogModuleManager: Shutting down and abandoning module EditorWidgets (512)
[2017.08.18-12.43.37:828][822]LogModuleManager: Shutting down and abandoning module CollectionManager (510)
[2017.08.18-12.43.37:828][822]LogDirectoryWatcher: A directory notification for 'C:/Unreal/FOTWO/source/FOTWO02/Content/Collections/' was aborted.
[2017.08.18-12.43.37:829][822]LogDirectoryWatcher: A directory notification for 'C:/Unreal/FOTWO/source/FOTWO02/Content/Developers/vonkl/Collections/' was aborted.
[2017.08.18-12.43.37:829][822]LogDirectoryWatcher: A directory notification for 'C:/Unreal/FOTWO/source/FOTWO02/Saved/Collections/' was aborted.
[2017.08.18-12.43.37:829][822]LogModuleManager: Shutting down and abandoning module FoliageEdit (508)
[2017.08.18-12.43.37:829][822]LogModuleManager: Shutting down and abandoning module LandscapeEditor (506)
[2017.08.18-12.43.37:829][822]LogModuleManager: Shutting down and abandoning module MeshPaintMode (504)
[2017.08.18-12.43.37:829][822]LogModuleManager: Shutting down and abandoning module SceneDepthPickerMode (502)
[2017.08.18-12.43.37:829][822]LogModuleManager: Shutting down and abandoning module ActorPickerMode (500)
[2017.08.18-12.43.37:829][822]LogModuleManager: Shutting down and abandoning module GeometryMode (498)
[2017.08.18-12.43.37:829][822]LogModuleManager: Shutting down and abandoning module TextureAlignMode (496)
[2017.08.18-12.43.37:829][822]LogModuleManager: Shutting down and abandoning module BspMode (494)
[2017.08.18-12.43.37:829][822]LogModuleManager: Shutting down and abandoning module HardwareSurvey (492)
[2017.08.18-12.43.37:829][822]LogModuleManager: Shutting down and abandoning module SequenceRecorderSections (490)
[2017.08.18-12.43.37:829][822]LogModuleManager: Shutting down and abandoning module AutomationWorker (488)
[2017.08.18-12.43.37:829][822]LogModuleManager: Shutting down and abandoning module MatineeToLevelSequence (486)
[2017.08.18-12.43.37:829][822]LogModuleManager: Shutting down and abandoning module LevelSequenceEditor (484)
[2017.08.18-12.43.37:829][822]LogModuleManager: Shutting down and abandoning module PlacementMode (483)
[2017.08.18-12.43.37:829][822]LogModuleManager: Shutting down and abandoning module WmfMediaFactory (480)
[2017.08.18-12.43.37:829][822]LogModuleManager: Shutting down and abandoning module WmfMediaEditor (478)
[2017.08.18-12.43.37:830][822]LogModuleManager: Shutting down and abandoning module AvfMediaFactory (476)
[2017.08.18-12.43.37:830][822]LogModuleManager: Shutting down and abandoning module AvfMediaEditor (474)
[2017.08.18-12.43.37:830][822]LogModuleManager: Shutting down and abandoning module AndroidMediaFactory (472)
[2017.08.18-12.43.37:830][822]LogModuleManager: Shutting down and abandoning module Media (471)
[2017.08.18-12.43.37:830][822]LogModuleManager: Shutting down and abandoning module AndroidMediaEditor (468)
[2017.08.18-12.43.37:830][822]LogModuleManager: Shutting down and abandoning module CharacterAI (466)
[2017.08.18-12.43.37:830][822]LogModuleManager: Shutting down and abandoning module AudioCapture (464)
[2017.08.18-12.43.37:830][822]LogModuleManager: Shutting down and abandoning module SequenceRecorder (463)
[2017.08.18-12.43.37:830][822]LogModuleManager: Shutting down and abandoning module SmartSnapping (460)
[2017.08.18-12.43.37:830][822]LogModuleManager: Shutting down and abandoning module SessionServices (458)
[2017.08.18-12.43.37:830][822]LogModuleManager: Shutting down and abandoning module ViewportSnapping (456)
[2017.08.18-12.43.37:830][822]LogModuleManager: Shutting down and abandoning module ViewportInteraction (454)
[2017.08.18-12.43.37:830][822]LogModuleManager: Shutting down and abandoning module ClothPainter (452)
[2017.08.18-12.43.37:831][822]LogModuleManager: Shutting down and abandoning module LogVisualizer (450)
[2017.08.18-12.43.37:831][822]LogModuleManager: Shutting down and abandoning module IntroTutorials (448)
[2017.08.18-12.43.37:831][822]LogModuleManager: Shutting down and abandoning module GameProjectGeneration (447)
[2017.08.18-12.43.37:832][822]LogModuleManager: Shutting down and abandoning module EditorLiveStreaming (444)
[2017.08.18-12.43.37:832][822]LogModuleManager: Shutting down and abandoning module IOSPlatformEditor (442)
[2017.08.18-12.43.37:833][822]LogModuleManager: Shutting down and abandoning module HTML5PlatformEditor (440)
[2017.08.18-12.43.37:833][822]LogModuleManager: Shutting down and abandoning module AndroidPlatformEditor (438)
[2017.08.18-12.43.37:833][822]LogModuleManager: Shutting down and abandoning module AndroidDeviceDetection (437)
[2017.08.18-12.43.38:357][822]LogModuleManager: Shutting down and abandoning module IOSRuntimeSettings (434)
[2017.08.18-12.43.38:357][822]LogModuleManager: Shutting down and abandoning module AndroidRuntimeSettings (432)
[2017.08.18-12.43.38:357][822]LogModuleManager: Shutting down and abandoning module InputBindingEditor (430)
[2017.08.18-12.43.38:358][822]LogModuleManager: Shutting down and abandoning module MergeActors (428)
[2017.08.18-12.43.38:358][822]LogModuleManager: Shutting down and abandoning module SizeMap (426)
[2017.08.18-12.43.38:359][822]LogModuleManager: Shutting down and abandoning module TreeMap (424)
[2017.08.18-12.43.38:359][822]LogModuleManager: Shutting down and abandoning module ReferenceViewer (422)
[2017.08.18-12.43.38:360][822]LogModuleManager: Shutting down and abandoning module LocalizationDashboard (420)
[2017.08.18-12.43.38:360][822]LogModuleManager: Shutting down and abandoning module LocalizationService (419)
[2017.08.18-12.43.38:360][822]LogModuleManager: Shutting down and abandoning module HardwareTargeting (416)
[2017.08.18-12.43.38:360][822]LogModuleManager: Shutting down and abandoning module DeviceProfileEditor (414)
[2017.08.18-12.43.38:361][822]LogModuleManager: Shutting down and abandoning module UndoHistory (412)
[2017.08.18-12.43.38:361][822]LogModuleManager: Shutting down and abandoning module UserFeedback (410)
[2017.08.18-12.43.38:361][822]LogModuleManager: Shutting down and abandoning module XmlParser (408)
[2017.08.18-12.43.38:361][822]LogModuleManager: Shutting down and abandoning module Blutility (406)
[2017.08.18-12.43.38:361][822]LogModuleManager: Shutting down and abandoning module ProjectSettingsViewer (404)
[2017.08.18-12.43.38:361][822]LogModuleManager: Shutting down and abandoning module ProjectTargetPlatformEditor (403)
[2017.08.18-12.43.38:362][822]LogModuleManager: Shutting down and abandoning module EditorSettingsViewer (400)
[2017.08.18-12.43.38:362][822]LogModuleManager: Shutting down and abandoning module SettingsEditor (398)
[2017.08.18-12.43.38:362][822]LogModuleManager: Shutting down and abandoning module ProjectLauncher (396)
[2017.08.18-12.43.38:363][822]LogModuleManager: Shutting down and abandoning module SessionFrontend (394)
[2017.08.18-12.43.38:363][822]LogModuleManager: Shutting down and abandoning module ProfilerClient (392)
[2017.08.18-12.43.38:364][822]LogModuleManager: Shutting down and abandoning module DeviceManager (390)
[2017.08.18-12.43.38:365][822]LogModuleManager: Shutting down and abandoning module TargetDeviceServices (389)
[2017.08.18-12.43.38:418][822]LogModuleManager: Shutting down and abandoning module AutomationController (386)
[2017.08.18-12.43.38:418][822]LogModuleManager: Shutting down and abandoning module AutomationWindow (384)
[2017.08.18-12.43.38:419][822]LogModuleManager: Shutting down and abandoning module Layers (382)
[2017.08.18-12.43.38:421][822]LogModuleManager: Shutting down and abandoning module ComponentVisualizers (380)
[2017.08.18-12.43.38:421][822]LogModuleManager: Shutting down and abandoning module DetailCustomizations (378)
[2017.08.18-12.43.38:421][822]LogModuleManager: Shutting down and abandoning module PackagesDialog (376)
[2017.08.18-12.43.38:422][822]LogModuleManager: Shutting down and abandoning module Persona (374)
[2017.08.18-12.43.38:422][822]LogModuleManager: Shutting down and abandoning module AdvancedPreviewScene (373)
[2017.08.18-12.43.38:422][822]LogModuleManager: Shutting down and abandoning module AnimGraph (371)
[2017.08.18-12.43.38:422][822]LogModuleManager: Shutting down and abandoning module Kismet (368)
[2017.08.18-12.43.38:444][822]LogModuleManager: Shutting down and abandoning module ClassViewer (366)
[2017.08.18-12.43.38:444][822]LogModuleManager: Shutting down and abandoning module Toolbox (364)
[2017.08.18-12.43.38:444][822]LogModuleManager: Shutting down and abandoning module ModuleUI (362)
[2017.08.18-12.43.38:445][822]LogModuleManager: Shutting down and abandoning module MovieSceneTools (360)
[2017.08.18-12.43.38:445][822]LogModuleManager: Shutting down and abandoning module OutputLog (358)
[2017.08.18-12.43.38:445][822]LogModuleManager: Shutting down and abandoning module GammaUI (356)
[2017.08.18-12.43.38:445][822]LogModuleManager: Shutting down and abandoning module Documentation (354)
[2017.08.18-12.43.38:446][822]LogModuleManager: Shutting down and abandoning module MovieSceneTracks (352)
[2017.08.18-12.43.38:446][822]LogModuleManager: Shutting down and abandoning module MovieScene (350)
[2017.08.18-12.43.38:446][822]LogModuleManager: Shutting down and abandoning module Niagara (348)
[2017.08.18-12.43.38:446][822]LogModuleManager: Shutting down and abandoning module NiagaraEditor (347)
[2017.08.18-12.43.38:446][822]LogModuleManager: Shutting down and abandoning module StreamingPauseRendering (344)
[2017.08.18-12.43.38:447][822]LogModuleManager: Shutting down and abandoning module AnalyticsET (342)
[2017.08.18-12.43.38:447][822]LogModuleManager: Shutting down and abandoning module PortalServices (340)
[2017.08.18-12.43.38:447][822]LogModuleManager: Shutting down and abandoning module PortalRpc (338)
[2017.08.18-12.43.38:447][822]LogModuleManager: Shutting down and abandoning module MessagingRpc (336)
[2017.08.18-12.43.38:447][822]LogModuleManager: Shutting down and abandoning module AIModule (334)
[2017.08.18-12.43.38:447][822]LogModuleManager: Shutting down and abandoning module GameplayDebugger (333)
[2017.08.18-12.43.38:447][822]LogModuleManager: Shutting down and abandoning module AITestSuite (331)
[2017.08.18-12.43.38:447][822]LogModuleManager: Shutting down and abandoning module ProfilerService (328)
[2017.08.18-12.43.38:678][822]LogModuleManager: Shutting down and abandoning module TaskGraph (326)
[2017.08.18-12.43.38:678][822]LogModuleManager: Shutting down and abandoning module SteamVRController (324)
[2017.08.18-12.43.38:678][822]LogModuleManager: Shutting down and abandoning module SteamVR (322)
[2017.08.18-12.43.38:678][822]LogModuleManager: Shutting down and abandoning module ProceduralMeshComponentEditor (320)
[2017.08.18-12.43.38:678][822]LogModuleManager: Shutting down and abandoning module ProceduralMeshComponent (318)
[2017.08.18-12.43.38:678][822]LogModuleManager: Shutting down and abandoning module OculusLibrary (316)
[2017.08.18-12.43.38:678][822]LogModuleManager: Shutting down and abandoning module OculusInput (314)
[2017.08.18-12.43.38:678][822]LogModuleManager: Shutting down and abandoning module MobilePatchingUtils (312)
[2017.08.18-12.43.38:678][822]LogModuleManager: Shutting down and abandoning module CustomMeshComponent (310)
[2017.08.18-12.43.38:678][822]LogModuleManager: Shutting down and abandoning module CableComponent (308)
[2017.08.18-12.43.38:678][822]LogModuleManager: Shutting down and abandoning module ArchVisCharacter (306)
[2017.08.18-12.43.38:678][822]LogModuleManager: Shutting down and abandoning module AndroidPermission (304)
[2017.08.18-12.43.38:678][822]LogModuleManager: Shutting down and abandoning module MediaPlayerEditor (300)
[2017.08.18-12.43.38:679][822]LogModuleManager: Shutting down and abandoning module HTML5Networking (298)
[2017.08.18-12.43.38:679][822]LogModuleManager: Shutting down and abandoning module AlembicImporter (296)
[2017.08.18-12.43.38:679][822]LogModuleManager: Shutting down and abandoning module AlembicLibrary (295)
[2017.08.18-12.43.38:680][822]LogModuleManager: Shutting down and abandoning module GeometryCache (294)
[2017.08.18-12.43.38:680][822]LogModuleManager: Shutting down and abandoning module GeometryCacheEd (293)
[2017.08.18-12.43.38:680][822]LogModuleManager: Shutting down and abandoning module SuperSearchEditor (288)
[2017.08.18-12.43.38:680][822]LogModuleManager: Shutting down and abandoning module SuperSearch (287)
[2017.08.18-12.43.38:680][822]LogModuleManager: Shutting down and abandoning module SpeedTreeImporter (284)
[2017.08.18-12.43.38:680][822]LogModuleManager: Shutting down and abandoning module PluginBrowser (282)
[2017.08.18-12.43.38:680][822]LogModuleManager: Shutting down and abandoning module MobileLauncherProfileWizard (280)
[2017.08.18-12.43.38:680][822]LogModuleManager: Shutting down and abandoning module VisualStudioSourceCodeAccess (278)
[2017.08.18-12.43.38:680][822]LogModuleManager: Shutting down and abandoning module DesktopPlatform (277)
[2017.08.18-12.43.38:680][822]LogModuleManager: Shutting down and abandoning module UObjectPlugin (274)
[2017.08.18-12.43.38:680][822]LogModuleManager: Shutting down and abandoning module SubversionSourceControl (272)
[2017.08.18-12.43.38:680][822]LogModuleManager: Shutting down and abandoning module PerforceSourceControl (270)
[2017.08.18-12.43.38:680][822]LogModuleManager: Shutting down and abandoning module GitSourceControl (268)
[2017.08.18-12.43.38:680][822]LogModuleManager: Shutting down and abandoning module SourceControl (267)
[2017.08.18-12.43.38:680][822]LogModuleManager: Shutting down and abandoning module LightPropagationVolumeEditor (264)
[2017.08.18-12.43.38:680][822]LogModuleManager: Shutting down and abandoning module PaperTiledImporter (262)
[2017.08.18-12.43.38:680][822]LogModuleManager: Shutting down and abandoning module PaperSpriteSheetImporter (260)
[2017.08.18-12.43.38:680][822]LogModuleManager: Shutting down and abandoning module Paper2DEditor (258)
[2017.08.18-12.43.38:680][822]LogModuleManager: Shutting down and abandoning module MeshPaint (257)
[2017.08.18-12.43.38:680][822]LogModuleManager: Shutting down and abandoning module LevelEditor (255)
[2017.08.18-12.43.38:681][822]LogModuleManager: Shutting down and abandoning module PixelInspectorModule (254)
[2017.08.18-12.43.38:682][822]LogModuleManager: Shutting down and abandoning module MainFrame (252)
[2017.08.18-12.43.38:682][822]LogModuleManager: Shutting down and abandoning module HotReload (251)
[2017.08.18-12.43.38:682][822]LogModuleManager: Shutting down and abandoning module PhysXVehiclesEditor (246)
[2017.08.18-12.43.38:682][822]LogModuleManager: Shutting down and abandoning module PhysXVehicles (244)
[2017.08.18-12.43.38:682][822]LogModuleManager: Shutting down and abandoning module LocationServicesBPLibrary (242)
[2017.08.18-12.43.38:682][822]LogModuleManager: Shutting down and abandoning module ImmediatePhysicsEditor (240)
[2017.08.18-12.43.38:682][822]LogModuleManager: Shutting down and abandoning module ImmediatePhysics (238)
[2017.08.18-12.43.38:682][822]LogModuleManager: Shutting down and abandoning module UdpMessaging (236)
[2017.08.18-12.43.38:783][822]LogModuleManager: Shutting down and abandoning module TcpMessaging (234)
[2017.08.18-12.43.38:883][822]LogModuleManager: Shutting down and abandoning module GameplayTagsEditor (232)
[2017.08.18-12.43.38:884][822]LogModuleManager: Shutting down and abandoning module FacialAnimationEditor (230)
[2017.08.18-12.43.38:884][822]LogModuleManager: Shutting down and abandoning module FacialAnimation (228)
[2017.08.18-12.43.38:884][822]LogModuleManager: Shutting down and abandoning module AssetManagerEditor (226)
[2017.08.18-12.43.38:884][822]LogModuleManager: Shutting down and abandoning module GraphEditor (225)
[2017.08.18-12.43.38:885][822]LogModuleManager: Shutting down and abandoning module ContentBrowser (223)
[2017.08.18-12.43.38:887][822]LogModuleManager: Shutting down and abandoning module LightPropagationVolumeRuntime (220)
[2017.08.18-12.43.38:887][822]LogModuleManager: Shutting down and abandoning module Paper2D (218)
[2017.08.18-12.43.38:887][822]LogModuleManager: Shutting down and abandoning module WindowsMoviePlayer (216)
[2017.08.18-12.43.38:887][822]LogModuleManager: Shutting down and abandoning module WmfMedia (214)
[2017.08.18-12.43.38:888][822]LogModuleManager: Shutting down and abandoning module ClothingSystemEditor (212)
[2017.08.18-12.43.38:888][822]LogModuleManager: Shutting down and abandoning module ClothingSystemRuntime (210)
[2017.08.18-12.43.38:888][822]LogModuleManager: Shutting down and abandoning module MediaAssets (208)
[2017.08.18-12.43.38:888][822]LogModuleManager: Shutting down and abandoning module GameLiveStreaming (206)
[2017.08.18-12.43.38:888][822]LogModuleManager: Shutting down and abandoning module VREditor (204)
[2017.08.18-12.43.38:889][822]LogModuleManager: Shutting down and abandoning module StringTableEditor (202)
[2017.08.18-12.43.38:889][822]LogModuleManager: Shutting down and abandoning module GameplayTasksEditor (200)
[2017.08.18-12.43.38:889][822]LogModuleManager: Shutting down and abandoning module BehaviorTreeEditor (198)
[2017.08.18-12.43.38:890][822]LogModuleManager: Shutting down and abandoning module FunctionalTesting (196)
[2017.08.18-12.43.38:890][822]LogModuleManager: Shutting down and abandoning module CollisionAnalyzer (194)
[2017.08.18-12.43.38:890][822]LogModuleManager: Shutting down and abandoning module UMG (192)
[2017.08.18-12.43.38:890][822]LogModuleManager: Shutting down and abandoning module UMGEditor (191)
[2017.08.18-12.43.38:891][822]LogModuleManager: Shutting down and abandoning module Sequencer (190)
[2017.08.18-12.43.38:891][822]LogModuleManager: Shutting down and abandoning module AssetTools (188)
[2017.08.18-12.43.38:892][822]LogModuleManager: Shutting down and abandoning module MessageLog (187)
[2017.08.18-12.43.38:892][822]LogModuleManager: Shutting down and abandoning module WorkspaceMenuStructure (186)
[2017.08.18-12.43.38:892][822]LogModuleManager: Shutting down and abandoning module SlateReflector (180)
[2017.08.18-12.43.38:893][822]LogModuleManager: Shutting down and abandoning module Slate (178)
[2017.08.18-12.43.38:893][822]LogModuleManager: Shutting down and abandoning module EditorStyle (176)
[2017.08.18-12.43.38:900][822]LogModuleManager: Shutting down and abandoning module SourceCodeAccess (174)
[2017.08.18-12.43.38:901][822]LogModuleManager: Shutting down and abandoning module HeadMountedDisplay (172)
[2017.08.18-12.43.38:901][822]LogModuleManager: Shutting down and abandoning module XAudio2 (170)
[2017.08.18-12.43.38:901][822]LogModuleManager: Shutting down and abandoning module Networking (168)
[2017.08.18-12.43.38:901][822]LogModuleManager: Shutting down and abandoning module Core (164)
[2017.08.18-12.43.38:901][822]LogModuleManager: Shutting down and abandoning module AssetRegistry (162)
[2017.08.18-12.43.39:064][822]LogDirectoryWatcher: A directory notification for '../../../Engine/Content/' was aborted.
[2017.08.18-12.43.39:064][822]LogDirectoryWatcher: A directory notification for '../../../../../../Unreal/FOTWO/source/FOTWO02/Content/' was aborted.
[2017.08.18-12.43.39:064][822]LogDirectoryWatcher: A directory notification for '../../../Engine/Plugins/2D/Paper2D/Content/' was aborted.
[2017.08.18-12.43.39:064][822]LogDirectoryWatcher: A directory notification for '../../../Engine/Plugins/Runtime/GearVR/Content/' was aborted.
[2017.08.18-12.43.39:066][822]LogModuleManager: Shutting down and abandoning module DirectoryWatcher (161)
[2017.08.18-12.43.39:067][822]LogModuleManager: Shutting down and abandoning module KismetCompiler (158)
[2017.08.18-12.43.39:067][822]LogModuleManager: Shutting down and abandoning module LevelSequence (156)
[2017.08.18-12.43.39:067][822]LogModuleManager: Shutting down and abandoning module PhysXFormats (154)
[2017.08.18-12.43.39:067][822]LogModuleManager: Shutting down and abandoning module MeshUtilities (152)
[2017.08.18-12.43.39:067][822]LogModuleManager: Shutting down and abandoning module SimplygonSwarm (151)
[2017.08.18-12.43.39:067][822]LogModuleManager: Shutting down and abandoning module SimplygonMeshReduction (149)
[2017.08.18-12.43.39:067][822]LogModuleManager: Shutting down and abandoning module QuadricMeshReduction (147)
[2017.08.18-12.43.39:067][822]LogModuleManager: Shutting down and abandoning module DerivedDataCache (144)
[2017.08.18-12.43.39:092][822]LogDerivedDataCache: Shutdown
[2017.08.18-12.43.39:092][822]LogModuleManager: Shutting down and abandoning module TargetPlatform (142)
[2017.08.18-12.43.39:092][822]LogModuleManager: Shutting down and abandoning module VulkanShaderFormat (141)
[2017.08.18-12.43.39:092][822]LogModuleManager: Shutting down and abandoning module ShaderFormatVectorVM (139)
[2017.08.18-12.43.39:093][822]LogModuleManager: Shutting down and abandoning module ShaderFormatOpenGL (137)
[2017.08.18-12.43.39:094][822]LogModuleManager: Shutting down and abandoning module ShaderFormatD3D (135)
[2017.08.18-12.43.39:094][822]LogModuleManager: Shutting down and abandoning module MetalShaderFormat (133)
[2017.08.18-12.43.39:094][822]LogModuleManager: Shutting down and abandoning module TextureFormatUncompressed (131)
[2017.08.18-12.43.39:094][822]LogModuleManager: Shutting down and abandoning module TextureFormatPVR (129)
[2017.08.18-12.43.39:094][822]LogModuleManager: Shutting down and abandoning module TextureFormatDXT (127)
[2017.08.18-12.43.39:094][822]LogModuleManager: Shutting down and abandoning module TextureFormatIntelISPCTexComp (125)
[2017.08.18-12.43.39:094][822]LogModuleManager: Shutting down and abandoning module TextureFormatASTC (123)
[2017.08.18-12.43.39:094][822]LogModuleManager: Shutting down and abandoning module ImageWrapper (122)
[2017.08.18-12.43.39:094][822]LogModuleManager: Shutting down and abandoning module TextureFormatAndroid (119)
[2017.08.18-12.43.39:094][822]LogModuleManager: Shutting down and abandoning module AudioFormatOpus (117)
[2017.08.18-12.43.39:094][822]LogModuleManager: Shutting down and abandoning module AudioFormatOgg (115)
[2017.08.18-12.43.39:094][822]LogModuleManager: Shutting down and abandoning module AudioFormatADPCM (113)
[2017.08.18-12.43.39:094][822]LogModuleManager: Shutting down and abandoning module LinuxTargetPlatform (111)
[2017.08.18-12.43.39:094][822]LogModuleManager: Shutting down and abandoning module LinuxServerTargetPlatform (109)
[2017.08.18-12.43.39:094][822]LogModuleManager: Shutting down and abandoning module LinuxNoEditorTargetPlatform (107)
[2017.08.18-12.43.39:094][822]LogModuleManager: Shutting down and abandoning module LinuxClientTargetPlatform (105)
[2017.08.18-12.43.39:095][822]LogModuleManager: Shutting down and abandoning module TVOSTargetPlatform (103)
[2017.08.18-12.43.39:095][822]LogModuleManager: Shutting down and abandoning module Messaging (101)
[2017.08.18-12.43.39:095][822]LogModuleManager: Shutting down and abandoning module IOSTargetPlatform (99)
[2017.08.18-12.43.39:095][822]LogModuleManager: Shutting down and abandoning module HTML5TargetPlatform (97)
[2017.08.18-12.43.39:095][822]LogModuleManager: Shutting down and abandoning module Android_PVRTCTargetPlatform (95)
[2017.08.18-12.43.39:096][822]LogModuleManager: Shutting down and abandoning module Android_MultiTargetPlatform (93)
[2017.08.18-12.43.39:096][822]LogModuleManager: Shutting down and abandoning module Android_ETC2TargetPlatform (91)
[2017.08.18-12.43.39:096][822]LogModuleManager: Shutting down and abandoning module Android_ETC1TargetPlatform (89)
[2017.08.18-12.43.39:096][822]LogModuleManager: Shutting down and abandoning module Android_DXTTargetPlatform (87)
[2017.08.18-12.43.39:096][822]LogModuleManager: Shutting down and abandoning module Android_ATCTargetPlatform (85)
[2017.08.18-12.43.39:096][822]LogModuleManager: Shutting down and abandoning module Android_ASTCTargetPlatform (83)
[2017.08.18-12.43.39:096][822]LogModuleManager: Shutting down and abandoning module AndroidTargetPlatform (81)
[2017.08.18-12.43.39:096][822]LogModuleManager: Shutting down and abandoning module WindowsTargetPlatform (79)
[2017.08.18-12.43.39:096][822]LogModuleManager: Shutting down and abandoning module WindowsServerTargetPlatform (77)
[2017.08.18-12.43.39:096][822]LogModuleManager: Shutting down and abandoning module WindowsNoEditorTargetPlatform (75)
[2017.08.18-12.43.39:096][822]LogModuleManager: Shutting down and abandoning module WindowsClientTargetPlatform (73)
[2017.08.18-12.43.39:096][822]LogModuleManager: Shutting down and abandoning module MacTargetPlatform (71)
[2017.08.18-12.43.39:096][822]LogModuleManager: Shutting down and abandoning module MacServerTargetPlatform (69)
[2017.08.18-12.43.39:096][822]LogModuleManager: Shutting down and abandoning module MacNoEditorTargetPlatform (67)
[2017.08.18-12.43.39:096][822]LogModuleManager: Shutting down and abandoning module MacClientTargetPlatform (65)
[2017.08.18-12.43.39:096][822]LogModuleManager: Shutting down and abandoning module AllDesktopTargetPlatform (63)
[2017.08.18-12.43.39:096][822]LogModuleManager: Shutting down and abandoning module InputCore (60)
[2017.08.18-12.43.39:096][822]LogModuleManager: Shutting down and abandoning module Settings (58)
[2017.08.18-12.43.39:096][822]LogModuleManager: Shutting down and abandoning module OculusRift (56)
[2017.08.18-12.43.39:096][822]LogModuleManager: Shutting down and abandoning module GearVRController (54)
[2017.08.18-12.43.39:096][822]LogModuleManager: Shutting down and abandoning module GearVR (52)
[2017.08.18-12.43.39:096][822]LogModuleManager: Shutting down and abandoning module ExampleDeviceProfileSelector (50)
[2017.08.18-12.43.39:096][822]LogModuleManager: Shutting down and abandoning module OnlineBlueprintSupport (48)
[2017.08.18-12.43.39:096][822]LogModuleManager: Shutting down and abandoning module OnlineSubsystem (44)
[2017.08.18-12.43.39:096][822]LogOnline:Display: Unloading online subsystem: NULL
[2017.08.18-12.43.39:097][822]LogModuleManager: Shutting down and abandoning module XMPP (43)
[2017.08.18-12.43.39:097][822]LogModuleManager: Shutting down and abandoning module HTTP (41)
[2017.08.18-12.43.39:097][822]LogHttp:Display: Http module shutting down, but needs to wait on 1 outstanding Http requests:
[2017.08.18-12.43.39:097][822]LogHttp:Display: 	verb=[POST] url=[https://datarouter.ol.epicgames.com/datarouter/api/v1/public/data?SessionID=%7BAD2B7752-4B70-E892-0A2C-79AB2B3C3451%7D&AppID=UEEditor.Rocket.Release&AppVersion=4.16.3-3561208%2B%2B%2BUE4%2BRelease-4.16&UserID=f07af55e4db0c636e0c073a1312074d9%7Caa7a108f70184e1b92fdd786c25cd9b8%7Caeab9882-b6f4-4a22-991a-718da4fba234&AppEnvironment=datacollector-binary&UploadType=eteventstream] status=Processing
[2017.08.18-12.43.39:105][822]LogModuleManager: Shutting down and abandoning module SSL (40)
[2017.08.18-12.43.39:106][822]LogModuleManager: Shutting down and abandoning module HTTPChunkInstaller (36)
[2017.08.18-12.43.39:107][822]LogModuleManager: Shutting down and abandoning module AnimationModifiers (34)
[2017.08.18-12.43.39:107][822]LogModuleManager: Shutting down and abandoning module PropertyEditor (33)
[2017.08.18-12.43.39:107][822]LogModuleManager: Shutting down and abandoning module AudioEditor (30)
[2017.08.18-12.43.39:107][822]LogModuleManager: Shutting down and abandoning module TextureCompressor (28)
[2017.08.18-12.43.39:107][822]LogModuleManager: Shutting down and abandoning module ShaderCore (26)
[2017.08.18-12.43.39:107][822]LogModuleManager: Shutting down and abandoning module Landscape (24)
[2017.08.18-12.43.39:107][822]LogModuleManager: Shutting down and abandoning module SlateRHIRenderer (22)
[2017.08.18-12.43.39:109][822]LogModuleManager: Shutting down and abandoning module OpenGLDrv (20)
[2017.08.18-12.43.39:109][822]LogModuleManager: Shutting down and abandoning module D3D11RHI (18)
[2017.08.18-12.43.39:109][822]LogModuleManager: Shutting down and abandoning module AnimGraphRuntime (16)
[2017.08.18-12.43.39:109][822]LogModuleManager: Shutting down and abandoning module Renderer (14)
[2017.08.18-12.43.39:109][822]LogModuleManager: Shutting down and abandoning module Engine (12)
[2017.08.18-12.43.39:109][822]LogModuleManager: Shutting down and abandoning module CoreUObject (10)
[2017.08.18-12.43.39:109][822]LogModuleManager: Shutting down and abandoning module NetworkFile (8)
[2017.08.18-12.43.39:109][822]LogModuleManager: Shutting down and abandoning module StreamingFile (6)
[2017.08.18-12.43.39:109][822]LogModuleManager: Shutting down and abandoning module SandboxFile (4)
[2017.08.18-12.43.39:109][822]LogModuleManager: Shutting down and abandoning module PakFile (2)
[2017.08.18-12.43.39:111][822]LogExit: Exiting.
[2017.08.18-12.43.39:126][822]Log file closed, 08/18/17 14:43:39
