Log file open, 07/12/17 09:01:49
LogInit:Display: Running engine for game: FOTWO02
LogPlatformFile: Not using cached read wrapper
LogInit:Display: RandInit(1600435494) SRandInit(1600435494).
LogTaskGraph: Started task graph with 5 named threads and 8 total threads with 1 sets of task threads.
LogStats: Stats thread started at 0.640946
LogInit: Using libcurl 7.47.1
LogInit:  - built for x86_64-pc-win32
LogInit:  - supports SSL with OpenSSL/1.0.2g
LogInit:  - supports HTTP deflate (compression) using libz 1.2.8
LogInit:  - other features:
LogInit:      CURL_VERSION_SSL
LogInit:      CURL_VERSION_LIBZ
LogInit:      CURL_VERSION_IPV6
LogInit:      CURL_VERSION_ASYNCHDNS
LogInit:      CURL_VERSION_LARGEFILE
LogInit:      CURL_VERSION_IDN
LogInit:  CurlRequestOptions (configurable via config and command line):
LogInit:  - bVerifyPeer = false  - Libcurl will NOT verify peer certificate
LogInit:  - bUseHttpProxy = false  - Libcurl will NOT use HTTP proxy
LogInit:  - bDontReuseConnections = false  - Libcurl will reuse connections
LogInit:  - CertBundlePath = nullptr  - Libcurl will use whatever was configured at build time.
LogInit: Build: ++UE4+Release-4.16-CL-3514769
LogInit: Engine Version: 4.16.2-3514769+++UE4+Release-4.16
LogInit: Compatible Engine Version: 4.16.0-3452394+++UE4+Release-4.16
LogInit: Net CL: 3452394
LogDevObjectVersion: Number of dev versions registered: 16
LogDevObjectVersion:   Dev-Blueprints (B0D832E4-1F89-4F0D-ACCF-7EB736FD4AA2): 9
LogDevObjectVersion:   Dev-Build (E1C64328-A22C-4D53-A36C-8E866417BD8C): 0
LogDevObjectVersion:   Dev-Core (375EC13C-06E4-48FB-B500-84F0262A717E): 2
LogDevObjectVersion:   Dev-Editor (E4B068ED-F494-42E9-A231-DA0B2E46BB41): 17
LogDevObjectVersion:   Dev-Framework (CFFC743F-43B0-4480-9391-14DF171D2073): 23
LogDevObjectVersion:   Dev-Mobile (B02B49B5-BB20-44E9-A304-32B752E40360): 0
LogDevObjectVersion:   Dev-Networking (A4E4105C-59A1-49B5-A7C5-40C4547EDFEE): 0
LogDevObjectVersion:   Dev-Online (39C831C9-5AE6-47DC-9A44-9C173E1C8E7C): 0
LogDevObjectVersion:   Dev-Physics (78F01B33-EBEA-4F98-B9B4-84EACCB95AA2): 0
LogDevObjectVersion:   Dev-Platform (6631380F-2D4D-43E0-8009-CF276956A95A): 0
LogDevObjectVersion:   Dev-Rendering (12F88B9F-8875-4AFC-A67C-D90C383ABD29): 15
LogDevObjectVersion:   Dev-Sequencer (7B5AE74C-D270-4C10-A958-57980B212A5A): 4
LogDevObjectVersion:   Dev-VR (D7296918-1DD6-4BDD-9DE2-64A83CC13884): 0
LogDevObjectVersion:   Dev-LoadTimes (C2A15278-BFE7-4AFE-6C17-90FF531DF755): 1
LogDevObjectVersion:   Private-Geometry (6EACA3D4-40EC-4CC1-B786-8BED09428FC5): 1
LogDevObjectVersion:   Dev-AnimPhys (29E575DD-E0A3-4627-9D10-D276232CDCEA): 3
LogInit: Compiled (64-bit): Jun 29 2017 02:03:24
LogInit: Compiled with Visual C++: 19.00.24215.01
LogInit: Build Configuration: Development
LogInit: Branch Name: ++UE4+Release-4.16
LogInit: Command line:  
LogInit: Base directory: C:/Program Files/Epic Games/UE_4.16/Engine/Binaries/Win64/
LogInit: Installed Engine Build: 1
LogInit: Presizing for max 8388607 objects, including 0 objects not considered by GC, pre-allocating 0 bytes for permanent pool.
LogInit: Object subsystem initialized
[2017.07.12-07.01.49:671][  0]LogInit: Selected Device Profile: [Windows]
[2017.07.12-07.01.49:671][  0]LogInit: Applying CVar settings loaded from the selected device profile: [Windows]
[2017.07.12-07.01.49:718][  0]LogInit: Computer: KLAUDE2017ALIEN
[2017.07.12-07.01.49:718][  0]LogInit: User: vonkl
[2017.07.12-07.01.49:718][  0]LogInit: CPU Page size=4096, Cores=4
[2017.07.12-07.01.49:718][  0]LogInit: High frequency timer resolution =2.742183 MHz
[2017.07.12-07.01.49:719][  0]LogMemory: Memory total: Physical=15.9GB (16GB approx)
[2017.07.12-07.01.49:719][  0]LogMemory: Platform Memory Stats for Windows
[2017.07.12-07.01.49:719][  0]LogMemory: Process Physical Memory: 274.41 MB used, 274.41 MB peak
[2017.07.12-07.01.49:719][  0]LogMemory: Process Virtual Memory: 260.79 MB used, 260.79 MB peak
[2017.07.12-07.01.49:719][  0]LogMemory: Physical Memory: 5424.03 MB used,  10832.95 MB free, 16256.98 MB total
[2017.07.12-07.01.49:719][  0]LogMemory: Virtual Memory: 638.47 MB used,  10832.95 MB free, 134217728.00 MB total
[2017.07.12-07.01.50:013][  0]LogInit: Using OS detected language (en-GB).
[2017.07.12-07.01.50:013][  0]LogInit: Using OS detected locale (en-GB).
[2017.07.12-07.01.50:059][  0]LogTextLocalizationManager: No specific localization for 'en-GB' exists, so the 'en' localization will be used.
[2017.07.12-07.01.52:820][  0]LogD3D11RHI: D3D11 adapters:
[2017.07.12-07.01.53:358][  0]LogD3D11RHI:    0. 'NVIDIA GeForce GTX 1060' (Feature Level 11_0)
[2017.07.12-07.01.53:358][  0]LogD3D11RHI:       6084/0/8128 MB DedicatedVideo/DedicatedSystem/SharedSystem, Outputs:2, VendorId:0x10de
[2017.07.12-07.01.53:385][  0]LogD3D11RHI:    1. 'Intel(R) HD Graphics 630' (Feature Level 11_0)
[2017.07.12-07.01.53:385][  0]LogD3D11RHI:       128/0/8128 MB DedicatedVideo/DedicatedSystem/SharedSystem, Outputs:0, VendorId:0x8086
[2017.07.12-07.01.53:386][  0]LogD3D11RHI:    2. 'Microsoft Basic Render Driver' (Feature Level 11_0)
[2017.07.12-07.01.53:386][  0]LogD3D11RHI:       0/0/8128 MB DedicatedVideo/DedicatedSystem/SharedSystem, Outputs:0, VendorId:0x1414
[2017.07.12-07.01.53:386][  0]LogD3D11RHI: Chosen D3D11 Adapter: 0
[2017.07.12-07.01.53:392][  0]LogD3D11RHI: Creating new Direct3DDevice
[2017.07.12-07.01.53:392][  0]LogD3D11RHI:     GPU DeviceId: 0x1c60 (for the marketing name, search the web for "GPU Device Id")
[2017.07.12-07.01.53:392][  0]LogWindows: EnumDisplayDevices:
[2017.07.12-07.01.53:392][  0]LogWindows:    0. 'NVIDIA GeForce GTX 1060' (P:0 D:1)
[2017.07.12-07.01.53:393][  0]LogWindows:    1. 'NVIDIA GeForce GTX 1060' (P:1 D:1)
[2017.07.12-07.01.53:393][  0]LogWindows:    2. 'NVIDIA GeForce GTX 1060' (P:0 D:0)
[2017.07.12-07.01.53:393][  0]LogWindows:    3. 'NVIDIA GeForce GTX 1060' (P:0 D:0)
[2017.07.12-07.01.53:393][  0]LogWindows:    4. 'Intel(R) HD Graphics 630' (P:0 D:0)
[2017.07.12-07.01.53:393][  0]LogWindows:    5. 'Intel(R) HD Graphics 630' (P:0 D:0)
[2017.07.12-07.01.53:393][  0]LogWindows:    6. 'Intel(R) HD Graphics 630' (P:0 D:0)
[2017.07.12-07.01.53:393][  0]LogWindows: DebugString: PrimaryIsNotTheChoosenAdapter PrimaryIsNotTheChoosenAdapter PrimaryIsNotTheChoosenAdapter FoundDriverCount:4 
[2017.07.12-07.01.53:393][  0]LogD3D11RHI:     Adapter Name: NVIDIA GeForce GTX 1060
[2017.07.12-07.01.53:393][  0]LogD3D11RHI:   Driver Version: 382.53 (internal:22.21.13.8253, unified:382.53)
[2017.07.12-07.01.53:393][  0]LogD3D11RHI:      Driver Date: 6-7-2017
[2017.07.12-07.01.53:394][  0]LogRHI: Texture pool is 1361 MB (70% of 1945 MB)
[2017.07.12-07.01.53:912][  0]LogD3D11RHI: Async texture creation enabled
[2017.07.12-07.01.53:963][  0]LogD3D11RHI: GPU Timing Frequency: 1000.000000 (Debug: 2 1)
[2017.07.12-07.01.54:067][  0]LogShaderCompilers: Guid format shader working directory is 0 characters bigger than the processId version (../../../../../../Unreal/FOTWO/source/FOTWO02/Intermediate/Shaders/WorkingDirectory/10404/).
[2017.07.12-07.01.54:067][  0]LogShaderCompilers: Cleaned the shader compiler working directory 'C:/Users/vonkl/AppData/Local/Temp/UnrealShaderWorkingDir/50CFBF28411BCC13795B59AE0EB26B83/'.
[2017.07.12-07.01.54:068][  0]LogShaderCompilers:Display: Using Local Shader Compiler.
[2017.07.12-07.01.56:010][  0]LogTemp:Display: Loaded TP AllDesktopTargetPlatform
[2017.07.12-07.01.56:057][  0]LogTemp:Display: Loaded TP MacClientTargetPlatform
[2017.07.12-07.01.56:100][  0]LogTemp:Display: Loaded TP MacNoEditorTargetPlatform
[2017.07.12-07.01.56:142][  0]LogTemp:Display: Loaded TP MacServerTargetPlatform
[2017.07.12-07.01.56:191][  0]LogTemp:Display: Loaded TP MacTargetPlatform
[2017.07.12-07.01.56:235][  0]LogTemp:Display: Loaded TP WindowsClientTargetPlatform
[2017.07.12-07.01.56:281][  0]LogTemp:Display: Loaded TP WindowsNoEditorTargetPlatform
[2017.07.12-07.01.56:327][  0]LogTemp:Display: Loaded TP WindowsServerTargetPlatform
[2017.07.12-07.01.56:372][  0]LogTemp:Display: Loaded TP WindowsTargetPlatform
[2017.07.12-07.01.56:417][  0]LogTemp:Display: Loaded TP AndroidTargetPlatform
[2017.07.12-07.01.56:461][  0]LogTemp:Display: Loaded TP Android_ASTCTargetPlatform
[2017.07.12-07.01.56:503][  0]LogTemp:Display: Loaded TP Android_ATCTargetPlatform
[2017.07.12-07.01.56:544][  0]LogTemp:Display: Loaded TP Android_DXTTargetPlatform
[2017.07.12-07.01.56:586][  0]LogTemp:Display: Loaded TP Android_ETC1TargetPlatform
[2017.07.12-07.01.56:628][  0]LogTemp:Display: Loaded TP Android_ETC2TargetPlatform
[2017.07.12-07.01.56:713][  0]LogTemp:Display: Loaded TP Android_MultiTargetPlatform
[2017.07.12-07.01.56:713][  0]LogTemp:Display: Loaded TP Android_PVRTCTargetPlatform
[2017.07.12-07.01.56:748][  0]LogTemp:Display: Loaded TP HTML5TargetPlatform
[2017.07.12-07.01.56:839][  0]LogTemp:Display: Loaded TP IOSTargetPlatform
[2017.07.12-07.01.56:866][  0]LogTemp:Display: Loaded TP TVOSTargetPlatform
[2017.07.12-07.01.56:908][  0]LogTemp:Display: Loaded TP LinuxClientTargetPlatform
[2017.07.12-07.01.56:950][  0]LogTemp:Display: Loaded TP LinuxNoEditorTargetPlatform
[2017.07.12-07.01.56:995][  0]LogTemp:Display: Loaded TP LinuxServerTargetPlatform
[2017.07.12-07.01.57:045][  0]LogTemp:Display: Loaded TP LinuxTargetPlatform
[2017.07.12-07.01.57:045][  0]LogTargetPlatformManager:Display: Building Assets For Windows
[2017.07.12-07.01.57:581][  0]LogDerivedDataCache:Display: Max Cache Size: 512 MB
[2017.07.12-07.01.58:485][  0]LogDerivedDataCache: Loaded boot cache 0.90s 90MB C:/Users/vonkl/AppData/Local/UnrealEngine/4.16/DerivedDataCache/Boot.ddc.
[2017.07.12-07.01.58:485][  0]LogDerivedDataCache:Display: Loaded Boot cache: C:/Users/vonkl/AppData/Local/UnrealEngine/4.16/DerivedDataCache/Boot.ddc
[2017.07.12-07.01.58:485][  0]LogDerivedDataCache: FDerivedDataBackendGraph:  Pak pak cache file ../../../../../../Unreal/FOTWO/source/FOTWO02/DerivedDataCache/DDC.ddp not found, will not use a pak cache.
[2017.07.12-07.01.58:485][  0]LogDerivedDataCache: Unable to find inner node Pak for hierarchical cache Hierarchy.
[2017.07.12-07.01.58:485][  0]LogDerivedDataCache: FDerivedDataBackendGraph:  CompressedPak pak cache file ../../../../../../Unreal/FOTWO/source/FOTWO02/DerivedDataCache/Compressed.ddp not found, will not use a pak cache.
[2017.07.12-07.01.58:486][  0]LogDerivedDataCache: Unable to find inner node CompressedPak for hierarchical cache Hierarchy.
[2017.07.12-07.01.58:561][  0]LogDerivedDataCache:Display: Pak cache opened for reading ../../../Engine/DerivedDataCache/Compressed.ddp.
[2017.07.12-07.01.58:574][  0]LogDerivedDataCache: Using Local data cache path C:/Users/vonkl/AppData/Local/UnrealEngine/Common/DerivedDataCache: Writable
[2017.07.12-07.01.58:595][  0]LogMaterial: Verifying Global Shaders for PCD3D_SM5
[2017.07.12-07.01.58:601][  0]LogSlate: Using Freetype 2.6.0
[2017.07.12-07.01.58:616][  0]LogSlate: SlateFontCache - WITH_FREETYPE: 1, WITH_HARFBUZZ: 1
[2017.07.12-07.01.58:616][  0]LogSlate: SlateFontCache - WITH_FREETYPE: 1, WITH_HARFBUZZ: 1
[2017.07.12-07.01.59:808][  0]LogInit: Selected Device Profile: [Windows]
[2017.07.12-07.02.00:046][  0]LogContentStreaming: Texture pool size is 0.00 MB
[2017.07.12-07.02.00:255][  0]LogMeshUtilities: Using QuadricMeshReduction for automatic static mesh reduction
[2017.07.12-07.02.00:304][  0]LogSimplygon: Simplygon DLL not present - disabling.
[2017.07.12-07.02.00:351][  0]LogMeshUtilities: Using SimplygonSwarm for distributed automatic mesh merging
[2017.07.12-07.02.00:351][  0]LogMeshUtilities: No automatic skeletal mesh reduction module available
[2017.07.12-07.02.00:351][  0]LogMeshUtilities: No automatic mesh merging module available
[2017.07.12-07.02.01:646][  0]LogNetVersion: FOTWO02 , NetCL: 3452394, EngineNetVer: 2, GameNetVer: 0 (Checksum: 2990255715)
[2017.07.12-07.02.01:736][  0]LogAssetRegistry: FAssetRegistry took 0.0271 seconds to start up
[2017.07.12-07.02.01:792][  0]LogPackageLocalizationCache: Processed 4 localized package path(s) for 2 prioritized culture(s) in 0.033939 seconds
[2017.07.12-07.02.01:797][  0]LogUObjectArray: 34194 objects as part of root set at end of initial load.
[2017.07.12-07.02.01:797][  0]LogUObjectAllocator: 7260416 out of 0 bytes used by permanent object pool.
[2017.07.12-07.02.01:797][  0]LogUObjectArray: CloseDisregardForGC: 0/0 objects in disregard for GC pool
[2017.07.12-07.02.01:860][  0]LogInit: WinSock: version 1.1 (2.2), MaxSocks=32767, MaxUdp=65467
[2017.07.12-07.02.06:153][  0]LogTcpMessaging: Initializing TcpMessaging bridge
[2017.07.12-07.02.06:193][  0]LogUdpMessaging: Initializing bridge on interface 0.0.0.0:0 to multicast group 230.0.0.1:6666.
[2017.07.12-07.02.06:873][  0]LogMaterial: Uniform references updated for custom material expression Custom.
[2017.07.12-07.02.07:334][  0]SourceControl: Info Source control is disabled
[2017.07.12-07.02.07:388][  0]SourceControl: Info Source control is disabled
[2017.07.12-07.02.07:442][  0]SourceControl: Info Source control is disabled
[2017.07.12-07.02.07:494][  0]SourceControl: Info Source control is disabled
[2017.07.12-07.02.08:354][  0]LogAndroidPermission: UAndroidPermissionCallbackProxy::GetInstance
[2017.07.12-07.02.08:943][  0]LogEngine: Initializing Engine...
[2017.07.12-07.02.08:946][  0]LogHMD: Failed to initialize OpenVR with code 110
[2017.07.12-07.02.09:284][  0]LogStats: UGameplayTagsManager::ConstructGameplayTagTree: Construct from data asset -  0.000 s
[2017.07.12-07.02.09:284][  0]LogStats: UGameplayTagsManager::ConstructGameplayTagTree: GameplayTagTreeChangedEvent.Broadcast -  0.000 s
[2017.07.12-07.02.09:452][  0]LogAIModule: Creating AISystem for world Untitled
[2017.07.12-07.02.09:473][  0]LogInit: XAudio2 using 'Headset Earphone (3- Microsoft LifeChat LX-3000)' : 2 channels at 48 kHz using 16 bits per sample (channel mask 0x3)
[2017.07.12-07.02.09:495][  0]LogInit: FAudioDevice initialized.
[2017.07.12-07.02.09:533][  0]LogDerivedDataCache: Saved boot cache 0.04s 90MB C:/Users/vonkl/AppData/Local/UnrealEngine/4.16/DerivedDataCache/Boot.ddc.
[2017.07.12-07.02.09:545][  0]LogInit: Texture streaming: Enabled
[2017.07.12-07.02.09:637][  0]LogEngineSessionManager: EngineSessionManager initialized
[2017.07.12-07.02.09:910][  0]LogInit: Transaction tracking system initialized
[2017.07.12-07.02.10:214][  0]BlueprintLog: New page: Editor Load
[2017.07.12-07.02.11:392][  0]LocalizationService: Info Localization service is disabled
[2017.07.12-07.02.12:072][  0]LogConsoleResponse:Display: 
[2017.07.12-07.02.12:445][  0]LogCook:Display: Max memory allowance for cook 16384mb min free memory 0mb
[2017.07.12-07.02.12:445][  0]LogCook:Display: Mobile HDR setting 1
[2017.07.12-07.02.13:573][  0]LogFileCache: Scanning file cache for directory 'C:/Unreal/FOTWO/source/FOTWO02/Content/' took 0.02s
[2017.07.12-07.02.13:646][  0]SourceControl: Info Source control is disabled
[2017.07.12-07.02.13:647][  0]Cmd: MAP LOAD FILE="../../../../../../Unreal/FOTWO/source/FOTWO02/Content/2DSideScrollerBP/Maps/2DSideScrollerExampleMap.umap" TEMPLATE=0 SHOWPROGRESS=1 FEATURELEVEL=3
[2017.07.12-07.02.13:647][  0]LogEditorServer:Warning: Can't find file '../../../../../../Unreal/FOTWO/source/FOTWO02/Content/2DSideScrollerBP/Maps/2DSideScrollerExampleMap.umap'
[2017.07.12-07.02.13:648][  0]Cmd: MAP CHECKDEP NOCLEARLOG
[2017.07.12-07.02.13:684][  0]MapCheck: Info Map check complete: 0 Error(s), 0 Warning(s), took 36.859ms to complete.
[2017.07.12-07.02.13:684][  0]LogFileHelpers: Loading map '2DSideScrollerExampleMap' took 0.038
[2017.07.12-07.02.14:083][  0]LogCollectionManager: Loaded 0 collections in 0.002144 seconds
[2017.07.12-07.02.14:202][  0]LogFileCache: Scanning file cache for directory 'C:/Unreal/FOTWO/source/FOTWO02/Saved/Collections/' took 0.01s
[2017.07.12-07.02.14:202][  0]LogFileCache: Scanning file cache for directory 'C:/Unreal/FOTWO/source/FOTWO02/Content/Developers/vonkl/Collections/' took 0.02s
[2017.07.12-07.02.14:202][  0]LogFileCache: Scanning file cache for directory 'C:/Unreal/FOTWO/source/FOTWO02/Content/Collections/' took 0.00s
[2017.07.12-07.02.14:202][  0]LogCollectionManager: Rebuilt the GUID cache for 0 collections in 0.000001 seconds
[2017.07.12-07.02.14:212][  0]LogContentBrowser: Native class hierarchy populated in 0.0085 seconds. Added 2329 classes and 491 folders.
[2017.07.12-07.02.14:275][  0]LogContentBrowser: Native class hierarchy updated for 'WidgetCarousel' in 0.0005 seconds. Added 0 classes and 0 folders.
[2017.07.12-07.02.14:742][  0]LogContentBrowser: Native class hierarchy updated for 'AddContentDialog' in 0.0006 seconds. Added 0 classes and 0 folders.
[2017.07.12-07.02.14:828][  0]LogContentBrowser: Native class hierarchy updated for 'SceneOutliner' in 0.0005 seconds. Added 1 classes and 2 folders.
[2017.07.12-07.02.15:032][  0]LogCrashTracker: Crashtracker disabled due to settings.
[2017.07.12-07.02.15:050][  0]LogSlate: Took 0.006114 seconds to synchronously load lazily loaded font '../../../Engine/Content/Slate/Fonts/Roboto-Regular.ttf' (155K)
[2017.07.12-07.02.15:056][  0]LogSlate: Took 0.004654 seconds to synchronously load lazily loaded font '../../../Engine/Content/Slate/Fonts/Roboto-Bold.ttf' (160K)
[2017.07.12-07.02.15:068][  0]LogSlate: Took 0.005525 seconds to synchronously load lazily loaded font '../../../Engine/Content/Editor/Slate/Fonts/FontAwesome.ttf' (139K)
[2017.07.12-07.02.15:320][  0]LogRenderer: Reallocating scene render targets to support 1660x932 NumSamples 1 (Frame:1).
[2017.07.12-07.02.15:412][  0]LogUObjectGlobals:Warning: Failed to find object 'Class None.'
[2017.07.12-07.02.15:493][  0]LogContentBrowser: Native class hierarchy updated for 'HierarchicalLODOutliner' in 0.0006 seconds. Added 1 classes and 2 folders.
[2017.07.12-07.02.15:494][  0]LogLoad: (Engine Initialization) Total time: 29.11 seconds
[2017.07.12-07.02.15:494][  0]LogLoad: (Engine Initialization) Total Blueprint compile time: 0.08 seconds
[2017.07.12-07.02.15:494][  0]LogExternalProfiler: Found external profiler: VSPerf
[2017.07.12-07.02.15:494][  0]LogExternalProfiler: Using external profiler: VSPerf
[2017.07.12-07.02.15:514][  0]LogOcInput: OculusInput pre-init called
[2017.07.12-07.02.15:514][  0]LogHMD: Starting GearVRController plugin
[2017.07.12-07.02.15:531][  0]LogContentStreaming: Texture pool size now 1000 MB
[2017.07.12-07.02.15:600][  1]LogAssetRegistry: Asset discovery search completed in 13.8858 seconds
[2017.07.12-07.02.15:602][  1]LogCollectionManager: Rebuilt the object cache for 0 collections in 0.000000 seconds (found 0 objects)
[2017.07.12-07.02.15:602][  1]LogCollectionManager: Fixed up redirectors for 0 collections in 0.000021 seconds (updated 0 objects)
[2017.07.12-07.02.16:543][ 54]LogSlate: Took 0.006136 seconds to synchronously load lazily loaded font '../../../Engine/Content/Slate/Fonts/Roboto-Light.ttf' (159K)
[2017.07.12-07.02.20:052][261]LogSlate: Took 0.000251 seconds to synchronously load lazily loaded font '../../../Engine/Content/Slate/Fonts/Roboto-Light.ttf' (159K)
[2017.07.12-07.02.20:687][261]LogAIModule: Creating AISystem for world FOTWO01
[2017.07.12-07.02.20:723][261]Cmd: MAP LOAD FILE="../../../../../../Unreal/FOTWO/source/FOTWO02/Content/2DSideScrollerBP/Maps/FOTWO01.umap" TEMPLATE=0 SHOWPROGRESS=1 FEATURELEVEL=3
[2017.07.12-07.02.20:723][261]LightingResults: New page: Lighting Build
[2017.07.12-07.02.20:760][261]LogContentBrowser: Native class hierarchy updated for 'StatsViewer' in 0.0005 seconds. Added 5 classes and 0 folders.
[2017.07.12-07.02.20:761][261]LoadErrors: New page: Loading map: FOTWO01.umap
[2017.07.12-07.02.20:762][261]MapCheck: New page: Map Check
[2017.07.12-07.02.20:762][261]LightingResults: New page: Lighting Build
[2017.07.12-07.02.20:823][261]LogEditorServer: Finished looking for orphan Actors (0.000 secs)
[2017.07.12-07.02.20:855][261]Cmd: MAP CHECKDEP NOCLEARLOG
[2017.07.12-07.02.20:896][261]MapCheck: Info Map check complete: 0 Error(s), 0 Warning(s), took 41.425ms to complete.
[2017.07.12-07.02.20:896][261]LogFileHelpers: Loading map 'FOTWO01' took 0.175
[2017.07.12-07.02.29:417][737]LogContentBrowser: Native class hierarchy updated for 'BlueprintGraph' in 0.0014 seconds. Added 112 classes and 0 folders.
[2017.07.12-07.02.30:196][737]LogSlate: Took 0.003721 seconds to synchronously load lazily loaded font '../../../Engine/Content/Editor/Slate/Fonts/Roboto-BoldCondensed.ttf' (158K)
[2017.07.12-07.02.48:992][761]LogSlate: Took 0.031654 seconds to synchronously load lazily loaded font '../../../Engine/Content/Slate/Fonts/DroidSansFallback.ttf' (3848K)
[2017.07.12-07.04.45:943][649]BlueprintLog: New page: Compile MainHUD
[2017.07.12-07.04.46:187][649]BlueprintEditorCompileResults: Info Fast Template Successfully Created.
[2017.07.12-07.04.47:355][670]LogSavePackage: Save=593.04ms
[2017.07.12-07.04.47:355][670]LogSavePackage: Moving '../../../../../../Unreal/FOTWO/source/FOTWO02/Saved/MainHUD7AC1D0DE408281FB4387FFA8DC9B45C8.tmp' to '../../../../../../Unreal/FOTWO/source/FOTWO02/Content/2DSideScrollerBP/Blueprints/User_Interface/MainHUD.uasset'
[2017.07.12-07.04.47:358][670]LogSavePackage:Display: Finished SavePackage ../../../../../../Unreal/FOTWO/source/FOTWO02/Content/2DSideScrollerBP/Blueprints/User_Interface/MainHUD.uasset
[2017.07.12-07.04.48:987][764]LogTemp: Repeting last play command: Selected Viewport
[2017.07.12-07.04.49:045][764]LogBlueprintUserMessages: Early PlayInEditor Detection: Level '/Game/2DSideScrollerBP/Maps/FOTWO01.FOTWO01:PersistentLevel' has LevelScriptBlueprint '/Game/2DSideScrollerBP/Maps/FOTWO01.FOTWO01:PersistentLevel.FOTWO01' with GeneratedClass '/Game/2DSideScrollerBP/Maps/FOTWO01.FOTWO01_C' with ClassGeneratedBy '/Game/2DSideScrollerBP/Maps/FOTWO01.FOTWO01:PersistentLevel.FOTWO01'
[2017.07.12-07.04.49:045][764]LogPlayLevel: PlayLevel: No blueprints needed recompiling
[2017.07.12-07.04.49:046][764]PIE: New page: PIE session: FOTWO01 (12 Jul 2017 11:04:49)
[2017.07.12-07.04.49:046][764]LogPlayLevel: Creating play world package: /Game/2DSideScrollerBP/Maps/UEDPIE_0_FOTWO01
[2017.07.12-07.04.49:048][764]LogPlayLevel: PIE: StaticDuplicateObject took: (0.002006s)
[2017.07.12-07.04.49:048][764]LogAIModule: Creating AISystem for world FOTWO01
[2017.07.12-07.04.49:048][764]LogPlayLevel: PIE: World Init took: (0.000653s)
[2017.07.12-07.04.49:048][764]LogPlayLevel: PIE: Created PIE world by copying editor world from /Game/2DSideScrollerBP/Maps/FOTWO01.FOTWO01 to /Game/2DSideScrollerBP/Maps/UEDPIE_0_FOTWO01.FOTWO01 (0.002817s)
[2017.07.12-07.04.49:068][764]LogInit: XAudio2 using 'Headset Earphone (3- Microsoft LifeChat LX-3000)' : 2 channels at 48 kHz using 16 bits per sample (channel mask 0x3)
[2017.07.12-07.04.49:074][764]LogInit: FAudioDevice initialized.
[2017.07.12-07.04.49:116][764]LogLoad: Game class is 'FOTWOGameMode_C'
[2017.07.12-07.04.49:119][764]LogWorld: Bringing World /Game/2DSideScrollerBP/Maps/UEDPIE_0_FOTWO01.FOTWO01 up for play (max tick rate 60) at 2017.07.12-09.04.49
[2017.07.12-07.04.49:120][764]LogWorld: Bringing up level for play took: 0.001501
[2017.07.12-07.04.49:163][764]LogContentBrowser: Native class hierarchy updated for 'MovieSceneCapture' in 0.0006 seconds. Added 11 classes and 0 folders.
[2017.07.12-07.04.49:175][764]PIE: Info Play in editor start time for /Game/2DSideScrollerBP/Maps/UEDPIE_0_FOTWO01 0.517
[2017.07.12-07.04.49:176][764]LogBlueprintUserMessages: Late PlayInEditor Detection: Level '/Game/2DSideScrollerBP/Maps/FOTWO01.FOTWO01:PersistentLevel' has LevelScriptBlueprint '/Game/2DSideScrollerBP/Maps/FOTWO01.FOTWO01:PersistentLevel.FOTWO01' with GeneratedClass '/Game/2DSideScrollerBP/Maps/FOTWO01.FOTWO01_C' with ClassGeneratedBy '/Game/2DSideScrollerBP/Maps/FOTWO01.FOTWO01:PersistentLevel.FOTWO01'
[2017.07.12-07.05.07:296][849]LogBlueprintUserMessages: Early EndPlayMap Detection: Level '/Game/2DSideScrollerBP/Maps/FOTWO01.FOTWO01:PersistentLevel' has LevelScriptBlueprint '/Game/2DSideScrollerBP/Maps/FOTWO01.FOTWO01:PersistentLevel.FOTWO01' with GeneratedClass '/Game/2DSideScrollerBP/Maps/FOTWO01.FOTWO01_C' with ClassGeneratedBy '/Game/2DSideScrollerBP/Maps/FOTWO01.FOTWO01:PersistentLevel.FOTWO01'
[2017.07.12-07.05.07:340][849]LogBlueprintUserMessages: Late EndPlayMap Detection: Level '/Game/2DSideScrollerBP/Maps/FOTWO01.FOTWO01:PersistentLevel' has LevelScriptBlueprint '/Game/2DSideScrollerBP/Maps/FOTWO01.FOTWO01:PersistentLevel.FOTWO01' with GeneratedClass '/Game/2DSideScrollerBP/Maps/FOTWO01.FOTWO01_C' with ClassGeneratedBy '/Game/2DSideScrollerBP/Maps/FOTWO01.FOTWO01:PersistentLevel.FOTWO01'
[2017.07.12-07.05.12:486][115]LogSlate: Took 0.003503 seconds to synchronously load lazily loaded font '../../../Engine/Content/Editor/Slate/Fonts/Roboto-Italic.ttf' (157K)
[2017.07.12-07.07.14:302][190]LogSlate: Took 0.004352 seconds to synchronously load lazily loaded font '../../../Engine/Content/Editor/Slate/Fonts/Roboto-BoldCondensedItalic.ttf' (160K)
[2017.07.12-07.08.18:956][906]BlueprintLog: New page: Compile EarthBAU
[2017.07.12-07.08.20:667][951]LogSavePackage: Save=205.06ms
[2017.07.12-07.08.20:667][951]LogSavePackage: Moving '../../../../../../Unreal/FOTWO/source/FOTWO02/Saved/EarthBAU37A6D15645320F2378B83F8CE4685681.tmp' to '../../../../../../Unreal/FOTWO/source/FOTWO02/Content/2DSideScrollerBP/Blueprints/Simulation/EarthBAU.uasset'
[2017.07.12-07.08.20:669][951]LogSavePackage:Display: Finished SavePackage ../../../../../../Unreal/FOTWO/source/FOTWO02/Content/2DSideScrollerBP/Blueprints/Simulation/EarthBAU.uasset
[2017.07.12-07.12.48:915][751]LogSavePackage: Save=81.79ms
[2017.07.12-07.12.48:915][751]LogSavePackage: Moving '../../../../../../Unreal/FOTWO/source/FOTWO02/Saved/FOTWO01_Auto174C3FE8B47B1658CF3C43AB519D97801.tmp' to '../../../../../../Unreal/FOTWO/source/FOTWO02/Saved/Autosaves/Game/2DSideScrollerBP/Maps/FOTWO01_Auto1.umap'
[2017.07.12-07.12.48:916][751]LogSavePackage:Display: Finished SavePackage ../../../../../../Unreal/FOTWO/source/FOTWO02/Saved/Autosaves/Game/2DSideScrollerBP/Maps/FOTWO01_Auto1.umap
[2017.07.12-07.12.48:918][751]LogFileHelpers: Editor autosave (incl. sublevels) for '/Game/2DSideScrollerBP/Maps/FOTWO01' took 0.168
[2017.07.12-07.12.48:918][751]LogFileHelpers: Editor autosave (incl. sublevels) for all levels took 0.168
[2017.07.12-07.12.48:921][751]OBJ SavePackage: Generating thumbnails for [0] asset(s) in package [/Game/2DSideScrollerBP/Blueprints/Simulation/EarthBAU] ([1] browsable assets)...
[2017.07.12-07.12.48:921][751]OBJ SavePackage: Finished generating thumbnails for package [/Game/2DSideScrollerBP/Blueprints/Simulation/EarthBAU]
[2017.07.12-07.12.49:179][751]LogSavePackage: Save=193.77ms
[2017.07.12-07.12.49:179][751]LogSavePackage: Moving '../../../../../../Unreal/FOTWO/source/FOTWO02/Saved/EarthBAU_Auto16BBE2C9B452E8D75DE19A0990D6F2174.tmp' to '../../../../../../Unreal/FOTWO/source/FOTWO02/Saved/Autosaves/Game/2DSideScrollerBP/Blueprints/Simulation/EarthBAU_Auto1.uasset'
[2017.07.12-07.12.49:181][751]LogSavePackage:Display: Finished SavePackage ../../../../../../Unreal/FOTWO/source/FOTWO02/Saved/Autosaves/Game/2DSideScrollerBP/Blueprints/Simulation/EarthBAU_Auto1.uasset
[2017.07.12-07.12.49:182][751]OBJ SavePackage: Generating thumbnails for [0] asset(s) in package [/Game/2DSideScrollerBP/Blueprints/User_Interface/ConfHUD] ([1] browsable assets)...
[2017.07.12-07.12.49:182][751]OBJ SavePackage: Finished generating thumbnails for package [/Game/2DSideScrollerBP/Blueprints/User_Interface/ConfHUD]
[2017.07.12-07.12.49:350][751]LogSavePackage: Save=112.36ms
[2017.07.12-07.12.49:350][751]LogSavePackage: Moving '../../../../../../Unreal/FOTWO/source/FOTWO02/Saved/ConfHUD_Auto19C04BEEF48ED8649DE3D5487CB489589.tmp' to '../../../../../../Unreal/FOTWO/source/FOTWO02/Saved/Autosaves/Game/2DSideScrollerBP/Blueprints/User_Interface/ConfHUD_Auto1.uasset'
[2017.07.12-07.12.49:353][751]LogSavePackage:Display: Finished SavePackage ../../../../../../Unreal/FOTWO/source/FOTWO02/Saved/Autosaves/Game/2DSideScrollerBP/Blueprints/User_Interface/ConfHUD_Auto1.uasset
[2017.07.12-07.12.49:353][751]OBJ SavePackage: Generating thumbnails for [0] asset(s) in package [/Game/2DSideScrollerBP/Blueprints/User_Interface/EventsHUD] ([1] browsable assets)...
[2017.07.12-07.12.49:353][751]OBJ SavePackage: Finished generating thumbnails for package [/Game/2DSideScrollerBP/Blueprints/User_Interface/EventsHUD]
[2017.07.12-07.12.49:506][751]LogSavePackage: Save=99.67ms
[2017.07.12-07.12.49:506][751]LogSavePackage: Moving '../../../../../../Unreal/FOTWO/source/FOTWO02/Saved/EventsHUD_Auto1821793534AA036CCE1A7A8BA4C7B2D31.tmp' to '../../../../../../Unreal/FOTWO/source/FOTWO02/Saved/Autosaves/Game/2DSideScrollerBP/Blueprints/User_Interface/EventsHUD_Auto1.uasset'
[2017.07.12-07.12.49:508][751]LogSavePackage:Display: Finished SavePackage ../../../../../../Unreal/FOTWO/source/FOTWO02/Saved/Autosaves/Game/2DSideScrollerBP/Blueprints/User_Interface/EventsHUD_Auto1.uasset
[2017.07.12-07.12.49:510][751]OBJ SavePackage: Generating thumbnails for [0] asset(s) in package [/Game/2DSideScrollerBP/Blueprints/User_Interface/MainHUD] ([1] browsable assets)...
[2017.07.12-07.12.49:510][751]OBJ SavePackage: Finished generating thumbnails for package [/Game/2DSideScrollerBP/Blueprints/User_Interface/MainHUD]
[2017.07.12-07.12.49:948][751]LogSlate: Took 0.000128 seconds to synchronously load lazily loaded font '../../../Engine/Content/Slate/Fonts/Roboto-Regular.ttf' (155K)
[2017.07.12-07.12.50:145][751]LogSavePackage: Save=540.23ms
[2017.07.12-07.12.50:145][751]LogSavePackage: Moving '../../../../../../Unreal/FOTWO/source/FOTWO02/Saved/MainHUD_Auto1C6A546834F145EF4AB46C68D544DC071.tmp' to '../../../../../../Unreal/FOTWO/source/FOTWO02/Saved/Autosaves/Game/2DSideScrollerBP/Blueprints/User_Interface/MainHUD_Auto1.uasset'
[2017.07.12-07.12.50:148][751]LogSavePackage:Display: Finished SavePackage ../../../../../../Unreal/FOTWO/source/FOTWO02/Saved/Autosaves/Game/2DSideScrollerBP/Blueprints/User_Interface/MainHUD_Auto1.uasset
[2017.07.12-07.12.50:149][751]OBJ SavePackage: Generating thumbnails for [0] asset(s) in package [/Game/2DSideScrollerBP/Blueprints/User_Interface/ArchHUD] ([1] browsable assets)...
[2017.07.12-07.12.50:149][751]OBJ SavePackage: Finished generating thumbnails for package [/Game/2DSideScrollerBP/Blueprints/User_Interface/ArchHUD]
[2017.07.12-07.12.50:305][751]LogSavePackage: Save=102.58ms
[2017.07.12-07.12.50:305][751]LogSavePackage: Moving '../../../../../../Unreal/FOTWO/source/FOTWO02/Saved/ArchHUD_Auto1022EBA624B73704C43C21581B098A82F.tmp' to '../../../../../../Unreal/FOTWO/source/FOTWO02/Saved/Autosaves/Game/2DSideScrollerBP/Blueprints/User_Interface/ArchHUD_Auto1.uasset'
[2017.07.12-07.12.50:307][751]LogSavePackage:Display: Finished SavePackage ../../../../../../Unreal/FOTWO/source/FOTWO02/Saved/Autosaves/Game/2DSideScrollerBP/Blueprints/User_Interface/ArchHUD_Auto1.uasset
[2017.07.12-07.12.50:307][751]LogFileHelpers: Auto-saving content packages took 1.388
[2017.07.12-07.15.10:098][  0]BlueprintLog: New page: Compile EarthBAU
[2017.07.12-07.15.18:170][422]LogSavePackage: Save=206.20ms
[2017.07.12-07.15.18:170][422]LogSavePackage: Moving '../../../../../../Unreal/FOTWO/source/FOTWO02/Saved/EarthBAU0BFC18164B265E9AF9253F81CBA959BD.tmp' to '../../../../../../Unreal/FOTWO/source/FOTWO02/Content/2DSideScrollerBP/Blueprints/Simulation/EarthBAU.uasset'
[2017.07.12-07.15.18:176][422]LogSavePackage:Display: Finished SavePackage ../../../../../../Unreal/FOTWO/source/FOTWO02/Content/2DSideScrollerBP/Blueprints/Simulation/EarthBAU.uasset
[2017.07.12-07.15.28:186][877]LogSavePackage: Save=556.29ms
[2017.07.12-07.15.28:186][877]LogSavePackage: Moving '../../../../../../Unreal/FOTWO/source/FOTWO02/Saved/MainHUDF67674D74FDE5219634D6A98245D5F2B.tmp' to '../../../../../../Unreal/FOTWO/source/FOTWO02/Content/2DSideScrollerBP/Blueprints/User_Interface/MainHUD.uasset'
[2017.07.12-07.15.28:192][877]LogSavePackage:Display: Finished SavePackage ../../../../../../Unreal/FOTWO/source/FOTWO02/Content/2DSideScrollerBP/Blueprints/User_Interface/MainHUD.uasset
[2017.07.12-07.15.33:586][166]LogSavePackage: Save=105.11ms
[2017.07.12-07.15.33:586][166]LogSavePackage: Moving '../../../../../../Unreal/FOTWO/source/FOTWO02/Saved/ArchHUD3203A4A540E0468797CBA595EA7A840E.tmp' to '../../../../../../Unreal/FOTWO/source/FOTWO02/Content/2DSideScrollerBP/Blueprints/User_Interface/ArchHUD.uasset'
[2017.07.12-07.15.33:592][166]LogSavePackage:Display: Finished SavePackage ../../../../../../Unreal/FOTWO/source/FOTWO02/Content/2DSideScrollerBP/Blueprints/User_Interface/ArchHUD.uasset
[2017.07.12-07.17.56:538][413]BlueprintLog: New page: Compile ArchHUD
[2017.07.12-07.17.56:762][413]BlueprintEditorCompileResults: Info Fast Template Successfully Created.
[2017.07.12-07.17.57:701][455]LogSavePackage: Save=108.11ms
[2017.07.12-07.17.57:701][455]LogSavePackage: Moving '../../../../../../Unreal/FOTWO/source/FOTWO02/Saved/ArchHUD28CEF093412C45E0CE628FB077DFA7D0.tmp' to '../../../../../../Unreal/FOTWO/source/FOTWO02/Content/2DSideScrollerBP/Blueprints/User_Interface/ArchHUD.uasset'
[2017.07.12-07.17.57:703][455]LogSavePackage:Display: Finished SavePackage ../../../../../../Unreal/FOTWO/source/FOTWO02/Content/2DSideScrollerBP/Blueprints/User_Interface/ArchHUD.uasset
[2017.07.12-07.18.03:330][779]LogTemp: Repeting last play command: Selected Viewport
[2017.07.12-07.18.03:360][779]LogBlueprintUserMessages: Early PlayInEditor Detection: Level '/Game/2DSideScrollerBP/Maps/FOTWO01.FOTWO01:PersistentLevel' has LevelScriptBlueprint '/Game/2DSideScrollerBP/Maps/FOTWO01.FOTWO01:PersistentLevel.FOTWO01' with GeneratedClass '/Game/2DSideScrollerBP/Maps/FOTWO01.FOTWO01_C' with ClassGeneratedBy '/Game/2DSideScrollerBP/Maps/FOTWO01.FOTWO01:PersistentLevel.FOTWO01'
[2017.07.12-07.18.03:361][779]LogPlayLevel: PlayLevel: No blueprints needed recompiling
[2017.07.12-07.18.03:361][779]PIE: New page: PIE session: FOTWO01 (12 Jul 2017 11:18:03)
[2017.07.12-07.18.03:361][779]LogPlayLevel: Creating play world package: /Game/2DSideScrollerBP/Maps/UEDPIE_0_FOTWO01
[2017.07.12-07.18.03:362][779]LogPlayLevel: PIE: StaticDuplicateObject took: (0.001315s)
[2017.07.12-07.18.03:362][779]LogAIModule: Creating AISystem for world FOTWO01
[2017.07.12-07.18.03:362][779]LogPlayLevel: PIE: World Init took: (0.000635s)
[2017.07.12-07.18.03:362][779]LogPlayLevel: PIE: Created PIE world by copying editor world from /Game/2DSideScrollerBP/Maps/FOTWO01.FOTWO01 to /Game/2DSideScrollerBP/Maps/UEDPIE_0_FOTWO01.FOTWO01 (0.002103s)
[2017.07.12-07.18.03:387][779]LogInit: XAudio2 using 'Headset Earphone (3- Microsoft LifeChat LX-3000)' : 2 channels at 48 kHz using 16 bits per sample (channel mask 0x3)
[2017.07.12-07.18.03:393][779]LogInit: FAudioDevice initialized.
[2017.07.12-07.18.03:427][779]LogLoad: Game class is 'FOTWOGameMode_C'
[2017.07.12-07.18.03:430][779]LogWorld: Bringing World /Game/2DSideScrollerBP/Maps/UEDPIE_0_FOTWO01.FOTWO01 up for play (max tick rate 60) at 2017.07.12-09.18.03
[2017.07.12-07.18.03:430][779]LogWorld: Bringing up level for play took: 0.001122
[2017.07.12-07.18.03:441][779]PIE: Info Play in editor start time for /Game/2DSideScrollerBP/Maps/UEDPIE_0_FOTWO01 0.783
[2017.07.12-07.18.03:441][779]LogBlueprintUserMessages: Late PlayInEditor Detection: Level '/Game/2DSideScrollerBP/Maps/FOTWO01.FOTWO01:PersistentLevel' has LevelScriptBlueprint '/Game/2DSideScrollerBP/Maps/FOTWO01.FOTWO01:PersistentLevel.FOTWO01' with GeneratedClass '/Game/2DSideScrollerBP/Maps/FOTWO01.FOTWO01_C' with ClassGeneratedBy '/Game/2DSideScrollerBP/Maps/FOTWO01.FOTWO01:PersistentLevel.FOTWO01'
[2017.07.12-07.18.57:998][ 34]LogSavePackage: Save=135.65ms
[2017.07.12-07.18.57:998][ 34]LogSavePackage: Moving '../../../../../../Unreal/FOTWO/source/FOTWO02/Saved/ConfHUD8A2FA39E4DB8F71284CD6FACB9CE80A2.tmp' to '../../../../../../Unreal/FOTWO/source/FOTWO02/Content/2DSideScrollerBP/Blueprints/User_Interface/ConfHUD.uasset'
[2017.07.12-07.18.58:005][ 34]LogSavePackage:Display: Finished SavePackage ../../../../../../Unreal/FOTWO/source/FOTWO02/Content/2DSideScrollerBP/Blueprints/User_Interface/ConfHUD.uasset
[2017.07.12-07.18.59:856][133]LogSavePackage: Save=98.74ms
[2017.07.12-07.18.59:856][133]LogSavePackage: Moving '../../../../../../Unreal/FOTWO/source/FOTWO02/Saved/EventsHUD2F4D453849DA329B437EDB870F95629B.tmp' to '../../../../../../Unreal/FOTWO/source/FOTWO02/Content/2DSideScrollerBP/Blueprints/User_Interface/EventsHUD.uasset'
[2017.07.12-07.18.59:861][133]LogSavePackage:Display: Finished SavePackage ../../../../../../Unreal/FOTWO/source/FOTWO02/Content/2DSideScrollerBP/Blueprints/User_Interface/EventsHUD.uasset
[2017.07.12-07.23.10:369][934]LogBlueprintUserMessages: Early EndPlayMap Detection: Level '/Game/2DSideScrollerBP/Maps/FOTWO01.FOTWO01:PersistentLevel' has LevelScriptBlueprint '/Game/2DSideScrollerBP/Maps/FOTWO01.FOTWO01:PersistentLevel.FOTWO01' with GeneratedClass '/Game/2DSideScrollerBP/Maps/FOTWO01.FOTWO01_C' with ClassGeneratedBy '/Game/2DSideScrollerBP/Maps/FOTWO01.FOTWO01:PersistentLevel.FOTWO01'
[2017.07.12-07.23.10:423][934]LogBlueprintUserMessages: Late EndPlayMap Detection: Level '/Game/2DSideScrollerBP/Maps/FOTWO01.FOTWO01:PersistentLevel' has LevelScriptBlueprint '/Game/2DSideScrollerBP/Maps/FOTWO01.FOTWO01:PersistentLevel.FOTWO01' with GeneratedClass '/Game/2DSideScrollerBP/Maps/FOTWO01.FOTWO01_C' with ClassGeneratedBy '/Game/2DSideScrollerBP/Maps/FOTWO01.FOTWO01:PersistentLevel.FOTWO01'
[2017.07.12-07.25.23:442][675]BlueprintLog: New page: Compile EarthBAU
[2017.07.12-07.25.25:130][732]LogSavePackage: Save=207.77ms
[2017.07.12-07.25.25:130][732]LogSavePackage: Moving '../../../../../../Unreal/FOTWO/source/FOTWO02/Saved/EarthBAU57348E684CEC616DF5B961895EBCA713.tmp' to '../../../../../../Unreal/FOTWO/source/FOTWO02/Content/2DSideScrollerBP/Blueprints/Simulation/EarthBAU.uasset'
[2017.07.12-07.25.25:132][732]LogSavePackage:Display: Finished SavePackage ../../../../../../Unreal/FOTWO/source/FOTWO02/Content/2DSideScrollerBP/Blueprints/Simulation/EarthBAU.uasset
[2017.07.12-07.25.55:470][578]BlueprintLog: New page: Compile EarthBAU
[2017.07.12-07.25.56:415][598]LogSavePackage: Save=229.04ms
[2017.07.12-07.25.56:415][598]LogSavePackage: Moving '../../../../../../Unreal/FOTWO/source/FOTWO02/Saved/EarthBAU920E09E64E3CFFD8402F3A96604BA2A5.tmp' to '../../../../../../Unreal/FOTWO/source/FOTWO02/Content/2DSideScrollerBP/Blueprints/Simulation/EarthBAU.uasset'
[2017.07.12-07.25.56:416][598]LogSavePackage:Display: Finished SavePackage ../../../../../../Unreal/FOTWO/source/FOTWO02/Content/2DSideScrollerBP/Blueprints/Simulation/EarthBAU.uasset
[2017.07.12-07.27.58:338][297]LogSavePackage: Save=94.46ms
[2017.07.12-07.27.58:338][297]LogSavePackage: Moving '../../../../../../Unreal/FOTWO/source/FOTWO02/Saved/FOTWO01_Auto2E6B72E064885FB509F9B72A9B71C51FA.tmp' to '../../../../../../Unreal/FOTWO/source/FOTWO02/Saved/Autosaves/Game/2DSideScrollerBP/Maps/FOTWO01_Auto2.umap'
[2017.07.12-07.27.58:339][297]LogSavePackage:Display: Finished SavePackage ../../../../../../Unreal/FOTWO/source/FOTWO02/Saved/Autosaves/Game/2DSideScrollerBP/Maps/FOTWO01_Auto2.umap
[2017.07.12-07.27.58:341][297]LogFileHelpers: Editor autosave (incl. sublevels) for '/Game/2DSideScrollerBP/Maps/FOTWO01' took 0.192
[2017.07.12-07.27.58:341][297]LogFileHelpers: Editor autosave (incl. sublevels) for all levels took 0.192
[2017.07.12-07.31.38:727][594]BlueprintLog: New page: Compile EarthBAU
[2017.07.12-07.34.26:702][701]BlueprintLog: New page: Compile EarthBAU
[2017.07.12-07.35.45:098][257]BlueprintLog: New page: Compile EarthBAU
[2017.07.12-07.37.24:965][121]BlueprintLog: New page: Compile EarthBAU
[2017.07.12-07.37.29:735][300]LogSavePackage: Save=558.74ms
[2017.07.12-07.37.29:738][300]LogSavePackage: Moving '../../../../../../Unreal/FOTWO/source/FOTWO02/Saved/MainHUDD47842BE42F9A92954FED3B7C1882382.tmp' to '../../../../../../Unreal/FOTWO/source/FOTWO02/Content/2DSideScrollerBP/Blueprints/User_Interface/MainHUD.uasset'
[2017.07.12-07.37.29:741][300]LogSavePackage:Display: Finished SavePackage ../../../../../../Unreal/FOTWO/source/FOTWO02/Content/2DSideScrollerBP/Blueprints/User_Interface/MainHUD.uasset
[2017.07.12-07.37.58:760][943]LogSavePackage: Save=95.43ms
[2017.07.12-07.37.58:760][943]LogSavePackage: Moving '../../../../../../Unreal/FOTWO/source/FOTWO02/Saved/FOTWO01_Auto3AA74CE52412A2976E0B310BD23ED6D59.tmp' to '../../../../../../Unreal/FOTWO/source/FOTWO02/Saved/Autosaves/Game/2DSideScrollerBP/Maps/FOTWO01_Auto3.umap'
[2017.07.12-07.37.58:761][943]LogSavePackage:Display: Finished SavePackage ../../../../../../Unreal/FOTWO/source/FOTWO02/Saved/Autosaves/Game/2DSideScrollerBP/Maps/FOTWO01_Auto3.umap
[2017.07.12-07.37.58:763][943]LogFileHelpers: Editor autosave (incl. sublevels) for '/Game/2DSideScrollerBP/Maps/FOTWO01' took 0.199
[2017.07.12-07.37.58:763][943]LogFileHelpers: Editor autosave (incl. sublevels) for all levels took 0.199
[2017.07.12-07.37.58:767][943]OBJ SavePackage: Generating thumbnails for [0] asset(s) in package [/Game/2DSideScrollerBP/Blueprints/Simulation/EarthBAU] ([1] browsable assets)...
[2017.07.12-07.37.58:767][943]OBJ SavePackage: Finished generating thumbnails for package [/Game/2DSideScrollerBP/Blueprints/Simulation/EarthBAU]
[2017.07.12-07.37.59:035][943]LogSavePackage: Save=199.02ms
[2017.07.12-07.37.59:035][943]LogSavePackage: Moving '../../../../../../Unreal/FOTWO/source/FOTWO02/Saved/EarthBAU_Auto33AD397094972905D5B0285A7101A76FE.tmp' to '../../../../../../Unreal/FOTWO/source/FOTWO02/Saved/Autosaves/Game/2DSideScrollerBP/Blueprints/Simulation/EarthBAU_Auto3.uasset'
[2017.07.12-07.37.59:037][943]LogSavePackage:Display: Finished SavePackage ../../../../../../Unreal/FOTWO/source/FOTWO02/Saved/Autosaves/Game/2DSideScrollerBP/Blueprints/Simulation/EarthBAU_Auto3.uasset
[2017.07.12-07.37.59:037][943]LogFileHelpers: Auto-saving content packages took 0.272
[2017.07.12-07.38.35:357][959]LogSavePackage: Save=202.63ms
[2017.07.12-07.38.35:357][959]LogSavePackage: Moving '../../../../../../Unreal/FOTWO/source/FOTWO02/Saved/EarthBAU3BB668934E44DE2493F462A079A2C459.tmp' to '../../../../../../Unreal/FOTWO/source/FOTWO02/Content/2DSideScrollerBP/Blueprints/Simulation/EarthBAU.uasset'
[2017.07.12-07.38.35:362][959]LogSavePackage:Display: Finished SavePackage ../../../../../../Unreal/FOTWO/source/FOTWO02/Content/2DSideScrollerBP/Blueprints/Simulation/EarthBAU.uasset
[2017.07.12-07.39.14:934][ 59]LogTemp: Repeting last play command: Selected Viewport
[2017.07.12-07.39.14:965][ 59]LogBlueprintUserMessages: Early PlayInEditor Detection: Level '/Game/2DSideScrollerBP/Maps/FOTWO01.FOTWO01:PersistentLevel' has LevelScriptBlueprint '/Game/2DSideScrollerBP/Maps/FOTWO01.FOTWO01:PersistentLevel.FOTWO01' with GeneratedClass '/Game/2DSideScrollerBP/Maps/FOTWO01.FOTWO01_C' with ClassGeneratedBy '/Game/2DSideScrollerBP/Maps/FOTWO01.FOTWO01:PersistentLevel.FOTWO01'
[2017.07.12-07.39.14:965][ 59]LogPlayLevel: PlayLevel: No blueprints needed recompiling
[2017.07.12-07.39.14:965][ 59]PIE: New page: PIE session: FOTWO01 (12 Jul 2017 11:39:14)
[2017.07.12-07.39.14:965][ 59]LogPlayLevel: Creating play world package: /Game/2DSideScrollerBP/Maps/UEDPIE_0_FOTWO01
[2017.07.12-07.39.14:966][ 59]LogPlayLevel: PIE: StaticDuplicateObject took: (0.001435s)
[2017.07.12-07.39.14:967][ 59]LogAIModule: Creating AISystem for world FOTWO01
[2017.07.12-07.39.14:967][ 59]LogPlayLevel: PIE: World Init took: (0.000710s)
[2017.07.12-07.39.14:967][ 59]LogPlayLevel: PIE: Created PIE world by copying editor world from /Game/2DSideScrollerBP/Maps/FOTWO01.FOTWO01 to /Game/2DSideScrollerBP/Maps/UEDPIE_0_FOTWO01.FOTWO01 (0.002327s)
[2017.07.12-07.39.14:987][ 59]LogInit: XAudio2 using 'Headset Earphone (3- Microsoft LifeChat LX-3000)' : 2 channels at 48 kHz using 16 bits per sample (channel mask 0x3)
[2017.07.12-07.39.14:994][ 59]LogInit: FAudioDevice initialized.
[2017.07.12-07.39.15:031][ 59]LogLoad: Game class is 'FOTWOGameMode_C'
[2017.07.12-07.39.15:036][ 59]LogWorld: Bringing World /Game/2DSideScrollerBP/Maps/UEDPIE_0_FOTWO01.FOTWO01 up for play (max tick rate 60) at 2017.07.12-09.39.15
[2017.07.12-07.39.15:037][ 59]LogWorld: Bringing up level for play took: 0.002387
[2017.07.12-07.39.15:059][ 59]PIE: Info Play in editor start time for /Game/2DSideScrollerBP/Maps/UEDPIE_0_FOTWO01 0.401
[2017.07.12-07.39.15:059][ 59]LogBlueprintUserMessages: Late PlayInEditor Detection: Level '/Game/2DSideScrollerBP/Maps/FOTWO01.FOTWO01:PersistentLevel' has LevelScriptBlueprint '/Game/2DSideScrollerBP/Maps/FOTWO01.FOTWO01:PersistentLevel.FOTWO01' with GeneratedClass '/Game/2DSideScrollerBP/Maps/FOTWO01.FOTWO01_C' with ClassGeneratedBy '/Game/2DSideScrollerBP/Maps/FOTWO01.FOTWO01:PersistentLevel.FOTWO01'
[2017.07.12-07.39.40:200][567]LogBlueprintUserMessages: Early EndPlayMap Detection: Level '/Game/2DSideScrollerBP/Maps/FOTWO01.FOTWO01:PersistentLevel' has LevelScriptBlueprint '/Game/2DSideScrollerBP/Maps/FOTWO01.FOTWO01:PersistentLevel.FOTWO01' with GeneratedClass '/Game/2DSideScrollerBP/Maps/FOTWO01.FOTWO01_C' with ClassGeneratedBy '/Game/2DSideScrollerBP/Maps/FOTWO01.FOTWO01:PersistentLevel.FOTWO01'
[2017.07.12-07.39.40:253][567]LogBlueprintUserMessages: Late EndPlayMap Detection: Level '/Game/2DSideScrollerBP/Maps/FOTWO01.FOTWO01:PersistentLevel' has LevelScriptBlueprint '/Game/2DSideScrollerBP/Maps/FOTWO01.FOTWO01:PersistentLevel.FOTWO01' with GeneratedClass '/Game/2DSideScrollerBP/Maps/FOTWO01.FOTWO01_C' with ClassGeneratedBy '/Game/2DSideScrollerBP/Maps/FOTWO01.FOTWO01:PersistentLevel.FOTWO01'
[2017.07.12-07.39.43:867][782]LogTemp: Repeting last play command: Selected Viewport
[2017.07.12-07.39.43:886][782]LogBlueprintUserMessages: Early PlayInEditor Detection: Level '/Game/2DSideScrollerBP/Maps/FOTWO01.FOTWO01:PersistentLevel' has LevelScriptBlueprint '/Game/2DSideScrollerBP/Maps/FOTWO01.FOTWO01:PersistentLevel.FOTWO01' with GeneratedClass '/Game/2DSideScrollerBP/Maps/FOTWO01.FOTWO01_C' with ClassGeneratedBy '/Game/2DSideScrollerBP/Maps/FOTWO01.FOTWO01:PersistentLevel.FOTWO01'
[2017.07.12-07.39.43:886][782]LogPlayLevel: PlayLevel: No blueprints needed recompiling
[2017.07.12-07.39.43:887][782]PIE: New page: PIE session: FOTWO01 (12 Jul 2017 11:39:43)
[2017.07.12-07.39.43:887][782]LogPlayLevel: Creating play world package: /Game/2DSideScrollerBP/Maps/UEDPIE_0_FOTWO01
[2017.07.12-07.39.43:888][782]LogPlayLevel: PIE: StaticDuplicateObject took: (0.001120s)
[2017.07.12-07.39.43:888][782]LogAIModule: Creating AISystem for world FOTWO01
[2017.07.12-07.39.43:888][782]LogPlayLevel: PIE: World Init took: (0.000461s)
[2017.07.12-07.39.43:888][782]LogPlayLevel: PIE: Created PIE world by copying editor world from /Game/2DSideScrollerBP/Maps/FOTWO01.FOTWO01 to /Game/2DSideScrollerBP/Maps/UEDPIE_0_FOTWO01.FOTWO01 (0.001710s)
[2017.07.12-07.39.43:907][782]LogInit: XAudio2 using 'Headset Earphone (3- Microsoft LifeChat LX-3000)' : 2 channels at 48 kHz using 16 bits per sample (channel mask 0x3)
[2017.07.12-07.39.43:913][782]LogInit: FAudioDevice initialized.
[2017.07.12-07.39.43:947][782]LogLoad: Game class is 'FOTWOGameMode_C'
[2017.07.12-07.39.43:951][782]LogWorld: Bringing World /Game/2DSideScrollerBP/Maps/UEDPIE_0_FOTWO01.FOTWO01 up for play (max tick rate 60) at 2017.07.12-09.39.43
[2017.07.12-07.39.43:951][782]LogWorld: Bringing up level for play took: 0.001684
[2017.07.12-07.39.43:975][782]PIE: Info Play in editor start time for /Game/2DSideScrollerBP/Maps/UEDPIE_0_FOTWO01 -0.683
[2017.07.12-07.39.43:975][782]LogBlueprintUserMessages: Late PlayInEditor Detection: Level '/Game/2DSideScrollerBP/Maps/FOTWO01.FOTWO01:PersistentLevel' has LevelScriptBlueprint '/Game/2DSideScrollerBP/Maps/FOTWO01.FOTWO01:PersistentLevel.FOTWO01' with GeneratedClass '/Game/2DSideScrollerBP/Maps/FOTWO01.FOTWO01_C' with ClassGeneratedBy '/Game/2DSideScrollerBP/Maps/FOTWO01.FOTWO01:PersistentLevel.FOTWO01'
[2017.07.12-07.39.53:663][363]LogBlueprintUserMessages: Early EndPlayMap Detection: Level '/Game/2DSideScrollerBP/Maps/FOTWO01.FOTWO01:PersistentLevel' has LevelScriptBlueprint '/Game/2DSideScrollerBP/Maps/FOTWO01.FOTWO01:PersistentLevel.FOTWO01' with GeneratedClass '/Game/2DSideScrollerBP/Maps/FOTWO01.FOTWO01_C' with ClassGeneratedBy '/Game/2DSideScrollerBP/Maps/FOTWO01.FOTWO01:PersistentLevel.FOTWO01'
[2017.07.12-07.39.53:703][363]LogBlueprintUserMessages: Late EndPlayMap Detection: Level '/Game/2DSideScrollerBP/Maps/FOTWO01.FOTWO01:PersistentLevel' has LevelScriptBlueprint '/Game/2DSideScrollerBP/Maps/FOTWO01.FOTWO01:PersistentLevel.FOTWO01' with GeneratedClass '/Game/2DSideScrollerBP/Maps/FOTWO01.FOTWO01_C' with ClassGeneratedBy '/Game/2DSideScrollerBP/Maps/FOTWO01.FOTWO01:PersistentLevel.FOTWO01'
[2017.07.12-07.40.12:174][447]BlueprintLog: New page: Compile EarthBAU
[2017.07.12-07.40.13:031][465]LogSavePackage: Save=208.39ms
[2017.07.12-07.40.13:031][465]LogSavePackage: Moving '../../../../../../Unreal/FOTWO/source/FOTWO02/Saved/EarthBAUE52694374A7E5BBD9DECC489A88DD135.tmp' to '../../../../../../Unreal/FOTWO/source/FOTWO02/Content/2DSideScrollerBP/Blueprints/Simulation/EarthBAU.uasset'
[2017.07.12-07.40.13:033][465]LogSavePackage:Display: Finished SavePackage ../../../../../../Unreal/FOTWO/source/FOTWO02/Content/2DSideScrollerBP/Blueprints/Simulation/EarthBAU.uasset
[2017.07.12-07.40.15:119][590]LogTemp: Repeting last play command: Selected Viewport
[2017.07.12-07.40.15:139][590]LogBlueprintUserMessages: Early PlayInEditor Detection: Level '/Game/2DSideScrollerBP/Maps/FOTWO01.FOTWO01:PersistentLevel' has LevelScriptBlueprint '/Game/2DSideScrollerBP/Maps/FOTWO01.FOTWO01:PersistentLevel.FOTWO01' with GeneratedClass '/Game/2DSideScrollerBP/Maps/FOTWO01.FOTWO01_C' with ClassGeneratedBy '/Game/2DSideScrollerBP/Maps/FOTWO01.FOTWO01:PersistentLevel.FOTWO01'
[2017.07.12-07.40.15:139][590]LogPlayLevel: PlayLevel: No blueprints needed recompiling
[2017.07.12-07.40.15:139][590]PIE: New page: PIE session: FOTWO01 (12 Jul 2017 11:40:15)
[2017.07.12-07.40.15:139][590]LogPlayLevel: Creating play world package: /Game/2DSideScrollerBP/Maps/UEDPIE_0_FOTWO01
[2017.07.12-07.40.15:141][590]LogPlayLevel: PIE: StaticDuplicateObject took: (0.001238s)
[2017.07.12-07.40.15:141][590]LogAIModule: Creating AISystem for world FOTWO01
[2017.07.12-07.40.15:141][590]LogPlayLevel: PIE: World Init took: (0.000547s)
[2017.07.12-07.40.15:141][590]LogPlayLevel: PIE: Created PIE world by copying editor world from /Game/2DSideScrollerBP/Maps/FOTWO01.FOTWO01 to /Game/2DSideScrollerBP/Maps/UEDPIE_0_FOTWO01.FOTWO01 (0.001929s)
[2017.07.12-07.40.15:162][590]LogInit: XAudio2 using 'Headset Earphone (3- Microsoft LifeChat LX-3000)' : 2 channels at 48 kHz using 16 bits per sample (channel mask 0x3)
[2017.07.12-07.40.15:167][590]LogInit: FAudioDevice initialized.
[2017.07.12-07.40.15:199][590]LogLoad: Game class is 'FOTWOGameMode_C'
[2017.07.12-07.40.15:201][590]LogWorld: Bringing World /Game/2DSideScrollerBP/Maps/UEDPIE_0_FOTWO01.FOTWO01 up for play (max tick rate 60) at 2017.07.12-09.40.15
[2017.07.12-07.40.15:201][590]LogWorld: Bringing up level for play took: 0.000861
[2017.07.12-07.40.15:211][590]PIE: Info Play in editor start time for /Game/2DSideScrollerBP/Maps/UEDPIE_0_FOTWO01 0.553
[2017.07.12-07.40.15:211][590]LogBlueprintUserMessages: Late PlayInEditor Detection: Level '/Game/2DSideScrollerBP/Maps/FOTWO01.FOTWO01:PersistentLevel' has LevelScriptBlueprint '/Game/2DSideScrollerBP/Maps/FOTWO01.FOTWO01:PersistentLevel.FOTWO01' with GeneratedClass '/Game/2DSideScrollerBP/Maps/FOTWO01.FOTWO01_C' with ClassGeneratedBy '/Game/2DSideScrollerBP/Maps/FOTWO01.FOTWO01:PersistentLevel.FOTWO01'
[2017.07.12-07.40.37:460][924]LogBlueprintUserMessages: Early EndPlayMap Detection: Level '/Game/2DSideScrollerBP/Maps/FOTWO01.FOTWO01:PersistentLevel' has LevelScriptBlueprint '/Game/2DSideScrollerBP/Maps/FOTWO01.FOTWO01:PersistentLevel.FOTWO01' with GeneratedClass '/Game/2DSideScrollerBP/Maps/FOTWO01.FOTWO01_C' with ClassGeneratedBy '/Game/2DSideScrollerBP/Maps/FOTWO01.FOTWO01:PersistentLevel.FOTWO01'
[2017.07.12-07.40.37:508][924]LogBlueprintUserMessages: Late EndPlayMap Detection: Level '/Game/2DSideScrollerBP/Maps/FOTWO01.FOTWO01:PersistentLevel' has LevelScriptBlueprint '/Game/2DSideScrollerBP/Maps/FOTWO01.FOTWO01:PersistentLevel.FOTWO01' with GeneratedClass '/Game/2DSideScrollerBP/Maps/FOTWO01.FOTWO01_C' with ClassGeneratedBy '/Game/2DSideScrollerBP/Maps/FOTWO01.FOTWO01:PersistentLevel.FOTWO01'
[2017.07.12-07.43.44:511][966]BlueprintLog: New page: Compile EarthBAU
[2017.07.12-07.43.45:790][990]LogSavePackage: Save=221.96ms
[2017.07.12-07.43.45:790][990]LogSavePackage: Moving '../../../../../../Unreal/FOTWO/source/FOTWO02/Saved/EarthBAU4140442E467E6AA0A6517EB62DBDAAD6.tmp' to '../../../../../../Unreal/FOTWO/source/FOTWO02/Content/2DSideScrollerBP/Blueprints/Simulation/EarthBAU.uasset'
[2017.07.12-07.43.45:792][990]LogSavePackage:Display: Finished SavePackage ../../../../../../Unreal/FOTWO/source/FOTWO02/Content/2DSideScrollerBP/Blueprints/Simulation/EarthBAU.uasset
[2017.07.12-07.43.47:901][116]LogTemp: Repeting last play command: Selected Viewport
[2017.07.12-07.43.47:920][116]LogBlueprintUserMessages: Early PlayInEditor Detection: Level '/Game/2DSideScrollerBP/Maps/FOTWO01.FOTWO01:PersistentLevel' has LevelScriptBlueprint '/Game/2DSideScrollerBP/Maps/FOTWO01.FOTWO01:PersistentLevel.FOTWO01' with GeneratedClass '/Game/2DSideScrollerBP/Maps/FOTWO01.FOTWO01_C' with ClassGeneratedBy '/Game/2DSideScrollerBP/Maps/FOTWO01.FOTWO01:PersistentLevel.FOTWO01'
[2017.07.12-07.43.47:920][116]LogPlayLevel: PlayLevel: No blueprints needed recompiling
[2017.07.12-07.43.47:920][116]PIE: New page: PIE session: FOTWO01 (12 Jul 2017 11:43:47)
[2017.07.12-07.43.47:920][116]LogPlayLevel: Creating play world package: /Game/2DSideScrollerBP/Maps/UEDPIE_0_FOTWO01
[2017.07.12-07.43.47:922][116]LogPlayLevel: PIE: StaticDuplicateObject took: (0.001303s)
[2017.07.12-07.43.47:922][116]LogAIModule: Creating AISystem for world FOTWO01
[2017.07.12-07.43.47:922][116]LogPlayLevel: PIE: World Init took: (0.000691s)
[2017.07.12-07.43.47:922][116]LogPlayLevel: PIE: Created PIE world by copying editor world from /Game/2DSideScrollerBP/Maps/FOTWO01.FOTWO01 to /Game/2DSideScrollerBP/Maps/UEDPIE_0_FOTWO01.FOTWO01 (0.002146s)
[2017.07.12-07.43.47:948][116]LogInit: XAudio2 using 'Headset Earphone (3- Microsoft LifeChat LX-3000)' : 2 channels at 48 kHz using 16 bits per sample (channel mask 0x3)
[2017.07.12-07.43.47:953][116]LogInit: FAudioDevice initialized.
[2017.07.12-07.43.47:984][116]LogLoad: Game class is 'FOTWOGameMode_C'
[2017.07.12-07.43.47:985][116]LogWorld: Bringing World /Game/2DSideScrollerBP/Maps/UEDPIE_0_FOTWO01.FOTWO01 up for play (max tick rate 60) at 2017.07.12-09.43.47
[2017.07.12-07.43.47:986][116]LogWorld: Bringing up level for play took: 0.000894
[2017.07.12-07.43.47:995][116]PIE: Info Play in editor start time for /Game/2DSideScrollerBP/Maps/UEDPIE_0_FOTWO01 -0.662
[2017.07.12-07.43.47:996][116]LogBlueprintUserMessages: Late PlayInEditor Detection: Level '/Game/2DSideScrollerBP/Maps/FOTWO01.FOTWO01:PersistentLevel' has LevelScriptBlueprint '/Game/2DSideScrollerBP/Maps/FOTWO01.FOTWO01:PersistentLevel.FOTWO01' with GeneratedClass '/Game/2DSideScrollerBP/Maps/FOTWO01.FOTWO01_C' with ClassGeneratedBy '/Game/2DSideScrollerBP/Maps/FOTWO01.FOTWO01:PersistentLevel.FOTWO01'
[2017.07.12-07.44.08:428][341]LogBlueprintUserMessages: Early EndPlayMap Detection: Level '/Game/2DSideScrollerBP/Maps/FOTWO01.FOTWO01:PersistentLevel' has LevelScriptBlueprint '/Game/2DSideScrollerBP/Maps/FOTWO01.FOTWO01:PersistentLevel.FOTWO01' with GeneratedClass '/Game/2DSideScrollerBP/Maps/FOTWO01.FOTWO01_C' with ClassGeneratedBy '/Game/2DSideScrollerBP/Maps/FOTWO01.FOTWO01:PersistentLevel.FOTWO01'
[2017.07.12-07.44.08:470][341]LogBlueprintUserMessages: Late EndPlayMap Detection: Level '/Game/2DSideScrollerBP/Maps/FOTWO01.FOTWO01:PersistentLevel' has LevelScriptBlueprint '/Game/2DSideScrollerBP/Maps/FOTWO01.FOTWO01:PersistentLevel.FOTWO01' with GeneratedClass '/Game/2DSideScrollerBP/Maps/FOTWO01.FOTWO01_C' with ClassGeneratedBy '/Game/2DSideScrollerBP/Maps/FOTWO01.FOTWO01:PersistentLevel.FOTWO01'
[2017.07.12-07.45.20:118][555]BlueprintLog: New page: Compile EarthBAU
[2017.07.12-07.45.24:743][815]BlueprintLog: New page: Compile EarthBAU
[2017.07.12-07.49.17:950][756]LogSavePackage: Save=102.77ms
[2017.07.12-07.49.17:950][756]LogSavePackage: Moving '../../../../../../Unreal/FOTWO/source/FOTWO02/Saved/FOTWO01_Auto4EBEDFDFD46AD5CCFCFC23B88DD8B3F4A.tmp' to '../../../../../../Unreal/FOTWO/source/FOTWO02/Saved/Autosaves/Game/2DSideScrollerBP/Maps/FOTWO01_Auto4.umap'
[2017.07.12-07.49.17:951][756]LogSavePackage:Display: Finished SavePackage ../../../../../../Unreal/FOTWO/source/FOTWO02/Saved/Autosaves/Game/2DSideScrollerBP/Maps/FOTWO01_Auto4.umap
[2017.07.12-07.49.17:952][756]LogFileHelpers: Editor autosave (incl. sublevels) for '/Game/2DSideScrollerBP/Maps/FOTWO01' took 0.187
[2017.07.12-07.49.17:952][756]LogFileHelpers: Editor autosave (incl. sublevels) for all levels took 0.187
[2017.07.12-07.49.17:955][756]OBJ SavePackage: Generating thumbnails for [0] asset(s) in package [/Game/2DSideScrollerBP/Blueprints/Simulation/EarthBAU] ([1] browsable assets)...
[2017.07.12-07.49.17:955][756]OBJ SavePackage: Finished generating thumbnails for package [/Game/2DSideScrollerBP/Blueprints/Simulation/EarthBAU]
[2017.07.12-07.49.18:392][756]LogSavePackage: Save=367.17ms
[2017.07.12-07.49.18:392][756]LogSavePackage: Moving '../../../../../../Unreal/FOTWO/source/FOTWO02/Saved/EarthBAU_Auto41D7DCA4B4E82F83B9BDCB0A3F4F322CF.tmp' to '../../../../../../Unreal/FOTWO/source/FOTWO02/Saved/Autosaves/Game/2DSideScrollerBP/Blueprints/Simulation/EarthBAU_Auto4.uasset'
[2017.07.12-07.49.18:394][756]LogSavePackage:Display: Finished SavePackage ../../../../../../Unreal/FOTWO/source/FOTWO02/Saved/Autosaves/Game/2DSideScrollerBP/Blueprints/Simulation/EarthBAU_Auto4.uasset
[2017.07.12-07.49.18:394][756]LogFileHelpers: Auto-saving content packages took 0.440
[2017.07.12-07.50.50:245][151]LogSavePackage: Save=96.35ms
[2017.07.12-07.50.50:245][151]LogSavePackage: Moving '../../../../../../Unreal/FOTWO/source/FOTWO02/Saved/FOTWO014D15AAF34A0DD3D1E9DF868CA015FC93.tmp' to '../../../../../../Unreal/FOTWO/source/FOTWO02/Content/2DSideScrollerBP/Maps/FOTWO01.umap'
[2017.07.12-07.50.50:249][151]LogSavePackage:Display: Finished SavePackage ../../../../../../Unreal/FOTWO/source/FOTWO02/Content/2DSideScrollerBP/Maps/FOTWO01.umap
[2017.07.12-07.50.50:277][151]Cmd: OBJ SAVEPACKAGE PACKAGE="/Game/2DSideScrollerBP/Maps/FOTWO01_BuiltData" FILE="../../../../../../Unreal/FOTWO/source/FOTWO02/Content/2DSideScrollerBP/Maps/FOTWO01_BuiltData.uasset" SILENT=true
[2017.07.12-07.50.50:336][151]LogSavePackage: Save=4.67ms
[2017.07.12-07.50.50:336][151]LogSavePackage: Moving '../../../../../../Unreal/FOTWO/source/FOTWO02/Saved/FOTWO01_BuiltData66847E634D2911BAB26E15BB6DE99056.tmp' to '../../../../../../Unreal/FOTWO/source/FOTWO02/Content/2DSideScrollerBP/Maps/FOTWO01_BuiltData.uasset'
[2017.07.12-07.50.50:337][151]LogSavePackage:Display: Finished SavePackage ../../../../../../Unreal/FOTWO/source/FOTWO02/Content/2DSideScrollerBP/Maps/FOTWO01_BuiltData.uasset
[2017.07.12-07.50.53:308][310]LogSavePackage: Save=197.92ms
[2017.07.12-07.50.53:308][310]LogSavePackage: Moving '../../../../../../Unreal/FOTWO/source/FOTWO02/Saved/EarthBAUDB5EDC204EC3B67A17ACE98ABE8C2D68.tmp' to '../../../../../../Unreal/FOTWO/source/FOTWO02/Content/2DSideScrollerBP/Blueprints/Simulation/EarthBAU.uasset'
[2017.07.12-07.50.53:310][310]LogSavePackage:Display: Finished SavePackage ../../../../../../Unreal/FOTWO/source/FOTWO02/Content/2DSideScrollerBP/Blueprints/Simulation/EarthBAU.uasset
[2017.07.12-07.50.57:229][540]LogWindowsTextInputMethodSystem:Display: IME system now deactivated.
[2017.07.12-07.50.57:419][541]Cmd: QUIT_EDITOR
[2017.07.12-07.50.57:897][541]LogExit: Preparing to exit.
[2017.07.12-07.50.58:831][541]LogDirectoryWatcher: A directory notification for 'C:/Unreal/FOTWO/source/FOTWO02/Content/' was aborted.
[2017.07.12-07.50.58:860][541]LogExit: Editor shut down
[2017.07.12-07.50.58:865][541]LogExit: Transaction tracking system shut down
[2017.07.12-07.50.58:954][541]LogObj: Freed 0b from 0 cluster array pools.
[2017.07.12-07.50.58:954][541]LogExit: Object subsystem successfully closed.
[2017.07.12-07.50.58:974][541]LogD3D11RHI: Shutdown
[2017.07.12-07.50.58:974][541]LogD3D11RHI: CleanupD3DDevice
[2017.07.12-07.50.59:017][541]LogD3D11RHI: ~FD3D11DynamicRHI
[2017.07.12-07.50.59:034][541]LogModuleManager: Shutting down and abandoning module MovieSceneCapture (532)
[2017.07.12-07.50.59:034][541]LogModuleManager: Shutting down and abandoning module SequencerWidgets (530)
[2017.07.12-07.50.59:034][541]LogModuleManager: Shutting down and abandoning module BlueprintGraph (528)
[2017.07.12-07.50.59:034][541]LogModuleManager: Shutting down and abandoning module BlueprintProfiler (526)
[2017.07.12-07.50.59:035][541]LogModuleManager: Shutting down and abandoning module StatsViewer (524)
[2017.07.12-07.50.59:035][541]LogModuleManager: Shutting down and abandoning module HierarchicalLODOutliner (522)
[2017.07.12-07.50.59:035][541]LogModuleManager: Shutting down and abandoning module CrashTracker (520)
[2017.07.12-07.50.59:035][541]LogModuleManager: Shutting down and abandoning module SceneOutliner (518)
[2017.07.12-07.50.59:035][541]LogModuleManager: Shutting down and abandoning module AddContentDialog (516)
[2017.07.12-07.50.59:035][541]LogDirectoryWatcher: A directory notification for 'C:/Program Files/Epic Games/UE_4.16/FeaturePacks/' was aborted.
[2017.07.12-07.50.59:036][541]LogModuleManager: Shutting down and abandoning module WidgetCarousel (515)
[2017.07.12-07.50.59:036][541]LogModuleManager: Shutting down and abandoning module EditorWidgets (512)
[2017.07.12-07.50.59:036][541]LogModuleManager: Shutting down and abandoning module CollectionManager (510)
[2017.07.12-07.50.59:036][541]LogDirectoryWatcher: A directory notification for 'C:/Unreal/FOTWO/source/FOTWO02/Content/Collections/' was aborted.
[2017.07.12-07.50.59:036][541]LogDirectoryWatcher: A directory notification for 'C:/Unreal/FOTWO/source/FOTWO02/Content/Developers/vonkl/Collections/' was aborted.
[2017.07.12-07.50.59:036][541]LogDirectoryWatcher: A directory notification for 'C:/Unreal/FOTWO/source/FOTWO02/Saved/Collections/' was aborted.
[2017.07.12-07.50.59:036][541]LogModuleManager: Shutting down and abandoning module FoliageEdit (508)
[2017.07.12-07.50.59:036][541]LogModuleManager: Shutting down and abandoning module LandscapeEditor (506)
[2017.07.12-07.50.59:036][541]LogModuleManager: Shutting down and abandoning module MeshPaintMode (504)
[2017.07.12-07.50.59:036][541]LogModuleManager: Shutting down and abandoning module SceneDepthPickerMode (502)
[2017.07.12-07.50.59:036][541]LogModuleManager: Shutting down and abandoning module ActorPickerMode (500)
[2017.07.12-07.50.59:036][541]LogModuleManager: Shutting down and abandoning module GeometryMode (498)
[2017.07.12-07.50.59:036][541]LogModuleManager: Shutting down and abandoning module TextureAlignMode (496)
[2017.07.12-07.50.59:036][541]LogModuleManager: Shutting down and abandoning module BspMode (494)
[2017.07.12-07.50.59:036][541]LogModuleManager: Shutting down and abandoning module HardwareSurvey (492)
[2017.07.12-07.50.59:037][541]LogModuleManager: Shutting down and abandoning module SequenceRecorderSections (490)
[2017.07.12-07.50.59:037][541]LogModuleManager: Shutting down and abandoning module AutomationWorker (488)
[2017.07.12-07.50.59:037][541]LogModuleManager: Shutting down and abandoning module MatineeToLevelSequence (486)
[2017.07.12-07.50.59:037][541]LogModuleManager: Shutting down and abandoning module LevelSequenceEditor (484)
[2017.07.12-07.50.59:037][541]LogModuleManager: Shutting down and abandoning module PlacementMode (483)
[2017.07.12-07.50.59:037][541]LogModuleManager: Shutting down and abandoning module WmfMediaFactory (480)
[2017.07.12-07.50.59:037][541]LogModuleManager: Shutting down and abandoning module WmfMediaEditor (478)
[2017.07.12-07.50.59:037][541]LogModuleManager: Shutting down and abandoning module AvfMediaFactory (476)
[2017.07.12-07.50.59:037][541]LogModuleManager: Shutting down and abandoning module AvfMediaEditor (474)
[2017.07.12-07.50.59:037][541]LogModuleManager: Shutting down and abandoning module AndroidMediaFactory (472)
[2017.07.12-07.50.59:037][541]LogModuleManager: Shutting down and abandoning module Media (471)
[2017.07.12-07.50.59:037][541]LogModuleManager: Shutting down and abandoning module AndroidMediaEditor (468)
[2017.07.12-07.50.59:037][541]LogModuleManager: Shutting down and abandoning module CharacterAI (466)
[2017.07.12-07.50.59:037][541]LogModuleManager: Shutting down and abandoning module AudioCapture (464)
[2017.07.12-07.50.59:037][541]LogModuleManager: Shutting down and abandoning module SequenceRecorder (463)
[2017.07.12-07.50.59:037][541]LogModuleManager: Shutting down and abandoning module SmartSnapping (460)
[2017.07.12-07.50.59:037][541]LogModuleManager: Shutting down and abandoning module SessionServices (458)
[2017.07.12-07.50.59:037][541]LogModuleManager: Shutting down and abandoning module ViewportSnapping (456)
[2017.07.12-07.50.59:037][541]LogModuleManager: Shutting down and abandoning module ViewportInteraction (454)
[2017.07.12-07.50.59:037][541]LogModuleManager: Shutting down and abandoning module ClothPainter (452)
[2017.07.12-07.50.59:038][541]LogModuleManager: Shutting down and abandoning module LogVisualizer (450)
[2017.07.12-07.50.59:038][541]LogModuleManager: Shutting down and abandoning module IntroTutorials (448)
[2017.07.12-07.50.59:038][541]LogModuleManager: Shutting down and abandoning module GameProjectGeneration (447)
[2017.07.12-07.50.59:039][541]LogModuleManager: Shutting down and abandoning module EditorLiveStreaming (444)
[2017.07.12-07.50.59:039][541]LogModuleManager: Shutting down and abandoning module IOSPlatformEditor (442)
[2017.07.12-07.50.59:039][541]LogModuleManager: Shutting down and abandoning module HTML5PlatformEditor (440)
[2017.07.12-07.50.59:039][541]LogModuleManager: Shutting down and abandoning module AndroidPlatformEditor (438)
[2017.07.12-07.50.59:039][541]LogModuleManager: Shutting down and abandoning module AndroidDeviceDetection (437)
[2017.07.12-07.50.59:807][541]LogModuleManager: Shutting down and abandoning module IOSRuntimeSettings (434)
[2017.07.12-07.50.59:807][541]LogModuleManager: Shutting down and abandoning module AndroidRuntimeSettings (432)
[2017.07.12-07.50.59:807][541]LogModuleManager: Shutting down and abandoning module InputBindingEditor (430)
[2017.07.12-07.50.59:808][541]LogModuleManager: Shutting down and abandoning module MergeActors (428)
[2017.07.12-07.50.59:808][541]LogModuleManager: Shutting down and abandoning module SizeMap (426)
[2017.07.12-07.50.59:808][541]LogModuleManager: Shutting down and abandoning module TreeMap (424)
[2017.07.12-07.50.59:808][541]LogModuleManager: Shutting down and abandoning module ReferenceViewer (422)
[2017.07.12-07.50.59:808][541]LogModuleManager: Shutting down and abandoning module LocalizationDashboard (420)
[2017.07.12-07.50.59:809][541]LogModuleManager: Shutting down and abandoning module LocalizationService (419)
[2017.07.12-07.50.59:809][541]LogModuleManager: Shutting down and abandoning module HardwareTargeting (416)
[2017.07.12-07.50.59:809][541]LogModuleManager: Shutting down and abandoning module DeviceProfileEditor (414)
[2017.07.12-07.50.59:809][541]LogModuleManager: Shutting down and abandoning module UndoHistory (412)
[2017.07.12-07.50.59:809][541]LogModuleManager: Shutting down and abandoning module UserFeedback (410)
[2017.07.12-07.50.59:809][541]LogModuleManager: Shutting down and abandoning module XmlParser (408)
[2017.07.12-07.50.59:809][541]LogModuleManager: Shutting down and abandoning module Blutility (406)
[2017.07.12-07.50.59:809][541]LogModuleManager: Shutting down and abandoning module ProjectSettingsViewer (404)
[2017.07.12-07.50.59:809][541]LogModuleManager: Shutting down and abandoning module ProjectTargetPlatformEditor (403)
[2017.07.12-07.50.59:809][541]LogModuleManager: Shutting down and abandoning module EditorSettingsViewer (400)
[2017.07.12-07.50.59:809][541]LogModuleManager: Shutting down and abandoning module SettingsEditor (398)
[2017.07.12-07.50.59:809][541]LogModuleManager: Shutting down and abandoning module ProjectLauncher (396)
[2017.07.12-07.50.59:810][541]LogModuleManager: Shutting down and abandoning module SessionFrontend (394)
[2017.07.12-07.50.59:810][541]LogModuleManager: Shutting down and abandoning module ProfilerClient (392)
[2017.07.12-07.50.59:811][541]LogModuleManager: Shutting down and abandoning module DeviceManager (390)
[2017.07.12-07.50.59:811][541]LogModuleManager: Shutting down and abandoning module TargetDeviceServices (389)
[2017.07.12-07.50.59:866][541]LogModuleManager: Shutting down and abandoning module AutomationController (386)
[2017.07.12-07.50.59:866][541]LogModuleManager: Shutting down and abandoning module AutomationWindow (384)
[2017.07.12-07.50.59:866][541]LogModuleManager: Shutting down and abandoning module Layers (382)
[2017.07.12-07.50.59:868][541]LogModuleManager: Shutting down and abandoning module ComponentVisualizers (380)
[2017.07.12-07.50.59:868][541]LogModuleManager: Shutting down and abandoning module DetailCustomizations (378)
[2017.07.12-07.50.59:868][541]LogModuleManager: Shutting down and abandoning module PackagesDialog (376)
[2017.07.12-07.50.59:868][541]LogModuleManager: Shutting down and abandoning module Persona (374)
[2017.07.12-07.50.59:868][541]LogModuleManager: Shutting down and abandoning module AdvancedPreviewScene (373)
[2017.07.12-07.50.59:868][541]LogModuleManager: Shutting down and abandoning module AnimGraph (371)
[2017.07.12-07.50.59:868][541]LogModuleManager: Shutting down and abandoning module Kismet (368)
[2017.07.12-07.50.59:874][541]LogModuleManager: Shutting down and abandoning module ClassViewer (366)
[2017.07.12-07.50.59:874][541]LogModuleManager: Shutting down and abandoning module Toolbox (364)
[2017.07.12-07.50.59:874][541]LogModuleManager: Shutting down and abandoning module ModuleUI (362)
[2017.07.12-07.50.59:875][541]LogModuleManager: Shutting down and abandoning module MovieSceneTools (360)
[2017.07.12-07.50.59:875][541]LogModuleManager: Shutting down and abandoning module OutputLog (358)
[2017.07.12-07.50.59:875][541]LogModuleManager: Shutting down and abandoning module GammaUI (356)
[2017.07.12-07.50.59:875][541]LogModuleManager: Shutting down and abandoning module Documentation (354)
[2017.07.12-07.50.59:875][541]LogModuleManager: Shutting down and abandoning module MovieSceneTracks (352)
[2017.07.12-07.50.59:875][541]LogModuleManager: Shutting down and abandoning module MovieScene (350)
[2017.07.12-07.50.59:875][541]LogModuleManager: Shutting down and abandoning module Niagara (348)
[2017.07.12-07.50.59:875][541]LogModuleManager: Shutting down and abandoning module NiagaraEditor (347)
[2017.07.12-07.50.59:876][541]LogModuleManager: Shutting down and abandoning module StreamingPauseRendering (344)
[2017.07.12-07.50.59:876][541]LogModuleManager: Shutting down and abandoning module AnalyticsET (342)
[2017.07.12-07.50.59:876][541]LogModuleManager: Shutting down and abandoning module PortalServices (340)
[2017.07.12-07.50.59:876][541]LogModuleManager: Shutting down and abandoning module PortalRpc (338)
[2017.07.12-07.50.59:876][541]LogModuleManager: Shutting down and abandoning module MessagingRpc (336)
[2017.07.12-07.50.59:876][541]LogModuleManager: Shutting down and abandoning module AIModule (334)
[2017.07.12-07.50.59:876][541]LogModuleManager: Shutting down and abandoning module GameplayDebugger (333)
[2017.07.12-07.50.59:876][541]LogModuleManager: Shutting down and abandoning module AITestSuite (331)
[2017.07.12-07.50.59:876][541]LogModuleManager: Shutting down and abandoning module ProfilerService (328)
[2017.07.12-07.50.59:910][541]LogModuleManager: Shutting down and abandoning module TaskGraph (326)
[2017.07.12-07.50.59:910][541]LogModuleManager: Shutting down and abandoning module SteamVRController (324)
[2017.07.12-07.50.59:910][541]LogModuleManager: Shutting down and abandoning module SteamVR (322)
[2017.07.12-07.50.59:910][541]LogModuleManager: Shutting down and abandoning module ProceduralMeshComponentEditor (320)
[2017.07.12-07.50.59:910][541]LogModuleManager: Shutting down and abandoning module ProceduralMeshComponent (318)
[2017.07.12-07.50.59:910][541]LogModuleManager: Shutting down and abandoning module OculusLibrary (316)
[2017.07.12-07.50.59:910][541]LogModuleManager: Shutting down and abandoning module OculusInput (314)
[2017.07.12-07.50.59:910][541]LogModuleManager: Shutting down and abandoning module MobilePatchingUtils (312)
[2017.07.12-07.50.59:910][541]LogModuleManager: Shutting down and abandoning module CustomMeshComponent (310)
[2017.07.12-07.50.59:910][541]LogModuleManager: Shutting down and abandoning module CableComponent (308)
[2017.07.12-07.50.59:910][541]LogModuleManager: Shutting down and abandoning module ArchVisCharacter (306)
[2017.07.12-07.50.59:910][541]LogModuleManager: Shutting down and abandoning module AndroidPermission (304)
[2017.07.12-07.50.59:910][541]LogModuleManager: Shutting down and abandoning module MediaPlayerEditor (300)
[2017.07.12-07.50.59:911][541]LogModuleManager: Shutting down and abandoning module HTML5Networking (298)
[2017.07.12-07.50.59:911][541]LogModuleManager: Shutting down and abandoning module AlembicImporter (296)
[2017.07.12-07.50.59:911][541]LogModuleManager: Shutting down and abandoning module AlembicLibrary (295)
[2017.07.12-07.50.59:911][541]LogModuleManager: Shutting down and abandoning module GeometryCache (294)
[2017.07.12-07.50.59:911][541]LogModuleManager: Shutting down and abandoning module GeometryCacheEd (293)
[2017.07.12-07.50.59:911][541]LogModuleManager: Shutting down and abandoning module SuperSearchEditor (288)
[2017.07.12-07.50.59:911][541]LogModuleManager: Shutting down and abandoning module SuperSearch (287)
[2017.07.12-07.50.59:911][541]LogModuleManager: Shutting down and abandoning module SpeedTreeImporter (284)
[2017.07.12-07.50.59:911][541]LogModuleManager: Shutting down and abandoning module PluginBrowser (282)
[2017.07.12-07.50.59:911][541]LogModuleManager: Shutting down and abandoning module MobileLauncherProfileWizard (280)
[2017.07.12-07.50.59:911][541]LogModuleManager: Shutting down and abandoning module VisualStudioSourceCodeAccess (278)
[2017.07.12-07.50.59:911][541]LogModuleManager: Shutting down and abandoning module DesktopPlatform (277)
[2017.07.12-07.50.59:911][541]LogModuleManager: Shutting down and abandoning module UObjectPlugin (274)
[2017.07.12-07.50.59:911][541]LogModuleManager: Shutting down and abandoning module SubversionSourceControl (272)
[2017.07.12-07.50.59:911][541]LogModuleManager: Shutting down and abandoning module PerforceSourceControl (270)
[2017.07.12-07.50.59:911][541]LogModuleManager: Shutting down and abandoning module GitSourceControl (268)
[2017.07.12-07.50.59:911][541]LogModuleManager: Shutting down and abandoning module SourceControl (267)
[2017.07.12-07.50.59:911][541]LogModuleManager: Shutting down and abandoning module LightPropagationVolumeEditor (264)
[2017.07.12-07.50.59:911][541]LogModuleManager: Shutting down and abandoning module PaperTiledImporter (262)
[2017.07.12-07.50.59:911][541]LogModuleManager: Shutting down and abandoning module PaperSpriteSheetImporter (260)
[2017.07.12-07.50.59:911][541]LogModuleManager: Shutting down and abandoning module Paper2DEditor (258)
[2017.07.12-07.50.59:911][541]LogModuleManager: Shutting down and abandoning module MeshPaint (257)
[2017.07.12-07.50.59:911][541]LogModuleManager: Shutting down and abandoning module LevelEditor (255)
[2017.07.12-07.50.59:912][541]LogModuleManager: Shutting down and abandoning module PixelInspectorModule (254)
[2017.07.12-07.50.59:912][541]LogModuleManager: Shutting down and abandoning module MainFrame (252)
[2017.07.12-07.50.59:912][541]LogModuleManager: Shutting down and abandoning module HotReload (251)
[2017.07.12-07.50.59:912][541]LogModuleManager: Shutting down and abandoning module PhysXVehiclesEditor (246)
[2017.07.12-07.50.59:912][541]LogModuleManager: Shutting down and abandoning module PhysXVehicles (244)
[2017.07.12-07.50.59:912][541]LogModuleManager: Shutting down and abandoning module LocationServicesBPLibrary (242)
[2017.07.12-07.50.59:912][541]LogModuleManager: Shutting down and abandoning module ImmediatePhysicsEditor (240)
[2017.07.12-07.50.59:912][541]LogModuleManager: Shutting down and abandoning module ImmediatePhysics (238)
[2017.07.12-07.50.59:912][541]LogModuleManager: Shutting down and abandoning module UdpMessaging (236)
[2017.07.12-07.51.00:014][541]LogModuleManager: Shutting down and abandoning module TcpMessaging (234)
[2017.07.12-07.51.00:114][541]LogModuleManager: Shutting down and abandoning module GameplayTagsEditor (232)
[2017.07.12-07.51.00:114][541]LogModuleManager: Shutting down and abandoning module FacialAnimationEditor (230)
[2017.07.12-07.51.00:114][541]LogModuleManager: Shutting down and abandoning module FacialAnimation (228)
[2017.07.12-07.51.00:114][541]LogModuleManager: Shutting down and abandoning module AssetManagerEditor (226)
[2017.07.12-07.51.00:114][541]LogModuleManager: Shutting down and abandoning module GraphEditor (225)
[2017.07.12-07.51.00:115][541]LogModuleManager: Shutting down and abandoning module ContentBrowser (223)
[2017.07.12-07.51.00:115][541]LogModuleManager: Shutting down and abandoning module LightPropagationVolumeRuntime (220)
[2017.07.12-07.51.00:115][541]LogModuleManager: Shutting down and abandoning module Paper2D (218)
[2017.07.12-07.51.00:115][541]LogModuleManager: Shutting down and abandoning module WindowsMoviePlayer (216)
[2017.07.12-07.51.00:116][541]LogModuleManager: Shutting down and abandoning module WmfMedia (214)
[2017.07.12-07.51.00:116][541]LogModuleManager: Shutting down and abandoning module ClothingSystemEditor (212)
[2017.07.12-07.51.00:116][541]LogModuleManager: Shutting down and abandoning module ClothingSystemRuntime (210)
[2017.07.12-07.51.00:116][541]LogModuleManager: Shutting down and abandoning module MediaAssets (208)
[2017.07.12-07.51.00:116][541]LogModuleManager: Shutting down and abandoning module GameLiveStreaming (206)
[2017.07.12-07.51.00:116][541]LogModuleManager: Shutting down and abandoning module VREditor (204)
[2017.07.12-07.51.00:116][541]LogModuleManager: Shutting down and abandoning module StringTableEditor (202)
[2017.07.12-07.51.00:116][541]LogModuleManager: Shutting down and abandoning module GameplayTasksEditor (200)
[2017.07.12-07.51.00:116][541]LogModuleManager: Shutting down and abandoning module BehaviorTreeEditor (198)
[2017.07.12-07.51.00:117][541]LogModuleManager: Shutting down and abandoning module FunctionalTesting (196)
[2017.07.12-07.51.00:117][541]LogModuleManager: Shutting down and abandoning module CollisionAnalyzer (194)
[2017.07.12-07.51.00:117][541]LogModuleManager: Shutting down and abandoning module UMG (192)
[2017.07.12-07.51.00:117][541]LogModuleManager: Shutting down and abandoning module UMGEditor (191)
[2017.07.12-07.51.00:117][541]LogModuleManager: Shutting down and abandoning module Sequencer (190)
[2017.07.12-07.51.00:117][541]LogModuleManager: Shutting down and abandoning module AssetTools (188)
[2017.07.12-07.51.00:118][541]LogModuleManager: Shutting down and abandoning module MessageLog (187)
[2017.07.12-07.51.00:118][541]LogModuleManager: Shutting down and abandoning module WorkspaceMenuStructure (186)
[2017.07.12-07.51.00:118][541]LogModuleManager: Shutting down and abandoning module SlateReflector (180)
[2017.07.12-07.51.00:118][541]LogModuleManager: Shutting down and abandoning module Slate (178)
[2017.07.12-07.51.00:118][541]LogModuleManager: Shutting down and abandoning module EditorStyle (176)
[2017.07.12-07.51.00:121][541]LogModuleManager: Shutting down and abandoning module SourceCodeAccess (174)
[2017.07.12-07.51.00:121][541]LogModuleManager: Shutting down and abandoning module HeadMountedDisplay (172)
[2017.07.12-07.51.00:121][541]LogModuleManager: Shutting down and abandoning module XAudio2 (170)
[2017.07.12-07.51.00:121][541]LogModuleManager: Shutting down and abandoning module Networking (168)
[2017.07.12-07.51.00:121][541]LogModuleManager: Shutting down and abandoning module Core (164)
[2017.07.12-07.51.00:121][541]LogModuleManager: Shutting down and abandoning module AssetRegistry (162)
[2017.07.12-07.51.00:312][541]LogDirectoryWatcher: A directory notification for '../../../Engine/Content/' was aborted.
[2017.07.12-07.51.00:312][541]LogDirectoryWatcher: A directory notification for '../../../../../../Unreal/FOTWO/source/FOTWO02/Content/' was aborted.
[2017.07.12-07.51.00:312][541]LogDirectoryWatcher: A directory notification for '../../../Engine/Plugins/2D/Paper2D/Content/' was aborted.
[2017.07.12-07.51.00:312][541]LogDirectoryWatcher: A directory notification for '../../../Engine/Plugins/Runtime/GearVR/Content/' was aborted.
[2017.07.12-07.51.00:314][541]LogModuleManager: Shutting down and abandoning module DirectoryWatcher (161)
[2017.07.12-07.51.00:315][541]LogModuleManager: Shutting down and abandoning module KismetCompiler (158)
[2017.07.12-07.51.00:315][541]LogModuleManager: Shutting down and abandoning module LevelSequence (156)
[2017.07.12-07.51.00:315][541]LogModuleManager: Shutting down and abandoning module PhysXFormats (154)
[2017.07.12-07.51.00:315][541]LogModuleManager: Shutting down and abandoning module MeshUtilities (152)
[2017.07.12-07.51.00:315][541]LogModuleManager: Shutting down and abandoning module SimplygonSwarm (151)
[2017.07.12-07.51.00:315][541]LogModuleManager: Shutting down and abandoning module SimplygonMeshReduction (149)
[2017.07.12-07.51.00:315][541]LogModuleManager: Shutting down and abandoning module QuadricMeshReduction (147)
[2017.07.12-07.51.00:315][541]LogModuleManager: Shutting down and abandoning module DerivedDataCache (144)
[2017.07.12-07.51.00:392][541]LogDerivedDataCache: Shutdown
[2017.07.12-07.51.00:392][541]LogModuleManager: Shutting down and abandoning module TargetPlatform (142)
[2017.07.12-07.51.00:392][541]LogModuleManager: Shutting down and abandoning module VulkanShaderFormat (141)
[2017.07.12-07.51.00:392][541]LogModuleManager: Shutting down and abandoning module ShaderFormatVectorVM (139)
[2017.07.12-07.51.00:393][541]LogModuleManager: Shutting down and abandoning module ShaderFormatOpenGL (137)
[2017.07.12-07.51.00:393][541]LogModuleManager: Shutting down and abandoning module ShaderFormatD3D (135)
[2017.07.12-07.51.00:393][541]LogModuleManager: Shutting down and abandoning module MetalShaderFormat (133)
[2017.07.12-07.51.00:394][541]LogModuleManager: Shutting down and abandoning module TextureFormatUncompressed (131)
[2017.07.12-07.51.00:394][541]LogModuleManager: Shutting down and abandoning module TextureFormatPVR (129)
[2017.07.12-07.51.00:394][541]LogModuleManager: Shutting down and abandoning module TextureFormatDXT (127)
[2017.07.12-07.51.00:394][541]LogModuleManager: Shutting down and abandoning module TextureFormatIntelISPCTexComp (125)
[2017.07.12-07.51.00:394][541]LogModuleManager: Shutting down and abandoning module TextureFormatASTC (123)
[2017.07.12-07.51.00:394][541]LogModuleManager: Shutting down and abandoning module ImageWrapper (122)
[2017.07.12-07.51.00:394][541]LogModuleManager: Shutting down and abandoning module TextureFormatAndroid (119)
[2017.07.12-07.51.00:394][541]LogModuleManager: Shutting down and abandoning module AudioFormatOpus (117)
[2017.07.12-07.51.00:394][541]LogModuleManager: Shutting down and abandoning module AudioFormatOgg (115)
[2017.07.12-07.51.00:394][541]LogModuleManager: Shutting down and abandoning module AudioFormatADPCM (113)
[2017.07.12-07.51.00:394][541]LogModuleManager: Shutting down and abandoning module LinuxTargetPlatform (111)
[2017.07.12-07.51.00:394][541]LogModuleManager: Shutting down and abandoning module LinuxServerTargetPlatform (109)
[2017.07.12-07.51.00:394][541]LogModuleManager: Shutting down and abandoning module LinuxNoEditorTargetPlatform (107)
[2017.07.12-07.51.00:394][541]LogModuleManager: Shutting down and abandoning module LinuxClientTargetPlatform (105)
[2017.07.12-07.51.00:394][541]LogModuleManager: Shutting down and abandoning module TVOSTargetPlatform (103)
[2017.07.12-07.51.00:394][541]LogModuleManager: Shutting down and abandoning module Messaging (101)
[2017.07.12-07.51.00:394][541]LogModuleManager: Shutting down and abandoning module IOSTargetPlatform (99)
[2017.07.12-07.51.00:394][541]LogModuleManager: Shutting down and abandoning module HTML5TargetPlatform (97)
[2017.07.12-07.51.00:394][541]LogModuleManager: Shutting down and abandoning module Android_PVRTCTargetPlatform (95)
[2017.07.12-07.51.00:394][541]LogModuleManager: Shutting down and abandoning module Android_MultiTargetPlatform (93)
[2017.07.12-07.51.00:394][541]LogModuleManager: Shutting down and abandoning module Android_ETC2TargetPlatform (91)
[2017.07.12-07.51.00:394][541]LogModuleManager: Shutting down and abandoning module Android_ETC1TargetPlatform (89)
[2017.07.12-07.51.00:394][541]LogModuleManager: Shutting down and abandoning module Android_DXTTargetPlatform (87)
[2017.07.12-07.51.00:394][541]LogModuleManager: Shutting down and abandoning module Android_ATCTargetPlatform (85)
[2017.07.12-07.51.00:394][541]LogModuleManager: Shutting down and abandoning module Android_ASTCTargetPlatform (83)
[2017.07.12-07.51.00:394][541]LogModuleManager: Shutting down and abandoning module AndroidTargetPlatform (81)
[2017.07.12-07.51.00:394][541]LogModuleManager: Shutting down and abandoning module WindowsTargetPlatform (79)
[2017.07.12-07.51.00:394][541]LogModuleManager: Shutting down and abandoning module WindowsServerTargetPlatform (77)
[2017.07.12-07.51.00:394][541]LogModuleManager: Shutting down and abandoning module WindowsNoEditorTargetPlatform (75)
[2017.07.12-07.51.00:394][541]LogModuleManager: Shutting down and abandoning module WindowsClientTargetPlatform (73)
[2017.07.12-07.51.00:394][541]LogModuleManager: Shutting down and abandoning module MacTargetPlatform (71)
[2017.07.12-07.51.00:394][541]LogModuleManager: Shutting down and abandoning module MacServerTargetPlatform (69)
[2017.07.12-07.51.00:394][541]LogModuleManager: Shutting down and abandoning module MacNoEditorTargetPlatform (67)
[2017.07.12-07.51.00:394][541]LogModuleManager: Shutting down and abandoning module MacClientTargetPlatform (65)
[2017.07.12-07.51.00:394][541]LogModuleManager: Shutting down and abandoning module AllDesktopTargetPlatform (63)
[2017.07.12-07.51.00:394][541]LogModuleManager: Shutting down and abandoning module InputCore (60)
[2017.07.12-07.51.00:394][541]LogModuleManager: Shutting down and abandoning module Settings (58)
[2017.07.12-07.51.00:394][541]LogModuleManager: Shutting down and abandoning module OculusRift (56)
[2017.07.12-07.51.00:394][541]LogModuleManager: Shutting down and abandoning module GearVRController (54)
[2017.07.12-07.51.00:394][541]LogModuleManager: Shutting down and abandoning module GearVR (52)
[2017.07.12-07.51.00:394][541]LogModuleManager: Shutting down and abandoning module ExampleDeviceProfileSelector (50)
[2017.07.12-07.51.00:394][541]LogModuleManager: Shutting down and abandoning module OnlineBlueprintSupport (48)
[2017.07.12-07.51.00:394][541]LogModuleManager: Shutting down and abandoning module OnlineSubsystem (44)
[2017.07.12-07.51.00:394][541]LogOnline:Display: Unloading online subsystem: NULL
[2017.07.12-07.51.00:395][541]LogModuleManager: Shutting down and abandoning module XMPP (43)
[2017.07.12-07.51.00:395][541]LogModuleManager: Shutting down and abandoning module HTTP (41)
[2017.07.12-07.51.00:395][541]LogHttp:Display: Http module shutting down, but needs to wait on 1 outstanding Http requests:
[2017.07.12-07.51.00:395][541]LogHttp:Display: 	verb=[POST] url=[https://datarouter.ol.epicgames.com/datarouter/api/v1/public/data?SessionID=%7B255DCB1C-4C31-9F7B-0395-BDA17283C5F8%7D&AppID=UEEditor.Rocket.Release&AppVersion=4.16.2-3514769%2B%2B%2BUE4%2BRelease-4.16&UserID=f07af55e4db0c636e0c073a1312074d9%7Caa7a108f70184e1b92fdd786c25cd9b8%7Caeab9882-b6f4-4a22-991a-718da4fba234&AppEnvironment=datacollector-binary&UploadType=eteventstream] status=Processing
[2017.07.12-07.51.00:398][541]LogModuleManager: Shutting down and abandoning module SSL (40)
[2017.07.12-07.51.00:399][541]LogModuleManager: Shutting down and abandoning module HTTPChunkInstaller (36)
[2017.07.12-07.51.00:400][541]LogModuleManager: Shutting down and abandoning module AnimationModifiers (34)
[2017.07.12-07.51.00:400][541]LogModuleManager: Shutting down and abandoning module PropertyEditor (33)
[2017.07.12-07.51.00:400][541]LogModuleManager: Shutting down and abandoning module AudioEditor (30)
[2017.07.12-07.51.00:400][541]LogModuleManager: Shutting down and abandoning module TextureCompressor (28)
[2017.07.12-07.51.00:400][541]LogModuleManager: Shutting down and abandoning module ShaderCore (26)
[2017.07.12-07.51.00:400][541]LogModuleManager: Shutting down and abandoning module Landscape (24)
[2017.07.12-07.51.00:400][541]LogModuleManager: Shutting down and abandoning module SlateRHIRenderer (22)
[2017.07.12-07.51.00:403][541]LogModuleManager: Shutting down and abandoning module OpenGLDrv (20)
[2017.07.12-07.51.00:403][541]LogModuleManager: Shutting down and abandoning module D3D11RHI (18)
[2017.07.12-07.51.00:403][541]LogModuleManager: Shutting down and abandoning module AnimGraphRuntime (16)
[2017.07.12-07.51.00:403][541]LogModuleManager: Shutting down and abandoning module Renderer (14)
[2017.07.12-07.51.00:403][541]LogModuleManager: Shutting down and abandoning module Engine (12)
[2017.07.12-07.51.00:403][541]LogModuleManager: Shutting down and abandoning module CoreUObject (10)
[2017.07.12-07.51.00:403][541]LogModuleManager: Shutting down and abandoning module NetworkFile (8)
[2017.07.12-07.51.00:403][541]LogModuleManager: Shutting down and abandoning module StreamingFile (6)
[2017.07.12-07.51.00:403][541]LogModuleManager: Shutting down and abandoning module SandboxFile (4)
[2017.07.12-07.51.00:403][541]LogModuleManager: Shutting down and abandoning module PakFile (2)
[2017.07.12-07.51.00:405][541]LogExit: Exiting.
[2017.07.12-07.51.00:419][541]Log file closed, 07/12/17 09:51:00
