Log file open, 06/22/17 10:06:01
LogInit:Display: Running engine for game: FOTWO02
LogPlatformFile: Not using cached read wrapper
LogInit:Display: RandInit(481095945) SRandInit(481095945).
LogTaskGraph: Started task graph with 5 named threads and 8 total threads with 1 sets of task threads.
LogStats: Stats thread started at 0.227214
LogInit: Using libcurl 7.47.1
LogInit:  - built for x86_64-pc-win32
LogInit:  - supports SSL with OpenSSL/1.0.2g
LogInit:  - supports HTTP deflate (compression) using libz 1.2.8
LogInit:  - other features:
LogInit:      CURL_VERSION_SSL
LogInit:      CURL_VERSION_LIBZ
LogInit:      CURL_VERSION_IPV6
LogInit:      CURL_VERSION_ASYNCHDNS
LogInit:      CURL_VERSION_LARGEFILE
LogInit:      CURL_VERSION_IDN
LogInit:  CurlRequestOptions (configurable via config and command line):
LogInit:  - bVerifyPeer = false  - Libcurl will NOT verify peer certificate
LogInit:  - bUseHttpProxy = false  - Libcurl will NOT use HTTP proxy
LogInit:  - bDontReuseConnections = false  - Libcurl will reuse connections
LogInit:  - CertBundlePath = nullptr  - Libcurl will use whatever was configured at build time.
LogInit: Build: ++UE4+Release-4.16-CL-3466753
LogInit: Engine Version: 4.16.1-3466753+++UE4+Release-4.16
LogInit: Compatible Engine Version: 4.16.0-3452394+++UE4+Release-4.16
LogInit: Net CL: 3452394
LogDevObjectVersion: Number of dev versions registered: 16
LogDevObjectVersion:   Dev-Blueprints (B0D832E4-1F89-4F0D-ACCF-7EB736FD4AA2): 9
LogDevObjectVersion:   Dev-Build (E1C64328-A22C-4D53-A36C-8E866417BD8C): 0
LogDevObjectVersion:   Dev-Core (375EC13C-06E4-48FB-B500-84F0262A717E): 2
LogDevObjectVersion:   Dev-Editor (E4B068ED-F494-42E9-A231-DA0B2E46BB41): 17
LogDevObjectVersion:   Dev-Framework (CFFC743F-43B0-4480-9391-14DF171D2073): 23
LogDevObjectVersion:   Dev-Mobile (B02B49B5-BB20-44E9-A304-32B752E40360): 0
LogDevObjectVersion:   Dev-Networking (A4E4105C-59A1-49B5-A7C5-40C4547EDFEE): 0
LogDevObjectVersion:   Dev-Online (39C831C9-5AE6-47DC-9A44-9C173E1C8E7C): 0
LogDevObjectVersion:   Dev-Physics (78F01B33-EBEA-4F98-B9B4-84EACCB95AA2): 0
LogDevObjectVersion:   Dev-Platform (6631380F-2D4D-43E0-8009-CF276956A95A): 0
LogDevObjectVersion:   Dev-Rendering (12F88B9F-8875-4AFC-A67C-D90C383ABD29): 15
LogDevObjectVersion:   Dev-Sequencer (7B5AE74C-D270-4C10-A958-57980B212A5A): 4
LogDevObjectVersion:   Dev-VR (D7296918-1DD6-4BDD-9DE2-64A83CC13884): 0
LogDevObjectVersion:   Dev-LoadTimes (C2A15278-BFE7-4AFE-6C17-90FF531DF755): 1
LogDevObjectVersion:   Private-Geometry (6EACA3D4-40EC-4CC1-B786-8BED09428FC5): 1
LogDevObjectVersion:   Dev-AnimPhys (29E575DD-E0A3-4627-9D10-D276232CDCEA): 3
LogInit: Compiled (64-bit): May 31 2017 02:03:30
LogInit: Compiled with Visual C++: 19.00.24215.01
LogInit: Build Configuration: Development
LogInit: Branch Name: ++UE4+Release-4.16
LogInit: Command line:  
LogInit: Base directory: C:/Program Files/Epic Games/UE_4.16/Engine/Binaries/Win64/
LogInit: Installed Engine Build: 1
LogInit: Presizing for max 8388607 objects, including 0 objects not considered by GC, pre-allocating 0 bytes for permanent pool.
LogInit: Object subsystem initialized
[2017.06.22-08.06.02:128][  0]LogInit: Selected Device Profile: [Windows]
[2017.06.22-08.06.02:128][  0]LogInit: Applying CVar settings loaded from the selected device profile: [Windows]
[2017.06.22-08.06.02:154][  0]LogInit: Computer: KLAUDE2017ALIEN
[2017.06.22-08.06.02:154][  0]LogInit: User: vonkl
[2017.06.22-08.06.02:155][  0]LogInit: CPU Page size=4096, Cores=4
[2017.06.22-08.06.02:155][  0]LogInit: High frequency timer resolution =2.742185 MHz
[2017.06.22-08.06.02:155][  0]LogMemory: Memory total: Physical=15.9GB (16GB approx)
[2017.06.22-08.06.02:155][  0]LogMemory: Platform Memory Stats for Windows
[2017.06.22-08.06.02:155][  0]LogMemory: Process Physical Memory: 272.84 MB used, 272.84 MB peak
[2017.06.22-08.06.02:155][  0]LogMemory: Process Virtual Memory: 264.81 MB used, 264.81 MB peak
[2017.06.22-08.06.02:155][  0]LogMemory: Physical Memory: 4018.75 MB used,  12238.23 MB free, 16256.98 MB total
[2017.06.22-08.06.02:155][  0]LogMemory: Virtual Memory: 642.56 MB used,  12238.23 MB free, 134217728.00 MB total
[2017.06.22-08.06.02:641][  0]LogInit: Using OS detected language (en-GB).
[2017.06.22-08.06.02:641][  0]LogInit: Using OS detected locale (en-GB).
[2017.06.22-08.06.02:687][  0]LogTextLocalizationManager: No specific localization for 'en-GB' exists, so the 'en' localization will be used.
[2017.06.22-08.06.05:437][  0]LogD3D11RHI: D3D11 adapters:
[2017.06.22-08.06.05:494][  0]LogD3D11RHI:    0. 'NVIDIA GeForce GTX 1060' (Feature Level 11_0)
[2017.06.22-08.06.05:494][  0]LogD3D11RHI:       6084/0/8128 MB DedicatedVideo/DedicatedSystem/SharedSystem, Outputs:2, VendorId:0x10de
[2017.06.22-08.06.05:575][  0]LogD3D11RHI:    1. 'Intel(R) HD Graphics 630' (Feature Level 11_0)
[2017.06.22-08.06.05:575][  0]LogD3D11RHI:       128/0/8128 MB DedicatedVideo/DedicatedSystem/SharedSystem, Outputs:0, VendorId:0x8086
[2017.06.22-08.06.05:576][  0]LogD3D11RHI:    2. 'Microsoft Basic Render Driver' (Feature Level 11_0)
[2017.06.22-08.06.05:576][  0]LogD3D11RHI:       0/0/8128 MB DedicatedVideo/DedicatedSystem/SharedSystem, Outputs:0, VendorId:0x1414
[2017.06.22-08.06.05:576][  0]LogD3D11RHI: Chosen D3D11 Adapter: 0
[2017.06.22-08.06.05:582][  0]LogD3D11RHI: Creating new Direct3DDevice
[2017.06.22-08.06.05:582][  0]LogD3D11RHI:     GPU DeviceId: 0x1c60 (for the marketing name, search the web for "GPU Device Id")
[2017.06.22-08.06.05:582][  0]LogWindows: EnumDisplayDevices:
[2017.06.22-08.06.05:582][  0]LogWindows:    0. 'NVIDIA GeForce GTX 1060' (P:0 D:1)
[2017.06.22-08.06.05:583][  0]LogWindows:    1. 'NVIDIA GeForce GTX 1060' (P:1 D:1)
[2017.06.22-08.06.05:583][  0]LogWindows:    2. 'NVIDIA GeForce GTX 1060' (P:0 D:0)
[2017.06.22-08.06.05:583][  0]LogWindows:    3. 'NVIDIA GeForce GTX 1060' (P:0 D:0)
[2017.06.22-08.06.05:583][  0]LogWindows:    4. 'Intel(R) HD Graphics 630' (P:0 D:0)
[2017.06.22-08.06.05:583][  0]LogWindows:    5. 'Intel(R) HD Graphics 630' (P:0 D:0)
[2017.06.22-08.06.05:583][  0]LogWindows:    6. 'Intel(R) HD Graphics 630' (P:0 D:0)
[2017.06.22-08.06.05:583][  0]LogWindows: DebugString: PrimaryIsNotTheChoosenAdapter PrimaryIsNotTheChoosenAdapter PrimaryIsNotTheChoosenAdapter FoundDriverCount:4 
[2017.06.22-08.06.05:583][  0]LogD3D11RHI:     Adapter Name: NVIDIA GeForce GTX 1060
[2017.06.22-08.06.05:584][  0]LogD3D11RHI:   Driver Version: 382.05 (internal:22.21.13.8205, unified:382.05)
[2017.06.22-08.06.05:584][  0]LogD3D11RHI:      Driver Date: 5-1-2017
[2017.06.22-08.06.05:584][  0]LogRHI: Texture pool is 1361 MB (70% of 1945 MB)
[2017.06.22-08.06.05:618][  0]LogD3D11RHI: Async texture creation enabled
[2017.06.22-08.06.05:655][  0]LogD3D11RHI: GPU Timing Frequency: 1000.000000 (Debug: 2 2)
[2017.06.22-08.06.05:767][  0]LogShaderCompilers: Guid format shader working directory is 0 characters bigger than the processId version (../../../../../../Unreal/FOTWO/source/FOTWO02/Intermediate/Shaders/WorkingDirectory/14056/).
[2017.06.22-08.06.05:767][  0]LogShaderCompilers: Cleaned the shader compiler working directory 'C:/Users/vonkl/AppData/Local/Temp/UnrealShaderWorkingDir/87998D014A9ADCCD4551D29CFA3ED950/'.
[2017.06.22-08.06.05:768][  0]LogShaderCompilers:Display: Using Local Shader Compiler.
[2017.06.22-08.06.07:684][  0]LogTemp:Display: Loaded TP AllDesktopTargetPlatform
[2017.06.22-08.06.07:732][  0]LogTemp:Display: Loaded TP MacClientTargetPlatform
[2017.06.22-08.06.07:778][  0]LogTemp:Display: Loaded TP MacNoEditorTargetPlatform
[2017.06.22-08.06.07:824][  0]LogTemp:Display: Loaded TP MacServerTargetPlatform
[2017.06.22-08.06.07:875][  0]LogTemp:Display: Loaded TP MacTargetPlatform
[2017.06.22-08.06.07:921][  0]LogTemp:Display: Loaded TP WindowsClientTargetPlatform
[2017.06.22-08.06.07:966][  0]LogTemp:Display: Loaded TP WindowsNoEditorTargetPlatform
[2017.06.22-08.06.08:012][  0]LogTemp:Display: Loaded TP WindowsServerTargetPlatform
[2017.06.22-08.06.08:052][  0]LogTemp:Display: Loaded TP WindowsTargetPlatform
[2017.06.22-08.06.08:100][  0]LogTemp:Display: Loaded TP AndroidTargetPlatform
[2017.06.22-08.06.08:145][  0]LogTemp:Display: Loaded TP Android_ASTCTargetPlatform
[2017.06.22-08.06.08:188][  0]LogTemp:Display: Loaded TP Android_ATCTargetPlatform
[2017.06.22-08.06.08:232][  0]LogTemp:Display: Loaded TP Android_DXTTargetPlatform
[2017.06.22-08.06.08:278][  0]LogTemp:Display: Loaded TP Android_ETC1TargetPlatform
[2017.06.22-08.06.08:321][  0]LogTemp:Display: Loaded TP Android_ETC2TargetPlatform
[2017.06.22-08.06.08:410][  0]LogTemp:Display: Loaded TP Android_MultiTargetPlatform
[2017.06.22-08.06.08:410][  0]LogTemp:Display: Loaded TP Android_PVRTCTargetPlatform
[2017.06.22-08.06.08:444][  0]LogTemp:Display: Loaded TP HTML5TargetPlatform
[2017.06.22-08.06.08:541][  0]LogTemp:Display: Loaded TP IOSTargetPlatform
[2017.06.22-08.06.08:568][  0]LogTemp:Display: Loaded TP TVOSTargetPlatform
[2017.06.22-08.06.08:613][  0]LogTemp:Display: Loaded TP LinuxClientTargetPlatform
[2017.06.22-08.06.08:666][  0]LogTemp:Display: Loaded TP LinuxNoEditorTargetPlatform
[2017.06.22-08.06.08:715][  0]LogTemp:Display: Loaded TP LinuxServerTargetPlatform
[2017.06.22-08.06.08:767][  0]LogTemp:Display: Loaded TP LinuxTargetPlatform
[2017.06.22-08.06.08:767][  0]LogTargetPlatformManager:Display: Building Assets For Windows
[2017.06.22-08.06.09:350][  0]LogDerivedDataCache:Display: Max Cache Size: 512 MB
[2017.06.22-08.06.09:927][  0]LogDerivedDataCache: Loaded boot cache 0.58s 90MB C:/Users/vonkl/AppData/Local/UnrealEngine/4.16/DerivedDataCache/Boot.ddc.
[2017.06.22-08.06.09:927][  0]LogDerivedDataCache:Display: Loaded Boot cache: C:/Users/vonkl/AppData/Local/UnrealEngine/4.16/DerivedDataCache/Boot.ddc
[2017.06.22-08.06.09:928][  0]LogDerivedDataCache: FDerivedDataBackendGraph:  Pak pak cache file ../../../../../../Unreal/FOTWO/source/FOTWO02/DerivedDataCache/DDC.ddp not found, will not use a pak cache.
[2017.06.22-08.06.09:928][  0]LogDerivedDataCache: Unable to find inner node Pak for hierarchical cache Hierarchy.
[2017.06.22-08.06.09:928][  0]LogDerivedDataCache: FDerivedDataBackendGraph:  CompressedPak pak cache file ../../../../../../Unreal/FOTWO/source/FOTWO02/DerivedDataCache/Compressed.ddp not found, will not use a pak cache.
[2017.06.22-08.06.09:928][  0]LogDerivedDataCache: Unable to find inner node CompressedPak for hierarchical cache Hierarchy.
[2017.06.22-08.06.09:955][  0]LogDerivedDataCache:Display: Pak cache opened for reading ../../../Engine/DerivedDataCache/Compressed.ddp.
[2017.06.22-08.06.09:968][  0]LogDerivedDataCache: Using Local data cache path C:/Users/vonkl/AppData/Local/UnrealEngine/Common/DerivedDataCache: Writable
[2017.06.22-08.06.09:980][  0]LogMaterial: Verifying Global Shaders for PCD3D_SM5
[2017.06.22-08.06.09:987][  0]LogSlate: Using Freetype 2.6.0
[2017.06.22-08.06.09:999][  0]LogSlate: SlateFontCache - WITH_FREETYPE: 1, WITH_HARFBUZZ: 1
[2017.06.22-08.06.09:999][  0]LogSlate: SlateFontCache - WITH_FREETYPE: 1, WITH_HARFBUZZ: 1
[2017.06.22-08.06.10:856][  0]LogInit: Selected Device Profile: [Windows]
[2017.06.22-08.06.11:040][  0]LogContentStreaming: Texture pool size is 0.00 MB
[2017.06.22-08.06.11:255][  0]LogMeshUtilities: Using QuadricMeshReduction for automatic static mesh reduction
[2017.06.22-08.06.11:307][  0]LogSimplygon: Simplygon DLL not present - disabling.
[2017.06.22-08.06.11:354][  0]LogMeshUtilities: Using SimplygonSwarm for distributed automatic mesh merging
[2017.06.22-08.06.11:354][  0]LogMeshUtilities: No automatic skeletal mesh reduction module available
[2017.06.22-08.06.11:354][  0]LogMeshUtilities: No automatic mesh merging module available
[2017.06.22-08.06.12:624][  0]LogNetVersion: FOTWO02 , NetCL: 3452394, EngineNetVer: 2, GameNetVer: 0 (Checksum: 2990255715)
[2017.06.22-08.06.12:721][  0]LogAssetRegistry: FAssetRegistry took 0.0287 seconds to start up
[2017.06.22-08.06.12:782][  0]LogPackageLocalizationCache: Processed 4 localized package path(s) for 2 prioritized culture(s) in 0.038197 seconds
[2017.06.22-08.06.12:787][  0]LogUObjectArray: 34194 objects as part of root set at end of initial load.
[2017.06.22-08.06.12:787][  0]LogUObjectAllocator: 7260416 out of 0 bytes used by permanent object pool.
[2017.06.22-08.06.12:787][  0]LogUObjectArray: CloseDisregardForGC: 0/0 objects in disregard for GC pool
[2017.06.22-08.06.12:855][  0]LogInit: WinSock: version 1.1 (2.2), MaxSocks=32767, MaxUdp=65467
[2017.06.22-08.06.16:970][  0]LogTcpMessaging: Initializing TcpMessaging bridge
[2017.06.22-08.06.17:011][  0]LogUdpMessaging: Initializing bridge on interface 0.0.0.0:0 to multicast group 230.0.0.1:6666.
[2017.06.22-08.06.17:656][  0]LogMaterial: Uniform references updated for custom material expression Custom.
[2017.06.22-08.06.18:136][  0]SourceControl: Info Source control is disabled
[2017.06.22-08.06.18:194][  0]SourceControl: Info Source control is disabled
[2017.06.22-08.06.18:247][  0]SourceControl: Info Source control is disabled
[2017.06.22-08.06.18:296][  0]SourceControl: Info Source control is disabled
[2017.06.22-08.06.19:030][  0]LogAndroidPermission: UAndroidPermissionCallbackProxy::GetInstance
[2017.06.22-08.06.19:656][  0]LogEngine: Initializing Engine...
[2017.06.22-08.06.19:658][  0]LogHMD: Failed to initialize OpenVR with code 110
[2017.06.22-08.06.19:994][  0]LogStats: UGameplayTagsManager::ConstructGameplayTagTree: Construct from data asset -  0.000 s
[2017.06.22-08.06.19:995][  0]LogStats: UGameplayTagsManager::ConstructGameplayTagTree: GameplayTagTreeChangedEvent.Broadcast -  0.000 s
[2017.06.22-08.06.20:139][  0]LogAIModule: Creating AISystem for world Untitled
[2017.06.22-08.06.20:173][  0]LogInit: XAudio2 using 'Headset Earphone (3- Microsoft LifeChat LX-3000)' : 2 channels at 48 kHz using 16 bits per sample (channel mask 0x3)
[2017.06.22-08.06.20:194][  0]LogInit: FAudioDevice initialized.
[2017.06.22-08.06.20:232][  0]LogDerivedDataCache: Saved boot cache 0.04s 90MB C:/Users/vonkl/AppData/Local/UnrealEngine/4.16/DerivedDataCache/Boot.ddc.
[2017.06.22-08.06.20:244][  0]LogInit: Texture streaming: Enabled
[2017.06.22-08.06.20:341][  0]LogEngineSessionManager: EngineSessionManager initialized
[2017.06.22-08.06.20:341][  0]LogEngineSessionManager: EngineSessionManager sent abnormal shutdown report. Type=AbnormalShutdown, SessionId={DD886F1C-438A-8D15-0BA6-B58B9E61653B}
[2017.06.22-08.06.20:604][  0]LogInit: Transaction tracking system initialized
[2017.06.22-08.06.20:919][  0]BlueprintLog: New page: Editor Load
[2017.06.22-08.06.21:893][  0]LocalizationService: Info Localization service is disabled
[2017.06.22-08.06.22:568][  0]LogConsoleResponse:Display: 
[2017.06.22-08.06.22:925][  0]LogCook:Display: Max memory allowance for cook 16384mb min free memory 0mb
[2017.06.22-08.06.22:925][  0]LogCook:Display: Mobile HDR setting 1
[2017.06.22-08.06.23:921][  0]LogFileCache: Scanning file cache for directory 'C:/Unreal/FOTWO/source/FOTWO02/Content/' took 0.02s
[2017.06.22-08.06.23:983][  0]SourceControl: Info Source control is disabled
[2017.06.22-08.06.23:985][  0]Cmd: MAP LOAD FILE="../../../../../../Unreal/FOTWO/source/FOTWO02/Content/2DSideScrollerBP/Maps/2DSideScrollerExampleMap.umap" TEMPLATE=0 SHOWPROGRESS=1 FEATURELEVEL=3
[2017.06.22-08.06.23:990][  0]LightingResults: New page: Lighting Build
[2017.06.22-08.06.24:032][  0]MapCheck: New page: Map Check
[2017.06.22-08.06.24:032][  0]LightingResults: New page: Lighting Build
[2017.06.22-08.06.24:093][  0]LogBlueprint:Error: [Compiler FOTWO_HUD] Error The type of  Object  is undetermined.  Connect something to  Cast To FOTWO_BAU  to imply a specific type.
[2017.06.22-08.06.24:093][  0]LogBlueprint:Error: [Compiler FOTWO_HUD] Error The current value of the ' Object ' pin is invalid: Unsupported type Wildcard on pin Object
[2017.06.22-08.06.24:096][  0]LogBlueprint:Warning: [Compiler FOTWO_HUD] Warning [0024.72] Compile of FOTWO_HUD failed. 2 Fatal Issue(s) 0 Warning(s) [in 5 ms] (/Game/2DSideScrollerBP/Blueprints/User_Interface/FOTWO_HUD.FOTWO_HUD)
[2017.06.22-08.06.24:096][  0]LogBlueprint:Warning: [Compiler FOTWO_HUD] Warning [0024.72] Compile of FOTWO_HUD failed. 2 Fatal Issue(s) 1 Warning(s) [in 0 ms] (/Game/2DSideScrollerBP/Blueprints/User_Interface/FOTWO_HUD.FOTWO_HUD)
[2017.06.22-08.06.24:096][  0]LogBlueprint:Warning: [Compiler FOTWO_HUD] Warning [0024.72] Compile of FOTWO_HUD failed. 2 Fatal Issue(s) 2 Warning(s) [in 0 ms] (/Game/2DSideScrollerBP/Blueprints/User_Interface/FOTWO_HUD.FOTWO_HUD)
[2017.06.22-08.06.24:197][  0]LogAIModule: Creating AISystem for world 2DSideScrollerExampleMap
[2017.06.22-08.06.24:215][  0]LogEditorServer: Finished looking for orphan Actors (0.000 secs)
[2017.06.22-08.06.24:230][  0]Cmd: MAP CHECKDEP NOCLEARLOG
[2017.06.22-08.06.24:268][  0]MapCheck: Info Map check complete: 0 Error(s), 0 Warning(s), took 38.032ms to complete.
[2017.06.22-08.06.24:268][  0]LogFileHelpers: Loading map '2DSideScrollerExampleMap' took 0.284
[2017.06.22-08.06.24:381][  0]LogWindowsTextInputMethodSystem:Display: IME system now deactivated.
[2017.06.22-08.06.24:554][  0]LogCollectionManager: Loaded 0 collections in 0.001886 seconds
[2017.06.22-08.06.24:649][  0]LogFileCache: Scanning file cache for directory 'C:/Unreal/FOTWO/source/FOTWO02/Saved/Collections/' took 0.01s
[2017.06.22-08.06.24:649][  0]LogFileCache: Scanning file cache for directory 'C:/Unreal/FOTWO/source/FOTWO02/Content/Developers/vonkl/Collections/' took 0.02s
[2017.06.22-08.06.24:649][  0]LogFileCache: Scanning file cache for directory 'C:/Unreal/FOTWO/source/FOTWO02/Content/Collections/' took 0.01s
[2017.06.22-08.06.24:649][  0]LogCollectionManager: Rebuilt the GUID cache for 0 collections in 0.000001 seconds
[2017.06.22-08.06.24:660][  0]LogContentBrowser: Native class hierarchy populated in 0.0089 seconds. Added 2329 classes and 491 folders.
[2017.06.22-08.06.24:722][  0]LogContentBrowser: Native class hierarchy updated for 'WidgetCarousel' in 0.0005 seconds. Added 0 classes and 0 folders.
[2017.06.22-08.06.25:111][  0]LogContentBrowser: Native class hierarchy updated for 'AddContentDialog' in 0.0005 seconds. Added 0 classes and 0 folders.
[2017.06.22-08.06.25:173][  0]LogContentBrowser: Native class hierarchy updated for 'SceneOutliner' in 0.0006 seconds. Added 1 classes and 2 folders.
[2017.06.22-08.06.25:261][  0]LogCrashTracker: Crashtracker disabled due to settings.
[2017.06.22-08.06.25:279][  0]LogSlate: Took 0.006323 seconds to synchronously load lazily loaded font '../../../Engine/Content/Slate/Fonts/Roboto-Regular.ttf' (155K)
[2017.06.22-08.06.25:286][  0]LogSlate: Took 0.004718 seconds to synchronously load lazily loaded font '../../../Engine/Content/Slate/Fonts/Roboto-Bold.ttf' (160K)
[2017.06.22-08.06.25:297][  0]LogSlate: Took 0.004496 seconds to synchronously load lazily loaded font '../../../Engine/Content/Editor/Slate/Fonts/FontAwesome.ttf' (139K)
[2017.06.22-08.06.25:451][  0]LogRenderer: Reallocating scene render targets to support 1616x808 NumSamples 1 (Frame:1).
[2017.06.22-08.06.25:578][  0]LogUObjectGlobals:Warning: Failed to find object 'Class None.'
[2017.06.22-08.06.25:644][  0]LogContentBrowser: Native class hierarchy updated for 'HierarchicalLODOutliner' in 0.0006 seconds. Added 1 classes and 2 folders.
[2017.06.22-08.06.25:644][  0]LogLoad: (Engine Initialization) Total time: 26.26 seconds
[2017.06.22-08.06.25:644][  0]LogLoad: (Engine Initialization) Total Blueprint compile time: 0.11 seconds
[2017.06.22-08.06.25:644][  0]LogExternalProfiler: Found external profiler: VSPerf
[2017.06.22-08.06.25:644][  0]LogExternalProfiler: Using external profiler: VSPerf
[2017.06.22-08.06.25:665][  0]LogOcInput: OculusInput pre-init called
[2017.06.22-08.06.25:665][  0]LogHMD: Starting GearVRController plugin
[2017.06.22-08.06.25:685][  0]LogContentStreaming: Texture pool size now 1000 MB
[2017.06.22-08.06.25:745][  1]LogAssetRegistry: Asset discovery search completed in 13.0467 seconds
[2017.06.22-08.06.25:746][  1]LogCollectionManager: Rebuilt the object cache for 0 collections in 0.000000 seconds (found 0 objects)
[2017.06.22-08.06.25:746][  1]LogCollectionManager: Fixed up redirectors for 0 collections in 0.000020 seconds (updated 0 objects)
[2017.06.22-08.06.26:684][ 56]LogSlate: Took 0.005779 seconds to synchronously load lazily loaded font '../../../Engine/Content/Slate/Fonts/Roboto-Light.ttf' (159K)
[2017.06.22-08.06.36:050][617]LogSlate: Took 0.000144 seconds to synchronously load lazily loaded font '../../../Engine/Content/Slate/Fonts/Roboto-Light.ttf' (159K)
[2017.06.22-08.06.36:516][617]LogContentBrowser: Native class hierarchy updated for 'BlueprintGraph' in 0.0008 seconds. Added 112 classes and 0 folders.
[2017.06.22-08.06.37:132][617]LogSlate: Took 0.003510 seconds to synchronously load lazily loaded font '../../../Engine/Content/Editor/Slate/Fonts/Roboto-BoldCondensed.ttf' (158K)
[2017.06.22-08.06.42:597][917]LogSlate: Took 0.003271 seconds to synchronously load lazily loaded font '../../../Engine/Content/Editor/Slate/Fonts/Roboto-Italic.ttf' (157K)
[2017.06.22-08.07.28:072][625]BlueprintLog: New page: Compile FOTWO_BAU
[2017.06.22-08.07.28:087][625]LogBlueprint:Error: [Compiler FOTWO_HUD] Error The type of  Object  is undetermined.  Connect something to  Cast To FOTWO_BAU  to imply a specific type.
[2017.06.22-08.07.28:087][625]LogBlueprint:Error: [Compiler FOTWO_HUD] Error The current value of the ' Object ' pin is invalid: Unsupported type Wildcard on pin Object
[2017.06.22-08.07.28:948][662]LogSavePackage: Save=29.59ms
[2017.06.22-08.07.28:948][662]LogSavePackage: Moving '../../../../../../Unreal/FOTWO/source/FOTWO02/Saved/FOTWO_BAUD3D2CBFE485753D6CF0BFD8BA0DFD3CA.tmp' to '../../../../../../Unreal/FOTWO/source/FOTWO02/Content/2DSideScrollerBP/Blueprints/Simulation/FOTWO_BAU.uasset'
[2017.06.22-08.07.28:950][662]LogSavePackage:Display: Finished SavePackage ../../../../../../Unreal/FOTWO/source/FOTWO02/Content/2DSideScrollerBP/Blueprints/Simulation/FOTWO_BAU.uasset
[2017.06.22-08.07.36:229][ 95]MapCheck: New page: Map Check
[2017.06.22-08.07.36:244][ 95]Cmd: MAP REBUILD ALLVISIBLE
[2017.06.22-08.07.36:244][ 95]LogEditorServer: Rebuildmap Clear paths rebuilt
[2017.06.22-08.07.36:314][ 95]LogMaterial: Missing cached shader map for material FDebugViewModeMaterialProxy DefaultMaterial, compiling. 
[2017.06.22-08.07.36:323][ 95]LogMaterial: Missing cached shader map for material FDebugViewModeMaterialProxy MaskedUnlitSpriteMaterial, compiling. 
[2017.06.22-08.07.36:328][ 95]LogMaterial: Missing cached shader map for material FDebugViewModeMaterialProxy OpaqueUnlitSpriteMaterial, compiling. 
[2017.06.22-08.07.36:874][ 95]TextureStreamingBuild:Display: Compiling optional shaders took 0.566 seconds.
[2017.06.22-08.07.36:882][ 95]LogLevel:Display: Export Material TexCoord Scales took 0.007 seconds.
[2017.06.22-08.07.36:885][ 95]TextureStreamingBuild:Display: Build Texture Streaming took 0.003 seconds.
[2017.06.22-08.07.36:896][ 95]LightingResults: New page: Lighting Build - 22 Jun 2017 12:07:36
[2017.06.22-08.07.36:933][ 95]LogSwarmInterface: [OpenConnection] Registering TCP channel ...
[2017.06.22-08.07.37:012][ 95]LogSwarmInterface: [OpenConnection] Connecting to agent ...
[2017.06.22-08.07.37:020][ 95]LogSwarmInterface: [TryOpenConnection] Testing the Agent
[2017.06.22-08.07.37:539][ 95]LogSwarmInterface: [TryOpenConnection] Opening Connection to Agent
[2017.06.22-08.07.37:539][ 95]LogSwarmInterface: [TryOpenConnection] Local Process ID is 14056
[2017.06.22-08.07.40:450][ 95]LogStaticLightingSystem:Warning: No importance volume found, so the scene bounding box was used.  You can optimize your scene's quality and lighting build times by adding importance volumes.
[2017.06.22-08.07.40:450][ 95]LogStaticLightingSystem: Running Lightmass w/ ImmediateImport mode ENABLED
[2017.06.22-08.07.40:450][ 95]LogStaticLightingSystem: Running Lightmass w/ ImmediateProcess mode ENABLED
[2017.06.22-08.07.40:450][ 95]LogStaticLightingSystem: Running Lightmass w/ Sorting mode ENABLED
[2017.06.22-08.07.40:450][ 95]LogStaticLightingSystem: Running Lightmass w/ Mapping paddings ENABLED
[2017.06.22-08.07.40:450][ 95]LogStaticLightingSystem: Running Lightmass w/ Mapping debug paddings DISABLED
[2017.06.22-08.07.40:585][ 95]Cmd: MAP CHECK DONTDISPLAYDIALOG
[2017.06.22-08.07.40:585][ 95]MapCheck: New page: 2DSideScrollerExampleMap - 22 Jun 2017 12:07:40
[2017.06.22-08.07.40:586][ 95]MapCheck:Error: Error Background_Sprite_48 Background_Sprite_48 : Invalid DrawScale/DrawScale3D 
[2017.06.22-08.07.40:586][ 95]MapCheck:Warning: Warning Background_Sprite_48 'Globe_Sprite' has simple collision but is being scaled non-uniformly - collision creation will fail 
[2017.06.22-08.07.40:632][ 95]MapCheck: Info Map check complete: 1 Error(s), 1 Warning(s), took 47.052ms to complete.
[2017.06.22-08.07.40:655][ 95]LogEditorBuildUtils: Build time 0:04
[2017.06.22-08.07.42:254][100]Job is a success!
[2017.06.22-08.07.42:653][101]Lightmass on KLAUDE2017ALIEN: 1.21 sec total, 118 ms importing, 30 ms setup, 271 ms photons, 768 ms processing, 0 ms extra exporting [0/0 mappings]. Threads: 5.21 sec total, 0 ms processing.
[2017.06.22-08.07.42:679][101]LogStaticLightingSystem: Illumination: 5.44 sec (0 ms encoding lightmaps, 0 ms encoding shadowmaps)
[2017.06.22-08.07.42:679][101]LogStaticLightingSystem: Lightmap texture memory:  0.0 MB (0.0 MB streaming, 0.0 MB non-streaming), 0 textures
[2017.06.22-08.07.42:679][101]LogStaticLightingSystem: Shadowmap texture memory: 0.0 MB (0.0 MB streaming, 0.0 MB non-streaming), 0 textures
[2017.06.22-08.07.43:455][101]DumpUnbuiltLightIteractions
[2017.06.22-08.07.43:455][101]Lights with unbuilt interactions: 0
[2017.06.22-08.07.43:455][101]
[2017.06.22-08.07.43:455][101]Primitives with unbuilt interactions: 0
[2017.06.22-08.07.43:469][102]Cmd: MAP CHECK NOTIFYRESULTS
[2017.06.22-08.07.43:469][102]MapCheck: New page: 2DSideScrollerExampleMap - 22 Jun 2017 12:07:43
[2017.06.22-08.07.43:470][102]MapCheck:Error: Error Background_Sprite_48 Background_Sprite_48 : Invalid DrawScale/DrawScale3D 
[2017.06.22-08.07.43:470][102]MapCheck:Warning: Warning Background_Sprite_48 'Globe_Sprite' has simple collision but is being scaled non-uniformly - collision creation will fail 
[2017.06.22-08.07.43:559][102]MapCheck: Info Map check complete: 1 Error(s), 1 Warning(s), took 89.554ms to complete.
[2017.06.22-08.09.28:510][798]LogSavePackage: Save=84.29ms
[2017.06.22-08.09.28:511][798]LogSavePackage: Moving '../../../../../../Unreal/FOTWO/source/FOTWO02/Saved/2DSideScrollerExampleMap89C774B8480F3FED3662AA8783B99416.tmp' to '../../../../../../Unreal/FOTWO/source/FOTWO02/Content/2DSideScrollerBP/Maps/2DSideScrollerExampleMap.umap'
[2017.06.22-08.09.28:514][798]LogSavePackage:Display: Finished SavePackage ../../../../../../Unreal/FOTWO/source/FOTWO02/Content/2DSideScrollerBP/Maps/2DSideScrollerExampleMap.umap
[2017.06.22-08.09.28:549][798]LogSavePackage: Save=3.59ms
[2017.06.22-08.09.28:549][798]LogSavePackage: Moving '../../../../../../Unreal/FOTWO/source/FOTWO02/Saved/2DSideScrollerExampleMap_BuiltData26C7822641FE6DD754D3E8BC4DAC2DD1.tmp' to '../../../../../../Unreal/FOTWO/source/FOTWO02/Content/2DSideScrollerBP/Maps/2DSideScrollerExampleMap_BuiltData.uasset'
[2017.06.22-08.09.28:551][798]LogSavePackage:Display: Finished SavePackage ../../../../../../Unreal/FOTWO/source/FOTWO02/Content/2DSideScrollerBP/Maps/2DSideScrollerExampleMap_BuiltData.uasset
[2017.06.22-08.09.29:450][852]MapCheck: New page: Map Check
[2017.06.22-08.09.29:464][852]Cmd: MAP REBUILD ALLVISIBLE
[2017.06.22-08.09.29:464][852]LogEditorServer: Rebuildmap Clear paths rebuilt
[2017.06.22-08.09.29:487][852]LogMaterial: Missing cached shader map for material FDebugViewModeMaterialProxy DefaultMaterial, compiling. 
[2017.06.22-08.09.29:493][852]LogMaterial: Missing cached shader map for material FDebugViewModeMaterialProxy MaskedUnlitSpriteMaterial, compiling. 
[2017.06.22-08.09.29:497][852]LogMaterial: Missing cached shader map for material FDebugViewModeMaterialProxy OpaqueUnlitSpriteMaterial, compiling. 
[2017.06.22-08.09.30:056][852]TextureStreamingBuild:Display: Compiling optional shaders took 0.572 seconds.
[2017.06.22-08.09.30:058][852]LogLevel:Display: Export Material TexCoord Scales took 0.003 seconds.
[2017.06.22-08.09.30:061][852]TextureStreamingBuild:Display: Build Texture Streaming took 0.003 seconds.
[2017.06.22-08.09.30:073][852]LightingResults: New page: Lighting Build - 22 Jun 2017 12:09:30
[2017.06.22-08.09.30:081][852]LogSwarmInterface: [OpenConnection] Registering TCP channel ...
[2017.06.22-08.09.30:084][852]LogSwarmInterface: [OpenConnection] Connecting to agent ...
[2017.06.22-08.09.30:084][852]LogSwarmInterface: [TryOpenConnection] Testing the Agent
[2017.06.22-08.09.30:085][852]LogSwarmInterface: [TryOpenConnection] Opening Connection to Agent
[2017.06.22-08.09.30:085][852]LogSwarmInterface: [TryOpenConnection] Local Process ID is 14056
[2017.06.22-08.09.34:625][852]LogStaticLightingSystem:Warning: No importance volume found, so the scene bounding box was used.  You can optimize your scene's quality and lighting build times by adding importance volumes.
[2017.06.22-08.09.34:625][852]LogStaticLightingSystem: Running Lightmass w/ ImmediateImport mode ENABLED
[2017.06.22-08.09.34:625][852]LogStaticLightingSystem: Running Lightmass w/ ImmediateProcess mode ENABLED
[2017.06.22-08.09.34:625][852]LogStaticLightingSystem: Running Lightmass w/ Sorting mode ENABLED
[2017.06.22-08.09.34:625][852]LogStaticLightingSystem: Running Lightmass w/ Mapping paddings ENABLED
[2017.06.22-08.09.34:626][852]LogStaticLightingSystem: Running Lightmass w/ Mapping debug paddings DISABLED
[2017.06.22-08.09.34:793][852]Cmd: MAP CHECK DONTDISPLAYDIALOG
[2017.06.22-08.09.34:793][852]MapCheck: New page: 2DSideScrollerExampleMap - 22 Jun 2017 12:09:34
[2017.06.22-08.09.34:793][852]MapCheck:Warning: Warning Background_Sprite_48 'Globe_Sprite' has simple collision but is being scaled non-uniformly - collision creation will fail 
[2017.06.22-08.09.35:891][852]MapCheck: Info Map check complete: 0 Error(s), 1 Warning(s), took 1,098.317ms to complete.
[2017.06.22-08.09.35:914][852]LogEditorBuildUtils: Build time 0:06
[2017.06.22-08.09.37:162][902]Job is a success!
[2017.06.22-08.09.37:226][903]Lightmass on KLAUDE2017ALIEN: 657 ms total, 126 ms importing, 27 ms setup, 273 ms photons, 187 ms processing, 0 ms extra exporting [0/0 mappings]. Threads: 1.14 sec total, 0 ms processing.
[2017.06.22-08.09.37:233][903]LogStaticLightingSystem: Illumination: 7.13 sec (0 ms encoding lightmaps, 0 ms encoding shadowmaps)
[2017.06.22-08.09.37:233][903]LogStaticLightingSystem: Lightmap texture memory:  0.0 MB (0.0 MB streaming, 0.0 MB non-streaming), 0 textures
[2017.06.22-08.09.37:233][903]LogStaticLightingSystem: Shadowmap texture memory: 0.0 MB (0.0 MB streaming, 0.0 MB non-streaming), 0 textures
[2017.06.22-08.09.37:635][903]DumpUnbuiltLightIteractions
[2017.06.22-08.09.37:635][903]Lights with unbuilt interactions: 0
[2017.06.22-08.09.37:635][903]
[2017.06.22-08.09.37:635][903]Primitives with unbuilt interactions: 0
[2017.06.22-08.09.37:655][904]Cmd: MAP CHECK NOTIFYRESULTS
[2017.06.22-08.09.37:655][904]MapCheck: New page: 2DSideScrollerExampleMap - 22 Jun 2017 12:09:37
[2017.06.22-08.09.37:656][904]MapCheck:Warning: Warning Background_Sprite_48 'Globe_Sprite' has simple collision but is being scaled non-uniformly - collision creation will fail 
[2017.06.22-08.09.37:710][904]MapCheck: Info Map check complete: 0 Error(s), 1 Warning(s), took 55.148ms to complete.
[2017.06.22-08.10.00:492][263]LogSavePackage: Save=82.06ms
[2017.06.22-08.10.00:492][263]LogSavePackage: Moving '../../../../../../Unreal/FOTWO/source/FOTWO02/Saved/2DSideScrollerExampleMapA8DB74934C8A9219A8E181A1C337395E.tmp' to '../../../../../../Unreal/FOTWO/source/FOTWO02/Content/2DSideScrollerBP/Maps/2DSideScrollerExampleMap.umap'
[2017.06.22-08.10.00:494][263]LogSavePackage:Display: Finished SavePackage ../../../../../../Unreal/FOTWO/source/FOTWO02/Content/2DSideScrollerBP/Maps/2DSideScrollerExampleMap.umap
[2017.06.22-08.10.00:540][263]LogSavePackage: Save=6.49ms
[2017.06.22-08.10.00:540][263]LogSavePackage: Moving '../../../../../../Unreal/FOTWO/source/FOTWO02/Saved/2DSideScrollerExampleMap_BuiltData501515154E14670FF6CB2CB399734CD3.tmp' to '../../../../../../Unreal/FOTWO/source/FOTWO02/Content/2DSideScrollerBP/Maps/2DSideScrollerExampleMap_BuiltData.uasset'
[2017.06.22-08.10.00:543][263]LogSavePackage:Display: Finished SavePackage ../../../../../../Unreal/FOTWO/source/FOTWO02/Content/2DSideScrollerBP/Maps/2DSideScrollerExampleMap_BuiltData.uasset
[2017.06.22-08.10.01:714][332]MapCheck: New page: Map Check
[2017.06.22-08.10.01:732][332]Cmd: MAP REBUILD ALLVISIBLE
[2017.06.22-08.10.01:732][332]LogEditorServer: Rebuildmap Clear paths rebuilt
[2017.06.22-08.10.01:753][332]LogMaterial: Missing cached shader map for material FDebugViewModeMaterialProxy DefaultMaterial, compiling. 
[2017.06.22-08.10.01:759][332]LogMaterial: Missing cached shader map for material FDebugViewModeMaterialProxy MaskedUnlitSpriteMaterial, compiling. 
[2017.06.22-08.10.01:764][332]LogMaterial: Missing cached shader map for material FDebugViewModeMaterialProxy OpaqueUnlitSpriteMaterial, compiling. 
[2017.06.22-08.10.02:166][332]TextureStreamingBuild:Display: Compiling optional shaders took 0.416 seconds.
[2017.06.22-08.10.02:168][332]LogLevel:Display: Export Material TexCoord Scales took 0.003 seconds.
[2017.06.22-08.10.02:172][332]TextureStreamingBuild:Display: Build Texture Streaming took 0.004 seconds.
[2017.06.22-08.10.02:185][332]LightingResults: New page: Lighting Build - 22 Jun 2017 12:10:02
[2017.06.22-08.10.02:191][332]LogSwarmInterface: [OpenConnection] Registering TCP channel ...
[2017.06.22-08.10.02:193][332]LogSwarmInterface: [OpenConnection] Connecting to agent ...
[2017.06.22-08.10.02:193][332]LogSwarmInterface: [TryOpenConnection] Testing the Agent
[2017.06.22-08.10.02:194][332]LogSwarmInterface: [TryOpenConnection] Opening Connection to Agent
[2017.06.22-08.10.02:194][332]LogSwarmInterface: [TryOpenConnection] Local Process ID is 14056
[2017.06.22-08.10.06:722][332]LogStaticLightingSystem:Warning: No importance volume found, so the scene bounding box was used.  You can optimize your scene's quality and lighting build times by adding importance volumes.
[2017.06.22-08.10.06:722][332]LogStaticLightingSystem: Running Lightmass w/ ImmediateImport mode ENABLED
[2017.06.22-08.10.06:722][332]LogStaticLightingSystem: Running Lightmass w/ ImmediateProcess mode ENABLED
[2017.06.22-08.10.06:722][332]LogStaticLightingSystem: Running Lightmass w/ Sorting mode ENABLED
[2017.06.22-08.10.06:722][332]LogStaticLightingSystem: Running Lightmass w/ Mapping paddings ENABLED
[2017.06.22-08.10.06:722][332]LogStaticLightingSystem: Running Lightmass w/ Mapping debug paddings DISABLED
[2017.06.22-08.10.06:900][332]Cmd: MAP CHECK DONTDISPLAYDIALOG
[2017.06.22-08.10.06:900][332]MapCheck: New page: 2DSideScrollerExampleMap - 22 Jun 2017 12:10:06
[2017.06.22-08.10.06:900][332]MapCheck:Warning: Warning Background_Sprite_48 'Globe_Sprite' has simple collision but is being scaled non-uniformly - collision creation will fail 
[2017.06.22-08.10.06:956][332]MapCheck: Info Map check complete: 0 Error(s), 1 Warning(s), took 56.365ms to complete.
[2017.06.22-08.10.06:978][332]LogEditorBuildUtils: Build time 0:05
[2017.06.22-08.10.08:020][373]Job is a success!
[2017.06.22-08.10.08:085][374]Lightmass on KLAUDE2017ALIEN: 601 ms total, 91 ms importing, 17 ms setup, 271 ms photons, 189 ms processing, 0 ms extra exporting [0/0 mappings]. Threads: 1.16 sec total, 0 ms processing.
[2017.06.22-08.10.08:091][374]LogStaticLightingSystem: Illumination: 5.88 sec (0 ms encoding lightmaps, 0 ms encoding shadowmaps)
[2017.06.22-08.10.08:091][374]LogStaticLightingSystem: Lightmap texture memory:  0.0 MB (0.0 MB streaming, 0.0 MB non-streaming), 0 textures
[2017.06.22-08.10.08:091][374]LogStaticLightingSystem: Shadowmap texture memory: 0.0 MB (0.0 MB streaming, 0.0 MB non-streaming), 0 textures
[2017.06.22-08.10.08:732][374]DumpUnbuiltLightIteractions
[2017.06.22-08.10.08:732][374]Lights with unbuilt interactions: 0
[2017.06.22-08.10.08:732][374]
[2017.06.22-08.10.08:732][374]Primitives with unbuilt interactions: 0
[2017.06.22-08.10.08:759][375]Cmd: MAP CHECK NOTIFYRESULTS
[2017.06.22-08.10.08:760][375]MapCheck: New page: 2DSideScrollerExampleMap - 22 Jun 2017 12:10:08
[2017.06.22-08.10.08:761][375]MapCheck:Warning: Warning Background_Sprite_48 'Globe_Sprite' has simple collision but is being scaled non-uniformly - collision creation will fail 
[2017.06.22-08.10.08:832][375]MapCheck: Info Map check complete: 0 Error(s), 1 Warning(s), took 72.597ms to complete.
[2017.06.22-08.10.21:297][122]MapCheck: New page: Map Check
[2017.06.22-08.10.21:310][122]Cmd: MAP REBUILD ALLVISIBLE
[2017.06.22-08.10.21:310][122]LogEditorServer: Rebuildmap Clear paths rebuilt
[2017.06.22-08.10.21:332][122]LogMaterial: Missing cached shader map for material FDebugViewModeMaterialProxy DefaultMaterial, compiling. 
[2017.06.22-08.10.21:338][122]LogMaterial: Missing cached shader map for material FDebugViewModeMaterialProxy MaskedUnlitSpriteMaterial, compiling. 
[2017.06.22-08.10.21:343][122]LogMaterial: Missing cached shader map for material FDebugViewModeMaterialProxy OpaqueUnlitSpriteMaterial, compiling. 
[2017.06.22-08.10.21:531][122]TextureStreamingBuild:Display: Compiling optional shaders took 0.202 seconds.
[2017.06.22-08.10.21:533][122]LogLevel:Display: Export Material TexCoord Scales took 0.002 seconds.
[2017.06.22-08.10.21:536][122]TextureStreamingBuild:Display: Build Texture Streaming took 0.003 seconds.
[2017.06.22-08.10.21:551][122]LightingResults: New page: Lighting Build - 22 Jun 2017 12:10:21
[2017.06.22-08.10.21:556][122]LogSwarmInterface: [OpenConnection] Registering TCP channel ...
[2017.06.22-08.10.21:557][122]LogSwarmInterface: [OpenConnection] Connecting to agent ...
[2017.06.22-08.10.21:557][122]LogSwarmInterface: [TryOpenConnection] Testing the Agent
[2017.06.22-08.10.21:558][122]LogSwarmInterface: [TryOpenConnection] Opening Connection to Agent
[2017.06.22-08.10.21:558][122]LogSwarmInterface: [TryOpenConnection] Local Process ID is 14056
[2017.06.22-08.10.26:084][122]LogStaticLightingSystem:Warning: No importance volume found, so the scene bounding box was used.  You can optimize your scene's quality and lighting build times by adding importance volumes.
[2017.06.22-08.10.26:085][122]LogStaticLightingSystem: Running Lightmass w/ ImmediateImport mode ENABLED
[2017.06.22-08.10.26:085][122]LogStaticLightingSystem: Running Lightmass w/ ImmediateProcess mode ENABLED
[2017.06.22-08.10.26:085][122]LogStaticLightingSystem: Running Lightmass w/ Sorting mode ENABLED
[2017.06.22-08.10.26:085][122]LogStaticLightingSystem: Running Lightmass w/ Mapping paddings ENABLED
[2017.06.22-08.10.26:085][122]LogStaticLightingSystem: Running Lightmass w/ Mapping debug paddings DISABLED
[2017.06.22-08.10.26:213][122]Cmd: MAP CHECK DONTDISPLAYDIALOG
[2017.06.22-08.10.26:213][122]MapCheck: New page: 2DSideScrollerExampleMap - 22 Jun 2017 12:10:26
[2017.06.22-08.10.26:214][122]MapCheck:Warning: Warning Background_Sprite_48 'Globe_Sprite' has simple collision but is being scaled non-uniformly - collision creation will fail 
[2017.06.22-08.10.26:255][122]MapCheck: Info Map check complete: 0 Error(s), 1 Warning(s), took 41.068ms to complete.
[2017.06.22-08.10.26:277][122]LogEditorBuildUtils: Build time 0:04
[2017.06.22-08.10.27:319][163]Job is a success!
[2017.06.22-08.10.27:392][165]Lightmass on KLAUDE2017ALIEN: 616 ms total, 93 ms importing, 18 ms setup, 272 ms photons, 202 ms processing, 0 ms extra exporting [0/0 mappings]. Threads: 1.25 sec total, 0 ms processing.
[2017.06.22-08.10.27:396][165]LogStaticLightingSystem: Illumination: 5.82 sec (0 ms encoding lightmaps, 0 ms encoding shadowmaps)
[2017.06.22-08.10.27:397][165]LogStaticLightingSystem: Lightmap texture memory:  0.0 MB (0.0 MB streaming, 0.0 MB non-streaming), 0 textures
[2017.06.22-08.10.27:397][165]LogStaticLightingSystem: Shadowmap texture memory: 0.0 MB (0.0 MB streaming, 0.0 MB non-streaming), 0 textures
[2017.06.22-08.10.28:093][165]DumpUnbuiltLightIteractions
[2017.06.22-08.10.28:093][165]Lights with unbuilt interactions: 0
[2017.06.22-08.10.28:093][165]
[2017.06.22-08.10.28:093][165]Primitives with unbuilt interactions: 0
[2017.06.22-08.10.28:120][166]Cmd: MAP CHECK NOTIFYRESULTS
[2017.06.22-08.10.28:120][166]MapCheck: New page: 2DSideScrollerExampleMap - 22 Jun 2017 12:10:28
[2017.06.22-08.10.28:121][166]MapCheck:Warning: Warning Background_Sprite_48 'Globe_Sprite' has simple collision but is being scaled non-uniformly - collision creation will fail 
[2017.06.22-08.10.28:189][166]MapCheck: Info Map check complete: 0 Error(s), 1 Warning(s), took 69.238ms to complete.
[2017.06.22-08.10.37:791][735]LogSavePackage: Save=79.63ms
[2017.06.22-08.10.37:791][735]LogSavePackage: Moving '../../../../../../Unreal/FOTWO/source/FOTWO02/Saved/2DSideScrollerExampleMapFA7C67514621C7999E326794F23B0A6C.tmp' to '../../../../../../Unreal/FOTWO/source/FOTWO02/Content/2DSideScrollerBP/Maps/2DSideScrollerExampleMap.umap'
[2017.06.22-08.10.37:793][735]LogSavePackage:Display: Finished SavePackage ../../../../../../Unreal/FOTWO/source/FOTWO02/Content/2DSideScrollerBP/Maps/2DSideScrollerExampleMap.umap
[2017.06.22-08.10.37:822][735]LogSavePackage: Save=3.40ms
[2017.06.22-08.10.37:822][735]LogSavePackage: Moving '../../../../../../Unreal/FOTWO/source/FOTWO02/Saved/2DSideScrollerExampleMap_BuiltData3C76897248948EED944ADD834184FE68.tmp' to '../../../../../../Unreal/FOTWO/source/FOTWO02/Content/2DSideScrollerBP/Maps/2DSideScrollerExampleMap_BuiltData.uasset'
[2017.06.22-08.10.37:824][735]LogSavePackage:Display: Finished SavePackage ../../../../../../Unreal/FOTWO/source/FOTWO02/Content/2DSideScrollerBP/Maps/2DSideScrollerExampleMap_BuiltData.uasset
[2017.06.22-08.10.39:619][843]MapCheck: New page: Map Check
[2017.06.22-08.10.39:633][843]Cmd: MAP REBUILD ALLVISIBLE
[2017.06.22-08.10.39:633][843]LogEditorServer: Rebuildmap Clear paths rebuilt
[2017.06.22-08.10.39:655][843]LogMaterial: Missing cached shader map for material FDebugViewModeMaterialProxy DefaultMaterial, compiling. 
[2017.06.22-08.10.39:660][843]LogMaterial: Missing cached shader map for material FDebugViewModeMaterialProxy MaskedUnlitSpriteMaterial, compiling. 
[2017.06.22-08.10.39:664][843]LogMaterial: Missing cached shader map for material FDebugViewModeMaterialProxy OpaqueUnlitSpriteMaterial, compiling. 
[2017.06.22-08.10.39:853][843]TextureStreamingBuild:Display: Compiling optional shaders took 0.201 seconds.
[2017.06.22-08.10.39:855][843]LogLevel:Display: Export Material TexCoord Scales took 0.002 seconds.
[2017.06.22-08.10.39:858][843]TextureStreamingBuild:Display: Build Texture Streaming took 0.003 seconds.
[2017.06.22-08.10.39:869][843]LightingResults: New page: Lighting Build - 22 Jun 2017 12:10:39
[2017.06.22-08.10.39:875][843]LogSwarmInterface: [OpenConnection] Registering TCP channel ...
[2017.06.22-08.10.39:876][843]LogSwarmInterface: [OpenConnection] Connecting to agent ...
[2017.06.22-08.10.39:876][843]LogSwarmInterface: [TryOpenConnection] Testing the Agent
[2017.06.22-08.10.39:877][843]LogSwarmInterface: [TryOpenConnection] Opening Connection to Agent
[2017.06.22-08.10.39:877][843]LogSwarmInterface: [TryOpenConnection] Local Process ID is 14056
[2017.06.22-08.10.44:406][843]LogStaticLightingSystem:Warning: No importance volume found, so the scene bounding box was used.  You can optimize your scene's quality and lighting build times by adding importance volumes.
[2017.06.22-08.10.44:406][843]LogStaticLightingSystem: Running Lightmass w/ ImmediateImport mode ENABLED
[2017.06.22-08.10.44:406][843]LogStaticLightingSystem: Running Lightmass w/ ImmediateProcess mode ENABLED
[2017.06.22-08.10.44:406][843]LogStaticLightingSystem: Running Lightmass w/ Sorting mode ENABLED
[2017.06.22-08.10.44:406][843]LogStaticLightingSystem: Running Lightmass w/ Mapping paddings ENABLED
[2017.06.22-08.10.44:406][843]LogStaticLightingSystem: Running Lightmass w/ Mapping debug paddings DISABLED
[2017.06.22-08.10.44:509][843]Cmd: MAP CHECK DONTDISPLAYDIALOG
[2017.06.22-08.10.44:509][843]MapCheck: New page: 2DSideScrollerExampleMap - 22 Jun 2017 12:10:44
[2017.06.22-08.10.44:551][843]MapCheck: Info Map check complete: 0 Error(s), 0 Warning(s), took 41.623ms to complete.
[2017.06.22-08.10.44:573][843]LogEditorBuildUtils: Build time 0:04
[2017.06.22-08.10.45:591][882]Job is a success!
[2017.06.22-08.10.45:668][884]Lightmass on KLAUDE2017ALIEN: 608 ms total, 88 ms importing, 18 ms setup, 270 ms photons, 204 ms processing, 0 ms extra exporting [0/0 mappings]. Threads: 1.27 sec total, 0 ms processing.
[2017.06.22-08.10.45:674][884]LogStaticLightingSystem: Illumination: 5.78 sec (0 ms encoding lightmaps, 0 ms encoding shadowmaps)
[2017.06.22-08.10.45:674][884]LogStaticLightingSystem: Lightmap texture memory:  0.0 MB (0.0 MB streaming, 0.0 MB non-streaming), 0 textures
[2017.06.22-08.10.45:674][884]LogStaticLightingSystem: Shadowmap texture memory: 0.0 MB (0.0 MB streaming, 0.0 MB non-streaming), 0 textures
[2017.06.22-08.10.46:409][884]DumpUnbuiltLightIteractions
[2017.06.22-08.10.46:409][884]Lights with unbuilt interactions: 0
[2017.06.22-08.10.46:409][884]
[2017.06.22-08.10.46:409][884]Primitives with unbuilt interactions: 0
[2017.06.22-08.10.46:428][885]Cmd: MAP CHECK NOTIFYRESULTS
[2017.06.22-08.10.46:428][885]MapCheck: New page: 2DSideScrollerExampleMap - 22 Jun 2017 12:10:46
[2017.06.22-08.10.46:480][885]MapCheck: Info Map check complete: 0 Error(s), 0 Warning(s), took 51.775ms to complete.
[2017.06.22-08.10.47:940][966]LogSavePackage: Save=78.61ms
[2017.06.22-08.10.47:940][966]LogSavePackage: Moving '../../../../../../Unreal/FOTWO/source/FOTWO02/Saved/2DSideScrollerExampleMapE55D6B8241689F034D642EB9A27812D7.tmp' to '../../../../../../Unreal/FOTWO/source/FOTWO02/Content/2DSideScrollerBP/Maps/2DSideScrollerExampleMap.umap'
[2017.06.22-08.10.47:942][966]LogSavePackage:Display: Finished SavePackage ../../../../../../Unreal/FOTWO/source/FOTWO02/Content/2DSideScrollerBP/Maps/2DSideScrollerExampleMap.umap
[2017.06.22-08.10.47:969][966]LogSavePackage: Save=3.18ms
[2017.06.22-08.10.47:969][966]LogSavePackage: Moving '../../../../../../Unreal/FOTWO/source/FOTWO02/Saved/2DSideScrollerExampleMap_BuiltData0F2D113C4D97B653B453099F382E5D2B.tmp' to '../../../../../../Unreal/FOTWO/source/FOTWO02/Content/2DSideScrollerBP/Maps/2DSideScrollerExampleMap_BuiltData.uasset'
[2017.06.22-08.10.47:971][966]LogSavePackage:Display: Finished SavePackage ../../../../../../Unreal/FOTWO/source/FOTWO02/Content/2DSideScrollerBP/Maps/2DSideScrollerExampleMap_BuiltData.uasset
[2017.06.22-08.25.40:847][631]BlueprintLog: New page: Compile FOTWO_BAU
[2017.06.22-08.25.40:865][631]LogBlueprint:Error: [Compiler FOTWO_HUD] Error The type of  Object  is undetermined.  Connect something to  Cast To FOTWO_BAU  to imply a specific type.
[2017.06.22-08.25.40:865][631]LogBlueprint:Error: [Compiler FOTWO_HUD] Error The current value of the ' Object ' pin is invalid: Unsupported type Wildcard on pin Object
[2017.06.22-08.25.41:734][666]LogSavePackage: Save=37.09ms
[2017.06.22-08.25.41:734][666]LogSavePackage: Moving '../../../../../../Unreal/FOTWO/source/FOTWO02/Saved/FOTWO_BAU10967FEB49DB37E1F7C8A29B4CAF506C.tmp' to '../../../../../../Unreal/FOTWO/source/FOTWO02/Content/2DSideScrollerBP/Blueprints/Simulation/FOTWO_BAU.uasset'
[2017.06.22-08.25.41:736][666]LogSavePackage:Display: Finished SavePackage ../../../../../../Unreal/FOTWO/source/FOTWO02/Content/2DSideScrollerBP/Blueprints/Simulation/FOTWO_BAU.uasset
[2017.06.22-08.26.09:104][967]LogSavePackage: Save=112.16ms
[2017.06.22-08.26.09:104][967]LogSavePackage: Moving '../../../../../../Unreal/FOTWO/source/FOTWO02/Saved/2DSideScrollerExampleMap_Auto13A49C21D4C5B791041054FA973A7AC54.tmp' to '../../../../../../Unreal/FOTWO/source/FOTWO02/Saved/Autosaves/Game/2DSideScrollerBP/Maps/2DSideScrollerExampleMap_Auto1.umap'
[2017.06.22-08.26.09:105][967]LogSavePackage:Display: Finished SavePackage ../../../../../../Unreal/FOTWO/source/FOTWO02/Saved/Autosaves/Game/2DSideScrollerBP/Maps/2DSideScrollerExampleMap_Auto1.umap
[2017.06.22-08.26.09:109][967]LogFileHelpers: Editor autosave (incl. sublevels) for '/Game/2DSideScrollerBP/Maps/2DSideScrollerExampleMap' took 0.144
[2017.06.22-08.26.09:109][967]LogFileHelpers: Editor autosave (incl. sublevels) for all levels took 0.144
[2017.06.22-08.28.10:367][408]BlueprintLog: New page: Compile FOTWO_HUD
[2017.06.22-08.28.10:379][408]LogBlueprint:Warning: [Compiler FOTWO_HUD] Warning 'FOTWO BAU' does not inherit from 'FOTWO HUD' ( Cast To FOTWO_BAU  would always fail).
[2017.06.22-08.28.10:379][408]LogBlueprint:Error: [Compiler FOTWO_HUD] Error This blueprint (self) is not a FOTWO_BAU_C, therefore ' Target ' must have a connection.
[2017.06.22-08.28.10:379][408]LogBlueprint:Error: [Compiler FOTWO_HUD] Error Variable node  Get HUD_Reference  uses an invalid target.  It may depend on a node that is not connected to the execution chain, and got purged.
[2017.06.22-08.28.10:570][408]BlueprintEditorCompileResults:Warning: Warning 'FOTWO BAU' does not inherit from 'FOTWO HUD' ( Cast To FOTWO_BAU  would always fail).
[2017.06.22-08.28.10:570][408]BlueprintEditorCompileResults:Error: Error This blueprint (self) is not a FOTWO_BAU_C, therefore ' Target ' must have a connection.
[2017.06.22-08.28.10:570][408]BlueprintEditorCompileResults:Error: Error Variable node  Get HUD_Reference  uses an invalid target.  It may depend on a node that is not connected to the execution chain, and got purged.
[2017.06.22-08.28.10:570][408]BlueprintEditorCompileResults: Info Fast Template Successfully Created.
[2017.06.22-08.28.10:570][408]LogBlueprint:Warning: [Compiler FOTWO_HUD] Warning [1331.19] Compile of FOTWO_HUD failed. 2 Fatal Issue(s) 1 Warning(s) [in 202 ms] (/Game/2DSideScrollerBP/Blueprints/User_Interface/FOTWO_HUD.FOTWO_HUD)
[2017.06.22-08.28.57:884][574]BlueprintLog: New page: Compile FOTWO_BAU
[2017.06.22-08.28.57:904][574]LogBlueprint:Error: [Compiler FOTWO_HUD] Error The type of  Object  is undetermined.  Connect something to  Cast To FOTWO_BAU  to imply a specific type.
[2017.06.22-08.28.57:904][574]LogBlueprint:Error: [Compiler FOTWO_HUD] Error The current value of the ' Object ' pin is invalid: Unsupported type Wildcard on pin Object
[2017.06.22-08.33.02:416][372]BlueprintLog: New page: Compile FOTWO_BAU
[2017.06.22-08.33.02:427][372]LogBlueprint:Warning: [Compiler FOTWO_BAU] Warning 'FOTWO HUD' does not inherit from 'HUD' ( Cast To FOTWO_HUD  would always fail).
[2017.06.22-08.33.02:437][372]LogBlueprint:Error: [Compiler FOTWO_HUD] Error The type of  Object  is undetermined.  Connect something to  Cast To FOTWO_BAU  to imply a specific type.
[2017.06.22-08.33.02:437][372]LogBlueprint:Error: [Compiler FOTWO_HUD] Error The current value of the ' Object ' pin is invalid: Unsupported type Wildcard on pin Object
[2017.06.22-08.33.02:786][372]BlueprintEditorCompileResults:Warning: Warning 'FOTWO HUD' does not inherit from 'HUD' ( Cast To FOTWO_HUD  would always fail).
[2017.06.22-08.33.02:787][372]LogBlueprint:Warning: [Compiler FOTWO_BAU] Warning [1623.41] Compile of FOTWO_BAU successful, but with 1 Warning(s) [in 370 ms] (/Game/2DSideScrollerBP/Blueprints/Simulation/FOTWO_BAU.FOTWO_BAU)
[2017.06.22-08.33.32:233][131]BlueprintLog: New page: Compile FOTWO_BAU
[2017.06.22-08.33.32:250][131]LogBlueprint:Error: [Compiler FOTWO_HUD] Error The type of  Object  is undetermined.  Connect something to  Cast To FOTWO_BAU  to imply a specific type.
[2017.06.22-08.33.32:250][131]LogBlueprint:Error: [Compiler FOTWO_HUD] Error The current value of the ' Object ' pin is invalid: Unsupported type Wildcard on pin Object
[2017.06.22-08.33.33:336][170]LogSavePackage: Save=35.22ms
[2017.06.22-08.33.33:336][170]LogSavePackage: Moving '../../../../../../Unreal/FOTWO/source/FOTWO02/Saved/FOTWO_BAUF8EF99894423E515613389AE8AAAF40A.tmp' to '../../../../../../Unreal/FOTWO/source/FOTWO02/Content/2DSideScrollerBP/Blueprints/Simulation/FOTWO_BAU.uasset'
[2017.06.22-08.33.33:338][170]LogSavePackage:Display: Finished SavePackage ../../../../../../Unreal/FOTWO/source/FOTWO02/Content/2DSideScrollerBP/Blueprints/Simulation/FOTWO_BAU.uasset
[2017.06.22-08.38.41:527][491]BlueprintLog: New page: Compile FOTWO_BAU
[2017.06.22-08.38.41:550][491]LogBlueprint:Error: [Compiler FOTWO_HUD] Error The type of  Object  is undetermined.  Connect something to  Cast To FOTWO_BAU  to imply a specific type.
[2017.06.22-08.38.41:550][491]LogBlueprint:Error: [Compiler FOTWO_HUD] Error The current value of the ' Object ' pin is invalid: Unsupported type Wildcard on pin Object
[2017.06.22-08.38.42:136][510]LogSavePackage: Save=37.40ms
[2017.06.22-08.38.42:136][510]LogSavePackage: Moving '../../../../../../Unreal/FOTWO/source/FOTWO02/Saved/FOTWO_BAU2B4BC7CE42D8C492CCEDA79AF82EA2A7.tmp' to '../../../../../../Unreal/FOTWO/source/FOTWO02/Content/2DSideScrollerBP/Blueprints/Simulation/FOTWO_BAU.uasset'
[2017.06.22-08.38.42:138][510]LogSavePackage:Display: Finished SavePackage ../../../../../../Unreal/FOTWO/source/FOTWO02/Content/2DSideScrollerBP/Blueprints/Simulation/FOTWO_BAU.uasset
[2017.06.22-08.39.09:276][100]BlueprintLog: New page: Compile FOTWO_HUD
[2017.06.22-08.39.09:285][100]LogBlueprint:Error: [Compiler FOTWO_HUD] Error The type of  Object  is undetermined.  Connect something to  Cast To FOTWO_BAU  to imply a specific type.
[2017.06.22-08.39.09:285][100]LogBlueprint:Error: [Compiler FOTWO_HUD] Error The current value of the ' Object ' pin is invalid: Unsupported type Wildcard on pin Object
[2017.06.22-08.39.09:459][100]BlueprintEditorCompileResults:Error: Error The type of  Object  is undetermined.  Connect something to  Cast To FOTWO_BAU  to imply a specific type.
[2017.06.22-08.39.09:459][100]BlueprintEditorCompileResults:Error: Error The current value of the ' Object ' pin is invalid: Unsupported type Wildcard on pin Object
[2017.06.22-08.39.09:459][100]BlueprintEditorCompileResults: Info Fast Template Successfully Created.
[2017.06.22-08.39.09:460][100]LogBlueprint:Warning: [Compiler FOTWO_HUD] Warning [1990.08] Compile of FOTWO_HUD failed. 2 Fatal Issue(s) 0 Warning(s) [in 183 ms] (/Game/2DSideScrollerBP/Blueprints/User_Interface/FOTWO_HUD.FOTWO_HUD)
[2017.06.22-08.39.31:915][411]LogSlate:Warning: Prevented a slow task dialog from being summoned while a context menu was open
[2017.06.22-08.41.07:559][729]LogSavePackage: Save=152.33ms
[2017.06.22-08.41.07:559][729]LogSavePackage: Moving '../../../../../../Unreal/FOTWO/source/FOTWO02/Saved/2DSideScrollerExampleMap_Auto285FC089B48A70C69FD0ACF9C29A042AA.tmp' to '../../../../../../Unreal/FOTWO/source/FOTWO02/Saved/Autosaves/Game/2DSideScrollerBP/Maps/2DSideScrollerExampleMap_Auto2.umap'
[2017.06.22-08.41.07:562][729]LogSavePackage:Display: Finished SavePackage ../../../../../../Unreal/FOTWO/source/FOTWO02/Saved/Autosaves/Game/2DSideScrollerBP/Maps/2DSideScrollerExampleMap_Auto2.umap
[2017.06.22-08.41.07:564][729]LogFileHelpers: Editor autosave (incl. sublevels) for '/Game/2DSideScrollerBP/Maps/2DSideScrollerExampleMap' took 0.202
[2017.06.22-08.41.07:564][729]LogFileHelpers: Editor autosave (incl. sublevels) for all levels took 0.202
[2017.06.22-08.41.07:566][729]OBJ SavePackage: Generating thumbnails for [0] asset(s) in package [/Game/2DSideScrollerBP/Blueprints/User_Interface/FOTWO_HUD] ([1] browsable assets)...
[2017.06.22-08.41.07:566][729]OBJ SavePackage: Finished generating thumbnails for package [/Game/2DSideScrollerBP/Blueprints/User_Interface/FOTWO_HUD]
[2017.06.22-08.41.07:613][729]LogSavePackage: Save=35.94ms
[2017.06.22-08.41.07:613][729]LogSavePackage: Moving '../../../../../../Unreal/FOTWO/source/FOTWO02/Saved/FOTWO_HUD_Auto25D6F501A4A079A5407D663AB4C360111.tmp' to '../../../../../../Unreal/FOTWO/source/FOTWO02/Saved/Autosaves/Game/2DSideScrollerBP/Blueprints/User_Interface/FOTWO_HUD_Auto2.uasset'
[2017.06.22-08.41.07:617][729]LogSavePackage:Display: Finished SavePackage ../../../../../../Unreal/FOTWO/source/FOTWO02/Saved/Autosaves/Game/2DSideScrollerBP/Blueprints/User_Interface/FOTWO_HUD_Auto2.uasset
[2017.06.22-08.41.07:617][729]LogFileHelpers: Auto-saving content packages took 0.052
[2017.06.22-08.59.52:424][119]BlueprintLog: New page: Compile FOTWO_BAU
[2017.06.22-08.59.52:436][119]LogBlueprint:Error: [Compiler FOTWO_BAU] Error The type of  Object  is undetermined.  Connect something to  Cast To FOTWO_HUD  to imply a specific type.
[2017.06.22-08.59.52:436][119]LogBlueprint:Error: [Compiler FOTWO_BAU] Error The current value of the ' Object ' pin is invalid: Unsupported type Object Wildcard on pin Object
[2017.06.22-08.59.52:651][119]BlueprintEditorCompileResults:Error: Error The type of  Object  is undetermined.  Connect something to  Cast To FOTWO_HUD  to imply a specific type.
[2017.06.22-08.59.52:651][119]BlueprintEditorCompileResults:Error: Error The current value of the ' Object ' pin is invalid: Unsupported type Object Wildcard on pin Object
[2017.06.22-08.59.52:652][119]LogBlueprint:Warning: [Compiler FOTWO_BAU] Warning [3233.27] Compile of FOTWO_BAU failed. 2 Fatal Issue(s) 0 Warning(s) [in 227 ms] (/Game/2DSideScrollerBP/Blueprints/Simulation/FOTWO_BAU.FOTWO_BAU)
[2017.06.22-09.00.16:259][491]BlueprintLog: New page: Compile FOTWO_BAU
[2017.06.22-09.00.16:271][491]LogBlueprint:Warning: [Compiler FOTWO_BAU] Warning 'FOTWO HUD' does not inherit from 'HUD' ( Cast To FOTWO_HUD  would always fail).
[2017.06.22-09.00.16:271][491]LogBlueprint:Error: [Compiler FOTWO_BAU] Error This blueprint (self) is not a PlayerController, therefore ' Target ' must have a connection.
[2017.06.22-09.00.16:456][491]BlueprintEditorCompileResults:Warning: Warning 'FOTWO HUD' does not inherit from 'HUD' ( Cast To FOTWO_HUD  would always fail).
[2017.06.22-09.00.16:456][491]BlueprintEditorCompileResults:Error: Error This blueprint (self) is not a PlayerController, therefore ' Target ' must have a connection.
[2017.06.22-09.00.16:456][491]LogBlueprint:Warning: [Compiler FOTWO_BAU] Warning [3257.08] Compile of FOTWO_BAU failed. 1 Fatal Issue(s) 1 Warning(s) [in 196 ms] (/Game/2DSideScrollerBP/Blueprints/Simulation/FOTWO_BAU.FOTWO_BAU)
[2017.06.22-09.01.25:283][763]LogSavePackage: Save=118.48ms
[2017.06.22-09.01.25:283][763]LogSavePackage: Moving '../../../../../../Unreal/FOTWO/source/FOTWO02/Saved/2DSideScrollerExampleMap_Auto3BF847F7E48A4D96134F10FBB5F6EEAA1.tmp' to '../../../../../../Unreal/FOTWO/source/FOTWO02/Saved/Autosaves/Game/2DSideScrollerBP/Maps/2DSideScrollerExampleMap_Auto3.umap'
[2017.06.22-09.01.25:284][763]LogSavePackage:Display: Finished SavePackage ../../../../../../Unreal/FOTWO/source/FOTWO02/Saved/Autosaves/Game/2DSideScrollerBP/Maps/2DSideScrollerExampleMap_Auto3.umap
[2017.06.22-09.01.25:288][763]LogFileHelpers: Editor autosave (incl. sublevels) for '/Game/2DSideScrollerBP/Maps/2DSideScrollerExampleMap' took 0.151
[2017.06.22-09.01.25:288][763]LogFileHelpers: Editor autosave (incl. sublevels) for all levels took 0.151
[2017.06.22-09.01.25:290][763]OBJ SavePackage: Generating thumbnails for [0] asset(s) in package [/Game/2DSideScrollerBP/Blueprints/Simulation/FOTWO_BAU] ([1] browsable assets)...
[2017.06.22-09.01.25:290][763]OBJ SavePackage: Finished generating thumbnails for package [/Game/2DSideScrollerBP/Blueprints/Simulation/FOTWO_BAU]
[2017.06.22-09.01.25:335][763]LogSavePackage: Save=36.55ms
[2017.06.22-09.01.25:335][763]LogSavePackage: Moving '../../../../../../Unreal/FOTWO/source/FOTWO02/Saved/FOTWO_BAU_Auto363D6A8414C97AC3A3E7D858D85B3D7BF.tmp' to '../../../../../../Unreal/FOTWO/source/FOTWO02/Saved/Autosaves/Game/2DSideScrollerBP/Blueprints/Simulation/FOTWO_BAU_Auto3.uasset'
[2017.06.22-09.01.25:336][763]LogSavePackage:Display: Finished SavePackage ../../../../../../Unreal/FOTWO/source/FOTWO02/Saved/Autosaves/Game/2DSideScrollerBP/Blueprints/Simulation/FOTWO_BAU_Auto3.uasset
[2017.06.22-09.01.25:336][763]LogFileHelpers: Auto-saving content packages took 0.047
[2017.06.22-09.14.15:910][180]LogSlate: Took 0.022946 seconds to synchronously load lazily loaded font '../../../Engine/Content/Slate/Fonts/DroidSansFallback.ttf' (3848K)
[2017.06.22-10.39.00:115][537]LogSavePackage: Save=127.16ms
[2017.06.22-10.39.00:115][537]LogSavePackage: Moving '../../../../../../Unreal/FOTWO/source/FOTWO02/Saved/2DSideScrollerExampleMap60BEA8C94EAFE169FA97459149DF6C19.tmp' to '../../../../../../Unreal/FOTWO/source/FOTWO02/Content/2DSideScrollerBP/Maps/2DSideScrollerExampleMap.umap'
[2017.06.22-10.39.00:122][537]LogSavePackage:Display: Finished SavePackage ../../../../../../Unreal/FOTWO/source/FOTWO02/Content/2DSideScrollerBP/Maps/2DSideScrollerExampleMap.umap
[2017.06.22-10.39.00:170][537]LogSavePackage: Save=4.36ms
[2017.06.22-10.39.00:170][537]LogSavePackage: Moving '../../../../../../Unreal/FOTWO/source/FOTWO02/Saved/2DSideScrollerExampleMap_BuiltDataA6982D3B4F42F515A9421B921717B83B.tmp' to '../../../../../../Unreal/FOTWO/source/FOTWO02/Content/2DSideScrollerBP/Maps/2DSideScrollerExampleMap_BuiltData.uasset'
[2017.06.22-10.39.00:171][537]LogSavePackage:Display: Finished SavePackage ../../../../../../Unreal/FOTWO/source/FOTWO02/Content/2DSideScrollerBP/Maps/2DSideScrollerExampleMap_BuiltData.uasset
[2017.06.22-10.39.03:081][611]LogSavePackage: Save=35.40ms
[2017.06.22-10.39.03:081][611]LogSavePackage: Moving '../../../../../../Unreal/FOTWO/source/FOTWO02/Saved/FOTWO_BAUE7C94D0B44EA4D053B5CACBC8988DD40.tmp' to '../../../../../../Unreal/FOTWO/source/FOTWO02/Content/2DSideScrollerBP/Blueprints/Simulation/FOTWO_BAU.uasset'
[2017.06.22-10.39.03:086][611]LogSavePackage:Display: Finished SavePackage ../../../../../../Unreal/FOTWO/source/FOTWO02/Content/2DSideScrollerBP/Blueprints/Simulation/FOTWO_BAU.uasset
[2017.06.22-10.39.03:120][611]LogSavePackage: Save=21.41ms
[2017.06.22-10.39.03:120][611]LogSavePackage: Moving '../../../../../../Unreal/FOTWO/source/FOTWO02/Saved/FOTWO_HUD0F0A235A4DA7936C8866A5A23B4CE396.tmp' to '../../../../../../Unreal/FOTWO/source/FOTWO02/Content/2DSideScrollerBP/Blueprints/User_Interface/FOTWO_HUD.uasset'
[2017.06.22-10.39.03:123][611]LogSavePackage:Display: Finished SavePackage ../../../../../../Unreal/FOTWO/source/FOTWO02/Content/2DSideScrollerBP/Blueprints/User_Interface/FOTWO_HUD.uasset
[2017.06.22-10.39.03:424][611]LogWindowsTextInputMethodSystem:Display: IME system now deactivated.
[2017.06.22-10.39.03:687][612]Cmd: QUIT_EDITOR
[2017.06.22-10.39.03:752][612]LogExit: Preparing to exit.
[2017.06.22-10.39.04:492][612]LogDirectoryWatcher: A directory notification for 'C:/Unreal/FOTWO/source/FOTWO02/Content/' was aborted.
[2017.06.22-10.39.04:584][612]LogExit: Editor shut down
[2017.06.22-10.39.04:612][612]LogExit: Transaction tracking system shut down
[2017.06.22-10.39.04:795][612]LogObj: Freed 0b from 0 cluster array pools.
[2017.06.22-10.39.04:796][612]LogExit: Object subsystem successfully closed.
[2017.06.22-10.39.04:828][612]LogD3D11RHI: Shutdown
[2017.06.22-10.39.04:828][612]LogD3D11RHI: CleanupD3DDevice
[2017.06.22-10.39.04:884][612]LogD3D11RHI: ~FD3D11DynamicRHI
[2017.06.22-10.39.04:907][612]LogModuleManager: Shutting down and abandoning module HierarchicalLODUtilities (532)
[2017.06.22-10.39.04:907][612]LogModuleManager: Shutting down and abandoning module SequencerWidgets (530)
[2017.06.22-10.39.04:907][612]LogModuleManager: Shutting down and abandoning module BlueprintGraph (528)
[2017.06.22-10.39.04:907][612]LogModuleManager: Shutting down and abandoning module BlueprintProfiler (526)
[2017.06.22-10.39.04:908][612]LogModuleManager: Shutting down and abandoning module HierarchicalLODOutliner (524)
[2017.06.22-10.39.04:908][612]LogModuleManager: Shutting down and abandoning module CrashTracker (522)
[2017.06.22-10.39.04:908][612]LogModuleManager: Shutting down and abandoning module SceneOutliner (520)
[2017.06.22-10.39.04:908][612]LogModuleManager: Shutting down and abandoning module AddContentDialog (518)
[2017.06.22-10.39.04:908][612]LogDirectoryWatcher: A directory notification for 'C:/Program Files/Epic Games/UE_4.16/FeaturePacks/' was aborted.
[2017.06.22-10.39.04:913][612]LogModuleManager: Shutting down and abandoning module WidgetCarousel (517)
[2017.06.22-10.39.04:913][612]LogModuleManager: Shutting down and abandoning module EditorWidgets (514)
[2017.06.22-10.39.04:913][612]LogModuleManager: Shutting down and abandoning module CollectionManager (512)
[2017.06.22-10.39.04:913][612]LogDirectoryWatcher: A directory notification for 'C:/Unreal/FOTWO/source/FOTWO02/Content/Collections/' was aborted.
[2017.06.22-10.39.04:913][612]LogDirectoryWatcher: A directory notification for 'C:/Unreal/FOTWO/source/FOTWO02/Content/Developers/vonkl/Collections/' was aborted.
[2017.06.22-10.39.04:913][612]LogDirectoryWatcher: A directory notification for 'C:/Unreal/FOTWO/source/FOTWO02/Saved/Collections/' was aborted.
[2017.06.22-10.39.04:913][612]LogModuleManager: Shutting down and abandoning module StatsViewer (510)
[2017.06.22-10.39.04:913][612]LogModuleManager: Shutting down and abandoning module FoliageEdit (508)
[2017.06.22-10.39.04:913][612]LogModuleManager: Shutting down and abandoning module LandscapeEditor (506)
[2017.06.22-10.39.04:914][612]LogModuleManager: Shutting down and abandoning module MeshPaintMode (504)
[2017.06.22-10.39.04:914][612]LogModuleManager: Shutting down and abandoning module SceneDepthPickerMode (502)
[2017.06.22-10.39.04:914][612]LogModuleManager: Shutting down and abandoning module ActorPickerMode (500)
[2017.06.22-10.39.04:914][612]LogModuleManager: Shutting down and abandoning module GeometryMode (498)
[2017.06.22-10.39.04:914][612]LogModuleManager: Shutting down and abandoning module TextureAlignMode (496)
[2017.06.22-10.39.04:914][612]LogModuleManager: Shutting down and abandoning module BspMode (494)
[2017.06.22-10.39.04:914][612]LogModuleManager: Shutting down and abandoning module HardwareSurvey (492)
[2017.06.22-10.39.04:914][612]LogModuleManager: Shutting down and abandoning module SequenceRecorderSections (490)
[2017.06.22-10.39.04:914][612]LogModuleManager: Shutting down and abandoning module AutomationWorker (488)
[2017.06.22-10.39.04:914][612]LogModuleManager: Shutting down and abandoning module MatineeToLevelSequence (486)
[2017.06.22-10.39.04:914][612]LogModuleManager: Shutting down and abandoning module LevelSequenceEditor (484)
[2017.06.22-10.39.04:915][612]LogModuleManager: Shutting down and abandoning module PlacementMode (483)
[2017.06.22-10.39.04:915][612]LogModuleManager: Shutting down and abandoning module WmfMediaFactory (480)
[2017.06.22-10.39.04:915][612]LogModuleManager: Shutting down and abandoning module WmfMediaEditor (478)
[2017.06.22-10.39.04:915][612]LogModuleManager: Shutting down and abandoning module AvfMediaFactory (476)
[2017.06.22-10.39.04:915][612]LogModuleManager: Shutting down and abandoning module AvfMediaEditor (474)
[2017.06.22-10.39.04:915][612]LogModuleManager: Shutting down and abandoning module AndroidMediaFactory (472)
[2017.06.22-10.39.04:915][612]LogModuleManager: Shutting down and abandoning module Media (471)
[2017.06.22-10.39.04:915][612]LogModuleManager: Shutting down and abandoning module AndroidMediaEditor (468)
[2017.06.22-10.39.04:915][612]LogModuleManager: Shutting down and abandoning module CharacterAI (466)
[2017.06.22-10.39.04:915][612]LogModuleManager: Shutting down and abandoning module AudioCapture (464)
[2017.06.22-10.39.04:915][612]LogModuleManager: Shutting down and abandoning module SequenceRecorder (463)
[2017.06.22-10.39.04:915][612]LogModuleManager: Shutting down and abandoning module SmartSnapping (460)
[2017.06.22-10.39.04:915][612]LogModuleManager: Shutting down and abandoning module SessionServices (458)
[2017.06.22-10.39.04:915][612]LogModuleManager: Shutting down and abandoning module ViewportSnapping (456)
[2017.06.22-10.39.04:915][612]LogModuleManager: Shutting down and abandoning module ViewportInteraction (454)
[2017.06.22-10.39.04:915][612]LogModuleManager: Shutting down and abandoning module ClothPainter (452)
[2017.06.22-10.39.04:916][612]LogModuleManager: Shutting down and abandoning module LogVisualizer (450)
[2017.06.22-10.39.04:916][612]LogModuleManager: Shutting down and abandoning module IntroTutorials (448)
[2017.06.22-10.39.04:916][612]LogModuleManager: Shutting down and abandoning module GameProjectGeneration (447)
[2017.06.22-10.39.04:917][612]LogModuleManager: Shutting down and abandoning module EditorLiveStreaming (444)
[2017.06.22-10.39.04:917][612]LogModuleManager: Shutting down and abandoning module IOSPlatformEditor (442)
[2017.06.22-10.39.04:917][612]LogModuleManager: Shutting down and abandoning module HTML5PlatformEditor (440)
[2017.06.22-10.39.04:917][612]LogModuleManager: Shutting down and abandoning module AndroidPlatformEditor (438)
[2017.06.22-10.39.04:917][612]LogModuleManager: Shutting down and abandoning module AndroidDeviceDetection (437)
[2017.06.22-10.39.05:112][612]LogModuleManager: Shutting down and abandoning module IOSRuntimeSettings (434)
[2017.06.22-10.39.05:112][612]LogModuleManager: Shutting down and abandoning module AndroidRuntimeSettings (432)
[2017.06.22-10.39.05:112][612]LogModuleManager: Shutting down and abandoning module InputBindingEditor (430)
[2017.06.22-10.39.05:112][612]LogModuleManager: Shutting down and abandoning module MergeActors (428)
[2017.06.22-10.39.05:113][612]LogModuleManager: Shutting down and abandoning module SizeMap (426)
[2017.06.22-10.39.05:113][612]LogModuleManager: Shutting down and abandoning module TreeMap (424)
[2017.06.22-10.39.05:113][612]LogModuleManager: Shutting down and abandoning module ReferenceViewer (422)
[2017.06.22-10.39.05:113][612]LogModuleManager: Shutting down and abandoning module LocalizationDashboard (420)
[2017.06.22-10.39.05:113][612]LogModuleManager: Shutting down and abandoning module LocalizationService (419)
[2017.06.22-10.39.05:113][612]LogModuleManager: Shutting down and abandoning module HardwareTargeting (416)
[2017.06.22-10.39.05:113][612]LogModuleManager: Shutting down and abandoning module DeviceProfileEditor (414)
[2017.06.22-10.39.05:113][612]LogModuleManager: Shutting down and abandoning module UndoHistory (412)
[2017.06.22-10.39.05:114][612]LogModuleManager: Shutting down and abandoning module UserFeedback (410)
[2017.06.22-10.39.05:114][612]LogModuleManager: Shutting down and abandoning module XmlParser (408)
[2017.06.22-10.39.05:114][612]LogModuleManager: Shutting down and abandoning module Blutility (406)
[2017.06.22-10.39.05:114][612]LogModuleManager: Shutting down and abandoning module ProjectSettingsViewer (404)
[2017.06.22-10.39.05:114][612]LogModuleManager: Shutting down and abandoning module ProjectTargetPlatformEditor (403)
[2017.06.22-10.39.05:114][612]LogModuleManager: Shutting down and abandoning module EditorSettingsViewer (400)
[2017.06.22-10.39.05:114][612]LogModuleManager: Shutting down and abandoning module SettingsEditor (398)
[2017.06.22-10.39.05:114][612]LogModuleManager: Shutting down and abandoning module ProjectLauncher (396)
[2017.06.22-10.39.05:114][612]LogModuleManager: Shutting down and abandoning module SessionFrontend (394)
[2017.06.22-10.39.05:115][612]LogModuleManager: Shutting down and abandoning module ProfilerClient (392)
[2017.06.22-10.39.05:116][612]LogModuleManager: Shutting down and abandoning module DeviceManager (390)
[2017.06.22-10.39.05:116][612]LogModuleManager: Shutting down and abandoning module TargetDeviceServices (389)
[2017.06.22-10.39.05:170][612]LogModuleManager: Shutting down and abandoning module AutomationController (386)
[2017.06.22-10.39.05:170][612]LogModuleManager: Shutting down and abandoning module AutomationWindow (384)
[2017.06.22-10.39.05:170][612]LogModuleManager: Shutting down and abandoning module Layers (382)
[2017.06.22-10.39.05:172][612]LogModuleManager: Shutting down and abandoning module ComponentVisualizers (380)
[2017.06.22-10.39.05:172][612]LogModuleManager: Shutting down and abandoning module DetailCustomizations (378)
[2017.06.22-10.39.05:172][612]LogModuleManager: Shutting down and abandoning module PackagesDialog (376)
[2017.06.22-10.39.05:172][612]LogModuleManager: Shutting down and abandoning module Persona (374)
[2017.06.22-10.39.05:173][612]LogModuleManager: Shutting down and abandoning module AdvancedPreviewScene (373)
[2017.06.22-10.39.05:173][612]LogModuleManager: Shutting down and abandoning module AnimGraph (371)
[2017.06.22-10.39.05:173][612]LogModuleManager: Shutting down and abandoning module Kismet (368)
[2017.06.22-10.39.05:184][612]LogModuleManager: Shutting down and abandoning module ClassViewer (366)
[2017.06.22-10.39.05:186][612]LogModuleManager: Shutting down and abandoning module Toolbox (364)
[2017.06.22-10.39.05:187][612]LogModuleManager: Shutting down and abandoning module ModuleUI (362)
[2017.06.22-10.39.05:187][612]LogModuleManager: Shutting down and abandoning module MovieSceneTools (360)
[2017.06.22-10.39.05:188][612]LogModuleManager: Shutting down and abandoning module OutputLog (358)
[2017.06.22-10.39.05:188][612]LogModuleManager: Shutting down and abandoning module GammaUI (356)
[2017.06.22-10.39.05:188][612]LogModuleManager: Shutting down and abandoning module Documentation (354)
[2017.06.22-10.39.05:195][612]LogModuleManager: Shutting down and abandoning module MovieSceneTracks (352)
[2017.06.22-10.39.05:195][612]LogModuleManager: Shutting down and abandoning module MovieScene (350)
[2017.06.22-10.39.05:195][612]LogModuleManager: Shutting down and abandoning module Niagara (348)
[2017.06.22-10.39.05:195][612]LogModuleManager: Shutting down and abandoning module NiagaraEditor (347)
[2017.06.22-10.39.05:196][612]LogModuleManager: Shutting down and abandoning module StreamingPauseRendering (344)
[2017.06.22-10.39.05:196][612]LogModuleManager: Shutting down and abandoning module AnalyticsET (342)
[2017.06.22-10.39.05:196][612]LogModuleManager: Shutting down and abandoning module PortalServices (340)
[2017.06.22-10.39.05:196][612]LogModuleManager: Shutting down and abandoning module PortalRpc (338)
[2017.06.22-10.39.05:196][612]LogModuleManager: Shutting down and abandoning module MessagingRpc (336)
[2017.06.22-10.39.05:196][612]LogModuleManager: Shutting down and abandoning module AIModule (334)
[2017.06.22-10.39.05:196][612]LogModuleManager: Shutting down and abandoning module GameplayDebugger (333)
[2017.06.22-10.39.05:196][612]LogModuleManager: Shutting down and abandoning module AITestSuite (331)
[2017.06.22-10.39.05:196][612]LogModuleManager: Shutting down and abandoning module ProfilerService (328)
[2017.06.22-10.39.05:245][612]LogModuleManager: Shutting down and abandoning module TaskGraph (326)
[2017.06.22-10.39.05:246][612]LogModuleManager: Shutting down and abandoning module SteamVRController (324)
[2017.06.22-10.39.05:246][612]LogModuleManager: Shutting down and abandoning module SteamVR (322)
[2017.06.22-10.39.05:246][612]LogModuleManager: Shutting down and abandoning module ProceduralMeshComponentEditor (320)
[2017.06.22-10.39.05:246][612]LogModuleManager: Shutting down and abandoning module ProceduralMeshComponent (318)
[2017.06.22-10.39.05:246][612]LogModuleManager: Shutting down and abandoning module OculusLibrary (316)
[2017.06.22-10.39.05:246][612]LogModuleManager: Shutting down and abandoning module OculusInput (314)
[2017.06.22-10.39.05:246][612]LogModuleManager: Shutting down and abandoning module MobilePatchingUtils (312)
[2017.06.22-10.39.05:246][612]LogModuleManager: Shutting down and abandoning module CustomMeshComponent (310)
[2017.06.22-10.39.05:246][612]LogModuleManager: Shutting down and abandoning module CableComponent (308)
[2017.06.22-10.39.05:246][612]LogModuleManager: Shutting down and abandoning module ArchVisCharacter (306)
[2017.06.22-10.39.05:246][612]LogModuleManager: Shutting down and abandoning module AndroidPermission (304)
[2017.06.22-10.39.05:246][612]LogModuleManager: Shutting down and abandoning module MediaPlayerEditor (300)
[2017.06.22-10.39.05:246][612]LogModuleManager: Shutting down and abandoning module HTML5Networking (298)
[2017.06.22-10.39.05:246][612]LogModuleManager: Shutting down and abandoning module AlembicImporter (296)
[2017.06.22-10.39.05:247][612]LogModuleManager: Shutting down and abandoning module AlembicLibrary (295)
[2017.06.22-10.39.05:247][612]LogModuleManager: Shutting down and abandoning module GeometryCache (294)
[2017.06.22-10.39.05:247][612]LogModuleManager: Shutting down and abandoning module GeometryCacheEd (293)
[2017.06.22-10.39.05:247][612]LogModuleManager: Shutting down and abandoning module SuperSearchEditor (288)
[2017.06.22-10.39.05:247][612]LogModuleManager: Shutting down and abandoning module SuperSearch (287)
[2017.06.22-10.39.05:247][612]LogModuleManager: Shutting down and abandoning module SpeedTreeImporter (284)
[2017.06.22-10.39.05:247][612]LogModuleManager: Shutting down and abandoning module PluginBrowser (282)
[2017.06.22-10.39.05:247][612]LogModuleManager: Shutting down and abandoning module MobileLauncherProfileWizard (280)
[2017.06.22-10.39.05:247][612]LogModuleManager: Shutting down and abandoning module VisualStudioSourceCodeAccess (278)
[2017.06.22-10.39.05:247][612]LogModuleManager: Shutting down and abandoning module DesktopPlatform (277)
[2017.06.22-10.39.05:247][612]LogModuleManager: Shutting down and abandoning module UObjectPlugin (274)
[2017.06.22-10.39.05:247][612]LogModuleManager: Shutting down and abandoning module SubversionSourceControl (272)
[2017.06.22-10.39.05:247][612]LogModuleManager: Shutting down and abandoning module PerforceSourceControl (270)
[2017.06.22-10.39.05:247][612]LogModuleManager: Shutting down and abandoning module GitSourceControl (268)
[2017.06.22-10.39.05:247][612]LogModuleManager: Shutting down and abandoning module SourceControl (267)
[2017.06.22-10.39.05:247][612]LogModuleManager: Shutting down and abandoning module LightPropagationVolumeEditor (264)
[2017.06.22-10.39.05:247][612]LogModuleManager: Shutting down and abandoning module PaperTiledImporter (262)
[2017.06.22-10.39.05:247][612]LogModuleManager: Shutting down and abandoning module PaperSpriteSheetImporter (260)
[2017.06.22-10.39.05:247][612]LogModuleManager: Shutting down and abandoning module Paper2DEditor (258)
[2017.06.22-10.39.05:247][612]LogModuleManager: Shutting down and abandoning module MeshPaint (257)
[2017.06.22-10.39.05:247][612]LogModuleManager: Shutting down and abandoning module LevelEditor (255)
[2017.06.22-10.39.05:248][612]LogModuleManager: Shutting down and abandoning module PixelInspectorModule (254)
[2017.06.22-10.39.05:248][612]LogModuleManager: Shutting down and abandoning module MainFrame (252)
[2017.06.22-10.39.05:248][612]LogModuleManager: Shutting down and abandoning module HotReload (251)
[2017.06.22-10.39.05:249][612]LogModuleManager: Shutting down and abandoning module PhysXVehiclesEditor (246)
[2017.06.22-10.39.05:249][612]LogModuleManager: Shutting down and abandoning module PhysXVehicles (244)
[2017.06.22-10.39.05:249][612]LogModuleManager: Shutting down and abandoning module LocationServicesBPLibrary (242)
[2017.06.22-10.39.05:249][612]LogModuleManager: Shutting down and abandoning module ImmediatePhysicsEditor (240)
[2017.06.22-10.39.05:249][612]LogModuleManager: Shutting down and abandoning module ImmediatePhysics (238)
[2017.06.22-10.39.05:249][612]LogModuleManager: Shutting down and abandoning module UdpMessaging (236)
[2017.06.22-10.39.05:350][612]LogModuleManager: Shutting down and abandoning module TcpMessaging (234)
[2017.06.22-10.39.05:451][612]LogModuleManager: Shutting down and abandoning module GameplayTagsEditor (232)
[2017.06.22-10.39.05:452][612]LogModuleManager: Shutting down and abandoning module FacialAnimationEditor (230)
[2017.06.22-10.39.05:452][612]LogModuleManager: Shutting down and abandoning module FacialAnimation (228)
[2017.06.22-10.39.05:452][612]LogModuleManager: Shutting down and abandoning module AssetManagerEditor (226)
[2017.06.22-10.39.05:452][612]LogModuleManager: Shutting down and abandoning module GraphEditor (225)
[2017.06.22-10.39.05:452][612]LogModuleManager: Shutting down and abandoning module ContentBrowser (223)
[2017.06.22-10.39.05:458][612]LogModuleManager: Shutting down and abandoning module LightPropagationVolumeRuntime (220)
[2017.06.22-10.39.05:458][612]LogModuleManager: Shutting down and abandoning module Paper2D (218)
[2017.06.22-10.39.05:458][612]LogModuleManager: Shutting down and abandoning module WindowsMoviePlayer (216)
[2017.06.22-10.39.05:458][612]LogModuleManager: Shutting down and abandoning module WmfMedia (214)
[2017.06.22-10.39.05:458][612]LogModuleManager: Shutting down and abandoning module ClothingSystemEditor (212)
[2017.06.22-10.39.05:458][612]LogModuleManager: Shutting down and abandoning module ClothingSystemRuntime (210)
[2017.06.22-10.39.05:459][612]LogModuleManager: Shutting down and abandoning module MediaAssets (208)
[2017.06.22-10.39.05:460][612]LogModuleManager: Shutting down and abandoning module GameLiveStreaming (206)
[2017.06.22-10.39.05:460][612]LogModuleManager: Shutting down and abandoning module VREditor (204)
[2017.06.22-10.39.05:460][612]LogModuleManager: Shutting down and abandoning module StringTableEditor (202)
[2017.06.22-10.39.05:460][612]LogModuleManager: Shutting down and abandoning module GameplayTasksEditor (200)
[2017.06.22-10.39.05:460][612]LogModuleManager: Shutting down and abandoning module BehaviorTreeEditor (198)
[2017.06.22-10.39.05:462][612]LogModuleManager: Shutting down and abandoning module FunctionalTesting (196)
[2017.06.22-10.39.05:462][612]LogModuleManager: Shutting down and abandoning module CollisionAnalyzer (194)
[2017.06.22-10.39.05:462][612]LogModuleManager: Shutting down and abandoning module UMG (192)
[2017.06.22-10.39.05:462][612]LogModuleManager: Shutting down and abandoning module UMGEditor (191)
[2017.06.22-10.39.05:463][612]LogModuleManager: Shutting down and abandoning module Sequencer (190)
[2017.06.22-10.39.05:463][612]LogModuleManager: Shutting down and abandoning module AssetTools (188)
[2017.06.22-10.39.05:465][612]LogModuleManager: Shutting down and abandoning module MessageLog (187)
[2017.06.22-10.39.05:465][612]LogModuleManager: Shutting down and abandoning module WorkspaceMenuStructure (186)
[2017.06.22-10.39.05:465][612]LogModuleManager: Shutting down and abandoning module SlateReflector (180)
[2017.06.22-10.39.05:466][612]LogModuleManager: Shutting down and abandoning module Slate (178)
[2017.06.22-10.39.05:466][612]LogModuleManager: Shutting down and abandoning module EditorStyle (176)
[2017.06.22-10.39.05:478][612]LogModuleManager: Shutting down and abandoning module SourceCodeAccess (174)
[2017.06.22-10.39.05:478][612]LogModuleManager: Shutting down and abandoning module HeadMountedDisplay (172)
[2017.06.22-10.39.05:478][612]LogModuleManager: Shutting down and abandoning module XAudio2 (170)
[2017.06.22-10.39.05:478][612]LogModuleManager: Shutting down and abandoning module Networking (168)
[2017.06.22-10.39.05:478][612]LogModuleManager: Shutting down and abandoning module Core (164)
[2017.06.22-10.39.05:478][612]LogModuleManager: Shutting down and abandoning module AssetRegistry (162)
[2017.06.22-10.39.05:644][612]LogDirectoryWatcher: A directory notification for '../../../Engine/Content/' was aborted.
[2017.06.22-10.39.05:644][612]LogDirectoryWatcher: A directory notification for '../../../../../../Unreal/FOTWO/source/FOTWO02/Content/' was aborted.
[2017.06.22-10.39.05:644][612]LogDirectoryWatcher: A directory notification for '../../../Engine/Plugins/2D/Paper2D/Content/' was aborted.
[2017.06.22-10.39.05:644][612]LogDirectoryWatcher: A directory notification for '../../../Engine/Plugins/Runtime/GearVR/Content/' was aborted.
[2017.06.22-10.39.05:648][612]LogModuleManager: Shutting down and abandoning module DirectoryWatcher (161)
[2017.06.22-10.39.05:653][612]LogModuleManager: Shutting down and abandoning module KismetCompiler (158)
[2017.06.22-10.39.05:653][612]LogModuleManager: Shutting down and abandoning module LevelSequence (156)
[2017.06.22-10.39.05:653][612]LogModuleManager: Shutting down and abandoning module PhysXFormats (154)
[2017.06.22-10.39.05:653][612]LogModuleManager: Shutting down and abandoning module MeshUtilities (152)
[2017.06.22-10.39.05:653][612]LogModuleManager: Shutting down and abandoning module SimplygonSwarm (151)
[2017.06.22-10.39.05:653][612]LogModuleManager: Shutting down and abandoning module SimplygonMeshReduction (149)
[2017.06.22-10.39.05:653][612]LogModuleManager: Shutting down and abandoning module QuadricMeshReduction (147)
[2017.06.22-10.39.05:653][612]LogModuleManager: Shutting down and abandoning module DerivedDataCache (144)
[2017.06.22-10.39.05:705][612]LogDerivedDataCache: Shutdown
[2017.06.22-10.39.05:705][612]LogModuleManager: Shutting down and abandoning module TargetPlatform (142)
[2017.06.22-10.39.05:705][612]LogModuleManager: Shutting down and abandoning module VulkanShaderFormat (141)
[2017.06.22-10.39.05:705][612]LogModuleManager: Shutting down and abandoning module ShaderFormatVectorVM (139)
[2017.06.22-10.39.05:706][612]LogModuleManager: Shutting down and abandoning module ShaderFormatOpenGL (137)
[2017.06.22-10.39.05:706][612]LogModuleManager: Shutting down and abandoning module ShaderFormatD3D (135)
[2017.06.22-10.39.05:706][612]LogModuleManager: Shutting down and abandoning module MetalShaderFormat (133)
[2017.06.22-10.39.05:708][612]LogModuleManager: Shutting down and abandoning module TextureFormatUncompressed (131)
[2017.06.22-10.39.05:708][612]LogModuleManager: Shutting down and abandoning module TextureFormatPVR (129)
[2017.06.22-10.39.05:708][612]LogModuleManager: Shutting down and abandoning module TextureFormatDXT (127)
[2017.06.22-10.39.05:708][612]LogModuleManager: Shutting down and abandoning module TextureFormatIntelISPCTexComp (125)
[2017.06.22-10.39.05:708][612]LogModuleManager: Shutting down and abandoning module TextureFormatASTC (123)
[2017.06.22-10.39.05:708][612]LogModuleManager: Shutting down and abandoning module ImageWrapper (122)
[2017.06.22-10.39.05:708][612]LogModuleManager: Shutting down and abandoning module TextureFormatAndroid (119)
[2017.06.22-10.39.05:708][612]LogModuleManager: Shutting down and abandoning module AudioFormatOpus (117)
[2017.06.22-10.39.05:708][612]LogModuleManager: Shutting down and abandoning module AudioFormatOgg (115)
[2017.06.22-10.39.05:708][612]LogModuleManager: Shutting down and abandoning module AudioFormatADPCM (113)
[2017.06.22-10.39.05:708][612]LogModuleManager: Shutting down and abandoning module LinuxTargetPlatform (111)
[2017.06.22-10.39.05:708][612]LogModuleManager: Shutting down and abandoning module LinuxServerTargetPlatform (109)
[2017.06.22-10.39.05:708][612]LogModuleManager: Shutting down and abandoning module LinuxNoEditorTargetPlatform (107)
[2017.06.22-10.39.05:708][612]LogModuleManager: Shutting down and abandoning module LinuxClientTargetPlatform (105)
[2017.06.22-10.39.05:708][612]LogModuleManager: Shutting down and abandoning module TVOSTargetPlatform (103)
[2017.06.22-10.39.05:708][612]LogModuleManager: Shutting down and abandoning module Messaging (101)
[2017.06.22-10.39.05:708][612]LogModuleManager: Shutting down and abandoning module IOSTargetPlatform (99)
[2017.06.22-10.39.05:708][612]LogModuleManager: Shutting down and abandoning module HTML5TargetPlatform (97)
[2017.06.22-10.39.05:708][612]LogModuleManager: Shutting down and abandoning module Android_PVRTCTargetPlatform (95)
[2017.06.22-10.39.05:708][612]LogModuleManager: Shutting down and abandoning module Android_MultiTargetPlatform (93)
[2017.06.22-10.39.05:708][612]LogModuleManager: Shutting down and abandoning module Android_ETC2TargetPlatform (91)
[2017.06.22-10.39.05:708][612]LogModuleManager: Shutting down and abandoning module Android_ETC1TargetPlatform (89)
[2017.06.22-10.39.05:708][612]LogModuleManager: Shutting down and abandoning module Android_DXTTargetPlatform (87)
[2017.06.22-10.39.05:708][612]LogModuleManager: Shutting down and abandoning module Android_ATCTargetPlatform (85)
[2017.06.22-10.39.05:708][612]LogModuleManager: Shutting down and abandoning module Android_ASTCTargetPlatform (83)
[2017.06.22-10.39.05:708][612]LogModuleManager: Shutting down and abandoning module AndroidTargetPlatform (81)
[2017.06.22-10.39.05:708][612]LogModuleManager: Shutting down and abandoning module WindowsTargetPlatform (79)
[2017.06.22-10.39.05:709][612]LogModuleManager: Shutting down and abandoning module WindowsServerTargetPlatform (77)
[2017.06.22-10.39.05:709][612]LogModuleManager: Shutting down and abandoning module WindowsNoEditorTargetPlatform (75)
[2017.06.22-10.39.05:709][612]LogModuleManager: Shutting down and abandoning module WindowsClientTargetPlatform (73)
[2017.06.22-10.39.05:709][612]LogModuleManager: Shutting down and abandoning module MacTargetPlatform (71)
[2017.06.22-10.39.05:709][612]LogModuleManager: Shutting down and abandoning module MacServerTargetPlatform (69)
[2017.06.22-10.39.05:709][612]LogModuleManager: Shutting down and abandoning module MacNoEditorTargetPlatform (67)
[2017.06.22-10.39.05:709][612]LogModuleManager: Shutting down and abandoning module MacClientTargetPlatform (65)
[2017.06.22-10.39.05:709][612]LogModuleManager: Shutting down and abandoning module AllDesktopTargetPlatform (63)
[2017.06.22-10.39.05:709][612]LogModuleManager: Shutting down and abandoning module InputCore (60)
[2017.06.22-10.39.05:709][612]LogModuleManager: Shutting down and abandoning module Settings (58)
[2017.06.22-10.39.05:709][612]LogModuleManager: Shutting down and abandoning module OculusRift (56)
[2017.06.22-10.39.05:709][612]LogModuleManager: Shutting down and abandoning module GearVRController (54)
[2017.06.22-10.39.05:709][612]LogModuleManager: Shutting down and abandoning module GearVR (52)
[2017.06.22-10.39.05:709][612]LogModuleManager: Shutting down and abandoning module ExampleDeviceProfileSelector (50)
[2017.06.22-10.39.05:709][612]LogModuleManager: Shutting down and abandoning module OnlineBlueprintSupport (48)
[2017.06.22-10.39.05:709][612]LogModuleManager: Shutting down and abandoning module OnlineSubsystem (44)
[2017.06.22-10.39.05:709][612]LogOnline:Display: Unloading online subsystem: NULL
[2017.06.22-10.39.05:710][612]LogModuleManager: Shutting down and abandoning module XMPP (43)
[2017.06.22-10.39.05:710][612]LogModuleManager: Shutting down and abandoning module HTTP (41)
[2017.06.22-10.39.05:710][612]LogHttp:Display: Http module shutting down, but needs to wait on 1 outstanding Http requests:
[2017.06.22-10.39.05:710][612]LogHttp:Display: 	verb=[POST] url=[https://datarouter.ol.epicgames.com/datarouter/api/v1/public/data?SessionID=%7BB4A0CF0F-4969-76C3-9CAB-3787797A15E2%7D&AppID=UEEditor.Rocket.Release&AppVersion=4.16.1-3466753%2B%2B%2BUE4%2BRelease-4.16&UserID=f07af55e4db0c636e0c073a1312074d9%7Caa7a108f70184e1b92fdd786c25cd9b8%7Caeab9882-b6f4-4a22-991a-718da4fba234&AppEnvironment=datacollector-binary&UploadType=eteventstream] status=Processing
[2017.06.22-10.39.05:730][612]LogModuleManager: Shutting down and abandoning module SSL (40)
[2017.06.22-10.39.05:732][612]LogModuleManager: Shutting down and abandoning module HTTPChunkInstaller (36)
[2017.06.22-10.39.05:732][612]LogModuleManager: Shutting down and abandoning module AnimationModifiers (34)
[2017.06.22-10.39.05:733][612]LogModuleManager: Shutting down and abandoning module PropertyEditor (33)
[2017.06.22-10.39.05:733][612]LogModuleManager: Shutting down and abandoning module AudioEditor (30)
[2017.06.22-10.39.05:733][612]LogModuleManager: Shutting down and abandoning module TextureCompressor (28)
[2017.06.22-10.39.05:733][612]LogModuleManager: Shutting down and abandoning module ShaderCore (26)
[2017.06.22-10.39.05:733][612]LogModuleManager: Shutting down and abandoning module Landscape (24)
[2017.06.22-10.39.05:733][612]LogModuleManager: Shutting down and abandoning module SlateRHIRenderer (22)
[2017.06.22-10.39.05:749][612]LogModuleManager: Shutting down and abandoning module OpenGLDrv (20)
[2017.06.22-10.39.05:750][612]LogModuleManager: Shutting down and abandoning module D3D11RHI (18)
[2017.06.22-10.39.05:750][612]LogModuleManager: Shutting down and abandoning module AnimGraphRuntime (16)
[2017.06.22-10.39.05:750][612]LogModuleManager: Shutting down and abandoning module Renderer (14)
[2017.06.22-10.39.05:750][612]LogModuleManager: Shutting down and abandoning module Engine (12)
[2017.06.22-10.39.05:750][612]LogModuleManager: Shutting down and abandoning module CoreUObject (10)
[2017.06.22-10.39.05:750][612]LogModuleManager: Shutting down and abandoning module NetworkFile (8)
[2017.06.22-10.39.05:750][612]LogModuleManager: Shutting down and abandoning module StreamingFile (6)
[2017.06.22-10.39.05:750][612]LogModuleManager: Shutting down and abandoning module SandboxFile (4)
[2017.06.22-10.39.05:750][612]LogModuleManager: Shutting down and abandoning module PakFile (2)
[2017.06.22-10.39.05:752][612]LogExit: Exiting.
[2017.06.22-10.39.05:787][612]Log file closed, 06/22/17 12:39:05
