Log file open, 06/28/17 08:42:27
LogInit:Display: Running engine for game: FOTWO02
LogPlatformFile: Not using cached read wrapper
LogInit:Display: RandInit(693169446) SRandInit(693169447).
LogTaskGraph: Started task graph with 5 named threads and 8 total threads with 1 sets of task threads.
LogStats: Stats thread started at 0.928560
LogInit: Using libcurl 7.47.1
LogInit:  - built for x86_64-pc-win32
LogInit:  - supports SSL with OpenSSL/1.0.2g
LogInit:  - supports HTTP deflate (compression) using libz 1.2.8
LogInit:  - other features:
LogInit:      CURL_VERSION_SSL
LogInit:      CURL_VERSION_LIBZ
LogInit:      CURL_VERSION_IPV6
LogInit:      CURL_VERSION_ASYNCHDNS
LogInit:      CURL_VERSION_LARGEFILE
LogInit:      CURL_VERSION_IDN
LogInit:  CurlRequestOptions (configurable via config and command line):
LogInit:  - bVerifyPeer = false  - Libcurl will NOT verify peer certificate
LogInit:  - bUseHttpProxy = false  - Libcurl will NOT use HTTP proxy
LogInit:  - bDontReuseConnections = false  - Libcurl will reuse connections
LogInit:  - CertBundlePath = nullptr  - Libcurl will use whatever was configured at build time.
LogInit: Build: ++UE4+Release-4.16-CL-3466753
LogInit: Engine Version: 4.16.1-3466753+++UE4+Release-4.16
LogInit: Compatible Engine Version: 4.16.0-3452394+++UE4+Release-4.16
LogInit: Net CL: 3452394
LogDevObjectVersion: Number of dev versions registered: 16
LogDevObjectVersion:   Dev-Blueprints (B0D832E4-1F89-4F0D-ACCF-7EB736FD4AA2): 9
LogDevObjectVersion:   Dev-Build (E1C64328-A22C-4D53-A36C-8E866417BD8C): 0
LogDevObjectVersion:   Dev-Core (375EC13C-06E4-48FB-B500-84F0262A717E): 2
LogDevObjectVersion:   Dev-Editor (E4B068ED-F494-42E9-A231-DA0B2E46BB41): 17
LogDevObjectVersion:   Dev-Framework (CFFC743F-43B0-4480-9391-14DF171D2073): 23
LogDevObjectVersion:   Dev-Mobile (B02B49B5-BB20-44E9-A304-32B752E40360): 0
LogDevObjectVersion:   Dev-Networking (A4E4105C-59A1-49B5-A7C5-40C4547EDFEE): 0
LogDevObjectVersion:   Dev-Online (39C831C9-5AE6-47DC-9A44-9C173E1C8E7C): 0
LogDevObjectVersion:   Dev-Physics (78F01B33-EBEA-4F98-B9B4-84EACCB95AA2): 0
LogDevObjectVersion:   Dev-Platform (6631380F-2D4D-43E0-8009-CF276956A95A): 0
LogDevObjectVersion:   Dev-Rendering (12F88B9F-8875-4AFC-A67C-D90C383ABD29): 15
LogDevObjectVersion:   Dev-Sequencer (7B5AE74C-D270-4C10-A958-57980B212A5A): 4
LogDevObjectVersion:   Dev-VR (D7296918-1DD6-4BDD-9DE2-64A83CC13884): 0
LogDevObjectVersion:   Dev-LoadTimes (C2A15278-BFE7-4AFE-6C17-90FF531DF755): 1
LogDevObjectVersion:   Private-Geometry (6EACA3D4-40EC-4CC1-B786-8BED09428FC5): 1
LogDevObjectVersion:   Dev-AnimPhys (29E575DD-E0A3-4627-9D10-D276232CDCEA): 3
LogInit: Compiled (64-bit): May 31 2017 02:03:30
LogInit: Compiled with Visual C++: 19.00.24215.01
LogInit: Build Configuration: Development
LogInit: Branch Name: ++UE4+Release-4.16
LogInit: Command line:  
LogInit: Base directory: C:/Program Files/Epic Games/UE_4.16/Engine/Binaries/Win64/
LogInit: Installed Engine Build: 1
LogInit: Presizing for max 8388607 objects, including 0 objects not considered by GC, pre-allocating 0 bytes for permanent pool.
LogInit: Object subsystem initialized
[2017.06.28-06.42.28:355][  0]LogInit: Selected Device Profile: [Windows]
[2017.06.28-06.42.28:355][  0]LogInit: Applying CVar settings loaded from the selected device profile: [Windows]
[2017.06.28-06.42.28:432][  0]LogInit: Computer: KLAUDE2017ALIEN
[2017.06.28-06.42.28:432][  0]LogInit: User: vonkl
[2017.06.28-06.42.28:432][  0]LogInit: CPU Page size=4096, Cores=4
[2017.06.28-06.42.28:432][  0]LogInit: High frequency timer resolution =2.742186 MHz
[2017.06.28-06.42.28:432][  0]LogMemory: Memory total: Physical=15.9GB (16GB approx)
[2017.06.28-06.42.28:432][  0]LogMemory: Platform Memory Stats for Windows
[2017.06.28-06.42.28:432][  0]LogMemory: Process Physical Memory: 273.93 MB used, 273.93 MB peak
[2017.06.28-06.42.28:432][  0]LogMemory: Process Virtual Memory: 265.04 MB used, 265.04 MB peak
[2017.06.28-06.42.28:432][  0]LogMemory: Physical Memory: 5129.32 MB used,  11127.66 MB free, 16256.98 MB total
[2017.06.28-06.42.28:433][  0]LogMemory: Virtual Memory: 642.56 MB used,  11127.66 MB free, 134217728.00 MB total
[2017.06.28-06.42.28:889][  0]LogInit: Using OS detected language (en-GB).
[2017.06.28-06.42.28:890][  0]LogInit: Using OS detected locale (en-GB).
[2017.06.28-06.42.28:993][  0]LogTextLocalizationManager: No specific localization for 'en-GB' exists, so the 'en' localization will be used.
[2017.06.28-06.42.31:334][  0]LogD3D11RHI: D3D11 adapters:
[2017.06.28-06.42.31:869][  0]LogD3D11RHI:    0. 'NVIDIA GeForce GTX 1060' (Feature Level 11_0)
[2017.06.28-06.42.31:869][  0]LogD3D11RHI:       6084/0/8128 MB DedicatedVideo/DedicatedSystem/SharedSystem, Outputs:2, VendorId:0x10de
[2017.06.28-06.42.32:392][  0]LogD3D11RHI:    1. 'Intel(R) HD Graphics 630' (Feature Level 11_0)
[2017.06.28-06.42.32:392][  0]LogD3D11RHI:       128/0/8128 MB DedicatedVideo/DedicatedSystem/SharedSystem, Outputs:0, VendorId:0x8086
[2017.06.28-06.42.32:398][  0]LogD3D11RHI:    2. 'Microsoft Basic Render Driver' (Feature Level 11_0)
[2017.06.28-06.42.32:398][  0]LogD3D11RHI:       0/0/8128 MB DedicatedVideo/DedicatedSystem/SharedSystem, Outputs:0, VendorId:0x1414
[2017.06.28-06.42.32:398][  0]LogD3D11RHI: Chosen D3D11 Adapter: 0
[2017.06.28-06.42.32:418][  0]LogD3D11RHI: Creating new Direct3DDevice
[2017.06.28-06.42.32:418][  0]LogD3D11RHI:     GPU DeviceId: 0x1c60 (for the marketing name, search the web for "GPU Device Id")
[2017.06.28-06.42.32:418][  0]LogWindows: EnumDisplayDevices:
[2017.06.28-06.42.32:418][  0]LogWindows:    0. 'NVIDIA GeForce GTX 1060' (P:0 D:1)
[2017.06.28-06.42.32:419][  0]LogWindows:    1. 'NVIDIA GeForce GTX 1060' (P:1 D:1)
[2017.06.28-06.42.32:419][  0]LogWindows:    2. 'NVIDIA GeForce GTX 1060' (P:0 D:0)
[2017.06.28-06.42.32:419][  0]LogWindows:    3. 'NVIDIA GeForce GTX 1060' (P:0 D:0)
[2017.06.28-06.42.32:420][  0]LogWindows:    4. 'Intel(R) HD Graphics 630' (P:0 D:0)
[2017.06.28-06.42.32:420][  0]LogWindows:    5. 'Intel(R) HD Graphics 630' (P:0 D:0)
[2017.06.28-06.42.32:422][  0]LogWindows:    6. 'Intel(R) HD Graphics 630' (P:0 D:0)
[2017.06.28-06.42.32:422][  0]LogWindows: DebugString: PrimaryIsNotTheChoosenAdapter PrimaryIsNotTheChoosenAdapter PrimaryIsNotTheChoosenAdapter FoundDriverCount:4 
[2017.06.28-06.42.32:422][  0]LogD3D11RHI:     Adapter Name: NVIDIA GeForce GTX 1060
[2017.06.28-06.42.32:423][  0]LogD3D11RHI:   Driver Version: 382.53 (internal:22.21.13.8253, unified:382.53)
[2017.06.28-06.42.32:423][  0]LogD3D11RHI:      Driver Date: 6-7-2017
[2017.06.28-06.42.32:423][  0]LogRHI: Texture pool is 1361 MB (70% of 1945 MB)
[2017.06.28-06.42.33:005][  0]LogD3D11RHI: Async texture creation enabled
[2017.06.28-06.42.33:050][  0]LogD3D11RHI: GPU Timing Frequency: 1000.000000 (Debug: 2 1)
[2017.06.28-06.42.33:148][  0]LogShaderCompilers: Guid format shader working directory is 2 characters bigger than the processId version (../../../../../../Unreal/FOTWO/source/FOTWO02/Intermediate/Shaders/WorkingDirectory/844/).
[2017.06.28-06.42.33:148][  0]LogShaderCompilers: Cleaned the shader compiler working directory 'C:/Users/vonkl/AppData/Local/Temp/UnrealShaderWorkingDir/434176654A3584C2FDFB048D720B87B5/'.
[2017.06.28-06.42.33:149][  0]LogShaderCompilers:Display: Using Local Shader Compiler.
[2017.06.28-06.42.34:985][  0]LogTemp:Display: Loaded TP AllDesktopTargetPlatform
[2017.06.28-06.42.35:028][  0]LogTemp:Display: Loaded TP MacClientTargetPlatform
[2017.06.28-06.42.35:073][  0]LogTemp:Display: Loaded TP MacNoEditorTargetPlatform
[2017.06.28-06.42.35:115][  0]LogTemp:Display: Loaded TP MacServerTargetPlatform
[2017.06.28-06.42.35:163][  0]LogTemp:Display: Loaded TP MacTargetPlatform
[2017.06.28-06.42.35:207][  0]LogTemp:Display: Loaded TP WindowsClientTargetPlatform
[2017.06.28-06.42.35:250][  0]LogTemp:Display: Loaded TP WindowsNoEditorTargetPlatform
[2017.06.28-06.42.35:294][  0]LogTemp:Display: Loaded TP WindowsServerTargetPlatform
[2017.06.28-06.42.35:332][  0]LogTemp:Display: Loaded TP WindowsTargetPlatform
[2017.06.28-06.42.35:377][  0]LogTemp:Display: Loaded TP AndroidTargetPlatform
[2017.06.28-06.42.35:420][  0]LogTemp:Display: Loaded TP Android_ASTCTargetPlatform
[2017.06.28-06.42.35:464][  0]LogTemp:Display: Loaded TP Android_ATCTargetPlatform
[2017.06.28-06.42.35:505][  0]LogTemp:Display: Loaded TP Android_DXTTargetPlatform
[2017.06.28-06.42.35:548][  0]LogTemp:Display: Loaded TP Android_ETC1TargetPlatform
[2017.06.28-06.42.35:589][  0]LogTemp:Display: Loaded TP Android_ETC2TargetPlatform
[2017.06.28-06.42.35:673][  0]LogTemp:Display: Loaded TP Android_MultiTargetPlatform
[2017.06.28-06.42.35:673][  0]LogTemp:Display: Loaded TP Android_PVRTCTargetPlatform
[2017.06.28-06.42.35:707][  0]LogTemp:Display: Loaded TP HTML5TargetPlatform
[2017.06.28-06.42.35:798][  0]LogTemp:Display: Loaded TP IOSTargetPlatform
[2017.06.28-06.42.35:851][  0]LogTemp:Display: Loaded TP TVOSTargetPlatform
[2017.06.28-06.42.35:907][  0]LogTemp:Display: Loaded TP LinuxClientTargetPlatform
[2017.06.28-06.42.35:950][  0]LogTemp:Display: Loaded TP LinuxNoEditorTargetPlatform
[2017.06.28-06.42.35:992][  0]LogTemp:Display: Loaded TP LinuxServerTargetPlatform
[2017.06.28-06.42.36:038][  0]LogTemp:Display: Loaded TP LinuxTargetPlatform
[2017.06.28-06.42.36:039][  0]LogTargetPlatformManager:Display: Building Assets For Windows
[2017.06.28-06.42.36:657][  0]LogDerivedDataCache:Display: Max Cache Size: 512 MB
[2017.06.28-06.42.37:502][  0]LogDerivedDataCache: Loaded boot cache 0.84s 90MB C:/Users/vonkl/AppData/Local/UnrealEngine/4.16/DerivedDataCache/Boot.ddc.
[2017.06.28-06.42.37:503][  0]LogDerivedDataCache:Display: Loaded Boot cache: C:/Users/vonkl/AppData/Local/UnrealEngine/4.16/DerivedDataCache/Boot.ddc
[2017.06.28-06.42.37:503][  0]LogDerivedDataCache: FDerivedDataBackendGraph:  Pak pak cache file ../../../../../../Unreal/FOTWO/source/FOTWO02/DerivedDataCache/DDC.ddp not found, will not use a pak cache.
[2017.06.28-06.42.37:503][  0]LogDerivedDataCache: Unable to find inner node Pak for hierarchical cache Hierarchy.
[2017.06.28-06.42.37:503][  0]LogDerivedDataCache: FDerivedDataBackendGraph:  CompressedPak pak cache file ../../../../../../Unreal/FOTWO/source/FOTWO02/DerivedDataCache/Compressed.ddp not found, will not use a pak cache.
[2017.06.28-06.42.37:503][  0]LogDerivedDataCache: Unable to find inner node CompressedPak for hierarchical cache Hierarchy.
[2017.06.28-06.42.37:553][  0]LogDerivedDataCache:Display: Pak cache opened for reading ../../../Engine/DerivedDataCache/Compressed.ddp.
[2017.06.28-06.42.37:566][  0]LogDerivedDataCache: Using Local data cache path C:/Users/vonkl/AppData/Local/UnrealEngine/Common/DerivedDataCache: Writable
[2017.06.28-06.42.37:578][  0]LogMaterial: Verifying Global Shaders for PCD3D_SM5
[2017.06.28-06.42.37:586][  0]LogSlate: Using Freetype 2.6.0
[2017.06.28-06.42.37:598][  0]LogSlate: SlateFontCache - WITH_FREETYPE: 1, WITH_HARFBUZZ: 1
[2017.06.28-06.42.37:598][  0]LogSlate: SlateFontCache - WITH_FREETYPE: 1, WITH_HARFBUZZ: 1
[2017.06.28-06.42.38:509][  0]LogInit: Selected Device Profile: [Windows]
[2017.06.28-06.42.38:693][  0]LogContentStreaming: Texture pool size is 0.00 MB
[2017.06.28-06.42.38:911][  0]LogMeshUtilities: Using QuadricMeshReduction for automatic static mesh reduction
[2017.06.28-06.42.38:961][  0]LogSimplygon: Simplygon DLL not present - disabling.
[2017.06.28-06.42.39:022][  0]LogMeshUtilities: Using SimplygonSwarm for distributed automatic mesh merging
[2017.06.28-06.42.39:022][  0]LogMeshUtilities: No automatic skeletal mesh reduction module available
[2017.06.28-06.42.39:022][  0]LogMeshUtilities: No automatic mesh merging module available
[2017.06.28-06.42.40:399][  0]LogNetVersion: FOTWO02 , NetCL: 3452394, EngineNetVer: 2, GameNetVer: 0 (Checksum: 2990255715)
[2017.06.28-06.42.40:494][  0]LogAssetRegistry: FAssetRegistry took 0.0286 seconds to start up
[2017.06.28-06.42.40:552][  0]LogPackageLocalizationCache: Processed 4 localized package path(s) for 2 prioritized culture(s) in 0.037033 seconds
[2017.06.28-06.42.40:556][  0]LogUObjectArray: 34194 objects as part of root set at end of initial load.
[2017.06.28-06.42.40:556][  0]LogUObjectAllocator: 7260424 out of 0 bytes used by permanent object pool.
[2017.06.28-06.42.40:556][  0]LogUObjectArray: CloseDisregardForGC: 0/0 objects in disregard for GC pool
[2017.06.28-06.42.40:620][  0]LogInit: WinSock: version 1.1 (2.2), MaxSocks=32767, MaxUdp=65467
[2017.06.28-06.42.44:769][  0]LogTcpMessaging: Initializing TcpMessaging bridge
[2017.06.28-06.42.44:814][  0]LogUdpMessaging: Initializing bridge on interface 0.0.0.0:0 to multicast group 230.0.0.1:6666.
[2017.06.28-06.42.45:474][  0]LogMaterial: Uniform references updated for custom material expression Custom.
[2017.06.28-06.42.45:988][  0]SourceControl: Info Source control is disabled
[2017.06.28-06.42.46:041][  0]SourceControl: Info Source control is disabled
[2017.06.28-06.42.46:096][  0]SourceControl: Info Source control is disabled
[2017.06.28-06.42.46:146][  0]SourceControl: Info Source control is disabled
[2017.06.28-06.42.46:861][  0]LogAndroidPermission: UAndroidPermissionCallbackProxy::GetInstance
[2017.06.28-06.42.47:450][  0]LogEngine: Initializing Engine...
[2017.06.28-06.42.47:452][  0]LogHMD: Failed to initialize OpenVR with code 110
[2017.06.28-06.42.47:782][  0]LogStats: UGameplayTagsManager::ConstructGameplayTagTree: Construct from data asset -  0.000 s
[2017.06.28-06.42.47:782][  0]LogStats: UGameplayTagsManager::ConstructGameplayTagTree: GameplayTagTreeChangedEvent.Broadcast -  0.000 s
[2017.06.28-06.42.47:927][  0]LogAIModule: Creating AISystem for world Untitled
[2017.06.28-06.42.47:964][  0]LogInit: XAudio2 using 'Headset Earphone (3- Microsoft LifeChat LX-3000)' : 2 channels at 48 kHz using 16 bits per sample (channel mask 0x3)
[2017.06.28-06.42.47:985][  0]LogInit: FAudioDevice initialized.
[2017.06.28-06.42.48:030][  0]LogDerivedDataCache: Saved boot cache 0.04s 90MB C:/Users/vonkl/AppData/Local/UnrealEngine/4.16/DerivedDataCache/Boot.ddc.
[2017.06.28-06.42.48:036][  0]LogInit: Texture streaming: Enabled
[2017.06.28-06.42.48:146][  0]LogEngineSessionManager: EngineSessionManager initialized
[2017.06.28-06.42.48:374][  0]LogInit: Transaction tracking system initialized
[2017.06.28-06.42.48:703][  0]BlueprintLog: New page: Editor Load
[2017.06.28-06.42.49:650][  0]LocalizationService: Info Localization service is disabled
[2017.06.28-06.42.50:357][  0]LogConsoleResponse:Display: 
[2017.06.28-06.42.50:708][  0]LogCook:Display: Max memory allowance for cook 16384mb min free memory 0mb
[2017.06.28-06.42.50:708][  0]LogCook:Display: Mobile HDR setting 1
[2017.06.28-06.42.51:716][  0]LogFileCache: Scanning file cache for directory 'C:/Unreal/FOTWO/source/FOTWO02/Content/' took 0.02s
[2017.06.28-06.42.51:799][  0]SourceControl: Info Source control is disabled
[2017.06.28-06.42.51:801][  0]Cmd: MAP LOAD FILE="../../../../../../Unreal/FOTWO/source/FOTWO02/Content/2DSideScrollerBP/Maps/2DSideScrollerExampleMap.umap" TEMPLATE=0 SHOWPROGRESS=1 FEATURELEVEL=3
[2017.06.28-06.42.51:801][  0]LogEditorServer:Warning: Can't find file '../../../../../../Unreal/FOTWO/source/FOTWO02/Content/2DSideScrollerBP/Maps/2DSideScrollerExampleMap.umap'
[2017.06.28-06.42.51:802][  0]Cmd: MAP CHECKDEP NOCLEARLOG
[2017.06.28-06.42.51:841][  0]MapCheck: Info Map check complete: 0 Error(s), 0 Warning(s), took 39.279ms to complete.
[2017.06.28-06.42.51:841][  0]LogFileHelpers: Loading map '2DSideScrollerExampleMap' took 0.041
[2017.06.28-06.42.52:064][  0]LogCollectionManager: Loaded 0 collections in 0.001938 seconds
[2017.06.28-06.42.52:175][  0]LogFileCache: Scanning file cache for directory 'C:/Unreal/FOTWO/source/FOTWO02/Saved/Collections/' took 0.01s
[2017.06.28-06.42.52:176][  0]LogFileCache: Scanning file cache for directory 'C:/Unreal/FOTWO/source/FOTWO02/Content/Developers/vonkl/Collections/' took 0.01s
[2017.06.28-06.42.52:176][  0]LogFileCache: Scanning file cache for directory 'C:/Unreal/FOTWO/source/FOTWO02/Content/Collections/' took 0.00s
[2017.06.28-06.42.52:176][  0]LogCollectionManager: Rebuilt the GUID cache for 0 collections in 0.000001 seconds
[2017.06.28-06.42.52:185][  0]LogContentBrowser: Native class hierarchy populated in 0.0083 seconds. Added 2329 classes and 491 folders.
[2017.06.28-06.42.52:278][  0]LogContentBrowser: Native class hierarchy updated for 'WidgetCarousel' in 0.0004 seconds. Added 0 classes and 0 folders.
[2017.06.28-06.42.52:675][  0]LogContentBrowser: Native class hierarchy updated for 'AddContentDialog' in 0.0005 seconds. Added 0 classes and 0 folders.
[2017.06.28-06.42.52:734][  0]LogContentBrowser: Native class hierarchy updated for 'SceneOutliner' in 0.0006 seconds. Added 1 classes and 2 folders.
[2017.06.28-06.42.52:821][  0]LogCrashTracker: Crashtracker disabled due to settings.
[2017.06.28-06.42.52:838][  0]LogSlate: Took 0.006271 seconds to synchronously load lazily loaded font '../../../Engine/Content/Slate/Fonts/Roboto-Regular.ttf' (155K)
[2017.06.28-06.42.52:845][  0]LogSlate: Took 0.004601 seconds to synchronously load lazily loaded font '../../../Engine/Content/Slate/Fonts/Roboto-Bold.ttf' (160K)
[2017.06.28-06.42.52:857][  0]LogSlate: Took 0.004540 seconds to synchronously load lazily loaded font '../../../Engine/Content/Editor/Slate/Fonts/FontAwesome.ttf' (139K)
[2017.06.28-06.42.53:007][  0]LogRenderer: Reallocating scene render targets to support 1428x812 NumSamples 1 (Frame:1).
[2017.06.28-06.42.53:112][  0]LogUObjectGlobals:Warning: Failed to find object 'Class None.'
[2017.06.28-06.42.53:177][  0]LogContentBrowser: Native class hierarchy updated for 'HierarchicalLODOutliner' in 0.0005 seconds. Added 1 classes and 2 folders.
[2017.06.28-06.42.53:177][  0]LogLoad: (Engine Initialization) Total time: 28.32 seconds
[2017.06.28-06.42.53:177][  0]LogLoad: (Engine Initialization) Total Blueprint compile time: 0.10 seconds
[2017.06.28-06.42.53:177][  0]LogExternalProfiler: Found external profiler: VSPerf
[2017.06.28-06.42.53:177][  0]LogExternalProfiler: Using external profiler: VSPerf
[2017.06.28-06.42.53:198][  0]LogOcInput: OculusInput pre-init called
[2017.06.28-06.42.53:198][  0]LogHMD: Starting GearVRController plugin
[2017.06.28-06.42.53:216][  0]LogContentStreaming: Texture pool size now 1000 MB
[2017.06.28-06.42.53:254][  1]LogAssetRegistry: Asset discovery search completed in 12.7825 seconds
[2017.06.28-06.42.53:256][  1]LogCollectionManager: Rebuilt the object cache for 0 collections in 0.000000 seconds (found 0 objects)
[2017.06.28-06.42.53:256][  1]LogCollectionManager: Fixed up redirectors for 0 collections in 0.000020 seconds (updated 0 objects)
[2017.06.28-06.42.54:223][ 57]LogSlate: Took 0.005394 seconds to synchronously load lazily loaded font '../../../Engine/Content/Slate/Fonts/Roboto-Light.ttf' (159K)
[2017.06.28-06.43.03:385][595]LogSlate: Took 0.000150 seconds to synchronously load lazily loaded font '../../../Engine/Content/Slate/Fonts/Roboto-Light.ttf' (159K)
[2017.06.28-06.43.08:952][761]LogSlate: Took 0.003388 seconds to synchronously load lazily loaded font '../../../Engine/Content/Editor/Slate/Fonts/Roboto-BoldCondensed.ttf' (158K)
[2017.06.28-06.43.19:507][390]LogSlate: Took 0.000105 seconds to synchronously load lazily loaded font '../../../Engine/Content/Slate/Fonts/Roboto-Light.ttf' (159K)
[2017.06.28-06.43.36:087][133]LogContentBrowser: Native class hierarchy updated for 'BlueprintGraph' in 0.0008 seconds. Added 112 classes and 0 folders.
[2017.06.28-06.43.36:611][133]LogSlate: Took 0.000150 seconds to synchronously load lazily loaded font '../../../Engine/Content/Slate/Fonts/Roboto-Regular.ttf' (155K)
[2017.06.28-06.43.55:126][ 58]LogSlate: Took 0.004280 seconds to synchronously load lazily loaded font '../../../Engine/Content/Editor/Slate/Fonts/Roboto-Italic.ttf' (157K)
[2017.06.28-06.44.16:442][325]LogBlueprint:Warning: [Earth_Actor] 'FOTWO_HUD' variable not found. Base class was probably changed.
[2017.06.28-06.44.16:442][325]LogBlueprint:Warning: [Earth_Actor] 'FOTWO_HUD' variable not found. Base class was probably changed.
[2017.06.28-06.44.41:738][839]LogBlueprint:Warning: [Earth_Actor] 'Earth_Date' variable not found. Base class was probably changed.
[2017.06.28-06.44.41:738][839]LogBlueprint:Warning: [Earth_Actor] 'Earth_Date' variable not found. Base class was probably changed.
[2017.06.28-06.44.41:739][839]LogBlueprint:Warning: [Earth_Actor] 'Earth_Date' variable not found. Base class was probably changed.
[2017.06.28-06.44.41:739][839]LogBlueprint:Warning: [Earth_Actor] 'Years_Per_Turn' variable not found. Base class was probably changed.
[2017.06.28-06.44.41:739][839]LogBlueprint:Warning: [Earth_Actor] 'Earth_PPM_GHG' variable not found. Base class was probably changed.
[2017.06.28-06.44.41:739][839]LogBlueprint:Warning: [Earth_Actor] 'Earth_PPM_GHG' variable not found. Base class was probably changed.
[2017.06.28-06.44.41:739][839]LogBlueprint:Warning: [Earth_Actor] 'Earth_PPM_CO2' variable not found. Base class was probably changed.
[2017.06.28-06.44.41:739][839]LogBlueprint:Warning: [Earth_Actor] 'Earth_PPM_CH4' variable not found. Base class was probably changed.
[2017.06.28-06.47.56:468][476]LogSlate: Took 0.003926 seconds to synchronously load lazily loaded font '../../../Engine/Content/Editor/Slate/Fonts/Roboto-BoldCondensedItalic.ttf' (160K)
[2017.06.28-06.49.47:020][ 68]BlueprintLog: New page: Compile Earth_Actor
[2017.06.28-06.49.47:027][ 68]LogBlueprint:Error: [Compiler Earth_Actor] Error This blueprint (self) is not a FOTWO_HUD_C, therefore ' Target ' must have a connection.
[2017.06.28-06.49.47:214][ 68]BlueprintEditorCompileResults:Error: Error This blueprint (self) is not a FOTWO_HUD_C, therefore ' Target ' must have a connection.
[2017.06.28-06.49.47:214][ 68]LogBlueprint:Warning: [Compiler Earth_Actor] Warning [0442.36] Compile of Earth_Actor failed. 1 Fatal Issue(s) 0 Warning(s) [in 193 ms] (/Game/2DSideScrollerBP/Blueprints/Simulation/Earth_Actor.Earth_Actor)
[2017.06.28-06.50.02:401][978]BlueprintLog: New page: Compile Earth_Actor
[2017.06.28-06.52.27:728][616]BlueprintLog: New page: Compile Earth_Actor
[2017.06.28-06.53.59:185][ 69]LogFileHelpers: Editor autosave (incl. sublevels) for '/Temp/Untitled_0' took 0.015
[2017.06.28-06.53.59:188][ 69]OBJ SavePackage: Generating thumbnails for [0] asset(s) in package [/Game/2DSideScrollerBP/Blueprints/Simulation/Earth_Actor] ([1] browsable assets)...
[2017.06.28-06.53.59:188][ 69]OBJ SavePackage: Finished generating thumbnails for package [/Game/2DSideScrollerBP/Blueprints/Simulation/Earth_Actor]
[2017.06.28-06.53.59:220][ 69]LogSavePackage: Save=29.62ms
[2017.06.28-06.53.59:220][ 69]LogSavePackage: Moving '../../../../../../Unreal/FOTWO/source/FOTWO02/Saved/Earth_Actor_Auto15A80BE73463AF07E7917B19DE48ED107.tmp' to '../../../../../../Unreal/FOTWO/source/FOTWO02/Saved/Autosaves/Game/2DSideScrollerBP/Blueprints/Simulation/Earth_Actor_Auto1.uasset'
[2017.06.28-06.53.59:221][ 69]LogSavePackage:Display: Finished SavePackage ../../../../../../Unreal/FOTWO/source/FOTWO02/Saved/Autosaves/Game/2DSideScrollerBP/Blueprints/Simulation/Earth_Actor_Auto1.uasset
[2017.06.28-06.53.59:221][ 69]LogFileHelpers: Auto-saving content packages took 0.035
[2017.06.28-06.54.47:477][958]BlueprintLog: New page: Compile Earth_Actor
[2017.06.28-06.56.01:132][345]BlueprintLog: New page: Compile Earth_Actor
[2017.06.28-06.56.22:746][613]LogAIModule: Creating AISystem for world FOTWO01
[2017.06.28-06.56.24:593][613]LogSavePackage: Save=32.53ms
[2017.06.28-06.56.24:593][613]LogSavePackage: Moving '../../../../../../Unreal/FOTWO/source/FOTWO02/Saved/Earth_ActorC986198C4E2E03F6F5A1DCAC8DDD794C.tmp' to '../../../../../../Unreal/FOTWO/source/FOTWO02/Content/2DSideScrollerBP/Blueprints/Simulation/Earth_Actor.uasset'
[2017.06.28-06.56.24:597][613]LogSavePackage:Display: Finished SavePackage ../../../../../../Unreal/FOTWO/source/FOTWO02/Content/2DSideScrollerBP/Blueprints/Simulation/Earth_Actor.uasset
[2017.06.28-06.56.24:598][613]Cmd: MAP LOAD FILE="../../../../../../Unreal/FOTWO/source/FOTWO02/Content/2DSideScrollerBP/Maps/FOTWO01.umap" TEMPLATE=0 SHOWPROGRESS=1 FEATURELEVEL=3
[2017.06.28-06.56.24:598][613]LightingResults: New page: Lighting Build
[2017.06.28-06.56.24:640][613]LogContentBrowser: Native class hierarchy updated for 'StatsViewer' in 0.0006 seconds. Added 5 classes and 0 folders.
[2017.06.28-06.56.24:641][613]LoadErrors: New page: Loading map: FOTWO01.umap
[2017.06.28-06.56.24:643][613]MapCheck: New page: Map Check
[2017.06.28-06.56.24:643][613]LightingResults: New page: Lighting Build
[2017.06.28-06.56.24:668][613]LogEditorServer: Finished looking for orphan Actors (0.000 secs)
[2017.06.28-06.56.24:705][613]Cmd: MAP CHECKDEP NOCLEARLOG
[2017.06.28-06.56.24:748][613]MapCheck: Info Map check complete: 0 Error(s), 0 Warning(s), took 43.317ms to complete.
[2017.06.28-06.56.24:748][613]LogFileHelpers: Loading map 'FOTWO01' took 0.151
[2017.06.28-06.56.25:907][681]LogEditorViewport: Clicking on Actor (LMB): PaperSpriteActor (Background_Sprite)
[2017.06.28-06.58.18:215][318]BlueprintLog: New page: Compile FOTWO_HUD
[2017.06.28-06.58.18:232][318]LogBlueprint:Warning: [Compiler FOTWO_HUD] Warning 'Earth Actor' does not inherit from 'Player Controller' ( Cast To Earth_Actor  would always fail).
[2017.06.28-06.58.18:383][318]BlueprintEditorCompileResults:Warning: Warning 'Earth Actor' does not inherit from 'Player Controller' ( Cast To Earth_Actor  would always fail).
[2017.06.28-06.58.18:384][318]BlueprintEditorCompileResults: Info Fast Template Successfully Created.
[2017.06.28-06.58.18:384][318]LogBlueprint:Warning: [Compiler FOTWO_HUD] Warning [0953.53] Compile of FOTWO_HUD successful, but with 1 Warning(s) [in 168 ms] (/Game/2DSideScrollerBP/Blueprints/User_Interface/FOTWO_HUD.FOTWO_HUD)
[2017.06.28-06.58.58:330][686]BlueprintLog: New page: Compile FOTWO_HUD
[2017.06.28-06.58.58:354][686]LogBlueprint:Error: [Compiler FOTWO_HUD] Error The type of  Object  is undetermined.  Connect something to  Cast To Earth_Actor  to imply a specific type.
[2017.06.28-06.58.58:355][686]LogBlueprint:Error: [Compiler FOTWO_HUD] Error The current value of the ' Object ' pin is invalid: Unsupported type Wildcard on pin Object
[2017.06.28-06.58.58:541][686]BlueprintEditorCompileResults:Error: Error The type of  Object  is undetermined.  Connect something to  Cast To Earth_Actor  to imply a specific type.
[2017.06.28-06.58.58:541][686]BlueprintEditorCompileResults:Error: Error The current value of the ' Object ' pin is invalid: Unsupported type Wildcard on pin Object
[2017.06.28-06.58.58:541][686]BlueprintEditorCompileResults: Info Fast Template Successfully Created.
[2017.06.28-06.58.58:541][686]LogBlueprint:Warning: [Compiler FOTWO_HUD] Warning [0993.69] Compile of FOTWO_HUD failed. 2 Fatal Issue(s) 0 Warning(s) [in 210 ms] (/Game/2DSideScrollerBP/Blueprints/User_Interface/FOTWO_HUD.FOTWO_HUD)
[2017.06.28-07.01.37:825][209]LogSlate:Warning: Prevented a slow task dialog from being summoned while a context menu was open
[2017.06.28-07.02.09:773][ 51]LogUObjectArray:Warning: Other object in slot
[2017.06.28-07.02.09:986][ 51]LogStats: FPlatformStackWalk::StackWalkAndDump -  0.212 s
[2017.06.28-07.02.09:986][ 51]LogOutputDevice:Error: === Handled ensure: ===
[2017.06.28-07.02.09:986][ 51]LogOutputDevice:Error: 
[2017.06.28-07.02.09:986][ 51]LogOutputDevice:Error: Ensure condition failed: false [File:D:\Build\++UE4+Release-4.16+Compile\Sync\Engine\Source\Editor\UnrealEd\Private\Kismet2\KismetDebugUtilities.cpp] [Line: 1037]
[2017.06.28-07.02.09:986][ 51]LogOutputDevice:Error: Error: Invalid (but non-null) property associated with pin; cannot get variable value
[2017.06.28-07.02.09:986][ 51]LogOutputDevice:Error: Stack: 
[2017.06.28-07.02.09:986][ 51]LogOutputDevice:Error: UE4Editor-Core.dll!0x000000007702E1C6
[2017.06.28-07.02.09:986][ 51]LogOutputDevice:Error: UE4Editor-Core.dll!0x0000000076DDB7D2
[2017.06.28-07.02.09:986][ 51]LogOutputDevice:Error: UE4Editor-Core.dll!0x0000000076DF1D96
[2017.06.28-07.02.09:986][ 51]LogOutputDevice:Error: UE4Editor-UnrealEd.dll!0x00000000605772D6
[2017.06.28-07.02.09:986][ 51]LogOutputDevice:Error: UE4Editor-BlueprintGraph.dll!0x00000000732FD27B
[2017.06.28-07.02.09:986][ 51]LogOutputDevice:Error: UE4Editor-GraphEditor.dll!0x00000000717D24EA
[2017.06.28-07.02.09:986][ 51]LogOutputDevice:Error: UE4Editor-GraphEditor.dll!0x00000000716772CC
[2017.06.28-07.02.09:986][ 51]LogOutputDevice:Error: UE4Editor-GraphEditor.dll!0x000000007167A6D9
[2017.06.28-07.02.09:986][ 51]LogOutputDevice:Error: UE4Editor-GraphEditor.dll!0x00000000717980A5
[2017.06.28-07.02.09:986][ 51]LogOutputDevice:Error: UE4Editor-Slate.dll!0x000000007674DB57
[2017.06.28-07.02.09:986][ 51]LogOutputDevice:Error: UE4Editor-Slate.dll!0x0000000076754B61
[2017.06.28-07.02.09:986][ 51]LogOutputDevice:Error: UE4Editor-Slate.dll!0x00000000769748D3
[2017.06.28-07.02.09:986][ 51]LogOutputDevice:Error: UE4Editor-Slate.dll!0x00000000767AF604
[2017.06.28-07.02.09:986][ 51]LogOutputDevice:Error: UE4Editor-Slate.dll!0x00000000767877FC
[2017.06.28-07.02.09:986][ 51]LogOutputDevice:Error: UE4Editor-Slate.dll!0x000000007677814C
[2017.06.28-07.02.09:986][ 51]LogOutputDevice:Error: UE4Editor-Core.dll!0x00000000770214C0
[2017.06.28-07.02.09:986][ 51]LogOutputDevice:Error: UE4Editor-Core.dll!0x000000007700B6E1
[2017.06.28-07.02.09:986][ 51]LogOutputDevice:Error: UE4Editor-Core.dll!0x00000000770232EB
[2017.06.28-07.02.09:986][ 51]LogOutputDevice:Error: UE4Editor-Core.dll!0x0000000077007A32
[2017.06.28-07.02.09:986][ 51]LogOutputDevice:Error: USER32.dll!0x00000000AD90BC50
[2017.06.28-07.02.09:986][ 51]LogOutputDevice:Error: USER32.dll!0x00000000AD90B5CF
[2017.06.28-07.02.09:986][ 51]LogOutputDevice:Error: UE4Editor-Core.dll!0x0000000077023BF6
[2017.06.28-07.02.09:986][ 51]LogOutputDevice:Error: UE4Editor.exe!0x000000009827DB44
[2017.06.28-07.02.09:986][ 51]LogOutputDevice:Error: UE4Editor.exe!0x000000009826F0B0
[2017.06.28-07.02.09:986][ 51]LogOutputDevice:Error: UE4Editor.exe!0x000000009826F12A
[2017.06.28-07.02.09:986][ 51]LogOutputDevice:Error: UE4Editor.exe!0x0000000098280CF9
[2017.06.28-07.02.09:986][ 51]LogOutputDevice:Error: UE4Editor.exe!0x00000000982825F7
[2017.06.28-07.02.09:986][ 51]LogOutputDevice:Error: KERNEL32.DLL!0x00000000ACEB2774
[2017.06.28-07.02.09:986][ 51]LogOutputDevice:Error: ntdll.dll!0x00000000AE000D61
[2017.06.28-07.02.09:986][ 51]LogOutputDevice:Error: 
[2017.06.28-07.02.09:994][ 51]LogStats:                SubmitErrorReport -  0.000 s
[2017.06.28-07.02.10:437][ 51]LogStats:                    SendNewReport -  0.443 s
[2017.06.28-07.02.10:437][ 51]LogStats:             FDebug::EnsureFailed -  0.663 s
[2017.06.28-07.02.10:437][ 51]LogUObjectArray:Warning: Other object in slot
[2017.06.28-07.02.10:882][ 71]LogUObjectArray:Warning: Invalid object index 4653103
[2017.06.28-07.02.10:882][ 71]LogUObjectArray:Warning: Invalid object index 4653103
[2017.06.28-07.04.33:339][375]BlueprintLog: New page: Compile Earth_BAU
[2017.06.28-07.06.22:981][892]LogSavePackage: Save=110.77ms
[2017.06.28-07.06.22:981][892]LogSavePackage: Moving '../../../../../../Unreal/FOTWO/source/FOTWO02/Saved/FOTWO01_Auto2B90BDF874612F9185ED1D1A7130FD1F8.tmp' to '../../../../../../Unreal/FOTWO/source/FOTWO02/Saved/Autosaves/Game/2DSideScrollerBP/Maps/FOTWO01_Auto2.umap'
[2017.06.28-07.06.22:983][892]LogSavePackage:Display: Finished SavePackage ../../../../../../Unreal/FOTWO/source/FOTWO02/Saved/Autosaves/Game/2DSideScrollerBP/Maps/FOTWO01_Auto2.umap
[2017.06.28-07.06.22:987][892]LogFileHelpers: Editor autosave (incl. sublevels) for '/Game/2DSideScrollerBP/Maps/FOTWO01' took 0.204
[2017.06.28-07.06.22:987][892]LogFileHelpers: Editor autosave (incl. sublevels) for all levels took 0.204
[2017.06.28-07.06.22:989][892]OBJ SavePackage: Generating thumbnails for [0] asset(s) in package [/Game/2DSideScrollerBP/Blueprints/Simulation/Earth_BAU] ([1] browsable assets)...
[2017.06.28-07.06.22:989][892]OBJ SavePackage: Finished generating thumbnails for package [/Game/2DSideScrollerBP/Blueprints/Simulation/Earth_BAU]
[2017.06.28-07.06.23:056][892]LogSavePackage: Save=41.88ms
[2017.06.28-07.06.23:056][892]LogSavePackage: Moving '../../../../../../Unreal/FOTWO/source/FOTWO02/Saved/Earth_BAU_Auto2C9BC597A4DF9DBB6D22430A123B31F31.tmp' to '../../../../../../Unreal/FOTWO/source/FOTWO02/Saved/Autosaves/Game/2DSideScrollerBP/Blueprints/Simulation/Earth_BAU_Auto2.uasset'
[2017.06.28-07.06.23:057][892]LogSavePackage:Display: Finished SavePackage ../../../../../../Unreal/FOTWO/source/FOTWO02/Saved/Autosaves/Game/2DSideScrollerBP/Blueprints/Simulation/Earth_BAU_Auto2.uasset
[2017.06.28-07.06.23:057][892]OBJ SavePackage: Generating thumbnails for [0] asset(s) in package [/Game/2DSideScrollerBP/Blueprints/Simulation/USA_BAU] ([1] browsable assets)...
[2017.06.28-07.06.23:057][892]OBJ SavePackage: Finished generating thumbnails for package [/Game/2DSideScrollerBP/Blueprints/Simulation/USA_BAU]
[2017.06.28-07.06.23:153][892]LogSavePackage: Save=68.30ms
[2017.06.28-07.06.23:153][892]LogSavePackage: Moving '../../../../../../Unreal/FOTWO/source/FOTWO02/Saved/USA_BAU_Auto2801E0DE64F3FB95DF7939D88B75C978F.tmp' to '../../../../../../Unreal/FOTWO/source/FOTWO02/Saved/Autosaves/Game/2DSideScrollerBP/Blueprints/Simulation/USA_BAU_Auto2.uasset'
[2017.06.28-07.06.23:155][892]LogSavePackage:Display: Finished SavePackage ../../../../../../Unreal/FOTWO/source/FOTWO02/Saved/Autosaves/Game/2DSideScrollerBP/Blueprints/Simulation/USA_BAU_Auto2.uasset
[2017.06.28-07.06.23:156][892]OBJ SavePackage: Generating thumbnails for [0] asset(s) in package [/Game/2DSideScrollerBP/Blueprints/User_Interface/FOTWO_HUD] ([1] browsable assets)...
[2017.06.28-07.06.23:156][892]OBJ SavePackage: Finished generating thumbnails for package [/Game/2DSideScrollerBP/Blueprints/User_Interface/FOTWO_HUD]
[2017.06.28-07.06.23:278][892]LogSavePackage: Save=94.27ms
[2017.06.28-07.06.23:278][892]LogSavePackage: Moving '../../../../../../Unreal/FOTWO/source/FOTWO02/Saved/FOTWO_HUD_Auto2E1419D134AB67363358D2EBA7FEAF890.tmp' to '../../../../../../Unreal/FOTWO/source/FOTWO02/Saved/Autosaves/Game/2DSideScrollerBP/Blueprints/User_Interface/FOTWO_HUD_Auto2.uasset'
[2017.06.28-07.06.23:280][892]LogSavePackage:Display: Finished SavePackage ../../../../../../Unreal/FOTWO/source/FOTWO02/Saved/Autosaves/Game/2DSideScrollerBP/Blueprints/User_Interface/FOTWO_HUD_Auto2.uasset
[2017.06.28-07.06.23:280][892]LogFileHelpers: Auto-saving content packages took 0.292
[2017.06.28-07.06.33:330][494]LogUObjectArray:Warning: Invalid object index -572662307
[2017.06.28-07.06.33:330][494]LogUObjectArray:Warning: Invalid object index -572662307
[2017.06.28-07.08.23:665][660]LogUObjectArray:Warning: Invalid object index -572662307
[2017.06.28-07.08.23:666][660]LogUObjectArray:Warning: Invalid object index -572662307
[2017.06.28-07.08.23:667][660]LogUObjectArray:Warning: Invalid object index -572662307
[2017.06.28-07.11.43:183][262]BlueprintLog: New page: Compile Earth_BAU
[2017.06.28-07.12.10:575][883]BlueprintLog: New page: Compile Earth_BAU
[2017.06.28-07.13.35:361][946]BlueprintLog: New page: Compile Earth_BAU
[2017.06.28-07.16.29:072][296]BlueprintLog: New page: Compile Earth_BAU
[2017.06.28-07.17.07:916][578]LogSavePackage: Save=44.46ms
[2017.06.28-07.17.07:916][578]LogSavePackage: Moving '../../../../../../Unreal/FOTWO/source/FOTWO02/Saved/Earth_BAU7AEB03D44B34AB47C63438A800EA61C4.tmp' to '../../../../../../Unreal/FOTWO/source/FOTWO02/Content/2DSideScrollerBP/Blueprints/Simulation/Earth_BAU.uasset'
[2017.06.28-07.17.07:922][578]LogSavePackage:Display: Finished SavePackage ../../../../../../Unreal/FOTWO/source/FOTWO02/Content/2DSideScrollerBP/Blueprints/Simulation/Earth_BAU.uasset
[2017.06.28-07.17.22:077][389]LogMetaData: Removing '/Game/2DSideScrollerBP/Blueprints/Simulation/EarthBAU.EarthBAU_C' ref from Metadata '/Game/2DSideScrollerBP/Blueprints/Simulation/Earth_BAU.PackageMetaData'
[2017.06.28-07.17.22:077][389]LogMetaData: Removing '/Game/2DSideScrollerBP/Blueprints/Simulation/EarthBAU.EarthBAU:EarthPPMGHG.K2Node_FunctionEntry_24' ref from Metadata '/Game/2DSideScrollerBP/Blueprints/Simulation/Earth_BAU.PackageMetaData'
[2017.06.28-07.17.22:077][389]LogMetaData: Removing '/Game/2DSideScrollerBP/Blueprints/Simulation/EarthBAU.EarthBAU:EarthPPMGHG.K2Node_FunctionResult_0' ref from Metadata '/Game/2DSideScrollerBP/Blueprints/Simulation/Earth_BAU.PackageMetaData'
[2017.06.28-07.17.22:077][389]LogMetaData: Removing '/Game/2DSideScrollerBP/Blueprints/Simulation/EarthBAU.SKEL_EarthBAU_C' ref from Metadata '/Game/2DSideScrollerBP/Blueprints/Simulation/Earth_BAU.PackageMetaData'
[2017.06.28-07.17.22:148][389]LogSavePackage: Save=47.54ms
[2017.06.28-07.17.22:148][389]LogSavePackage: Moving '../../../../../../Unreal/FOTWO/source/FOTWO02/Saved/EarthBAU332349164FAA5555ADFDEC858CADE750.tmp' to '../../../../../../Unreal/FOTWO/source/FOTWO02/Content/2DSideScrollerBP/Blueprints/Simulation/EarthBAU.uasset'
[2017.06.28-07.17.22:150][389]LogSavePackage:Display: Finished SavePackage ../../../../../../Unreal/FOTWO/source/FOTWO02/Content/2DSideScrollerBP/Blueprints/Simulation/EarthBAU.uasset
[2017.06.28-07.17.22:181][389]LogSavePackage: Save=3.90ms
[2017.06.28-07.17.22:181][389]LogSavePackage: Moving '../../../../../../Unreal/FOTWO/source/FOTWO02/Saved/Earth_BAU35F314C7405CFD7F5D17EE827F481FB7.tmp' to '../../../../../../Unreal/FOTWO/source/FOTWO02/Content/2DSideScrollerBP/Blueprints/Simulation/Earth_BAU.uasset'
[2017.06.28-07.17.22:183][389]LogSavePackage:Display: Finished SavePackage ../../../../../../Unreal/FOTWO/source/FOTWO02/Content/2DSideScrollerBP/Blueprints/Simulation/Earth_BAU.uasset
[2017.06.28-07.18.45:911][212]BlueprintLog: New page: Compile FOTWO_HUD
[2017.06.28-07.18.46:064][212]BlueprintEditorCompileResults: Info Fast Template Successfully Created.
[2017.06.28-07.18.53:646][664]LogEditorViewport: Clicking on Actor (LMB): Earth_Actor_C (Earth_Actor)
[2017.06.28-07.18.55:936][800]LogEditorActor: Deleted Actor: Earth_Actor_C
[2017.06.28-07.18.55:952][800]LogEditorActor: Deleted 1 Actors (0.016 secs)
[2017.06.28-07.19.04:685][134]LogSavePackage: Save=70.80ms
[2017.06.28-07.19.04:685][134]LogSavePackage: Moving '../../../../../../Unreal/FOTWO/source/FOTWO02/Saved/USA_BAU821BF2DB40235323EB3B60916195BDEA.tmp' to '../../../../../../Unreal/FOTWO/source/FOTWO02/Content/2DSideScrollerBP/Blueprints/Simulation/USA_BAU.uasset'
[2017.06.28-07.19.04:692][134]LogSavePackage:Display: Finished SavePackage ../../../../../../Unreal/FOTWO/source/FOTWO02/Content/2DSideScrollerBP/Blueprints/Simulation/USA_BAU.uasset
[2017.06.28-07.19.04:826][134]LogSavePackage: Save=99.93ms
[2017.06.28-07.19.04:826][134]LogSavePackage: Moving '../../../../../../Unreal/FOTWO/source/FOTWO02/Saved/FOTWO_HUDA2770C1E4775AD2DA69A61BF002AA4C2.tmp' to '../../../../../../Unreal/FOTWO/source/FOTWO02/Content/2DSideScrollerBP/Blueprints/User_Interface/FOTWO_HUD.uasset'
[2017.06.28-07.19.04:830][134]LogSavePackage:Display: Finished SavePackage ../../../../../../Unreal/FOTWO/source/FOTWO02/Content/2DSideScrollerBP/Blueprints/User_Interface/FOTWO_HUD.uasset
[2017.06.28-07.19.05:020][134]LogSavePackage: Save=94.54ms
[2017.06.28-07.19.05:020][134]LogSavePackage: Moving '../../../../../../Unreal/FOTWO/source/FOTWO02/Saved/FOTWO012100FB93433681D09FA02F835CB548B6.tmp' to '../../../../../../Unreal/FOTWO/source/FOTWO02/Content/2DSideScrollerBP/Maps/FOTWO01.umap'
[2017.06.28-07.19.05:022][134]LogSavePackage:Display: Finished SavePackage ../../../../../../Unreal/FOTWO/source/FOTWO02/Content/2DSideScrollerBP/Maps/FOTWO01.umap
[2017.06.28-07.19.05:048][134]LogFileHelpers: Saving map 'FOTWO01' took 0.211
[2017.06.28-07.19.05:170][134]LogActorComponent: UnregisterComponent: (/Engine/Transient.EditorFloorComp) Not registered. Aborting.
[2017.06.28-07.19.05:220][134]LogActorComponent: UnregisterComponent: (/Engine/Transient.EditorFloorComp) Not registered. Aborting.
[2017.06.28-07.19.05:300][134]LogWindowsTextInputMethodSystem:Display: IME system now deactivated.
[2017.06.28-07.19.05:482][135]Cmd: QUIT_EDITOR
[2017.06.28-07.19.05:531][135]LogExit: Preparing to exit.
[2017.06.28-07.19.05:937][135]LogDirectoryWatcher: A directory notification for 'C:/Unreal/FOTWO/source/FOTWO02/Content/' was aborted.
[2017.06.28-07.19.05:968][135]LogExit: Editor shut down
[2017.06.28-07.19.05:975][135]LogExit: Transaction tracking system shut down
[2017.06.28-07.19.06:064][135]LogObj: Freed 0b from 0 cluster array pools.
[2017.06.28-07.19.06:064][135]LogExit: Object subsystem successfully closed.
[2017.06.28-07.19.06:087][135]LogD3D11RHI: Shutdown
[2017.06.28-07.19.06:087][135]LogD3D11RHI: CleanupD3DDevice
[2017.06.28-07.19.06:145][135]LogD3D11RHI: ~FD3D11DynamicRHI
[2017.06.28-07.19.06:163][135]LogModuleManager: Shutting down and abandoning module SequencerWidgets (530)
[2017.06.28-07.19.06:163][135]LogModuleManager: Shutting down and abandoning module StatsViewer (528)
[2017.06.28-07.19.06:163][135]LogModuleManager: Shutting down and abandoning module BlueprintGraph (526)
[2017.06.28-07.19.06:163][135]LogModuleManager: Shutting down and abandoning module BlueprintProfiler (524)
[2017.06.28-07.19.06:164][135]LogModuleManager: Shutting down and abandoning module HierarchicalLODOutliner (522)
[2017.06.28-07.19.06:164][135]LogModuleManager: Shutting down and abandoning module CrashTracker (520)
[2017.06.28-07.19.06:164][135]LogModuleManager: Shutting down and abandoning module SceneOutliner (518)
[2017.06.28-07.19.06:164][135]LogModuleManager: Shutting down and abandoning module AddContentDialog (516)
[2017.06.28-07.19.06:164][135]LogDirectoryWatcher: A directory notification for 'C:/Program Files/Epic Games/UE_4.16/FeaturePacks/' was aborted.
[2017.06.28-07.19.06:166][135]LogModuleManager: Shutting down and abandoning module WidgetCarousel (515)
[2017.06.28-07.19.06:166][135]LogModuleManager: Shutting down and abandoning module EditorWidgets (512)
[2017.06.28-07.19.06:166][135]LogModuleManager: Shutting down and abandoning module CollectionManager (510)
[2017.06.28-07.19.06:166][135]LogDirectoryWatcher: A directory notification for 'C:/Unreal/FOTWO/source/FOTWO02/Content/Collections/' was aborted.
[2017.06.28-07.19.06:166][135]LogDirectoryWatcher: A directory notification for 'C:/Unreal/FOTWO/source/FOTWO02/Content/Developers/vonkl/Collections/' was aborted.
[2017.06.28-07.19.06:166][135]LogDirectoryWatcher: A directory notification for 'C:/Unreal/FOTWO/source/FOTWO02/Saved/Collections/' was aborted.
[2017.06.28-07.19.06:166][135]LogModuleManager: Shutting down and abandoning module FoliageEdit (508)
[2017.06.28-07.19.06:166][135]LogModuleManager: Shutting down and abandoning module LandscapeEditor (506)
[2017.06.28-07.19.06:167][135]LogModuleManager: Shutting down and abandoning module MeshPaintMode (504)
[2017.06.28-07.19.06:167][135]LogModuleManager: Shutting down and abandoning module SceneDepthPickerMode (502)
[2017.06.28-07.19.06:167][135]LogModuleManager: Shutting down and abandoning module ActorPickerMode (500)
[2017.06.28-07.19.06:167][135]LogModuleManager: Shutting down and abandoning module GeometryMode (498)
[2017.06.28-07.19.06:167][135]LogModuleManager: Shutting down and abandoning module TextureAlignMode (496)
[2017.06.28-07.19.06:167][135]LogModuleManager: Shutting down and abandoning module BspMode (494)
[2017.06.28-07.19.06:167][135]LogModuleManager: Shutting down and abandoning module HardwareSurvey (492)
[2017.06.28-07.19.06:167][135]LogModuleManager: Shutting down and abandoning module SequenceRecorderSections (490)
[2017.06.28-07.19.06:167][135]LogModuleManager: Shutting down and abandoning module AutomationWorker (488)
[2017.06.28-07.19.06:167][135]LogModuleManager: Shutting down and abandoning module MatineeToLevelSequence (486)
[2017.06.28-07.19.06:167][135]LogModuleManager: Shutting down and abandoning module LevelSequenceEditor (484)
[2017.06.28-07.19.06:167][135]LogModuleManager: Shutting down and abandoning module PlacementMode (483)
[2017.06.28-07.19.06:167][135]LogModuleManager: Shutting down and abandoning module WmfMediaFactory (480)
[2017.06.28-07.19.06:167][135]LogModuleManager: Shutting down and abandoning module WmfMediaEditor (478)
[2017.06.28-07.19.06:167][135]LogModuleManager: Shutting down and abandoning module AvfMediaFactory (476)
[2017.06.28-07.19.06:167][135]LogModuleManager: Shutting down and abandoning module AvfMediaEditor (474)
[2017.06.28-07.19.06:167][135]LogModuleManager: Shutting down and abandoning module AndroidMediaFactory (472)
[2017.06.28-07.19.06:167][135]LogModuleManager: Shutting down and abandoning module Media (471)
[2017.06.28-07.19.06:167][135]LogModuleManager: Shutting down and abandoning module AndroidMediaEditor (468)
[2017.06.28-07.19.06:167][135]LogModuleManager: Shutting down and abandoning module CharacterAI (466)
[2017.06.28-07.19.06:167][135]LogModuleManager: Shutting down and abandoning module AudioCapture (464)
[2017.06.28-07.19.06:167][135]LogModuleManager: Shutting down and abandoning module SequenceRecorder (463)
[2017.06.28-07.19.06:167][135]LogModuleManager: Shutting down and abandoning module SmartSnapping (460)
[2017.06.28-07.19.06:167][135]LogModuleManager: Shutting down and abandoning module SessionServices (458)
[2017.06.28-07.19.06:167][135]LogModuleManager: Shutting down and abandoning module ViewportSnapping (456)
[2017.06.28-07.19.06:167][135]LogModuleManager: Shutting down and abandoning module ViewportInteraction (454)
[2017.06.28-07.19.06:167][135]LogModuleManager: Shutting down and abandoning module ClothPainter (452)
[2017.06.28-07.19.06:168][135]LogModuleManager: Shutting down and abandoning module LogVisualizer (450)
[2017.06.28-07.19.06:169][135]LogModuleManager: Shutting down and abandoning module IntroTutorials (448)
[2017.06.28-07.19.06:169][135]LogModuleManager: Shutting down and abandoning module GameProjectGeneration (447)
[2017.06.28-07.19.06:170][135]LogModuleManager: Shutting down and abandoning module EditorLiveStreaming (444)
[2017.06.28-07.19.06:170][135]LogModuleManager: Shutting down and abandoning module IOSPlatformEditor (442)
[2017.06.28-07.19.06:170][135]LogModuleManager: Shutting down and abandoning module HTML5PlatformEditor (440)
[2017.06.28-07.19.06:170][135]LogModuleManager: Shutting down and abandoning module AndroidPlatformEditor (438)
[2017.06.28-07.19.06:170][135]LogModuleManager: Shutting down and abandoning module AndroidDeviceDetection (437)
[2017.06.28-07.19.06:786][135]LogModuleManager: Shutting down and abandoning module IOSRuntimeSettings (434)
[2017.06.28-07.19.06:786][135]LogModuleManager: Shutting down and abandoning module AndroidRuntimeSettings (432)
[2017.06.28-07.19.06:786][135]LogModuleManager: Shutting down and abandoning module InputBindingEditor (430)
[2017.06.28-07.19.06:787][135]LogModuleManager: Shutting down and abandoning module MergeActors (428)
[2017.06.28-07.19.06:787][135]LogModuleManager: Shutting down and abandoning module SizeMap (426)
[2017.06.28-07.19.06:787][135]LogModuleManager: Shutting down and abandoning module TreeMap (424)
[2017.06.28-07.19.06:788][135]LogModuleManager: Shutting down and abandoning module ReferenceViewer (422)
[2017.06.28-07.19.06:788][135]LogModuleManager: Shutting down and abandoning module LocalizationDashboard (420)
[2017.06.28-07.19.06:788][135]LogModuleManager: Shutting down and abandoning module LocalizationService (419)
[2017.06.28-07.19.06:788][135]LogModuleManager: Shutting down and abandoning module HardwareTargeting (416)
[2017.06.28-07.19.06:788][135]LogModuleManager: Shutting down and abandoning module DeviceProfileEditor (414)
[2017.06.28-07.19.06:789][135]LogModuleManager: Shutting down and abandoning module UndoHistory (412)
[2017.06.28-07.19.06:789][135]LogModuleManager: Shutting down and abandoning module UserFeedback (410)
[2017.06.28-07.19.06:789][135]LogModuleManager: Shutting down and abandoning module XmlParser (408)
[2017.06.28-07.19.06:789][135]LogModuleManager: Shutting down and abandoning module Blutility (406)
[2017.06.28-07.19.06:789][135]LogModuleManager: Shutting down and abandoning module ProjectSettingsViewer (404)
[2017.06.28-07.19.06:789][135]LogModuleManager: Shutting down and abandoning module ProjectTargetPlatformEditor (403)
[2017.06.28-07.19.06:789][135]LogModuleManager: Shutting down and abandoning module EditorSettingsViewer (400)
[2017.06.28-07.19.06:789][135]LogModuleManager: Shutting down and abandoning module SettingsEditor (398)
[2017.06.28-07.19.06:789][135]LogModuleManager: Shutting down and abandoning module ProjectLauncher (396)
[2017.06.28-07.19.06:790][135]LogModuleManager: Shutting down and abandoning module SessionFrontend (394)
[2017.06.28-07.19.06:791][135]LogModuleManager: Shutting down and abandoning module ProfilerClient (392)
[2017.06.28-07.19.06:791][135]LogModuleManager: Shutting down and abandoning module DeviceManager (390)
[2017.06.28-07.19.06:792][135]LogModuleManager: Shutting down and abandoning module TargetDeviceServices (389)
[2017.06.28-07.19.06:846][135]LogModuleManager: Shutting down and abandoning module AutomationController (386)
[2017.06.28-07.19.06:846][135]LogModuleManager: Shutting down and abandoning module AutomationWindow (384)
[2017.06.28-07.19.06:847][135]LogModuleManager: Shutting down and abandoning module Layers (382)
[2017.06.28-07.19.06:848][135]LogModuleManager: Shutting down and abandoning module ComponentVisualizers (380)
[2017.06.28-07.19.06:848][135]LogModuleManager: Shutting down and abandoning module DetailCustomizations (378)
[2017.06.28-07.19.06:848][135]LogModuleManager: Shutting down and abandoning module PackagesDialog (376)
[2017.06.28-07.19.06:848][135]LogModuleManager: Shutting down and abandoning module Persona (374)
[2017.06.28-07.19.06:848][135]LogModuleManager: Shutting down and abandoning module AdvancedPreviewScene (373)
[2017.06.28-07.19.06:849][135]LogModuleManager: Shutting down and abandoning module AnimGraph (371)
[2017.06.28-07.19.06:849][135]LogModuleManager: Shutting down and abandoning module Kismet (368)
[2017.06.28-07.19.06:865][135]LogModuleManager: Shutting down and abandoning module ClassViewer (366)
[2017.06.28-07.19.06:866][135]LogModuleManager: Shutting down and abandoning module Toolbox (364)
[2017.06.28-07.19.06:866][135]LogModuleManager: Shutting down and abandoning module ModuleUI (362)
[2017.06.28-07.19.06:868][135]LogModuleManager: Shutting down and abandoning module MovieSceneTools (360)
[2017.06.28-07.19.06:869][135]LogModuleManager: Shutting down and abandoning module OutputLog (358)
[2017.06.28-07.19.06:869][135]LogModuleManager: Shutting down and abandoning module GammaUI (356)
[2017.06.28-07.19.06:869][135]LogModuleManager: Shutting down and abandoning module Documentation (354)
[2017.06.28-07.19.06:869][135]LogModuleManager: Shutting down and abandoning module MovieSceneTracks (352)
[2017.06.28-07.19.06:869][135]LogModuleManager: Shutting down and abandoning module MovieScene (350)
[2017.06.28-07.19.06:869][135]LogModuleManager: Shutting down and abandoning module Niagara (348)
[2017.06.28-07.19.06:869][135]LogModuleManager: Shutting down and abandoning module NiagaraEditor (347)
[2017.06.28-07.19.06:870][135]LogModuleManager: Shutting down and abandoning module StreamingPauseRendering (344)
[2017.06.28-07.19.06:870][135]LogModuleManager: Shutting down and abandoning module AnalyticsET (342)
[2017.06.28-07.19.06:870][135]LogModuleManager: Shutting down and abandoning module PortalServices (340)
[2017.06.28-07.19.06:870][135]LogModuleManager: Shutting down and abandoning module PortalRpc (338)
[2017.06.28-07.19.06:870][135]LogModuleManager: Shutting down and abandoning module MessagingRpc (336)
[2017.06.28-07.19.06:870][135]LogModuleManager: Shutting down and abandoning module AIModule (334)
[2017.06.28-07.19.06:870][135]LogModuleManager: Shutting down and abandoning module GameplayDebugger (333)
[2017.06.28-07.19.06:870][135]LogModuleManager: Shutting down and abandoning module AITestSuite (331)
[2017.06.28-07.19.06:870][135]LogModuleManager: Shutting down and abandoning module ProfilerService (328)
[2017.06.28-07.19.06:994][135]LogModuleManager: Shutting down and abandoning module TaskGraph (326)
[2017.06.28-07.19.06:995][135]LogModuleManager: Shutting down and abandoning module SteamVRController (324)
[2017.06.28-07.19.06:995][135]LogModuleManager: Shutting down and abandoning module SteamVR (322)
[2017.06.28-07.19.06:995][135]LogModuleManager: Shutting down and abandoning module ProceduralMeshComponentEditor (320)
[2017.06.28-07.19.06:995][135]LogModuleManager: Shutting down and abandoning module ProceduralMeshComponent (318)
[2017.06.28-07.19.06:995][135]LogModuleManager: Shutting down and abandoning module OculusLibrary (316)
[2017.06.28-07.19.06:996][135]LogModuleManager: Shutting down and abandoning module OculusInput (314)
[2017.06.28-07.19.06:996][135]LogModuleManager: Shutting down and abandoning module MobilePatchingUtils (312)
[2017.06.28-07.19.06:996][135]LogModuleManager: Shutting down and abandoning module CustomMeshComponent (310)
[2017.06.28-07.19.06:996][135]LogModuleManager: Shutting down and abandoning module CableComponent (308)
[2017.06.28-07.19.06:996][135]LogModuleManager: Shutting down and abandoning module ArchVisCharacter (306)
[2017.06.28-07.19.06:996][135]LogModuleManager: Shutting down and abandoning module AndroidPermission (304)
[2017.06.28-07.19.06:996][135]LogModuleManager: Shutting down and abandoning module MediaPlayerEditor (300)
[2017.06.28-07.19.06:996][135]LogModuleManager: Shutting down and abandoning module HTML5Networking (298)
[2017.06.28-07.19.06:996][135]LogModuleManager: Shutting down and abandoning module AlembicImporter (296)
[2017.06.28-07.19.06:996][135]LogModuleManager: Shutting down and abandoning module AlembicLibrary (295)
[2017.06.28-07.19.06:996][135]LogModuleManager: Shutting down and abandoning module GeometryCache (294)
[2017.06.28-07.19.06:996][135]LogModuleManager: Shutting down and abandoning module GeometryCacheEd (293)
[2017.06.28-07.19.06:996][135]LogModuleManager: Shutting down and abandoning module SuperSearchEditor (288)
[2017.06.28-07.19.06:996][135]LogModuleManager: Shutting down and abandoning module SuperSearch (287)
[2017.06.28-07.19.06:996][135]LogModuleManager: Shutting down and abandoning module SpeedTreeImporter (284)
[2017.06.28-07.19.06:996][135]LogModuleManager: Shutting down and abandoning module PluginBrowser (282)
[2017.06.28-07.19.06:997][135]LogModuleManager: Shutting down and abandoning module MobileLauncherProfileWizard (280)
[2017.06.28-07.19.06:997][135]LogModuleManager: Shutting down and abandoning module VisualStudioSourceCodeAccess (278)
[2017.06.28-07.19.06:997][135]LogModuleManager: Shutting down and abandoning module DesktopPlatform (277)
[2017.06.28-07.19.06:997][135]LogModuleManager: Shutting down and abandoning module UObjectPlugin (274)
[2017.06.28-07.19.06:997][135]LogModuleManager: Shutting down and abandoning module SubversionSourceControl (272)
[2017.06.28-07.19.06:997][135]LogModuleManager: Shutting down and abandoning module PerforceSourceControl (270)
[2017.06.28-07.19.06:997][135]LogModuleManager: Shutting down and abandoning module GitSourceControl (268)
[2017.06.28-07.19.06:997][135]LogModuleManager: Shutting down and abandoning module SourceControl (267)
[2017.06.28-07.19.06:997][135]LogModuleManager: Shutting down and abandoning module LightPropagationVolumeEditor (264)
[2017.06.28-07.19.06:997][135]LogModuleManager: Shutting down and abandoning module PaperTiledImporter (262)
[2017.06.28-07.19.06:997][135]LogModuleManager: Shutting down and abandoning module PaperSpriteSheetImporter (260)
[2017.06.28-07.19.06:997][135]LogModuleManager: Shutting down and abandoning module Paper2DEditor (258)
[2017.06.28-07.19.06:997][135]LogModuleManager: Shutting down and abandoning module MeshPaint (257)
[2017.06.28-07.19.06:997][135]LogModuleManager: Shutting down and abandoning module LevelEditor (255)
[2017.06.28-07.19.06:998][135]LogModuleManager: Shutting down and abandoning module PixelInspectorModule (254)
[2017.06.28-07.19.06:998][135]LogModuleManager: Shutting down and abandoning module MainFrame (252)
[2017.06.28-07.19.06:998][135]LogModuleManager: Shutting down and abandoning module HotReload (251)
[2017.06.28-07.19.06:999][135]LogModuleManager: Shutting down and abandoning module PhysXVehiclesEditor (246)
[2017.06.28-07.19.06:999][135]LogModuleManager: Shutting down and abandoning module PhysXVehicles (244)
[2017.06.28-07.19.06:999][135]LogModuleManager: Shutting down and abandoning module LocationServicesBPLibrary (242)
[2017.06.28-07.19.06:999][135]LogModuleManager: Shutting down and abandoning module ImmediatePhysicsEditor (240)
[2017.06.28-07.19.06:999][135]LogModuleManager: Shutting down and abandoning module ImmediatePhysics (238)
[2017.06.28-07.19.06:999][135]LogModuleManager: Shutting down and abandoning module UdpMessaging (236)
[2017.06.28-07.19.07:100][135]LogModuleManager: Shutting down and abandoning module TcpMessaging (234)
[2017.06.28-07.19.07:201][135]LogModuleManager: Shutting down and abandoning module GameplayTagsEditor (232)
[2017.06.28-07.19.07:201][135]LogModuleManager: Shutting down and abandoning module FacialAnimationEditor (230)
[2017.06.28-07.19.07:201][135]LogModuleManager: Shutting down and abandoning module FacialAnimation (228)
[2017.06.28-07.19.07:201][135]LogModuleManager: Shutting down and abandoning module AssetManagerEditor (226)
[2017.06.28-07.19.07:201][135]LogModuleManager: Shutting down and abandoning module GraphEditor (225)
[2017.06.28-07.19.07:201][135]LogModuleManager: Shutting down and abandoning module ContentBrowser (223)
[2017.06.28-07.19.07:202][135]LogModuleManager: Shutting down and abandoning module LightPropagationVolumeRuntime (220)
[2017.06.28-07.19.07:203][135]LogModuleManager: Shutting down and abandoning module Paper2D (218)
[2017.06.28-07.19.07:203][135]LogModuleManager: Shutting down and abandoning module WindowsMoviePlayer (216)
[2017.06.28-07.19.07:203][135]LogModuleManager: Shutting down and abandoning module WmfMedia (214)
[2017.06.28-07.19.07:203][135]LogModuleManager: Shutting down and abandoning module ClothingSystemEditor (212)
[2017.06.28-07.19.07:203][135]LogModuleManager: Shutting down and abandoning module ClothingSystemRuntime (210)
[2017.06.28-07.19.07:204][135]LogModuleManager: Shutting down and abandoning module MediaAssets (208)
[2017.06.28-07.19.07:204][135]LogModuleManager: Shutting down and abandoning module GameLiveStreaming (206)
[2017.06.28-07.19.07:204][135]LogModuleManager: Shutting down and abandoning module VREditor (204)
[2017.06.28-07.19.07:204][135]LogModuleManager: Shutting down and abandoning module StringTableEditor (202)
[2017.06.28-07.19.07:204][135]LogModuleManager: Shutting down and abandoning module GameplayTasksEditor (200)
[2017.06.28-07.19.07:204][135]LogModuleManager: Shutting down and abandoning module BehaviorTreeEditor (198)
[2017.06.28-07.19.07:205][135]LogModuleManager: Shutting down and abandoning module FunctionalTesting (196)
[2017.06.28-07.19.07:205][135]LogModuleManager: Shutting down and abandoning module CollisionAnalyzer (194)
[2017.06.28-07.19.07:205][135]LogModuleManager: Shutting down and abandoning module UMG (192)
[2017.06.28-07.19.07:205][135]LogModuleManager: Shutting down and abandoning module UMGEditor (191)
[2017.06.28-07.19.07:205][135]LogModuleManager: Shutting down and abandoning module Sequencer (190)
[2017.06.28-07.19.07:206][135]LogModuleManager: Shutting down and abandoning module AssetTools (188)
[2017.06.28-07.19.07:206][135]LogModuleManager: Shutting down and abandoning module MessageLog (187)
[2017.06.28-07.19.07:206][135]LogModuleManager: Shutting down and abandoning module WorkspaceMenuStructure (186)
[2017.06.28-07.19.07:206][135]LogModuleManager: Shutting down and abandoning module SlateReflector (180)
[2017.06.28-07.19.07:207][135]LogModuleManager: Shutting down and abandoning module Slate (178)
[2017.06.28-07.19.07:207][135]LogModuleManager: Shutting down and abandoning module EditorStyle (176)
[2017.06.28-07.19.07:210][135]LogModuleManager: Shutting down and abandoning module SourceCodeAccess (174)
[2017.06.28-07.19.07:210][135]LogModuleManager: Shutting down and abandoning module HeadMountedDisplay (172)
[2017.06.28-07.19.07:210][135]LogModuleManager: Shutting down and abandoning module XAudio2 (170)
[2017.06.28-07.19.07:210][135]LogModuleManager: Shutting down and abandoning module Networking (168)
[2017.06.28-07.19.07:210][135]LogModuleManager: Shutting down and abandoning module Core (164)
[2017.06.28-07.19.07:210][135]LogModuleManager: Shutting down and abandoning module AssetRegistry (162)
[2017.06.28-07.19.07:376][135]LogDirectoryWatcher: A directory notification for '../../../Engine/Content/' was aborted.
[2017.06.28-07.19.07:377][135]LogDirectoryWatcher: A directory notification for '../../../../../../Unreal/FOTWO/source/FOTWO02/Content/' was aborted.
[2017.06.28-07.19.07:377][135]LogDirectoryWatcher: A directory notification for '../../../Engine/Plugins/2D/Paper2D/Content/' was aborted.
[2017.06.28-07.19.07:377][135]LogDirectoryWatcher: A directory notification for '../../../Engine/Plugins/Runtime/GearVR/Content/' was aborted.
[2017.06.28-07.19.07:379][135]LogModuleManager: Shutting down and abandoning module DirectoryWatcher (161)
[2017.06.28-07.19.07:380][135]LogModuleManager: Shutting down and abandoning module KismetCompiler (158)
[2017.06.28-07.19.07:380][135]LogModuleManager: Shutting down and abandoning module LevelSequence (156)
[2017.06.28-07.19.07:380][135]LogModuleManager: Shutting down and abandoning module PhysXFormats (154)
[2017.06.28-07.19.07:380][135]LogModuleManager: Shutting down and abandoning module MeshUtilities (152)
[2017.06.28-07.19.07:380][135]LogModuleManager: Shutting down and abandoning module SimplygonSwarm (151)
[2017.06.28-07.19.07:380][135]LogModuleManager: Shutting down and abandoning module SimplygonMeshReduction (149)
[2017.06.28-07.19.07:380][135]LogModuleManager: Shutting down and abandoning module QuadricMeshReduction (147)
[2017.06.28-07.19.07:380][135]LogModuleManager: Shutting down and abandoning module DerivedDataCache (144)
[2017.06.28-07.19.07:454][135]LogDerivedDataCache: Shutdown
[2017.06.28-07.19.07:454][135]LogModuleManager: Shutting down and abandoning module TargetPlatform (142)
[2017.06.28-07.19.07:454][135]LogModuleManager: Shutting down and abandoning module VulkanShaderFormat (141)
[2017.06.28-07.19.07:454][135]LogModuleManager: Shutting down and abandoning module ShaderFormatVectorVM (139)
[2017.06.28-07.19.07:455][135]LogModuleManager: Shutting down and abandoning module ShaderFormatOpenGL (137)
[2017.06.28-07.19.07:456][135]LogModuleManager: Shutting down and abandoning module ShaderFormatD3D (135)
[2017.06.28-07.19.07:456][135]LogModuleManager: Shutting down and abandoning module MetalShaderFormat (133)
[2017.06.28-07.19.07:457][135]LogModuleManager: Shutting down and abandoning module TextureFormatUncompressed (131)
[2017.06.28-07.19.07:457][135]LogModuleManager: Shutting down and abandoning module TextureFormatPVR (129)
[2017.06.28-07.19.07:457][135]LogModuleManager: Shutting down and abandoning module TextureFormatDXT (127)
[2017.06.28-07.19.07:457][135]LogModuleManager: Shutting down and abandoning module TextureFormatIntelISPCTexComp (125)
[2017.06.28-07.19.07:457][135]LogModuleManager: Shutting down and abandoning module TextureFormatASTC (123)
[2017.06.28-07.19.07:457][135]LogModuleManager: Shutting down and abandoning module ImageWrapper (122)
[2017.06.28-07.19.07:457][135]LogModuleManager: Shutting down and abandoning module TextureFormatAndroid (119)
[2017.06.28-07.19.07:457][135]LogModuleManager: Shutting down and abandoning module AudioFormatOpus (117)
[2017.06.28-07.19.07:457][135]LogModuleManager: Shutting down and abandoning module AudioFormatOgg (115)
[2017.06.28-07.19.07:457][135]LogModuleManager: Shutting down and abandoning module AudioFormatADPCM (113)
[2017.06.28-07.19.07:457][135]LogModuleManager: Shutting down and abandoning module LinuxTargetPlatform (111)
[2017.06.28-07.19.07:457][135]LogModuleManager: Shutting down and abandoning module LinuxServerTargetPlatform (109)
[2017.06.28-07.19.07:457][135]LogModuleManager: Shutting down and abandoning module LinuxNoEditorTargetPlatform (107)
[2017.06.28-07.19.07:457][135]LogModuleManager: Shutting down and abandoning module LinuxClientTargetPlatform (105)
[2017.06.28-07.19.07:458][135]LogModuleManager: Shutting down and abandoning module TVOSTargetPlatform (103)
[2017.06.28-07.19.07:458][135]LogModuleManager: Shutting down and abandoning module Messaging (101)
[2017.06.28-07.19.07:458][135]LogModuleManager: Shutting down and abandoning module IOSTargetPlatform (99)
[2017.06.28-07.19.07:458][135]LogModuleManager: Shutting down and abandoning module HTML5TargetPlatform (97)
[2017.06.28-07.19.07:458][135]LogModuleManager: Shutting down and abandoning module Android_PVRTCTargetPlatform (95)
[2017.06.28-07.19.07:458][135]LogModuleManager: Shutting down and abandoning module Android_MultiTargetPlatform (93)
[2017.06.28-07.19.07:458][135]LogModuleManager: Shutting down and abandoning module Android_ETC2TargetPlatform (91)
[2017.06.28-07.19.07:458][135]LogModuleManager: Shutting down and abandoning module Android_ETC1TargetPlatform (89)
[2017.06.28-07.19.07:458][135]LogModuleManager: Shutting down and abandoning module Android_DXTTargetPlatform (87)
[2017.06.28-07.19.07:458][135]LogModuleManager: Shutting down and abandoning module Android_ATCTargetPlatform (85)
[2017.06.28-07.19.07:458][135]LogModuleManager: Shutting down and abandoning module Android_ASTCTargetPlatform (83)
[2017.06.28-07.19.07:458][135]LogModuleManager: Shutting down and abandoning module AndroidTargetPlatform (81)
[2017.06.28-07.19.07:458][135]LogModuleManager: Shutting down and abandoning module WindowsTargetPlatform (79)
[2017.06.28-07.19.07:458][135]LogModuleManager: Shutting down and abandoning module WindowsServerTargetPlatform (77)
[2017.06.28-07.19.07:458][135]LogModuleManager: Shutting down and abandoning module WindowsNoEditorTargetPlatform (75)
[2017.06.28-07.19.07:458][135]LogModuleManager: Shutting down and abandoning module WindowsClientTargetPlatform (73)
[2017.06.28-07.19.07:458][135]LogModuleManager: Shutting down and abandoning module MacTargetPlatform (71)
[2017.06.28-07.19.07:458][135]LogModuleManager: Shutting down and abandoning module MacServerTargetPlatform (69)
[2017.06.28-07.19.07:458][135]LogModuleManager: Shutting down and abandoning module MacNoEditorTargetPlatform (67)
[2017.06.28-07.19.07:458][135]LogModuleManager: Shutting down and abandoning module MacClientTargetPlatform (65)
[2017.06.28-07.19.07:458][135]LogModuleManager: Shutting down and abandoning module AllDesktopTargetPlatform (63)
[2017.06.28-07.19.07:458][135]LogModuleManager: Shutting down and abandoning module InputCore (60)
[2017.06.28-07.19.07:458][135]LogModuleManager: Shutting down and abandoning module Settings (58)
[2017.06.28-07.19.07:458][135]LogModuleManager: Shutting down and abandoning module OculusRift (56)
[2017.06.28-07.19.07:458][135]LogModuleManager: Shutting down and abandoning module GearVRController (54)
[2017.06.28-07.19.07:459][135]LogModuleManager: Shutting down and abandoning module GearVR (52)
[2017.06.28-07.19.07:459][135]LogModuleManager: Shutting down and abandoning module ExampleDeviceProfileSelector (50)
[2017.06.28-07.19.07:459][135]LogModuleManager: Shutting down and abandoning module OnlineBlueprintSupport (48)
[2017.06.28-07.19.07:459][135]LogModuleManager: Shutting down and abandoning module OnlineSubsystem (44)
[2017.06.28-07.19.07:459][135]LogOnline:Display: Unloading online subsystem: NULL
[2017.06.28-07.19.07:459][135]LogModuleManager: Shutting down and abandoning module XMPP (43)
[2017.06.28-07.19.07:460][135]LogModuleManager: Shutting down and abandoning module HTTP (41)
[2017.06.28-07.19.07:460][135]LogHttp:Display: Http module shutting down, but needs to wait on 1 outstanding Http requests:
[2017.06.28-07.19.07:460][135]LogHttp:Display: 	verb=[POST] url=[https://datarouter.ol.epicgames.com/datarouter/api/v1/public/data?SessionID=%7BBCBCBFDA-4F83-A946-E9A8-4BBD6C6275DE%7D&AppID=UEEditor.Rocket.Release&AppVersion=4.16.1-3466753%2B%2B%2BUE4%2BRelease-4.16&UserID=f07af55e4db0c636e0c073a1312074d9%7Caa7a108f70184e1b92fdd786c25cd9b8%7Caeab9882-b6f4-4a22-991a-718da4fba234&AppEnvironment=datacollector-binary&UploadType=eteventstream] status=Processing
[2017.06.28-07.19.07:469][135]LogModuleManager: Shutting down and abandoning module SSL (40)
[2017.06.28-07.19.07:472][135]LogModuleManager: Shutting down and abandoning module HTTPChunkInstaller (36)
[2017.06.28-07.19.07:473][135]LogModuleManager: Shutting down and abandoning module AnimationModifiers (34)
[2017.06.28-07.19.07:473][135]LogModuleManager: Shutting down and abandoning module PropertyEditor (33)
[2017.06.28-07.19.07:473][135]LogModuleManager: Shutting down and abandoning module AudioEditor (30)
[2017.06.28-07.19.07:473][135]LogModuleManager: Shutting down and abandoning module TextureCompressor (28)
[2017.06.28-07.19.07:474][135]LogModuleManager: Shutting down and abandoning module ShaderCore (26)
[2017.06.28-07.19.07:474][135]LogModuleManager: Shutting down and abandoning module Landscape (24)
[2017.06.28-07.19.07:474][135]LogModuleManager: Shutting down and abandoning module SlateRHIRenderer (22)
[2017.06.28-07.19.07:477][135]LogModuleManager: Shutting down and abandoning module OpenGLDrv (20)
[2017.06.28-07.19.07:478][135]LogModuleManager: Shutting down and abandoning module D3D11RHI (18)
[2017.06.28-07.19.07:478][135]LogModuleManager: Shutting down and abandoning module AnimGraphRuntime (16)
[2017.06.28-07.19.07:478][135]LogModuleManager: Shutting down and abandoning module Renderer (14)
[2017.06.28-07.19.07:478][135]LogModuleManager: Shutting down and abandoning module Engine (12)
[2017.06.28-07.19.07:478][135]LogModuleManager: Shutting down and abandoning module CoreUObject (10)
[2017.06.28-07.19.07:478][135]LogModuleManager: Shutting down and abandoning module NetworkFile (8)
[2017.06.28-07.19.07:478][135]LogModuleManager: Shutting down and abandoning module StreamingFile (6)
[2017.06.28-07.19.07:478][135]LogModuleManager: Shutting down and abandoning module SandboxFile (4)
[2017.06.28-07.19.07:479][135]LogModuleManager: Shutting down and abandoning module PakFile (2)
[2017.06.28-07.19.07:483][135]LogExit: Exiting.
[2017.06.28-07.19.07:502][135]Log file closed, 06/28/17 09:19:07
