Log file open, 08/25/17 16:17:44
LogInit:Display: Running engine for game: FOTWO02
LogPlatformFile: Not using cached read wrapper
LogInit:Display: RandInit(-1416643069) SRandInit(-1416643069).
LogTaskGraph: Started task graph with 5 named threads and 8 total threads with 1 sets of task threads.
LogStats: Stats thread started at 0.087170
LogInit: Using libcurl 7.47.1
LogInit:  - built for x86_64-pc-win32
LogInit:  - supports SSL with OpenSSL/1.0.2g
LogInit:  - supports HTTP deflate (compression) using libz 1.2.8
LogInit:  - other features:
LogInit:      CURL_VERSION_SSL
LogInit:      CURL_VERSION_LIBZ
LogInit:      CURL_VERSION_IPV6
LogInit:      CURL_VERSION_ASYNCHDNS
LogInit:      CURL_VERSION_LARGEFILE
LogInit:      CURL_VERSION_IDN
LogInit:  CurlRequestOptions (configurable via config and command line):
LogInit:  - bVerifyPeer = false  - Libcurl will NOT verify peer certificate
LogInit:  - bUseHttpProxy = false  - Libcurl will NOT use HTTP proxy
LogInit:  - bDontReuseConnections = false  - Libcurl will reuse connections
LogInit:  - CertBundlePath = nullptr  - Libcurl will use whatever was configured at build time.
LogInit: Build: ++UE4+Release-4.16-CL-3561208
LogInit: Engine Version: 4.16.3-3561208+++UE4+Release-4.16
LogInit: Compatible Engine Version: 4.16.0-3452394+++UE4+Release-4.16
LogInit: Net CL: 3452394
LogDevObjectVersion: Number of dev versions registered: 16
LogDevObjectVersion:   Dev-Blueprints (B0D832E4-1F89-4F0D-ACCF-7EB736FD4AA2): 9
LogDevObjectVersion:   Dev-Build (E1C64328-A22C-4D53-A36C-8E866417BD8C): 0
LogDevObjectVersion:   Dev-Core (375EC13C-06E4-48FB-B500-84F0262A717E): 2
LogDevObjectVersion:   Dev-Editor (E4B068ED-F494-42E9-A231-DA0B2E46BB41): 17
LogDevObjectVersion:   Dev-Framework (CFFC743F-43B0-4480-9391-14DF171D2073): 23
LogDevObjectVersion:   Dev-Mobile (B02B49B5-BB20-44E9-A304-32B752E40360): 0
LogDevObjectVersion:   Dev-Networking (A4E4105C-59A1-49B5-A7C5-40C4547EDFEE): 0
LogDevObjectVersion:   Dev-Online (39C831C9-5AE6-47DC-9A44-9C173E1C8E7C): 0
LogDevObjectVersion:   Dev-Physics (78F01B33-EBEA-4F98-B9B4-84EACCB95AA2): 0
LogDevObjectVersion:   Dev-Platform (6631380F-2D4D-43E0-8009-CF276956A95A): 0
LogDevObjectVersion:   Dev-Rendering (12F88B9F-8875-4AFC-A67C-D90C383ABD29): 15
LogDevObjectVersion:   Dev-Sequencer (7B5AE74C-D270-4C10-A958-57980B212A5A): 4
LogDevObjectVersion:   Dev-VR (D7296918-1DD6-4BDD-9DE2-64A83CC13884): 0
LogDevObjectVersion:   Dev-LoadTimes (C2A15278-BFE7-4AFE-6C17-90FF531DF755): 1
LogDevObjectVersion:   Private-Geometry (6EACA3D4-40EC-4CC1-B786-8BED09428FC5): 1
LogDevObjectVersion:   Dev-AnimPhys (29E575DD-E0A3-4627-9D10-D276232CDCEA): 3
LogInit: Compiled (64-bit): Jul 28 2017 11:49:47
LogInit: Compiled with Visual C++: 19.00.24215.01
LogInit: Build Configuration: Development
LogInit: Branch Name: ++UE4+Release-4.16
LogInit: Command line:  
LogInit: Base directory: C:/Program Files/Epic Games/UE_4.16/Engine/Binaries/Win64/
LogInit: Installed Engine Build: 1
LogInit: Presizing for max 8388607 objects, including 0 objects not considered by GC, pre-allocating 0 bytes for permanent pool.
LogInit: Object subsystem initialized
[2017.08.25-14.17.44:866][  0]LogInit: Selected Device Profile: [Windows]
[2017.08.25-14.17.44:866][  0]LogInit: Applying CVar settings loaded from the selected device profile: [Windows]
[2017.08.25-14.17.44:891][  0]LogInit: Computer: KLAUDE2017ALIEN
[2017.08.25-14.17.44:891][  0]LogInit: User: vonkl
[2017.08.25-14.17.44:891][  0]LogInit: CPU Page size=4096, Cores=4
[2017.08.25-14.17.44:891][  0]LogInit: High frequency timer resolution =2.742188 MHz
[2017.08.25-14.17.44:891][  0]LogMemory: Memory total: Physical=15.9GB (16GB approx)
[2017.08.25-14.17.44:891][  0]LogMemory: Platform Memory Stats for Windows
[2017.08.25-14.17.44:891][  0]LogMemory: Process Physical Memory: 273.13 MB used, 273.13 MB peak
[2017.08.25-14.17.44:891][  0]LogMemory: Process Virtual Memory: 260.91 MB used, 260.91 MB peak
[2017.08.25-14.17.44:891][  0]LogMemory: Physical Memory: 5474.69 MB used,  10782.29 MB free, 16256.98 MB total
[2017.08.25-14.17.44:891][  0]LogMemory: Virtual Memory: 638.49 MB used,  10782.29 MB free, 134217728.00 MB total
[2017.08.25-14.17.44:958][  0]LogInit: Using OS detected language (en-GB).
[2017.08.25-14.17.44:958][  0]LogInit: Using OS detected locale (en-GB).
[2017.08.25-14.17.44:961][  0]LogTextLocalizationManager: No specific localization for 'en-GB' exists, so the 'en' localization will be used.
[2017.08.25-14.17.45:843][  0]LogD3D11RHI: D3D11 adapters:
[2017.08.25-14.17.46:430][  0]LogD3D11RHI:    0. 'NVIDIA GeForce GTX 1060' (Feature Level 11_0)
[2017.08.25-14.17.46:430][  0]LogD3D11RHI:       6084/0/8128 MB DedicatedVideo/DedicatedSystem/SharedSystem, Outputs:2, VendorId:0x10de
[2017.08.25-14.17.46:453][  0]LogD3D11RHI:    1. 'Intel(R) HD Graphics 630' (Feature Level 11_0)
[2017.08.25-14.17.46:453][  0]LogD3D11RHI:       128/0/8128 MB DedicatedVideo/DedicatedSystem/SharedSystem, Outputs:0, VendorId:0x8086
[2017.08.25-14.17.46:455][  0]LogD3D11RHI:    2. 'Microsoft Basic Render Driver' (Feature Level 11_0)
[2017.08.25-14.17.46:455][  0]LogD3D11RHI:       0/0/8128 MB DedicatedVideo/DedicatedSystem/SharedSystem, Outputs:0, VendorId:0x1414
[2017.08.25-14.17.46:455][  0]LogD3D11RHI: Chosen D3D11 Adapter: 0
[2017.08.25-14.17.46:467][  0]LogD3D11RHI: Creating new Direct3DDevice
[2017.08.25-14.17.46:467][  0]LogD3D11RHI:     GPU DeviceId: 0x1c60 (for the marketing name, search the web for "GPU Device Id")
[2017.08.25-14.17.46:467][  0]LogWindows: EnumDisplayDevices:
[2017.08.25-14.17.46:467][  0]LogWindows:    0. 'NVIDIA GeForce GTX 1060' (P:0 D:1)
[2017.08.25-14.17.46:467][  0]LogWindows:    1. 'NVIDIA GeForce GTX 1060' (P:1 D:1)
[2017.08.25-14.17.46:468][  0]LogWindows:    2. 'NVIDIA GeForce GTX 1060' (P:0 D:0)
[2017.08.25-14.17.46:468][  0]LogWindows:    3. 'NVIDIA GeForce GTX 1060' (P:0 D:0)
[2017.08.25-14.17.46:468][  0]LogWindows:    4. 'Intel(R) HD Graphics 630' (P:0 D:0)
[2017.08.25-14.17.46:469][  0]LogWindows:    5. 'Intel(R) HD Graphics 630' (P:0 D:0)
[2017.08.25-14.17.46:469][  0]LogWindows:    6. 'Intel(R) HD Graphics 630' (P:0 D:0)
[2017.08.25-14.17.46:470][  0]LogWindows: DebugString: PrimaryIsNotTheChoosenAdapter PrimaryIsNotTheChoosenAdapter PrimaryIsNotTheChoosenAdapter FoundDriverCount:4 
[2017.08.25-14.17.46:470][  0]LogD3D11RHI:     Adapter Name: NVIDIA GeForce GTX 1060
[2017.08.25-14.17.46:470][  0]LogD3D11RHI:   Driver Version: 382.53 (internal:22.21.13.8253, unified:382.53)
[2017.08.25-14.17.46:470][  0]LogD3D11RHI:      Driver Date: 6-7-2017
[2017.08.25-14.17.46:470][  0]LogRHI: Texture pool is 1361 MB (70% of 1945 MB)
[2017.08.25-14.17.47:057][  0]LogD3D11RHI: Async texture creation enabled
[2017.08.25-14.17.47:091][  0]LogD3D11RHI: GPU Timing Frequency: 1000.000000 (Debug: 2 1)
[2017.08.25-14.17.47:186][  0]LogShaderCompilers: Guid format shader working directory is 0 characters bigger than the processId version (../../../../../../Unreal/FOTWO/source/FOTWO02/Intermediate/Shaders/WorkingDirectory/15144/).
[2017.08.25-14.17.47:186][  0]LogShaderCompilers: Cleaned the shader compiler working directory 'C:/Users/vonkl/AppData/Local/Temp/UnrealShaderWorkingDir/4EBD3C6D4416FC2317A456B7779399D1/'.
[2017.08.25-14.17.47:186][  0]LogShaderCompilers:Display: Using Local Shader Compiler.
[2017.08.25-14.17.48:262][  0]LogTemp:Display: Loaded TP AllDesktopTargetPlatform
[2017.08.25-14.17.48:312][  0]LogTemp:Display: Loaded TP MacClientTargetPlatform
[2017.08.25-14.17.48:361][  0]LogTemp:Display: Loaded TP MacNoEditorTargetPlatform
[2017.08.25-14.17.48:413][  0]LogTemp:Display: Loaded TP MacServerTargetPlatform
[2017.08.25-14.17.48:465][  0]LogTemp:Display: Loaded TP MacTargetPlatform
[2017.08.25-14.17.48:520][  0]LogTemp:Display: Loaded TP WindowsClientTargetPlatform
[2017.08.25-14.17.48:572][  0]LogTemp:Display: Loaded TP WindowsNoEditorTargetPlatform
[2017.08.25-14.17.48:622][  0]LogTemp:Display: Loaded TP WindowsServerTargetPlatform
[2017.08.25-14.17.48:668][  0]LogTemp:Display: Loaded TP WindowsTargetPlatform
[2017.08.25-14.17.48:717][  0]LogTemp:Display: Loaded TP AndroidTargetPlatform
[2017.08.25-14.17.48:765][  0]LogTemp:Display: Loaded TP Android_ASTCTargetPlatform
[2017.08.25-14.17.48:812][  0]LogTemp:Display: Loaded TP Android_ATCTargetPlatform
[2017.08.25-14.17.48:862][  0]LogTemp:Display: Loaded TP Android_DXTTargetPlatform
[2017.08.25-14.17.48:929][  0]LogTemp:Display: Loaded TP Android_ETC1TargetPlatform
[2017.08.25-14.17.49:000][  0]LogTemp:Display: Loaded TP Android_ETC2TargetPlatform
[2017.08.25-14.17.49:101][  0]LogTemp:Display: Loaded TP Android_MultiTargetPlatform
[2017.08.25-14.17.49:101][  0]LogTemp:Display: Loaded TP Android_PVRTCTargetPlatform
[2017.08.25-14.17.49:140][  0]LogTemp:Display: Loaded TP HTML5TargetPlatform
[2017.08.25-14.17.49:228][  0]LogTemp:Display: Loaded TP IOSTargetPlatform
[2017.08.25-14.17.49:278][  0]LogTemp:Display: Loaded TP TVOSTargetPlatform
[2017.08.25-14.17.49:329][  0]LogTemp:Display: Loaded TP LinuxClientTargetPlatform
[2017.08.25-14.17.49:376][  0]LogTemp:Display: Loaded TP LinuxNoEditorTargetPlatform
[2017.08.25-14.17.49:421][  0]LogTemp:Display: Loaded TP LinuxServerTargetPlatform
[2017.08.25-14.17.49:469][  0]LogTemp:Display: Loaded TP LinuxTargetPlatform
[2017.08.25-14.17.49:469][  0]LogTargetPlatformManager:Display: Building Assets For Windows
[2017.08.25-14.17.50:004][  0]LogDerivedDataCache:Display: Max Cache Size: 512 MB
[2017.08.25-14.17.50:092][  0]LogDerivedDataCache: Loaded boot cache 0.09s 90MB C:/Users/vonkl/AppData/Local/UnrealEngine/4.16/DerivedDataCache/Boot.ddc.
[2017.08.25-14.17.50:092][  0]LogDerivedDataCache:Display: Loaded Boot cache: C:/Users/vonkl/AppData/Local/UnrealEngine/4.16/DerivedDataCache/Boot.ddc
[2017.08.25-14.17.50:092][  0]LogDerivedDataCache: FDerivedDataBackendGraph:  Pak pak cache file ../../../../../../Unreal/FOTWO/source/FOTWO02/DerivedDataCache/DDC.ddp not found, will not use a pak cache.
[2017.08.25-14.17.50:092][  0]LogDerivedDataCache: Unable to find inner node Pak for hierarchical cache Hierarchy.
[2017.08.25-14.17.50:092][  0]LogDerivedDataCache: FDerivedDataBackendGraph:  CompressedPak pak cache file ../../../../../../Unreal/FOTWO/source/FOTWO02/DerivedDataCache/Compressed.ddp not found, will not use a pak cache.
[2017.08.25-14.17.50:092][  0]LogDerivedDataCache: Unable to find inner node CompressedPak for hierarchical cache Hierarchy.
[2017.08.25-14.17.50:107][  0]LogDerivedDataCache:Display: Pak cache opened for reading ../../../Engine/DerivedDataCache/Compressed.ddp.
[2017.08.25-14.17.50:119][  0]LogDerivedDataCache: Using Local data cache path C:/Users/vonkl/AppData/Local/UnrealEngine/Common/DerivedDataCache: Writable
[2017.08.25-14.17.50:130][  0]LogMaterial: Verifying Global Shaders for PCD3D_SM5
[2017.08.25-14.17.50:130][  0]LogSlate: Using Freetype 2.6.0
[2017.08.25-14.17.50:131][  0]LogSlate: SlateFontCache - WITH_FREETYPE: 1, WITH_HARFBUZZ: 1
[2017.08.25-14.17.50:131][  0]LogSlate: SlateFontCache - WITH_FREETYPE: 1, WITH_HARFBUZZ: 1
[2017.08.25-14.17.50:416][  0]LogInit: Selected Device Profile: [Windows]
[2017.08.25-14.17.50:482][  0]LogContentStreaming: Texture pool size is 0.00 MB
[2017.08.25-14.17.50:633][  0]LogMeshUtilities: Using QuadricMeshReduction for automatic static mesh reduction
[2017.08.25-14.17.50:675][  0]LogSimplygon: Simplygon DLL not present - disabling.
[2017.08.25-14.17.50:721][  0]LogMeshUtilities: Using SimplygonSwarm for distributed automatic mesh merging
[2017.08.25-14.17.50:721][  0]LogMeshUtilities: No automatic skeletal mesh reduction module available
[2017.08.25-14.17.50:721][  0]LogMeshUtilities: No automatic mesh merging module available
[2017.08.25-14.17.51:241][  0]LogNetVersion: FOTWO02 , NetCL: 3452394, EngineNetVer: 2, GameNetVer: 0 (Checksum: 2990255715)
[2017.08.25-14.17.51:301][  0]LogAssetRegistry: FAssetRegistry took 0.0249 seconds to start up
[2017.08.25-14.17.51:357][  0]LogPackageLocalizationCache: Processed 4 localized package path(s) for 2 prioritized culture(s) in 0.033167 seconds
[2017.08.25-14.17.51:362][  0]LogUObjectArray: 34194 objects as part of root set at end of initial load.
[2017.08.25-14.17.51:362][  0]LogUObjectAllocator: 7260416 out of 0 bytes used by permanent object pool.
[2017.08.25-14.17.51:362][  0]LogUObjectArray: CloseDisregardForGC: 0/0 objects in disregard for GC pool
[2017.08.25-14.17.51:426][  0]LogInit: WinSock: version 1.1 (2.2), MaxSocks=32767, MaxUdp=65467
[2017.08.25-14.17.53:861][  0]LogTcpMessaging: Initializing TcpMessaging bridge
[2017.08.25-14.17.53:904][  0]LogUdpMessaging: Initializing bridge on interface 0.0.0.0:0 to multicast group 230.0.0.1:6666.
[2017.08.25-14.17.54:440][  0]LogMaterial: Uniform references updated for custom material expression Custom.
[2017.08.25-14.17.54:856][  0]SourceControl: Info Source control is disabled
[2017.08.25-14.17.54:886][  0]SourceControl: Info Source control is disabled
[2017.08.25-14.17.54:935][  0]SourceControl: Info Source control is disabled
[2017.08.25-14.17.54:980][  0]SourceControl: Info Source control is disabled
[2017.08.25-14.17.55:628][  0]LogAndroidPermission: UAndroidPermissionCallbackProxy::GetInstance
[2017.08.25-14.17.56:217][  0]LogEngine: Initializing Engine...
[2017.08.25-14.17.56:217][  0]LogHMD: Failed to initialize OpenVR with code 110
[2017.08.25-14.17.56:403][  0]LogStats: UGameplayTagsManager::ConstructGameplayTagTree: Construct from data asset -  0.000 s
[2017.08.25-14.17.56:403][  0]LogStats: UGameplayTagsManager::ConstructGameplayTagTree: GameplayTagTreeChangedEvent.Broadcast -  0.000 s
[2017.08.25-14.17.56:526][  0]LogAIModule: Creating AISystem for world Untitled
[2017.08.25-14.17.56:540][  0]LogInit: XAudio2 using 'Headset Earphone (3- Microsoft LifeChat LX-3000)' : 2 channels at 48 kHz using 16 bits per sample (channel mask 0x3)
[2017.08.25-14.17.56:550][  0]LogInit: FAudioDevice initialized.
[2017.08.25-14.17.56:593][  0]LogDerivedDataCache: Saved boot cache 0.04s 90MB C:/Users/vonkl/AppData/Local/UnrealEngine/4.16/DerivedDataCache/Boot.ddc.
[2017.08.25-14.17.56:605][  0]LogInit: Texture streaming: Enabled
[2017.08.25-14.17.56:705][  0]LogEngineSessionManager: EngineSessionManager initialized
[2017.08.25-14.17.56:910][  0]LogInit: Transaction tracking system initialized
[2017.08.25-14.17.57:239][  0]BlueprintLog: New page: Editor Load
[2017.08.25-14.17.58:207][  0]LocalizationService: Info Localization service is disabled
[2017.08.25-14.17.58:902][  0]LogConsoleResponse:Display: 
[2017.08.25-14.17.59:048][  0]LogCook:Display: Max memory allowance for cook 16384mb min free memory 0mb
[2017.08.25-14.17.59:048][  0]LogCook:Display: Mobile HDR setting 1
[2017.08.25-14.18.00:017][  0]LogFileCache: Scanning file cache for directory 'C:/Unreal/FOTWO/source/FOTWO02/Content/' took 0.02s
[2017.08.25-14.18.00:060][  0]SourceControl: Info Source control is disabled
[2017.08.25-14.18.00:060][  0]Cmd: MAP LOAD FILE="../../../../../../Unreal/FOTWO/source/FOTWO02/Content/2DSideScrollerBP/Maps/2DSideScrollerExampleMap.umap" TEMPLATE=0 SHOWPROGRESS=1 FEATURELEVEL=3
[2017.08.25-14.18.00:060][  0]LogEditorServer:Warning: Can't find file '../../../../../../Unreal/FOTWO/source/FOTWO02/Content/2DSideScrollerBP/Maps/2DSideScrollerExampleMap.umap'
[2017.08.25-14.18.00:060][  0]Cmd: MAP CHECKDEP NOCLEARLOG
[2017.08.25-14.18.00:101][  0]MapCheck: Info Map check complete: 0 Error(s), 0 Warning(s), took 40.937ms to complete.
[2017.08.25-14.18.00:101][  0]LogFileHelpers: Loading map '2DSideScrollerExampleMap' took 0.041
[2017.08.25-14.18.00:182][  0]LogWindowsTextInputMethodSystem:Display: IME system now deactivated.
[2017.08.25-14.18.00:282][  0]LogCollectionManager: Loaded 0 collections in 0.001604 seconds
[2017.08.25-14.18.00:352][  0]LogFileCache: Scanning file cache for directory 'C:/Unreal/FOTWO/source/FOTWO02/Saved/Collections/' took 0.01s
[2017.08.25-14.18.00:352][  0]LogFileCache: Scanning file cache for directory 'C:/Unreal/FOTWO/source/FOTWO02/Content/Developers/vonkl/Collections/' took 0.01s
[2017.08.25-14.18.00:352][  0]LogFileCache: Scanning file cache for directory 'C:/Unreal/FOTWO/source/FOTWO02/Content/Collections/' took 0.00s
[2017.08.25-14.18.00:352][  0]LogCollectionManager: Rebuilt the GUID cache for 0 collections in 0.000001 seconds
[2017.08.25-14.18.00:361][  0]LogContentBrowser: Native class hierarchy populated in 0.0083 seconds. Added 2329 classes and 491 folders.
[2017.08.25-14.18.00:424][  0]LogContentBrowser: Native class hierarchy updated for 'WidgetCarousel' in 0.0006 seconds. Added 0 classes and 0 folders.
[2017.08.25-14.18.00:460][  0]LogContentBrowser: Native class hierarchy updated for 'AddContentDialog' in 0.0005 seconds. Added 0 classes and 0 folders.
[2017.08.25-14.18.00:511][  0]LogContentBrowser: Native class hierarchy updated for 'SceneOutliner' in 0.0005 seconds. Added 1 classes and 2 folders.
[2017.08.25-14.18.00:579][  0]LogCrashTracker: Crashtracker disabled due to settings.
[2017.08.25-14.18.00:584][  0]LogSlate: Took 0.000220 seconds to synchronously load lazily loaded font '../../../Engine/Content/Slate/Fonts/Roboto-Regular.ttf' (155K)
[2017.08.25-14.18.00:586][  0]LogSlate: Took 0.000196 seconds to synchronously load lazily loaded font '../../../Engine/Content/Slate/Fonts/Roboto-Bold.ttf' (160K)
[2017.08.25-14.18.00:594][  0]LogSlate: Took 0.000259 seconds to synchronously load lazily loaded font '../../../Engine/Content/Editor/Slate/Fonts/FontAwesome.ttf' (139K)
[2017.08.25-14.18.00:714][  0]LogRenderer: Reallocating scene render targets to support 1648x932 NumSamples 1 (Frame:1).
[2017.08.25-14.18.00:788][  0]LogUObjectGlobals:Warning: Failed to find object 'Class None.'
[2017.08.25-14.18.00:851][  0]LogContentBrowser: Native class hierarchy updated for 'HierarchicalLODOutliner' in 0.0007 seconds. Added 1 classes and 2 folders.
[2017.08.25-14.18.00:851][  0]LogLoad: (Engine Initialization) Total time: 17.60 seconds
[2017.08.25-14.18.00:851][  0]LogLoad: (Engine Initialization) Total Blueprint compile time: 0.04 seconds
[2017.08.25-14.18.00:851][  0]LogExternalProfiler: Found external profiler: VSPerf
[2017.08.25-14.18.00:851][  0]LogExternalProfiler: Using external profiler: VSPerf
[2017.08.25-14.18.00:871][  0]LogOcInput: OculusInput pre-init called
[2017.08.25-14.18.00:871][  0]LogHMD: Starting GearVRController plugin
[2017.08.25-14.18.00:891][  0]LogContentStreaming: Texture pool size now 1000 MB
[2017.08.25-14.18.00:916][  1]LogAssetRegistry: Asset discovery search completed in 9.6365 seconds
[2017.08.25-14.18.00:918][  1]LogCollectionManager: Rebuilt the object cache for 0 collections in 0.000000 seconds (found 0 objects)
[2017.08.25-14.18.00:918][  1]LogCollectionManager: Fixed up redirectors for 0 collections in 0.000024 seconds (updated 0 objects)
[2017.08.25-14.18.21:127][439]LogSlate: Took 0.000275 seconds to synchronously load lazily loaded font '../../../Engine/Content/Slate/Fonts/Roboto-Light.ttf' (159K)
[2017.08.25-14.18.21:484][439]LogContentBrowser: Native class hierarchy updated for 'BlueprintGraph' in 0.0007 seconds. Added 112 classes and 0 folders.
[2017.08.25-14.18.22:216][439]LogSlate: Took 0.000113 seconds to synchronously load lazily loaded font '../../../Engine/Content/Slate/Fonts/Roboto-Light.ttf' (159K)
[2017.08.25-14.18.22:217][439]LogSlate: Took 0.000107 seconds to synchronously load lazily loaded font '../../../Engine/Content/Editor/Slate/Fonts/Roboto-BoldCondensed.ttf' (158K)
[2017.08.25-14.19.16:118][903]LogSlate: Took 0.009814 seconds to synchronously load lazily loaded font '../../../Engine/Content/Slate/Fonts/DroidSansFallback.ttf' (3848K)
[2017.08.25-14.19.41:291][818]LogAIModule: Creating AISystem for world FOTWO01
[2017.08.25-14.19.43:533][818]LogSlate: Took 0.000119 seconds to synchronously load lazily loaded font '../../../Engine/Content/Slate/Fonts/Roboto-Regular.ttf' (155K)
[2017.08.25-14.19.43:596][818]LogSavePackage: Save=739.79ms
[2017.08.25-14.19.43:596][818]LogSavePackage: Moving '../../../../../../Unreal/FOTWO/source/FOTWO02/Saved/MainHUD171F750B44D44B81C016FFB798F5E869.tmp' to '../../../../../../Unreal/FOTWO/source/FOTWO02/Content/2DSideScrollerBP/Blueprints/User_Interface/MainHUD.uasset'
[2017.08.25-14.19.43:599][818]LogSavePackage:Display: Finished SavePackage ../../../../../../Unreal/FOTWO/source/FOTWO02/Content/2DSideScrollerBP/Blueprints/User_Interface/MainHUD.uasset
[2017.08.25-14.19.43:600][818]Cmd: MAP LOAD FILE="../../../../../../Unreal/FOTWO/source/FOTWO02/Content/2DSideScrollerBP/Maps/FOTWO01.umap" TEMPLATE=0 SHOWPROGRESS=1 FEATURELEVEL=3
[2017.08.25-14.19.43:600][818]LightingResults: New page: Lighting Build
[2017.08.25-14.19.43:641][818]LogContentBrowser: Native class hierarchy updated for 'StatsViewer' in 0.0005 seconds. Added 5 classes and 0 folders.
[2017.08.25-14.19.43:642][818]LoadErrors: New page: Loading map: FOTWO01.umap
[2017.08.25-14.19.43:642][818]MapCheck: New page: Map Check
[2017.08.25-14.19.43:642][818]LightingResults: New page: Lighting Build
[2017.08.25-14.19.43:726][818]LogEditorServer: Finished looking for orphan Actors (0.000 secs)
[2017.08.25-14.19.43:769][818]Cmd: MAP CHECKDEP NOCLEARLOG
[2017.08.25-14.19.43:815][818]MapCheck: Info Map check complete: 0 Error(s), 0 Warning(s), took 45.078ms to complete.
[2017.08.25-14.19.43:815][818]LogFileHelpers: Loading map 'FOTWO01' took 0.215
[2017.08.25-14.19.54:397][381]LogSlate: Took 0.000148 seconds to synchronously load lazily loaded font '../../../Engine/Content/Editor/Slate/Fonts/Roboto-Italic.ttf' (157K)
[2017.08.25-14.20.31:326][379]BlueprintLog: New page: Compile NationBAU
[2017.08.25-14.20.33:017][379]LogSavePackage: Save=592.60ms
[2017.08.25-14.20.33:017][379]LogSavePackage: Moving '../../../../../../Unreal/FOTWO/source/FOTWO02/Saved/NationBAU0DE08C2248CD45C4DBEC589E0E4B6B31.tmp' to '../../../../../../Unreal/FOTWO/source/FOTWO02/Content/2DSideScrollerBP/Blueprints/Simulation/NationBAU.uasset'
[2017.08.25-14.20.33:020][379]LogSavePackage:Display: Finished SavePackage ../../../../../../Unreal/FOTWO/source/FOTWO02/Content/2DSideScrollerBP/Blueprints/Simulation/NationBAU.uasset
[2017.08.25-14.20.37:596][619]LogTemp: Repeting last play command: Selected Viewport
[2017.08.25-14.20.37:645][619]LogBlueprintUserMessages: Early PlayInEditor Detection: Level '/Game/2DSideScrollerBP/Maps/FOTWO01.FOTWO01:PersistentLevel' has LevelScriptBlueprint '/Game/2DSideScrollerBP/Maps/FOTWO01.FOTWO01:PersistentLevel.FOTWO01' with GeneratedClass '/Game/2DSideScrollerBP/Maps/FOTWO01.FOTWO01_C' with ClassGeneratedBy '/Game/2DSideScrollerBP/Maps/FOTWO01.FOTWO01:PersistentLevel.FOTWO01'
[2017.08.25-14.20.37:645][619]LogPlayLevel: PlayLevel: No blueprints needed recompiling
[2017.08.25-14.20.37:645][619]PIE: New page: PIE session: FOTWO01 (25 Aug 2017 18:20:37)
[2017.08.25-14.20.37:645][619]LogPlayLevel: Creating play world package: /Game/2DSideScrollerBP/Maps/UEDPIE_0_FOTWO01
[2017.08.25-14.20.37:647][619]LogPlayLevel: PIE: StaticDuplicateObject took: (0.001723s)
[2017.08.25-14.20.37:648][619]LogAIModule: Creating AISystem for world FOTWO01
[2017.08.25-14.20.37:648][619]LogPlayLevel: PIE: World Init took: (0.000546s)
[2017.08.25-14.20.37:648][619]LogPlayLevel: PIE: Created PIE world by copying editor world from /Game/2DSideScrollerBP/Maps/FOTWO01.FOTWO01 to /Game/2DSideScrollerBP/Maps/UEDPIE_0_FOTWO01.FOTWO01 (0.002438s)
[2017.08.25-14.20.37:670][619]LogInit: XAudio2 using 'Headset Earphone (3- Microsoft LifeChat LX-3000)' : 2 channels at 48 kHz using 16 bits per sample (channel mask 0x3)
[2017.08.25-14.20.37:677][619]LogInit: FAudioDevice initialized.
[2017.08.25-14.20.37:719][619]LogLoad: Game class is 'FOTWOGameMode_C'
[2017.08.25-14.20.37:724][619]LogWorld: Bringing World /Game/2DSideScrollerBP/Maps/UEDPIE_0_FOTWO01.FOTWO01 up for play (max tick rate 60) at 2017.08.25-16.20.37
[2017.08.25-14.20.37:724][619]LogWorld: Bringing up level for play took: 0.002452
[2017.08.25-14.20.37:786][619]LogContentBrowser: Native class hierarchy updated for 'MovieSceneCapture' in 0.0005 seconds. Added 11 classes and 0 folders.
[2017.08.25-14.20.37:797][619]PIE: Info Play in editor start time for /Game/2DSideScrollerBP/Maps/UEDPIE_0_FOTWO01 0.727
[2017.08.25-14.20.37:797][619]LogBlueprintUserMessages: Late PlayInEditor Detection: Level '/Game/2DSideScrollerBP/Maps/FOTWO01.FOTWO01:PersistentLevel' has LevelScriptBlueprint '/Game/2DSideScrollerBP/Maps/FOTWO01.FOTWO01:PersistentLevel.FOTWO01' with GeneratedClass '/Game/2DSideScrollerBP/Maps/FOTWO01.FOTWO01_C' with ClassGeneratedBy '/Game/2DSideScrollerBP/Maps/FOTWO01.FOTWO01:PersistentLevel.FOTWO01'
[2017.08.25-14.21.34:520][731]LogBlueprintUserMessages: Early EndPlayMap Detection: Level '/Game/2DSideScrollerBP/Maps/FOTWO01.FOTWO01:PersistentLevel' has LevelScriptBlueprint '/Game/2DSideScrollerBP/Maps/FOTWO01.FOTWO01:PersistentLevel.FOTWO01' with GeneratedClass '/Game/2DSideScrollerBP/Maps/FOTWO01.FOTWO01_C' with ClassGeneratedBy '/Game/2DSideScrollerBP/Maps/FOTWO01.FOTWO01:PersistentLevel.FOTWO01'
[2017.08.25-14.21.34:600][731]LogBlueprintUserMessages: Late EndPlayMap Detection: Level '/Game/2DSideScrollerBP/Maps/FOTWO01.FOTWO01:PersistentLevel' has LevelScriptBlueprint '/Game/2DSideScrollerBP/Maps/FOTWO01.FOTWO01:PersistentLevel.FOTWO01' with GeneratedClass '/Game/2DSideScrollerBP/Maps/FOTWO01.FOTWO01_C' with ClassGeneratedBy '/Game/2DSideScrollerBP/Maps/FOTWO01.FOTWO01:PersistentLevel.FOTWO01'
[2017.08.25-14.21.37:008][860]LogSavePackage: Save=96.17ms
[2017.08.25-14.21.37:008][860]LogSavePackage: Moving '../../../../../../Unreal/FOTWO/source/FOTWO02/Saved/FOTWO01D0AB6A5C4354AA99B54543A11B586DF0.tmp' to '../../../../../../Unreal/FOTWO/source/FOTWO02/Content/2DSideScrollerBP/Maps/FOTWO01.umap'
[2017.08.25-14.21.37:011][860]LogSavePackage:Display: Finished SavePackage ../../../../../../Unreal/FOTWO/source/FOTWO02/Content/2DSideScrollerBP/Maps/FOTWO01.umap
[2017.08.25-14.21.37:040][860]Cmd: OBJ SAVEPACKAGE PACKAGE="/Game/2DSideScrollerBP/Maps/FOTWO01_BuiltData" FILE="../../../../../../Unreal/FOTWO/source/FOTWO02/Content/2DSideScrollerBP/Maps/FOTWO01_BuiltData.uasset" SILENT=true
[2017.08.25-14.21.37:077][860]LogSavePackage: Save=4.63ms
[2017.08.25-14.21.37:077][860]LogSavePackage: Moving '../../../../../../Unreal/FOTWO/source/FOTWO02/Saved/FOTWO01_BuiltData0DBB44DA4F8AEBD8595DC7B7DBFE23F3.tmp' to '../../../../../../Unreal/FOTWO/source/FOTWO02/Content/2DSideScrollerBP/Maps/FOTWO01_BuiltData.uasset'
[2017.08.25-14.21.37:078][860]LogSavePackage:Display: Finished SavePackage ../../../../../../Unreal/FOTWO/source/FOTWO02/Content/2DSideScrollerBP/Maps/FOTWO01_BuiltData.uasset
[2017.08.25-14.28.57:237][969]BlueprintLog: New page: Compile MainHUD
[2017.08.25-14.28.58:386][969]LogSavePackage: Save=736.18ms
[2017.08.25-14.28.58:386][969]LogSavePackage: Moving '../../../../../../Unreal/FOTWO/source/FOTWO02/Saved/MainHUD199103B44FB115A74A46D28354407F51.tmp' to '../../../../../../Unreal/FOTWO/source/FOTWO02/Content/2DSideScrollerBP/Blueprints/User_Interface/MainHUD.uasset'
[2017.08.25-14.28.58:389][969]LogSavePackage:Display: Finished SavePackage ../../../../../../Unreal/FOTWO/source/FOTWO02/Content/2DSideScrollerBP/Blueprints/User_Interface/MainHUD.uasset
[2017.08.25-14.28.58:395][969]BlueprintEditorCompileResults: Info Fast Template Successfully Created.
[2017.08.25-14.31.37:530][619]LogSavePackage: Save=98.18ms
[2017.08.25-14.31.37:530][619]LogSavePackage: Moving '../../../../../../Unreal/FOTWO/source/FOTWO02/Saved/FOTWO01_Auto15BEC81F04075C332D3AC44A991ACC0FF.tmp' to '../../../../../../Unreal/FOTWO/source/FOTWO02/Saved/Autosaves/Game/2DSideScrollerBP/Maps/FOTWO01_Auto1.umap'
[2017.08.25-14.31.37:531][619]LogSavePackage:Display: Finished SavePackage ../../../../../../Unreal/FOTWO/source/FOTWO02/Saved/Autosaves/Game/2DSideScrollerBP/Maps/FOTWO01_Auto1.umap
[2017.08.25-14.31.37:535][619]LogFileHelpers: Editor autosave (incl. sublevels) for '/Game/2DSideScrollerBP/Maps/FOTWO01' took 0.158
[2017.08.25-14.31.37:535][619]LogFileHelpers: Editor autosave (incl. sublevels) for all levels took 0.158
[2017.08.25-15.54.22:555][718]AssetReimport: New page: Outstanding source content changes 19:54:22
[2017.08.25-15.54.22:556][718]LogFactory: FactoryCreateFile: Texture with ReimportTextureFactory (0 0 C:/Unreal/FOTWO/source/FOTWO02/Content/Developers/vonkl/Collections/timer_green.png)
[2017.08.25-15.54.22:594][719]LogFactory: FactoryCreateFile: Texture with ReimportTextureFactory (0 0 C:/Unreal/FOTWO/source/FOTWO02/Content/Developers/vonkl/Collections/timer_chalkyred.png)
[2017.08.25-15.54.22:624][719]Cmd: OBJ SAVEPACKAGE PACKAGE="/Game/Developers/vonkl/Collections/timer_green" FILE="../../../../../../Unreal/FOTWO/source/FOTWO02/Content/Developers/vonkl/Collections/timer_green.uasset" SILENT=true
[2017.08.25-15.54.22:630][719]LogSavePackage: Save=4.85ms
[2017.08.25-15.54.22:630][719]LogSavePackage: Moving '../../../../../../Unreal/FOTWO/source/FOTWO02/Saved/timer_green496C4EC84FC0208A070E2DB67E8B2952.tmp' to '../../../../../../Unreal/FOTWO/source/FOTWO02/Content/Developers/vonkl/Collections/timer_green.uasset'
[2017.08.25-15.54.22:635][719]LogSavePackage:Display: Finished SavePackage ../../../../../../Unreal/FOTWO/source/FOTWO02/Content/Developers/vonkl/Collections/timer_green.uasset
[2017.08.25-15.54.22:658][719]LogSavePackage: Save=5.01ms
[2017.08.25-15.54.22:658][719]LogSavePackage: Moving '../../../../../../Unreal/FOTWO/source/FOTWO02/Saved/timer_chalkyredC234C19C443F523D6644FCB2B3D65FE1.tmp' to '../../../../../../Unreal/FOTWO/source/FOTWO02/Content/Developers/vonkl/Collections/timer_chalkyred.uasset'
[2017.08.25-15.54.22:660][719]LogSavePackage:Display: Finished SavePackage ../../../../../../Unreal/FOTWO/source/FOTWO02/Content/Developers/vonkl/Collections/timer_chalkyred.uasset
[2017.08.25-15.54.25:674][854]AssetReimport: Info Importing new asset /Game/Developers/vonkl/Collections/timer_green.
[2017.08.25-15.54.25:674][854]AssetReimport: Info Importing new asset /Game/Developers/vonkl/Collections/timer_chalkyred.
[2017.08.25-15.54.49:510][ 44]LogContentBrowser: Native class hierarchy updated for 'TextureEditor' in 0.0005 seconds. Added 1 classes and 2 folders.
[2017.08.25-15.54.52:546][215]LogTexture:Display: Building textures: timer_green (BGRA8, 140X70)
[2017.08.25-15.54.53:820][288]Cmd: OBJ SAVEPACKAGE PACKAGE="/Game/Developers/vonkl/Collections/timer_green" FILE="../../../../../../Unreal/FOTWO/source/FOTWO02/Content/Developers/vonkl/Collections/timer_green.uasset" SILENT=true
[2017.08.25-15.54.53:857][288]LogSavePackage: Save=5.01ms
[2017.08.25-15.54.53:857][288]LogSavePackage: Moving '../../../../../../Unreal/FOTWO/source/FOTWO02/Saved/timer_green58A2F93347B6DB9A9704409C6CF6318B.tmp' to '../../../../../../Unreal/FOTWO/source/FOTWO02/Content/Developers/vonkl/Collections/timer_green.uasset'
[2017.08.25-15.54.53:860][288]LogSavePackage:Display: Finished SavePackage ../../../../../../Unreal/FOTWO/source/FOTWO02/Content/Developers/vonkl/Collections/timer_green.uasset
[2017.08.25-15.55.04:091][841]LogTexture:Display: Building textures: timer_chalkyred (BGRA8, 140X70)
[2017.08.25-15.55.05:477][921]LogSavePackage: Save=5.21ms
[2017.08.25-15.55.05:477][921]LogSavePackage: Moving '../../../../../../Unreal/FOTWO/source/FOTWO02/Saved/timer_chalkyred7E6BE6764093D9CD51C460A76CD30E1A.tmp' to '../../../../../../Unreal/FOTWO/source/FOTWO02/Content/Developers/vonkl/Collections/timer_chalkyred.uasset'
[2017.08.25-15.55.05:479][921]LogSavePackage:Display: Finished SavePackage ../../../../../../Unreal/FOTWO/source/FOTWO02/Content/Developers/vonkl/Collections/timer_chalkyred.uasset
[2017.08.25-15.55.21:025][690]BlueprintLog: New page: Compile ConfHUD
[2017.08.25-15.55.22:687][690]LogSavePackage: Save=1184.84ms
[2017.08.25-15.55.22:687][690]LogSavePackage: Moving '../../../../../../Unreal/FOTWO/source/FOTWO02/Saved/ConfHUD36B6939740325A55CE77C1B37FB1B49C.tmp' to '../../../../../../Unreal/FOTWO/source/FOTWO02/Content/2DSideScrollerBP/Blueprints/User_Interface/ConfHUD.uasset'
[2017.08.25-15.55.22:690][690]LogSavePackage:Display: Finished SavePackage ../../../../../../Unreal/FOTWO/source/FOTWO02/Content/2DSideScrollerBP/Blueprints/User_Interface/ConfHUD.uasset
[2017.08.25-15.55.22:695][690]BlueprintEditorCompileResults: Info Fast Template Successfully Created.
[2017.08.25-15.55.24:356][780]LogTemp: Repeting last play command: Selected Viewport
[2017.08.25-15.55.24:383][780]LogBlueprintUserMessages: Early PlayInEditor Detection: Level '/Game/2DSideScrollerBP/Maps/FOTWO01.FOTWO01:PersistentLevel' has LevelScriptBlueprint '/Game/2DSideScrollerBP/Maps/FOTWO01.FOTWO01:PersistentLevel.FOTWO01' with GeneratedClass '/Game/2DSideScrollerBP/Maps/FOTWO01.FOTWO01_C' with ClassGeneratedBy '/Game/2DSideScrollerBP/Maps/FOTWO01.FOTWO01:PersistentLevel.FOTWO01'
[2017.08.25-15.55.24:383][780]LogPlayLevel: PlayLevel: No blueprints needed recompiling
[2017.08.25-15.55.24:383][780]PIE: New page: PIE session: FOTWO01 (25 Aug 2017 19:55:24)
[2017.08.25-15.55.24:383][780]LogPlayLevel: Creating play world package: /Game/2DSideScrollerBP/Maps/UEDPIE_0_FOTWO01
[2017.08.25-15.55.24:388][780]LogPlayLevel: PIE: StaticDuplicateObject took: (0.004467s)
[2017.08.25-15.55.24:388][780]LogAIModule: Creating AISystem for world FOTWO01
[2017.08.25-15.55.24:388][780]LogPlayLevel: PIE: World Init took: (0.000550s)
[2017.08.25-15.55.24:388][780]LogPlayLevel: PIE: Created PIE world by copying editor world from /Game/2DSideScrollerBP/Maps/FOTWO01.FOTWO01 to /Game/2DSideScrollerBP/Maps/UEDPIE_0_FOTWO01.FOTWO01 (0.005320s)
[2017.08.25-15.55.24:411][780]LogInit: XAudio2 using 'Headset Earphone (3- Microsoft LifeChat LX-3000)' : 2 channels at 48 kHz using 16 bits per sample (channel mask 0x3)
[2017.08.25-15.55.24:419][780]LogInit: FAudioDevice initialized.
[2017.08.25-15.55.24:451][780]LogLoad: Game class is 'FOTWOGameMode_C'
[2017.08.25-15.55.24:453][780]LogWorld: Bringing World /Game/2DSideScrollerBP/Maps/UEDPIE_0_FOTWO01.FOTWO01 up for play (max tick rate 60) at 2017.08.25-17.55.24
[2017.08.25-15.55.24:453][780]LogWorld: Bringing up level for play took: 0.000987
[2017.08.25-15.55.24:465][780]PIE: Info Play in editor start time for /Game/2DSideScrollerBP/Maps/UEDPIE_0_FOTWO01 -0.606
[2017.08.25-15.55.24:465][780]LogBlueprintUserMessages: Late PlayInEditor Detection: Level '/Game/2DSideScrollerBP/Maps/FOTWO01.FOTWO01:PersistentLevel' has LevelScriptBlueprint '/Game/2DSideScrollerBP/Maps/FOTWO01.FOTWO01:PersistentLevel.FOTWO01' with GeneratedClass '/Game/2DSideScrollerBP/Maps/FOTWO01.FOTWO01_C' with ClassGeneratedBy '/Game/2DSideScrollerBP/Maps/FOTWO01.FOTWO01:PersistentLevel.FOTWO01'
[2017.08.25-15.56.27:805][240]LogBlueprintUserMessages: Early EndPlayMap Detection: Level '/Game/2DSideScrollerBP/Maps/FOTWO01.FOTWO01:PersistentLevel' has LevelScriptBlueprint '/Game/2DSideScrollerBP/Maps/FOTWO01.FOTWO01:PersistentLevel.FOTWO01' with GeneratedClass '/Game/2DSideScrollerBP/Maps/FOTWO01.FOTWO01_C' with ClassGeneratedBy '/Game/2DSideScrollerBP/Maps/FOTWO01.FOTWO01:PersistentLevel.FOTWO01'
[2017.08.25-15.56.27:851][240]LogBlueprintUserMessages: Late EndPlayMap Detection: Level '/Game/2DSideScrollerBP/Maps/FOTWO01.FOTWO01:PersistentLevel' has LevelScriptBlueprint '/Game/2DSideScrollerBP/Maps/FOTWO01.FOTWO01:PersistentLevel.FOTWO01' with GeneratedClass '/Game/2DSideScrollerBP/Maps/FOTWO01.FOTWO01_C' with ClassGeneratedBy '/Game/2DSideScrollerBP/Maps/FOTWO01.FOTWO01:PersistentLevel.FOTWO01'
[2017.08.25-15.56.48:068][572]AssetReimport: New page: Outstanding source content changes 19:56:48
[2017.08.25-15.56.48:069][572]LogFactory: FactoryCreateFile: Texture with ReimportTextureFactory (0 0 C:/Unreal/FOTWO/source/FOTWO02/Content/Developers/vonkl/Collections/timer_orange.png)
[2017.08.25-15.56.48:115][573]Cmd: OBJ SAVEPACKAGE PACKAGE="/Game/Developers/vonkl/Collections/timer_orange" FILE="../../../../../../Unreal/FOTWO/source/FOTWO02/Content/Developers/vonkl/Collections/timer_orange.uasset" SILENT=true
[2017.08.25-15.56.48:121][573]LogSavePackage: Save=5.06ms
[2017.08.25-15.56.48:121][573]LogSavePackage: Moving '../../../../../../Unreal/FOTWO/source/FOTWO02/Saved/timer_orangeBE0429BA4EF320520094E88A683E7A52.tmp' to '../../../../../../Unreal/FOTWO/source/FOTWO02/Content/Developers/vonkl/Collections/timer_orange.uasset'
[2017.08.25-15.56.48:124][573]LogSavePackage:Display: Finished SavePackage ../../../../../../Unreal/FOTWO/source/FOTWO02/Content/Developers/vonkl/Collections/timer_orange.uasset
[2017.08.25-15.56.51:194][754]AssetReimport: Info Importing new asset /Game/Developers/vonkl/Collections/timer_orange.
[2017.08.25-15.56.53:485][873]LogSavePackage: Save=99.44ms
[2017.08.25-15.56.53:485][873]LogSavePackage: Moving '../../../../../../Unreal/FOTWO/source/FOTWO02/Saved/FOTWO01_Auto2F84E2EF149A8BE830FA15EA5DAE948CE.tmp' to '../../../../../../Unreal/FOTWO/source/FOTWO02/Saved/Autosaves/Game/2DSideScrollerBP/Maps/FOTWO01_Auto2.umap'
[2017.08.25-15.56.53:486][873]LogSavePackage:Display: Finished SavePackage ../../../../../../Unreal/FOTWO/source/FOTWO02/Saved/Autosaves/Game/2DSideScrollerBP/Maps/FOTWO01_Auto2.umap
[2017.08.25-15.56.53:490][873]LogFileHelpers: Editor autosave (incl. sublevels) for '/Game/2DSideScrollerBP/Maps/FOTWO01' took 0.157
[2017.08.25-15.56.53:490][873]LogFileHelpers: Editor autosave (incl. sublevels) for all levels took 0.157
[2017.08.25-15.56.53:826][891]LogTexture:Display: Building textures: timer_orange (BGRA8, 140X70)
[2017.08.25-15.56.55:458][988]Cmd: OBJ SAVEPACKAGE PACKAGE="/Game/Developers/vonkl/Collections/timer_orange" FILE="../../../../../../Unreal/FOTWO/source/FOTWO02/Content/Developers/vonkl/Collections/timer_orange.uasset" SILENT=true
[2017.08.25-15.56.55:493][988]LogSavePackage: Save=5.58ms
[2017.08.25-15.56.55:493][988]LogSavePackage: Moving '../../../../../../Unreal/FOTWO/source/FOTWO02/Saved/timer_orange638035CD4A75FC691057F68479CD48C0.tmp' to '../../../../../../Unreal/FOTWO/source/FOTWO02/Content/Developers/vonkl/Collections/timer_orange.uasset'
[2017.08.25-15.56.55:496][988]LogSavePackage:Display: Finished SavePackage ../../../../../../Unreal/FOTWO/source/FOTWO02/Content/Developers/vonkl/Collections/timer_orange.uasset
[2017.08.25-15.57.06:968][549]BlueprintLog: New page: Compile ConfHUD
[2017.08.25-15.57.08:428][549]LogSavePackage: Save=1045.70ms
[2017.08.25-15.57.08:429][549]LogSavePackage: Moving '../../../../../../Unreal/FOTWO/source/FOTWO02/Saved/ConfHUDDF6DE1A4452F94F4BE143C9F6ED05EC3.tmp' to '../../../../../../Unreal/FOTWO/source/FOTWO02/Content/2DSideScrollerBP/Blueprints/User_Interface/ConfHUD.uasset'
[2017.08.25-15.57.08:431][549]LogSavePackage:Display: Finished SavePackage ../../../../../../Unreal/FOTWO/source/FOTWO02/Content/2DSideScrollerBP/Blueprints/User_Interface/ConfHUD.uasset
[2017.08.25-15.57.08:436][549]BlueprintEditorCompileResults: Info Fast Template Successfully Created.
[2017.08.25-15.57.23:443][681]LogTemp: Repeting last play command: Selected Viewport
[2017.08.25-15.57.23:465][681]LogBlueprintUserMessages: Early PlayInEditor Detection: Level '/Game/2DSideScrollerBP/Maps/FOTWO01.FOTWO01:PersistentLevel' has LevelScriptBlueprint '/Game/2DSideScrollerBP/Maps/FOTWO01.FOTWO01:PersistentLevel.FOTWO01' with GeneratedClass '/Game/2DSideScrollerBP/Maps/FOTWO01.FOTWO01_C' with ClassGeneratedBy '/Game/2DSideScrollerBP/Maps/FOTWO01.FOTWO01:PersistentLevel.FOTWO01'
[2017.08.25-15.57.23:465][681]LogPlayLevel: PlayLevel: No blueprints needed recompiling
[2017.08.25-15.57.23:465][681]PIE: New page: PIE session: FOTWO01 (25 Aug 2017 19:57:23)
[2017.08.25-15.57.23:465][681]LogPlayLevel: Creating play world package: /Game/2DSideScrollerBP/Maps/UEDPIE_0_FOTWO01
[2017.08.25-15.57.23:466][681]LogPlayLevel: PIE: StaticDuplicateObject took: (0.001194s)
[2017.08.25-15.57.23:467][681]LogAIModule: Creating AISystem for world FOTWO01
[2017.08.25-15.57.23:467][681]LogPlayLevel: PIE: World Init took: (0.000455s)
[2017.08.25-15.57.23:467][681]LogPlayLevel: PIE: Created PIE world by copying editor world from /Game/2DSideScrollerBP/Maps/FOTWO01.FOTWO01 to /Game/2DSideScrollerBP/Maps/UEDPIE_0_FOTWO01.FOTWO01 (0.001778s)
[2017.08.25-15.57.23:494][681]LogInit: XAudio2 using 'Headset Earphone (3- Microsoft LifeChat LX-3000)' : 2 channels at 48 kHz using 16 bits per sample (channel mask 0x3)
[2017.08.25-15.57.23:499][681]LogInit: FAudioDevice initialized.
[2017.08.25-15.57.23:537][681]LogLoad: Game class is 'FOTWOGameMode_C'
[2017.08.25-15.57.23:541][681]LogWorld: Bringing World /Game/2DSideScrollerBP/Maps/UEDPIE_0_FOTWO01.FOTWO01 up for play (max tick rate 60) at 2017.08.25-17.57.23
[2017.08.25-15.57.23:541][681]LogWorld: Bringing up level for play took: 0.001803
[2017.08.25-15.57.23:563][681]PIE: Info Play in editor start time for /Game/2DSideScrollerBP/Maps/UEDPIE_0_FOTWO01 0.493
[2017.08.25-15.57.23:563][681]LogBlueprintUserMessages: Late PlayInEditor Detection: Level '/Game/2DSideScrollerBP/Maps/FOTWO01.FOTWO01:PersistentLevel' has LevelScriptBlueprint '/Game/2DSideScrollerBP/Maps/FOTWO01.FOTWO01:PersistentLevel.FOTWO01' with GeneratedClass '/Game/2DSideScrollerBP/Maps/FOTWO01.FOTWO01_C' with ClassGeneratedBy '/Game/2DSideScrollerBP/Maps/FOTWO01.FOTWO01:PersistentLevel.FOTWO01'
[2017.08.25-15.58.07:498][394]LogBlueprintUserMessages: Early EndPlayMap Detection: Level '/Game/2DSideScrollerBP/Maps/FOTWO01.FOTWO01:PersistentLevel' has LevelScriptBlueprint '/Game/2DSideScrollerBP/Maps/FOTWO01.FOTWO01:PersistentLevel.FOTWO01' with GeneratedClass '/Game/2DSideScrollerBP/Maps/FOTWO01.FOTWO01_C' with ClassGeneratedBy '/Game/2DSideScrollerBP/Maps/FOTWO01.FOTWO01:PersistentLevel.FOTWO01'
[2017.08.25-15.58.07:586][394]LogBlueprintUserMessages: Late EndPlayMap Detection: Level '/Game/2DSideScrollerBP/Maps/FOTWO01.FOTWO01:PersistentLevel' has LevelScriptBlueprint '/Game/2DSideScrollerBP/Maps/FOTWO01.FOTWO01:PersistentLevel.FOTWO01' with GeneratedClass '/Game/2DSideScrollerBP/Maps/FOTWO01.FOTWO01_C' with ClassGeneratedBy '/Game/2DSideScrollerBP/Maps/FOTWO01.FOTWO01:PersistentLevel.FOTWO01'
[2017.08.25-15.58.12:581][510]LogSavePackage: Save=99.71ms
[2017.08.25-15.58.12:581][510]LogSavePackage: Moving '../../../../../../Unreal/FOTWO/source/FOTWO02/Saved/FOTWO01F1B89FC443A65C664A69D7BE4F195091.tmp' to '../../../../../../Unreal/FOTWO/source/FOTWO02/Content/2DSideScrollerBP/Maps/FOTWO01.umap'
[2017.08.25-15.58.12:586][510]LogSavePackage:Display: Finished SavePackage ../../../../../../Unreal/FOTWO/source/FOTWO02/Content/2DSideScrollerBP/Maps/FOTWO01.umap
[2017.08.25-15.58.12:621][510]LogFileHelpers: Saving map 'FOTWO01' took 1.564
[2017.08.25-15.58.12:939][510]LogWindowsTextInputMethodSystem:Display: IME system now deactivated.
[2017.08.25-15.58.13:218][511]Cmd: QUIT_EDITOR
[2017.08.25-15.58.14:014][511]LogExit: Preparing to exit.
[2017.08.25-15.58.14:868][511]LogDirectoryWatcher: A directory notification for 'C:/Unreal/FOTWO/source/FOTWO02/Content/' was aborted.
[2017.08.25-15.58.14:948][511]LogExit: Editor shut down
[2017.08.25-15.58.14:966][511]LogExit: Transaction tracking system shut down
[2017.08.25-15.58.15:080][511]LogObj: Freed 0b from 0 cluster array pools.
[2017.08.25-15.58.15:081][511]LogExit: Object subsystem successfully closed.
[2017.08.25-15.58.15:101][511]LogD3D11RHI: Shutdown
[2017.08.25-15.58.15:101][511]LogD3D11RHI: CleanupD3DDevice
[2017.08.25-15.58.15:160][511]LogD3D11RHI: ~FD3D11DynamicRHI
[2017.08.25-15.58.15:175][511]LogModuleManager: Shutting down and abandoning module TextureEditor (534)
[2017.08.25-15.58.15:175][511]LogModuleManager: Shutting down and abandoning module MovieSceneCapture (532)
[2017.08.25-15.58.15:175][511]LogModuleManager: Shutting down and abandoning module StatsViewer (530)
[2017.08.25-15.58.15:175][511]LogModuleManager: Shutting down and abandoning module SequencerWidgets (528)
[2017.08.25-15.58.15:175][511]LogModuleManager: Shutting down and abandoning module BlueprintGraph (526)
[2017.08.25-15.58.15:175][511]LogModuleManager: Shutting down and abandoning module BlueprintProfiler (524)
[2017.08.25-15.58.15:175][511]LogModuleManager: Shutting down and abandoning module HierarchicalLODOutliner (522)
[2017.08.25-15.58.15:175][511]LogModuleManager: Shutting down and abandoning module CrashTracker (520)
[2017.08.25-15.58.15:175][511]LogModuleManager: Shutting down and abandoning module SceneOutliner (518)
[2017.08.25-15.58.15:175][511]LogModuleManager: Shutting down and abandoning module AddContentDialog (516)
[2017.08.25-15.58.15:175][511]LogDirectoryWatcher: A directory notification for 'C:/Program Files/Epic Games/UE_4.16/FeaturePacks/' was aborted.
[2017.08.25-15.58.15:177][511]LogModuleManager: Shutting down and abandoning module WidgetCarousel (515)
[2017.08.25-15.58.15:177][511]LogModuleManager: Shutting down and abandoning module EditorWidgets (512)
[2017.08.25-15.58.15:177][511]LogModuleManager: Shutting down and abandoning module CollectionManager (510)
[2017.08.25-15.58.15:177][511]LogDirectoryWatcher: A directory notification for 'C:/Unreal/FOTWO/source/FOTWO02/Content/Collections/' was aborted.
[2017.08.25-15.58.15:177][511]LogDirectoryWatcher: A directory notification for 'C:/Unreal/FOTWO/source/FOTWO02/Content/Developers/vonkl/Collections/' was aborted.
[2017.08.25-15.58.15:177][511]LogDirectoryWatcher: A directory notification for 'C:/Unreal/FOTWO/source/FOTWO02/Saved/Collections/' was aborted.
[2017.08.25-15.58.15:177][511]LogModuleManager: Shutting down and abandoning module FoliageEdit (508)
[2017.08.25-15.58.15:177][511]LogModuleManager: Shutting down and abandoning module LandscapeEditor (506)
[2017.08.25-15.58.15:177][511]LogModuleManager: Shutting down and abandoning module MeshPaintMode (504)
[2017.08.25-15.58.15:177][511]LogModuleManager: Shutting down and abandoning module SceneDepthPickerMode (502)
[2017.08.25-15.58.15:177][511]LogModuleManager: Shutting down and abandoning module ActorPickerMode (500)
[2017.08.25-15.58.15:177][511]LogModuleManager: Shutting down and abandoning module GeometryMode (498)
[2017.08.25-15.58.15:177][511]LogModuleManager: Shutting down and abandoning module TextureAlignMode (496)
[2017.08.25-15.58.15:177][511]LogModuleManager: Shutting down and abandoning module BspMode (494)
[2017.08.25-15.58.15:177][511]LogModuleManager: Shutting down and abandoning module HardwareSurvey (492)
[2017.08.25-15.58.15:177][511]LogModuleManager: Shutting down and abandoning module SequenceRecorderSections (490)
[2017.08.25-15.58.15:177][511]LogModuleManager: Shutting down and abandoning module AutomationWorker (488)
[2017.08.25-15.58.15:177][511]LogModuleManager: Shutting down and abandoning module MatineeToLevelSequence (486)
[2017.08.25-15.58.15:177][511]LogModuleManager: Shutting down and abandoning module LevelSequenceEditor (484)
[2017.08.25-15.58.15:177][511]LogModuleManager: Shutting down and abandoning module PlacementMode (483)
[2017.08.25-15.58.15:177][511]LogModuleManager: Shutting down and abandoning module WmfMediaFactory (480)
[2017.08.25-15.58.15:177][511]LogModuleManager: Shutting down and abandoning module WmfMediaEditor (478)
[2017.08.25-15.58.15:178][511]LogModuleManager: Shutting down and abandoning module AvfMediaFactory (476)
[2017.08.25-15.58.15:178][511]LogModuleManager: Shutting down and abandoning module AvfMediaEditor (474)
[2017.08.25-15.58.15:178][511]LogModuleManager: Shutting down and abandoning module AndroidMediaFactory (472)
[2017.08.25-15.58.15:178][511]LogModuleManager: Shutting down and abandoning module Media (471)
[2017.08.25-15.58.15:178][511]LogModuleManager: Shutting down and abandoning module AndroidMediaEditor (468)
[2017.08.25-15.58.15:178][511]LogModuleManager: Shutting down and abandoning module CharacterAI (466)
[2017.08.25-15.58.15:178][511]LogModuleManager: Shutting down and abandoning module AudioCapture (464)
[2017.08.25-15.58.15:178][511]LogModuleManager: Shutting down and abandoning module SequenceRecorder (463)
[2017.08.25-15.58.15:178][511]LogModuleManager: Shutting down and abandoning module SmartSnapping (460)
[2017.08.25-15.58.15:178][511]LogModuleManager: Shutting down and abandoning module SessionServices (458)
[2017.08.25-15.58.15:178][511]LogModuleManager: Shutting down and abandoning module ViewportSnapping (456)
[2017.08.25-15.58.15:178][511]LogModuleManager: Shutting down and abandoning module ViewportInteraction (454)
[2017.08.25-15.58.15:178][511]LogModuleManager: Shutting down and abandoning module ClothPainter (452)
[2017.08.25-15.58.15:178][511]LogModuleManager: Shutting down and abandoning module LogVisualizer (450)
[2017.08.25-15.58.15:178][511]LogModuleManager: Shutting down and abandoning module IntroTutorials (448)
[2017.08.25-15.58.15:178][511]LogModuleManager: Shutting down and abandoning module GameProjectGeneration (447)
[2017.08.25-15.58.15:178][511]LogModuleManager: Shutting down and abandoning module EditorLiveStreaming (444)
[2017.08.25-15.58.15:178][511]LogModuleManager: Shutting down and abandoning module IOSPlatformEditor (442)
[2017.08.25-15.58.15:178][511]LogModuleManager: Shutting down and abandoning module HTML5PlatformEditor (440)
[2017.08.25-15.58.15:178][511]LogModuleManager: Shutting down and abandoning module AndroidPlatformEditor (438)
[2017.08.25-15.58.15:178][511]LogModuleManager: Shutting down and abandoning module AndroidDeviceDetection (437)
[2017.08.25-15.58.15:948][511]LogModuleManager: Shutting down and abandoning module IOSRuntimeSettings (434)
[2017.08.25-15.58.15:948][511]LogModuleManager: Shutting down and abandoning module AndroidRuntimeSettings (432)
[2017.08.25-15.58.15:948][511]LogModuleManager: Shutting down and abandoning module InputBindingEditor (430)
[2017.08.25-15.58.15:948][511]LogModuleManager: Shutting down and abandoning module MergeActors (428)
[2017.08.25-15.58.15:948][511]LogModuleManager: Shutting down and abandoning module SizeMap (426)
[2017.08.25-15.58.15:948][511]LogModuleManager: Shutting down and abandoning module TreeMap (424)
[2017.08.25-15.58.15:948][511]LogModuleManager: Shutting down and abandoning module ReferenceViewer (422)
[2017.08.25-15.58.15:948][511]LogModuleManager: Shutting down and abandoning module LocalizationDashboard (420)
[2017.08.25-15.58.15:948][511]LogModuleManager: Shutting down and abandoning module LocalizationService (419)
[2017.08.25-15.58.15:948][511]LogModuleManager: Shutting down and abandoning module HardwareTargeting (416)
[2017.08.25-15.58.15:948][511]LogModuleManager: Shutting down and abandoning module DeviceProfileEditor (414)
[2017.08.25-15.58.15:948][511]LogModuleManager: Shutting down and abandoning module UndoHistory (412)
[2017.08.25-15.58.15:948][511]LogModuleManager: Shutting down and abandoning module UserFeedback (410)
[2017.08.25-15.58.15:948][511]LogModuleManager: Shutting down and abandoning module XmlParser (408)
[2017.08.25-15.58.15:948][511]LogModuleManager: Shutting down and abandoning module Blutility (406)
[2017.08.25-15.58.15:948][511]LogModuleManager: Shutting down and abandoning module ProjectSettingsViewer (404)
[2017.08.25-15.58.15:949][511]LogModuleManager: Shutting down and abandoning module ProjectTargetPlatformEditor (403)
[2017.08.25-15.58.15:949][511]LogModuleManager: Shutting down and abandoning module EditorSettingsViewer (400)
[2017.08.25-15.58.15:949][511]LogModuleManager: Shutting down and abandoning module SettingsEditor (398)
[2017.08.25-15.58.15:949][511]LogModuleManager: Shutting down and abandoning module ProjectLauncher (396)
[2017.08.25-15.58.15:949][511]LogModuleManager: Shutting down and abandoning module SessionFrontend (394)
[2017.08.25-15.58.15:949][511]LogModuleManager: Shutting down and abandoning module ProfilerClient (392)
[2017.08.25-15.58.15:950][511]LogModuleManager: Shutting down and abandoning module DeviceManager (390)
[2017.08.25-15.58.15:950][511]LogModuleManager: Shutting down and abandoning module TargetDeviceServices (389)
[2017.08.25-15.58.16:003][511]LogModuleManager: Shutting down and abandoning module AutomationController (386)
[2017.08.25-15.58.16:003][511]LogModuleManager: Shutting down and abandoning module AutomationWindow (384)
[2017.08.25-15.58.16:003][511]LogModuleManager: Shutting down and abandoning module Layers (382)
[2017.08.25-15.58.16:003][511]LogModuleManager: Shutting down and abandoning module ComponentVisualizers (380)
[2017.08.25-15.58.16:003][511]LogModuleManager: Shutting down and abandoning module DetailCustomizations (378)
[2017.08.25-15.58.16:003][511]LogModuleManager: Shutting down and abandoning module PackagesDialog (376)
[2017.08.25-15.58.16:003][511]LogModuleManager: Shutting down and abandoning module Persona (374)
[2017.08.25-15.58.16:004][511]LogModuleManager: Shutting down and abandoning module AdvancedPreviewScene (373)
[2017.08.25-15.58.16:004][511]LogModuleManager: Shutting down and abandoning module AnimGraph (371)
[2017.08.25-15.58.16:004][511]LogModuleManager: Shutting down and abandoning module Kismet (368)
[2017.08.25-15.58.16:028][511]LogModuleManager: Shutting down and abandoning module ClassViewer (366)
[2017.08.25-15.58.16:028][511]LogModuleManager: Shutting down and abandoning module Toolbox (364)
[2017.08.25-15.58.16:028][511]LogModuleManager: Shutting down and abandoning module ModuleUI (362)
[2017.08.25-15.58.16:028][511]LogModuleManager: Shutting down and abandoning module MovieSceneTools (360)
[2017.08.25-15.58.16:028][511]LogModuleManager: Shutting down and abandoning module OutputLog (358)
[2017.08.25-15.58.16:028][511]LogModuleManager: Shutting down and abandoning module GammaUI (356)
[2017.08.25-15.58.16:028][511]LogModuleManager: Shutting down and abandoning module Documentation (354)
[2017.08.25-15.58.16:028][511]LogModuleManager: Shutting down and abandoning module MovieSceneTracks (352)
[2017.08.25-15.58.16:028][511]LogModuleManager: Shutting down and abandoning module MovieScene (350)
[2017.08.25-15.58.16:028][511]LogModuleManager: Shutting down and abandoning module Niagara (348)
[2017.08.25-15.58.16:028][511]LogModuleManager: Shutting down and abandoning module NiagaraEditor (347)
[2017.08.25-15.58.16:028][511]LogModuleManager: Shutting down and abandoning module StreamingPauseRendering (344)
[2017.08.25-15.58.16:028][511]LogModuleManager: Shutting down and abandoning module AnalyticsET (342)
[2017.08.25-15.58.16:029][511]LogModuleManager: Shutting down and abandoning module PortalServices (340)
[2017.08.25-15.58.16:029][511]LogModuleManager: Shutting down and abandoning module PortalRpc (338)
[2017.08.25-15.58.16:029][511]LogModuleManager: Shutting down and abandoning module MessagingRpc (336)
[2017.08.25-15.58.16:029][511]LogModuleManager: Shutting down and abandoning module AIModule (334)
[2017.08.25-15.58.16:029][511]LogModuleManager: Shutting down and abandoning module GameplayDebugger (333)
[2017.08.25-15.58.16:029][511]LogModuleManager: Shutting down and abandoning module AITestSuite (331)
[2017.08.25-15.58.16:029][511]LogModuleManager: Shutting down and abandoning module ProfilerService (328)
[2017.08.25-15.58.16:045][511]LogModuleManager: Shutting down and abandoning module TaskGraph (326)
[2017.08.25-15.58.16:045][511]LogModuleManager: Shutting down and abandoning module SteamVRController (324)
[2017.08.25-15.58.16:045][511]LogModuleManager: Shutting down and abandoning module SteamVR (322)
[2017.08.25-15.58.16:045][511]LogModuleManager: Shutting down and abandoning module ProceduralMeshComponentEditor (320)
[2017.08.25-15.58.16:045][511]LogModuleManager: Shutting down and abandoning module ProceduralMeshComponent (318)
[2017.08.25-15.58.16:045][511]LogModuleManager: Shutting down and abandoning module OculusLibrary (316)
[2017.08.25-15.58.16:045][511]LogModuleManager: Shutting down and abandoning module OculusInput (314)
[2017.08.25-15.58.16:045][511]LogModuleManager: Shutting down and abandoning module MobilePatchingUtils (312)
[2017.08.25-15.58.16:045][511]LogModuleManager: Shutting down and abandoning module CustomMeshComponent (310)
[2017.08.25-15.58.16:045][511]LogModuleManager: Shutting down and abandoning module CableComponent (308)
[2017.08.25-15.58.16:045][511]LogModuleManager: Shutting down and abandoning module ArchVisCharacter (306)
[2017.08.25-15.58.16:045][511]LogModuleManager: Shutting down and abandoning module AndroidPermission (304)
[2017.08.25-15.58.16:045][511]LogModuleManager: Shutting down and abandoning module MediaPlayerEditor (300)
[2017.08.25-15.58.16:045][511]LogModuleManager: Shutting down and abandoning module HTML5Networking (298)
[2017.08.25-15.58.16:045][511]LogModuleManager: Shutting down and abandoning module AlembicImporter (296)
[2017.08.25-15.58.16:045][511]LogModuleManager: Shutting down and abandoning module AlembicLibrary (295)
[2017.08.25-15.58.16:045][511]LogModuleManager: Shutting down and abandoning module GeometryCache (294)
[2017.08.25-15.58.16:045][511]LogModuleManager: Shutting down and abandoning module GeometryCacheEd (293)
[2017.08.25-15.58.16:046][511]LogModuleManager: Shutting down and abandoning module SuperSearchEditor (288)
[2017.08.25-15.58.16:046][511]LogModuleManager: Shutting down and abandoning module SuperSearch (287)
[2017.08.25-15.58.16:046][511]LogModuleManager: Shutting down and abandoning module SpeedTreeImporter (284)
[2017.08.25-15.58.16:046][511]LogModuleManager: Shutting down and abandoning module PluginBrowser (282)
[2017.08.25-15.58.16:046][511]LogModuleManager: Shutting down and abandoning module MobileLauncherProfileWizard (280)
[2017.08.25-15.58.16:046][511]LogModuleManager: Shutting down and abandoning module VisualStudioSourceCodeAccess (278)
[2017.08.25-15.58.16:046][511]LogModuleManager: Shutting down and abandoning module DesktopPlatform (277)
[2017.08.25-15.58.16:046][511]LogModuleManager: Shutting down and abandoning module UObjectPlugin (274)
[2017.08.25-15.58.16:046][511]LogModuleManager: Shutting down and abandoning module SubversionSourceControl (272)
[2017.08.25-15.58.16:046][511]LogModuleManager: Shutting down and abandoning module PerforceSourceControl (270)
[2017.08.25-15.58.16:046][511]LogModuleManager: Shutting down and abandoning module GitSourceControl (268)
[2017.08.25-15.58.16:046][511]LogModuleManager: Shutting down and abandoning module SourceControl (267)
[2017.08.25-15.58.16:046][511]LogModuleManager: Shutting down and abandoning module LightPropagationVolumeEditor (264)
[2017.08.25-15.58.16:046][511]LogModuleManager: Shutting down and abandoning module PaperTiledImporter (262)
[2017.08.25-15.58.16:046][511]LogModuleManager: Shutting down and abandoning module PaperSpriteSheetImporter (260)
[2017.08.25-15.58.16:046][511]LogModuleManager: Shutting down and abandoning module Paper2DEditor (258)
[2017.08.25-15.58.16:046][511]LogModuleManager: Shutting down and abandoning module MeshPaint (257)
[2017.08.25-15.58.16:046][511]LogModuleManager: Shutting down and abandoning module LevelEditor (255)
[2017.08.25-15.58.16:047][511]LogModuleManager: Shutting down and abandoning module PixelInspectorModule (254)
[2017.08.25-15.58.16:047][511]LogModuleManager: Shutting down and abandoning module MainFrame (252)
[2017.08.25-15.58.16:047][511]LogModuleManager: Shutting down and abandoning module HotReload (251)
[2017.08.25-15.58.16:048][511]LogModuleManager: Shutting down and abandoning module PhysXVehiclesEditor (246)
[2017.08.25-15.58.16:048][511]LogModuleManager: Shutting down and abandoning module PhysXVehicles (244)
[2017.08.25-15.58.16:048][511]LogModuleManager: Shutting down and abandoning module LocationServicesBPLibrary (242)
[2017.08.25-15.58.16:048][511]LogModuleManager: Shutting down and abandoning module ImmediatePhysicsEditor (240)
[2017.08.25-15.58.16:048][511]LogModuleManager: Shutting down and abandoning module ImmediatePhysics (238)
[2017.08.25-15.58.16:048][511]LogModuleManager: Shutting down and abandoning module UdpMessaging (236)
[2017.08.25-15.58.16:149][511]LogModuleManager: Shutting down and abandoning module TcpMessaging (234)
[2017.08.25-15.58.16:249][511]LogModuleManager: Shutting down and abandoning module GameplayTagsEditor (232)
[2017.08.25-15.58.16:249][511]LogModuleManager: Shutting down and abandoning module FacialAnimationEditor (230)
[2017.08.25-15.58.16:249][511]LogModuleManager: Shutting down and abandoning module FacialAnimation (228)
[2017.08.25-15.58.16:249][511]LogModuleManager: Shutting down and abandoning module AssetManagerEditor (226)
[2017.08.25-15.58.16:249][511]LogModuleManager: Shutting down and abandoning module GraphEditor (225)
[2017.08.25-15.58.16:249][511]LogModuleManager: Shutting down and abandoning module ContentBrowser (223)
[2017.08.25-15.58.16:251][511]LogModuleManager: Shutting down and abandoning module LightPropagationVolumeRuntime (220)
[2017.08.25-15.58.16:251][511]LogModuleManager: Shutting down and abandoning module Paper2D (218)
[2017.08.25-15.58.16:251][511]LogModuleManager: Shutting down and abandoning module WindowsMoviePlayer (216)
[2017.08.25-15.58.16:251][511]LogModuleManager: Shutting down and abandoning module WmfMedia (214)
[2017.08.25-15.58.16:251][511]LogModuleManager: Shutting down and abandoning module ClothingSystemEditor (212)
[2017.08.25-15.58.16:251][511]LogModuleManager: Shutting down and abandoning module ClothingSystemRuntime (210)
[2017.08.25-15.58.16:251][511]LogModuleManager: Shutting down and abandoning module MediaAssets (208)
[2017.08.25-15.58.16:251][511]LogModuleManager: Shutting down and abandoning module GameLiveStreaming (206)
[2017.08.25-15.58.16:252][511]LogModuleManager: Shutting down and abandoning module VREditor (204)
[2017.08.25-15.58.16:252][511]LogModuleManager: Shutting down and abandoning module StringTableEditor (202)
[2017.08.25-15.58.16:252][511]LogModuleManager: Shutting down and abandoning module GameplayTasksEditor (200)
[2017.08.25-15.58.16:252][511]LogModuleManager: Shutting down and abandoning module BehaviorTreeEditor (198)
[2017.08.25-15.58.16:252][511]LogModuleManager: Shutting down and abandoning module FunctionalTesting (196)
[2017.08.25-15.58.16:252][511]LogModuleManager: Shutting down and abandoning module CollisionAnalyzer (194)
[2017.08.25-15.58.16:252][511]LogModuleManager: Shutting down and abandoning module UMG (192)
[2017.08.25-15.58.16:252][511]LogModuleManager: Shutting down and abandoning module UMGEditor (191)
[2017.08.25-15.58.16:252][511]LogModuleManager: Shutting down and abandoning module Sequencer (190)
[2017.08.25-15.58.16:252][511]LogModuleManager: Shutting down and abandoning module AssetTools (188)
[2017.08.25-15.58.16:252][511]LogModuleManager: Shutting down and abandoning module MessageLog (187)
[2017.08.25-15.58.16:252][511]LogModuleManager: Shutting down and abandoning module WorkspaceMenuStructure (186)
[2017.08.25-15.58.16:252][511]LogModuleManager: Shutting down and abandoning module SlateReflector (180)
[2017.08.25-15.58.16:252][511]LogModuleManager: Shutting down and abandoning module Slate (178)
[2017.08.25-15.58.16:252][511]LogModuleManager: Shutting down and abandoning module EditorStyle (176)
[2017.08.25-15.58.16:257][511]LogModuleManager: Shutting down and abandoning module SourceCodeAccess (174)
[2017.08.25-15.58.16:257][511]LogModuleManager: Shutting down and abandoning module HeadMountedDisplay (172)
[2017.08.25-15.58.16:257][511]LogModuleManager: Shutting down and abandoning module XAudio2 (170)
[2017.08.25-15.58.16:257][511]LogModuleManager: Shutting down and abandoning module Networking (168)
[2017.08.25-15.58.16:257][511]LogModuleManager: Shutting down and abandoning module Core (164)
[2017.08.25-15.58.16:257][511]LogModuleManager: Shutting down and abandoning module AssetRegistry (162)
[2017.08.25-15.58.16:455][511]LogDirectoryWatcher: A directory notification for '../../../Engine/Content/' was aborted.
[2017.08.25-15.58.16:455][511]LogDirectoryWatcher: A directory notification for '../../../../../../Unreal/FOTWO/source/FOTWO02/Content/' was aborted.
[2017.08.25-15.58.16:455][511]LogDirectoryWatcher: A directory notification for '../../../Engine/Plugins/2D/Paper2D/Content/' was aborted.
[2017.08.25-15.58.16:455][511]LogDirectoryWatcher: A directory notification for '../../../Engine/Plugins/Runtime/GearVR/Content/' was aborted.
[2017.08.25-15.58.16:460][511]LogModuleManager: Shutting down and abandoning module DirectoryWatcher (161)
[2017.08.25-15.58.16:462][511]LogModuleManager: Shutting down and abandoning module KismetCompiler (158)
[2017.08.25-15.58.16:462][511]LogModuleManager: Shutting down and abandoning module LevelSequence (156)
[2017.08.25-15.58.16:462][511]LogModuleManager: Shutting down and abandoning module PhysXFormats (154)
[2017.08.25-15.58.16:462][511]LogModuleManager: Shutting down and abandoning module MeshUtilities (152)
[2017.08.25-15.58.16:462][511]LogModuleManager: Shutting down and abandoning module SimplygonSwarm (151)
[2017.08.25-15.58.16:462][511]LogModuleManager: Shutting down and abandoning module SimplygonMeshReduction (149)
[2017.08.25-15.58.16:462][511]LogModuleManager: Shutting down and abandoning module QuadricMeshReduction (147)
[2017.08.25-15.58.16:462][511]LogModuleManager: Shutting down and abandoning module DerivedDataCache (144)
[2017.08.25-15.58.16:489][511]LogDerivedDataCache: Shutdown
[2017.08.25-15.58.16:489][511]LogModuleManager: Shutting down and abandoning module TargetPlatform (142)
[2017.08.25-15.58.16:489][511]LogModuleManager: Shutting down and abandoning module VulkanShaderFormat (141)
[2017.08.25-15.58.16:489][511]LogModuleManager: Shutting down and abandoning module ShaderFormatVectorVM (139)
[2017.08.25-15.58.16:489][511]LogModuleManager: Shutting down and abandoning module ShaderFormatOpenGL (137)
[2017.08.25-15.58.16:489][511]LogModuleManager: Shutting down and abandoning module ShaderFormatD3D (135)
[2017.08.25-15.58.16:489][511]LogModuleManager: Shutting down and abandoning module MetalShaderFormat (133)
[2017.08.25-15.58.16:489][511]LogModuleManager: Shutting down and abandoning module TextureFormatUncompressed (131)
[2017.08.25-15.58.16:489][511]LogModuleManager: Shutting down and abandoning module TextureFormatPVR (129)
[2017.08.25-15.58.16:489][511]LogModuleManager: Shutting down and abandoning module TextureFormatDXT (127)
[2017.08.25-15.58.16:489][511]LogModuleManager: Shutting down and abandoning module TextureFormatIntelISPCTexComp (125)
[2017.08.25-15.58.16:489][511]LogModuleManager: Shutting down and abandoning module TextureFormatASTC (123)
[2017.08.25-15.58.16:489][511]LogModuleManager: Shutting down and abandoning module ImageWrapper (122)
[2017.08.25-15.58.16:489][511]LogModuleManager: Shutting down and abandoning module TextureFormatAndroid (119)
[2017.08.25-15.58.16:489][511]LogModuleManager: Shutting down and abandoning module AudioFormatOpus (117)
[2017.08.25-15.58.16:489][511]LogModuleManager: Shutting down and abandoning module AudioFormatOgg (115)
[2017.08.25-15.58.16:489][511]LogModuleManager: Shutting down and abandoning module AudioFormatADPCM (113)
[2017.08.25-15.58.16:489][511]LogModuleManager: Shutting down and abandoning module LinuxTargetPlatform (111)
[2017.08.25-15.58.16:489][511]LogModuleManager: Shutting down and abandoning module LinuxServerTargetPlatform (109)
[2017.08.25-15.58.16:489][511]LogModuleManager: Shutting down and abandoning module LinuxNoEditorTargetPlatform (107)
[2017.08.25-15.58.16:490][511]LogModuleManager: Shutting down and abandoning module LinuxClientTargetPlatform (105)
[2017.08.25-15.58.16:490][511]LogModuleManager: Shutting down and abandoning module TVOSTargetPlatform (103)
[2017.08.25-15.58.16:490][511]LogModuleManager: Shutting down and abandoning module Messaging (101)
[2017.08.25-15.58.16:490][511]LogModuleManager: Shutting down and abandoning module IOSTargetPlatform (99)
[2017.08.25-15.58.16:490][511]LogModuleManager: Shutting down and abandoning module HTML5TargetPlatform (97)
[2017.08.25-15.58.16:490][511]LogModuleManager: Shutting down and abandoning module Android_PVRTCTargetPlatform (95)
[2017.08.25-15.58.16:490][511]LogModuleManager: Shutting down and abandoning module Android_MultiTargetPlatform (93)
[2017.08.25-15.58.16:490][511]LogModuleManager: Shutting down and abandoning module Android_ETC2TargetPlatform (91)
[2017.08.25-15.58.16:490][511]LogModuleManager: Shutting down and abandoning module Android_ETC1TargetPlatform (89)
[2017.08.25-15.58.16:490][511]LogModuleManager: Shutting down and abandoning module Android_DXTTargetPlatform (87)
[2017.08.25-15.58.16:490][511]LogModuleManager: Shutting down and abandoning module Android_ATCTargetPlatform (85)
[2017.08.25-15.58.16:490][511]LogModuleManager: Shutting down and abandoning module Android_ASTCTargetPlatform (83)
[2017.08.25-15.58.16:490][511]LogModuleManager: Shutting down and abandoning module AndroidTargetPlatform (81)
[2017.08.25-15.58.16:490][511]LogModuleManager: Shutting down and abandoning module WindowsTargetPlatform (79)
[2017.08.25-15.58.16:490][511]LogModuleManager: Shutting down and abandoning module WindowsServerTargetPlatform (77)
[2017.08.25-15.58.16:490][511]LogModuleManager: Shutting down and abandoning module WindowsNoEditorTargetPlatform (75)
[2017.08.25-15.58.16:490][511]LogModuleManager: Shutting down and abandoning module WindowsClientTargetPlatform (73)
[2017.08.25-15.58.16:490][511]LogModuleManager: Shutting down and abandoning module MacTargetPlatform (71)
[2017.08.25-15.58.16:490][511]LogModuleManager: Shutting down and abandoning module MacServerTargetPlatform (69)
[2017.08.25-15.58.16:490][511]LogModuleManager: Shutting down and abandoning module MacNoEditorTargetPlatform (67)
[2017.08.25-15.58.16:490][511]LogModuleManager: Shutting down and abandoning module MacClientTargetPlatform (65)
[2017.08.25-15.58.16:490][511]LogModuleManager: Shutting down and abandoning module AllDesktopTargetPlatform (63)
[2017.08.25-15.58.16:490][511]LogModuleManager: Shutting down and abandoning module InputCore (60)
[2017.08.25-15.58.16:490][511]LogModuleManager: Shutting down and abandoning module Settings (58)
[2017.08.25-15.58.16:490][511]LogModuleManager: Shutting down and abandoning module OculusRift (56)
[2017.08.25-15.58.16:490][511]LogModuleManager: Shutting down and abandoning module GearVRController (54)
[2017.08.25-15.58.16:490][511]LogModuleManager: Shutting down and abandoning module GearVR (52)
[2017.08.25-15.58.16:490][511]LogModuleManager: Shutting down and abandoning module ExampleDeviceProfileSelector (50)
[2017.08.25-15.58.16:490][511]LogModuleManager: Shutting down and abandoning module OnlineBlueprintSupport (48)
[2017.08.25-15.58.16:490][511]LogModuleManager: Shutting down and abandoning module OnlineSubsystem (44)
[2017.08.25-15.58.16:490][511]LogOnline:Display: Unloading online subsystem: NULL
[2017.08.25-15.58.16:490][511]LogModuleManager: Shutting down and abandoning module XMPP (43)
[2017.08.25-15.58.16:490][511]LogModuleManager: Shutting down and abandoning module HTTP (41)
[2017.08.25-15.58.16:490][511]LogHttp:Display: Http module shutting down, but needs to wait on 1 outstanding Http requests:
[2017.08.25-15.58.16:490][511]LogHttp:Display: 	verb=[POST] url=[https://datarouter.ol.epicgames.com/datarouter/api/v1/public/data?SessionID=%7BA5A71227-4368-98CB-52C5-F990EDD73345%7D&AppID=UEEditor.Rocket.Release&AppVersion=4.16.3-3561208%2B%2B%2BUE4%2BRelease-4.16&UserID=f07af55e4db0c636e0c073a1312074d9%7Caa7a108f70184e1b92fdd786c25cd9b8%7Caeab9882-b6f4-4a22-991a-718da4fba234&AppEnvironment=datacollector-binary&UploadType=eteventstream] status=Processing
[2017.08.25-15.58.16:516][511]LogModuleManager: Shutting down and abandoning module SSL (40)
[2017.08.25-15.58.16:518][511]LogModuleManager: Shutting down and abandoning module HTTPChunkInstaller (36)
[2017.08.25-15.58.16:518][511]LogModuleManager: Shutting down and abandoning module AnimationModifiers (34)
[2017.08.25-15.58.16:518][511]LogModuleManager: Shutting down and abandoning module PropertyEditor (33)
[2017.08.25-15.58.16:518][511]LogModuleManager: Shutting down and abandoning module AudioEditor (30)
[2017.08.25-15.58.16:518][511]LogModuleManager: Shutting down and abandoning module TextureCompressor (28)
[2017.08.25-15.58.16:518][511]LogModuleManager: Shutting down and abandoning module ShaderCore (26)
[2017.08.25-15.58.16:518][511]LogModuleManager: Shutting down and abandoning module Landscape (24)
[2017.08.25-15.58.16:518][511]LogModuleManager: Shutting down and abandoning module SlateRHIRenderer (22)
[2017.08.25-15.58.16:522][511]LogModuleManager: Shutting down and abandoning module OpenGLDrv (20)
[2017.08.25-15.58.16:522][511]LogModuleManager: Shutting down and abandoning module D3D11RHI (18)
[2017.08.25-15.58.16:522][511]LogModuleManager: Shutting down and abandoning module AnimGraphRuntime (16)
[2017.08.25-15.58.16:522][511]LogModuleManager: Shutting down and abandoning module Renderer (14)
[2017.08.25-15.58.16:522][511]LogModuleManager: Shutting down and abandoning module Engine (12)
[2017.08.25-15.58.16:522][511]LogModuleManager: Shutting down and abandoning module CoreUObject (10)
[2017.08.25-15.58.16:522][511]LogModuleManager: Shutting down and abandoning module NetworkFile (8)
[2017.08.25-15.58.16:522][511]LogModuleManager: Shutting down and abandoning module StreamingFile (6)
[2017.08.25-15.58.16:522][511]LogModuleManager: Shutting down and abandoning module SandboxFile (4)
[2017.08.25-15.58.16:522][511]LogModuleManager: Shutting down and abandoning module PakFile (2)
[2017.08.25-15.58.16:526][511]LogExit: Exiting.
[2017.08.25-15.58.16:555][511]Log file closed, 08/25/17 17:58:16
