Log file open, 08/23/17 14:55:29
LogInit:Display: Running engine for game: FOTWO02
LogPlatformFile: Not using cached read wrapper
LogInit:Display: RandInit(1923381749) SRandInit(1923381749).
LogTaskGraph: Started task graph with 5 named threads and 8 total threads with 1 sets of task threads.
LogStats: Stats thread started at 0.086648
LogInit: Using libcurl 7.47.1
LogInit:  - built for x86_64-pc-win32
LogInit:  - supports SSL with OpenSSL/1.0.2g
LogInit:  - supports HTTP deflate (compression) using libz 1.2.8
LogInit:  - other features:
LogInit:      CURL_VERSION_SSL
LogInit:      CURL_VERSION_LIBZ
LogInit:      CURL_VERSION_IPV6
LogInit:      CURL_VERSION_ASYNCHDNS
LogInit:      CURL_VERSION_LARGEFILE
LogInit:      CURL_VERSION_IDN
LogInit:  CurlRequestOptions (configurable via config and command line):
LogInit:  - bVerifyPeer = false  - Libcurl will NOT verify peer certificate
LogInit:  - bUseHttpProxy = false  - Libcurl will NOT use HTTP proxy
LogInit:  - bDontReuseConnections = false  - Libcurl will reuse connections
LogInit:  - CertBundlePath = nullptr  - Libcurl will use whatever was configured at build time.
LogInit: Build: ++UE4+Release-4.16-CL-3561208
LogInit: Engine Version: 4.16.3-3561208+++UE4+Release-4.16
LogInit: Compatible Engine Version: 4.16.0-3452394+++UE4+Release-4.16
LogInit: Net CL: 3452394
LogDevObjectVersion: Number of dev versions registered: 16
LogDevObjectVersion:   Dev-Blueprints (B0D832E4-1F89-4F0D-ACCF-7EB736FD4AA2): 9
LogDevObjectVersion:   Dev-Build (E1C64328-A22C-4D53-A36C-8E866417BD8C): 0
LogDevObjectVersion:   Dev-Core (375EC13C-06E4-48FB-B500-84F0262A717E): 2
LogDevObjectVersion:   Dev-Editor (E4B068ED-F494-42E9-A231-DA0B2E46BB41): 17
LogDevObjectVersion:   Dev-Framework (CFFC743F-43B0-4480-9391-14DF171D2073): 23
LogDevObjectVersion:   Dev-Mobile (B02B49B5-BB20-44E9-A304-32B752E40360): 0
LogDevObjectVersion:   Dev-Networking (A4E4105C-59A1-49B5-A7C5-40C4547EDFEE): 0
LogDevObjectVersion:   Dev-Online (39C831C9-5AE6-47DC-9A44-9C173E1C8E7C): 0
LogDevObjectVersion:   Dev-Physics (78F01B33-EBEA-4F98-B9B4-84EACCB95AA2): 0
LogDevObjectVersion:   Dev-Platform (6631380F-2D4D-43E0-8009-CF276956A95A): 0
LogDevObjectVersion:   Dev-Rendering (12F88B9F-8875-4AFC-A67C-D90C383ABD29): 15
LogDevObjectVersion:   Dev-Sequencer (7B5AE74C-D270-4C10-A958-57980B212A5A): 4
LogDevObjectVersion:   Dev-VR (D7296918-1DD6-4BDD-9DE2-64A83CC13884): 0
LogDevObjectVersion:   Dev-LoadTimes (C2A15278-BFE7-4AFE-6C17-90FF531DF755): 1
LogDevObjectVersion:   Private-Geometry (6EACA3D4-40EC-4CC1-B786-8BED09428FC5): 1
LogDevObjectVersion:   Dev-AnimPhys (29E575DD-E0A3-4627-9D10-D276232CDCEA): 3
LogInit: Compiled (64-bit): Jul 28 2017 11:49:47
LogInit: Compiled with Visual C++: 19.00.24215.01
LogInit: Build Configuration: Development
LogInit: Branch Name: ++UE4+Release-4.16
LogInit: Command line:  
LogInit: Base directory: C:/Program Files/Epic Games/UE_4.16/Engine/Binaries/Win64/
LogInit: Installed Engine Build: 1
LogInit: Presizing for max 8388607 objects, including 0 objects not considered by GC, pre-allocating 0 bytes for permanent pool.
LogInit: Object subsystem initialized
[2017.08.23-12.55.30:104][  0]LogInit: Selected Device Profile: [Windows]
[2017.08.23-12.55.30:104][  0]LogInit: Applying CVar settings loaded from the selected device profile: [Windows]
[2017.08.23-12.55.30:131][  0]LogInit: Computer: KLAUDE2017ALIEN
[2017.08.23-12.55.30:131][  0]LogInit: User: vonkl
[2017.08.23-12.55.30:131][  0]LogInit: CPU Page size=4096, Cores=4
[2017.08.23-12.55.30:131][  0]LogInit: High frequency timer resolution =2.742185 MHz
[2017.08.23-12.55.30:132][  0]LogMemory: Memory total: Physical=15.9GB (16GB approx)
[2017.08.23-12.55.30:132][  0]LogMemory: Platform Memory Stats for Windows
[2017.08.23-12.55.30:132][  0]LogMemory: Process Physical Memory: 273.09 MB used, 273.09 MB peak
[2017.08.23-12.55.30:132][  0]LogMemory: Process Virtual Memory: 260.92 MB used, 260.92 MB peak
[2017.08.23-12.55.30:132][  0]LogMemory: Physical Memory: 6547.54 MB used,  9709.44 MB free, 16256.98 MB total
[2017.08.23-12.55.30:132][  0]LogMemory: Virtual Memory: 638.49 MB used,  9709.44 MB free, 134217728.00 MB total
[2017.08.23-12.55.30:220][  0]LogInit: Using OS detected language (en-GB).
[2017.08.23-12.55.30:220][  0]LogInit: Using OS detected locale (en-GB).
[2017.08.23-12.55.30:222][  0]LogTextLocalizationManager: No specific localization for 'en-GB' exists, so the 'en' localization will be used.
[2017.08.23-12.55.31:079][  0]LogD3D11RHI: D3D11 adapters:
[2017.08.23-12.55.31:656][  0]LogD3D11RHI:    0. 'NVIDIA GeForce GTX 1060' (Feature Level 11_0)
[2017.08.23-12.55.31:656][  0]LogD3D11RHI:       6084/0/8128 MB DedicatedVideo/DedicatedSystem/SharedSystem, Outputs:2, VendorId:0x10de
[2017.08.23-12.55.31:677][  0]LogD3D11RHI:    1. 'Intel(R) HD Graphics 630' (Feature Level 11_0)
[2017.08.23-12.55.31:677][  0]LogD3D11RHI:       128/0/8128 MB DedicatedVideo/DedicatedSystem/SharedSystem, Outputs:0, VendorId:0x8086
[2017.08.23-12.55.31:678][  0]LogD3D11RHI:    2. 'Microsoft Basic Render Driver' (Feature Level 11_0)
[2017.08.23-12.55.31:678][  0]LogD3D11RHI:       0/0/8128 MB DedicatedVideo/DedicatedSystem/SharedSystem, Outputs:0, VendorId:0x1414
[2017.08.23-12.55.31:678][  0]LogD3D11RHI: Chosen D3D11 Adapter: 0
[2017.08.23-12.55.31:683][  0]LogD3D11RHI: Creating new Direct3DDevice
[2017.08.23-12.55.31:683][  0]LogD3D11RHI:     GPU DeviceId: 0x1c60 (for the marketing name, search the web for "GPU Device Id")
[2017.08.23-12.55.31:683][  0]LogWindows: EnumDisplayDevices:
[2017.08.23-12.55.31:684][  0]LogWindows:    0. 'NVIDIA GeForce GTX 1060' (P:0 D:1)
[2017.08.23-12.55.31:684][  0]LogWindows:    1. 'NVIDIA GeForce GTX 1060' (P:1 D:1)
[2017.08.23-12.55.31:684][  0]LogWindows:    2. 'NVIDIA GeForce GTX 1060' (P:0 D:0)
[2017.08.23-12.55.31:684][  0]LogWindows:    3. 'NVIDIA GeForce GTX 1060' (P:0 D:0)
[2017.08.23-12.55.31:684][  0]LogWindows:    4. 'Intel(R) HD Graphics 630' (P:0 D:0)
[2017.08.23-12.55.31:684][  0]LogWindows:    5. 'Intel(R) HD Graphics 630' (P:0 D:0)
[2017.08.23-12.55.31:684][  0]LogWindows:    6. 'Intel(R) HD Graphics 630' (P:0 D:0)
[2017.08.23-12.55.31:684][  0]LogWindows: DebugString: PrimaryIsNotTheChoosenAdapter PrimaryIsNotTheChoosenAdapter PrimaryIsNotTheChoosenAdapter FoundDriverCount:4 
[2017.08.23-12.55.31:684][  0]LogD3D11RHI:     Adapter Name: NVIDIA GeForce GTX 1060
[2017.08.23-12.55.31:684][  0]LogD3D11RHI:   Driver Version: 382.53 (internal:22.21.13.8253, unified:382.53)
[2017.08.23-12.55.31:685][  0]LogD3D11RHI:      Driver Date: 6-7-2017
[2017.08.23-12.55.31:685][  0]LogRHI: Texture pool is 1361 MB (70% of 1945 MB)
[2017.08.23-12.55.32:243][  0]LogD3D11RHI: Async texture creation enabled
[2017.08.23-12.55.32:283][  0]LogD3D11RHI: GPU Timing Frequency: 1000.000000 (Debug: 2 2)
[2017.08.23-12.55.32:379][  0]LogShaderCompilers: Guid format shader working directory is 0 characters bigger than the processId version (../../../../../../Unreal/FOTWO/source/FOTWO02/Intermediate/Shaders/WorkingDirectory/10312/).
[2017.08.23-12.55.32:379][  0]LogShaderCompilers: Cleaned the shader compiler working directory 'C:/Users/vonkl/AppData/Local/Temp/UnrealShaderWorkingDir/87CBB68A4408CEB232AFC4B1295F41B6/'.
[2017.08.23-12.55.32:379][  0]LogShaderCompilers:Display: Using Local Shader Compiler.
[2017.08.23-12.55.33:405][  0]LogTemp:Display: Loaded TP AllDesktopTargetPlatform
[2017.08.23-12.55.33:453][  0]LogTemp:Display: Loaded TP MacClientTargetPlatform
[2017.08.23-12.55.33:502][  0]LogTemp:Display: Loaded TP MacNoEditorTargetPlatform
[2017.08.23-12.55.33:548][  0]LogTemp:Display: Loaded TP MacServerTargetPlatform
[2017.08.23-12.55.33:595][  0]LogTemp:Display: Loaded TP MacTargetPlatform
[2017.08.23-12.55.33:641][  0]LogTemp:Display: Loaded TP WindowsClientTargetPlatform
[2017.08.23-12.55.33:688][  0]LogTemp:Display: Loaded TP WindowsNoEditorTargetPlatform
[2017.08.23-12.55.33:747][  0]LogTemp:Display: Loaded TP WindowsServerTargetPlatform
[2017.08.23-12.55.33:789][  0]LogTemp:Display: Loaded TP WindowsTargetPlatform
[2017.08.23-12.55.33:833][  0]LogTemp:Display: Loaded TP AndroidTargetPlatform
[2017.08.23-12.55.33:879][  0]LogTemp:Display: Loaded TP Android_ASTCTargetPlatform
[2017.08.23-12.55.33:924][  0]LogTemp:Display: Loaded TP Android_ATCTargetPlatform
[2017.08.23-12.55.33:971][  0]LogTemp:Display: Loaded TP Android_DXTTargetPlatform
[2017.08.23-12.55.34:015][  0]LogTemp:Display: Loaded TP Android_ETC1TargetPlatform
[2017.08.23-12.55.34:060][  0]LogTemp:Display: Loaded TP Android_ETC2TargetPlatform
[2017.08.23-12.55.34:152][  0]LogTemp:Display: Loaded TP Android_MultiTargetPlatform
[2017.08.23-12.55.34:152][  0]LogTemp:Display: Loaded TP Android_PVRTCTargetPlatform
[2017.08.23-12.55.34:188][  0]LogTemp:Display: Loaded TP HTML5TargetPlatform
[2017.08.23-12.55.34:275][  0]LogTemp:Display: Loaded TP IOSTargetPlatform
[2017.08.23-12.55.34:306][  0]LogTemp:Display: Loaded TP TVOSTargetPlatform
[2017.08.23-12.55.34:356][  0]LogTemp:Display: Loaded TP LinuxClientTargetPlatform
[2017.08.23-12.55.34:403][  0]LogTemp:Display: Loaded TP LinuxNoEditorTargetPlatform
[2017.08.23-12.55.34:450][  0]LogTemp:Display: Loaded TP LinuxServerTargetPlatform
[2017.08.23-12.55.34:496][  0]LogTemp:Display: Loaded TP LinuxTargetPlatform
[2017.08.23-12.55.34:496][  0]LogTargetPlatformManager:Display: Building Assets For Windows
[2017.08.23-12.55.34:968][  0]LogDerivedDataCache:Display: Max Cache Size: 512 MB
[2017.08.23-12.55.35:051][  0]LogDerivedDataCache: Loaded boot cache 0.08s 90MB C:/Users/vonkl/AppData/Local/UnrealEngine/4.16/DerivedDataCache/Boot.ddc.
[2017.08.23-12.55.35:051][  0]LogDerivedDataCache:Display: Loaded Boot cache: C:/Users/vonkl/AppData/Local/UnrealEngine/4.16/DerivedDataCache/Boot.ddc
[2017.08.23-12.55.35:051][  0]LogDerivedDataCache: FDerivedDataBackendGraph:  Pak pak cache file ../../../../../../Unreal/FOTWO/source/FOTWO02/DerivedDataCache/DDC.ddp not found, will not use a pak cache.
[2017.08.23-12.55.35:051][  0]LogDerivedDataCache: Unable to find inner node Pak for hierarchical cache Hierarchy.
[2017.08.23-12.55.35:051][  0]LogDerivedDataCache: FDerivedDataBackendGraph:  CompressedPak pak cache file ../../../../../../Unreal/FOTWO/source/FOTWO02/DerivedDataCache/Compressed.ddp not found, will not use a pak cache.
[2017.08.23-12.55.35:051][  0]LogDerivedDataCache: Unable to find inner node CompressedPak for hierarchical cache Hierarchy.
[2017.08.23-12.55.35:065][  0]LogDerivedDataCache:Display: Pak cache opened for reading ../../../Engine/DerivedDataCache/Compressed.ddp.
[2017.08.23-12.55.35:077][  0]LogDerivedDataCache: Using Local data cache path C:/Users/vonkl/AppData/Local/UnrealEngine/Common/DerivedDataCache: Writable
[2017.08.23-12.55.35:086][  0]LogMaterial: Verifying Global Shaders for PCD3D_SM5
[2017.08.23-12.55.35:087][  0]LogSlate: Using Freetype 2.6.0
[2017.08.23-12.55.35:087][  0]LogSlate: SlateFontCache - WITH_FREETYPE: 1, WITH_HARFBUZZ: 1
[2017.08.23-12.55.35:087][  0]LogSlate: SlateFontCache - WITH_FREETYPE: 1, WITH_HARFBUZZ: 1
[2017.08.23-12.55.35:394][  0]LogInit: Selected Device Profile: [Windows]
[2017.08.23-12.55.35:463][  0]LogContentStreaming: Texture pool size is 0.00 MB
[2017.08.23-12.55.35:617][  0]LogMeshUtilities: Using QuadricMeshReduction for automatic static mesh reduction
[2017.08.23-12.55.35:659][  0]LogSimplygon: Simplygon DLL not present - disabling.
[2017.08.23-12.55.35:707][  0]LogMeshUtilities: Using SimplygonSwarm for distributed automatic mesh merging
[2017.08.23-12.55.35:707][  0]LogMeshUtilities: No automatic skeletal mesh reduction module available
[2017.08.23-12.55.35:707][  0]LogMeshUtilities: No automatic mesh merging module available
[2017.08.23-12.55.36:293][  0]LogNetVersion: FOTWO02 , NetCL: 3452394, EngineNetVer: 2, GameNetVer: 0 (Checksum: 2990255715)
[2017.08.23-12.55.36:353][  0]LogAssetRegistry: FAssetRegistry took 0.0254 seconds to start up
[2017.08.23-12.55.36:409][  0]LogPackageLocalizationCache: Processed 4 localized package path(s) for 2 prioritized culture(s) in 0.033443 seconds
[2017.08.23-12.55.36:413][  0]LogUObjectArray: 34194 objects as part of root set at end of initial load.
[2017.08.23-12.55.36:413][  0]LogUObjectAllocator: 7260416 out of 0 bytes used by permanent object pool.
[2017.08.23-12.55.36:413][  0]LogUObjectArray: CloseDisregardForGC: 0/0 objects in disregard for GC pool
[2017.08.23-12.55.36:476][  0]LogInit: WinSock: version 1.1 (2.2), MaxSocks=32767, MaxUdp=65467
[2017.08.23-12.55.38:889][  0]LogTcpMessaging: Initializing TcpMessaging bridge
[2017.08.23-12.55.38:945][  0]LogUdpMessaging: Initializing bridge on interface 0.0.0.0:0 to multicast group 230.0.0.1:6666.
[2017.08.23-12.55.39:491][  0]LogMaterial: Uniform references updated for custom material expression Custom.
[2017.08.23-12.55.39:914][  0]SourceControl: Info Source control is disabled
[2017.08.23-12.55.39:943][  0]SourceControl: Info Source control is disabled
[2017.08.23-12.55.39:987][  0]SourceControl: Info Source control is disabled
[2017.08.23-12.55.40:030][  0]SourceControl: Info Source control is disabled
[2017.08.23-12.55.40:666][  0]LogAndroidPermission: UAndroidPermissionCallbackProxy::GetInstance
[2017.08.23-12.55.41:219][  0]LogEngine: Initializing Engine...
[2017.08.23-12.55.41:219][  0]LogHMD: Failed to initialize OpenVR with code 110
[2017.08.23-12.55.41:424][  0]LogStats: UGameplayTagsManager::ConstructGameplayTagTree: Construct from data asset -  0.000 s
[2017.08.23-12.55.41:424][  0]LogStats: UGameplayTagsManager::ConstructGameplayTagTree: GameplayTagTreeChangedEvent.Broadcast -  0.000 s
[2017.08.23-12.55.41:545][  0]LogAIModule: Creating AISystem for world Untitled
[2017.08.23-12.55.41:556][  0]LogInit: XAudio2 using 'Headset Earphone (3- Microsoft LifeChat LX-3000)' : 2 channels at 48 kHz using 16 bits per sample (channel mask 0x3)
[2017.08.23-12.55.41:567][  0]LogInit: FAudioDevice initialized.
[2017.08.23-12.55.41:606][  0]LogDerivedDataCache: Saved boot cache 0.04s 90MB C:/Users/vonkl/AppData/Local/UnrealEngine/4.16/DerivedDataCache/Boot.ddc.
[2017.08.23-12.55.41:619][  0]LogInit: Texture streaming: Enabled
[2017.08.23-12.55.41:710][  0]LogEngineSessionManager: EngineSessionManager initialized
[2017.08.23-12.55.41:908][  0]LogInit: Transaction tracking system initialized
[2017.08.23-12.55.42:192][  0]BlueprintLog: New page: Editor Load
[2017.08.23-12.55.43:068][  0]LocalizationService: Info Localization service is disabled
[2017.08.23-12.55.43:766][  0]LogConsoleResponse:Display: 
[2017.08.23-12.55.43:924][  0]LogCook:Display: Max memory allowance for cook 16384mb min free memory 0mb
[2017.08.23-12.55.43:924][  0]LogCook:Display: Mobile HDR setting 1
[2017.08.23-12.55.44:070][  0]LogFileCache: Scanning file cache for directory 'C:/Unreal/FOTWO/source/FOTWO02/Content/' took 0.02s
[2017.08.23-12.55.44:906][  0]SourceControl: Info Source control is disabled
[2017.08.23-12.55.44:907][  0]Cmd: MAP LOAD FILE="../../../../../../Unreal/FOTWO/source/FOTWO02/Content/2DSideScrollerBP/Maps/2DSideScrollerExampleMap.umap" TEMPLATE=0 SHOWPROGRESS=1 FEATURELEVEL=3
[2017.08.23-12.55.44:907][  0]LogEditorServer:Warning: Can't find file '../../../../../../Unreal/FOTWO/source/FOTWO02/Content/2DSideScrollerBP/Maps/2DSideScrollerExampleMap.umap'
[2017.08.23-12.55.44:907][  0]Cmd: MAP CHECKDEP NOCLEARLOG
[2017.08.23-12.55.44:948][  0]MapCheck: Info Map check complete: 0 Error(s), 0 Warning(s), took 41.75ms to complete.
[2017.08.23-12.55.44:948][  0]LogFileHelpers: Loading map '2DSideScrollerExampleMap' took 0.042
[2017.08.23-12.55.45:076][  0]LogWindowsTextInputMethodSystem:Display: IME system now deactivated.
[2017.08.23-12.55.45:224][  0]LogCollectionManager: Loaded 0 collections in 0.001542 seconds
[2017.08.23-12.55.45:304][  0]LogFileCache: Scanning file cache for directory 'C:/Unreal/FOTWO/source/FOTWO02/Saved/Collections/' took 0.01s
[2017.08.23-12.55.45:304][  0]LogFileCache: Scanning file cache for directory 'C:/Unreal/FOTWO/source/FOTWO02/Content/Developers/vonkl/Collections/' took 0.02s
[2017.08.23-12.55.45:304][  0]LogFileCache: Scanning file cache for directory 'C:/Unreal/FOTWO/source/FOTWO02/Content/Collections/' took 0.01s
[2017.08.23-12.55.45:304][  0]LogCollectionManager: Rebuilt the GUID cache for 0 collections in 0.000001 seconds
[2017.08.23-12.55.45:312][  0]LogContentBrowser: Native class hierarchy populated in 0.0077 seconds. Added 2329 classes and 491 folders.
[2017.08.23-12.55.45:371][  0]LogContentBrowser: Native class hierarchy updated for 'WidgetCarousel' in 0.0004 seconds. Added 0 classes and 0 folders.
[2017.08.23-12.55.45:408][  0]LogContentBrowser: Native class hierarchy updated for 'AddContentDialog' in 0.0004 seconds. Added 0 classes and 0 folders.
[2017.08.23-12.55.45:480][  0]LogContentBrowser: Native class hierarchy updated for 'SceneOutliner' in 0.0005 seconds. Added 1 classes and 2 folders.
[2017.08.23-12.55.45:578][  0]LogCrashTracker: Crashtracker disabled due to settings.
[2017.08.23-12.55.45:584][  0]LogSlate: Took 0.000257 seconds to synchronously load lazily loaded font '../../../Engine/Content/Slate/Fonts/Roboto-Regular.ttf' (155K)
[2017.08.23-12.55.45:586][  0]LogSlate: Took 0.000203 seconds to synchronously load lazily loaded font '../../../Engine/Content/Slate/Fonts/Roboto-Bold.ttf' (160K)
[2017.08.23-12.55.45:593][  0]LogSlate: Took 0.000217 seconds to synchronously load lazily loaded font '../../../Engine/Content/Editor/Slate/Fonts/FontAwesome.ttf' (139K)
[2017.08.23-12.55.45:701][  0]LogRenderer: Reallocating scene render targets to support 1648x932 NumSamples 1 (Frame:1).
[2017.08.23-12.55.45:798][  0]LogUObjectGlobals:Warning: Failed to find object 'Class None.'
[2017.08.23-12.55.45:858][  0]LogContentBrowser: Native class hierarchy updated for 'HierarchicalLODOutliner' in 0.0005 seconds. Added 1 classes and 2 folders.
[2017.08.23-12.55.45:858][  0]LogLoad: (Engine Initialization) Total time: 17.33 seconds
[2017.08.23-12.55.45:858][  0]LogLoad: (Engine Initialization) Total Blueprint compile time: 0.04 seconds
[2017.08.23-12.55.45:859][  0]LogExternalProfiler: Found external profiler: VSPerf
[2017.08.23-12.55.45:859][  0]LogExternalProfiler: Using external profiler: VSPerf
[2017.08.23-12.55.45:880][  0]LogOcInput: OculusInput pre-init called
[2017.08.23-12.55.45:880][  0]LogHMD: Starting GearVRController plugin
[2017.08.23-12.55.45:896][  0]LogContentStreaming: Texture pool size now 1000 MB
[2017.08.23-12.55.45:934][  1]LogAssetRegistry: Asset discovery search completed in 9.6027 seconds
[2017.08.23-12.55.45:936][  1]LogCollectionManager: Rebuilt the object cache for 0 collections in 0.000001 seconds (found 0 objects)
[2017.08.23-12.55.45:936][  1]LogCollectionManager: Fixed up redirectors for 0 collections in 0.000038 seconds (updated 0 objects)
[2017.08.23-12.55.48:330][141]LogSlate: Took 0.000114 seconds to synchronously load lazily loaded font '../../../Engine/Content/Slate/Fonts/Roboto-Light.ttf' (159K)
[2017.08.23-12.55.49:335][141]LogSlate: Took 0.000115 seconds to synchronously load lazily loaded font '../../../Engine/Content/Slate/Fonts/Roboto-Regular.ttf' (155K)
[2017.08.23-12.55.49:798][141]LogAIModule: Creating AISystem for world FOTWO01
[2017.08.23-12.55.49:842][141]Cmd: MAP LOAD FILE="../../../../../../Unreal/FOTWO/source/FOTWO02/Content/2DSideScrollerBP/Maps/FOTWO01.umap" TEMPLATE=0 SHOWPROGRESS=1 FEATURELEVEL=3
[2017.08.23-12.55.49:842][141]LightingResults: New page: Lighting Build
[2017.08.23-12.55.49:884][141]LogContentBrowser: Native class hierarchy updated for 'StatsViewer' in 0.0006 seconds. Added 5 classes and 0 folders.
[2017.08.23-12.55.49:884][141]LoadErrors: New page: Loading map: FOTWO01.umap
[2017.08.23-12.55.49:885][141]MapCheck: New page: Map Check
[2017.08.23-12.55.49:885][141]LightingResults: New page: Lighting Build
[2017.08.23-12.55.49:965][141]LogEditorServer: Finished looking for orphan Actors (0.000 secs)
[2017.08.23-12.55.50:004][141]Cmd: MAP CHECKDEP NOCLEARLOG
[2017.08.23-12.55.50:050][141]MapCheck: Info Map check complete: 0 Error(s), 0 Warning(s), took 46.764ms to complete.
[2017.08.23-12.55.50:050][141]LogFileHelpers: Loading map 'FOTWO01' took 0.209
[2017.08.23-12.55.57:409][555]LogContentBrowser: Native class hierarchy updated for 'BlueprintGraph' in 0.0009 seconds. Added 112 classes and 0 folders.
[2017.08.23-12.55.58:172][555]LogSlate: Took 0.000159 seconds to synchronously load lazily loaded font '../../../Engine/Content/Editor/Slate/Fonts/Roboto-BoldCondensed.ttf' (158K)
[2017.08.23-12.55.58:831][556]LogSlate: Took 0.000157 seconds to synchronously load lazily loaded font '../../../Engine/Content/Editor/Slate/Fonts/Roboto-Italic.ttf' (157K)
[2017.08.23-12.56.02:336][742]LogSlate: Took 0.000113 seconds to synchronously load lazily loaded font '../../../Engine/Content/Slate/Fonts/Roboto-Light.ttf' (159K)
[2017.08.23-12.56.05:875][947]LogSynthBenchmark:Display: FSynthBenchmark (V0.95):  requested WorkScale=5.00
[2017.08.23-12.56.05:875][947]LogSynthBenchmark:Display: ===============
[2017.08.23-12.56.05:875][947]LogSynthBenchmark:Display: Main Processor:
[2017.08.23-12.56.06:088][947]LogSynthBenchmark:Display:          ... 0.022564 s/Run 'RayIntersect'
[2017.08.23-12.56.06:088][947]LogSynthBenchmark:Display:          ... 0.020089 s/Run 'Fractal'
[2017.08.23-12.56.06:088][947]LogSynthBenchmark:Display: 
[2017.08.23-12.56.06:089][947]LogSynthBenchmark:Display:   CompiledTarget_x_Bits: 64
[2017.08.23-12.56.06:089][947]LogSynthBenchmark:Display:   UE_BUILD_SHIPPING: 0
[2017.08.23-12.56.06:089][947]LogSynthBenchmark:Display:   UE_BUILD_TEST: 0
[2017.08.23-12.56.06:089][947]LogSynthBenchmark:Display:   UE_BUILD_DEBUG: 0
[2017.08.23-12.56.06:089][947]LogSynthBenchmark:Display:   TotalPhysicalGBRam: 16
[2017.08.23-12.56.06:089][947]LogSynthBenchmark:Display:   NumberOfCores (physical): 4
[2017.08.23-12.56.06:089][947]LogSynthBenchmark:Display:   NumberOfCores (logical): 8
[2017.08.23-12.56.06:089][947]LogSynthBenchmark:Display:   CPU Perf Index 0: 113.5 (weight 1.00)
[2017.08.23-12.56.06:089][947]LogSynthBenchmark:Display:   CPU Perf Index 1: 142.4 (weight 1.50)
[2017.08.23-12.56.06:089][947]LogSynthBenchmark:Display:  
[2017.08.23-12.56.06:089][947]LogSynthBenchmark:Display: Graphics:
[2017.08.23-12.56.06:089][947]LogSynthBenchmark:Display:   Adapter Name: 'NVIDIA GeForce GTX 1060'
[2017.08.23-12.56.06:089][947]LogSynthBenchmark:Display:   (On Optimus the name might be wrong, memory should be ok)
[2017.08.23-12.56.06:089][947]LogSynthBenchmark:Display:   Vendor Id: 0x10DE
[2017.08.23-12.56.06:089][947]LogSynthBenchmark:Display:   Device Id: 0x1C60
[2017.08.23-12.56.06:089][947]LogSynthBenchmark:Display:   Device Revision: 0xA1
[2017.08.23-12.56.06:089][947]LogSynthBenchmark:Display:   GPU Memory: 6085/0/8129 MB
[2017.08.23-12.56.06:173][947]LogSynthBenchmark:Display:   GPU first test: 0.02s
[2017.08.23-12.56.06:173][947]LogSynthBenchmark:Display:          ... 3.902 s/GigaPix, Confidence=89% 'ALUHeavyNoise' (likely to be very inaccurate)
[2017.08.23-12.56.06:173][947]LogSynthBenchmark:Display:          ... 3.328 s/GigaPix, Confidence=100% 'TexHeavy' (likely to be very inaccurate)
[2017.08.23-12.56.06:173][947]LogSynthBenchmark:Display:          ... 2.723 s/GigaPix, Confidence=100% 'DepTexHeavy' (likely to be very inaccurate)
[2017.08.23-12.56.06:173][947]LogSynthBenchmark:Display:          ... 13.114 s/GigaPix, Confidence=100% 'FillOnly' (likely to be very inaccurate)
[2017.08.23-12.56.06:173][947]LogSynthBenchmark:Display:          ... 0.485 s/GigaPix, Confidence=100% 'Bandwidth' (likely to be very inaccurate)
[2017.08.23-12.56.06:173][947]LogSynthBenchmark:Display:          ... 9.220 s/GigaVert, Confidence=60% 'VertThroughPut1' (likely to be very inaccurate)
[2017.08.23-12.56.06:173][947]LogSynthBenchmark:Display:          ... 3.393 s/GigaVert, Confidence=100% 'VertThroughPut2' (likely to be very inaccurate)
[2017.08.23-12.56.06:469][947]LogSynthBenchmark:Display:   GPU second test: 0.26s
[2017.08.23-12.56.06:469][947]LogSynthBenchmark:Display:          ... 5.735 s/GigaPix, Confidence=70% 'ALUHeavyNoise' (likely to be inaccurate)
[2017.08.23-12.56.06:469][947]LogSynthBenchmark:Display:          ... 4.222 s/GigaPix, Confidence=11% 'TexHeavy' (likely to be inaccurate)
[2017.08.23-12.56.06:469][947]LogSynthBenchmark:Display:          ... 3.851 s/GigaPix, Confidence=11% 'DepTexHeavy' (likely to be inaccurate)
[2017.08.23-12.56.06:469][947]LogSynthBenchmark:Display:          ... 23.452 s/GigaPix, Confidence=11% 'FillOnly' (likely to be inaccurate)
[2017.08.23-12.56.06:469][947]LogSynthBenchmark:Display:          ... 0.549 s/GigaPix, Confidence=11% 'Bandwidth' (likely to be inaccurate)
[2017.08.23-12.56.06:469][947]LogSynthBenchmark:Display:          ... 1.640 s/GigaVert, Confidence=11% 'VertThroughPut1' (likely to be inaccurate)
[2017.08.23-12.56.06:469][947]LogSynthBenchmark:Display:          ... 3.609 s/GigaVert, Confidence=89% 'VertThroughPut2' (likely to be inaccurate)
[2017.08.23-12.56.06:469][947]LogSynthBenchmark:Display:   GPU Final Results:
[2017.08.23-12.56.06:469][947]LogSynthBenchmark:Display:          ... 5.735 s/GigaPix, Confidence=70% 'ALUHeavyNoise'
[2017.08.23-12.56.06:469][947]LogSynthBenchmark:Display:          ... 4.222 s/GigaPix, Confidence=11% 'TexHeavy'
[2017.08.23-12.56.06:469][947]LogSynthBenchmark:Display:          ... 3.851 s/GigaPix, Confidence=11% 'DepTexHeavy'
[2017.08.23-12.56.06:469][947]LogSynthBenchmark:Display:          ... 23.452 s/GigaPix, Confidence=11% 'FillOnly'
[2017.08.23-12.56.06:469][947]LogSynthBenchmark:Display:          ... 0.549 s/GigaPix, Confidence=11% 'Bandwidth'
[2017.08.23-12.56.06:469][947]LogSynthBenchmark:Display:          ... 1.640 s/GigaVert, Confidence=11% 'VertThroughPut1'
[2017.08.23-12.56.06:469][947]LogSynthBenchmark:Display:          ... 3.609 s/GigaVert, Confidence=89% 'VertThroughPut2'
[2017.08.23-12.56.06:469][947]LogSynthBenchmark:Display: 
[2017.08.23-12.56.06:469][947]LogSynthBenchmark:Display:   GPU Perf Index 0: 124.7 (weight 1.00)
[2017.08.23-12.56.06:469][947]LogSynthBenchmark:Display:   GPU Perf Index 1: 56.7 (weight 0.10)
[2017.08.23-12.56.06:469][947]LogSynthBenchmark:Display:   GPU Perf Index 2: 100.1 (weight 0.10)
[2017.08.23-12.56.06:469][947]LogSynthBenchmark:Display:   GPU Perf Index 3: 92.1 (weight 3.00)
[2017.08.23-12.56.06:469][947]LogSynthBenchmark:Display:   GPU Perf Index 4: 51.2 (weight 1.00)
[2017.08.23-12.56.06:469][947]LogSynthBenchmark:Display:   GPU Perf Index 5: 106.7 (weight 0.00)
[2017.08.23-12.56.06:469][947]LogSynthBenchmark:Display:   GPU Perf Index 6: 204.2 (weight 0.00)
[2017.08.23-12.56.06:469][947]LogSynthBenchmark:Display:   CPUIndex: 130.8
[2017.08.23-12.56.06:469][947]LogSynthBenchmark:Display:   GPUIndex: 90.0
[2017.08.23-12.56.06:469][947]LogSynthBenchmark:Display: 
[2017.08.23-12.56.06:469][947]LogSynthBenchmark:Display:          ... Total Time: 0.594227 sec
[2017.08.23-12.56.18:601][634]BlueprintLog: New page: Compile ArchHUD
[2017.08.23-12.56.18:987][634]LogSavePackage: Save=145.11ms
[2017.08.23-12.56.18:987][634]LogSavePackage: Moving '../../../../../../Unreal/FOTWO/source/FOTWO02/Saved/ArchHUD6197ACC240B9875C0949C28366C6F1BE.tmp' to '../../../../../../Unreal/FOTWO/source/FOTWO02/Content/2DSideScrollerBP/Blueprints/User_Interface/ArchHUD.uasset'
[2017.08.23-12.56.18:990][634]LogSavePackage:Display: Finished SavePackage ../../../../../../Unreal/FOTWO/source/FOTWO02/Content/2DSideScrollerBP/Blueprints/User_Interface/ArchHUD.uasset
[2017.08.23-12.56.18:995][634]BlueprintEditorCompileResults: Info Fast Template Successfully Created.
[2017.08.23-12.56.25:311][985]BlueprintLog: New page: Compile ArchHUD
[2017.08.23-12.56.25:651][985]LogSavePackage: Save=144.24ms
[2017.08.23-12.56.25:651][985]LogSavePackage: Moving '../../../../../../Unreal/FOTWO/source/FOTWO02/Saved/ArchHUDE61B0F53442A1B82675387A29CD1A727.tmp' to '../../../../../../Unreal/FOTWO/source/FOTWO02/Content/2DSideScrollerBP/Blueprints/User_Interface/ArchHUD.uasset'
[2017.08.23-12.56.25:654][985]LogSavePackage:Display: Finished SavePackage ../../../../../../Unreal/FOTWO/source/FOTWO02/Content/2DSideScrollerBP/Blueprints/User_Interface/ArchHUD.uasset
[2017.08.23-12.56.25:661][985]BlueprintEditorCompileResults: Info Fast Template Successfully Created.
[2017.08.23-12.56.53:204][518]BlueprintLog: New page: Compile ArchHUD
[2017.08.23-12.56.53:541][518]LogSavePackage: Save=147.52ms
[2017.08.23-12.56.53:541][518]LogSavePackage: Moving '../../../../../../Unreal/FOTWO/source/FOTWO02/Saved/ArchHUD645AC12F4C0500B0F8704EAA12E9ACE0.tmp' to '../../../../../../Unreal/FOTWO/source/FOTWO02/Content/2DSideScrollerBP/Blueprints/User_Interface/ArchHUD.uasset'
[2017.08.23-12.56.53:544][518]LogSavePackage:Display: Finished SavePackage ../../../../../../Unreal/FOTWO/source/FOTWO02/Content/2DSideScrollerBP/Blueprints/User_Interface/ArchHUD.uasset
[2017.08.23-12.56.53:548][518]BlueprintEditorCompileResults: Info Fast Template Successfully Created.
[2017.08.23-12.56.56:336][684]LogTemp: Repeting last play command: Selected Viewport
[2017.08.23-12.56.56:388][684]LogBlueprintUserMessages: Early PlayInEditor Detection: Level '/Game/2DSideScrollerBP/Maps/FOTWO01.FOTWO01:PersistentLevel' has LevelScriptBlueprint '/Game/2DSideScrollerBP/Maps/FOTWO01.FOTWO01:PersistentLevel.FOTWO01' with GeneratedClass '/Game/2DSideScrollerBP/Maps/FOTWO01.FOTWO01_C' with ClassGeneratedBy '/Game/2DSideScrollerBP/Maps/FOTWO01.FOTWO01:PersistentLevel.FOTWO01'
[2017.08.23-12.56.56:388][684]LogPlayLevel: PlayLevel: No blueprints needed recompiling
[2017.08.23-12.56.56:388][684]PIE: New page: PIE session: FOTWO01 (23 Aug 2017 16:56:56)
[2017.08.23-12.56.56:388][684]LogPlayLevel: Creating play world package: /Game/2DSideScrollerBP/Maps/UEDPIE_0_FOTWO01
[2017.08.23-12.56.56:389][684]LogPlayLevel: PIE: StaticDuplicateObject took: (0.001386s)
[2017.08.23-12.56.56:390][684]LogAIModule: Creating AISystem for world FOTWO01
[2017.08.23-12.56.56:390][684]LogPlayLevel: PIE: World Init took: (0.000520s)
[2017.08.23-12.56.56:390][684]LogPlayLevel: PIE: Created PIE world by copying editor world from /Game/2DSideScrollerBP/Maps/FOTWO01.FOTWO01 to /Game/2DSideScrollerBP/Maps/UEDPIE_0_FOTWO01.FOTWO01 (0.002090s)
[2017.08.23-12.56.56:414][684]LogInit: XAudio2 using 'Headset Earphone (3- Microsoft LifeChat LX-3000)' : 2 channels at 48 kHz using 16 bits per sample (channel mask 0x3)
[2017.08.23-12.56.56:420][684]LogInit: FAudioDevice initialized.
[2017.08.23-12.56.56:464][684]LogLoad: Game class is 'FOTWOGameMode_C'
[2017.08.23-12.56.56:466][684]LogWorld: Bringing World /Game/2DSideScrollerBP/Maps/UEDPIE_0_FOTWO01.FOTWO01 up for play (max tick rate 60) at 2017.08.23-14.56.56
[2017.08.23-12.56.56:466][684]LogWorld: Bringing up level for play took: 0.001029
[2017.08.23-12.56.56:509][684]LogContentBrowser: Native class hierarchy updated for 'MovieSceneCapture' in 0.0006 seconds. Added 11 classes and 0 folders.
[2017.08.23-12.56.56:520][684]PIE: Info Play in editor start time for /Game/2DSideScrollerBP/Maps/UEDPIE_0_FOTWO01 0.101
[2017.08.23-12.56.56:520][684]LogBlueprintUserMessages: Late PlayInEditor Detection: Level '/Game/2DSideScrollerBP/Maps/FOTWO01.FOTWO01:PersistentLevel' has LevelScriptBlueprint '/Game/2DSideScrollerBP/Maps/FOTWO01.FOTWO01:PersistentLevel.FOTWO01' with GeneratedClass '/Game/2DSideScrollerBP/Maps/FOTWO01.FOTWO01_C' with ClassGeneratedBy '/Game/2DSideScrollerBP/Maps/FOTWO01.FOTWO01:PersistentLevel.FOTWO01'
[2017.08.23-12.57.16:257][865]LogBlueprintUserMessages: Early EndPlayMap Detection: Level '/Game/2DSideScrollerBP/Maps/FOTWO01.FOTWO01:PersistentLevel' has LevelScriptBlueprint '/Game/2DSideScrollerBP/Maps/FOTWO01.FOTWO01:PersistentLevel.FOTWO01' with GeneratedClass '/Game/2DSideScrollerBP/Maps/FOTWO01.FOTWO01_C' with ClassGeneratedBy '/Game/2DSideScrollerBP/Maps/FOTWO01.FOTWO01:PersistentLevel.FOTWO01'
[2017.08.23-12.57.16:320][865]LogBlueprintUserMessages: Late EndPlayMap Detection: Level '/Game/2DSideScrollerBP/Maps/FOTWO01.FOTWO01:PersistentLevel' has LevelScriptBlueprint '/Game/2DSideScrollerBP/Maps/FOTWO01.FOTWO01:PersistentLevel.FOTWO01' with GeneratedClass '/Game/2DSideScrollerBP/Maps/FOTWO01.FOTWO01_C' with ClassGeneratedBy '/Game/2DSideScrollerBP/Maps/FOTWO01.FOTWO01:PersistentLevel.FOTWO01'
[2017.08.23-12.58.31:683][299]BlueprintLog: New page: Compile ArchHUD
[2017.08.23-12.58.32:067][299]LogSavePackage: Save=179.23ms
[2017.08.23-12.58.32:067][299]LogSavePackage: Moving '../../../../../../Unreal/FOTWO/source/FOTWO02/Saved/ArchHUDCB590F9545C63F3F7C6392898CA569CE.tmp' to '../../../../../../Unreal/FOTWO/source/FOTWO02/Content/2DSideScrollerBP/Blueprints/User_Interface/ArchHUD.uasset'
[2017.08.23-12.58.32:071][299]LogSavePackage:Display: Finished SavePackage ../../../../../../Unreal/FOTWO/source/FOTWO02/Content/2DSideScrollerBP/Blueprints/User_Interface/ArchHUD.uasset
[2017.08.23-12.58.32:076][299]BlueprintEditorCompileResults: Info Fast Template Successfully Created.
[2017.08.23-12.58.46:797][609]LogTemp: Repeting last play command: Selected Viewport
[2017.08.23-12.58.46:816][609]LogBlueprintUserMessages: Early PlayInEditor Detection: Level '/Game/2DSideScrollerBP/Maps/FOTWO01.FOTWO01:PersistentLevel' has LevelScriptBlueprint '/Game/2DSideScrollerBP/Maps/FOTWO01.FOTWO01:PersistentLevel.FOTWO01' with GeneratedClass '/Game/2DSideScrollerBP/Maps/FOTWO01.FOTWO01_C' with ClassGeneratedBy '/Game/2DSideScrollerBP/Maps/FOTWO01.FOTWO01:PersistentLevel.FOTWO01'
[2017.08.23-12.58.46:816][609]LogPlayLevel: PlayLevel: No blueprints needed recompiling
[2017.08.23-12.58.46:816][609]PIE: New page: PIE session: FOTWO01 (23 Aug 2017 16:58:46)
[2017.08.23-12.58.46:816][609]LogPlayLevel: Creating play world package: /Game/2DSideScrollerBP/Maps/UEDPIE_0_FOTWO01
[2017.08.23-12.58.46:818][609]LogPlayLevel: PIE: StaticDuplicateObject took: (0.001507s)
[2017.08.23-12.58.46:818][609]LogAIModule: Creating AISystem for world FOTWO01
[2017.08.23-12.58.46:818][609]LogPlayLevel: PIE: World Init took: (0.000566s)
[2017.08.23-12.58.46:818][609]LogPlayLevel: PIE: Created PIE world by copying editor world from /Game/2DSideScrollerBP/Maps/FOTWO01.FOTWO01 to /Game/2DSideScrollerBP/Maps/UEDPIE_0_FOTWO01.FOTWO01 (0.002250s)
[2017.08.23-12.58.46:837][609]LogInit: XAudio2 using 'Headset Earphone (3- Microsoft LifeChat LX-3000)' : 2 channels at 48 kHz using 16 bits per sample (channel mask 0x3)
[2017.08.23-12.58.46:844][609]LogInit: FAudioDevice initialized.
[2017.08.23-12.58.46:875][609]LogLoad: Game class is 'FOTWOGameMode_C'
[2017.08.23-12.58.46:877][609]LogWorld: Bringing World /Game/2DSideScrollerBP/Maps/UEDPIE_0_FOTWO01.FOTWO01 up for play (max tick rate 60) at 2017.08.23-14.58.46
[2017.08.23-12.58.46:878][609]LogWorld: Bringing up level for play took: 0.001231
[2017.08.23-12.58.46:890][609]PIE: Info Play in editor start time for /Game/2DSideScrollerBP/Maps/UEDPIE_0_FOTWO01 0.47
[2017.08.23-12.58.46:890][609]LogBlueprintUserMessages: Late PlayInEditor Detection: Level '/Game/2DSideScrollerBP/Maps/FOTWO01.FOTWO01:PersistentLevel' has LevelScriptBlueprint '/Game/2DSideScrollerBP/Maps/FOTWO01.FOTWO01:PersistentLevel.FOTWO01' with GeneratedClass '/Game/2DSideScrollerBP/Maps/FOTWO01.FOTWO01_C' with ClassGeneratedBy '/Game/2DSideScrollerBP/Maps/FOTWO01.FOTWO01:PersistentLevel.FOTWO01'
[2017.08.23-13.07.20:799][575]LogBlueprintUserMessages: Early EndPlayMap Detection: Level '/Game/2DSideScrollerBP/Maps/FOTWO01.FOTWO01:PersistentLevel' has LevelScriptBlueprint '/Game/2DSideScrollerBP/Maps/FOTWO01.FOTWO01:PersistentLevel.FOTWO01' with GeneratedClass '/Game/2DSideScrollerBP/Maps/FOTWO01.FOTWO01_C' with ClassGeneratedBy '/Game/2DSideScrollerBP/Maps/FOTWO01.FOTWO01:PersistentLevel.FOTWO01'
[2017.08.23-13.07.20:845][575]LogBlueprintUserMessages: Late EndPlayMap Detection: Level '/Game/2DSideScrollerBP/Maps/FOTWO01.FOTWO01:PersistentLevel' has LevelScriptBlueprint '/Game/2DSideScrollerBP/Maps/FOTWO01.FOTWO01:PersistentLevel.FOTWO01' with GeneratedClass '/Game/2DSideScrollerBP/Maps/FOTWO01.FOTWO01_C' with ClassGeneratedBy '/Game/2DSideScrollerBP/Maps/FOTWO01.FOTWO01:PersistentLevel.FOTWO01'
[2017.08.23-13.07.23:366][724]LogTemp: Repeting last play command: Selected Viewport
[2017.08.23-13.07.23:387][724]LogBlueprintUserMessages: Early PlayInEditor Detection: Level '/Game/2DSideScrollerBP/Maps/FOTWO01.FOTWO01:PersistentLevel' has LevelScriptBlueprint '/Game/2DSideScrollerBP/Maps/FOTWO01.FOTWO01:PersistentLevel.FOTWO01' with GeneratedClass '/Game/2DSideScrollerBP/Maps/FOTWO01.FOTWO01_C' with ClassGeneratedBy '/Game/2DSideScrollerBP/Maps/FOTWO01.FOTWO01:PersistentLevel.FOTWO01'
[2017.08.23-13.07.23:387][724]LogPlayLevel: PlayLevel: No blueprints needed recompiling
[2017.08.23-13.07.23:387][724]PIE: New page: PIE session: FOTWO01 (23 Aug 2017 17:07:23)
[2017.08.23-13.07.23:387][724]LogPlayLevel: Creating play world package: /Game/2DSideScrollerBP/Maps/UEDPIE_0_FOTWO01
[2017.08.23-13.07.23:389][724]LogPlayLevel: PIE: StaticDuplicateObject took: (0.001424s)
[2017.08.23-13.07.23:389][724]LogAIModule: Creating AISystem for world FOTWO01
[2017.08.23-13.07.23:389][724]LogPlayLevel: PIE: World Init took: (0.000551s)
[2017.08.23-13.07.23:389][724]LogPlayLevel: PIE: Created PIE world by copying editor world from /Game/2DSideScrollerBP/Maps/FOTWO01.FOTWO01 to /Game/2DSideScrollerBP/Maps/UEDPIE_0_FOTWO01.FOTWO01 (0.002134s)
[2017.08.23-13.07.23:409][724]LogInit: XAudio2 using 'Headset Earphone (3- Microsoft LifeChat LX-3000)' : 2 channels at 48 kHz using 16 bits per sample (channel mask 0x3)
[2017.08.23-13.07.23:415][724]LogInit: FAudioDevice initialized.
[2017.08.23-13.07.23:450][724]LogLoad: Game class is 'FOTWOGameMode_C'
[2017.08.23-13.07.23:452][724]LogWorld: Bringing World /Game/2DSideScrollerBP/Maps/UEDPIE_0_FOTWO01.FOTWO01 up for play (max tick rate 60) at 2017.08.23-15.07.23
[2017.08.23-13.07.23:452][724]LogWorld: Bringing up level for play took: 0.001069
[2017.08.23-13.07.23:465][724]PIE: Info Play in editor start time for /Game/2DSideScrollerBP/Maps/UEDPIE_0_FOTWO01 1.045
[2017.08.23-13.07.23:465][724]LogBlueprintUserMessages: Late PlayInEditor Detection: Level '/Game/2DSideScrollerBP/Maps/FOTWO01.FOTWO01:PersistentLevel' has LevelScriptBlueprint '/Game/2DSideScrollerBP/Maps/FOTWO01.FOTWO01:PersistentLevel.FOTWO01' with GeneratedClass '/Game/2DSideScrollerBP/Maps/FOTWO01.FOTWO01_C' with ClassGeneratedBy '/Game/2DSideScrollerBP/Maps/FOTWO01.FOTWO01:PersistentLevel.FOTWO01'
[2017.08.23-13.25.54:830][384]LogBlueprintUserMessages: Early EndPlayMap Detection: Level '/Game/2DSideScrollerBP/Maps/FOTWO01.FOTWO01:PersistentLevel' has LevelScriptBlueprint '/Game/2DSideScrollerBP/Maps/FOTWO01.FOTWO01:PersistentLevel.FOTWO01' with GeneratedClass '/Game/2DSideScrollerBP/Maps/FOTWO01.FOTWO01_C' with ClassGeneratedBy '/Game/2DSideScrollerBP/Maps/FOTWO01.FOTWO01:PersistentLevel.FOTWO01'
[2017.08.23-13.25.54:918][384]LogBlueprintUserMessages: Late EndPlayMap Detection: Level '/Game/2DSideScrollerBP/Maps/FOTWO01.FOTWO01:PersistentLevel' has LevelScriptBlueprint '/Game/2DSideScrollerBP/Maps/FOTWO01.FOTWO01:PersistentLevel.FOTWO01' with GeneratedClass '/Game/2DSideScrollerBP/Maps/FOTWO01.FOTWO01_C' with ClassGeneratedBy '/Game/2DSideScrollerBP/Maps/FOTWO01.FOTWO01:PersistentLevel.FOTWO01'
[2017.08.23-13.26.11:060][923]LogSavePackage: Save=100.28ms
[2017.08.23-13.26.11:060][923]LogSavePackage: Moving '../../../../../../Unreal/FOTWO/source/FOTWO02/Saved/FOTWO016D5C438841A3C4FEF2B198AA686D1ADD.tmp' to '../../../../../../Unreal/FOTWO/source/FOTWO02/Content/2DSideScrollerBP/Maps/FOTWO01.umap'
[2017.08.23-13.26.11:062][923]LogSavePackage:Display: Finished SavePackage ../../../../../../Unreal/FOTWO/source/FOTWO02/Content/2DSideScrollerBP/Maps/FOTWO01.umap
[2017.08.23-13.26.11:094][923]LogFileHelpers: Saving map 'FOTWO01' took 0.239
[2017.08.23-13.26.11:268][923]LogWindowsTextInputMethodSystem:Display: IME system now deactivated.
[2017.08.23-13.26.11:508][924]Cmd: QUIT_EDITOR
[2017.08.23-13.26.12:127][924]LogExit: Preparing to exit.
[2017.08.23-13.26.13:020][924]LogDirectoryWatcher: A directory notification for 'C:/Unreal/FOTWO/source/FOTWO02/Content/' was aborted.
[2017.08.23-13.26.13:060][924]LogExit: Editor shut down
[2017.08.23-13.26.13:070][924]LogExit: Transaction tracking system shut down
[2017.08.23-13.26.13:163][924]LogObj: Freed 0b from 0 cluster array pools.
[2017.08.23-13.26.13:163][924]LogExit: Object subsystem successfully closed.
[2017.08.23-13.26.13:187][924]LogD3D11RHI: Shutdown
[2017.08.23-13.26.13:187][924]LogD3D11RHI: CleanupD3DDevice
[2017.08.23-13.26.13:245][924]LogD3D11RHI: ~FD3D11DynamicRHI
[2017.08.23-13.26.13:258][924]LogModuleManager: Shutting down and abandoning module MovieSceneCapture (534)
[2017.08.23-13.26.13:258][924]LogModuleManager: Shutting down and abandoning module SynthBenchmark (532)
[2017.08.23-13.26.13:258][924]LogModuleManager: Shutting down and abandoning module SequencerWidgets (530)
[2017.08.23-13.26.13:258][924]LogModuleManager: Shutting down and abandoning module BlueprintGraph (528)
[2017.08.23-13.26.13:258][924]LogModuleManager: Shutting down and abandoning module BlueprintProfiler (526)
[2017.08.23-13.26.13:258][924]LogModuleManager: Shutting down and abandoning module StatsViewer (524)
[2017.08.23-13.26.13:259][924]LogModuleManager: Shutting down and abandoning module HierarchicalLODOutliner (522)
[2017.08.23-13.26.13:259][924]LogModuleManager: Shutting down and abandoning module CrashTracker (520)
[2017.08.23-13.26.13:259][924]LogModuleManager: Shutting down and abandoning module SceneOutliner (518)
[2017.08.23-13.26.13:259][924]LogModuleManager: Shutting down and abandoning module AddContentDialog (516)
[2017.08.23-13.26.13:259][924]LogDirectoryWatcher: A directory notification for 'C:/Program Files/Epic Games/UE_4.16/FeaturePacks/' was aborted.
[2017.08.23-13.26.13:259][924]LogModuleManager: Shutting down and abandoning module WidgetCarousel (515)
[2017.08.23-13.26.13:259][924]LogModuleManager: Shutting down and abandoning module EditorWidgets (512)
[2017.08.23-13.26.13:259][924]LogModuleManager: Shutting down and abandoning module CollectionManager (510)
[2017.08.23-13.26.13:259][924]LogDirectoryWatcher: A directory notification for 'C:/Unreal/FOTWO/source/FOTWO02/Content/Collections/' was aborted.
[2017.08.23-13.26.13:259][924]LogDirectoryWatcher: A directory notification for 'C:/Unreal/FOTWO/source/FOTWO02/Content/Developers/vonkl/Collections/' was aborted.
[2017.08.23-13.26.13:259][924]LogDirectoryWatcher: A directory notification for 'C:/Unreal/FOTWO/source/FOTWO02/Saved/Collections/' was aborted.
[2017.08.23-13.26.13:260][924]LogModuleManager: Shutting down and abandoning module FoliageEdit (508)
[2017.08.23-13.26.13:260][924]LogModuleManager: Shutting down and abandoning module LandscapeEditor (506)
[2017.08.23-13.26.13:260][924]LogModuleManager: Shutting down and abandoning module MeshPaintMode (504)
[2017.08.23-13.26.13:260][924]LogModuleManager: Shutting down and abandoning module SceneDepthPickerMode (502)
[2017.08.23-13.26.13:260][924]LogModuleManager: Shutting down and abandoning module ActorPickerMode (500)
[2017.08.23-13.26.13:260][924]LogModuleManager: Shutting down and abandoning module GeometryMode (498)
[2017.08.23-13.26.13:260][924]LogModuleManager: Shutting down and abandoning module TextureAlignMode (496)
[2017.08.23-13.26.13:260][924]LogModuleManager: Shutting down and abandoning module BspMode (494)
[2017.08.23-13.26.13:260][924]LogModuleManager: Shutting down and abandoning module HardwareSurvey (492)
[2017.08.23-13.26.13:260][924]LogModuleManager: Shutting down and abandoning module SequenceRecorderSections (490)
[2017.08.23-13.26.13:260][924]LogModuleManager: Shutting down and abandoning module AutomationWorker (488)
[2017.08.23-13.26.13:260][924]LogModuleManager: Shutting down and abandoning module MatineeToLevelSequence (486)
[2017.08.23-13.26.13:260][924]LogModuleManager: Shutting down and abandoning module LevelSequenceEditor (484)
[2017.08.23-13.26.13:260][924]LogModuleManager: Shutting down and abandoning module PlacementMode (483)
[2017.08.23-13.26.13:260][924]LogModuleManager: Shutting down and abandoning module WmfMediaFactory (480)
[2017.08.23-13.26.13:260][924]LogModuleManager: Shutting down and abandoning module WmfMediaEditor (478)
[2017.08.23-13.26.13:260][924]LogModuleManager: Shutting down and abandoning module AvfMediaFactory (476)
[2017.08.23-13.26.13:260][924]LogModuleManager: Shutting down and abandoning module AvfMediaEditor (474)
[2017.08.23-13.26.13:260][924]LogModuleManager: Shutting down and abandoning module AndroidMediaFactory (472)
[2017.08.23-13.26.13:260][924]LogModuleManager: Shutting down and abandoning module Media (471)
[2017.08.23-13.26.13:260][924]LogModuleManager: Shutting down and abandoning module AndroidMediaEditor (468)
[2017.08.23-13.26.13:260][924]LogModuleManager: Shutting down and abandoning module CharacterAI (466)
[2017.08.23-13.26.13:260][924]LogModuleManager: Shutting down and abandoning module AudioCapture (464)
[2017.08.23-13.26.13:260][924]LogModuleManager: Shutting down and abandoning module SequenceRecorder (463)
[2017.08.23-13.26.13:260][924]LogModuleManager: Shutting down and abandoning module SmartSnapping (460)
[2017.08.23-13.26.13:260][924]LogModuleManager: Shutting down and abandoning module SessionServices (458)
[2017.08.23-13.26.13:260][924]LogModuleManager: Shutting down and abandoning module ViewportSnapping (456)
[2017.08.23-13.26.13:260][924]LogModuleManager: Shutting down and abandoning module ViewportInteraction (454)
[2017.08.23-13.26.13:260][924]LogModuleManager: Shutting down and abandoning module ClothPainter (452)
[2017.08.23-13.26.13:260][924]LogModuleManager: Shutting down and abandoning module LogVisualizer (450)
[2017.08.23-13.26.13:260][924]LogModuleManager: Shutting down and abandoning module IntroTutorials (448)
[2017.08.23-13.26.13:260][924]LogModuleManager: Shutting down and abandoning module GameProjectGeneration (447)
[2017.08.23-13.26.13:260][924]LogModuleManager: Shutting down and abandoning module EditorLiveStreaming (444)
[2017.08.23-13.26.13:260][924]LogModuleManager: Shutting down and abandoning module IOSPlatformEditor (442)
[2017.08.23-13.26.13:260][924]LogModuleManager: Shutting down and abandoning module HTML5PlatformEditor (440)
[2017.08.23-13.26.13:260][924]LogModuleManager: Shutting down and abandoning module AndroidPlatformEditor (438)
[2017.08.23-13.26.13:260][924]LogModuleManager: Shutting down and abandoning module AndroidDeviceDetection (437)
[2017.08.23-13.26.14:107][924]LogModuleManager: Shutting down and abandoning module IOSRuntimeSettings (434)
[2017.08.23-13.26.14:107][924]LogModuleManager: Shutting down and abandoning module AndroidRuntimeSettings (432)
[2017.08.23-13.26.14:107][924]LogModuleManager: Shutting down and abandoning module InputBindingEditor (430)
[2017.08.23-13.26.14:107][924]LogModuleManager: Shutting down and abandoning module MergeActors (428)
[2017.08.23-13.26.14:108][924]LogModuleManager: Shutting down and abandoning module SizeMap (426)
[2017.08.23-13.26.14:108][924]LogModuleManager: Shutting down and abandoning module TreeMap (424)
[2017.08.23-13.26.14:108][924]LogModuleManager: Shutting down and abandoning module ReferenceViewer (422)
[2017.08.23-13.26.14:108][924]LogModuleManager: Shutting down and abandoning module LocalizationDashboard (420)
[2017.08.23-13.26.14:108][924]LogModuleManager: Shutting down and abandoning module LocalizationService (419)
[2017.08.23-13.26.14:108][924]LogModuleManager: Shutting down and abandoning module HardwareTargeting (416)
[2017.08.23-13.26.14:108][924]LogModuleManager: Shutting down and abandoning module DeviceProfileEditor (414)
[2017.08.23-13.26.14:108][924]LogModuleManager: Shutting down and abandoning module UndoHistory (412)
[2017.08.23-13.26.14:108][924]LogModuleManager: Shutting down and abandoning module UserFeedback (410)
[2017.08.23-13.26.14:108][924]LogModuleManager: Shutting down and abandoning module XmlParser (408)
[2017.08.23-13.26.14:108][924]LogModuleManager: Shutting down and abandoning module Blutility (406)
[2017.08.23-13.26.14:108][924]LogModuleManager: Shutting down and abandoning module ProjectSettingsViewer (404)
[2017.08.23-13.26.14:108][924]LogModuleManager: Shutting down and abandoning module ProjectTargetPlatformEditor (403)
[2017.08.23-13.26.14:109][924]LogModuleManager: Shutting down and abandoning module EditorSettingsViewer (400)
[2017.08.23-13.26.14:109][924]LogModuleManager: Shutting down and abandoning module SettingsEditor (398)
[2017.08.23-13.26.14:109][924]LogModuleManager: Shutting down and abandoning module ProjectLauncher (396)
[2017.08.23-13.26.14:109][924]LogModuleManager: Shutting down and abandoning module SessionFrontend (394)
[2017.08.23-13.26.14:109][924]LogModuleManager: Shutting down and abandoning module ProfilerClient (392)
[2017.08.23-13.26.14:109][924]LogModuleManager: Shutting down and abandoning module DeviceManager (390)
[2017.08.23-13.26.14:109][924]LogModuleManager: Shutting down and abandoning module TargetDeviceServices (389)
[2017.08.23-13.26.14:161][924]LogModuleManager: Shutting down and abandoning module AutomationController (386)
[2017.08.23-13.26.14:161][924]LogModuleManager: Shutting down and abandoning module AutomationWindow (384)
[2017.08.23-13.26.14:161][924]LogModuleManager: Shutting down and abandoning module Layers (382)
[2017.08.23-13.26.14:161][924]LogModuleManager: Shutting down and abandoning module ComponentVisualizers (380)
[2017.08.23-13.26.14:161][924]LogModuleManager: Shutting down and abandoning module DetailCustomizations (378)
[2017.08.23-13.26.14:161][924]LogModuleManager: Shutting down and abandoning module PackagesDialog (376)
[2017.08.23-13.26.14:161][924]LogModuleManager: Shutting down and abandoning module Persona (374)
[2017.08.23-13.26.14:161][924]LogModuleManager: Shutting down and abandoning module AdvancedPreviewScene (373)
[2017.08.23-13.26.14:162][924]LogModuleManager: Shutting down and abandoning module AnimGraph (371)
[2017.08.23-13.26.14:162][924]LogModuleManager: Shutting down and abandoning module Kismet (368)
[2017.08.23-13.26.14:184][924]LogModuleManager: Shutting down and abandoning module ClassViewer (366)
[2017.08.23-13.26.14:184][924]LogModuleManager: Shutting down and abandoning module Toolbox (364)
[2017.08.23-13.26.14:185][924]LogModuleManager: Shutting down and abandoning module ModuleUI (362)
[2017.08.23-13.26.14:185][924]LogModuleManager: Shutting down and abandoning module MovieSceneTools (360)
[2017.08.23-13.26.14:185][924]LogModuleManager: Shutting down and abandoning module OutputLog (358)
[2017.08.23-13.26.14:185][924]LogModuleManager: Shutting down and abandoning module GammaUI (356)
[2017.08.23-13.26.14:185][924]LogModuleManager: Shutting down and abandoning module Documentation (354)
[2017.08.23-13.26.14:185][924]LogModuleManager: Shutting down and abandoning module MovieSceneTracks (352)
[2017.08.23-13.26.14:185][924]LogModuleManager: Shutting down and abandoning module MovieScene (350)
[2017.08.23-13.26.14:185][924]LogModuleManager: Shutting down and abandoning module Niagara (348)
[2017.08.23-13.26.14:185][924]LogModuleManager: Shutting down and abandoning module NiagaraEditor (347)
[2017.08.23-13.26.14:185][924]LogModuleManager: Shutting down and abandoning module StreamingPauseRendering (344)
[2017.08.23-13.26.14:185][924]LogModuleManager: Shutting down and abandoning module AnalyticsET (342)
[2017.08.23-13.26.14:185][924]LogModuleManager: Shutting down and abandoning module PortalServices (340)
[2017.08.23-13.26.14:185][924]LogModuleManager: Shutting down and abandoning module PortalRpc (338)
[2017.08.23-13.26.14:185][924]LogModuleManager: Shutting down and abandoning module MessagingRpc (336)
[2017.08.23-13.26.14:185][924]LogModuleManager: Shutting down and abandoning module AIModule (334)
[2017.08.23-13.26.14:185][924]LogModuleManager: Shutting down and abandoning module GameplayDebugger (333)
[2017.08.23-13.26.14:185][924]LogModuleManager: Shutting down and abandoning module AITestSuite (331)
[2017.08.23-13.26.14:185][924]LogModuleManager: Shutting down and abandoning module ProfilerService (328)
[2017.08.23-13.26.14:210][924]LogModuleManager: Shutting down and abandoning module TaskGraph (326)
[2017.08.23-13.26.14:210][924]LogModuleManager: Shutting down and abandoning module SteamVRController (324)
[2017.08.23-13.26.14:211][924]LogModuleManager: Shutting down and abandoning module SteamVR (322)
[2017.08.23-13.26.14:211][924]LogModuleManager: Shutting down and abandoning module ProceduralMeshComponentEditor (320)
[2017.08.23-13.26.14:211][924]LogModuleManager: Shutting down and abandoning module ProceduralMeshComponent (318)
[2017.08.23-13.26.14:211][924]LogModuleManager: Shutting down and abandoning module OculusLibrary (316)
[2017.08.23-13.26.14:211][924]LogModuleManager: Shutting down and abandoning module OculusInput (314)
[2017.08.23-13.26.14:211][924]LogModuleManager: Shutting down and abandoning module MobilePatchingUtils (312)
[2017.08.23-13.26.14:211][924]LogModuleManager: Shutting down and abandoning module CustomMeshComponent (310)
[2017.08.23-13.26.14:211][924]LogModuleManager: Shutting down and abandoning module CableComponent (308)
[2017.08.23-13.26.14:211][924]LogModuleManager: Shutting down and abandoning module ArchVisCharacter (306)
[2017.08.23-13.26.14:211][924]LogModuleManager: Shutting down and abandoning module AndroidPermission (304)
[2017.08.23-13.26.14:211][924]LogModuleManager: Shutting down and abandoning module MediaPlayerEditor (300)
[2017.08.23-13.26.14:211][924]LogModuleManager: Shutting down and abandoning module HTML5Networking (298)
[2017.08.23-13.26.14:211][924]LogModuleManager: Shutting down and abandoning module AlembicImporter (296)
[2017.08.23-13.26.14:211][924]LogModuleManager: Shutting down and abandoning module AlembicLibrary (295)
[2017.08.23-13.26.14:211][924]LogModuleManager: Shutting down and abandoning module GeometryCache (294)
[2017.08.23-13.26.14:211][924]LogModuleManager: Shutting down and abandoning module GeometryCacheEd (293)
[2017.08.23-13.26.14:211][924]LogModuleManager: Shutting down and abandoning module SuperSearchEditor (288)
[2017.08.23-13.26.14:211][924]LogModuleManager: Shutting down and abandoning module SuperSearch (287)
[2017.08.23-13.26.14:211][924]LogModuleManager: Shutting down and abandoning module SpeedTreeImporter (284)
[2017.08.23-13.26.14:211][924]LogModuleManager: Shutting down and abandoning module PluginBrowser (282)
[2017.08.23-13.26.14:211][924]LogModuleManager: Shutting down and abandoning module MobileLauncherProfileWizard (280)
[2017.08.23-13.26.14:211][924]LogModuleManager: Shutting down and abandoning module VisualStudioSourceCodeAccess (278)
[2017.08.23-13.26.14:211][924]LogModuleManager: Shutting down and abandoning module DesktopPlatform (277)
[2017.08.23-13.26.14:211][924]LogModuleManager: Shutting down and abandoning module UObjectPlugin (274)
[2017.08.23-13.26.14:211][924]LogModuleManager: Shutting down and abandoning module SubversionSourceControl (272)
[2017.08.23-13.26.14:211][924]LogModuleManager: Shutting down and abandoning module PerforceSourceControl (270)
[2017.08.23-13.26.14:211][924]LogModuleManager: Shutting down and abandoning module GitSourceControl (268)
[2017.08.23-13.26.14:211][924]LogModuleManager: Shutting down and abandoning module SourceControl (267)
[2017.08.23-13.26.14:211][924]LogModuleManager: Shutting down and abandoning module LightPropagationVolumeEditor (264)
[2017.08.23-13.26.14:211][924]LogModuleManager: Shutting down and abandoning module PaperTiledImporter (262)
[2017.08.23-13.26.14:211][924]LogModuleManager: Shutting down and abandoning module PaperSpriteSheetImporter (260)
[2017.08.23-13.26.14:211][924]LogModuleManager: Shutting down and abandoning module Paper2DEditor (258)
[2017.08.23-13.26.14:211][924]LogModuleManager: Shutting down and abandoning module MeshPaint (257)
[2017.08.23-13.26.14:211][924]LogModuleManager: Shutting down and abandoning module LevelEditor (255)
[2017.08.23-13.26.14:212][924]LogModuleManager: Shutting down and abandoning module PixelInspectorModule (254)
[2017.08.23-13.26.14:213][924]LogModuleManager: Shutting down and abandoning module MainFrame (252)
[2017.08.23-13.26.14:213][924]LogModuleManager: Shutting down and abandoning module HotReload (251)
[2017.08.23-13.26.14:213][924]LogModuleManager: Shutting down and abandoning module PhysXVehiclesEditor (246)
[2017.08.23-13.26.14:213][924]LogModuleManager: Shutting down and abandoning module PhysXVehicles (244)
[2017.08.23-13.26.14:213][924]LogModuleManager: Shutting down and abandoning module LocationServicesBPLibrary (242)
[2017.08.23-13.26.14:213][924]LogModuleManager: Shutting down and abandoning module ImmediatePhysicsEditor (240)
[2017.08.23-13.26.14:213][924]LogModuleManager: Shutting down and abandoning module ImmediatePhysics (238)
[2017.08.23-13.26.14:213][924]LogModuleManager: Shutting down and abandoning module UdpMessaging (236)
[2017.08.23-13.26.14:315][924]LogModuleManager: Shutting down and abandoning module TcpMessaging (234)
[2017.08.23-13.26.14:415][924]LogModuleManager: Shutting down and abandoning module GameplayTagsEditor (232)
[2017.08.23-13.26.14:415][924]LogModuleManager: Shutting down and abandoning module FacialAnimationEditor (230)
[2017.08.23-13.26.14:415][924]LogModuleManager: Shutting down and abandoning module FacialAnimation (228)
[2017.08.23-13.26.14:415][924]LogModuleManager: Shutting down and abandoning module AssetManagerEditor (226)
[2017.08.23-13.26.14:416][924]LogModuleManager: Shutting down and abandoning module GraphEditor (225)
[2017.08.23-13.26.14:416][924]LogModuleManager: Shutting down and abandoning module ContentBrowser (223)
[2017.08.23-13.26.14:419][924]LogModuleManager: Shutting down and abandoning module LightPropagationVolumeRuntime (220)
[2017.08.23-13.26.14:419][924]LogModuleManager: Shutting down and abandoning module Paper2D (218)
[2017.08.23-13.26.14:419][924]LogModuleManager: Shutting down and abandoning module WindowsMoviePlayer (216)
[2017.08.23-13.26.14:419][924]LogModuleManager: Shutting down and abandoning module WmfMedia (214)
[2017.08.23-13.26.14:419][924]LogModuleManager: Shutting down and abandoning module ClothingSystemEditor (212)
[2017.08.23-13.26.14:419][924]LogModuleManager: Shutting down and abandoning module ClothingSystemRuntime (210)
[2017.08.23-13.26.14:419][924]LogModuleManager: Shutting down and abandoning module MediaAssets (208)
[2017.08.23-13.26.14:419][924]LogModuleManager: Shutting down and abandoning module GameLiveStreaming (206)
[2017.08.23-13.26.14:419][924]LogModuleManager: Shutting down and abandoning module VREditor (204)
[2017.08.23-13.26.14:420][924]LogModuleManager: Shutting down and abandoning module StringTableEditor (202)
[2017.08.23-13.26.14:420][924]LogModuleManager: Shutting down and abandoning module GameplayTasksEditor (200)
[2017.08.23-13.26.14:420][924]LogModuleManager: Shutting down and abandoning module BehaviorTreeEditor (198)
[2017.08.23-13.26.14:420][924]LogModuleManager: Shutting down and abandoning module FunctionalTesting (196)
[2017.08.23-13.26.14:420][924]LogModuleManager: Shutting down and abandoning module CollisionAnalyzer (194)
[2017.08.23-13.26.14:420][924]LogModuleManager: Shutting down and abandoning module UMG (192)
[2017.08.23-13.26.14:420][924]LogModuleManager: Shutting down and abandoning module UMGEditor (191)
[2017.08.23-13.26.14:420][924]LogModuleManager: Shutting down and abandoning module Sequencer (190)
[2017.08.23-13.26.14:420][924]LogModuleManager: Shutting down and abandoning module AssetTools (188)
[2017.08.23-13.26.14:420][924]LogModuleManager: Shutting down and abandoning module MessageLog (187)
[2017.08.23-13.26.14:420][924]LogModuleManager: Shutting down and abandoning module WorkspaceMenuStructure (186)
[2017.08.23-13.26.14:421][924]LogModuleManager: Shutting down and abandoning module SlateReflector (180)
[2017.08.23-13.26.14:421][924]LogModuleManager: Shutting down and abandoning module Slate (178)
[2017.08.23-13.26.14:421][924]LogModuleManager: Shutting down and abandoning module EditorStyle (176)
[2017.08.23-13.26.14:428][924]LogModuleManager: Shutting down and abandoning module SourceCodeAccess (174)
[2017.08.23-13.26.14:429][924]LogModuleManager: Shutting down and abandoning module HeadMountedDisplay (172)
[2017.08.23-13.26.14:429][924]LogModuleManager: Shutting down and abandoning module XAudio2 (170)
[2017.08.23-13.26.14:429][924]LogModuleManager: Shutting down and abandoning module Networking (168)
[2017.08.23-13.26.14:429][924]LogModuleManager: Shutting down and abandoning module Core (164)
[2017.08.23-13.26.14:429][924]LogModuleManager: Shutting down and abandoning module AssetRegistry (162)
[2017.08.23-13.26.14:563][924]LogDirectoryWatcher: A directory notification for '../../../Engine/Content/' was aborted.
[2017.08.23-13.26.14:563][924]LogDirectoryWatcher: A directory notification for '../../../../../../Unreal/FOTWO/source/FOTWO02/Content/' was aborted.
[2017.08.23-13.26.14:563][924]LogDirectoryWatcher: A directory notification for '../../../Engine/Plugins/2D/Paper2D/Content/' was aborted.
[2017.08.23-13.26.14:563][924]LogDirectoryWatcher: A directory notification for '../../../Engine/Plugins/Runtime/GearVR/Content/' was aborted.
[2017.08.23-13.26.14:566][924]LogModuleManager: Shutting down and abandoning module DirectoryWatcher (161)
[2017.08.23-13.26.14:566][924]LogModuleManager: Shutting down and abandoning module KismetCompiler (158)
[2017.08.23-13.26.14:566][924]LogModuleManager: Shutting down and abandoning module LevelSequence (156)
[2017.08.23-13.26.14:566][924]LogModuleManager: Shutting down and abandoning module PhysXFormats (154)
[2017.08.23-13.26.14:566][924]LogModuleManager: Shutting down and abandoning module MeshUtilities (152)
[2017.08.23-13.26.14:566][924]LogModuleManager: Shutting down and abandoning module SimplygonSwarm (151)
[2017.08.23-13.26.14:566][924]LogModuleManager: Shutting down and abandoning module SimplygonMeshReduction (149)
[2017.08.23-13.26.14:566][924]LogModuleManager: Shutting down and abandoning module QuadricMeshReduction (147)
[2017.08.23-13.26.14:566][924]LogModuleManager: Shutting down and abandoning module DerivedDataCache (144)
[2017.08.23-13.26.14:577][924]LogDerivedDataCache: Shutdown
[2017.08.23-13.26.14:577][924]LogModuleManager: Shutting down and abandoning module TargetPlatform (142)
[2017.08.23-13.26.14:577][924]LogModuleManager: Shutting down and abandoning module VulkanShaderFormat (141)
[2017.08.23-13.26.14:577][924]LogModuleManager: Shutting down and abandoning module ShaderFormatVectorVM (139)
[2017.08.23-13.26.14:577][924]LogModuleManager: Shutting down and abandoning module ShaderFormatOpenGL (137)
[2017.08.23-13.26.14:577][924]LogModuleManager: Shutting down and abandoning module ShaderFormatD3D (135)
[2017.08.23-13.26.14:577][924]LogModuleManager: Shutting down and abandoning module MetalShaderFormat (133)
[2017.08.23-13.26.14:577][924]LogModuleManager: Shutting down and abandoning module TextureFormatUncompressed (131)
[2017.08.23-13.26.14:577][924]LogModuleManager: Shutting down and abandoning module TextureFormatPVR (129)
[2017.08.23-13.26.14:577][924]LogModuleManager: Shutting down and abandoning module TextureFormatDXT (127)
[2017.08.23-13.26.14:577][924]LogModuleManager: Shutting down and abandoning module TextureFormatIntelISPCTexComp (125)
[2017.08.23-13.26.14:577][924]LogModuleManager: Shutting down and abandoning module TextureFormatASTC (123)
[2017.08.23-13.26.14:577][924]LogModuleManager: Shutting down and abandoning module ImageWrapper (122)
[2017.08.23-13.26.14:577][924]LogModuleManager: Shutting down and abandoning module TextureFormatAndroid (119)
[2017.08.23-13.26.14:577][924]LogModuleManager: Shutting down and abandoning module AudioFormatOpus (117)
[2017.08.23-13.26.14:577][924]LogModuleManager: Shutting down and abandoning module AudioFormatOgg (115)
[2017.08.23-13.26.14:577][924]LogModuleManager: Shutting down and abandoning module AudioFormatADPCM (113)
[2017.08.23-13.26.14:577][924]LogModuleManager: Shutting down and abandoning module LinuxTargetPlatform (111)
[2017.08.23-13.26.14:577][924]LogModuleManager: Shutting down and abandoning module LinuxServerTargetPlatform (109)
[2017.08.23-13.26.14:577][924]LogModuleManager: Shutting down and abandoning module LinuxNoEditorTargetPlatform (107)
[2017.08.23-13.26.14:577][924]LogModuleManager: Shutting down and abandoning module LinuxClientTargetPlatform (105)
[2017.08.23-13.26.14:577][924]LogModuleManager: Shutting down and abandoning module TVOSTargetPlatform (103)
[2017.08.23-13.26.14:577][924]LogModuleManager: Shutting down and abandoning module Messaging (101)
[2017.08.23-13.26.14:577][924]LogModuleManager: Shutting down and abandoning module IOSTargetPlatform (99)
[2017.08.23-13.26.14:577][924]LogModuleManager: Shutting down and abandoning module HTML5TargetPlatform (97)
[2017.08.23-13.26.14:577][924]LogModuleManager: Shutting down and abandoning module Android_PVRTCTargetPlatform (95)
[2017.08.23-13.26.14:577][924]LogModuleManager: Shutting down and abandoning module Android_MultiTargetPlatform (93)
[2017.08.23-13.26.14:577][924]LogModuleManager: Shutting down and abandoning module Android_ETC2TargetPlatform (91)
[2017.08.23-13.26.14:577][924]LogModuleManager: Shutting down and abandoning module Android_ETC1TargetPlatform (89)
[2017.08.23-13.26.14:577][924]LogModuleManager: Shutting down and abandoning module Android_DXTTargetPlatform (87)
[2017.08.23-13.26.14:577][924]LogModuleManager: Shutting down and abandoning module Android_ATCTargetPlatform (85)
[2017.08.23-13.26.14:577][924]LogModuleManager: Shutting down and abandoning module Android_ASTCTargetPlatform (83)
[2017.08.23-13.26.14:577][924]LogModuleManager: Shutting down and abandoning module AndroidTargetPlatform (81)
[2017.08.23-13.26.14:577][924]LogModuleManager: Shutting down and abandoning module WindowsTargetPlatform (79)
[2017.08.23-13.26.14:577][924]LogModuleManager: Shutting down and abandoning module WindowsServerTargetPlatform (77)
[2017.08.23-13.26.14:577][924]LogModuleManager: Shutting down and abandoning module WindowsNoEditorTargetPlatform (75)
[2017.08.23-13.26.14:577][924]LogModuleManager: Shutting down and abandoning module WindowsClientTargetPlatform (73)
[2017.08.23-13.26.14:577][924]LogModuleManager: Shutting down and abandoning module MacTargetPlatform (71)
[2017.08.23-13.26.14:577][924]LogModuleManager: Shutting down and abandoning module MacServerTargetPlatform (69)
[2017.08.23-13.26.14:577][924]LogModuleManager: Shutting down and abandoning module MacNoEditorTargetPlatform (67)
[2017.08.23-13.26.14:577][924]LogModuleManager: Shutting down and abandoning module MacClientTargetPlatform (65)
[2017.08.23-13.26.14:577][924]LogModuleManager: Shutting down and abandoning module AllDesktopTargetPlatform (63)
[2017.08.23-13.26.14:577][924]LogModuleManager: Shutting down and abandoning module InputCore (60)
[2017.08.23-13.26.14:577][924]LogModuleManager: Shutting down and abandoning module Settings (58)
[2017.08.23-13.26.14:577][924]LogModuleManager: Shutting down and abandoning module OculusRift (56)
[2017.08.23-13.26.14:577][924]LogModuleManager: Shutting down and abandoning module GearVRController (54)
[2017.08.23-13.26.14:577][924]LogModuleManager: Shutting down and abandoning module GearVR (52)
[2017.08.23-13.26.14:577][924]LogModuleManager: Shutting down and abandoning module ExampleDeviceProfileSelector (50)
[2017.08.23-13.26.14:577][924]LogModuleManager: Shutting down and abandoning module OnlineBlueprintSupport (48)
[2017.08.23-13.26.14:577][924]LogModuleManager: Shutting down and abandoning module OnlineSubsystem (44)
[2017.08.23-13.26.14:577][924]LogOnline:Display: Unloading online subsystem: NULL
[2017.08.23-13.26.14:577][924]LogModuleManager: Shutting down and abandoning module XMPP (43)
[2017.08.23-13.26.14:577][924]LogModuleManager: Shutting down and abandoning module HTTP (41)
[2017.08.23-13.26.14:577][924]LogHttp:Display: Http module shutting down, but needs to wait on 1 outstanding Http requests:
[2017.08.23-13.26.14:577][924]LogHttp:Display: 	verb=[POST] url=[https://datarouter.ol.epicgames.com/datarouter/api/v1/public/data?SessionID=%7B67DF18AE-4875-A6B6-45FC-F8B9A5D08660%7D&AppID=UEEditor.Rocket.Release&AppVersion=4.16.3-3561208%2B%2B%2BUE4%2BRelease-4.16&UserID=f07af55e4db0c636e0c073a1312074d9%7Caa7a108f70184e1b92fdd786c25cd9b8%7Caeab9882-b6f4-4a22-991a-718da4fba234&AppEnvironment=datacollector-binary&UploadType=eteventstream] status=Processing
[2017.08.23-13.26.14:602][924]LogModuleManager: Shutting down and abandoning module SSL (40)
[2017.08.23-13.26.14:604][924]LogModuleManager: Shutting down and abandoning module HTTPChunkInstaller (36)
[2017.08.23-13.26.14:604][924]LogModuleManager: Shutting down and abandoning module AnimationModifiers (34)
[2017.08.23-13.26.14:604][924]LogModuleManager: Shutting down and abandoning module PropertyEditor (33)
[2017.08.23-13.26.14:604][924]LogModuleManager: Shutting down and abandoning module AudioEditor (30)
[2017.08.23-13.26.14:604][924]LogModuleManager: Shutting down and abandoning module TextureCompressor (28)
[2017.08.23-13.26.14:604][924]LogModuleManager: Shutting down and abandoning module ShaderCore (26)
[2017.08.23-13.26.14:604][924]LogModuleManager: Shutting down and abandoning module Landscape (24)
[2017.08.23-13.26.14:604][924]LogModuleManager: Shutting down and abandoning module SlateRHIRenderer (22)
[2017.08.23-13.26.14:605][924]LogModuleManager: Shutting down and abandoning module OpenGLDrv (20)
[2017.08.23-13.26.14:605][924]LogModuleManager: Shutting down and abandoning module D3D11RHI (18)
[2017.08.23-13.26.14:605][924]LogModuleManager: Shutting down and abandoning module AnimGraphRuntime (16)
[2017.08.23-13.26.14:605][924]LogModuleManager: Shutting down and abandoning module Renderer (14)
[2017.08.23-13.26.14:605][924]LogModuleManager: Shutting down and abandoning module Engine (12)
[2017.08.23-13.26.14:605][924]LogModuleManager: Shutting down and abandoning module CoreUObject (10)
[2017.08.23-13.26.14:605][924]LogModuleManager: Shutting down and abandoning module NetworkFile (8)
[2017.08.23-13.26.14:605][924]LogModuleManager: Shutting down and abandoning module StreamingFile (6)
[2017.08.23-13.26.14:605][924]LogModuleManager: Shutting down and abandoning module SandboxFile (4)
[2017.08.23-13.26.14:605][924]LogModuleManager: Shutting down and abandoning module PakFile (2)
[2017.08.23-13.26.14:607][924]LogExit: Exiting.
[2017.08.23-13.26.14:627][924]Log file closed, 08/23/17 15:26:14
