Log file open, 07/27/17 10:29:35
LogInit:Display: Running engine for game: FOTWO02
LogPlatformFile: Not using cached read wrapper
LogInit:Display: RandInit(-1744412442) SRandInit(-1744412442).
LogTaskGraph: Started task graph with 5 named threads and 8 total threads with 1 sets of task threads.
LogStats: Stats thread started at 0.116283
LogInit: Using libcurl 7.47.1
LogInit:  - built for x86_64-pc-win32
LogInit:  - supports SSL with OpenSSL/1.0.2g
LogInit:  - supports HTTP deflate (compression) using libz 1.2.8
LogInit:  - other features:
LogInit:      CURL_VERSION_SSL
LogInit:      CURL_VERSION_LIBZ
LogInit:      CURL_VERSION_IPV6
LogInit:      CURL_VERSION_ASYNCHDNS
LogInit:      CURL_VERSION_LARGEFILE
LogInit:      CURL_VERSION_IDN
LogInit:  CurlRequestOptions (configurable via config and command line):
LogInit:  - bVerifyPeer = false  - Libcurl will NOT verify peer certificate
LogInit:  - bUseHttpProxy = false  - Libcurl will NOT use HTTP proxy
LogInit:  - bDontReuseConnections = false  - Libcurl will reuse connections
LogInit:  - CertBundlePath = nullptr  - Libcurl will use whatever was configured at build time.
LogInit: Build: ++UE4+Release-4.16-CL-3514769
LogInit: Engine Version: 4.16.2-3514769+++UE4+Release-4.16
LogInit: Compatible Engine Version: 4.16.0-3452394+++UE4+Release-4.16
LogInit: Net CL: 3452394
LogDevObjectVersion: Number of dev versions registered: 16
LogDevObjectVersion:   Dev-Blueprints (B0D832E4-1F89-4F0D-ACCF-7EB736FD4AA2): 9
LogDevObjectVersion:   Dev-Build (E1C64328-A22C-4D53-A36C-8E866417BD8C): 0
LogDevObjectVersion:   Dev-Core (375EC13C-06E4-48FB-B500-84F0262A717E): 2
LogDevObjectVersion:   Dev-Editor (E4B068ED-F494-42E9-A231-DA0B2E46BB41): 17
LogDevObjectVersion:   Dev-Framework (CFFC743F-43B0-4480-9391-14DF171D2073): 23
LogDevObjectVersion:   Dev-Mobile (B02B49B5-BB20-44E9-A304-32B752E40360): 0
LogDevObjectVersion:   Dev-Networking (A4E4105C-59A1-49B5-A7C5-40C4547EDFEE): 0
LogDevObjectVersion:   Dev-Online (39C831C9-5AE6-47DC-9A44-9C173E1C8E7C): 0
LogDevObjectVersion:   Dev-Physics (78F01B33-EBEA-4F98-B9B4-84EACCB95AA2): 0
LogDevObjectVersion:   Dev-Platform (6631380F-2D4D-43E0-8009-CF276956A95A): 0
LogDevObjectVersion:   Dev-Rendering (12F88B9F-8875-4AFC-A67C-D90C383ABD29): 15
LogDevObjectVersion:   Dev-Sequencer (7B5AE74C-D270-4C10-A958-57980B212A5A): 4
LogDevObjectVersion:   Dev-VR (D7296918-1DD6-4BDD-9DE2-64A83CC13884): 0
LogDevObjectVersion:   Dev-LoadTimes (C2A15278-BFE7-4AFE-6C17-90FF531DF755): 1
LogDevObjectVersion:   Private-Geometry (6EACA3D4-40EC-4CC1-B786-8BED09428FC5): 1
LogDevObjectVersion:   Dev-AnimPhys (29E575DD-E0A3-4627-9D10-D276232CDCEA): 3
LogInit: Compiled (64-bit): Jun 29 2017 02:03:24
LogInit: Compiled with Visual C++: 19.00.24215.01
LogInit: Build Configuration: Development
LogInit: Branch Name: ++UE4+Release-4.16
LogInit: Command line:  
LogInit: Base directory: C:/Program Files/Epic Games/UE_4.16/Engine/Binaries/Win64/
LogInit: Installed Engine Build: 1
LogInit: Presizing for max 8388607 objects, including 0 objects not considered by GC, pre-allocating 0 bytes for permanent pool.
LogInit: Object subsystem initialized
[2017.07.27-08.29.35:895][  0]LogInit: Selected Device Profile: [Windows]
[2017.07.27-08.29.35:895][  0]LogInit: Applying CVar settings loaded from the selected device profile: [Windows]
[2017.07.27-08.29.35:957][  0]LogInit: Computer: KLAUDE2017ALIEN
[2017.07.27-08.29.35:957][  0]LogInit: User: vonkl
[2017.07.27-08.29.35:957][  0]LogInit: CPU Page size=4096, Cores=4
[2017.07.27-08.29.35:957][  0]LogInit: High frequency timer resolution =2.742183 MHz
[2017.07.27-08.29.35:959][  0]LogMemory: Memory total: Physical=15.9GB (16GB approx)
[2017.07.27-08.29.35:959][  0]LogMemory: Platform Memory Stats for Windows
[2017.07.27-08.29.35:959][  0]LogMemory: Process Physical Memory: 272.43 MB used, 272.43 MB peak
[2017.07.27-08.29.35:959][  0]LogMemory: Process Virtual Memory: 260.84 MB used, 260.84 MB peak
[2017.07.27-08.29.35:959][  0]LogMemory: Physical Memory: 5817.07 MB used,  10439.91 MB free, 16256.98 MB total
[2017.07.27-08.29.35:959][  0]LogMemory: Virtual Memory: 638.49 MB used,  10439.91 MB free, 134217728.00 MB total
[2017.07.27-08.29.36:327][  0]LogInit: Using OS detected language (en-GB).
[2017.07.27-08.29.36:327][  0]LogInit: Using OS detected locale (en-GB).
[2017.07.27-08.29.36:403][  0]LogTextLocalizationManager: No specific localization for 'en-GB' exists, so the 'en' localization will be used.
[2017.07.27-08.29.39:273][  0]LogD3D11RHI: D3D11 adapters:
[2017.07.27-08.29.39:873][  0]LogD3D11RHI:    0. 'NVIDIA GeForce GTX 1060' (Feature Level 11_0)
[2017.07.27-08.29.39:873][  0]LogD3D11RHI:       6084/0/8128 MB DedicatedVideo/DedicatedSystem/SharedSystem, Outputs:2, VendorId:0x10de
[2017.07.27-08.29.39:901][  0]LogD3D11RHI:    1. 'Intel(R) HD Graphics 630' (Feature Level 11_0)
[2017.07.27-08.29.39:901][  0]LogD3D11RHI:       128/0/8128 MB DedicatedVideo/DedicatedSystem/SharedSystem, Outputs:0, VendorId:0x8086
[2017.07.27-08.29.39:904][  0]LogD3D11RHI:    2. 'Microsoft Basic Render Driver' (Feature Level 11_0)
[2017.07.27-08.29.39:904][  0]LogD3D11RHI:       0/0/8128 MB DedicatedVideo/DedicatedSystem/SharedSystem, Outputs:0, VendorId:0x1414
[2017.07.27-08.29.39:904][  0]LogD3D11RHI: Chosen D3D11 Adapter: 0
[2017.07.27-08.29.39:916][  0]LogD3D11RHI: Creating new Direct3DDevice
[2017.07.27-08.29.39:917][  0]LogD3D11RHI:     GPU DeviceId: 0x1c60 (for the marketing name, search the web for "GPU Device Id")
[2017.07.27-08.29.39:917][  0]LogWindows: EnumDisplayDevices:
[2017.07.27-08.29.39:917][  0]LogWindows:    0. 'NVIDIA GeForce GTX 1060' (P:0 D:1)
[2017.07.27-08.29.39:917][  0]LogWindows:    1. 'NVIDIA GeForce GTX 1060' (P:1 D:1)
[2017.07.27-08.29.39:917][  0]LogWindows:    2. 'NVIDIA GeForce GTX 1060' (P:0 D:0)
[2017.07.27-08.29.39:918][  0]LogWindows:    3. 'NVIDIA GeForce GTX 1060' (P:0 D:0)
[2017.07.27-08.29.39:918][  0]LogWindows:    4. 'Intel(R) HD Graphics 630' (P:0 D:0)
[2017.07.27-08.29.39:918][  0]LogWindows:    5. 'Intel(R) HD Graphics 630' (P:0 D:0)
[2017.07.27-08.29.39:918][  0]LogWindows:    6. 'Intel(R) HD Graphics 630' (P:0 D:0)
[2017.07.27-08.29.39:919][  0]LogWindows: DebugString: PrimaryIsNotTheChoosenAdapter PrimaryIsNotTheChoosenAdapter PrimaryIsNotTheChoosenAdapter FoundDriverCount:4 
[2017.07.27-08.29.39:919][  0]LogD3D11RHI:     Adapter Name: NVIDIA GeForce GTX 1060
[2017.07.27-08.29.39:919][  0]LogD3D11RHI:   Driver Version: 382.53 (internal:22.21.13.8253, unified:382.53)
[2017.07.27-08.29.39:919][  0]LogD3D11RHI:      Driver Date: 6-7-2017
[2017.07.27-08.29.39:919][  0]LogRHI: Texture pool is 1361 MB (70% of 1945 MB)
[2017.07.27-08.29.40:470][  0]LogD3D11RHI: Async texture creation enabled
[2017.07.27-08.29.40:581][  0]LogD3D11RHI: GPU Timing Frequency: 1000.000000 (Debug: 2 1)
[2017.07.27-08.29.40:686][  0]LogShaderCompilers: Guid format shader working directory is 0 characters bigger than the processId version (../../../../../../Unreal/FOTWO/source/FOTWO02/Intermediate/Shaders/WorkingDirectory/17100/).
[2017.07.27-08.29.40:687][  0]LogShaderCompilers: Cleaned the shader compiler working directory 'C:/Users/vonkl/AppData/Local/Temp/UnrealShaderWorkingDir/9E4C24A3437B50AEBDB6EFA36864BE49/'.
[2017.07.27-08.29.40:688][  0]LogShaderCompilers:Display: Using Local Shader Compiler.
[2017.07.27-08.29.43:000][  0]LogTemp:Display: Loaded TP AllDesktopTargetPlatform
[2017.07.27-08.29.43:057][  0]LogTemp:Display: Loaded TP MacClientTargetPlatform
[2017.07.27-08.29.43:134][  0]LogTemp:Display: Loaded TP MacNoEditorTargetPlatform
[2017.07.27-08.29.43:180][  0]LogTemp:Display: Loaded TP MacServerTargetPlatform
[2017.07.27-08.29.43:229][  0]LogTemp:Display: Loaded TP MacTargetPlatform
[2017.07.27-08.29.43:275][  0]LogTemp:Display: Loaded TP WindowsClientTargetPlatform
[2017.07.27-08.29.43:319][  0]LogTemp:Display: Loaded TP WindowsNoEditorTargetPlatform
[2017.07.27-08.29.43:364][  0]LogTemp:Display: Loaded TP WindowsServerTargetPlatform
[2017.07.27-08.29.43:406][  0]LogTemp:Display: Loaded TP WindowsTargetPlatform
[2017.07.27-08.29.43:455][  0]LogTemp:Display: Loaded TP AndroidTargetPlatform
[2017.07.27-08.29.43:499][  0]LogTemp:Display: Loaded TP Android_ASTCTargetPlatform
[2017.07.27-08.29.43:547][  0]LogTemp:Display: Loaded TP Android_ATCTargetPlatform
[2017.07.27-08.29.43:592][  0]LogTemp:Display: Loaded TP Android_DXTTargetPlatform
[2017.07.27-08.29.43:638][  0]LogTemp:Display: Loaded TP Android_ETC1TargetPlatform
[2017.07.27-08.29.43:683][  0]LogTemp:Display: Loaded TP Android_ETC2TargetPlatform
[2017.07.27-08.29.43:772][  0]LogTemp:Display: Loaded TP Android_MultiTargetPlatform
[2017.07.27-08.29.43:772][  0]LogTemp:Display: Loaded TP Android_PVRTCTargetPlatform
[2017.07.27-08.29.43:806][  0]LogTemp:Display: Loaded TP HTML5TargetPlatform
[2017.07.27-08.29.43:901][  0]LogTemp:Display: Loaded TP IOSTargetPlatform
[2017.07.27-08.29.43:971][  0]LogTemp:Display: Loaded TP TVOSTargetPlatform
[2017.07.27-08.29.44:022][  0]LogTemp:Display: Loaded TP LinuxClientTargetPlatform
[2017.07.27-08.29.44:075][  0]LogTemp:Display: Loaded TP LinuxNoEditorTargetPlatform
[2017.07.27-08.29.44:129][  0]LogTemp:Display: Loaded TP LinuxServerTargetPlatform
[2017.07.27-08.29.44:187][  0]LogTemp:Display: Loaded TP LinuxTargetPlatform
[2017.07.27-08.29.44:187][  0]LogTargetPlatformManager:Display: Building Assets For Windows
[2017.07.27-08.29.44:827][  0]LogDerivedDataCache:Display: Max Cache Size: 512 MB
[2017.07.27-08.29.45:525][  0]LogDerivedDataCache: Loaded boot cache 0.70s 90MB C:/Users/vonkl/AppData/Local/UnrealEngine/4.16/DerivedDataCache/Boot.ddc.
[2017.07.27-08.29.45:525][  0]LogDerivedDataCache:Display: Loaded Boot cache: C:/Users/vonkl/AppData/Local/UnrealEngine/4.16/DerivedDataCache/Boot.ddc
[2017.07.27-08.29.45:525][  0]LogDerivedDataCache: FDerivedDataBackendGraph:  Pak pak cache file ../../../../../../Unreal/FOTWO/source/FOTWO02/DerivedDataCache/DDC.ddp not found, will not use a pak cache.
[2017.07.27-08.29.45:525][  0]LogDerivedDataCache: Unable to find inner node Pak for hierarchical cache Hierarchy.
[2017.07.27-08.29.45:525][  0]LogDerivedDataCache: FDerivedDataBackendGraph:  CompressedPak pak cache file ../../../../../../Unreal/FOTWO/source/FOTWO02/DerivedDataCache/Compressed.ddp not found, will not use a pak cache.
[2017.07.27-08.29.45:525][  0]LogDerivedDataCache: Unable to find inner node CompressedPak for hierarchical cache Hierarchy.
[2017.07.27-08.29.45:550][  0]LogDerivedDataCache:Display: Pak cache opened for reading ../../../Engine/DerivedDataCache/Compressed.ddp.
[2017.07.27-08.29.45:563][  0]LogDerivedDataCache: Using Local data cache path C:/Users/vonkl/AppData/Local/UnrealEngine/Common/DerivedDataCache: Writable
[2017.07.27-08.29.45:576][  0]LogMaterial: Verifying Global Shaders for PCD3D_SM5
[2017.07.27-08.29.45:581][  0]LogSlate: Using Freetype 2.6.0
[2017.07.27-08.29.45:595][  0]LogSlate: SlateFontCache - WITH_FREETYPE: 1, WITH_HARFBUZZ: 1
[2017.07.27-08.29.45:596][  0]LogSlate: SlateFontCache - WITH_FREETYPE: 1, WITH_HARFBUZZ: 1
[2017.07.27-08.29.46:724][  0]LogInit: Selected Device Profile: [Windows]
[2017.07.27-08.29.46:913][  0]LogContentStreaming: Texture pool size is 0.00 MB
[2017.07.27-08.29.47:129][  0]LogMeshUtilities: Using QuadricMeshReduction for automatic static mesh reduction
[2017.07.27-08.29.47:181][  0]LogSimplygon: Simplygon DLL not present - disabling.
[2017.07.27-08.29.47:230][  0]LogMeshUtilities: Using SimplygonSwarm for distributed automatic mesh merging
[2017.07.27-08.29.47:230][  0]LogMeshUtilities: No automatic skeletal mesh reduction module available
[2017.07.27-08.29.47:230][  0]LogMeshUtilities: No automatic mesh merging module available
[2017.07.27-08.29.48:576][  0]LogNetVersion: FOTWO02 , NetCL: 3452394, EngineNetVer: 2, GameNetVer: 0 (Checksum: 2990255715)
[2017.07.27-08.29.48:670][  0]LogAssetRegistry: FAssetRegistry took 0.0280 seconds to start up
[2017.07.27-08.29.48:734][  0]LogPackageLocalizationCache: Processed 4 localized package path(s) for 2 prioritized culture(s) in 0.042712 seconds
[2017.07.27-08.29.48:740][  0]LogUObjectArray: 34194 objects as part of root set at end of initial load.
[2017.07.27-08.29.48:740][  0]LogUObjectAllocator: 7260424 out of 0 bytes used by permanent object pool.
[2017.07.27-08.29.48:740][  0]LogUObjectArray: CloseDisregardForGC: 0/0 objects in disregard for GC pool
[2017.07.27-08.29.48:803][  0]LogInit: WinSock: version 1.1 (2.2), MaxSocks=32767, MaxUdp=65467
[2017.07.27-08.29.57:117][  0]LogTcpMessaging: Initializing TcpMessaging bridge
[2017.07.27-08.29.57:239][  0]LogUdpMessaging: Initializing bridge on interface 0.0.0.0:0 to multicast group 230.0.0.1:6666.
[2017.07.27-08.29.58:065][  0]LogMaterial: Uniform references updated for custom material expression Custom.
[2017.07.27-08.29.58:644][  0]SourceControl: Info Source control is disabled
[2017.07.27-08.29.58:699][  0]SourceControl: Info Source control is disabled
[2017.07.27-08.29.58:751][  0]SourceControl: Info Source control is disabled
[2017.07.27-08.29.58:816][  0]SourceControl: Info Source control is disabled
[2017.07.27-08.29.59:747][  0]LogAndroidPermission: UAndroidPermissionCallbackProxy::GetInstance
[2017.07.27-08.30.00:425][  0]LogEngine: Initializing Engine...
[2017.07.27-08.30.00:426][  0]LogHMD: Failed to initialize OpenVR with code 110
[2017.07.27-08.30.00:873][  0]LogStats: UGameplayTagsManager::ConstructGameplayTagTree: Construct from data asset -  0.000 s
[2017.07.27-08.30.00:874][  0]LogStats: UGameplayTagsManager::ConstructGameplayTagTree: GameplayTagTreeChangedEvent.Broadcast -  0.000 s
[2017.07.27-08.30.01:015][  0]LogAIModule: Creating AISystem for world Untitled
[2017.07.27-08.30.01:036][  0]LogInit: XAudio2 using 'Headset Earphone (3- Microsoft LifeChat LX-3000)' : 2 channels at 48 kHz using 16 bits per sample (channel mask 0x3)
[2017.07.27-08.30.01:114][  0]LogInit: FAudioDevice initialized.
[2017.07.27-08.30.01:169][  0]LogDerivedDataCache: Saved boot cache 0.05s 90MB C:/Users/vonkl/AppData/Local/UnrealEngine/4.16/DerivedDataCache/Boot.ddc.
[2017.07.27-08.30.01:183][  0]LogInit: Texture streaming: Enabled
[2017.07.27-08.30.01:297][  0]LogEngineSessionManager: EngineSessionManager initialized
[2017.07.27-08.30.01:545][  0]LogInit: Transaction tracking system initialized
[2017.07.27-08.30.01:854][  0]BlueprintLog: New page: Editor Load
[2017.07.27-08.30.02:894][  0]LocalizationService: Info Localization service is disabled
[2017.07.27-08.30.03:662][  0]LogConsoleResponse:Display: 
[2017.07.27-08.30.04:056][  0]LogCook:Display: Max memory allowance for cook 16384mb min free memory 0mb
[2017.07.27-08.30.04:056][  0]LogCook:Display: Mobile HDR setting 1
[2017.07.27-08.30.04:703][  0]LogFileCache: Scanning file cache for directory 'C:/Unreal/FOTWO/source/FOTWO02/Content/' took 0.02s
[2017.07.27-08.30.05:266][  0]SourceControl: Info Source control is disabled
[2017.07.27-08.30.05:268][  0]Cmd: MAP LOAD FILE="../../../../../../Unreal/FOTWO/source/FOTWO02/Content/2DSideScrollerBP/Maps/2DSideScrollerExampleMap.umap" TEMPLATE=0 SHOWPROGRESS=1 FEATURELEVEL=3
[2017.07.27-08.30.05:268][  0]LogEditorServer:Warning: Can't find file '../../../../../../Unreal/FOTWO/source/FOTWO02/Content/2DSideScrollerBP/Maps/2DSideScrollerExampleMap.umap'
[2017.07.27-08.30.05:268][  0]Cmd: MAP CHECKDEP NOCLEARLOG
[2017.07.27-08.30.05:307][  0]MapCheck: Info Map check complete: 0 Error(s), 0 Warning(s), took 38.43ms to complete.
[2017.07.27-08.30.05:307][  0]LogFileHelpers: Loading map '2DSideScrollerExampleMap' took 0.040
[2017.07.27-08.30.05:580][  0]LogCollectionManager: Loaded 0 collections in 0.002066 seconds
[2017.07.27-08.30.05:665][  0]LogFileCache: Scanning file cache for directory 'C:/Unreal/FOTWO/source/FOTWO02/Saved/Collections/' took 0.01s
[2017.07.27-08.30.05:665][  0]LogFileCache: Scanning file cache for directory 'C:/Unreal/FOTWO/source/FOTWO02/Content/Developers/vonkl/Collections/' took 0.01s
[2017.07.27-08.30.05:665][  0]LogFileCache: Scanning file cache for directory 'C:/Unreal/FOTWO/source/FOTWO02/Content/Collections/' took 0.00s
[2017.07.27-08.30.05:665][  0]LogCollectionManager: Rebuilt the GUID cache for 0 collections in 0.000001 seconds
[2017.07.27-08.30.05:676][  0]LogContentBrowser: Native class hierarchy populated in 0.0099 seconds. Added 2329 classes and 491 folders.
[2017.07.27-08.30.05:737][  0]LogContentBrowser: Native class hierarchy updated for 'WidgetCarousel' in 0.0004 seconds. Added 0 classes and 0 folders.
[2017.07.27-08.30.06:166][  0]LogContentBrowser: Native class hierarchy updated for 'AddContentDialog' in 0.0006 seconds. Added 0 classes and 0 folders.
[2017.07.27-08.30.06:227][  0]LogContentBrowser: Native class hierarchy updated for 'SceneOutliner' in 0.0005 seconds. Added 1 classes and 2 folders.
[2017.07.27-08.30.06:426][  0]LogCrashTracker: Crashtracker disabled due to settings.
[2017.07.27-08.30.06:445][  0]LogSlate: Took 0.006654 seconds to synchronously load lazily loaded font '../../../Engine/Content/Slate/Fonts/Roboto-Regular.ttf' (155K)
[2017.07.27-08.30.06:453][  0]LogSlate: Took 0.005863 seconds to synchronously load lazily loaded font '../../../Engine/Content/Slate/Fonts/Roboto-Bold.ttf' (160K)
[2017.07.27-08.30.06:467][  0]LogSlate: Took 0.005927 seconds to synchronously load lazily loaded font '../../../Engine/Content/Editor/Slate/Fonts/FontAwesome.ttf' (139K)
[2017.07.27-08.30.06:628][  0]LogRenderer: Reallocating scene render targets to support 1656x932 NumSamples 1 (Frame:1).
[2017.07.27-08.30.06:748][  0]LogUObjectGlobals:Warning: Failed to find object 'Class None.'
[2017.07.27-08.30.06:827][  0]LogContentBrowser: Native class hierarchy updated for 'HierarchicalLODOutliner' in 0.0007 seconds. Added 1 classes and 2 folders.
[2017.07.27-08.30.06:827][  0]LogLoad: (Engine Initialization) Total time: 33.38 seconds
[2017.07.27-08.30.06:827][  0]LogLoad: (Engine Initialization) Total Blueprint compile time: 0.10 seconds
[2017.07.27-08.30.06:827][  0]LogExternalProfiler: Found external profiler: VSPerf
[2017.07.27-08.30.06:827][  0]LogExternalProfiler: Using external profiler: VSPerf
[2017.07.27-08.30.06:849][  0]LogOcInput: OculusInput pre-init called
[2017.07.27-08.30.06:849][  0]LogHMD: Starting GearVRController plugin
[2017.07.27-08.30.06:868][  0]LogContentStreaming: Texture pool size now 1000 MB
[2017.07.27-08.30.06:938][  1]LogAssetRegistry: Asset discovery search completed in 18.2908 seconds
[2017.07.27-08.30.06:940][  1]LogCollectionManager: Rebuilt the object cache for 0 collections in 0.000000 seconds (found 0 objects)
[2017.07.27-08.30.06:940][  1]LogCollectionManager: Fixed up redirectors for 0 collections in 0.000022 seconds (updated 0 objects)
[2017.07.27-08.32.14:255][729]LogSlate: Took 0.003477 seconds to synchronously load lazily loaded font '../../../Engine/Content/Slate/Fonts/Roboto-Light.ttf' (159K)
[2017.07.27-08.32.15:069][729]LogSlate: Took 0.000170 seconds to synchronously load lazily loaded font '../../../Engine/Content/Slate/Fonts/Roboto-Regular.ttf' (155K)
[2017.07.27-08.32.15:076][729]LogAIModule: Creating AISystem for world FOTWO01
[2017.07.27-08.32.15:114][729]Cmd: MAP LOAD FILE="../../../../../../Unreal/FOTWO/source/FOTWO02/Content/2DSideScrollerBP/Maps/FOTWO01.umap" TEMPLATE=0 SHOWPROGRESS=1 FEATURELEVEL=3
[2017.07.27-08.32.15:115][729]LightingResults: New page: Lighting Build
[2017.07.27-08.32.15:154][729]LogContentBrowser: Native class hierarchy updated for 'StatsViewer' in 0.0008 seconds. Added 5 classes and 0 folders.
[2017.07.27-08.32.15:155][729]LoadErrors: New page: Loading map: FOTWO01.umap
[2017.07.27-08.32.15:156][729]MapCheck: New page: Map Check
[2017.07.27-08.32.15:156][729]LightingResults: New page: Lighting Build
[2017.07.27-08.32.15:221][729]LogEditorServer: Finished looking for orphan Actors (0.000 secs)
[2017.07.27-08.32.15:275][729]Cmd: MAP CHECKDEP NOCLEARLOG
[2017.07.27-08.32.15:331][729]MapCheck: Info Map check complete: 0 Error(s), 0 Warning(s), took 56.682ms to complete.
[2017.07.27-08.32.15:332][729]LogFileHelpers: Loading map 'FOTWO01' took 0.218
[2017.07.27-08.32.20:768][ 17]LogContentBrowser: Native class hierarchy updated for 'BlueprintGraph' in 0.0008 seconds. Added 112 classes and 0 folders.
[2017.07.27-08.32.21:515][ 17]LogSlate: Took 0.000298 seconds to synchronously load lazily loaded font '../../../Engine/Content/Slate/Fonts/Roboto-Light.ttf' (159K)
[2017.07.27-08.32.21:520][ 17]LogSlate: Took 0.003695 seconds to synchronously load lazily loaded font '../../../Engine/Content/Editor/Slate/Fonts/Roboto-BoldCondensed.ttf' (158K)
[2017.07.27-13.45.59:676][515]LogSlate: Took 0.024049 seconds to synchronously load lazily loaded font '../../../Engine/Content/Slate/Fonts/DroidSansFallback.ttf' (3848K)
[2017.07.27-13.46.27:304][ 64]LogTemp: Repeting last play command: Selected Viewport
[2017.07.27-13.46.27:481][ 64]LogBlueprintUserMessages: Early PlayInEditor Detection: Level '/Game/2DSideScrollerBP/Maps/FOTWO01.FOTWO01:PersistentLevel' has LevelScriptBlueprint '/Game/2DSideScrollerBP/Maps/FOTWO01.FOTWO01:PersistentLevel.FOTWO01' with GeneratedClass '/Game/2DSideScrollerBP/Maps/FOTWO01.FOTWO01_C' with ClassGeneratedBy '/Game/2DSideScrollerBP/Maps/FOTWO01.FOTWO01:PersistentLevel.FOTWO01'
[2017.07.27-13.46.27:481][ 64]LogPlayLevel: PlayLevel: No blueprints needed recompiling
[2017.07.27-13.46.27:486][ 64]PIE: New page: PIE session: FOTWO01 (27 Jul 2017 17:46:27)
[2017.07.27-13.46.27:488][ 64]LogPlayLevel: Creating play world package: /Game/2DSideScrollerBP/Maps/UEDPIE_0_FOTWO01
[2017.07.27-13.46.27:506][ 64]LogPlayLevel: PIE: StaticDuplicateObject took: (0.017108s)
[2017.07.27-13.46.27:511][ 64]LogAIModule: Creating AISystem for world FOTWO01
[2017.07.27-13.46.27:512][ 64]LogPlayLevel: PIE: World Init took: (0.006252s)
[2017.07.27-13.46.27:513][ 64]LogPlayLevel: PIE: Created PIE world by copying editor world from /Game/2DSideScrollerBP/Maps/FOTWO01.FOTWO01 to /Game/2DSideScrollerBP/Maps/UEDPIE_0_FOTWO01.FOTWO01 (0.025167s)
[2017.07.27-13.46.27:581][ 64]LogInit: XAudio2 using 'Headset Earphone (3- Microsoft LifeChat LX-3000)' : 2 channels at 48 kHz using 16 bits per sample (channel mask 0x3)
[2017.07.27-13.46.27:589][ 64]LogInit: FAudioDevice initialized.
[2017.07.27-13.46.27:635][ 64]LogLoad: Game class is 'FOTWOGameMode_C'
[2017.07.27-13.46.27:640][ 64]LogWorld: Bringing World /Game/2DSideScrollerBP/Maps/UEDPIE_0_FOTWO01.FOTWO01 up for play (max tick rate 60) at 2017.07.27-15.46.27
[2017.07.27-13.46.27:641][ 64]LogWorld: Bringing up level for play took: 0.002493
[2017.07.27-13.46.27:708][ 64]LogContentBrowser: Native class hierarchy updated for 'MovieSceneCapture' in 0.0016 seconds. Added 11 classes and 0 folders.
[2017.07.27-13.46.27:724][ 64]PIE: Info Play in editor start time for /Game/2DSideScrollerBP/Maps/UEDPIE_0_FOTWO01 -0.589
[2017.07.27-13.46.27:724][ 64]LogBlueprintUserMessages: Late PlayInEditor Detection: Level '/Game/2DSideScrollerBP/Maps/FOTWO01.FOTWO01:PersistentLevel' has LevelScriptBlueprint '/Game/2DSideScrollerBP/Maps/FOTWO01.FOTWO01:PersistentLevel.FOTWO01' with GeneratedClass '/Game/2DSideScrollerBP/Maps/FOTWO01.FOTWO01_C' with ClassGeneratedBy '/Game/2DSideScrollerBP/Maps/FOTWO01.FOTWO01:PersistentLevel.FOTWO01'
[2017.07.27-13.47.18:878][130]LogBlueprintUserMessages: Early EndPlayMap Detection: Level '/Game/2DSideScrollerBP/Maps/FOTWO01.FOTWO01:PersistentLevel' has LevelScriptBlueprint '/Game/2DSideScrollerBP/Maps/FOTWO01.FOTWO01:PersistentLevel.FOTWO01' with GeneratedClass '/Game/2DSideScrollerBP/Maps/FOTWO01.FOTWO01_C' with ClassGeneratedBy '/Game/2DSideScrollerBP/Maps/FOTWO01.FOTWO01:PersistentLevel.FOTWO01'
[2017.07.27-13.47.18:941][130]LogBlueprintUserMessages: Late EndPlayMap Detection: Level '/Game/2DSideScrollerBP/Maps/FOTWO01.FOTWO01:PersistentLevel' has LevelScriptBlueprint '/Game/2DSideScrollerBP/Maps/FOTWO01.FOTWO01:PersistentLevel.FOTWO01' with GeneratedClass '/Game/2DSideScrollerBP/Maps/FOTWO01.FOTWO01_C' with ClassGeneratedBy '/Game/2DSideScrollerBP/Maps/FOTWO01.FOTWO01:PersistentLevel.FOTWO01'
[2017.07.27-13.55.35:168][462]BlueprintLog: New page: Compile ConfHUD
[2017.07.27-13.55.35:407][462]BlueprintEditorCompileResults: Info Fast Template Successfully Created.
[2017.07.27-13.55.36:741][509]LogSavePackage: Save=262.22ms
[2017.07.27-13.55.36:741][509]LogSavePackage: Moving '../../../../../../Unreal/FOTWO/source/FOTWO02/Saved/ConfHUD3C3F7A654DE698F05FDFF6B0BDAC55C8.tmp' to '../../../../../../Unreal/FOTWO/source/FOTWO02/Content/2DSideScrollerBP/Blueprints/User_Interface/ConfHUD.uasset'
[2017.07.27-13.55.36:744][509]LogSavePackage:Display: Finished SavePackage ../../../../../../Unreal/FOTWO/source/FOTWO02/Content/2DSideScrollerBP/Blueprints/User_Interface/ConfHUD.uasset
[2017.07.27-13.55.43:303][886]LogSlate: Took 0.005737 seconds to synchronously load lazily loaded font '../../../Engine/Content/Editor/Slate/Fonts/Roboto-Italic.ttf' (157K)
[2017.07.27-14.03.44:941][816]BlueprintLog: New page: Compile ConfHUD
[2017.07.27-14.03.45:156][816]BlueprintEditorCompileResults: Info Fast Template Successfully Created.
[2017.07.27-14.03.46:034][846]LogSavePackage: Save=251.79ms
[2017.07.27-14.03.46:034][846]LogSavePackage: Moving '../../../../../../Unreal/FOTWO/source/FOTWO02/Saved/ConfHUDA7FB45894D1C02757F62B9823C50E054.tmp' to '../../../../../../Unreal/FOTWO/source/FOTWO02/Content/2DSideScrollerBP/Blueprints/User_Interface/ConfHUD.uasset'
[2017.07.27-14.03.46:037][846]LogSavePackage:Display: Finished SavePackage ../../../../../../Unreal/FOTWO/source/FOTWO02/Content/2DSideScrollerBP/Blueprints/User_Interface/ConfHUD.uasset
[2017.07.27-14.08.51:525][537]LogFileHelpers: Editor autosave (incl. sublevels) for '/Game/2DSideScrollerBP/Maps/FOTWO01' took 0.038
[2017.07.27-14.08.51:529][537]OBJ SavePackage: Generating thumbnails for [0] asset(s) in package [/Game/2DSideScrollerBP/Blueprints/User_Interface/ConfHUD] ([1] browsable assets)...
[2017.07.27-14.08.51:529][537]OBJ SavePackage: Finished generating thumbnails for package [/Game/2DSideScrollerBP/Blueprints/User_Interface/ConfHUD]
[2017.07.27-14.08.51:858][537]LogSavePackage: Save=246.47ms
[2017.07.27-14.08.51:858][537]LogSavePackage: Moving '../../../../../../Unreal/FOTWO/source/FOTWO02/Saved/ConfHUD_Auto105C175F44D79DDB826417B9F6AEC4DEE.tmp' to '../../../../../../Unreal/FOTWO/source/FOTWO02/Saved/Autosaves/Game/2DSideScrollerBP/Blueprints/User_Interface/ConfHUD_Auto1.uasset'
[2017.07.27-14.08.51:861][537]LogSavePackage:Display: Finished SavePackage ../../../../../../Unreal/FOTWO/source/FOTWO02/Saved/Autosaves/Game/2DSideScrollerBP/Blueprints/User_Interface/ConfHUD_Auto1.uasset
[2017.07.27-14.08.51:861][537]LogFileHelpers: Auto-saving content packages took 0.334
[2017.07.27-14.10.01:080][884]BlueprintLog: New page: Compile ConfHUD
[2017.07.27-14.10.01:113][884]LogBlueprint:Error: [Compiler ConfHUD] Error This blueprint (self) is not a WidgetSwitcher, therefore ' Target ' must have a connection.
[2017.07.27-14.10.01:113][884]LogBlueprint:Error: [Compiler ConfHUD] Error This blueprint (self) is not a WidgetSwitcher, therefore ' Target ' must have a connection.
[2017.07.27-14.10.01:379][884]BlueprintEditorCompileResults:Error: Error This blueprint (self) is not a WidgetSwitcher, therefore ' Target ' must have a connection.
[2017.07.27-14.10.01:379][884]BlueprintEditorCompileResults:Error: Error This blueprint (self) is not a WidgetSwitcher, therefore ' Target ' must have a connection.
[2017.07.27-14.10.01:379][884]BlueprintEditorCompileResults: Info Fast Template Successfully Created.
[2017.07.27-14.10.01:379][884]LogBlueprint:Warning: [Compiler ConfHUD] Warning [0427.93] Compile of ConfHUD failed. 2 Fatal Issue(s) 0 Warning(s) [in 299 ms] (/Game/2DSideScrollerBP/Blueprints/User_Interface/ConfHUD.ConfHUD)
[2017.07.27-14.10.02:106][906]LogSavePackage: Save=261.49ms
[2017.07.27-14.10.02:106][906]LogSavePackage: Moving '../../../../../../Unreal/FOTWO/source/FOTWO02/Saved/ConfHUD091B7EFB4B2CBAD27061E0ADC7B1323D.tmp' to '../../../../../../Unreal/FOTWO/source/FOTWO02/Content/2DSideScrollerBP/Blueprints/User_Interface/ConfHUD.uasset'
[2017.07.27-14.10.02:109][906]LogSavePackage:Display: Finished SavePackage ../../../../../../Unreal/FOTWO/source/FOTWO02/Content/2DSideScrollerBP/Blueprints/User_Interface/ConfHUD.uasset
[2017.07.27-14.10.31:675][496]BlueprintLog: New page: Compile ConfHUD
[2017.07.27-14.10.31:821][496]BlueprintEditorCompileResults: Info Fast Template Successfully Created.
[2017.07.27-14.10.32:812][533]LogSavePackage: Save=279.72ms
[2017.07.27-14.10.32:812][533]LogSavePackage: Moving '../../../../../../Unreal/FOTWO/source/FOTWO02/Saved/ConfHUD0967BF7943759DE858D2A7A2A2C342E4.tmp' to '../../../../../../Unreal/FOTWO/source/FOTWO02/Content/2DSideScrollerBP/Blueprints/User_Interface/ConfHUD.uasset'
[2017.07.27-14.10.32:815][533]LogSavePackage:Display: Finished SavePackage ../../../../../../Unreal/FOTWO/source/FOTWO02/Content/2DSideScrollerBP/Blueprints/User_Interface/ConfHUD.uasset
[2017.07.27-14.10.36:648][761]LogTemp: Repeting last play command: Selected Viewport
[2017.07.27-14.10.36:675][761]LogBlueprintUserMessages: Early PlayInEditor Detection: Level '/Game/2DSideScrollerBP/Maps/FOTWO01.FOTWO01:PersistentLevel' has LevelScriptBlueprint '/Game/2DSideScrollerBP/Maps/FOTWO01.FOTWO01:PersistentLevel.FOTWO01' with GeneratedClass '/Game/2DSideScrollerBP/Maps/FOTWO01.FOTWO01_C' with ClassGeneratedBy '/Game/2DSideScrollerBP/Maps/FOTWO01.FOTWO01:PersistentLevel.FOTWO01'
[2017.07.27-14.10.36:675][761]LogPlayLevel: PlayLevel: No blueprints needed recompiling
[2017.07.27-14.10.36:675][761]PIE: New page: PIE session: FOTWO01 (27 Jul 2017 18:10:36)
[2017.07.27-14.10.36:675][761]LogPlayLevel: Creating play world package: /Game/2DSideScrollerBP/Maps/UEDPIE_0_FOTWO01
[2017.07.27-14.10.36:676][761]LogPlayLevel: PIE: StaticDuplicateObject took: (0.001366s)
[2017.07.27-14.10.36:677][761]LogAIModule: Creating AISystem for world FOTWO01
[2017.07.27-14.10.36:677][761]LogPlayLevel: PIE: World Init took: (0.000616s)
[2017.07.27-14.10.36:677][761]LogPlayLevel: PIE: Created PIE world by copying editor world from /Game/2DSideScrollerBP/Maps/FOTWO01.FOTWO01 to /Game/2DSideScrollerBP/Maps/UEDPIE_0_FOTWO01.FOTWO01 (0.002202s)
[2017.07.27-14.10.36:696][761]LogInit: XAudio2 using 'Headset Earphone (3- Microsoft LifeChat LX-3000)' : 2 channels at 48 kHz using 16 bits per sample (channel mask 0x3)
[2017.07.27-14.10.36:701][761]LogInit: FAudioDevice initialized.
[2017.07.27-14.10.36:737][761]LogLoad: Game class is 'FOTWOGameMode_C'
[2017.07.27-14.10.36:739][761]LogWorld: Bringing World /Game/2DSideScrollerBP/Maps/UEDPIE_0_FOTWO01.FOTWO01 up for play (max tick rate 60) at 2017.07.27-16.10.36
[2017.07.27-14.10.36:739][761]LogWorld: Bringing up level for play took: 0.000921
[2017.07.27-14.10.36:751][761]PIE: Info Play in editor start time for /Game/2DSideScrollerBP/Maps/UEDPIE_0_FOTWO01 0.438
[2017.07.27-14.10.36:751][761]LogBlueprintUserMessages: Late PlayInEditor Detection: Level '/Game/2DSideScrollerBP/Maps/FOTWO01.FOTWO01:PersistentLevel' has LevelScriptBlueprint '/Game/2DSideScrollerBP/Maps/FOTWO01.FOTWO01:PersistentLevel.FOTWO01' with GeneratedClass '/Game/2DSideScrollerBP/Maps/FOTWO01.FOTWO01_C' with ClassGeneratedBy '/Game/2DSideScrollerBP/Maps/FOTWO01.FOTWO01:PersistentLevel.FOTWO01'
[2017.07.27-14.11.29:320][ 94]LogBlueprintUserMessages: Early EndPlayMap Detection: Level '/Game/2DSideScrollerBP/Maps/FOTWO01.FOTWO01:PersistentLevel' has LevelScriptBlueprint '/Game/2DSideScrollerBP/Maps/FOTWO01.FOTWO01:PersistentLevel.FOTWO01' with GeneratedClass '/Game/2DSideScrollerBP/Maps/FOTWO01.FOTWO01_C' with ClassGeneratedBy '/Game/2DSideScrollerBP/Maps/FOTWO01.FOTWO01:PersistentLevel.FOTWO01'
[2017.07.27-14.11.29:356][ 94]LogBlueprintUserMessages: Late EndPlayMap Detection: Level '/Game/2DSideScrollerBP/Maps/FOTWO01.FOTWO01:PersistentLevel' has LevelScriptBlueprint '/Game/2DSideScrollerBP/Maps/FOTWO01.FOTWO01:PersistentLevel.FOTWO01' with GeneratedClass '/Game/2DSideScrollerBP/Maps/FOTWO01.FOTWO01_C' with ClassGeneratedBy '/Game/2DSideScrollerBP/Maps/FOTWO01.FOTWO01:PersistentLevel.FOTWO01'
[2017.07.27-14.11.49:284][188]BlueprintLog: New page: Compile ConfHUD
[2017.07.27-14.11.49:426][188]BlueprintEditorCompileResults: Info Fast Template Successfully Created.
[2017.07.27-14.11.51:820][308]LogSavePackage: Save=295.16ms
[2017.07.27-14.11.51:820][308]LogSavePackage: Moving '../../../../../../Unreal/FOTWO/source/FOTWO02/Saved/ConfHUD122F57384CFD0C64BA4E39BECD0C3606.tmp' to '../../../../../../Unreal/FOTWO/source/FOTWO02/Content/2DSideScrollerBP/Blueprints/User_Interface/ConfHUD.uasset'
[2017.07.27-14.11.51:822][308]LogSavePackage:Display: Finished SavePackage ../../../../../../Unreal/FOTWO/source/FOTWO02/Content/2DSideScrollerBP/Blueprints/User_Interface/ConfHUD.uasset
[2017.07.27-14.11.54:406][463]LogTemp: Repeting last play command: Selected Viewport
[2017.07.27-14.11.54:432][463]LogBlueprintUserMessages: Early PlayInEditor Detection: Level '/Game/2DSideScrollerBP/Maps/FOTWO01.FOTWO01:PersistentLevel' has LevelScriptBlueprint '/Game/2DSideScrollerBP/Maps/FOTWO01.FOTWO01:PersistentLevel.FOTWO01' with GeneratedClass '/Game/2DSideScrollerBP/Maps/FOTWO01.FOTWO01_C' with ClassGeneratedBy '/Game/2DSideScrollerBP/Maps/FOTWO01.FOTWO01:PersistentLevel.FOTWO01'
[2017.07.27-14.11.54:432][463]LogPlayLevel: PlayLevel: No blueprints needed recompiling
[2017.07.27-14.11.54:432][463]PIE: New page: PIE session: FOTWO01 (27 Jul 2017 18:11:54)
[2017.07.27-14.11.54:432][463]LogPlayLevel: Creating play world package: /Game/2DSideScrollerBP/Maps/UEDPIE_0_FOTWO01
[2017.07.27-14.11.54:433][463]LogPlayLevel: PIE: StaticDuplicateObject took: (0.001259s)
[2017.07.27-14.11.54:434][463]LogAIModule: Creating AISystem for world FOTWO01
[2017.07.27-14.11.54:434][463]LogPlayLevel: PIE: World Init took: (0.000699s)
[2017.07.27-14.11.54:434][463]LogPlayLevel: PIE: Created PIE world by copying editor world from /Game/2DSideScrollerBP/Maps/FOTWO01.FOTWO01 to /Game/2DSideScrollerBP/Maps/UEDPIE_0_FOTWO01.FOTWO01 (0.002107s)
[2017.07.27-14.11.54:454][463]LogInit: XAudio2 using 'Headset Earphone (3- Microsoft LifeChat LX-3000)' : 2 channels at 48 kHz using 16 bits per sample (channel mask 0x3)
[2017.07.27-14.11.54:459][463]LogInit: FAudioDevice initialized.
[2017.07.27-14.11.54:489][463]LogLoad: Game class is 'FOTWOGameMode_C'
[2017.07.27-14.11.54:491][463]LogWorld: Bringing World /Game/2DSideScrollerBP/Maps/UEDPIE_0_FOTWO01.FOTWO01 up for play (max tick rate 60) at 2017.07.27-16.11.54
[2017.07.27-14.11.54:491][463]LogWorld: Bringing up level for play took: 0.001022
[2017.07.27-14.11.54:502][463]PIE: Info Play in editor start time for /Game/2DSideScrollerBP/Maps/UEDPIE_0_FOTWO01 0.19
[2017.07.27-14.11.54:503][463]LogBlueprintUserMessages: Late PlayInEditor Detection: Level '/Game/2DSideScrollerBP/Maps/FOTWO01.FOTWO01:PersistentLevel' has LevelScriptBlueprint '/Game/2DSideScrollerBP/Maps/FOTWO01.FOTWO01:PersistentLevel.FOTWO01' with GeneratedClass '/Game/2DSideScrollerBP/Maps/FOTWO01.FOTWO01_C' with ClassGeneratedBy '/Game/2DSideScrollerBP/Maps/FOTWO01.FOTWO01:PersistentLevel.FOTWO01'
[2017.07.27-14.16.31:751][938]LogBlueprintUserMessages: Early EndPlayMap Detection: Level '/Game/2DSideScrollerBP/Maps/FOTWO01.FOTWO01:PersistentLevel' has LevelScriptBlueprint '/Game/2DSideScrollerBP/Maps/FOTWO01.FOTWO01:PersistentLevel.FOTWO01' with GeneratedClass '/Game/2DSideScrollerBP/Maps/FOTWO01.FOTWO01_C' with ClassGeneratedBy '/Game/2DSideScrollerBP/Maps/FOTWO01.FOTWO01:PersistentLevel.FOTWO01'
[2017.07.27-14.16.31:809][938]LogBlueprintUserMessages: Late EndPlayMap Detection: Level '/Game/2DSideScrollerBP/Maps/FOTWO01.FOTWO01:PersistentLevel' has LevelScriptBlueprint '/Game/2DSideScrollerBP/Maps/FOTWO01.FOTWO01:PersistentLevel.FOTWO01' with GeneratedClass '/Game/2DSideScrollerBP/Maps/FOTWO01.FOTWO01_C' with ClassGeneratedBy '/Game/2DSideScrollerBP/Maps/FOTWO01.FOTWO01:PersistentLevel.FOTWO01'
[2017.07.27-14.31.19:021][558]LogWindowsTextInputMethodSystem:Display: IME system now deactivated.
[2017.07.27-14.31.19:289][559]Cmd: QUIT_EDITOR
[2017.07.27-14.31.19:322][559]LogExit: Preparing to exit.
[2017.07.27-14.31.20:367][559]LogDirectoryWatcher: A directory notification for 'C:/Unreal/FOTWO/source/FOTWO02/Content/' was aborted.
[2017.07.27-14.31.20:460][559]LogExit: Editor shut down
[2017.07.27-14.31.20:506][559]LogExit: Transaction tracking system shut down
[2017.07.27-14.31.20:629][559]LogObj: Freed 0b from 0 cluster array pools.
[2017.07.27-14.31.20:629][559]LogExit: Object subsystem successfully closed.
[2017.07.27-14.31.20:655][559]LogD3D11RHI: Shutdown
[2017.07.27-14.31.20:655][559]LogD3D11RHI: CleanupD3DDevice
[2017.07.27-14.31.20:711][559]LogD3D11RHI: ~FD3D11DynamicRHI
[2017.07.27-14.31.20:729][559]LogModuleManager: Shutting down and abandoning module MovieSceneCapture (532)
[2017.07.27-14.31.20:729][559]LogModuleManager: Shutting down and abandoning module SequencerWidgets (530)
[2017.07.27-14.31.20:729][559]LogModuleManager: Shutting down and abandoning module BlueprintGraph (528)
[2017.07.27-14.31.20:729][559]LogModuleManager: Shutting down and abandoning module BlueprintProfiler (526)
[2017.07.27-14.31.20:730][559]LogModuleManager: Shutting down and abandoning module StatsViewer (524)
[2017.07.27-14.31.20:730][559]LogModuleManager: Shutting down and abandoning module HierarchicalLODOutliner (522)
[2017.07.27-14.31.20:730][559]LogModuleManager: Shutting down and abandoning module CrashTracker (520)
[2017.07.27-14.31.20:730][559]LogModuleManager: Shutting down and abandoning module SceneOutliner (518)
[2017.07.27-14.31.20:730][559]LogModuleManager: Shutting down and abandoning module AddContentDialog (516)
[2017.07.27-14.31.20:730][559]LogDirectoryWatcher: A directory notification for 'C:/Program Files/Epic Games/UE_4.16/FeaturePacks/' was aborted.
[2017.07.27-14.31.20:735][559]LogModuleManager: Shutting down and abandoning module WidgetCarousel (515)
[2017.07.27-14.31.20:735][559]LogModuleManager: Shutting down and abandoning module EditorWidgets (512)
[2017.07.27-14.31.20:735][559]LogModuleManager: Shutting down and abandoning module CollectionManager (510)
[2017.07.27-14.31.20:735][559]LogDirectoryWatcher: A directory notification for 'C:/Unreal/FOTWO/source/FOTWO02/Content/Collections/' was aborted.
[2017.07.27-14.31.20:735][559]LogDirectoryWatcher: A directory notification for 'C:/Unreal/FOTWO/source/FOTWO02/Content/Developers/vonkl/Collections/' was aborted.
[2017.07.27-14.31.20:735][559]LogDirectoryWatcher: A directory notification for 'C:/Unreal/FOTWO/source/FOTWO02/Saved/Collections/' was aborted.
[2017.07.27-14.31.20:735][559]LogModuleManager: Shutting down and abandoning module FoliageEdit (508)
[2017.07.27-14.31.20:735][559]LogModuleManager: Shutting down and abandoning module LandscapeEditor (506)
[2017.07.27-14.31.20:736][559]LogModuleManager: Shutting down and abandoning module MeshPaintMode (504)
[2017.07.27-14.31.20:736][559]LogModuleManager: Shutting down and abandoning module SceneDepthPickerMode (502)
[2017.07.27-14.31.20:736][559]LogModuleManager: Shutting down and abandoning module ActorPickerMode (500)
[2017.07.27-14.31.20:736][559]LogModuleManager: Shutting down and abandoning module GeometryMode (498)
[2017.07.27-14.31.20:736][559]LogModuleManager: Shutting down and abandoning module TextureAlignMode (496)
[2017.07.27-14.31.20:736][559]LogModuleManager: Shutting down and abandoning module BspMode (494)
[2017.07.27-14.31.20:736][559]LogModuleManager: Shutting down and abandoning module HardwareSurvey (492)
[2017.07.27-14.31.20:736][559]LogModuleManager: Shutting down and abandoning module SequenceRecorderSections (490)
[2017.07.27-14.31.20:736][559]LogModuleManager: Shutting down and abandoning module AutomationWorker (488)
[2017.07.27-14.31.20:736][559]LogModuleManager: Shutting down and abandoning module MatineeToLevelSequence (486)
[2017.07.27-14.31.20:736][559]LogModuleManager: Shutting down and abandoning module LevelSequenceEditor (484)
[2017.07.27-14.31.20:737][559]LogModuleManager: Shutting down and abandoning module PlacementMode (483)
[2017.07.27-14.31.20:737][559]LogModuleManager: Shutting down and abandoning module WmfMediaFactory (480)
[2017.07.27-14.31.20:737][559]LogModuleManager: Shutting down and abandoning module WmfMediaEditor (478)
[2017.07.27-14.31.20:737][559]LogModuleManager: Shutting down and abandoning module AvfMediaFactory (476)
[2017.07.27-14.31.20:737][559]LogModuleManager: Shutting down and abandoning module AvfMediaEditor (474)
[2017.07.27-14.31.20:737][559]LogModuleManager: Shutting down and abandoning module AndroidMediaFactory (472)
[2017.07.27-14.31.20:737][559]LogModuleManager: Shutting down and abandoning module Media (471)
[2017.07.27-14.31.20:737][559]LogModuleManager: Shutting down and abandoning module AndroidMediaEditor (468)
[2017.07.27-14.31.20:737][559]LogModuleManager: Shutting down and abandoning module CharacterAI (466)
[2017.07.27-14.31.20:737][559]LogModuleManager: Shutting down and abandoning module AudioCapture (464)
[2017.07.27-14.31.20:737][559]LogModuleManager: Shutting down and abandoning module SequenceRecorder (463)
[2017.07.27-14.31.20:737][559]LogModuleManager: Shutting down and abandoning module SmartSnapping (460)
[2017.07.27-14.31.20:737][559]LogModuleManager: Shutting down and abandoning module SessionServices (458)
[2017.07.27-14.31.20:737][559]LogModuleManager: Shutting down and abandoning module ViewportSnapping (456)
[2017.07.27-14.31.20:737][559]LogModuleManager: Shutting down and abandoning module ViewportInteraction (454)
[2017.07.27-14.31.20:737][559]LogModuleManager: Shutting down and abandoning module ClothPainter (452)
[2017.07.27-14.31.20:738][559]LogModuleManager: Shutting down and abandoning module LogVisualizer (450)
[2017.07.27-14.31.20:738][559]LogModuleManager: Shutting down and abandoning module IntroTutorials (448)
[2017.07.27-14.31.20:738][559]LogModuleManager: Shutting down and abandoning module GameProjectGeneration (447)
[2017.07.27-14.31.20:738][559]LogModuleManager: Shutting down and abandoning module EditorLiveStreaming (444)
[2017.07.27-14.31.20:738][559]LogModuleManager: Shutting down and abandoning module IOSPlatformEditor (442)
[2017.07.27-14.31.20:739][559]LogModuleManager: Shutting down and abandoning module HTML5PlatformEditor (440)
[2017.07.27-14.31.20:739][559]LogModuleManager: Shutting down and abandoning module AndroidPlatformEditor (438)
[2017.07.27-14.31.20:739][559]LogModuleManager: Shutting down and abandoning module AndroidDeviceDetection (437)
[2017.07.27-14.31.21:514][559]LogModuleManager: Shutting down and abandoning module IOSRuntimeSettings (434)
[2017.07.27-14.31.21:514][559]LogModuleManager: Shutting down and abandoning module AndroidRuntimeSettings (432)
[2017.07.27-14.31.21:514][559]LogModuleManager: Shutting down and abandoning module InputBindingEditor (430)
[2017.07.27-14.31.21:515][559]LogModuleManager: Shutting down and abandoning module MergeActors (428)
[2017.07.27-14.31.21:516][559]LogModuleManager: Shutting down and abandoning module SizeMap (426)
[2017.07.27-14.31.21:516][559]LogModuleManager: Shutting down and abandoning module TreeMap (424)
[2017.07.27-14.31.21:516][559]LogModuleManager: Shutting down and abandoning module ReferenceViewer (422)
[2017.07.27-14.31.21:516][559]LogModuleManager: Shutting down and abandoning module LocalizationDashboard (420)
[2017.07.27-14.31.21:519][559]LogModuleManager: Shutting down and abandoning module LocalizationService (419)
[2017.07.27-14.31.21:519][559]LogModuleManager: Shutting down and abandoning module HardwareTargeting (416)
[2017.07.27-14.31.21:519][559]LogModuleManager: Shutting down and abandoning module DeviceProfileEditor (414)
[2017.07.27-14.31.21:521][559]LogModuleManager: Shutting down and abandoning module UndoHistory (412)
[2017.07.27-14.31.21:521][559]LogModuleManager: Shutting down and abandoning module UserFeedback (410)
[2017.07.27-14.31.21:521][559]LogModuleManager: Shutting down and abandoning module XmlParser (408)
[2017.07.27-14.31.21:522][559]LogModuleManager: Shutting down and abandoning module Blutility (406)
[2017.07.27-14.31.21:522][559]LogModuleManager: Shutting down and abandoning module ProjectSettingsViewer (404)
[2017.07.27-14.31.21:522][559]LogModuleManager: Shutting down and abandoning module ProjectTargetPlatformEditor (403)
[2017.07.27-14.31.21:523][559]LogModuleManager: Shutting down and abandoning module EditorSettingsViewer (400)
[2017.07.27-14.31.21:523][559]LogModuleManager: Shutting down and abandoning module SettingsEditor (398)
[2017.07.27-14.31.21:523][559]LogModuleManager: Shutting down and abandoning module ProjectLauncher (396)
[2017.07.27-14.31.21:524][559]LogModuleManager: Shutting down and abandoning module SessionFrontend (394)
[2017.07.27-14.31.21:525][559]LogModuleManager: Shutting down and abandoning module ProfilerClient (392)
[2017.07.27-14.31.21:526][559]LogModuleManager: Shutting down and abandoning module DeviceManager (390)
[2017.07.27-14.31.21:526][559]LogModuleManager: Shutting down and abandoning module TargetDeviceServices (389)
[2017.07.27-14.31.21:580][559]LogModuleManager: Shutting down and abandoning module AutomationController (386)
[2017.07.27-14.31.21:580][559]LogModuleManager: Shutting down and abandoning module AutomationWindow (384)
[2017.07.27-14.31.21:581][559]LogModuleManager: Shutting down and abandoning module Layers (382)
[2017.07.27-14.31.21:583][559]LogModuleManager: Shutting down and abandoning module ComponentVisualizers (380)
[2017.07.27-14.31.21:583][559]LogModuleManager: Shutting down and abandoning module DetailCustomizations (378)
[2017.07.27-14.31.21:583][559]LogModuleManager: Shutting down and abandoning module PackagesDialog (376)
[2017.07.27-14.31.21:584][559]LogModuleManager: Shutting down and abandoning module Persona (374)
[2017.07.27-14.31.21:584][559]LogModuleManager: Shutting down and abandoning module AdvancedPreviewScene (373)
[2017.07.27-14.31.21:584][559]LogModuleManager: Shutting down and abandoning module AnimGraph (371)
[2017.07.27-14.31.21:584][559]LogModuleManager: Shutting down and abandoning module Kismet (368)
[2017.07.27-14.31.21:606][559]LogModuleManager: Shutting down and abandoning module ClassViewer (366)
[2017.07.27-14.31.21:607][559]LogModuleManager: Shutting down and abandoning module Toolbox (364)
[2017.07.27-14.31.21:607][559]LogModuleManager: Shutting down and abandoning module ModuleUI (362)
[2017.07.27-14.31.21:608][559]LogModuleManager: Shutting down and abandoning module MovieSceneTools (360)
[2017.07.27-14.31.21:608][559]LogModuleManager: Shutting down and abandoning module OutputLog (358)
[2017.07.27-14.31.21:608][559]LogModuleManager: Shutting down and abandoning module GammaUI (356)
[2017.07.27-14.31.21:609][559]LogModuleManager: Shutting down and abandoning module Documentation (354)
[2017.07.27-14.31.21:609][559]LogModuleManager: Shutting down and abandoning module MovieSceneTracks (352)
[2017.07.27-14.31.21:609][559]LogModuleManager: Shutting down and abandoning module MovieScene (350)
[2017.07.27-14.31.21:609][559]LogModuleManager: Shutting down and abandoning module Niagara (348)
[2017.07.27-14.31.21:609][559]LogModuleManager: Shutting down and abandoning module NiagaraEditor (347)
[2017.07.27-14.31.21:610][559]LogModuleManager: Shutting down and abandoning module StreamingPauseRendering (344)
[2017.07.27-14.31.21:610][559]LogModuleManager: Shutting down and abandoning module AnalyticsET (342)
[2017.07.27-14.31.21:610][559]LogModuleManager: Shutting down and abandoning module PortalServices (340)
[2017.07.27-14.31.21:610][559]LogModuleManager: Shutting down and abandoning module PortalRpc (338)
[2017.07.27-14.31.21:610][559]LogModuleManager: Shutting down and abandoning module MessagingRpc (336)
[2017.07.27-14.31.21:610][559]LogModuleManager: Shutting down and abandoning module AIModule (334)
[2017.07.27-14.31.21:610][559]LogModuleManager: Shutting down and abandoning module GameplayDebugger (333)
[2017.07.27-14.31.21:610][559]LogModuleManager: Shutting down and abandoning module AITestSuite (331)
[2017.07.27-14.31.21:610][559]LogModuleManager: Shutting down and abandoning module ProfilerService (328)
[2017.07.27-14.31.21:850][559]LogModuleManager: Shutting down and abandoning module TaskGraph (326)
[2017.07.27-14.31.21:852][559]LogModuleManager: Shutting down and abandoning module SteamVRController (324)
[2017.07.27-14.31.21:852][559]LogModuleManager: Shutting down and abandoning module SteamVR (322)
[2017.07.27-14.31.21:852][559]LogModuleManager: Shutting down and abandoning module ProceduralMeshComponentEditor (320)
[2017.07.27-14.31.21:852][559]LogModuleManager: Shutting down and abandoning module ProceduralMeshComponent (318)
[2017.07.27-14.31.21:852][559]LogModuleManager: Shutting down and abandoning module OculusLibrary (316)
[2017.07.27-14.31.21:852][559]LogModuleManager: Shutting down and abandoning module OculusInput (314)
[2017.07.27-14.31.21:852][559]LogModuleManager: Shutting down and abandoning module MobilePatchingUtils (312)
[2017.07.27-14.31.21:852][559]LogModuleManager: Shutting down and abandoning module CustomMeshComponent (310)
[2017.07.27-14.31.21:852][559]LogModuleManager: Shutting down and abandoning module CableComponent (308)
[2017.07.27-14.31.21:852][559]LogModuleManager: Shutting down and abandoning module ArchVisCharacter (306)
[2017.07.27-14.31.21:852][559]LogModuleManager: Shutting down and abandoning module AndroidPermission (304)
[2017.07.27-14.31.21:852][559]LogModuleManager: Shutting down and abandoning module MediaPlayerEditor (300)
[2017.07.27-14.31.21:857][559]LogModuleManager: Shutting down and abandoning module HTML5Networking (298)
[2017.07.27-14.31.21:857][559]LogModuleManager: Shutting down and abandoning module AlembicImporter (296)
[2017.07.27-14.31.21:859][559]LogModuleManager: Shutting down and abandoning module AlembicLibrary (295)
[2017.07.27-14.31.21:859][559]LogModuleManager: Shutting down and abandoning module GeometryCache (294)
[2017.07.27-14.31.21:859][559]LogModuleManager: Shutting down and abandoning module GeometryCacheEd (293)
[2017.07.27-14.31.21:859][559]LogModuleManager: Shutting down and abandoning module SuperSearchEditor (288)
[2017.07.27-14.31.21:859][559]LogModuleManager: Shutting down and abandoning module SuperSearch (287)
[2017.07.27-14.31.21:859][559]LogModuleManager: Shutting down and abandoning module SpeedTreeImporter (284)
[2017.07.27-14.31.21:859][559]LogModuleManager: Shutting down and abandoning module PluginBrowser (282)
[2017.07.27-14.31.21:860][559]LogModuleManager: Shutting down and abandoning module MobileLauncherProfileWizard (280)
[2017.07.27-14.31.21:860][559]LogModuleManager: Shutting down and abandoning module VisualStudioSourceCodeAccess (278)
[2017.07.27-14.31.21:860][559]LogModuleManager: Shutting down and abandoning module DesktopPlatform (277)
[2017.07.27-14.31.21:860][559]LogModuleManager: Shutting down and abandoning module UObjectPlugin (274)
[2017.07.27-14.31.21:860][559]LogModuleManager: Shutting down and abandoning module SubversionSourceControl (272)
[2017.07.27-14.31.21:860][559]LogModuleManager: Shutting down and abandoning module PerforceSourceControl (270)
[2017.07.27-14.31.21:860][559]LogModuleManager: Shutting down and abandoning module GitSourceControl (268)
[2017.07.27-14.31.21:860][559]LogModuleManager: Shutting down and abandoning module SourceControl (267)
[2017.07.27-14.31.21:860][559]LogModuleManager: Shutting down and abandoning module LightPropagationVolumeEditor (264)
[2017.07.27-14.31.21:860][559]LogModuleManager: Shutting down and abandoning module PaperTiledImporter (262)
[2017.07.27-14.31.21:860][559]LogModuleManager: Shutting down and abandoning module PaperSpriteSheetImporter (260)
[2017.07.27-14.31.21:860][559]LogModuleManager: Shutting down and abandoning module Paper2DEditor (258)
[2017.07.27-14.31.21:861][559]LogModuleManager: Shutting down and abandoning module MeshPaint (257)
[2017.07.27-14.31.21:861][559]LogModuleManager: Shutting down and abandoning module LevelEditor (255)
[2017.07.27-14.31.21:863][559]LogModuleManager: Shutting down and abandoning module PixelInspectorModule (254)
[2017.07.27-14.31.21:864][559]LogModuleManager: Shutting down and abandoning module MainFrame (252)
[2017.07.27-14.31.21:864][559]LogModuleManager: Shutting down and abandoning module HotReload (251)
[2017.07.27-14.31.21:865][559]LogModuleManager: Shutting down and abandoning module PhysXVehiclesEditor (246)
[2017.07.27-14.31.21:865][559]LogModuleManager: Shutting down and abandoning module PhysXVehicles (244)
[2017.07.27-14.31.21:865][559]LogModuleManager: Shutting down and abandoning module LocationServicesBPLibrary (242)
[2017.07.27-14.31.21:865][559]LogModuleManager: Shutting down and abandoning module ImmediatePhysicsEditor (240)
[2017.07.27-14.31.21:865][559]LogModuleManager: Shutting down and abandoning module ImmediatePhysics (238)
[2017.07.27-14.31.21:865][559]LogModuleManager: Shutting down and abandoning module UdpMessaging (236)
[2017.07.27-14.31.21:966][559]LogModuleManager: Shutting down and abandoning module TcpMessaging (234)
[2017.07.27-14.31.22:066][559]LogModuleManager: Shutting down and abandoning module GameplayTagsEditor (232)
[2017.07.27-14.31.22:067][559]LogModuleManager: Shutting down and abandoning module FacialAnimationEditor (230)
[2017.07.27-14.31.22:067][559]LogModuleManager: Shutting down and abandoning module FacialAnimation (228)
[2017.07.27-14.31.22:067][559]LogModuleManager: Shutting down and abandoning module AssetManagerEditor (226)
[2017.07.27-14.31.22:068][559]LogModuleManager: Shutting down and abandoning module GraphEditor (225)
[2017.07.27-14.31.22:068][559]LogModuleManager: Shutting down and abandoning module ContentBrowser (223)
[2017.07.27-14.31.22:072][559]LogModuleManager: Shutting down and abandoning module LightPropagationVolumeRuntime (220)
[2017.07.27-14.31.22:072][559]LogModuleManager: Shutting down and abandoning module Paper2D (218)
[2017.07.27-14.31.22:072][559]LogModuleManager: Shutting down and abandoning module WindowsMoviePlayer (216)
[2017.07.27-14.31.22:072][559]LogModuleManager: Shutting down and abandoning module WmfMedia (214)
[2017.07.27-14.31.22:073][559]LogModuleManager: Shutting down and abandoning module ClothingSystemEditor (212)
[2017.07.27-14.31.22:073][559]LogModuleManager: Shutting down and abandoning module ClothingSystemRuntime (210)
[2017.07.27-14.31.22:077][559]LogModuleManager: Shutting down and abandoning module MediaAssets (208)
[2017.07.27-14.31.22:077][559]LogModuleManager: Shutting down and abandoning module GameLiveStreaming (206)
[2017.07.27-14.31.22:077][559]LogModuleManager: Shutting down and abandoning module VREditor (204)
[2017.07.27-14.31.22:077][559]LogModuleManager: Shutting down and abandoning module StringTableEditor (202)
[2017.07.27-14.31.22:078][559]LogModuleManager: Shutting down and abandoning module GameplayTasksEditor (200)
[2017.07.27-14.31.22:078][559]LogModuleManager: Shutting down and abandoning module BehaviorTreeEditor (198)
[2017.07.27-14.31.22:078][559]LogModuleManager: Shutting down and abandoning module FunctionalTesting (196)
[2017.07.27-14.31.22:078][559]LogModuleManager: Shutting down and abandoning module CollisionAnalyzer (194)
[2017.07.27-14.31.22:079][559]LogModuleManager: Shutting down and abandoning module UMG (192)
[2017.07.27-14.31.22:079][559]LogModuleManager: Shutting down and abandoning module UMGEditor (191)
[2017.07.27-14.31.22:079][559]LogModuleManager: Shutting down and abandoning module Sequencer (190)
[2017.07.27-14.31.22:079][559]LogModuleManager: Shutting down and abandoning module AssetTools (188)
[2017.07.27-14.31.22:081][559]LogModuleManager: Shutting down and abandoning module MessageLog (187)
[2017.07.27-14.31.22:081][559]LogModuleManager: Shutting down and abandoning module WorkspaceMenuStructure (186)
[2017.07.27-14.31.22:081][559]LogModuleManager: Shutting down and abandoning module SlateReflector (180)
[2017.07.27-14.31.22:082][559]LogModuleManager: Shutting down and abandoning module Slate (178)
[2017.07.27-14.31.22:082][559]LogModuleManager: Shutting down and abandoning module EditorStyle (176)
[2017.07.27-14.31.22:092][559]LogModuleManager: Shutting down and abandoning module SourceCodeAccess (174)
[2017.07.27-14.31.22:092][559]LogModuleManager: Shutting down and abandoning module HeadMountedDisplay (172)
[2017.07.27-14.31.22:092][559]LogModuleManager: Shutting down and abandoning module XAudio2 (170)
[2017.07.27-14.31.22:092][559]LogModuleManager: Shutting down and abandoning module Networking (168)
[2017.07.27-14.31.22:092][559]LogModuleManager: Shutting down and abandoning module Core (164)
[2017.07.27-14.31.22:092][559]LogModuleManager: Shutting down and abandoning module AssetRegistry (162)
[2017.07.27-14.31.22:211][559]LogDirectoryWatcher: A directory notification for '../../../Engine/Content/' was aborted.
[2017.07.27-14.31.22:211][559]LogDirectoryWatcher: A directory notification for '../../../../../../Unreal/FOTWO/source/FOTWO02/Content/' was aborted.
[2017.07.27-14.31.22:211][559]LogDirectoryWatcher: A directory notification for '../../../Engine/Plugins/2D/Paper2D/Content/' was aborted.
[2017.07.27-14.31.22:211][559]LogDirectoryWatcher: A directory notification for '../../../Engine/Plugins/Runtime/GearVR/Content/' was aborted.
[2017.07.27-14.31.22:216][559]LogModuleManager: Shutting down and abandoning module DirectoryWatcher (161)
[2017.07.27-14.31.22:221][559]LogModuleManager: Shutting down and abandoning module KismetCompiler (158)
[2017.07.27-14.31.22:221][559]LogModuleManager: Shutting down and abandoning module LevelSequence (156)
[2017.07.27-14.31.22:221][559]LogModuleManager: Shutting down and abandoning module PhysXFormats (154)
[2017.07.27-14.31.22:221][559]LogModuleManager: Shutting down and abandoning module MeshUtilities (152)
[2017.07.27-14.31.22:221][559]LogModuleManager: Shutting down and abandoning module SimplygonSwarm (151)
[2017.07.27-14.31.22:221][559]LogModuleManager: Shutting down and abandoning module SimplygonMeshReduction (149)
[2017.07.27-14.31.22:221][559]LogModuleManager: Shutting down and abandoning module QuadricMeshReduction (147)
[2017.07.27-14.31.22:221][559]LogModuleManager: Shutting down and abandoning module DerivedDataCache (144)
[2017.07.27-14.31.22:275][559]LogDerivedDataCache: Shutdown
[2017.07.27-14.31.22:275][559]LogModuleManager: Shutting down and abandoning module TargetPlatform (142)
[2017.07.27-14.31.22:275][559]LogModuleManager: Shutting down and abandoning module VulkanShaderFormat (141)
[2017.07.27-14.31.22:275][559]LogModuleManager: Shutting down and abandoning module ShaderFormatVectorVM (139)
[2017.07.27-14.31.22:276][559]LogModuleManager: Shutting down and abandoning module ShaderFormatOpenGL (137)
[2017.07.27-14.31.22:277][559]LogModuleManager: Shutting down and abandoning module ShaderFormatD3D (135)
[2017.07.27-14.31.22:277][559]LogModuleManager: Shutting down and abandoning module MetalShaderFormat (133)
[2017.07.27-14.31.22:282][559]LogModuleManager: Shutting down and abandoning module TextureFormatUncompressed (131)
[2017.07.27-14.31.22:282][559]LogModuleManager: Shutting down and abandoning module TextureFormatPVR (129)
[2017.07.27-14.31.22:282][559]LogModuleManager: Shutting down and abandoning module TextureFormatDXT (127)
[2017.07.27-14.31.22:282][559]LogModuleManager: Shutting down and abandoning module TextureFormatIntelISPCTexComp (125)
[2017.07.27-14.31.22:282][559]LogModuleManager: Shutting down and abandoning module TextureFormatASTC (123)
[2017.07.27-14.31.22:282][559]LogModuleManager: Shutting down and abandoning module ImageWrapper (122)
[2017.07.27-14.31.22:282][559]LogModuleManager: Shutting down and abandoning module TextureFormatAndroid (119)
[2017.07.27-14.31.22:282][559]LogModuleManager: Shutting down and abandoning module AudioFormatOpus (117)
[2017.07.27-14.31.22:282][559]LogModuleManager: Shutting down and abandoning module AudioFormatOgg (115)
[2017.07.27-14.31.22:282][559]LogModuleManager: Shutting down and abandoning module AudioFormatADPCM (113)
[2017.07.27-14.31.22:282][559]LogModuleManager: Shutting down and abandoning module LinuxTargetPlatform (111)
[2017.07.27-14.31.22:282][559]LogModuleManager: Shutting down and abandoning module LinuxServerTargetPlatform (109)
[2017.07.27-14.31.22:282][559]LogModuleManager: Shutting down and abandoning module LinuxNoEditorTargetPlatform (107)
[2017.07.27-14.31.22:283][559]LogModuleManager: Shutting down and abandoning module LinuxClientTargetPlatform (105)
[2017.07.27-14.31.22:283][559]LogModuleManager: Shutting down and abandoning module TVOSTargetPlatform (103)
[2017.07.27-14.31.22:283][559]LogModuleManager: Shutting down and abandoning module Messaging (101)
[2017.07.27-14.31.22:283][559]LogModuleManager: Shutting down and abandoning module IOSTargetPlatform (99)
[2017.07.27-14.31.22:283][559]LogModuleManager: Shutting down and abandoning module HTML5TargetPlatform (97)
[2017.07.27-14.31.22:283][559]LogModuleManager: Shutting down and abandoning module Android_PVRTCTargetPlatform (95)
[2017.07.27-14.31.22:283][559]LogModuleManager: Shutting down and abandoning module Android_MultiTargetPlatform (93)
[2017.07.27-14.31.22:283][559]LogModuleManager: Shutting down and abandoning module Android_ETC2TargetPlatform (91)
[2017.07.27-14.31.22:283][559]LogModuleManager: Shutting down and abandoning module Android_ETC1TargetPlatform (89)
[2017.07.27-14.31.22:283][559]LogModuleManager: Shutting down and abandoning module Android_DXTTargetPlatform (87)
[2017.07.27-14.31.22:283][559]LogModuleManager: Shutting down and abandoning module Android_ATCTargetPlatform (85)
[2017.07.27-14.31.22:283][559]LogModuleManager: Shutting down and abandoning module Android_ASTCTargetPlatform (83)
[2017.07.27-14.31.22:283][559]LogModuleManager: Shutting down and abandoning module AndroidTargetPlatform (81)
[2017.07.27-14.31.22:283][559]LogModuleManager: Shutting down and abandoning module WindowsTargetPlatform (79)
[2017.07.27-14.31.22:283][559]LogModuleManager: Shutting down and abandoning module WindowsServerTargetPlatform (77)
[2017.07.27-14.31.22:283][559]LogModuleManager: Shutting down and abandoning module WindowsNoEditorTargetPlatform (75)
[2017.07.27-14.31.22:283][559]LogModuleManager: Shutting down and abandoning module WindowsClientTargetPlatform (73)
[2017.07.27-14.31.22:283][559]LogModuleManager: Shutting down and abandoning module MacTargetPlatform (71)
[2017.07.27-14.31.22:283][559]LogModuleManager: Shutting down and abandoning module MacServerTargetPlatform (69)
[2017.07.27-14.31.22:283][559]LogModuleManager: Shutting down and abandoning module MacNoEditorTargetPlatform (67)
[2017.07.27-14.31.22:283][559]LogModuleManager: Shutting down and abandoning module MacClientTargetPlatform (65)
[2017.07.27-14.31.22:283][559]LogModuleManager: Shutting down and abandoning module AllDesktopTargetPlatform (63)
[2017.07.27-14.31.22:283][559]LogModuleManager: Shutting down and abandoning module InputCore (60)
[2017.07.27-14.31.22:283][559]LogModuleManager: Shutting down and abandoning module Settings (58)
[2017.07.27-14.31.22:283][559]LogModuleManager: Shutting down and abandoning module OculusRift (56)
[2017.07.27-14.31.22:283][559]LogModuleManager: Shutting down and abandoning module GearVRController (54)
[2017.07.27-14.31.22:283][559]LogModuleManager: Shutting down and abandoning module GearVR (52)
[2017.07.27-14.31.22:283][559]LogModuleManager: Shutting down and abandoning module ExampleDeviceProfileSelector (50)
[2017.07.27-14.31.22:283][559]LogModuleManager: Shutting down and abandoning module OnlineBlueprintSupport (48)
[2017.07.27-14.31.22:283][559]LogModuleManager: Shutting down and abandoning module OnlineSubsystem (44)
[2017.07.27-14.31.22:283][559]LogOnline:Display: Unloading online subsystem: NULL
[2017.07.27-14.31.22:284][559]LogModuleManager: Shutting down and abandoning module XMPP (43)
[2017.07.27-14.31.22:285][559]LogModuleManager: Shutting down and abandoning module HTTP (41)
[2017.07.27-14.31.22:285][559]LogHttp:Display: Http module shutting down, but needs to wait on 1 outstanding Http requests:
[2017.07.27-14.31.22:285][559]LogHttp:Display: 	verb=[POST] url=[https://datarouter.ol.epicgames.com/datarouter/api/v1/public/data?SessionID=%7B83FAB9F8-4D35-5625-B52D-9DBDD7ABC5C5%7D&AppID=UEEditor.Rocket.Release&AppVersion=4.16.2-3514769%2B%2B%2BUE4%2BRelease-4.16&UserID=f07af55e4db0c636e0c073a1312074d9%7Caa7a108f70184e1b92fdd786c25cd9b8%7Caeab9882-b6f4-4a22-991a-718da4fba234&AppEnvironment=datacollector-binary&UploadType=eteventstream] status=Processing
[2017.07.27-14.31.22:287][559]LogModuleManager: Shutting down and abandoning module SSL (40)
[2017.07.27-14.31.22:288][559]LogModuleManager: Shutting down and abandoning module HTTPChunkInstaller (36)
[2017.07.27-14.31.22:289][559]LogModuleManager: Shutting down and abandoning module AnimationModifiers (34)
[2017.07.27-14.31.22:289][559]LogModuleManager: Shutting down and abandoning module PropertyEditor (33)
[2017.07.27-14.31.22:289][559]LogModuleManager: Shutting down and abandoning module AudioEditor (30)
[2017.07.27-14.31.22:289][559]LogModuleManager: Shutting down and abandoning module TextureCompressor (28)
[2017.07.27-14.31.22:289][559]LogModuleManager: Shutting down and abandoning module ShaderCore (26)
[2017.07.27-14.31.22:289][559]LogModuleManager: Shutting down and abandoning module Landscape (24)
[2017.07.27-14.31.22:289][559]LogModuleManager: Shutting down and abandoning module SlateRHIRenderer (22)
[2017.07.27-14.31.22:293][559]LogModuleManager: Shutting down and abandoning module OpenGLDrv (20)
[2017.07.27-14.31.22:294][559]LogModuleManager: Shutting down and abandoning module D3D11RHI (18)
[2017.07.27-14.31.22:294][559]LogModuleManager: Shutting down and abandoning module AnimGraphRuntime (16)
[2017.07.27-14.31.22:294][559]LogModuleManager: Shutting down and abandoning module Renderer (14)
[2017.07.27-14.31.22:294][559]LogModuleManager: Shutting down and abandoning module Engine (12)
[2017.07.27-14.31.22:294][559]LogModuleManager: Shutting down and abandoning module CoreUObject (10)
[2017.07.27-14.31.22:294][559]LogModuleManager: Shutting down and abandoning module NetworkFile (8)
[2017.07.27-14.31.22:294][559]LogModuleManager: Shutting down and abandoning module StreamingFile (6)
[2017.07.27-14.31.22:294][559]LogModuleManager: Shutting down and abandoning module SandboxFile (4)
[2017.07.27-14.31.22:294][559]LogModuleManager: Shutting down and abandoning module PakFile (2)
[2017.07.27-14.31.22:296][559]LogExit: Exiting.
[2017.07.27-14.31.22:314][559]Log file closed, 07/27/17 16:31:22
