Log file open, 08/31/17 17:32:18
LogInit:Display: Running engine for game: FOTWO02
LogPlatformFile: Not using cached read wrapper
LogInit:Display: RandInit(-1119292038) SRandInit(-1119292038).
LogTaskGraph: Started task graph with 5 named threads and 8 total threads with 1 sets of task threads.
LogStats: Stats thread started at 0.152825
LogInit: Using libcurl 7.47.1
LogInit:  - built for x86_64-pc-win32
LogInit:  - supports SSL with OpenSSL/1.0.2g
LogInit:  - supports HTTP deflate (compression) using libz 1.2.8
LogInit:  - other features:
LogInit:      CURL_VERSION_SSL
LogInit:      CURL_VERSION_LIBZ
LogInit:      CURL_VERSION_IPV6
LogInit:      CURL_VERSION_ASYNCHDNS
LogInit:      CURL_VERSION_LARGEFILE
LogInit:      CURL_VERSION_IDN
LogInit:  CurlRequestOptions (configurable via config and command line):
LogInit:  - bVerifyPeer = false  - Libcurl will NOT verify peer certificate
LogInit:  - bUseHttpProxy = false  - Libcurl will NOT use HTTP proxy
LogInit:  - bDontReuseConnections = false  - Libcurl will reuse connections
LogInit:  - CertBundlePath = nullptr  - Libcurl will use whatever was configured at build time.
LogInit: Build: ++UE4+Release-4.16-CL-3561208
LogInit: Engine Version: 4.16.3-3561208+++UE4+Release-4.16
LogInit: Compatible Engine Version: 4.16.0-3452394+++UE4+Release-4.16
LogInit: Net CL: 3452394
LogDevObjectVersion: Number of dev versions registered: 16
LogDevObjectVersion:   Dev-Blueprints (B0D832E4-1F89-4F0D-ACCF-7EB736FD4AA2): 9
LogDevObjectVersion:   Dev-Build (E1C64328-A22C-4D53-A36C-8E866417BD8C): 0
LogDevObjectVersion:   Dev-Core (375EC13C-06E4-48FB-B500-84F0262A717E): 2
LogDevObjectVersion:   Dev-Editor (E4B068ED-F494-42E9-A231-DA0B2E46BB41): 17
LogDevObjectVersion:   Dev-Framework (CFFC743F-43B0-4480-9391-14DF171D2073): 23
LogDevObjectVersion:   Dev-Mobile (B02B49B5-BB20-44E9-A304-32B752E40360): 0
LogDevObjectVersion:   Dev-Networking (A4E4105C-59A1-49B5-A7C5-40C4547EDFEE): 0
LogDevObjectVersion:   Dev-Online (39C831C9-5AE6-47DC-9A44-9C173E1C8E7C): 0
LogDevObjectVersion:   Dev-Physics (78F01B33-EBEA-4F98-B9B4-84EACCB95AA2): 0
LogDevObjectVersion:   Dev-Platform (6631380F-2D4D-43E0-8009-CF276956A95A): 0
LogDevObjectVersion:   Dev-Rendering (12F88B9F-8875-4AFC-A67C-D90C383ABD29): 15
LogDevObjectVersion:   Dev-Sequencer (7B5AE74C-D270-4C10-A958-57980B212A5A): 4
LogDevObjectVersion:   Dev-VR (D7296918-1DD6-4BDD-9DE2-64A83CC13884): 0
LogDevObjectVersion:   Dev-LoadTimes (C2A15278-BFE7-4AFE-6C17-90FF531DF755): 1
LogDevObjectVersion:   Private-Geometry (6EACA3D4-40EC-4CC1-B786-8BED09428FC5): 1
LogDevObjectVersion:   Dev-AnimPhys (29E575DD-E0A3-4627-9D10-D276232CDCEA): 3
LogInit: Compiled (64-bit): Jul 28 2017 11:49:47
LogInit: Compiled with Visual C++: 19.00.24215.01
LogInit: Build Configuration: Development
LogInit: Branch Name: ++UE4+Release-4.16
LogInit: Command line:  
LogInit: Base directory: C:/Program Files/Epic Games/UE_4.16/Engine/Binaries/Win64/
LogInit: Installed Engine Build: 1
LogInit: Presizing for max 8388607 objects, including 0 objects not considered by GC, pre-allocating 0 bytes for permanent pool.
LogInit: Object subsystem initialized
[2017.08.31-15.32.18:913][  0]LogInit: Selected Device Profile: [Windows]
[2017.08.31-15.32.18:913][  0]LogInit: Applying CVar settings loaded from the selected device profile: [Windows]
[2017.08.31-15.32.18:957][  0]LogInit: Computer: KLAUDE2017ALIEN
[2017.08.31-15.32.18:957][  0]LogInit: User: vonkl
[2017.08.31-15.32.18:957][  0]LogInit: CPU Page size=4096, Cores=4
[2017.08.31-15.32.18:957][  0]LogInit: High frequency timer resolution =2.742185 MHz
[2017.08.31-15.32.18:958][  0]LogMemory: Memory total: Physical=15.9GB (16GB approx)
[2017.08.31-15.32.18:958][  0]LogMemory: Platform Memory Stats for Windows
[2017.08.31-15.32.18:958][  0]LogMemory: Process Physical Memory: 272.92 MB used, 272.92 MB peak
[2017.08.31-15.32.18:958][  0]LogMemory: Process Virtual Memory: 260.79 MB used, 260.79 MB peak
[2017.08.31-15.32.18:958][  0]LogMemory: Physical Memory: 4211.93 MB used,  12045.05 MB free, 16256.98 MB total
[2017.08.31-15.32.18:958][  0]LogMemory: Virtual Memory: 638.49 MB used,  12045.05 MB free, 134217728.00 MB total
[2017.08.31-15.32.19:337][  0]LogInit: Using OS detected language (en-GB).
[2017.08.31-15.32.19:337][  0]LogInit: Using OS detected locale (en-GB).
[2017.08.31-15.32.19:404][  0]LogTextLocalizationManager: No specific localization for 'en-GB' exists, so the 'en' localization will be used.
[2017.08.31-15.32.22:178][  0]LogD3D11RHI: D3D11 adapters:
[2017.08.31-15.32.22:768][  0]LogD3D11RHI:    0. 'NVIDIA GeForce GTX 1060' (Feature Level 11_0)
[2017.08.31-15.32.22:768][  0]LogD3D11RHI:       6046/0/8128 MB DedicatedVideo/DedicatedSystem/SharedSystem, Outputs:2, VendorId:0x10de
[2017.08.31-15.32.22:915][  0]LogD3D11RHI:    1. 'Intel(R) HD Graphics 630' (Feature Level 11_0)
[2017.08.31-15.32.22:915][  0]LogD3D11RHI:       128/0/8128 MB DedicatedVideo/DedicatedSystem/SharedSystem, Outputs:0, VendorId:0x8086
[2017.08.31-15.32.22:919][  0]LogD3D11RHI:    2. 'Microsoft Basic Render Driver' (Feature Level 11_0)
[2017.08.31-15.32.22:919][  0]LogD3D11RHI:       0/0/8128 MB DedicatedVideo/DedicatedSystem/SharedSystem, Outputs:0, VendorId:0x1414
[2017.08.31-15.32.22:919][  0]LogD3D11RHI: Chosen D3D11 Adapter: 0
[2017.08.31-15.32.22:936][  0]LogD3D11RHI: Creating new Direct3DDevice
[2017.08.31-15.32.22:937][  0]LogD3D11RHI:     GPU DeviceId: 0x1c60 (for the marketing name, search the web for "GPU Device Id")
[2017.08.31-15.32.22:937][  0]LogWindows: EnumDisplayDevices:
[2017.08.31-15.32.22:937][  0]LogWindows:    0. 'NVIDIA GeForce GTX 1060' (P:0 D:1)
[2017.08.31-15.32.22:937][  0]LogWindows:    1. 'NVIDIA GeForce GTX 1060' (P:1 D:1)
[2017.08.31-15.32.22:937][  0]LogWindows:    2. 'NVIDIA GeForce GTX 1060' (P:0 D:0)
[2017.08.31-15.32.22:938][  0]LogWindows:    3. 'NVIDIA GeForce GTX 1060' (P:0 D:0)
[2017.08.31-15.32.22:938][  0]LogWindows:    4. 'Intel(R) HD Graphics 630' (P:0 D:0)
[2017.08.31-15.32.22:938][  0]LogWindows:    5. 'Intel(R) HD Graphics 630' (P:0 D:0)
[2017.08.31-15.32.22:938][  0]LogWindows:    6. 'Intel(R) HD Graphics 630' (P:0 D:0)
[2017.08.31-15.32.22:939][  0]LogWindows: DebugString: PrimaryIsNotTheChoosenAdapter PrimaryIsNotTheChoosenAdapter PrimaryIsNotTheChoosenAdapter FoundDriverCount:4 
[2017.08.31-15.32.22:939][  0]LogD3D11RHI:     Adapter Name: NVIDIA GeForce GTX 1060
[2017.08.31-15.32.22:939][  0]LogD3D11RHI:   Driver Version: 385.41 (internal:22.21.13.8541, unified:385.41)
[2017.08.31-15.32.22:939][  0]LogD3D11RHI:      Driver Date: 8-21-2017
[2017.08.31-15.32.22:939][  0]LogRHI: Texture pool is 1361 MB (70% of 1945 MB)
[2017.08.31-15.32.23:579][  0]LogD3D11RHI: Async texture creation enabled
[2017.08.31-15.32.23:655][  0]LogD3D11RHI: GPU Timing Frequency: 1000.000000 (Debug: 2 1)
[2017.08.31-15.32.23:762][  0]LogShaderCompilers: Guid format shader working directory is 0 characters bigger than the processId version (../../../../../../Unreal/FOTWO/source/FOTWO02/Intermediate/Shaders/WorkingDirectory/15164/).
[2017.08.31-15.32.23:763][  0]LogShaderCompilers: Cleaned the shader compiler working directory 'C:/Users/vonkl/AppData/Local/Temp/UnrealShaderWorkingDir/9B7E63194F506DD9ACDB309C6C2B413C/'.
[2017.08.31-15.32.23:764][  0]LogShaderCompilers:Display: Using Local Shader Compiler.
[2017.08.31-15.32.25:754][  0]LogTemp:Display: Loaded TP AllDesktopTargetPlatform
[2017.08.31-15.32.25:797][  0]LogTemp:Display: Loaded TP MacClientTargetPlatform
[2017.08.31-15.32.25:839][  0]LogTemp:Display: Loaded TP MacNoEditorTargetPlatform
[2017.08.31-15.32.25:882][  0]LogTemp:Display: Loaded TP MacServerTargetPlatform
[2017.08.31-15.32.25:929][  0]LogTemp:Display: Loaded TP MacTargetPlatform
[2017.08.31-15.32.25:971][  0]LogTemp:Display: Loaded TP WindowsClientTargetPlatform
[2017.08.31-15.32.26:013][  0]LogTemp:Display: Loaded TP WindowsNoEditorTargetPlatform
[2017.08.31-15.32.26:057][  0]LogTemp:Display: Loaded TP WindowsServerTargetPlatform
[2017.08.31-15.32.26:095][  0]LogTemp:Display: Loaded TP WindowsTargetPlatform
[2017.08.31-15.32.26:138][  0]LogTemp:Display: Loaded TP AndroidTargetPlatform
[2017.08.31-15.32.26:182][  0]LogTemp:Display: Loaded TP Android_ASTCTargetPlatform
[2017.08.31-15.32.26:223][  0]LogTemp:Display: Loaded TP Android_ATCTargetPlatform
[2017.08.31-15.32.26:265][  0]LogTemp:Display: Loaded TP Android_DXTTargetPlatform
[2017.08.31-15.32.26:306][  0]LogTemp:Display: Loaded TP Android_ETC1TargetPlatform
[2017.08.31-15.32.26:349][  0]LogTemp:Display: Loaded TP Android_ETC2TargetPlatform
[2017.08.31-15.32.26:432][  0]LogTemp:Display: Loaded TP Android_MultiTargetPlatform
[2017.08.31-15.32.26:433][  0]LogTemp:Display: Loaded TP Android_PVRTCTargetPlatform
[2017.08.31-15.32.26:466][  0]LogTemp:Display: Loaded TP HTML5TargetPlatform
[2017.08.31-15.32.26:555][  0]LogTemp:Display: Loaded TP IOSTargetPlatform
[2017.08.31-15.32.26:583][  0]LogTemp:Display: Loaded TP TVOSTargetPlatform
[2017.08.31-15.32.26:626][  0]LogTemp:Display: Loaded TP LinuxClientTargetPlatform
[2017.08.31-15.32.26:668][  0]LogTemp:Display: Loaded TP LinuxNoEditorTargetPlatform
[2017.08.31-15.32.26:710][  0]LogTemp:Display: Loaded TP LinuxServerTargetPlatform
[2017.08.31-15.32.26:756][  0]LogTemp:Display: Loaded TP LinuxTargetPlatform
[2017.08.31-15.32.26:756][  0]LogTargetPlatformManager:Display: Building Assets For Windows
[2017.08.31-15.32.27:326][  0]LogDerivedDataCache:Display: Max Cache Size: 512 MB
[2017.08.31-15.32.28:257][  0]LogDerivedDataCache: Loaded boot cache 0.93s 90MB C:/Users/vonkl/AppData/Local/UnrealEngine/4.16/DerivedDataCache/Boot.ddc.
[2017.08.31-15.32.28:257][  0]LogDerivedDataCache:Display: Loaded Boot cache: C:/Users/vonkl/AppData/Local/UnrealEngine/4.16/DerivedDataCache/Boot.ddc
[2017.08.31-15.32.28:257][  0]LogDerivedDataCache: FDerivedDataBackendGraph:  Pak pak cache file ../../../../../../Unreal/FOTWO/source/FOTWO02/DerivedDataCache/DDC.ddp not found, will not use a pak cache.
[2017.08.31-15.32.28:257][  0]LogDerivedDataCache: Unable to find inner node Pak for hierarchical cache Hierarchy.
[2017.08.31-15.32.28:257][  0]LogDerivedDataCache: FDerivedDataBackendGraph:  CompressedPak pak cache file ../../../../../../Unreal/FOTWO/source/FOTWO02/DerivedDataCache/Compressed.ddp not found, will not use a pak cache.
[2017.08.31-15.32.28:257][  0]LogDerivedDataCache: Unable to find inner node CompressedPak for hierarchical cache Hierarchy.
[2017.08.31-15.32.28:297][  0]LogDerivedDataCache:Display: Pak cache opened for reading ../../../Engine/DerivedDataCache/Compressed.ddp.
[2017.08.31-15.32.28:309][  0]LogDerivedDataCache: Using Local data cache path C:/Users/vonkl/AppData/Local/UnrealEngine/Common/DerivedDataCache: Writable
[2017.08.31-15.32.28:343][  0]LogMaterial: Verifying Global Shaders for PCD3D_SM5
[2017.08.31-15.32.28:351][  0]LogSlate: Using Freetype 2.6.0
[2017.08.31-15.32.28:371][  0]LogSlate: SlateFontCache - WITH_FREETYPE: 1, WITH_HARFBUZZ: 1
[2017.08.31-15.32.28:371][  0]LogSlate: SlateFontCache - WITH_FREETYPE: 1, WITH_HARFBUZZ: 1
[2017.08.31-15.32.29:704][  0]LogInit: Selected Device Profile: [Windows]
[2017.08.31-15.32.29:911][  0]LogContentStreaming: Texture pool size is 0.00 MB
[2017.08.31-15.32.30:140][  0]LogMeshUtilities: Using QuadricMeshReduction for automatic static mesh reduction
[2017.08.31-15.32.30:190][  0]LogSimplygon: Simplygon DLL not present - disabling.
[2017.08.31-15.32.30:238][  0]LogMeshUtilities: Using SimplygonSwarm for distributed automatic mesh merging
[2017.08.31-15.32.30:238][  0]LogMeshUtilities: No automatic skeletal mesh reduction module available
[2017.08.31-15.32.30:238][  0]LogMeshUtilities: No automatic mesh merging module available
[2017.08.31-15.32.31:741][  0]LogNetVersion: FOTWO02 , NetCL: 3452394, EngineNetVer: 2, GameNetVer: 0 (Checksum: 2990255715)
[2017.08.31-15.32.31:841][  0]LogAssetRegistry: FAssetRegistry took 0.0302 seconds to start up
[2017.08.31-15.32.31:903][  0]LogPackageLocalizationCache: Processed 4 localized package path(s) for 2 prioritized culture(s) in 0.040525 seconds
[2017.08.31-15.32.31:909][  0]LogUObjectArray: 34194 objects as part of root set at end of initial load.
[2017.08.31-15.32.31:909][  0]LogUObjectAllocator: 7260424 out of 0 bytes used by permanent object pool.
[2017.08.31-15.32.31:909][  0]LogUObjectArray: CloseDisregardForGC: 0/0 objects in disregard for GC pool
[2017.08.31-15.32.31:972][  0]LogInit: WinSock: version 1.1 (2.2), MaxSocks=32767, MaxUdp=65467
[2017.08.31-15.32.37:167][  0]LogTcpMessaging: Initializing TcpMessaging bridge
[2017.08.31-15.32.37:208][  0]LogUdpMessaging: Initializing bridge on interface 0.0.0.0:0 to multicast group 230.0.0.1:6666.
[2017.08.31-15.32.38:141][  0]LogMaterial: Uniform references updated for custom material expression Custom.
[2017.08.31-15.32.38:734][  0]SourceControl: Info Source control is disabled
[2017.08.31-15.32.38:797][  0]SourceControl: Info Source control is disabled
[2017.08.31-15.32.38:851][  0]SourceControl: Info Source control is disabled
[2017.08.31-15.32.38:902][  0]SourceControl: Info Source control is disabled
[2017.08.31-15.32.39:673][  0]LogAndroidPermission: UAndroidPermissionCallbackProxy::GetInstance
[2017.08.31-15.32.40:303][  0]LogEngine: Initializing Engine...
[2017.08.31-15.32.40:304][  0]LogHMD: Failed to initialize OpenVR with code 110
[2017.08.31-15.32.40:655][  0]LogStats: UGameplayTagsManager::ConstructGameplayTagTree: Construct from data asset -  0.000 s
[2017.08.31-15.32.40:655][  0]LogStats: UGameplayTagsManager::ConstructGameplayTagTree: GameplayTagTreeChangedEvent.Broadcast -  0.000 s
[2017.08.31-15.32.40:797][  0]LogAIModule: Creating AISystem for world Untitled
[2017.08.31-15.32.40:817][  0]LogInit: XAudio2 using 'Headset Earphone (3- Microsoft LifeChat LX-3000)' : 2 channels at 48 kHz using 16 bits per sample (channel mask 0x3)
[2017.08.31-15.32.40:841][  0]LogInit: FAudioDevice initialized.
[2017.08.31-15.32.40:880][  0]LogDerivedDataCache: Saved boot cache 0.04s 90MB C:/Users/vonkl/AppData/Local/UnrealEngine/4.16/DerivedDataCache/Boot.ddc.
[2017.08.31-15.32.40:893][  0]LogInit: Texture streaming: Enabled
[2017.08.31-15.32.41:002][  0]LogEngineSessionManager: EngineSessionManager initialized
[2017.08.31-15.32.41:242][  0]LogInit: Transaction tracking system initialized
[2017.08.31-15.32.41:559][  0]BlueprintLog: New page: Editor Load
[2017.08.31-15.32.42:639][  0]LocalizationService: Info Localization service is disabled
[2017.08.31-15.32.43:385][  0]LogConsoleResponse:Display: 
[2017.08.31-15.32.43:758][  0]LogCook:Display: Max memory allowance for cook 16384mb min free memory 0mb
[2017.08.31-15.32.43:758][  0]LogCook:Display: Mobile HDR setting 1
[2017.08.31-15.32.43:898][  0]LogFileCache: Scanning file cache for directory 'C:/Unreal/FOTWO/source/FOTWO02/Content/' took 0.02s
[2017.08.31-15.32.44:901][  0]SourceControl: Info Source control is disabled
[2017.08.31-15.32.44:904][  0]Cmd: MAP LOAD FILE="../../../../../../Unreal/FOTWO/source/FOTWO02/Content/2DSideScrollerBP/Maps/2DSideScrollerExampleMap.umap" TEMPLATE=0 SHOWPROGRESS=1 FEATURELEVEL=3
[2017.08.31-15.32.44:904][  0]LogEditorServer:Warning: Can't find file '../../../../../../Unreal/FOTWO/source/FOTWO02/Content/2DSideScrollerBP/Maps/2DSideScrollerExampleMap.umap'
[2017.08.31-15.32.44:904][  0]Cmd: MAP CHECKDEP NOCLEARLOG
[2017.08.31-15.32.44:942][  0]MapCheck: Info Map check complete: 0 Error(s), 0 Warning(s), took 38.152ms to complete.
[2017.08.31-15.32.44:942][  0]LogFileHelpers: Loading map '2DSideScrollerExampleMap' took 0.040
[2017.08.31-15.32.45:099][  0]LogWindowsTextInputMethodSystem:Display: IME system now deactivated.
[2017.08.31-15.32.45:286][  0]LogCrashTracker: Crashtracker disabled due to settings.
[2017.08.31-15.32.45:300][  0]LogUObjectGlobals:Warning: Failed to find object 'Class None.'
[2017.08.31-15.32.45:367][  0]LogLoad: (Engine Initialization) Total time: 28.95 seconds
[2017.08.31-15.32.45:367][  0]LogLoad: (Engine Initialization) Total Blueprint compile time: 0.11 seconds
[2017.08.31-15.32.45:367][  0]LogExternalProfiler: Found external profiler: VSPerf
[2017.08.31-15.32.45:367][  0]LogExternalProfiler: Using external profiler: VSPerf
[2017.08.31-15.32.45:388][  0]LogOcInput: OculusInput pre-init called
[2017.08.31-15.32.45:388][  0]LogHMD: Starting GearVRController plugin
[2017.08.31-15.32.45:421][  0]LogContentStreaming: Texture pool size now 1000 MB
[2017.08.31-15.32.45:434][  0]LogSlate: Took 0.008321 seconds to synchronously load lazily loaded font '../../../Engine/Content/Slate/Fonts/Roboto-Regular.ttf' (155K)
[2017.08.31-15.32.45:448][  0]LogSlate: Took 0.007895 seconds to synchronously load lazily loaded font '../../../Engine/Content/Slate/Fonts/Roboto-Bold.ttf' (160K)
[2017.08.31-15.32.45:639][  0]LogRenderer: Reallocating scene render targets to support 2144x1220 NumSamples 1 (Frame:1).
[2017.08.31-15.32.45:695][  1]LogFileCache: Retrieving MD5 hashes for directory 'C:/Unreal/FOTWO/source/FOTWO02/Content/' took 0.29s
[2017.08.31-15.32.45:703][  1]LogAssetRegistry: Asset discovery search completed in 13.8848 seconds
[2017.08.31-15.32.45:738][  1]LogCollectionManager: Loaded 0 collections in 0.001653 seconds
[2017.08.31-15.32.45:761][  1]LogFileCache: Scanning file cache for directory 'C:/Unreal/FOTWO/source/FOTWO02/Saved/Collections/' took 0.01s
[2017.08.31-15.32.45:761][  1]LogCollectionManager: Rebuilt the object cache for 0 collections in 0.000001 seconds (found 0 objects)
[2017.08.31-15.32.45:761][  1]LogCollectionManager: Fixed up redirectors for 0 collections in 0.000038 seconds (updated 0 objects)
[2017.08.31-15.32.45:805][  2]LogFileCache: Scanning file cache for directory 'C:/Unreal/FOTWO/source/FOTWO02/Content/Developers/vonkl/Collections/' took 0.02s
[2017.08.31-15.32.45:805][  2]LogFileCache: Scanning file cache for directory 'C:/Unreal/FOTWO/source/FOTWO02/Content/Collections/' took 0.01s
[2017.08.31-15.32.47:107][  5]LogSlate: Took 0.018776 seconds to synchronously load lazily loaded font '../../../Engine/Content/Slate/Fonts/Roboto-Light.ttf' (159K)
[2017.08.31-15.33.24:837][481]LogCollectionManager: Rebuilt the GUID cache for 0 collections in 0.000001 seconds
[2017.08.31-15.33.24:847][481]LogContentBrowser: Native class hierarchy populated in 0.0085 seconds. Added 2330 classes and 493 folders.
[2017.08.31-15.33.24:915][481]LogContentBrowser: Native class hierarchy updated for 'WidgetCarousel' in 0.0006 seconds. Added 0 classes and 0 folders.
[2017.08.31-15.33.25:376][481]LogContentBrowser: Native class hierarchy updated for 'AddContentDialog' in 0.0004 seconds. Added 0 classes and 0 folders.
[2017.08.31-15.33.25:387][481]LogSlate: Took 0.003955 seconds to synchronously load lazily loaded font '../../../Engine/Content/Editor/Slate/Fonts/FontAwesome.ttf' (139K)
[2017.08.31-15.33.33:111][938]LogSlate: Took 0.000109 seconds to synchronously load lazily loaded font '../../../Engine/Content/Slate/Fonts/Roboto-Light.ttf' (159K)
[2017.08.31-15.33.34:156][938]LogSlate: Took 0.000112 seconds to synchronously load lazily loaded font '../../../Engine/Content/Slate/Fonts/Roboto-Regular.ttf' (155K)
[2017.08.31-15.33.35:165][938]LogAIModule: Creating AISystem for world FOTWO01
[2017.08.31-15.33.35:212][938]Cmd: MAP LOAD FILE="../../../../../../Unreal/FOTWO/source/FOTWO02/Content/2DSideScrollerBP/Maps/FOTWO01.umap" TEMPLATE=0 SHOWPROGRESS=1 FEATURELEVEL=3
[2017.08.31-15.33.35:212][938]LightingResults: New page: Lighting Build
[2017.08.31-15.33.35:251][938]LogContentBrowser: Native class hierarchy updated for 'StatsViewer' in 0.0005 seconds. Added 5 classes and 0 folders.
[2017.08.31-15.33.35:253][938]LoadErrors: New page: Loading map: FOTWO01.umap
[2017.08.31-15.33.35:254][938]MapCheck: New page: Map Check
[2017.08.31-15.33.35:254][938]LightingResults: New page: Lighting Build
[2017.08.31-15.33.35:276][938]LogEditorServer: Finished looking for orphan Actors (0.000 secs)
[2017.08.31-15.33.35:312][938]Cmd: MAP CHECKDEP NOCLEARLOG
[2017.08.31-15.33.35:357][938]MapCheck: Info Map check complete: 0 Error(s), 0 Warning(s), took 43.933ms to complete.
[2017.08.31-15.33.35:357][938]LogFileHelpers: Loading map 'FOTWO01' took 0.145
[2017.08.31-15.33.36:681][ 16]LogEditorViewport: Clicking on Actor (LMB): PaperSpriteActor (Background_Sprite)
[2017.08.31-15.33.45:302][531]LogTemp: Repeting last play command: Selected Viewport
[2017.08.31-15.33.45:366][531]LogBlueprintUserMessages: Early PlayInEditor Detection: Level '/Game/2DSideScrollerBP/Maps/FOTWO01.FOTWO01:PersistentLevel' has LevelScriptBlueprint '/Game/2DSideScrollerBP/Maps/FOTWO01.FOTWO01:PersistentLevel.FOTWO01' with GeneratedClass '/Game/2DSideScrollerBP/Maps/FOTWO01.FOTWO01_C' with ClassGeneratedBy '/Game/2DSideScrollerBP/Maps/FOTWO01.FOTWO01:PersistentLevel.FOTWO01'
[2017.08.31-15.33.45:366][531]LogPlayLevel: PlayLevel: No blueprints needed recompiling
[2017.08.31-15.33.45:368][531]PIE: New page: PIE session: FOTWO01 (31 Aug 2017 19:33:45)
[2017.08.31-15.33.45:368][531]LogPlayLevel: Creating play world package: /Game/2DSideScrollerBP/Maps/UEDPIE_0_FOTWO01
[2017.08.31-15.33.45:372][531]LogPlayLevel: PIE: StaticDuplicateObject took: (0.003351s)
[2017.08.31-15.33.45:372][531]LogAIModule: Creating AISystem for world FOTWO01
[2017.08.31-15.33.45:373][531]LogPlayLevel: PIE: World Init took: (0.000594s)
[2017.08.31-15.33.45:373][531]LogPlayLevel: PIE: Created PIE world by copying editor world from /Game/2DSideScrollerBP/Maps/FOTWO01.FOTWO01 to /Game/2DSideScrollerBP/Maps/UEDPIE_0_FOTWO01.FOTWO01 (0.004133s)
[2017.08.31-15.33.45:387][531]LogInit: XAudio2 using 'Headset Earphone (3- Microsoft LifeChat LX-3000)' : 2 channels at 48 kHz using 16 bits per sample (channel mask 0x3)
[2017.08.31-15.33.45:393][531]LogInit: FAudioDevice initialized.
[2017.08.31-15.33.45:434][531]LogLoad: Game class is 'FOTWOGameMode_C'
[2017.08.31-15.33.45:443][531]LogWorld: Bringing World /Game/2DSideScrollerBP/Maps/UEDPIE_0_FOTWO01.FOTWO01 up for play (max tick rate 60) at 2017.08.31-17.33.45
[2017.08.31-15.33.45:444][531]LogWorld: Bringing up level for play took: 0.002560
[2017.08.31-15.33.45:510][531]LogContentBrowser: Native class hierarchy updated for 'MovieSceneCapture' in 0.0007 seconds. Added 11 classes and 0 folders.
[2017.08.31-15.33.45:526][531]PIE: Info Play in editor start time for /Game/2DSideScrollerBP/Maps/UEDPIE_0_FOTWO01 -0.189
[2017.08.31-15.33.45:526][531]LogBlueprintUserMessages: Late PlayInEditor Detection: Level '/Game/2DSideScrollerBP/Maps/FOTWO01.FOTWO01:PersistentLevel' has LevelScriptBlueprint '/Game/2DSideScrollerBP/Maps/FOTWO01.FOTWO01:PersistentLevel.FOTWO01' with GeneratedClass '/Game/2DSideScrollerBP/Maps/FOTWO01.FOTWO01_C' with ClassGeneratedBy '/Game/2DSideScrollerBP/Maps/FOTWO01.FOTWO01:PersistentLevel.FOTWO01'
[2017.08.31-15.35.45:602][733]LogBlueprintUserMessages: Early EndPlayMap Detection: Level '/Game/2DSideScrollerBP/Maps/FOTWO01.FOTWO01:PersistentLevel' has LevelScriptBlueprint '/Game/2DSideScrollerBP/Maps/FOTWO01.FOTWO01:PersistentLevel.FOTWO01' with GeneratedClass '/Game/2DSideScrollerBP/Maps/FOTWO01.FOTWO01_C' with ClassGeneratedBy '/Game/2DSideScrollerBP/Maps/FOTWO01.FOTWO01:PersistentLevel.FOTWO01'
[2017.08.31-15.35.45:634][733]LogBlueprintUserMessages: Late EndPlayMap Detection: Level '/Game/2DSideScrollerBP/Maps/FOTWO01.FOTWO01:PersistentLevel' has LevelScriptBlueprint '/Game/2DSideScrollerBP/Maps/FOTWO01.FOTWO01:PersistentLevel.FOTWO01' with GeneratedClass '/Game/2DSideScrollerBP/Maps/FOTWO01.FOTWO01_C' with ClassGeneratedBy '/Game/2DSideScrollerBP/Maps/FOTWO01.FOTWO01:PersistentLevel.FOTWO01'
[2017.08.31-15.35.54:296][221]LogContentBrowser: Native class hierarchy updated for 'BlueprintGraph' in 0.0011 seconds. Added 112 classes and 0 folders.
[2017.08.31-15.35.54:996][221]LogSlate: Took 0.003918 seconds to synchronously load lazily loaded font '../../../Engine/Content/Editor/Slate/Fonts/Roboto-BoldCondensed.ttf' (158K)
[2017.08.31-15.36.05:511][831]LogSlate: Took 0.031847 seconds to synchronously load lazily loaded font '../../../Engine/Content/Slate/Fonts/DroidSansFallback.ttf' (3848K)
[2017.08.31-15.36.33:737][440]BlueprintLog: New page: Compile EventHUD
[2017.08.31-15.36.34:592][440]LogSavePackage: Save=542.98ms
[2017.08.31-15.36.34:593][440]LogSavePackage: Moving '../../../../../../Unreal/FOTWO/source/FOTWO02/Saved/EventHUDF984BA534B7CE130C73497809500CD75.tmp' to '../../../../../../Unreal/FOTWO/source/FOTWO02/Content/2DSideScrollerBP/Blueprints/User_Interface/EventHUD.uasset'
[2017.08.31-15.36.34:596][440]LogSavePackage:Display: Finished SavePackage ../../../../../../Unreal/FOTWO/source/FOTWO02/Content/2DSideScrollerBP/Blueprints/User_Interface/EventHUD.uasset
[2017.08.31-15.36.34:600][440]BlueprintEditorCompileResults: Info Fast Template Successfully Created.
[2017.08.31-15.36.54:209][148]LogTemp: Repeting last play command: Selected Viewport
[2017.08.31-15.36.54:236][148]LogBlueprintUserMessages: Early PlayInEditor Detection: Level '/Game/2DSideScrollerBP/Maps/FOTWO01.FOTWO01:PersistentLevel' has LevelScriptBlueprint '/Game/2DSideScrollerBP/Maps/FOTWO01.FOTWO01:PersistentLevel.FOTWO01' with GeneratedClass '/Game/2DSideScrollerBP/Maps/FOTWO01.FOTWO01_C' with ClassGeneratedBy '/Game/2DSideScrollerBP/Maps/FOTWO01.FOTWO01:PersistentLevel.FOTWO01'
[2017.08.31-15.36.54:236][148]LogPlayLevel: PlayLevel: No blueprints needed recompiling
[2017.08.31-15.36.54:237][148]PIE: New page: PIE session: FOTWO01 (31 Aug 2017 19:36:54)
[2017.08.31-15.36.54:237][148]LogPlayLevel: Creating play world package: /Game/2DSideScrollerBP/Maps/UEDPIE_0_FOTWO01
[2017.08.31-15.36.54:238][148]LogPlayLevel: PIE: StaticDuplicateObject took: (0.001466s)
[2017.08.31-15.36.54:239][148]LogAIModule: Creating AISystem for world FOTWO01
[2017.08.31-15.36.54:239][148]LogPlayLevel: PIE: World Init took: (0.000551s)
[2017.08.31-15.36.54:239][148]LogPlayLevel: PIE: Created PIE world by copying editor world from /Game/2DSideScrollerBP/Maps/FOTWO01.FOTWO01 to /Game/2DSideScrollerBP/Maps/UEDPIE_0_FOTWO01.FOTWO01 (0.002172s)
[2017.08.31-15.36.54:260][148]LogInit: XAudio2 using 'Headset Earphone (3- Microsoft LifeChat LX-3000)' : 2 channels at 48 kHz using 16 bits per sample (channel mask 0x3)
[2017.08.31-15.36.54:267][148]LogInit: FAudioDevice initialized.
[2017.08.31-15.36.54:298][148]LogLoad: Game class is 'FOTWOGameMode_C'
[2017.08.31-15.36.54:301][148]LogWorld: Bringing World /Game/2DSideScrollerBP/Maps/UEDPIE_0_FOTWO01.FOTWO01 up for play (max tick rate 60) at 2017.08.31-17.36.54
[2017.08.31-15.36.54:301][148]LogWorld: Bringing up level for play took: 0.001170
[2017.08.31-15.36.54:313][148]PIE: Info Play in editor start time for /Game/2DSideScrollerBP/Maps/UEDPIE_0_FOTWO01 0.597
[2017.08.31-15.36.54:313][148]LogBlueprintUserMessages: Late PlayInEditor Detection: Level '/Game/2DSideScrollerBP/Maps/FOTWO01.FOTWO01:PersistentLevel' has LevelScriptBlueprint '/Game/2DSideScrollerBP/Maps/FOTWO01.FOTWO01:PersistentLevel.FOTWO01' with GeneratedClass '/Game/2DSideScrollerBP/Maps/FOTWO01.FOTWO01_C' with ClassGeneratedBy '/Game/2DSideScrollerBP/Maps/FOTWO01.FOTWO01:PersistentLevel.FOTWO01'
[2017.08.31-15.38.56:101][453]LogBlueprintUserMessages: Early EndPlayMap Detection: Level '/Game/2DSideScrollerBP/Maps/FOTWO01.FOTWO01:PersistentLevel' has LevelScriptBlueprint '/Game/2DSideScrollerBP/Maps/FOTWO01.FOTWO01:PersistentLevel.FOTWO01' with GeneratedClass '/Game/2DSideScrollerBP/Maps/FOTWO01.FOTWO01_C' with ClassGeneratedBy '/Game/2DSideScrollerBP/Maps/FOTWO01.FOTWO01:PersistentLevel.FOTWO01'
[2017.08.31-15.38.56:136][453]LogBlueprintUserMessages: Late EndPlayMap Detection: Level '/Game/2DSideScrollerBP/Maps/FOTWO01.FOTWO01:PersistentLevel' has LevelScriptBlueprint '/Game/2DSideScrollerBP/Maps/FOTWO01.FOTWO01:PersistentLevel.FOTWO01' with GeneratedClass '/Game/2DSideScrollerBP/Maps/FOTWO01.FOTWO01_C' with ClassGeneratedBy '/Game/2DSideScrollerBP/Maps/FOTWO01.FOTWO01:PersistentLevel.FOTWO01'
[2017.08.31-15.39.29:853][396]BlueprintLog: New page: Compile EventHUD
[2017.08.31-15.39.30:685][396]LogSavePackage: Save=555.07ms
[2017.08.31-15.39.30:685][396]LogSavePackage: Moving '../../../../../../Unreal/FOTWO/source/FOTWO02/Saved/EventHUD51B97CCC44924EF1199BE4BC0854FCDD.tmp' to '../../../../../../Unreal/FOTWO/source/FOTWO02/Content/2DSideScrollerBP/Blueprints/User_Interface/EventHUD.uasset'
[2017.08.31-15.39.30:690][396]LogSavePackage:Display: Finished SavePackage ../../../../../../Unreal/FOTWO/source/FOTWO02/Content/2DSideScrollerBP/Blueprints/User_Interface/EventHUD.uasset
[2017.08.31-15.39.30:696][396]BlueprintEditorCompileResults: Info Fast Template Successfully Created.
[2017.08.31-15.42.28:898][896]LogTemp: Repeting last play command: Selected Viewport
[2017.08.31-15.42.28:919][896]LogBlueprintUserMessages: Early PlayInEditor Detection: Level '/Game/2DSideScrollerBP/Maps/FOTWO01.FOTWO01:PersistentLevel' has LevelScriptBlueprint '/Game/2DSideScrollerBP/Maps/FOTWO01.FOTWO01:PersistentLevel.FOTWO01' with GeneratedClass '/Game/2DSideScrollerBP/Maps/FOTWO01.FOTWO01_C' with ClassGeneratedBy '/Game/2DSideScrollerBP/Maps/FOTWO01.FOTWO01:PersistentLevel.FOTWO01'
[2017.08.31-15.42.28:919][896]LogPlayLevel: PlayLevel: No blueprints needed recompiling
[2017.08.31-15.42.28:919][896]PIE: New page: PIE session: FOTWO01 (31 Aug 2017 19:42:28)
[2017.08.31-15.42.28:919][896]LogPlayLevel: Creating play world package: /Game/2DSideScrollerBP/Maps/UEDPIE_0_FOTWO01
[2017.08.31-15.42.28:921][896]LogPlayLevel: PIE: StaticDuplicateObject took: (0.001671s)
[2017.08.31-15.42.28:922][896]LogAIModule: Creating AISystem for world FOTWO01
[2017.08.31-15.42.28:922][896]LogPlayLevel: PIE: World Init took: (0.000598s)
[2017.08.31-15.42.28:922][896]LogPlayLevel: PIE: Created PIE world by copying editor world from /Game/2DSideScrollerBP/Maps/FOTWO01.FOTWO01 to /Game/2DSideScrollerBP/Maps/UEDPIE_0_FOTWO01.FOTWO01 (0.002478s)
[2017.08.31-15.42.28:943][896]LogInit: XAudio2 using 'Headset Earphone (3- Microsoft LifeChat LX-3000)' : 2 channels at 48 kHz using 16 bits per sample (channel mask 0x3)
[2017.08.31-15.42.28:950][896]LogInit: FAudioDevice initialized.
[2017.08.31-15.42.28:983][896]LogLoad: Game class is 'FOTWOGameMode_C'
[2017.08.31-15.42.28:985][896]LogWorld: Bringing World /Game/2DSideScrollerBP/Maps/UEDPIE_0_FOTWO01.FOTWO01 up for play (max tick rate 60) at 2017.08.31-17.42.28
[2017.08.31-15.42.28:986][896]LogWorld: Bringing up level for play took: 0.001011
[2017.08.31-15.42.29:003][896]PIE: Info Play in editor start time for /Game/2DSideScrollerBP/Maps/UEDPIE_0_FOTWO01 -0.712
[2017.08.31-15.42.29:003][896]LogBlueprintUserMessages: Late PlayInEditor Detection: Level '/Game/2DSideScrollerBP/Maps/FOTWO01.FOTWO01:PersistentLevel' has LevelScriptBlueprint '/Game/2DSideScrollerBP/Maps/FOTWO01.FOTWO01:PersistentLevel.FOTWO01' with GeneratedClass '/Game/2DSideScrollerBP/Maps/FOTWO01.FOTWO01_C' with ClassGeneratedBy '/Game/2DSideScrollerBP/Maps/FOTWO01.FOTWO01:PersistentLevel.FOTWO01'
[2017.08.31-15.44.29:193][105]LogBlueprintUserMessages: Early EndPlayMap Detection: Level '/Game/2DSideScrollerBP/Maps/FOTWO01.FOTWO01:PersistentLevel' has LevelScriptBlueprint '/Game/2DSideScrollerBP/Maps/FOTWO01.FOTWO01:PersistentLevel.FOTWO01' with GeneratedClass '/Game/2DSideScrollerBP/Maps/FOTWO01.FOTWO01_C' with ClassGeneratedBy '/Game/2DSideScrollerBP/Maps/FOTWO01.FOTWO01:PersistentLevel.FOTWO01'
[2017.08.31-15.44.29:233][105]LogBlueprintUserMessages: Late EndPlayMap Detection: Level '/Game/2DSideScrollerBP/Maps/FOTWO01.FOTWO01:PersistentLevel' has LevelScriptBlueprint '/Game/2DSideScrollerBP/Maps/FOTWO01.FOTWO01:PersistentLevel.FOTWO01' with GeneratedClass '/Game/2DSideScrollerBP/Maps/FOTWO01.FOTWO01_C' with ClassGeneratedBy '/Game/2DSideScrollerBP/Maps/FOTWO01.FOTWO01:PersistentLevel.FOTWO01'
[2017.08.31-15.45.04:735][709]BlueprintLog: New page: Compile EventHUD
[2017.08.31-15.45.05:568][709]LogSavePackage: Save=550.19ms
[2017.08.31-15.45.05:569][709]LogSavePackage: Moving '../../../../../../Unreal/FOTWO/source/FOTWO02/Saved/EventHUD6E82DDCF4EF3330C2DE9F4BFC427DEC7.tmp' to '../../../../../../Unreal/FOTWO/source/FOTWO02/Content/2DSideScrollerBP/Blueprints/User_Interface/EventHUD.uasset'
[2017.08.31-15.45.05:572][709]LogSavePackage:Display: Finished SavePackage ../../../../../../Unreal/FOTWO/source/FOTWO02/Content/2DSideScrollerBP/Blueprints/User_Interface/EventHUD.uasset
[2017.08.31-15.45.05:576][709]BlueprintEditorCompileResults: Info Fast Template Successfully Created.
[2017.08.31-15.45.44:207][918]BlueprintLog: New page: Compile EventHUD
[2017.08.31-15.45.45:049][918]LogSavePackage: Save=549.11ms
[2017.08.31-15.45.45:050][918]LogSavePackage: Moving '../../../../../../Unreal/FOTWO/source/FOTWO02/Saved/EventHUD8A44EDC64D11DFC103DC5EAC9187F7D4.tmp' to '../../../../../../Unreal/FOTWO/source/FOTWO02/Content/2DSideScrollerBP/Blueprints/User_Interface/EventHUD.uasset'
[2017.08.31-15.45.45:054][918]LogSavePackage:Display: Finished SavePackage ../../../../../../Unreal/FOTWO/source/FOTWO02/Content/2DSideScrollerBP/Blueprints/User_Interface/EventHUD.uasset
[2017.08.31-15.45.45:057][918]BlueprintEditorCompileResults: Info Fast Template Successfully Created.
[2017.08.31-15.47.56:818][407]BlueprintLog: New page: Compile EventHUD
[2017.08.31-15.47.57:640][407]LogSavePackage: Save=540.37ms
[2017.08.31-15.47.57:641][407]LogSavePackage: Moving '../../../../../../Unreal/FOTWO/source/FOTWO02/Saved/EventHUD09D1D89A4B6105FE8071ED90C2776C57.tmp' to '../../../../../../Unreal/FOTWO/source/FOTWO02/Content/2DSideScrollerBP/Blueprints/User_Interface/EventHUD.uasset'
[2017.08.31-15.47.57:644][407]LogSavePackage:Display: Finished SavePackage ../../../../../../Unreal/FOTWO/source/FOTWO02/Content/2DSideScrollerBP/Blueprints/User_Interface/EventHUD.uasset
[2017.08.31-15.47.57:648][407]BlueprintEditorCompileResults: Info Fast Template Successfully Created.
[2017.08.31-15.48.05:163][842]LogTemp: Repeting last play command: Selected Viewport
[2017.08.31-15.48.05:179][842]LogBlueprintUserMessages: Early PlayInEditor Detection: Level '/Game/2DSideScrollerBP/Maps/FOTWO01.FOTWO01:PersistentLevel' has LevelScriptBlueprint '/Game/2DSideScrollerBP/Maps/FOTWO01.FOTWO01:PersistentLevel.FOTWO01' with GeneratedClass '/Game/2DSideScrollerBP/Maps/FOTWO01.FOTWO01_C' with ClassGeneratedBy '/Game/2DSideScrollerBP/Maps/FOTWO01.FOTWO01:PersistentLevel.FOTWO01'
[2017.08.31-15.48.05:179][842]LogPlayLevel: PlayLevel: No blueprints needed recompiling
[2017.08.31-15.48.05:180][842]PIE: New page: PIE session: FOTWO01 (31 Aug 2017 19:48:05)
[2017.08.31-15.48.05:180][842]LogPlayLevel: Creating play world package: /Game/2DSideScrollerBP/Maps/UEDPIE_0_FOTWO01
[2017.08.31-15.48.05:181][842]LogPlayLevel: PIE: StaticDuplicateObject took: (0.001391s)
[2017.08.31-15.48.05:182][842]LogAIModule: Creating AISystem for world FOTWO01
[2017.08.31-15.48.05:182][842]LogPlayLevel: PIE: World Init took: (0.000561s)
[2017.08.31-15.48.05:182][842]LogPlayLevel: PIE: Created PIE world by copying editor world from /Game/2DSideScrollerBP/Maps/FOTWO01.FOTWO01 to /Game/2DSideScrollerBP/Maps/UEDPIE_0_FOTWO01.FOTWO01 (0.002122s)
[2017.08.31-15.48.05:204][842]LogInit: XAudio2 using 'Headset Earphone (3- Microsoft LifeChat LX-3000)' : 2 channels at 48 kHz using 16 bits per sample (channel mask 0x3)
[2017.08.31-15.48.05:211][842]LogInit: FAudioDevice initialized.
[2017.08.31-15.48.05:242][842]LogLoad: Game class is 'FOTWOGameMode_C'
[2017.08.31-15.48.05:244][842]LogWorld: Bringing World /Game/2DSideScrollerBP/Maps/UEDPIE_0_FOTWO01.FOTWO01 up for play (max tick rate 60) at 2017.08.31-17.48.05
[2017.08.31-15.48.05:244][842]LogWorld: Bringing up level for play took: 0.000944
[2017.08.31-15.48.05:257][842]PIE: Info Play in editor start time for /Game/2DSideScrollerBP/Maps/UEDPIE_0_FOTWO01 -0.459
[2017.08.31-15.48.05:257][842]LogBlueprintUserMessages: Late PlayInEditor Detection: Level '/Game/2DSideScrollerBP/Maps/FOTWO01.FOTWO01:PersistentLevel' has LevelScriptBlueprint '/Game/2DSideScrollerBP/Maps/FOTWO01.FOTWO01:PersistentLevel.FOTWO01' with GeneratedClass '/Game/2DSideScrollerBP/Maps/FOTWO01.FOTWO01_C' with ClassGeneratedBy '/Game/2DSideScrollerBP/Maps/FOTWO01.FOTWO01:PersistentLevel.FOTWO01'
[2017.08.31-15.51.27:115][736]LogBlueprintUserMessages: Early EndPlayMap Detection: Level '/Game/2DSideScrollerBP/Maps/FOTWO01.FOTWO01:PersistentLevel' has LevelScriptBlueprint '/Game/2DSideScrollerBP/Maps/FOTWO01.FOTWO01:PersistentLevel.FOTWO01' with GeneratedClass '/Game/2DSideScrollerBP/Maps/FOTWO01.FOTWO01_C' with ClassGeneratedBy '/Game/2DSideScrollerBP/Maps/FOTWO01.FOTWO01:PersistentLevel.FOTWO01'
[2017.08.31-15.51.27:149][736]LogBlueprintUserMessages: Late EndPlayMap Detection: Level '/Game/2DSideScrollerBP/Maps/FOTWO01.FOTWO01:PersistentLevel' has LevelScriptBlueprint '/Game/2DSideScrollerBP/Maps/FOTWO01.FOTWO01:PersistentLevel.FOTWO01' with GeneratedClass '/Game/2DSideScrollerBP/Maps/FOTWO01.FOTWO01_C' with ClassGeneratedBy '/Game/2DSideScrollerBP/Maps/FOTWO01.FOTWO01:PersistentLevel.FOTWO01'
[2017.08.31-15.51.48:016][935]BlueprintLog: New page: Compile EventHUD
[2017.08.31-15.51.48:850][935]LogSavePackage: Save=550.24ms
[2017.08.31-15.51.48:850][935]LogSavePackage: Moving '../../../../../../Unreal/FOTWO/source/FOTWO02/Saved/EventHUD3A67662F439941BE5EDDBD83E1EA68F9.tmp' to '../../../../../../Unreal/FOTWO/source/FOTWO02/Content/2DSideScrollerBP/Blueprints/User_Interface/EventHUD.uasset'
[2017.08.31-15.51.48:852][935]LogSavePackage:Display: Finished SavePackage ../../../../../../Unreal/FOTWO/source/FOTWO02/Content/2DSideScrollerBP/Blueprints/User_Interface/EventHUD.uasset
[2017.08.31-15.51.48:857][935]BlueprintEditorCompileResults: Info Fast Template Successfully Created.
[2017.08.31-15.52.06:748][953]BlueprintLog: New page: Compile EventHUD
[2017.08.31-15.52.07:569][953]LogSavePackage: Save=541.23ms
[2017.08.31-15.52.07:570][953]LogSavePackage: Moving '../../../../../../Unreal/FOTWO/source/FOTWO02/Saved/EventHUD6FE1331B476BE1D042775F8B155249C4.tmp' to '../../../../../../Unreal/FOTWO/source/FOTWO02/Content/2DSideScrollerBP/Blueprints/User_Interface/EventHUD.uasset'
[2017.08.31-15.52.07:573][953]LogSavePackage:Display: Finished SavePackage ../../../../../../Unreal/FOTWO/source/FOTWO02/Content/2DSideScrollerBP/Blueprints/User_Interface/EventHUD.uasset
[2017.08.31-15.52.07:576][953]BlueprintEditorCompileResults: Info Fast Template Successfully Created.
[2017.08.31-15.52.19:771][663]LogTemp: Repeting last play command: Selected Viewport
[2017.08.31-15.52.19:788][663]LogBlueprintUserMessages: Early PlayInEditor Detection: Level '/Game/2DSideScrollerBP/Maps/FOTWO01.FOTWO01:PersistentLevel' has LevelScriptBlueprint '/Game/2DSideScrollerBP/Maps/FOTWO01.FOTWO01:PersistentLevel.FOTWO01' with GeneratedClass '/Game/2DSideScrollerBP/Maps/FOTWO01.FOTWO01_C' with ClassGeneratedBy '/Game/2DSideScrollerBP/Maps/FOTWO01.FOTWO01:PersistentLevel.FOTWO01'
[2017.08.31-15.52.19:788][663]LogPlayLevel: PlayLevel: No blueprints needed recompiling
[2017.08.31-15.52.19:788][663]PIE: New page: PIE session: FOTWO01 (31 Aug 2017 19:52:19)
[2017.08.31-15.52.19:788][663]LogPlayLevel: Creating play world package: /Game/2DSideScrollerBP/Maps/UEDPIE_0_FOTWO01
[2017.08.31-15.52.19:790][663]LogPlayLevel: PIE: StaticDuplicateObject took: (0.001342s)
[2017.08.31-15.52.19:790][663]LogAIModule: Creating AISystem for world FOTWO01
[2017.08.31-15.52.19:790][663]LogPlayLevel: PIE: World Init took: (0.000506s)
[2017.08.31-15.52.19:790][663]LogPlayLevel: PIE: Created PIE world by copying editor world from /Game/2DSideScrollerBP/Maps/FOTWO01.FOTWO01 to /Game/2DSideScrollerBP/Maps/UEDPIE_0_FOTWO01.FOTWO01 (0.002067s)
[2017.08.31-15.52.19:809][663]LogInit: XAudio2 using 'Headset Earphone (3- Microsoft LifeChat LX-3000)' : 2 channels at 48 kHz using 16 bits per sample (channel mask 0x3)
[2017.08.31-15.52.19:816][663]LogInit: FAudioDevice initialized.
[2017.08.31-15.52.19:846][663]LogLoad: Game class is 'FOTWOGameMode_C'
[2017.08.31-15.52.19:848][663]LogWorld: Bringing World /Game/2DSideScrollerBP/Maps/UEDPIE_0_FOTWO01.FOTWO01 up for play (max tick rate 60) at 2017.08.31-17.52.19
[2017.08.31-15.52.19:848][663]LogWorld: Bringing up level for play took: 0.001138
[2017.08.31-15.52.19:861][663]PIE: Info Play in editor start time for /Game/2DSideScrollerBP/Maps/UEDPIE_0_FOTWO01 0.582
[2017.08.31-15.52.19:861][663]LogBlueprintUserMessages: Late PlayInEditor Detection: Level '/Game/2DSideScrollerBP/Maps/FOTWO01.FOTWO01:PersistentLevel' has LevelScriptBlueprint '/Game/2DSideScrollerBP/Maps/FOTWO01.FOTWO01:PersistentLevel.FOTWO01' with GeneratedClass '/Game/2DSideScrollerBP/Maps/FOTWO01.FOTWO01_C' with ClassGeneratedBy '/Game/2DSideScrollerBP/Maps/FOTWO01.FOTWO01:PersistentLevel.FOTWO01'
[2017.08.31-16.02.49:819][745]LogBlueprintUserMessages: Early EndPlayMap Detection: Level '/Game/2DSideScrollerBP/Maps/FOTWO01.FOTWO01:PersistentLevel' has LevelScriptBlueprint '/Game/2DSideScrollerBP/Maps/FOTWO01.FOTWO01:PersistentLevel.FOTWO01' with GeneratedClass '/Game/2DSideScrollerBP/Maps/FOTWO01.FOTWO01_C' with ClassGeneratedBy '/Game/2DSideScrollerBP/Maps/FOTWO01.FOTWO01:PersistentLevel.FOTWO01'
[2017.08.31-16.02.49:854][745]LogBlueprintUserMessages: Late EndPlayMap Detection: Level '/Game/2DSideScrollerBP/Maps/FOTWO01.FOTWO01:PersistentLevel' has LevelScriptBlueprint '/Game/2DSideScrollerBP/Maps/FOTWO01.FOTWO01:PersistentLevel.FOTWO01' with GeneratedClass '/Game/2DSideScrollerBP/Maps/FOTWO01.FOTWO01_C' with ClassGeneratedBy '/Game/2DSideScrollerBP/Maps/FOTWO01.FOTWO01:PersistentLevel.FOTWO01'
[2017.08.31-16.02.51:340][833]LogTemp: Repeting last play command: Selected Viewport
[2017.08.31-16.02.51:356][833]LogBlueprintUserMessages: Early PlayInEditor Detection: Level '/Game/2DSideScrollerBP/Maps/FOTWO01.FOTWO01:PersistentLevel' has LevelScriptBlueprint '/Game/2DSideScrollerBP/Maps/FOTWO01.FOTWO01:PersistentLevel.FOTWO01' with GeneratedClass '/Game/2DSideScrollerBP/Maps/FOTWO01.FOTWO01_C' with ClassGeneratedBy '/Game/2DSideScrollerBP/Maps/FOTWO01.FOTWO01:PersistentLevel.FOTWO01'
[2017.08.31-16.02.51:356][833]LogPlayLevel: PlayLevel: No blueprints needed recompiling
[2017.08.31-16.02.51:356][833]PIE: New page: PIE session: FOTWO01 (31 Aug 2017 20:02:51)
[2017.08.31-16.02.51:356][833]LogPlayLevel: Creating play world package: /Game/2DSideScrollerBP/Maps/UEDPIE_0_FOTWO01
[2017.08.31-16.02.51:358][833]LogPlayLevel: PIE: StaticDuplicateObject took: (0.001554s)
[2017.08.31-16.02.51:358][833]LogAIModule: Creating AISystem for world FOTWO01
[2017.08.31-16.02.51:358][833]LogPlayLevel: PIE: World Init took: (0.000590s)
[2017.08.31-16.02.51:358][833]LogPlayLevel: PIE: Created PIE world by copying editor world from /Game/2DSideScrollerBP/Maps/FOTWO01.FOTWO01 to /Game/2DSideScrollerBP/Maps/UEDPIE_0_FOTWO01.FOTWO01 (0.002317s)
[2017.08.31-16.02.51:378][833]LogInit: XAudio2 using 'Headset Earphone (3- Microsoft LifeChat LX-3000)' : 2 channels at 48 kHz using 16 bits per sample (channel mask 0x3)
[2017.08.31-16.02.51:384][833]LogInit: FAudioDevice initialized.
[2017.08.31-16.02.51:416][833]LogLoad: Game class is 'FOTWOGameMode_C'
[2017.08.31-16.02.51:419][833]LogWorld: Bringing World /Game/2DSideScrollerBP/Maps/UEDPIE_0_FOTWO01.FOTWO01 up for play (max tick rate 60) at 2017.08.31-18.02.51
[2017.08.31-16.02.51:419][833]LogWorld: Bringing up level for play took: 0.001175
[2017.08.31-16.02.51:431][833]PIE: Info Play in editor start time for /Game/2DSideScrollerBP/Maps/UEDPIE_0_FOTWO01 0.153
[2017.08.31-16.02.51:431][833]LogBlueprintUserMessages: Late PlayInEditor Detection: Level '/Game/2DSideScrollerBP/Maps/FOTWO01.FOTWO01:PersistentLevel' has LevelScriptBlueprint '/Game/2DSideScrollerBP/Maps/FOTWO01.FOTWO01:PersistentLevel.FOTWO01' with GeneratedClass '/Game/2DSideScrollerBP/Maps/FOTWO01.FOTWO01_C' with ClassGeneratedBy '/Game/2DSideScrollerBP/Maps/FOTWO01.FOTWO01:PersistentLevel.FOTWO01'
[2017.08.31-16.11.33:090][128]LogBlueprintUserMessages: Early EndPlayMap Detection: Level '/Game/2DSideScrollerBP/Maps/FOTWO01.FOTWO01:PersistentLevel' has LevelScriptBlueprint '/Game/2DSideScrollerBP/Maps/FOTWO01.FOTWO01:PersistentLevel.FOTWO01' with GeneratedClass '/Game/2DSideScrollerBP/Maps/FOTWO01.FOTWO01_C' with ClassGeneratedBy '/Game/2DSideScrollerBP/Maps/FOTWO01.FOTWO01:PersistentLevel.FOTWO01'
[2017.08.31-16.11.33:121][128]LogBlueprintUserMessages: Late EndPlayMap Detection: Level '/Game/2DSideScrollerBP/Maps/FOTWO01.FOTWO01:PersistentLevel' has LevelScriptBlueprint '/Game/2DSideScrollerBP/Maps/FOTWO01.FOTWO01:PersistentLevel.FOTWO01' with GeneratedClass '/Game/2DSideScrollerBP/Maps/FOTWO01.FOTWO01_C' with ClassGeneratedBy '/Game/2DSideScrollerBP/Maps/FOTWO01.FOTWO01:PersistentLevel.FOTWO01'
[2017.08.31-16.11.34:557][208]LogWindowsTextInputMethodSystem:Display: IME system now deactivated.
[2017.08.31-16.11.34:757][209]Cmd: QUIT_EDITOR
[2017.08.31-16.11.35:355][209]LogExit: Preparing to exit.
[2017.08.31-16.11.35:958][209]LogDirectoryWatcher: A directory notification for 'C:/Unreal/FOTWO/source/FOTWO02/Content/' was aborted.
[2017.08.31-16.11.35:999][209]LogExit: Editor shut down
[2017.08.31-16.11.36:006][209]LogExit: Transaction tracking system shut down
[2017.08.31-16.11.36:113][209]LogObj: Freed 0b from 0 cluster array pools.
[2017.08.31-16.11.36:113][209]LogExit: Object subsystem successfully closed.
[2017.08.31-16.11.36:142][209]LogD3D11RHI: Shutdown
[2017.08.31-16.11.36:142][209]LogD3D11RHI: CleanupD3DDevice
[2017.08.31-16.11.36:223][209]LogD3D11RHI: ~FD3D11DynamicRHI
[2017.08.31-16.11.36:243][209]LogModuleManager: Shutting down and abandoning module SequencerWidgets (530)
[2017.08.31-16.11.36:243][209]LogModuleManager: Shutting down and abandoning module BlueprintGraph (528)
[2017.08.31-16.11.36:243][209]LogModuleManager: Shutting down and abandoning module BlueprintProfiler (526)
[2017.08.31-16.11.36:243][209]LogModuleManager: Shutting down and abandoning module MovieSceneCapture (524)
[2017.08.31-16.11.36:243][209]LogModuleManager: Shutting down and abandoning module StatsViewer (522)
[2017.08.31-16.11.36:243][209]LogModuleManager: Shutting down and abandoning module AddContentDialog (520)
[2017.08.31-16.11.36:243][209]LogDirectoryWatcher: A directory notification for 'C:/Program Files/Epic Games/UE_4.16/FeaturePacks/' was aborted.
[2017.08.31-16.11.36:244][209]LogModuleManager: Shutting down and abandoning module WidgetCarousel (519)
[2017.08.31-16.11.36:244][209]LogModuleManager: Shutting down and abandoning module EditorWidgets (516)
[2017.08.31-16.11.36:244][209]LogModuleManager: Shutting down and abandoning module CollectionManager (514)
[2017.08.31-16.11.36:244][209]LogDirectoryWatcher: A directory notification for 'C:/Unreal/FOTWO/source/FOTWO02/Content/Collections/' was aborted.
[2017.08.31-16.11.36:244][209]LogDirectoryWatcher: A directory notification for 'C:/Unreal/FOTWO/source/FOTWO02/Content/Developers/vonkl/Collections/' was aborted.
[2017.08.31-16.11.36:244][209]LogDirectoryWatcher: A directory notification for 'C:/Unreal/FOTWO/source/FOTWO02/Saved/Collections/' was aborted.
[2017.08.31-16.11.36:244][209]LogModuleManager: Shutting down and abandoning module HierarchicalLODOutliner (512)
[2017.08.31-16.11.36:244][209]LogModuleManager: Shutting down and abandoning module CrashTracker (510)
[2017.08.31-16.11.36:244][209]LogModuleManager: Shutting down and abandoning module FoliageEdit (508)
[2017.08.31-16.11.36:244][209]LogModuleManager: Shutting down and abandoning module LandscapeEditor (506)
[2017.08.31-16.11.36:244][209]LogModuleManager: Shutting down and abandoning module MeshPaintMode (504)
[2017.08.31-16.11.36:245][209]LogModuleManager: Shutting down and abandoning module SceneDepthPickerMode (502)
[2017.08.31-16.11.36:245][209]LogModuleManager: Shutting down and abandoning module ActorPickerMode (500)
[2017.08.31-16.11.36:245][209]LogModuleManager: Shutting down and abandoning module GeometryMode (498)
[2017.08.31-16.11.36:245][209]LogModuleManager: Shutting down and abandoning module TextureAlignMode (496)
[2017.08.31-16.11.36:245][209]LogModuleManager: Shutting down and abandoning module BspMode (494)
[2017.08.31-16.11.36:245][209]LogModuleManager: Shutting down and abandoning module HardwareSurvey (492)
[2017.08.31-16.11.36:245][209]LogModuleManager: Shutting down and abandoning module SequenceRecorderSections (490)
[2017.08.31-16.11.36:245][209]LogModuleManager: Shutting down and abandoning module AutomationWorker (488)
[2017.08.31-16.11.36:245][209]LogModuleManager: Shutting down and abandoning module MatineeToLevelSequence (486)
[2017.08.31-16.11.36:245][209]LogModuleManager: Shutting down and abandoning module LevelSequenceEditor (484)
[2017.08.31-16.11.36:245][209]LogModuleManager: Shutting down and abandoning module PlacementMode (483)
[2017.08.31-16.11.36:245][209]LogModuleManager: Shutting down and abandoning module WmfMediaFactory (480)
[2017.08.31-16.11.36:245][209]LogModuleManager: Shutting down and abandoning module WmfMediaEditor (478)
[2017.08.31-16.11.36:245][209]LogModuleManager: Shutting down and abandoning module AvfMediaFactory (476)
[2017.08.31-16.11.36:245][209]LogModuleManager: Shutting down and abandoning module AvfMediaEditor (474)
[2017.08.31-16.11.36:245][209]LogModuleManager: Shutting down and abandoning module AndroidMediaFactory (472)
[2017.08.31-16.11.36:245][209]LogModuleManager: Shutting down and abandoning module Media (471)
[2017.08.31-16.11.36:245][209]LogModuleManager: Shutting down and abandoning module AndroidMediaEditor (468)
[2017.08.31-16.11.36:245][209]LogModuleManager: Shutting down and abandoning module CharacterAI (466)
[2017.08.31-16.11.36:245][209]LogModuleManager: Shutting down and abandoning module AudioCapture (464)
[2017.08.31-16.11.36:245][209]LogModuleManager: Shutting down and abandoning module SequenceRecorder (463)
[2017.08.31-16.11.36:245][209]LogModuleManager: Shutting down and abandoning module SmartSnapping (460)
[2017.08.31-16.11.36:245][209]LogModuleManager: Shutting down and abandoning module SessionServices (458)
[2017.08.31-16.11.36:245][209]LogModuleManager: Shutting down and abandoning module ViewportSnapping (456)
[2017.08.31-16.11.36:245][209]LogModuleManager: Shutting down and abandoning module ViewportInteraction (454)
[2017.08.31-16.11.36:245][209]LogModuleManager: Shutting down and abandoning module ClothPainter (452)
[2017.08.31-16.11.36:246][209]LogModuleManager: Shutting down and abandoning module LogVisualizer (450)
[2017.08.31-16.11.36:247][209]LogModuleManager: Shutting down and abandoning module IntroTutorials (448)
[2017.08.31-16.11.36:247][209]LogModuleManager: Shutting down and abandoning module GameProjectGeneration (447)
[2017.08.31-16.11.36:247][209]LogModuleManager: Shutting down and abandoning module EditorLiveStreaming (444)
[2017.08.31-16.11.36:248][209]LogModuleManager: Shutting down and abandoning module IOSPlatformEditor (442)
[2017.08.31-16.11.36:248][209]LogModuleManager: Shutting down and abandoning module HTML5PlatformEditor (440)
[2017.08.31-16.11.36:248][209]LogModuleManager: Shutting down and abandoning module AndroidPlatformEditor (438)
[2017.08.31-16.11.36:248][209]LogModuleManager: Shutting down and abandoning module AndroidDeviceDetection (437)
[2017.08.31-16.11.36:474][209]LogModuleManager: Shutting down and abandoning module IOSRuntimeSettings (434)
[2017.08.31-16.11.36:474][209]LogModuleManager: Shutting down and abandoning module AndroidRuntimeSettings (432)
[2017.08.31-16.11.36:474][209]LogModuleManager: Shutting down and abandoning module InputBindingEditor (430)
[2017.08.31-16.11.36:474][209]LogModuleManager: Shutting down and abandoning module MergeActors (428)
[2017.08.31-16.11.36:475][209]LogModuleManager: Shutting down and abandoning module SizeMap (426)
[2017.08.31-16.11.36:475][209]LogModuleManager: Shutting down and abandoning module TreeMap (424)
[2017.08.31-16.11.36:475][209]LogModuleManager: Shutting down and abandoning module ReferenceViewer (422)
[2017.08.31-16.11.36:475][209]LogModuleManager: Shutting down and abandoning module LocalizationDashboard (420)
[2017.08.31-16.11.36:476][209]LogModuleManager: Shutting down and abandoning module LocalizationService (419)
[2017.08.31-16.11.36:476][209]LogModuleManager: Shutting down and abandoning module HardwareTargeting (416)
[2017.08.31-16.11.36:476][209]LogModuleManager: Shutting down and abandoning module DeviceProfileEditor (414)
[2017.08.31-16.11.36:477][209]LogModuleManager: Shutting down and abandoning module UndoHistory (412)
[2017.08.31-16.11.36:477][209]LogModuleManager: Shutting down and abandoning module UserFeedback (410)
[2017.08.31-16.11.36:477][209]LogModuleManager: Shutting down and abandoning module XmlParser (408)
[2017.08.31-16.11.36:477][209]LogModuleManager: Shutting down and abandoning module Blutility (406)
[2017.08.31-16.11.36:477][209]LogModuleManager: Shutting down and abandoning module ProjectSettingsViewer (404)
[2017.08.31-16.11.36:477][209]LogModuleManager: Shutting down and abandoning module ProjectTargetPlatformEditor (403)
[2017.08.31-16.11.36:477][209]LogModuleManager: Shutting down and abandoning module EditorSettingsViewer (400)
[2017.08.31-16.11.36:478][209]LogModuleManager: Shutting down and abandoning module SettingsEditor (398)
[2017.08.31-16.11.36:478][209]LogModuleManager: Shutting down and abandoning module ProjectLauncher (396)
[2017.08.31-16.11.36:478][209]LogModuleManager: Shutting down and abandoning module SessionFrontend (394)
[2017.08.31-16.11.36:479][209]LogModuleManager: Shutting down and abandoning module ProfilerClient (392)
[2017.08.31-16.11.36:480][209]LogModuleManager: Shutting down and abandoning module DeviceManager (390)
[2017.08.31-16.11.36:480][209]LogModuleManager: Shutting down and abandoning module TargetDeviceServices (389)
[2017.08.31-16.11.36:534][209]LogModuleManager: Shutting down and abandoning module AutomationController (386)
[2017.08.31-16.11.36:534][209]LogModuleManager: Shutting down and abandoning module AutomationWindow (384)
[2017.08.31-16.11.36:535][209]LogModuleManager: Shutting down and abandoning module Layers (382)
[2017.08.31-16.11.36:536][209]LogModuleManager: Shutting down and abandoning module ComponentVisualizers (380)
[2017.08.31-16.11.36:536][209]LogModuleManager: Shutting down and abandoning module DetailCustomizations (378)
[2017.08.31-16.11.36:537][209]LogModuleManager: Shutting down and abandoning module PackagesDialog (376)
[2017.08.31-16.11.36:537][209]LogModuleManager: Shutting down and abandoning module Persona (374)
[2017.08.31-16.11.36:537][209]LogModuleManager: Shutting down and abandoning module AdvancedPreviewScene (373)
[2017.08.31-16.11.36:538][209]LogModuleManager: Shutting down and abandoning module AnimGraph (371)
[2017.08.31-16.11.36:538][209]LogModuleManager: Shutting down and abandoning module Kismet (368)
[2017.08.31-16.11.36:560][209]LogModuleManager: Shutting down and abandoning module ClassViewer (366)
[2017.08.31-16.11.36:560][209]LogModuleManager: Shutting down and abandoning module Toolbox (364)
[2017.08.31-16.11.36:560][209]LogModuleManager: Shutting down and abandoning module ModuleUI (362)
[2017.08.31-16.11.36:560][209]LogModuleManager: Shutting down and abandoning module MovieSceneTools (360)
[2017.08.31-16.11.36:561][209]LogModuleManager: Shutting down and abandoning module OutputLog (358)
[2017.08.31-16.11.36:561][209]LogModuleManager: Shutting down and abandoning module GammaUI (356)
[2017.08.31-16.11.36:562][209]LogModuleManager: Shutting down and abandoning module Documentation (354)
[2017.08.31-16.11.36:562][209]LogModuleManager: Shutting down and abandoning module MovieSceneTracks (352)
[2017.08.31-16.11.36:562][209]LogModuleManager: Shutting down and abandoning module MovieScene (350)
[2017.08.31-16.11.36:562][209]LogModuleManager: Shutting down and abandoning module Niagara (348)
[2017.08.31-16.11.36:562][209]LogModuleManager: Shutting down and abandoning module NiagaraEditor (347)
[2017.08.31-16.11.36:564][209]LogModuleManager: Shutting down and abandoning module StreamingPauseRendering (344)
[2017.08.31-16.11.36:564][209]LogModuleManager: Shutting down and abandoning module AnalyticsET (342)
[2017.08.31-16.11.36:564][209]LogModuleManager: Shutting down and abandoning module PortalServices (340)
[2017.08.31-16.11.36:564][209]LogModuleManager: Shutting down and abandoning module PortalRpc (338)
[2017.08.31-16.11.36:564][209]LogModuleManager: Shutting down and abandoning module MessagingRpc (336)
[2017.08.31-16.11.36:564][209]LogModuleManager: Shutting down and abandoning module AIModule (334)
[2017.08.31-16.11.36:564][209]LogModuleManager: Shutting down and abandoning module GameplayDebugger (333)
[2017.08.31-16.11.36:564][209]LogModuleManager: Shutting down and abandoning module AITestSuite (331)
[2017.08.31-16.11.36:564][209]LogModuleManager: Shutting down and abandoning module ProfilerService (328)
[2017.08.31-16.11.36:690][209]LogModuleManager: Shutting down and abandoning module TaskGraph (326)
[2017.08.31-16.11.36:691][209]LogModuleManager: Shutting down and abandoning module SteamVRController (324)
[2017.08.31-16.11.36:691][209]LogModuleManager: Shutting down and abandoning module SteamVR (322)
[2017.08.31-16.11.36:691][209]LogModuleManager: Shutting down and abandoning module ProceduralMeshComponentEditor (320)
[2017.08.31-16.11.36:691][209]LogModuleManager: Shutting down and abandoning module ProceduralMeshComponent (318)
[2017.08.31-16.11.36:691][209]LogModuleManager: Shutting down and abandoning module OculusLibrary (316)
[2017.08.31-16.11.36:691][209]LogModuleManager: Shutting down and abandoning module OculusInput (314)
[2017.08.31-16.11.36:691][209]LogModuleManager: Shutting down and abandoning module MobilePatchingUtils (312)
[2017.08.31-16.11.36:691][209]LogModuleManager: Shutting down and abandoning module CustomMeshComponent (310)
[2017.08.31-16.11.36:691][209]LogModuleManager: Shutting down and abandoning module CableComponent (308)
[2017.08.31-16.11.36:691][209]LogModuleManager: Shutting down and abandoning module ArchVisCharacter (306)
[2017.08.31-16.11.36:691][209]LogModuleManager: Shutting down and abandoning module AndroidPermission (304)
[2017.08.31-16.11.36:691][209]LogModuleManager: Shutting down and abandoning module MediaPlayerEditor (300)
[2017.08.31-16.11.36:692][209]LogModuleManager: Shutting down and abandoning module HTML5Networking (298)
[2017.08.31-16.11.36:692][209]LogModuleManager: Shutting down and abandoning module AlembicImporter (296)
[2017.08.31-16.11.36:693][209]LogModuleManager: Shutting down and abandoning module AlembicLibrary (295)
[2017.08.31-16.11.36:694][209]LogModuleManager: Shutting down and abandoning module GeometryCache (294)
[2017.08.31-16.11.36:694][209]LogModuleManager: Shutting down and abandoning module GeometryCacheEd (293)
[2017.08.31-16.11.36:694][209]LogModuleManager: Shutting down and abandoning module SuperSearchEditor (288)
[2017.08.31-16.11.36:694][209]LogModuleManager: Shutting down and abandoning module SuperSearch (287)
[2017.08.31-16.11.36:694][209]LogModuleManager: Shutting down and abandoning module SpeedTreeImporter (284)
[2017.08.31-16.11.36:694][209]LogModuleManager: Shutting down and abandoning module PluginBrowser (282)
[2017.08.31-16.11.36:694][209]LogModuleManager: Shutting down and abandoning module MobileLauncherProfileWizard (280)
[2017.08.31-16.11.36:694][209]LogModuleManager: Shutting down and abandoning module VisualStudioSourceCodeAccess (278)
[2017.08.31-16.11.36:694][209]LogModuleManager: Shutting down and abandoning module DesktopPlatform (277)
[2017.08.31-16.11.36:694][209]LogModuleManager: Shutting down and abandoning module UObjectPlugin (274)
[2017.08.31-16.11.36:694][209]LogModuleManager: Shutting down and abandoning module SubversionSourceControl (272)
[2017.08.31-16.11.36:694][209]LogModuleManager: Shutting down and abandoning module PerforceSourceControl (270)
[2017.08.31-16.11.36:694][209]LogModuleManager: Shutting down and abandoning module GitSourceControl (268)
[2017.08.31-16.11.36:694][209]LogModuleManager: Shutting down and abandoning module SourceControl (267)
[2017.08.31-16.11.36:694][209]LogModuleManager: Shutting down and abandoning module LightPropagationVolumeEditor (264)
[2017.08.31-16.11.36:694][209]LogModuleManager: Shutting down and abandoning module PaperTiledImporter (262)
[2017.08.31-16.11.36:694][209]LogModuleManager: Shutting down and abandoning module PaperSpriteSheetImporter (260)
[2017.08.31-16.11.36:694][209]LogModuleManager: Shutting down and abandoning module Paper2DEditor (258)
[2017.08.31-16.11.36:694][209]LogModuleManager: Shutting down and abandoning module MeshPaint (257)
[2017.08.31-16.11.36:694][209]LogModuleManager: Shutting down and abandoning module LevelEditor (255)
[2017.08.31-16.11.36:696][209]LogModuleManager: Shutting down and abandoning module PixelInspectorModule (254)
[2017.08.31-16.11.36:696][209]LogModuleManager: Shutting down and abandoning module MainFrame (252)
[2017.08.31-16.11.36:697][209]LogModuleManager: Shutting down and abandoning module HotReload (251)
[2017.08.31-16.11.36:698][209]LogModuleManager: Shutting down and abandoning module PhysXVehiclesEditor (246)
[2017.08.31-16.11.36:698][209]LogModuleManager: Shutting down and abandoning module PhysXVehicles (244)
[2017.08.31-16.11.36:698][209]LogModuleManager: Shutting down and abandoning module LocationServicesBPLibrary (242)
[2017.08.31-16.11.36:698][209]LogModuleManager: Shutting down and abandoning module ImmediatePhysicsEditor (240)
[2017.08.31-16.11.36:698][209]LogModuleManager: Shutting down and abandoning module ImmediatePhysics (238)
[2017.08.31-16.11.36:698][209]LogModuleManager: Shutting down and abandoning module UdpMessaging (236)
[2017.08.31-16.11.36:799][209]LogModuleManager: Shutting down and abandoning module TcpMessaging (234)
[2017.08.31-16.11.36:899][209]LogModuleManager: Shutting down and abandoning module GameplayTagsEditor (232)
[2017.08.31-16.11.36:899][209]LogModuleManager: Shutting down and abandoning module FacialAnimationEditor (230)
[2017.08.31-16.11.36:899][209]LogModuleManager: Shutting down and abandoning module FacialAnimation (228)
[2017.08.31-16.11.36:899][209]LogModuleManager: Shutting down and abandoning module AssetManagerEditor (226)
[2017.08.31-16.11.36:900][209]LogModuleManager: Shutting down and abandoning module GraphEditor (225)
[2017.08.31-16.11.36:900][209]LogModuleManager: Shutting down and abandoning module ContentBrowser (223)
[2017.08.31-16.11.36:901][209]LogModuleManager: Shutting down and abandoning module LightPropagationVolumeRuntime (220)
[2017.08.31-16.11.36:901][209]LogModuleManager: Shutting down and abandoning module Paper2D (218)
[2017.08.31-16.11.36:901][209]LogModuleManager: Shutting down and abandoning module WindowsMoviePlayer (216)
[2017.08.31-16.11.36:901][209]LogModuleManager: Shutting down and abandoning module WmfMedia (214)
[2017.08.31-16.11.36:901][209]LogModuleManager: Shutting down and abandoning module ClothingSystemEditor (212)
[2017.08.31-16.11.36:901][209]LogModuleManager: Shutting down and abandoning module ClothingSystemRuntime (210)
[2017.08.31-16.11.36:902][209]LogModuleManager: Shutting down and abandoning module MediaAssets (208)
[2017.08.31-16.11.36:902][209]LogModuleManager: Shutting down and abandoning module GameLiveStreaming (206)
[2017.08.31-16.11.36:902][209]LogModuleManager: Shutting down and abandoning module VREditor (204)
[2017.08.31-16.11.36:902][209]LogModuleManager: Shutting down and abandoning module StringTableEditor (202)
[2017.08.31-16.11.36:902][209]LogModuleManager: Shutting down and abandoning module GameplayTasksEditor (200)
[2017.08.31-16.11.36:902][209]LogModuleManager: Shutting down and abandoning module BehaviorTreeEditor (198)
[2017.08.31-16.11.36:902][209]LogModuleManager: Shutting down and abandoning module FunctionalTesting (196)
[2017.08.31-16.11.36:902][209]LogModuleManager: Shutting down and abandoning module CollisionAnalyzer (194)
[2017.08.31-16.11.36:903][209]LogModuleManager: Shutting down and abandoning module UMG (192)
[2017.08.31-16.11.36:903][209]LogModuleManager: Shutting down and abandoning module UMGEditor (191)
[2017.08.31-16.11.36:903][209]LogModuleManager: Shutting down and abandoning module Sequencer (190)
[2017.08.31-16.11.36:903][209]LogModuleManager: Shutting down and abandoning module AssetTools (188)
[2017.08.31-16.11.36:904][209]LogModuleManager: Shutting down and abandoning module MessageLog (187)
[2017.08.31-16.11.36:904][209]LogModuleManager: Shutting down and abandoning module WorkspaceMenuStructure (186)
[2017.08.31-16.11.36:904][209]LogModuleManager: Shutting down and abandoning module SlateReflector (180)
[2017.08.31-16.11.36:905][209]LogModuleManager: Shutting down and abandoning module Slate (178)
[2017.08.31-16.11.36:905][209]LogModuleManager: Shutting down and abandoning module EditorStyle (176)
[2017.08.31-16.11.36:908][209]LogModuleManager: Shutting down and abandoning module SourceCodeAccess (174)
[2017.08.31-16.11.36:908][209]LogModuleManager: Shutting down and abandoning module HeadMountedDisplay (172)
[2017.08.31-16.11.36:908][209]LogModuleManager: Shutting down and abandoning module XAudio2 (170)
[2017.08.31-16.11.36:908][209]LogModuleManager: Shutting down and abandoning module Networking (168)
[2017.08.31-16.11.36:908][209]LogModuleManager: Shutting down and abandoning module Core (164)
[2017.08.31-16.11.36:908][209]LogModuleManager: Shutting down and abandoning module AssetRegistry (162)
[2017.08.31-16.11.37:090][209]LogDirectoryWatcher: A directory notification for '../../../Engine/Content/' was aborted.
[2017.08.31-16.11.37:090][209]LogDirectoryWatcher: A directory notification for '../../../../../../Unreal/FOTWO/source/FOTWO02/Content/' was aborted.
[2017.08.31-16.11.37:090][209]LogDirectoryWatcher: A directory notification for '../../../Engine/Plugins/2D/Paper2D/Content/' was aborted.
[2017.08.31-16.11.37:090][209]LogDirectoryWatcher: A directory notification for '../../../Engine/Plugins/Runtime/GearVR/Content/' was aborted.
[2017.08.31-16.11.37:092][209]LogModuleManager: Shutting down and abandoning module DirectoryWatcher (161)
[2017.08.31-16.11.37:093][209]LogModuleManager: Shutting down and abandoning module KismetCompiler (158)
[2017.08.31-16.11.37:093][209]LogModuleManager: Shutting down and abandoning module LevelSequence (156)
[2017.08.31-16.11.37:093][209]LogModuleManager: Shutting down and abandoning module PhysXFormats (154)
[2017.08.31-16.11.37:093][209]LogModuleManager: Shutting down and abandoning module MeshUtilities (152)
[2017.08.31-16.11.37:093][209]LogModuleManager: Shutting down and abandoning module SimplygonSwarm (151)
[2017.08.31-16.11.37:093][209]LogModuleManager: Shutting down and abandoning module SimplygonMeshReduction (149)
[2017.08.31-16.11.37:093][209]LogModuleManager: Shutting down and abandoning module QuadricMeshReduction (147)
[2017.08.31-16.11.37:093][209]LogModuleManager: Shutting down and abandoning module DerivedDataCache (144)
[2017.08.31-16.11.37:156][209]LogDerivedDataCache: Shutdown
[2017.08.31-16.11.37:156][209]LogModuleManager: Shutting down and abandoning module TargetPlatform (142)
[2017.08.31-16.11.37:156][209]LogModuleManager: Shutting down and abandoning module VulkanShaderFormat (141)
[2017.08.31-16.11.37:156][209]LogModuleManager: Shutting down and abandoning module ShaderFormatVectorVM (139)
[2017.08.31-16.11.37:158][209]LogModuleManager: Shutting down and abandoning module ShaderFormatOpenGL (137)
[2017.08.31-16.11.37:159][209]LogModuleManager: Shutting down and abandoning module ShaderFormatD3D (135)
[2017.08.31-16.11.37:159][209]LogModuleManager: Shutting down and abandoning module MetalShaderFormat (133)
[2017.08.31-16.11.37:160][209]LogModuleManager: Shutting down and abandoning module TextureFormatUncompressed (131)
[2017.08.31-16.11.37:160][209]LogModuleManager: Shutting down and abandoning module TextureFormatPVR (129)
[2017.08.31-16.11.37:160][209]LogModuleManager: Shutting down and abandoning module TextureFormatDXT (127)
[2017.08.31-16.11.37:160][209]LogModuleManager: Shutting down and abandoning module TextureFormatIntelISPCTexComp (125)
[2017.08.31-16.11.37:160][209]LogModuleManager: Shutting down and abandoning module TextureFormatASTC (123)
[2017.08.31-16.11.37:160][209]LogModuleManager: Shutting down and abandoning module ImageWrapper (122)
[2017.08.31-16.11.37:160][209]LogModuleManager: Shutting down and abandoning module TextureFormatAndroid (119)
[2017.08.31-16.11.37:160][209]LogModuleManager: Shutting down and abandoning module AudioFormatOpus (117)
[2017.08.31-16.11.37:160][209]LogModuleManager: Shutting down and abandoning module AudioFormatOgg (115)
[2017.08.31-16.11.37:160][209]LogModuleManager: Shutting down and abandoning module AudioFormatADPCM (113)
[2017.08.31-16.11.37:160][209]LogModuleManager: Shutting down and abandoning module LinuxTargetPlatform (111)
[2017.08.31-16.11.37:160][209]LogModuleManager: Shutting down and abandoning module LinuxServerTargetPlatform (109)
[2017.08.31-16.11.37:160][209]LogModuleManager: Shutting down and abandoning module LinuxNoEditorTargetPlatform (107)
[2017.08.31-16.11.37:160][209]LogModuleManager: Shutting down and abandoning module LinuxClientTargetPlatform (105)
[2017.08.31-16.11.37:160][209]LogModuleManager: Shutting down and abandoning module TVOSTargetPlatform (103)
[2017.08.31-16.11.37:160][209]LogModuleManager: Shutting down and abandoning module Messaging (101)
[2017.08.31-16.11.37:160][209]LogModuleManager: Shutting down and abandoning module IOSTargetPlatform (99)
[2017.08.31-16.11.37:160][209]LogModuleManager: Shutting down and abandoning module HTML5TargetPlatform (97)
[2017.08.31-16.11.37:160][209]LogModuleManager: Shutting down and abandoning module Android_PVRTCTargetPlatform (95)
[2017.08.31-16.11.37:160][209]LogModuleManager: Shutting down and abandoning module Android_MultiTargetPlatform (93)
[2017.08.31-16.11.37:160][209]LogModuleManager: Shutting down and abandoning module Android_ETC2TargetPlatform (91)
[2017.08.31-16.11.37:160][209]LogModuleManager: Shutting down and abandoning module Android_ETC1TargetPlatform (89)
[2017.08.31-16.11.37:160][209]LogModuleManager: Shutting down and abandoning module Android_DXTTargetPlatform (87)
[2017.08.31-16.11.37:160][209]LogModuleManager: Shutting down and abandoning module Android_ATCTargetPlatform (85)
[2017.08.31-16.11.37:160][209]LogModuleManager: Shutting down and abandoning module Android_ASTCTargetPlatform (83)
[2017.08.31-16.11.37:160][209]LogModuleManager: Shutting down and abandoning module AndroidTargetPlatform (81)
[2017.08.31-16.11.37:160][209]LogModuleManager: Shutting down and abandoning module WindowsTargetPlatform (79)
[2017.08.31-16.11.37:160][209]LogModuleManager: Shutting down and abandoning module WindowsServerTargetPlatform (77)
[2017.08.31-16.11.37:160][209]LogModuleManager: Shutting down and abandoning module WindowsNoEditorTargetPlatform (75)
[2017.08.31-16.11.37:160][209]LogModuleManager: Shutting down and abandoning module WindowsClientTargetPlatform (73)
[2017.08.31-16.11.37:160][209]LogModuleManager: Shutting down and abandoning module MacTargetPlatform (71)
[2017.08.31-16.11.37:160][209]LogModuleManager: Shutting down and abandoning module MacServerTargetPlatform (69)
[2017.08.31-16.11.37:160][209]LogModuleManager: Shutting down and abandoning module MacNoEditorTargetPlatform (67)
[2017.08.31-16.11.37:160][209]LogModuleManager: Shutting down and abandoning module MacClientTargetPlatform (65)
[2017.08.31-16.11.37:160][209]LogModuleManager: Shutting down and abandoning module AllDesktopTargetPlatform (63)
[2017.08.31-16.11.37:160][209]LogModuleManager: Shutting down and abandoning module InputCore (60)
[2017.08.31-16.11.37:160][209]LogModuleManager: Shutting down and abandoning module Settings (58)
[2017.08.31-16.11.37:161][209]LogModuleManager: Shutting down and abandoning module OculusRift (56)
[2017.08.31-16.11.37:161][209]LogModuleManager: Shutting down and abandoning module GearVRController (54)
[2017.08.31-16.11.37:161][209]LogModuleManager: Shutting down and abandoning module GearVR (52)
[2017.08.31-16.11.37:161][209]LogModuleManager: Shutting down and abandoning module ExampleDeviceProfileSelector (50)
[2017.08.31-16.11.37:161][209]LogModuleManager: Shutting down and abandoning module OnlineBlueprintSupport (48)
[2017.08.31-16.11.37:161][209]LogModuleManager: Shutting down and abandoning module OnlineSubsystem (44)
[2017.08.31-16.11.37:161][209]LogOnline:Display: Unloading online subsystem: NULL
[2017.08.31-16.11.37:161][209]LogModuleManager: Shutting down and abandoning module XMPP (43)
[2017.08.31-16.11.37:162][209]LogModuleManager: Shutting down and abandoning module HTTP (41)
[2017.08.31-16.11.37:162][209]LogHttp:Display: Http module shutting down, but needs to wait on 1 outstanding Http requests:
[2017.08.31-16.11.37:162][209]LogHttp:Display: 	verb=[POST] url=[https://datarouter.ol.epicgames.com/datarouter/api/v1/public/data?SessionID=%7B727EB67F-4AA8-839D-A4B1-7EA008D8C6CC%7D&AppID=UEEditor.Rocket.Release&AppVersion=4.16.3-3561208%2B%2B%2BUE4%2BRelease-4.16&UserID=f07af55e4db0c636e0c073a1312074d9%7Caa7a108f70184e1b92fdd786c25cd9b8%7Caeab9882-b6f4-4a22-991a-718da4fba234&AppEnvironment=datacollector-binary&UploadType=eteventstream] status=Processing
[2017.08.31-16.11.37:191][209]LogModuleManager: Shutting down and abandoning module SSL (40)
[2017.08.31-16.11.37:194][209]LogModuleManager: Shutting down and abandoning module HTTPChunkInstaller (36)
[2017.08.31-16.11.37:194][209]LogModuleManager: Shutting down and abandoning module AnimationModifiers (34)
[2017.08.31-16.11.37:195][209]LogModuleManager: Shutting down and abandoning module PropertyEditor (33)
[2017.08.31-16.11.37:195][209]LogModuleManager: Shutting down and abandoning module AudioEditor (30)
[2017.08.31-16.11.37:195][209]LogModuleManager: Shutting down and abandoning module TextureCompressor (28)
[2017.08.31-16.11.37:196][209]LogModuleManager: Shutting down and abandoning module ShaderCore (26)
[2017.08.31-16.11.37:196][209]LogModuleManager: Shutting down and abandoning module Landscape (24)
[2017.08.31-16.11.37:196][209]LogModuleManager: Shutting down and abandoning module SlateRHIRenderer (22)
[2017.08.31-16.11.37:198][209]LogModuleManager: Shutting down and abandoning module OpenGLDrv (20)
[2017.08.31-16.11.37:200][209]LogModuleManager: Shutting down and abandoning module D3D11RHI (18)
[2017.08.31-16.11.37:200][209]LogModuleManager: Shutting down and abandoning module AnimGraphRuntime (16)
[2017.08.31-16.11.37:200][209]LogModuleManager: Shutting down and abandoning module Renderer (14)
[2017.08.31-16.11.37:200][209]LogModuleManager: Shutting down and abandoning module Engine (12)
[2017.08.31-16.11.37:200][209]LogModuleManager: Shutting down and abandoning module CoreUObject (10)
[2017.08.31-16.11.37:200][209]LogModuleManager: Shutting down and abandoning module NetworkFile (8)
[2017.08.31-16.11.37:200][209]LogModuleManager: Shutting down and abandoning module StreamingFile (6)
[2017.08.31-16.11.37:200][209]LogModuleManager: Shutting down and abandoning module SandboxFile (4)
[2017.08.31-16.11.37:200][209]LogModuleManager: Shutting down and abandoning module PakFile (2)
[2017.08.31-16.11.37:203][209]LogExit: Exiting.
[2017.08.31-16.11.37:232][209]Log file closed, 08/31/17 18:11:37
