Log file open, 08/30/17 12:06:09
LogInit:Display: Running engine for game: FOTWO02
LogPlatformFile: Not using cached read wrapper
LogInit:Display: RandInit(-578581445) SRandInit(-578581444).
LogTaskGraph: Started task graph with 5 named threads and 8 total threads with 1 sets of task threads.
LogStats: Stats thread started at 0.660177
LogInit: Using libcurl 7.47.1
LogInit:  - built for x86_64-pc-win32
LogInit:  - supports SSL with OpenSSL/1.0.2g
LogInit:  - supports HTTP deflate (compression) using libz 1.2.8
LogInit:  - other features:
LogInit:      CURL_VERSION_SSL
LogInit:      CURL_VERSION_LIBZ
LogInit:      CURL_VERSION_IPV6
LogInit:      CURL_VERSION_ASYNCHDNS
LogInit:      CURL_VERSION_LARGEFILE
LogInit:      CURL_VERSION_IDN
LogInit:  CurlRequestOptions (configurable via config and command line):
LogInit:  - bVerifyPeer = false  - Libcurl will NOT verify peer certificate
LogInit:  - bUseHttpProxy = false  - Libcurl will NOT use HTTP proxy
LogInit:  - bDontReuseConnections = false  - Libcurl will reuse connections
LogInit:  - CertBundlePath = nullptr  - Libcurl will use whatever was configured at build time.
LogInit: Build: ++UE4+Release-4.16-CL-3561208
LogInit: Engine Version: 4.16.3-3561208+++UE4+Release-4.16
LogInit: Compatible Engine Version: 4.16.0-3452394+++UE4+Release-4.16
LogInit: Net CL: 3452394
LogDevObjectVersion: Number of dev versions registered: 16
LogDevObjectVersion:   Dev-Blueprints (B0D832E4-1F89-4F0D-ACCF-7EB736FD4AA2): 9
LogDevObjectVersion:   Dev-Build (E1C64328-A22C-4D53-A36C-8E866417BD8C): 0
LogDevObjectVersion:   Dev-Core (375EC13C-06E4-48FB-B500-84F0262A717E): 2
LogDevObjectVersion:   Dev-Editor (E4B068ED-F494-42E9-A231-DA0B2E46BB41): 17
LogDevObjectVersion:   Dev-Framework (CFFC743F-43B0-4480-9391-14DF171D2073): 23
LogDevObjectVersion:   Dev-Mobile (B02B49B5-BB20-44E9-A304-32B752E40360): 0
LogDevObjectVersion:   Dev-Networking (A4E4105C-59A1-49B5-A7C5-40C4547EDFEE): 0
LogDevObjectVersion:   Dev-Online (39C831C9-5AE6-47DC-9A44-9C173E1C8E7C): 0
LogDevObjectVersion:   Dev-Physics (78F01B33-EBEA-4F98-B9B4-84EACCB95AA2): 0
LogDevObjectVersion:   Dev-Platform (6631380F-2D4D-43E0-8009-CF276956A95A): 0
LogDevObjectVersion:   Dev-Rendering (12F88B9F-8875-4AFC-A67C-D90C383ABD29): 15
LogDevObjectVersion:   Dev-Sequencer (7B5AE74C-D270-4C10-A958-57980B212A5A): 4
LogDevObjectVersion:   Dev-VR (D7296918-1DD6-4BDD-9DE2-64A83CC13884): 0
LogDevObjectVersion:   Dev-LoadTimes (C2A15278-BFE7-4AFE-6C17-90FF531DF755): 1
LogDevObjectVersion:   Private-Geometry (6EACA3D4-40EC-4CC1-B786-8BED09428FC5): 1
LogDevObjectVersion:   Dev-AnimPhys (29E575DD-E0A3-4627-9D10-D276232CDCEA): 3
LogInit: Compiled (64-bit): Jul 28 2017 11:49:47
LogInit: Compiled with Visual C++: 19.00.24215.01
LogInit: Build Configuration: Development
LogInit: Branch Name: ++UE4+Release-4.16
LogInit: Command line:  
LogInit: Base directory: C:/Program Files/Epic Games/UE_4.16/Engine/Binaries/Win64/
LogInit: Installed Engine Build: 1
LogInit: Presizing for max 8388607 objects, including 0 objects not considered by GC, pre-allocating 0 bytes for permanent pool.
LogInit: Object subsystem initialized
[2017.08.30-10.06.10:284][  0]LogInit: Selected Device Profile: [Windows]
[2017.08.30-10.06.10:284][  0]LogInit: Applying CVar settings loaded from the selected device profile: [Windows]
[2017.08.30-10.06.10:362][  0]LogInit: Computer: KLAUDE2017ALIEN
[2017.08.30-10.06.10:362][  0]LogInit: User: vonkl
[2017.08.30-10.06.10:362][  0]LogInit: CPU Page size=4096, Cores=4
[2017.08.30-10.06.10:362][  0]LogInit: High frequency timer resolution =2.742188 MHz
[2017.08.30-10.06.10:363][  0]LogMemory: Memory total: Physical=15.9GB (16GB approx)
[2017.08.30-10.06.10:363][  0]LogMemory: Platform Memory Stats for Windows
[2017.08.30-10.06.10:363][  0]LogMemory: Process Physical Memory: 273.00 MB used, 273.00 MB peak
[2017.08.30-10.06.10:363][  0]LogMemory: Process Virtual Memory: 260.86 MB used, 260.86 MB peak
[2017.08.30-10.06.10:363][  0]LogMemory: Physical Memory: 6189.96 MB used,  10067.02 MB free, 16256.98 MB total
[2017.08.30-10.06.10:363][  0]LogMemory: Virtual Memory: 638.49 MB used,  10067.02 MB free, 134217728.00 MB total
[2017.08.30-10.06.10:677][  0]LogInit: Using OS detected language (en-GB).
[2017.08.30-10.06.10:677][  0]LogInit: Using OS detected locale (en-GB).
[2017.08.30-10.06.10:714][  0]LogTextLocalizationManager: No specific localization for 'en-GB' exists, so the 'en' localization will be used.
[2017.08.30-10.06.13:708][  0]LogD3D11RHI: D3D11 adapters:
[2017.08.30-10.06.14:336][  0]LogD3D11RHI:    0. 'NVIDIA GeForce GTX 1060' (Feature Level 11_0)
[2017.08.30-10.06.14:336][  0]LogD3D11RHI:       6084/0/8128 MB DedicatedVideo/DedicatedSystem/SharedSystem, Outputs:2, VendorId:0x10de
[2017.08.30-10.06.14:358][  0]LogD3D11RHI:    1. 'Intel(R) HD Graphics 630' (Feature Level 11_0)
[2017.08.30-10.06.14:358][  0]LogD3D11RHI:       128/0/8128 MB DedicatedVideo/DedicatedSystem/SharedSystem, Outputs:0, VendorId:0x8086
[2017.08.30-10.06.14:359][  0]LogD3D11RHI:    2. 'Microsoft Basic Render Driver' (Feature Level 11_0)
[2017.08.30-10.06.14:359][  0]LogD3D11RHI:       0/0/8128 MB DedicatedVideo/DedicatedSystem/SharedSystem, Outputs:0, VendorId:0x1414
[2017.08.30-10.06.14:359][  0]LogD3D11RHI: Chosen D3D11 Adapter: 0
[2017.08.30-10.06.14:365][  0]LogD3D11RHI: Creating new Direct3DDevice
[2017.08.30-10.06.14:366][  0]LogD3D11RHI:     GPU DeviceId: 0x1c60 (for the marketing name, search the web for "GPU Device Id")
[2017.08.30-10.06.14:366][  0]LogWindows: EnumDisplayDevices:
[2017.08.30-10.06.14:366][  0]LogWindows:    0. 'NVIDIA GeForce GTX 1060' (P:0 D:1)
[2017.08.30-10.06.14:366][  0]LogWindows:    1. 'NVIDIA GeForce GTX 1060' (P:1 D:1)
[2017.08.30-10.06.14:366][  0]LogWindows:    2. 'NVIDIA GeForce GTX 1060' (P:0 D:0)
[2017.08.30-10.06.14:366][  0]LogWindows:    3. 'NVIDIA GeForce GTX 1060' (P:0 D:0)
[2017.08.30-10.06.14:366][  0]LogWindows:    4. 'Intel(R) HD Graphics 630' (P:0 D:0)
[2017.08.30-10.06.14:366][  0]LogWindows:    5. 'Intel(R) HD Graphics 630' (P:0 D:0)
[2017.08.30-10.06.14:367][  0]LogWindows:    6. 'Intel(R) HD Graphics 630' (P:0 D:0)
[2017.08.30-10.06.14:367][  0]LogWindows: DebugString: PrimaryIsNotTheChoosenAdapter PrimaryIsNotTheChoosenAdapter PrimaryIsNotTheChoosenAdapter FoundDriverCount:4 
[2017.08.30-10.06.14:367][  0]LogD3D11RHI:     Adapter Name: NVIDIA GeForce GTX 1060
[2017.08.30-10.06.14:367][  0]LogD3D11RHI:   Driver Version: 382.53 (internal:22.21.13.8253, unified:382.53)
[2017.08.30-10.06.14:367][  0]LogD3D11RHI:      Driver Date: 6-7-2017
[2017.08.30-10.06.14:367][  0]LogRHI: Texture pool is 1361 MB (70% of 1945 MB)
[2017.08.30-10.06.14:959][  0]LogD3D11RHI: Async texture creation enabled
[2017.08.30-10.06.15:011][  0]LogD3D11RHI: GPU Timing Frequency: 1000.000000 (Debug: 2 1)
[2017.08.30-10.06.15:128][  0]LogShaderCompilers: Guid format shader working directory is 1 characters bigger than the processId version (../../../../../../Unreal/FOTWO/source/FOTWO02/Intermediate/Shaders/WorkingDirectory/4480/).
[2017.08.30-10.06.15:128][  0]LogShaderCompilers: Cleaned the shader compiler working directory 'C:/Users/vonkl/AppData/Local/Temp/UnrealShaderWorkingDir/9158F22B417D398E8EF31FA7A9F6E57F/'.
[2017.08.30-10.06.15:129][  0]LogShaderCompilers:Display: Using Local Shader Compiler.
[2017.08.30-10.06.17:196][  0]LogTemp:Display: Loaded TP AllDesktopTargetPlatform
[2017.08.30-10.06.17:242][  0]LogTemp:Display: Loaded TP MacClientTargetPlatform
[2017.08.30-10.06.17:305][  0]LogTemp:Display: Loaded TP MacNoEditorTargetPlatform
[2017.08.30-10.06.17:353][  0]LogTemp:Display: Loaded TP MacServerTargetPlatform
[2017.08.30-10.06.17:412][  0]LogTemp:Display: Loaded TP MacTargetPlatform
[2017.08.30-10.06.17:459][  0]LogTemp:Display: Loaded TP WindowsClientTargetPlatform
[2017.08.30-10.06.17:517][  0]LogTemp:Display: Loaded TP WindowsNoEditorTargetPlatform
[2017.08.30-10.06.17:569][  0]LogTemp:Display: Loaded TP WindowsServerTargetPlatform
[2017.08.30-10.06.17:612][  0]LogTemp:Display: Loaded TP WindowsTargetPlatform
[2017.08.30-10.06.17:664][  0]LogTemp:Display: Loaded TP AndroidTargetPlatform
[2017.08.30-10.06.17:712][  0]LogTemp:Display: Loaded TP Android_ASTCTargetPlatform
[2017.08.30-10.06.17:758][  0]LogTemp:Display: Loaded TP Android_ATCTargetPlatform
[2017.08.30-10.06.17:804][  0]LogTemp:Display: Loaded TP Android_DXTTargetPlatform
[2017.08.30-10.06.17:852][  0]LogTemp:Display: Loaded TP Android_ETC1TargetPlatform
[2017.08.30-10.06.17:904][  0]LogTemp:Display: Loaded TP Android_ETC2TargetPlatform
[2017.08.30-10.06.17:998][  0]LogTemp:Display: Loaded TP Android_MultiTargetPlatform
[2017.08.30-10.06.17:998][  0]LogTemp:Display: Loaded TP Android_PVRTCTargetPlatform
[2017.08.30-10.06.18:040][  0]LogTemp:Display: Loaded TP HTML5TargetPlatform
[2017.08.30-10.06.18:139][  0]LogTemp:Display: Loaded TP IOSTargetPlatform
[2017.08.30-10.06.18:170][  0]LogTemp:Display: Loaded TP TVOSTargetPlatform
[2017.08.30-10.06.18:215][  0]LogTemp:Display: Loaded TP LinuxClientTargetPlatform
[2017.08.30-10.06.18:261][  0]LogTemp:Display: Loaded TP LinuxNoEditorTargetPlatform
[2017.08.30-10.06.18:307][  0]LogTemp:Display: Loaded TP LinuxServerTargetPlatform
[2017.08.30-10.06.18:360][  0]LogTemp:Display: Loaded TP LinuxTargetPlatform
[2017.08.30-10.06.18:360][  0]LogTargetPlatformManager:Display: Building Assets For Windows
[2017.08.30-10.06.18:997][  0]LogDerivedDataCache:Display: Max Cache Size: 512 MB
[2017.08.30-10.06.19:684][  0]LogDerivedDataCache: Loaded boot cache 0.69s 90MB C:/Users/vonkl/AppData/Local/UnrealEngine/4.16/DerivedDataCache/Boot.ddc.
[2017.08.30-10.06.19:684][  0]LogDerivedDataCache:Display: Loaded Boot cache: C:/Users/vonkl/AppData/Local/UnrealEngine/4.16/DerivedDataCache/Boot.ddc
[2017.08.30-10.06.19:684][  0]LogDerivedDataCache: FDerivedDataBackendGraph:  Pak pak cache file ../../../../../../Unreal/FOTWO/source/FOTWO02/DerivedDataCache/DDC.ddp not found, will not use a pak cache.
[2017.08.30-10.06.19:684][  0]LogDerivedDataCache: Unable to find inner node Pak for hierarchical cache Hierarchy.
[2017.08.30-10.06.19:684][  0]LogDerivedDataCache: FDerivedDataBackendGraph:  CompressedPak pak cache file ../../../../../../Unreal/FOTWO/source/FOTWO02/DerivedDataCache/Compressed.ddp not found, will not use a pak cache.
[2017.08.30-10.06.19:684][  0]LogDerivedDataCache: Unable to find inner node CompressedPak for hierarchical cache Hierarchy.
[2017.08.30-10.06.19:711][  0]LogDerivedDataCache:Display: Pak cache opened for reading ../../../Engine/DerivedDataCache/Compressed.ddp.
[2017.08.30-10.06.19:724][  0]LogDerivedDataCache: Using Local data cache path C:/Users/vonkl/AppData/Local/UnrealEngine/Common/DerivedDataCache: Writable
[2017.08.30-10.06.19:759][  0]LogMaterial: Verifying Global Shaders for PCD3D_SM5
[2017.08.30-10.06.19:766][  0]LogSlate: Using Freetype 2.6.0
[2017.08.30-10.06.19:794][  0]LogSlate: SlateFontCache - WITH_FREETYPE: 1, WITH_HARFBUZZ: 1
[2017.08.30-10.06.19:794][  0]LogSlate: SlateFontCache - WITH_FREETYPE: 1, WITH_HARFBUZZ: 1
[2017.08.30-10.06.20:830][  0]LogInit: Selected Device Profile: [Windows]
[2017.08.30-10.06.21:028][  0]LogContentStreaming: Texture pool size is 0.00 MB
[2017.08.30-10.06.21:267][  0]LogMeshUtilities: Using QuadricMeshReduction for automatic static mesh reduction
[2017.08.30-10.06.21:317][  0]LogSimplygon: Simplygon DLL not present - disabling.
[2017.08.30-10.06.21:369][  0]LogMeshUtilities: Using SimplygonSwarm for distributed automatic mesh merging
[2017.08.30-10.06.21:369][  0]LogMeshUtilities: No automatic skeletal mesh reduction module available
[2017.08.30-10.06.21:369][  0]LogMeshUtilities: No automatic mesh merging module available
[2017.08.30-10.06.22:695][  0]LogNetVersion: FOTWO02 , NetCL: 3452394, EngineNetVer: 2, GameNetVer: 0 (Checksum: 2990255715)
[2017.08.30-10.06.22:790][  0]LogAssetRegistry: FAssetRegistry took 0.0290 seconds to start up
[2017.08.30-10.06.22:867][  0]LogPackageLocalizationCache: Processed 4 localized package path(s) for 2 prioritized culture(s) in 0.052023 seconds
[2017.08.30-10.06.22:874][  0]LogUObjectArray: 34194 objects as part of root set at end of initial load.
[2017.08.30-10.06.22:874][  0]LogUObjectAllocator: 7260424 out of 0 bytes used by permanent object pool.
[2017.08.30-10.06.22:874][  0]LogUObjectArray: CloseDisregardForGC: 0/0 objects in disregard for GC pool
[2017.08.30-10.06.22:950][  0]LogInit: WinSock: version 1.1 (2.2), MaxSocks=32767, MaxUdp=65467
[2017.08.30-10.06.28:142][  0]LogTcpMessaging: Initializing TcpMessaging bridge
[2017.08.30-10.06.28:190][  0]LogUdpMessaging: Initializing bridge on interface 0.0.0.0:0 to multicast group 230.0.0.1:6666.
[2017.08.30-10.06.28:962][  0]LogMaterial: Uniform references updated for custom material expression Custom.
[2017.08.30-10.06.29:469][  0]SourceControl: Info Source control is disabled
[2017.08.30-10.06.29:531][  0]SourceControl: Info Source control is disabled
[2017.08.30-10.06.29:584][  0]SourceControl: Info Source control is disabled
[2017.08.30-10.06.29:634][  0]SourceControl: Info Source control is disabled
[2017.08.30-10.06.30:431][  0]LogAndroidPermission: UAndroidPermissionCallbackProxy::GetInstance
[2017.08.30-10.06.31:075][  0]LogEngine: Initializing Engine...
[2017.08.30-10.06.31:077][  0]LogHMD: Failed to initialize OpenVR with code 110
[2017.08.30-10.06.31:432][  0]LogStats: UGameplayTagsManager::ConstructGameplayTagTree: Construct from data asset -  0.000 s
[2017.08.30-10.06.31:432][  0]LogStats: UGameplayTagsManager::ConstructGameplayTagTree: GameplayTagTreeChangedEvent.Broadcast -  0.000 s
[2017.08.30-10.06.31:577][  0]LogAIModule: Creating AISystem for world Untitled
[2017.08.30-10.06.31:597][  0]LogInit: XAudio2 using 'Headset Earphone (3- Microsoft LifeChat LX-3000)' : 2 channels at 48 kHz using 16 bits per sample (channel mask 0x3)
[2017.08.30-10.06.31:609][  0]LogInit: FAudioDevice initialized.
[2017.08.30-10.06.31:649][  0]LogDerivedDataCache: Saved boot cache 0.04s 90MB C:/Users/vonkl/AppData/Local/UnrealEngine/4.16/DerivedDataCache/Boot.ddc.
[2017.08.30-10.06.31:656][  0]LogInit: Texture streaming: Enabled
[2017.08.30-10.06.31:758][  0]LogEngineSessionManager: EngineSessionManager initialized
[2017.08.30-10.06.32:031][  0]LogInit: Transaction tracking system initialized
[2017.08.30-10.06.32:353][  0]BlueprintLog: New page: Editor Load
[2017.08.30-10.06.33:365][  0]LocalizationService: Info Localization service is disabled
[2017.08.30-10.06.34:065][  0]LogConsoleResponse:Display: 
[2017.08.30-10.06.34:439][  0]LogCook:Display: Max memory allowance for cook 16384mb min free memory 0mb
[2017.08.30-10.06.34:439][  0]LogCook:Display: Mobile HDR setting 1
[2017.08.30-10.06.35:000][  0]LogFileCache: Scanning file cache for directory 'C:/Unreal/FOTWO/source/FOTWO02/Content/' took 0.02s
[2017.08.30-10.06.35:649][  0]SourceControl: Info Source control is disabled
[2017.08.30-10.06.35:651][  0]Cmd: MAP LOAD FILE="../../../../../../Unreal/FOTWO/source/FOTWO02/Content/2DSideScrollerBP/Maps/2DSideScrollerExampleMap.umap" TEMPLATE=0 SHOWPROGRESS=1 FEATURELEVEL=3
[2017.08.30-10.06.35:651][  0]LogEditorServer:Warning: Can't find file '../../../../../../Unreal/FOTWO/source/FOTWO02/Content/2DSideScrollerBP/Maps/2DSideScrollerExampleMap.umap'
[2017.08.30-10.06.35:652][  0]Cmd: MAP CHECKDEP NOCLEARLOG
[2017.08.30-10.06.35:717][  0]MapCheck: Info Map check complete: 0 Error(s), 0 Warning(s), took 65.337ms to complete.
[2017.08.30-10.06.35:717][  0]LogFileHelpers: Loading map '2DSideScrollerExampleMap' took 0.067
[2017.08.30-10.06.36:082][  0]LogCollectionManager: Loaded 0 collections in 0.002103 seconds
[2017.08.30-10.06.36:168][  0]LogFileCache: Scanning file cache for directory 'C:/Unreal/FOTWO/source/FOTWO02/Saved/Collections/' took 0.01s
[2017.08.30-10.06.36:168][  0]LogFileCache: Scanning file cache for directory 'C:/Unreal/FOTWO/source/FOTWO02/Content/Developers/vonkl/Collections/' took 0.01s
[2017.08.30-10.06.36:168][  0]LogFileCache: Scanning file cache for directory 'C:/Unreal/FOTWO/source/FOTWO02/Content/Collections/' took 0.00s
[2017.08.30-10.06.36:168][  0]LogCollectionManager: Rebuilt the GUID cache for 0 collections in 0.000001 seconds
[2017.08.30-10.06.36:178][  0]LogContentBrowser: Native class hierarchy populated in 0.0084 seconds. Added 2329 classes and 491 folders.
[2017.08.30-10.06.36:245][  0]LogContentBrowser: Native class hierarchy updated for 'WidgetCarousel' in 0.0004 seconds. Added 0 classes and 0 folders.
[2017.08.30-10.06.36:635][  0]LogContentBrowser: Native class hierarchy updated for 'AddContentDialog' in 0.0005 seconds. Added 0 classes and 0 folders.
[2017.08.30-10.06.36:701][  0]LogContentBrowser: Native class hierarchy updated for 'SceneOutliner' in 0.0007 seconds. Added 1 classes and 2 folders.
[2017.08.30-10.06.36:884][  0]LogCrashTracker: Crashtracker disabled due to settings.
[2017.08.30-10.06.36:907][  0]LogSlate: Took 0.008069 seconds to synchronously load lazily loaded font '../../../Engine/Content/Slate/Fonts/Roboto-Regular.ttf' (155K)
[2017.08.30-10.06.36:914][  0]LogSlate: Took 0.004922 seconds to synchronously load lazily loaded font '../../../Engine/Content/Slate/Fonts/Roboto-Bold.ttf' (160K)
[2017.08.30-10.06.36:926][  0]LogSlate: Took 0.005103 seconds to synchronously load lazily loaded font '../../../Engine/Content/Editor/Slate/Fonts/FontAwesome.ttf' (139K)
[2017.08.30-10.06.37:087][  0]LogRenderer: Reallocating scene render targets to support 1648x932 NumSamples 1 (Frame:1).
[2017.08.30-10.06.37:213][  0]LogUObjectGlobals:Warning: Failed to find object 'Class None.'
[2017.08.30-10.06.37:281][  0]LogContentBrowser: Native class hierarchy updated for 'HierarchicalLODOutliner' in 0.0006 seconds. Added 1 classes and 2 folders.
[2017.08.30-10.06.37:282][  0]LogLoad: (Engine Initialization) Total time: 30.23 seconds
[2017.08.30-10.06.37:282][  0]LogLoad: (Engine Initialization) Total Blueprint compile time: 0.08 seconds
[2017.08.30-10.06.37:282][  0]LogExternalProfiler: Found external profiler: VSPerf
[2017.08.30-10.06.37:282][  0]LogExternalProfiler: Using external profiler: VSPerf
[2017.08.30-10.06.37:302][  0]LogOcInput: OculusInput pre-init called
[2017.08.30-10.06.37:302][  0]LogHMD: Starting GearVRController plugin
[2017.08.30-10.06.37:333][  0]LogContentStreaming: Texture pool size now 1000 MB
[2017.08.30-10.06.37:361][  1]LogFileCache: Retrieving MD5 hashes for directory 'C:/Unreal/FOTWO/source/FOTWO02/Content/' took 0.05s
[2017.08.30-10.06.37:410][  2]LogAssetRegistry: Asset discovery search completed in 14.6408 seconds
[2017.08.30-10.06.37:412][  2]LogCollectionManager: Rebuilt the object cache for 0 collections in 0.000000 seconds (found 0 objects)
[2017.08.30-10.06.37:412][  2]LogCollectionManager: Fixed up redirectors for 0 collections in 0.000029 seconds (updated 0 objects)
[2017.08.30-10.06.38:346][ 55]LogSlate: Took 0.007172 seconds to synchronously load lazily loaded font '../../../Engine/Content/Slate/Fonts/Roboto-Light.ttf' (159K)
[2017.08.30-10.06.46:449][293]LogSlate: Took 0.000108 seconds to synchronously load lazily loaded font '../../../Engine/Content/Slate/Fonts/Roboto-Light.ttf' (159K)
[2017.08.30-10.06.47:693][293]LogSlate: Took 0.000326 seconds to synchronously load lazily loaded font '../../../Engine/Content/Slate/Fonts/Roboto-Regular.ttf' (155K)
[2017.08.30-10.06.48:206][293]LogAIModule: Creating AISystem for world FOTWO01
[2017.08.30-10.06.48:257][293]Cmd: MAP LOAD FILE="../../../../../../Unreal/FOTWO/source/FOTWO02/Content/2DSideScrollerBP/Maps/FOTWO01.umap" TEMPLATE=0 SHOWPROGRESS=1 FEATURELEVEL=3
[2017.08.30-10.06.48:257][293]LightingResults: New page: Lighting Build
[2017.08.30-10.06.48:297][293]LogContentBrowser: Native class hierarchy updated for 'StatsViewer' in 0.0005 seconds. Added 5 classes and 0 folders.
[2017.08.30-10.06.48:298][293]LoadErrors: New page: Loading map: FOTWO01.umap
[2017.08.30-10.06.48:299][293]MapCheck: New page: Map Check
[2017.08.30-10.06.48:300][293]LightingResults: New page: Lighting Build
[2017.08.30-10.06.48:383][293]LogEditorServer: Finished looking for orphan Actors (0.000 secs)
[2017.08.30-10.06.48:420][293]Cmd: MAP CHECKDEP NOCLEARLOG
[2017.08.30-10.06.48:465][293]MapCheck: Info Map check complete: 0 Error(s), 0 Warning(s), took 44.655ms to complete.
[2017.08.30-10.06.48:465][293]LogFileHelpers: Loading map 'FOTWO01' took 0.209
[2017.08.30-10.07.00:368][  0]LogTemp: Repeting last play command: Selected Viewport
[2017.08.30-10.07.00:431][  0]LogBlueprintUserMessages: Early PlayInEditor Detection: Level '/Game/2DSideScrollerBP/Maps/FOTWO01.FOTWO01:PersistentLevel' has LevelScriptBlueprint '/Game/2DSideScrollerBP/Maps/FOTWO01.FOTWO01:PersistentLevel.FOTWO01' with GeneratedClass '/Game/2DSideScrollerBP/Maps/FOTWO01.FOTWO01_C' with ClassGeneratedBy '/Game/2DSideScrollerBP/Maps/FOTWO01.FOTWO01:PersistentLevel.FOTWO01'
[2017.08.30-10.07.00:431][  0]LogPlayLevel: PlayLevel: No blueprints needed recompiling
[2017.08.30-10.07.00:432][  0]PIE: New page: PIE session: FOTWO01 (30 Aug 2017 14:07:00)
[2017.08.30-10.07.00:432][  0]LogPlayLevel: Creating play world package: /Game/2DSideScrollerBP/Maps/UEDPIE_0_FOTWO01
[2017.08.30-10.07.00:435][  0]LogPlayLevel: PIE: StaticDuplicateObject took: (0.002724s)
[2017.08.30-10.07.00:435][  0]LogAIModule: Creating AISystem for world FOTWO01
[2017.08.30-10.07.00:435][  0]LogPlayLevel: PIE: World Init took: (0.000611s)
[2017.08.30-10.07.00:436][  0]LogPlayLevel: PIE: Created PIE world by copying editor world from /Game/2DSideScrollerBP/Maps/FOTWO01.FOTWO01 to /Game/2DSideScrollerBP/Maps/UEDPIE_0_FOTWO01.FOTWO01 (0.003508s)
[2017.08.30-10.07.00:449][  0]LogInit: XAudio2 using 'Headset Earphone (3- Microsoft LifeChat LX-3000)' : 2 channels at 48 kHz using 16 bits per sample (channel mask 0x3)
[2017.08.30-10.07.00:455][  0]LogInit: FAudioDevice initialized.
[2017.08.30-10.07.00:502][  0]LogLoad: Game class is 'FOTWOGameMode_C'
[2017.08.30-10.07.00:509][  0]LogWorld: Bringing World /Game/2DSideScrollerBP/Maps/UEDPIE_0_FOTWO01.FOTWO01 up for play (max tick rate 60) at 2017.08.30-12.07.00
[2017.08.30-10.07.00:510][  0]LogWorld: Bringing up level for play took: 0.002238
[2017.08.30-10.07.00:580][  0]LogContentBrowser: Native class hierarchy updated for 'MovieSceneCapture' in 0.0007 seconds. Added 11 classes and 0 folders.
[2017.08.30-10.07.00:597][  0]PIE: Info Play in editor start time for /Game/2DSideScrollerBP/Maps/UEDPIE_0_FOTWO01 0.763
[2017.08.30-10.07.00:597][  0]LogBlueprintUserMessages: Late PlayInEditor Detection: Level '/Game/2DSideScrollerBP/Maps/FOTWO01.FOTWO01:PersistentLevel' has LevelScriptBlueprint '/Game/2DSideScrollerBP/Maps/FOTWO01.FOTWO01:PersistentLevel.FOTWO01' with GeneratedClass '/Game/2DSideScrollerBP/Maps/FOTWO01.FOTWO01_C' with ClassGeneratedBy '/Game/2DSideScrollerBP/Maps/FOTWO01.FOTWO01:PersistentLevel.FOTWO01'
[2017.08.30-10.07.02:808][130]LogBlueprintUserMessages: Early EndPlayMap Detection: Level '/Game/2DSideScrollerBP/Maps/FOTWO01.FOTWO01:PersistentLevel' has LevelScriptBlueprint '/Game/2DSideScrollerBP/Maps/FOTWO01.FOTWO01:PersistentLevel.FOTWO01' with GeneratedClass '/Game/2DSideScrollerBP/Maps/FOTWO01.FOTWO01_C' with ClassGeneratedBy '/Game/2DSideScrollerBP/Maps/FOTWO01.FOTWO01:PersistentLevel.FOTWO01'
[2017.08.30-10.07.02:850][130]LogBlueprintUserMessages: Late EndPlayMap Detection: Level '/Game/2DSideScrollerBP/Maps/FOTWO01.FOTWO01:PersistentLevel' has LevelScriptBlueprint '/Game/2DSideScrollerBP/Maps/FOTWO01.FOTWO01:PersistentLevel.FOTWO01' with GeneratedClass '/Game/2DSideScrollerBP/Maps/FOTWO01.FOTWO01_C' with ClassGeneratedBy '/Game/2DSideScrollerBP/Maps/FOTWO01.FOTWO01:PersistentLevel.FOTWO01'
[2017.08.30-10.07.04:576][229]LogRenderer: Reallocating scene render targets to support 2020x932 NumSamples 1 (Frame:9).
[2017.08.30-10.07.07:463][399]LogRenderer: Reallocating scene render targets to support 2020x1284 NumSamples 1 (Frame:12).
[2017.08.30-10.07.13:538][759]LogRenderer: Reallocating scene render targets to support 2556x1284 NumSamples 1 (Frame:15).
[2017.08.30-10.07.15:315][863]LogTemp: Repeting last play command: Selected Viewport
[2017.08.30-10.07.15:335][863]LogBlueprintUserMessages: Early PlayInEditor Detection: Level '/Game/2DSideScrollerBP/Maps/FOTWO01.FOTWO01:PersistentLevel' has LevelScriptBlueprint '/Game/2DSideScrollerBP/Maps/FOTWO01.FOTWO01:PersistentLevel.FOTWO01' with GeneratedClass '/Game/2DSideScrollerBP/Maps/FOTWO01.FOTWO01_C' with ClassGeneratedBy '/Game/2DSideScrollerBP/Maps/FOTWO01.FOTWO01:PersistentLevel.FOTWO01'
[2017.08.30-10.07.15:335][863]LogPlayLevel: PlayLevel: No blueprints needed recompiling
[2017.08.30-10.07.15:335][863]PIE: New page: PIE session: FOTWO01 (30 Aug 2017 14:07:15)
[2017.08.30-10.07.15:335][863]LogPlayLevel: Creating play world package: /Game/2DSideScrollerBP/Maps/UEDPIE_0_FOTWO01
[2017.08.30-10.07.15:337][863]LogPlayLevel: PIE: StaticDuplicateObject took: (0.001634s)
[2017.08.30-10.07.15:337][863]LogAIModule: Creating AISystem for world FOTWO01
[2017.08.30-10.07.15:337][863]LogPlayLevel: PIE: World Init took: (0.000498s)
[2017.08.30-10.07.15:337][863]LogPlayLevel: PIE: Created PIE world by copying editor world from /Game/2DSideScrollerBP/Maps/FOTWO01.FOTWO01 to /Game/2DSideScrollerBP/Maps/UEDPIE_0_FOTWO01.FOTWO01 (0.002270s)
[2017.08.30-10.07.15:352][863]LogInit: XAudio2 using 'Headset Earphone (3- Microsoft LifeChat LX-3000)' : 2 channels at 48 kHz using 16 bits per sample (channel mask 0x3)
[2017.08.30-10.07.15:357][863]LogInit: FAudioDevice initialized.
[2017.08.30-10.07.15:386][863]LogLoad: Game class is 'FOTWOGameMode_C'
[2017.08.30-10.07.15:388][863]LogWorld: Bringing World /Game/2DSideScrollerBP/Maps/UEDPIE_0_FOTWO01.FOTWO01 up for play (max tick rate 60) at 2017.08.30-12.07.15
[2017.08.30-10.07.15:388][863]LogWorld: Bringing up level for play took: 0.001059
[2017.08.30-10.07.15:400][863]PIE: Info Play in editor start time for /Game/2DSideScrollerBP/Maps/UEDPIE_0_FOTWO01 -0.433
[2017.08.30-10.07.15:400][863]LogBlueprintUserMessages: Late PlayInEditor Detection: Level '/Game/2DSideScrollerBP/Maps/FOTWO01.FOTWO01:PersistentLevel' has LevelScriptBlueprint '/Game/2DSideScrollerBP/Maps/FOTWO01.FOTWO01:PersistentLevel.FOTWO01' with GeneratedClass '/Game/2DSideScrollerBP/Maps/FOTWO01.FOTWO01_C' with ClassGeneratedBy '/Game/2DSideScrollerBP/Maps/FOTWO01.FOTWO01:PersistentLevel.FOTWO01'
[2017.08.30-10.07.19:234][ 92]LogBlueprintUserMessages: Early EndPlayMap Detection: Level '/Game/2DSideScrollerBP/Maps/FOTWO01.FOTWO01:PersistentLevel' has LevelScriptBlueprint '/Game/2DSideScrollerBP/Maps/FOTWO01.FOTWO01:PersistentLevel.FOTWO01' with GeneratedClass '/Game/2DSideScrollerBP/Maps/FOTWO01.FOTWO01_C' with ClassGeneratedBy '/Game/2DSideScrollerBP/Maps/FOTWO01.FOTWO01:PersistentLevel.FOTWO01'
[2017.08.30-10.07.19:268][ 92]LogBlueprintUserMessages: Late EndPlayMap Detection: Level '/Game/2DSideScrollerBP/Maps/FOTWO01.FOTWO01:PersistentLevel' has LevelScriptBlueprint '/Game/2DSideScrollerBP/Maps/FOTWO01.FOTWO01:PersistentLevel.FOTWO01' with GeneratedClass '/Game/2DSideScrollerBP/Maps/FOTWO01.FOTWO01_C' with ClassGeneratedBy '/Game/2DSideScrollerBP/Maps/FOTWO01.FOTWO01:PersistentLevel.FOTWO01'
[2017.08.30-10.07.20:551][166]LogTemp: Repeting last play command: Selected Viewport
[2017.08.30-10.07.20:569][166]LogBlueprintUserMessages: Early PlayInEditor Detection: Level '/Game/2DSideScrollerBP/Maps/FOTWO01.FOTWO01:PersistentLevel' has LevelScriptBlueprint '/Game/2DSideScrollerBP/Maps/FOTWO01.FOTWO01:PersistentLevel.FOTWO01' with GeneratedClass '/Game/2DSideScrollerBP/Maps/FOTWO01.FOTWO01_C' with ClassGeneratedBy '/Game/2DSideScrollerBP/Maps/FOTWO01.FOTWO01:PersistentLevel.FOTWO01'
[2017.08.30-10.07.20:569][166]LogPlayLevel: PlayLevel: No blueprints needed recompiling
[2017.08.30-10.07.20:569][166]PIE: New page: PIE session: FOTWO01 (30 Aug 2017 14:07:20)
[2017.08.30-10.07.20:569][166]LogPlayLevel: Creating play world package: /Game/2DSideScrollerBP/Maps/UEDPIE_0_FOTWO01
[2017.08.30-10.07.20:570][166]LogPlayLevel: PIE: StaticDuplicateObject took: (0.001434s)
[2017.08.30-10.07.20:571][166]LogAIModule: Creating AISystem for world FOTWO01
[2017.08.30-10.07.20:571][166]LogPlayLevel: PIE: World Init took: (0.000569s)
[2017.08.30-10.07.20:571][166]LogPlayLevel: PIE: Created PIE world by copying editor world from /Game/2DSideScrollerBP/Maps/FOTWO01.FOTWO01 to /Game/2DSideScrollerBP/Maps/UEDPIE_0_FOTWO01.FOTWO01 (0.002140s)
[2017.08.30-10.07.20:584][166]LogInit: XAudio2 using 'Headset Earphone (3- Microsoft LifeChat LX-3000)' : 2 channels at 48 kHz using 16 bits per sample (channel mask 0x3)
[2017.08.30-10.07.20:590][166]LogInit: FAudioDevice initialized.
[2017.08.30-10.07.20:621][166]LogLoad: Game class is 'FOTWOGameMode_C'
[2017.08.30-10.07.20:623][166]LogWorld: Bringing World /Game/2DSideScrollerBP/Maps/UEDPIE_0_FOTWO01.FOTWO01 up for play (max tick rate 60) at 2017.08.30-12.07.20
[2017.08.30-10.07.20:624][166]LogWorld: Bringing up level for play took: 0.000939
[2017.08.30-10.07.20:639][166]PIE: Info Play in editor start time for /Game/2DSideScrollerBP/Maps/UEDPIE_0_FOTWO01 0.805
[2017.08.30-10.07.20:639][166]LogBlueprintUserMessages: Late PlayInEditor Detection: Level '/Game/2DSideScrollerBP/Maps/FOTWO01.FOTWO01:PersistentLevel' has LevelScriptBlueprint '/Game/2DSideScrollerBP/Maps/FOTWO01.FOTWO01:PersistentLevel.FOTWO01' with GeneratedClass '/Game/2DSideScrollerBP/Maps/FOTWO01.FOTWO01_C' with ClassGeneratedBy '/Game/2DSideScrollerBP/Maps/FOTWO01.FOTWO01:PersistentLevel.FOTWO01'
[2017.08.30-10.44.24:154][301]LogD3D11RHI:Error: Direct3DDevice->CreateTexture2D(TextureDesc,SubResourceData,OutTexture2D) failed 
 at D:\Build\++UE4+Release-4.16+Compile\Sync\Engine\Source\Runtime\Windows\D3D11RHI\Private\D3D11Texture.cpp:441 
 with error DXGI_ERROR_DEVICE_REMOVED, 
 Size=1904x1061x1 Format=DXGI_FORMAT_B8G8R8A8_TYPELESS(0x0000005A), NumMips=1, Flags=D3D11_BIND_RENDER_TARGET D3D11_BIND_SHADER_RESOURCE 
[2017.08.30-10.44.24:162][301]LogWindows: Windows GetLastError: The operation completed successfully. (0)
