Log file open, 08/24/17 11:06:00
LogInit:Display: Running engine for game: FOTWO02
LogPlatformFile: Not using cached read wrapper
LogInit:Display: RandInit(-1880366051) SRandInit(-1880366051).
LogTaskGraph: Started task graph with 5 named threads and 8 total threads with 1 sets of task threads.
LogStats: Stats thread started at 0.815389
LogInit: Using libcurl 7.47.1
LogInit:  - built for x86_64-pc-win32
LogInit:  - supports SSL with OpenSSL/1.0.2g
LogInit:  - supports HTTP deflate (compression) using libz 1.2.8
LogInit:  - other features:
LogInit:      CURL_VERSION_SSL
LogInit:      CURL_VERSION_LIBZ
LogInit:      CURL_VERSION_IPV6
LogInit:      CURL_VERSION_ASYNCHDNS
LogInit:      CURL_VERSION_LARGEFILE
LogInit:      CURL_VERSION_IDN
LogInit:  CurlRequestOptions (configurable via config and command line):
LogInit:  - bVerifyPeer = false  - Libcurl will NOT verify peer certificate
LogInit:  - bUseHttpProxy = false  - Libcurl will NOT use HTTP proxy
LogInit:  - bDontReuseConnections = false  - Libcurl will reuse connections
LogInit:  - CertBundlePath = nullptr  - Libcurl will use whatever was configured at build time.
LogInit: Build: ++UE4+Release-4.16-CL-3561208
LogInit: Engine Version: 4.16.3-3561208+++UE4+Release-4.16
LogInit: Compatible Engine Version: 4.16.0-3452394+++UE4+Release-4.16
LogInit: Net CL: 3452394
LogDevObjectVersion: Number of dev versions registered: 16
LogDevObjectVersion:   Dev-Blueprints (B0D832E4-1F89-4F0D-ACCF-7EB736FD4AA2): 9
LogDevObjectVersion:   Dev-Build (E1C64328-A22C-4D53-A36C-8E866417BD8C): 0
LogDevObjectVersion:   Dev-Core (375EC13C-06E4-48FB-B500-84F0262A717E): 2
LogDevObjectVersion:   Dev-Editor (E4B068ED-F494-42E9-A231-DA0B2E46BB41): 17
LogDevObjectVersion:   Dev-Framework (CFFC743F-43B0-4480-9391-14DF171D2073): 23
LogDevObjectVersion:   Dev-Mobile (B02B49B5-BB20-44E9-A304-32B752E40360): 0
LogDevObjectVersion:   Dev-Networking (A4E4105C-59A1-49B5-A7C5-40C4547EDFEE): 0
LogDevObjectVersion:   Dev-Online (39C831C9-5AE6-47DC-9A44-9C173E1C8E7C): 0
LogDevObjectVersion:   Dev-Physics (78F01B33-EBEA-4F98-B9B4-84EACCB95AA2): 0
LogDevObjectVersion:   Dev-Platform (6631380F-2D4D-43E0-8009-CF276956A95A): 0
LogDevObjectVersion:   Dev-Rendering (12F88B9F-8875-4AFC-A67C-D90C383ABD29): 15
LogDevObjectVersion:   Dev-Sequencer (7B5AE74C-D270-4C10-A958-57980B212A5A): 4
LogDevObjectVersion:   Dev-VR (D7296918-1DD6-4BDD-9DE2-64A83CC13884): 0
LogDevObjectVersion:   Dev-LoadTimes (C2A15278-BFE7-4AFE-6C17-90FF531DF755): 1
LogDevObjectVersion:   Private-Geometry (6EACA3D4-40EC-4CC1-B786-8BED09428FC5): 1
LogDevObjectVersion:   Dev-AnimPhys (29E575DD-E0A3-4627-9D10-D276232CDCEA): 3
LogInit: Compiled (64-bit): Jul 28 2017 11:49:47
LogInit: Compiled with Visual C++: 19.00.24215.01
LogInit: Build Configuration: Development
LogInit: Branch Name: ++UE4+Release-4.16
LogInit: Command line:  
LogInit: Base directory: C:/Program Files/Epic Games/UE_4.16/Engine/Binaries/Win64/
LogInit: Installed Engine Build: 1
LogInit: Presizing for max 8388607 objects, including 0 objects not considered by GC, pre-allocating 0 bytes for permanent pool.
LogInit: Object subsystem initialized
[2017.08.24-09.06.00:595][  0]LogInit: Selected Device Profile: [Windows]
[2017.08.24-09.06.00:595][  0]LogInit: Applying CVar settings loaded from the selected device profile: [Windows]
[2017.08.24-09.06.00:668][  0]LogInit: Computer: KLAUDE2017ALIEN
[2017.08.24-09.06.00:668][  0]LogInit: User: vonkl
[2017.08.24-09.06.00:668][  0]LogInit: CPU Page size=4096, Cores=4
[2017.08.24-09.06.00:668][  0]LogInit: High frequency timer resolution =2.742188 MHz
[2017.08.24-09.06.00:668][  0]LogMemory: Memory total: Physical=15.9GB (16GB approx)
[2017.08.24-09.06.00:668][  0]LogMemory: Platform Memory Stats for Windows
[2017.08.24-09.06.00:668][  0]LogMemory: Process Physical Memory: 272.89 MB used, 272.89 MB peak
[2017.08.24-09.06.00:668][  0]LogMemory: Process Virtual Memory: 260.84 MB used, 260.84 MB peak
[2017.08.24-09.06.00:668][  0]LogMemory: Physical Memory: 6481.98 MB used,  9774.99 MB free, 16256.98 MB total
[2017.08.24-09.06.00:668][  0]LogMemory: Virtual Memory: 638.49 MB used,  9774.99 MB free, 134217728.00 MB total
[2017.08.24-09.06.00:992][  0]LogInit: Using OS detected language (en-GB).
[2017.08.24-09.06.00:992][  0]LogInit: Using OS detected locale (en-GB).
[2017.08.24-09.06.01:065][  0]LogTextLocalizationManager: No specific localization for 'en-GB' exists, so the 'en' localization will be used.
[2017.08.24-09.06.03:986][  0]LogD3D11RHI: D3D11 adapters:
[2017.08.24-09.06.04:581][  0]LogD3D11RHI:    0. 'NVIDIA GeForce GTX 1060' (Feature Level 11_0)
[2017.08.24-09.06.04:581][  0]LogD3D11RHI:       6084/0/8128 MB DedicatedVideo/DedicatedSystem/SharedSystem, Outputs:2, VendorId:0x10de
[2017.08.24-09.06.04:617][  0]LogD3D11RHI:    1. 'Intel(R) HD Graphics 630' (Feature Level 11_0)
[2017.08.24-09.06.04:617][  0]LogD3D11RHI:       128/0/8128 MB DedicatedVideo/DedicatedSystem/SharedSystem, Outputs:0, VendorId:0x8086
[2017.08.24-09.06.04:619][  0]LogD3D11RHI:    2. 'Microsoft Basic Render Driver' (Feature Level 11_0)
[2017.08.24-09.06.04:619][  0]LogD3D11RHI:       0/0/8128 MB DedicatedVideo/DedicatedSystem/SharedSystem, Outputs:0, VendorId:0x1414
[2017.08.24-09.06.04:619][  0]LogD3D11RHI: Chosen D3D11 Adapter: 0
[2017.08.24-09.06.04:630][  0]LogD3D11RHI: Creating new Direct3DDevice
[2017.08.24-09.06.04:630][  0]LogD3D11RHI:     GPU DeviceId: 0x1c60 (for the marketing name, search the web for "GPU Device Id")
[2017.08.24-09.06.04:630][  0]LogWindows: EnumDisplayDevices:
[2017.08.24-09.06.04:631][  0]LogWindows:    0. 'NVIDIA GeForce GTX 1060' (P:0 D:1)
[2017.08.24-09.06.04:631][  0]LogWindows:    1. 'NVIDIA GeForce GTX 1060' (P:1 D:1)
[2017.08.24-09.06.04:631][  0]LogWindows:    2. 'NVIDIA GeForce GTX 1060' (P:0 D:0)
[2017.08.24-09.06.04:631][  0]LogWindows:    3. 'NVIDIA GeForce GTX 1060' (P:0 D:0)
[2017.08.24-09.06.04:631][  0]LogWindows:    4. 'Intel(R) HD Graphics 630' (P:0 D:0)
[2017.08.24-09.06.04:632][  0]LogWindows:    5. 'Intel(R) HD Graphics 630' (P:0 D:0)
[2017.08.24-09.06.04:632][  0]LogWindows:    6. 'Intel(R) HD Graphics 630' (P:0 D:0)
[2017.08.24-09.06.04:632][  0]LogWindows: DebugString: PrimaryIsNotTheChoosenAdapter PrimaryIsNotTheChoosenAdapter PrimaryIsNotTheChoosenAdapter FoundDriverCount:4 
[2017.08.24-09.06.04:632][  0]LogD3D11RHI:     Adapter Name: NVIDIA GeForce GTX 1060
[2017.08.24-09.06.04:632][  0]LogD3D11RHI:   Driver Version: 382.53 (internal:22.21.13.8253, unified:382.53)
[2017.08.24-09.06.04:632][  0]LogD3D11RHI:      Driver Date: 6-7-2017
[2017.08.24-09.06.04:633][  0]LogRHI: Texture pool is 1361 MB (70% of 1945 MB)
[2017.08.24-09.06.05:235][  0]LogD3D11RHI: Async texture creation enabled
[2017.08.24-09.06.05:289][  0]LogD3D11RHI: GPU Timing Frequency: 1000.000000 (Debug: 2 1)
[2017.08.24-09.06.05:385][  0]LogShaderCompilers: Guid format shader working directory is 0 characters bigger than the processId version (../../../../../../Unreal/FOTWO/source/FOTWO02/Intermediate/Shaders/WorkingDirectory/10696/).
[2017.08.24-09.06.05:385][  0]LogShaderCompilers: Cleaned the shader compiler working directory 'C:/Users/vonkl/AppData/Local/Temp/UnrealShaderWorkingDir/88052B5046B6928011027B9D3C8A36F7/'.
[2017.08.24-09.06.05:386][  0]LogShaderCompilers:Display: Using Local Shader Compiler.
[2017.08.24-09.06.07:470][  0]LogTemp:Display: Loaded TP AllDesktopTargetPlatform
[2017.08.24-09.06.07:516][  0]LogTemp:Display: Loaded TP MacClientTargetPlatform
[2017.08.24-09.06.07:564][  0]LogTemp:Display: Loaded TP MacNoEditorTargetPlatform
[2017.08.24-09.06.07:611][  0]LogTemp:Display: Loaded TP MacServerTargetPlatform
[2017.08.24-09.06.07:667][  0]LogTemp:Display: Loaded TP MacTargetPlatform
[2017.08.24-09.06.07:713][  0]LogTemp:Display: Loaded TP WindowsClientTargetPlatform
[2017.08.24-09.06.07:764][  0]LogTemp:Display: Loaded TP WindowsNoEditorTargetPlatform
[2017.08.24-09.06.07:813][  0]LogTemp:Display: Loaded TP WindowsServerTargetPlatform
[2017.08.24-09.06.07:854][  0]LogTemp:Display: Loaded TP WindowsTargetPlatform
[2017.08.24-09.06.07:904][  0]LogTemp:Display: Loaded TP AndroidTargetPlatform
[2017.08.24-09.06.07:950][  0]LogTemp:Display: Loaded TP Android_ASTCTargetPlatform
[2017.08.24-09.06.07:997][  0]LogTemp:Display: Loaded TP Android_ATCTargetPlatform
[2017.08.24-09.06.08:044][  0]LogTemp:Display: Loaded TP Android_DXTTargetPlatform
[2017.08.24-09.06.08:094][  0]LogTemp:Display: Loaded TP Android_ETC1TargetPlatform
[2017.08.24-09.06.08:144][  0]LogTemp:Display: Loaded TP Android_ETC2TargetPlatform
[2017.08.24-09.06.08:244][  0]LogTemp:Display: Loaded TP Android_MultiTargetPlatform
[2017.08.24-09.06.08:244][  0]LogTemp:Display: Loaded TP Android_PVRTCTargetPlatform
[2017.08.24-09.06.08:285][  0]LogTemp:Display: Loaded TP HTML5TargetPlatform
[2017.08.24-09.06.08:385][  0]LogTemp:Display: Loaded TP IOSTargetPlatform
[2017.08.24-09.06.08:416][  0]LogTemp:Display: Loaded TP TVOSTargetPlatform
[2017.08.24-09.06.08:465][  0]LogTemp:Display: Loaded TP LinuxClientTargetPlatform
[2017.08.24-09.06.08:514][  0]LogTemp:Display: Loaded TP LinuxNoEditorTargetPlatform
[2017.08.24-09.06.08:561][  0]LogTemp:Display: Loaded TP LinuxServerTargetPlatform
[2017.08.24-09.06.08:614][  0]LogTemp:Display: Loaded TP LinuxTargetPlatform
[2017.08.24-09.06.08:614][  0]LogTargetPlatformManager:Display: Building Assets For Windows
[2017.08.24-09.06.09:198][  0]LogDerivedDataCache:Display: Max Cache Size: 512 MB
[2017.08.24-09.06.10:074][  0]LogDerivedDataCache: Loaded boot cache 0.88s 90MB C:/Users/vonkl/AppData/Local/UnrealEngine/4.16/DerivedDataCache/Boot.ddc.
[2017.08.24-09.06.10:074][  0]LogDerivedDataCache:Display: Loaded Boot cache: C:/Users/vonkl/AppData/Local/UnrealEngine/4.16/DerivedDataCache/Boot.ddc
[2017.08.24-09.06.10:074][  0]LogDerivedDataCache: FDerivedDataBackendGraph:  Pak pak cache file ../../../../../../Unreal/FOTWO/source/FOTWO02/DerivedDataCache/DDC.ddp not found, will not use a pak cache.
[2017.08.24-09.06.10:074][  0]LogDerivedDataCache: Unable to find inner node Pak for hierarchical cache Hierarchy.
[2017.08.24-09.06.10:075][  0]LogDerivedDataCache: FDerivedDataBackendGraph:  CompressedPak pak cache file ../../../../../../Unreal/FOTWO/source/FOTWO02/DerivedDataCache/Compressed.ddp not found, will not use a pak cache.
[2017.08.24-09.06.10:075][  0]LogDerivedDataCache: Unable to find inner node CompressedPak for hierarchical cache Hierarchy.
[2017.08.24-09.06.10:132][  0]LogDerivedDataCache:Display: Pak cache opened for reading ../../../Engine/DerivedDataCache/Compressed.ddp.
[2017.08.24-09.06.10:146][  0]LogDerivedDataCache: Using Local data cache path C:/Users/vonkl/AppData/Local/UnrealEngine/Common/DerivedDataCache: Writable
[2017.08.24-09.06.10:186][  0]LogMaterial: Verifying Global Shaders for PCD3D_SM5
[2017.08.24-09.06.10:193][  0]LogSlate: Using Freetype 2.6.0
[2017.08.24-09.06.10:237][  0]LogSlate: SlateFontCache - WITH_FREETYPE: 1, WITH_HARFBUZZ: 1
[2017.08.24-09.06.10:238][  0]LogSlate: SlateFontCache - WITH_FREETYPE: 1, WITH_HARFBUZZ: 1
[2017.08.24-09.06.11:427][  0]LogInit: Selected Device Profile: [Windows]
[2017.08.24-09.06.11:679][  0]LogContentStreaming: Texture pool size is 0.00 MB
[2017.08.24-09.06.11:901][  0]LogMeshUtilities: Using QuadricMeshReduction for automatic static mesh reduction
[2017.08.24-09.06.11:953][  0]LogSimplygon: Simplygon DLL not present - disabling.
[2017.08.24-09.06.12:002][  0]LogMeshUtilities: Using SimplygonSwarm for distributed automatic mesh merging
[2017.08.24-09.06.12:002][  0]LogMeshUtilities: No automatic skeletal mesh reduction module available
[2017.08.24-09.06.12:002][  0]LogMeshUtilities: No automatic mesh merging module available
[2017.08.24-09.06.13:754][  0]LogNetVersion: FOTWO02 , NetCL: 3452394, EngineNetVer: 2, GameNetVer: 0 (Checksum: 2990255715)
[2017.08.24-09.06.13:848][  0]LogAssetRegistry: FAssetRegistry took 0.0277 seconds to start up
[2017.08.24-09.06.13:910][  0]LogPackageLocalizationCache: Processed 4 localized package path(s) for 2 prioritized culture(s) in 0.040439 seconds
[2017.08.24-09.06.13:915][  0]LogUObjectArray: 34194 objects as part of root set at end of initial load.
[2017.08.24-09.06.13:915][  0]LogUObjectAllocator: 7260416 out of 0 bytes used by permanent object pool.
[2017.08.24-09.06.13:915][  0]LogUObjectArray: CloseDisregardForGC: 0/0 objects in disregard for GC pool
[2017.08.24-09.06.13:981][  0]LogInit: WinSock: version 1.1 (2.2), MaxSocks=32767, MaxUdp=65467
[2017.08.24-09.06.19:036][  0]LogTcpMessaging: Initializing TcpMessaging bridge
[2017.08.24-09.06.19:079][  0]LogUdpMessaging: Initializing bridge on interface 0.0.0.0:0 to multicast group 230.0.0.1:6666.
[2017.08.24-09.06.19:906][  0]LogMaterial: Uniform references updated for custom material expression Custom.
[2017.08.24-09.06.20:401][  0]SourceControl: Info Source control is disabled
[2017.08.24-09.06.20:457][  0]SourceControl: Info Source control is disabled
[2017.08.24-09.06.20:511][  0]SourceControl: Info Source control is disabled
[2017.08.24-09.06.20:560][  0]SourceControl: Info Source control is disabled
[2017.08.24-09.06.21:450][  0]LogAndroidPermission: UAndroidPermissionCallbackProxy::GetInstance
[2017.08.24-09.06.22:128][  0]LogEngine: Initializing Engine...
[2017.08.24-09.06.22:130][  0]LogHMD: Failed to initialize OpenVR with code 110
[2017.08.24-09.06.22:475][  0]LogStats: UGameplayTagsManager::ConstructGameplayTagTree: Construct from data asset -  0.000 s
[2017.08.24-09.06.22:475][  0]LogStats: UGameplayTagsManager::ConstructGameplayTagTree: GameplayTagTreeChangedEvent.Broadcast -  0.000 s
[2017.08.24-09.06.22:612][  0]LogAIModule: Creating AISystem for world Untitled
[2017.08.24-09.06.22:635][  0]LogInit: XAudio2 using 'Headset Earphone (3- Microsoft LifeChat LX-3000)' : 2 channels at 48 kHz using 16 bits per sample (channel mask 0x3)
[2017.08.24-09.06.22:647][  0]LogInit: FAudioDevice initialized.
[2017.08.24-09.06.22:690][  0]LogDerivedDataCache: Saved boot cache 0.04s 90MB C:/Users/vonkl/AppData/Local/UnrealEngine/4.16/DerivedDataCache/Boot.ddc.
[2017.08.24-09.06.22:699][  0]LogInit: Texture streaming: Enabled
[2017.08.24-09.06.22:797][  0]LogEngineSessionManager: EngineSessionManager initialized
[2017.08.24-09.06.23:110][  0]LogInit: Transaction tracking system initialized
[2017.08.24-09.06.23:459][  0]BlueprintLog: New page: Editor Load
[2017.08.24-09.06.24:510][  0]LocalizationService: Info Localization service is disabled
[2017.08.24-09.06.25:334][  0]LogConsoleResponse:Display: 
[2017.08.24-09.06.25:720][  0]LogCook:Display: Max memory allowance for cook 16384mb min free memory 0mb
[2017.08.24-09.06.25:720][  0]LogCook:Display: Mobile HDR setting 1
[2017.08.24-09.06.25:782][  0]LogFileCache: Scanning file cache for directory 'C:/Unreal/FOTWO/source/FOTWO02/Content/' took 0.02s
[2017.08.24-09.06.26:969][  0]SourceControl: Info Source control is disabled
[2017.08.24-09.06.26:971][  0]Cmd: MAP LOAD FILE="../../../../../../Unreal/FOTWO/source/FOTWO02/Content/2DSideScrollerBP/Maps/2DSideScrollerExampleMap.umap" TEMPLATE=0 SHOWPROGRESS=1 FEATURELEVEL=3
[2017.08.24-09.06.26:971][  0]LogEditorServer:Warning: Can't find file '../../../../../../Unreal/FOTWO/source/FOTWO02/Content/2DSideScrollerBP/Maps/2DSideScrollerExampleMap.umap'
[2017.08.24-09.06.26:971][  0]Cmd: MAP CHECKDEP NOCLEARLOG
[2017.08.24-09.06.27:029][  0]MapCheck: Info Map check complete: 0 Error(s), 0 Warning(s), took 58.279ms to complete.
[2017.08.24-09.06.27:030][  0]LogFileHelpers: Loading map '2DSideScrollerExampleMap' took 0.060
[2017.08.24-09.06.27:367][  0]LogCollectionManager: Loaded 0 collections in 0.001935 seconds
[2017.08.24-09.06.27:469][  0]LogFileCache: Scanning file cache for directory 'C:/Unreal/FOTWO/source/FOTWO02/Saved/Collections/' took 0.01s
[2017.08.24-09.06.27:469][  0]LogFileCache: Scanning file cache for directory 'C:/Unreal/FOTWO/source/FOTWO02/Content/Developers/vonkl/Collections/' took 0.02s
[2017.08.24-09.06.27:469][  0]LogFileCache: Scanning file cache for directory 'C:/Unreal/FOTWO/source/FOTWO02/Content/Collections/' took 0.01s
[2017.08.24-09.06.27:469][  0]LogCollectionManager: Rebuilt the GUID cache for 0 collections in 0.000001 seconds
[2017.08.24-09.06.27:479][  0]LogContentBrowser: Native class hierarchy populated in 0.0088 seconds. Added 2329 classes and 491 folders.
[2017.08.24-09.06.27:549][  0]LogContentBrowser: Native class hierarchy updated for 'WidgetCarousel' in 0.0005 seconds. Added 0 classes and 0 folders.
[2017.08.24-09.06.28:038][  0]LogContentBrowser: Native class hierarchy updated for 'AddContentDialog' in 0.0008 seconds. Added 0 classes and 0 folders.
[2017.08.24-09.06.28:133][  0]LogContentBrowser: Native class hierarchy updated for 'SceneOutliner' in 0.0006 seconds. Added 1 classes and 2 folders.
[2017.08.24-09.06.28:330][  0]LogCrashTracker: Crashtracker disabled due to settings.
[2017.08.24-09.06.28:346][  0]LogSlate: Took 0.005571 seconds to synchronously load lazily loaded font '../../../Engine/Content/Slate/Fonts/Roboto-Regular.ttf' (155K)
[2017.08.24-09.06.28:353][  0]LogSlate: Took 0.005589 seconds to synchronously load lazily loaded font '../../../Engine/Content/Slate/Fonts/Roboto-Bold.ttf' (160K)
[2017.08.24-09.06.28:365][  0]LogSlate: Took 0.005545 seconds to synchronously load lazily loaded font '../../../Engine/Content/Editor/Slate/Fonts/FontAwesome.ttf' (139K)
[2017.08.24-09.06.28:516][  0]LogRenderer: Reallocating scene render targets to support 1648x932 NumSamples 1 (Frame:1).
[2017.08.24-09.06.28:624][  0]LogUObjectGlobals:Warning: Failed to find object 'Class None.'
[2017.08.24-09.06.28:692][  0]LogContentBrowser: Native class hierarchy updated for 'HierarchicalLODOutliner' in 0.0005 seconds. Added 1 classes and 2 folders.
[2017.08.24-09.06.28:692][  0]LogLoad: (Engine Initialization) Total time: 31.61 seconds
[2017.08.24-09.06.28:692][  0]LogLoad: (Engine Initialization) Total Blueprint compile time: 0.13 seconds
[2017.08.24-09.06.28:692][  0]LogExternalProfiler: Found external profiler: VSPerf
[2017.08.24-09.06.28:692][  0]LogExternalProfiler: Using external profiler: VSPerf
[2017.08.24-09.06.28:714][  0]LogEditorViewport: Clicking Background
[2017.08.24-09.06.28:743][  0]LogOcInput: OculusInput pre-init called
[2017.08.24-09.06.28:743][  0]LogHMD: Starting GearVRController plugin
[2017.08.24-09.06.28:763][  0]LogContentStreaming: Texture pool size now 1000 MB
[2017.08.24-09.06.28:872][  2]LogAssetRegistry: Asset discovery search completed in 15.0458 seconds
[2017.08.24-09.06.28:874][  2]LogCollectionManager: Rebuilt the object cache for 0 collections in 0.000000 seconds (found 0 objects)
[2017.08.24-09.06.28:874][  2]LogCollectionManager: Fixed up redirectors for 0 collections in 0.000021 seconds (updated 0 objects)
[2017.08.24-09.06.29:751][ 53]LogSlate: Took 0.005354 seconds to synchronously load lazily loaded font '../../../Engine/Content/Slate/Fonts/Roboto-Light.ttf' (159K)
[2017.08.24-09.09.47:563][918]LogSlate: Took 0.000305 seconds to synchronously load lazily loaded font '../../../Engine/Content/Slate/Fonts/Roboto-Light.ttf' (159K)
[2017.08.24-09.09.48:405][918]LogSlate: Took 0.000125 seconds to synchronously load lazily loaded font '../../../Engine/Content/Slate/Fonts/Roboto-Regular.ttf' (155K)
[2017.08.24-09.09.49:273][918]LogAIModule: Creating AISystem for world FOTWO01
[2017.08.24-09.09.49:327][918]Cmd: MAP LOAD FILE="../../../../../../Unreal/FOTWO/source/FOTWO02/Content/2DSideScrollerBP/Maps/FOTWO01.umap" TEMPLATE=0 SHOWPROGRESS=1 FEATURELEVEL=3
[2017.08.24-09.09.49:327][918]LightingResults: New page: Lighting Build
[2017.08.24-09.09.49:373][918]LogContentBrowser: Native class hierarchy updated for 'StatsViewer' in 0.0006 seconds. Added 5 classes and 0 folders.
[2017.08.24-09.09.49:374][918]LoadErrors: New page: Loading map: FOTWO01.umap
[2017.08.24-09.09.49:375][918]MapCheck: New page: Map Check
[2017.08.24-09.09.49:375][918]LightingResults: New page: Lighting Build
[2017.08.24-09.09.49:462][918]LogEditorServer: Finished looking for orphan Actors (0.000 secs)
[2017.08.24-09.09.49:502][918]Cmd: MAP CHECKDEP NOCLEARLOG
[2017.08.24-09.09.49:551][918]MapCheck: Info Map check complete: 0 Error(s), 0 Warning(s), took 48.333ms to complete.
[2017.08.24-09.09.49:551][918]LogFileHelpers: Loading map 'FOTWO01' took 0.225
[2017.08.24-09.10.01:092][493]LogTemp: Repeting last play command: Selected Viewport
[2017.08.24-09.10.01:147][493]LogBlueprintUserMessages: Early PlayInEditor Detection: Level '/Game/2DSideScrollerBP/Maps/FOTWO01.FOTWO01:PersistentLevel' has LevelScriptBlueprint '/Game/2DSideScrollerBP/Maps/FOTWO01.FOTWO01:PersistentLevel.FOTWO01' with GeneratedClass '/Game/2DSideScrollerBP/Maps/FOTWO01.FOTWO01_C' with ClassGeneratedBy '/Game/2DSideScrollerBP/Maps/FOTWO01.FOTWO01:PersistentLevel.FOTWO01'
[2017.08.24-09.10.01:147][493]LogPlayLevel: PlayLevel: No blueprints needed recompiling
[2017.08.24-09.10.01:148][493]PIE: New page: PIE session: FOTWO01 (24 Aug 2017 13:10:01)
[2017.08.24-09.10.01:148][493]LogPlayLevel: Creating play world package: /Game/2DSideScrollerBP/Maps/UEDPIE_0_FOTWO01
[2017.08.24-09.10.01:151][493]LogPlayLevel: PIE: StaticDuplicateObject took: (0.002521s)
[2017.08.24-09.10.01:151][493]LogAIModule: Creating AISystem for world FOTWO01
[2017.08.24-09.10.01:152][493]LogPlayLevel: PIE: World Init took: (0.000806s)
[2017.08.24-09.10.01:152][493]LogPlayLevel: PIE: Created PIE world by copying editor world from /Game/2DSideScrollerBP/Maps/FOTWO01.FOTWO01 to /Game/2DSideScrollerBP/Maps/UEDPIE_0_FOTWO01.FOTWO01 (0.003524s)
[2017.08.24-09.10.01:164][493]LogInit: XAudio2 using 'Headset Earphone (3- Microsoft LifeChat LX-3000)' : 2 channels at 48 kHz using 16 bits per sample (channel mask 0x3)
[2017.08.24-09.10.01:170][493]LogInit: FAudioDevice initialized.
[2017.08.24-09.10.01:215][493]LogLoad: Game class is 'FOTWOGameMode_C'
[2017.08.24-09.10.01:222][493]LogWorld: Bringing World /Game/2DSideScrollerBP/Maps/UEDPIE_0_FOTWO01.FOTWO01 up for play (max tick rate 60) at 2017.08.24-11.10.01
[2017.08.24-09.10.01:223][493]LogWorld: Bringing up level for play took: 0.002162
[2017.08.24-09.10.01:288][493]LogContentBrowser: Native class hierarchy updated for 'MovieSceneCapture' in 0.0006 seconds. Added 11 classes and 0 folders.
[2017.08.24-09.10.01:304][493]PIE: Info Play in editor start time for /Game/2DSideScrollerBP/Maps/UEDPIE_0_FOTWO01 -0.547
[2017.08.24-09.10.01:304][493]LogBlueprintUserMessages: Late PlayInEditor Detection: Level '/Game/2DSideScrollerBP/Maps/FOTWO01.FOTWO01:PersistentLevel' has LevelScriptBlueprint '/Game/2DSideScrollerBP/Maps/FOTWO01.FOTWO01:PersistentLevel.FOTWO01' with GeneratedClass '/Game/2DSideScrollerBP/Maps/FOTWO01.FOTWO01_C' with ClassGeneratedBy '/Game/2DSideScrollerBP/Maps/FOTWO01.FOTWO01:PersistentLevel.FOTWO01'
[2017.08.24-09.10.07:177][843]LogBlueprintUserMessages: Early EndPlayMap Detection: Level '/Game/2DSideScrollerBP/Maps/FOTWO01.FOTWO01:PersistentLevel' has LevelScriptBlueprint '/Game/2DSideScrollerBP/Maps/FOTWO01.FOTWO01:PersistentLevel.FOTWO01' with GeneratedClass '/Game/2DSideScrollerBP/Maps/FOTWO01.FOTWO01_C' with ClassGeneratedBy '/Game/2DSideScrollerBP/Maps/FOTWO01.FOTWO01:PersistentLevel.FOTWO01'
[2017.08.24-09.10.07:219][843]LogBlueprintUserMessages: Late EndPlayMap Detection: Level '/Game/2DSideScrollerBP/Maps/FOTWO01.FOTWO01:PersistentLevel' has LevelScriptBlueprint '/Game/2DSideScrollerBP/Maps/FOTWO01.FOTWO01:PersistentLevel.FOTWO01' with GeneratedClass '/Game/2DSideScrollerBP/Maps/FOTWO01.FOTWO01_C' with ClassGeneratedBy '/Game/2DSideScrollerBP/Maps/FOTWO01.FOTWO01:PersistentLevel.FOTWO01'
[2017.08.24-09.10.14:252][261]LogTemp: Repeting last play command: Selected Viewport
[2017.08.24-09.10.14:269][261]LogBlueprintUserMessages: Early PlayInEditor Detection: Level '/Game/2DSideScrollerBP/Maps/FOTWO01.FOTWO01:PersistentLevel' has LevelScriptBlueprint '/Game/2DSideScrollerBP/Maps/FOTWO01.FOTWO01:PersistentLevel.FOTWO01' with GeneratedClass '/Game/2DSideScrollerBP/Maps/FOTWO01.FOTWO01_C' with ClassGeneratedBy '/Game/2DSideScrollerBP/Maps/FOTWO01.FOTWO01:PersistentLevel.FOTWO01'
[2017.08.24-09.10.14:269][261]LogPlayLevel: PlayLevel: No blueprints needed recompiling
[2017.08.24-09.10.14:269][261]PIE: New page: PIE session: FOTWO01 (24 Aug 2017 13:10:14)
[2017.08.24-09.10.14:269][261]LogPlayLevel: Creating play world package: /Game/2DSideScrollerBP/Maps/UEDPIE_0_FOTWO01
[2017.08.24-09.10.14:270][261]LogPlayLevel: PIE: StaticDuplicateObject took: (0.001347s)
[2017.08.24-09.10.14:271][261]LogAIModule: Creating AISystem for world FOTWO01
[2017.08.24-09.10.14:271][261]LogPlayLevel: PIE: World Init took: (0.000556s)
[2017.08.24-09.10.14:271][261]LogPlayLevel: PIE: Created PIE world by copying editor world from /Game/2DSideScrollerBP/Maps/FOTWO01.FOTWO01 to /Game/2DSideScrollerBP/Maps/UEDPIE_0_FOTWO01.FOTWO01 (0.002034s)
[2017.08.24-09.10.14:285][261]LogInit: XAudio2 using 'Headset Earphone (3- Microsoft LifeChat LX-3000)' : 2 channels at 48 kHz using 16 bits per sample (channel mask 0x3)
[2017.08.24-09.10.14:292][261]LogInit: FAudioDevice initialized.
[2017.08.24-09.10.14:321][261]LogLoad: Game class is 'FOTWOGameMode_C'
[2017.08.24-09.10.14:323][261]LogWorld: Bringing World /Game/2DSideScrollerBP/Maps/UEDPIE_0_FOTWO01.FOTWO01 up for play (max tick rate 60) at 2017.08.24-11.10.14
[2017.08.24-09.10.14:324][261]LogWorld: Bringing up level for play took: 0.000883
[2017.08.24-09.10.14:334][261]PIE: Info Play in editor start time for /Game/2DSideScrollerBP/Maps/UEDPIE_0_FOTWO01 0.484
[2017.08.24-09.10.14:335][261]LogBlueprintUserMessages: Late PlayInEditor Detection: Level '/Game/2DSideScrollerBP/Maps/FOTWO01.FOTWO01:PersistentLevel' has LevelScriptBlueprint '/Game/2DSideScrollerBP/Maps/FOTWO01.FOTWO01:PersistentLevel.FOTWO01' with GeneratedClass '/Game/2DSideScrollerBP/Maps/FOTWO01.FOTWO01_C' with ClassGeneratedBy '/Game/2DSideScrollerBP/Maps/FOTWO01.FOTWO01:PersistentLevel.FOTWO01'
[2017.08.24-09.10.17:037][423]LogBlueprintUserMessages: Early EndPlayMap Detection: Level '/Game/2DSideScrollerBP/Maps/FOTWO01.FOTWO01:PersistentLevel' has LevelScriptBlueprint '/Game/2DSideScrollerBP/Maps/FOTWO01.FOTWO01:PersistentLevel.FOTWO01' with GeneratedClass '/Game/2DSideScrollerBP/Maps/FOTWO01.FOTWO01_C' with ClassGeneratedBy '/Game/2DSideScrollerBP/Maps/FOTWO01.FOTWO01:PersistentLevel.FOTWO01'
[2017.08.24-09.10.17:077][423]LogBlueprintUserMessages: Late EndPlayMap Detection: Level '/Game/2DSideScrollerBP/Maps/FOTWO01.FOTWO01:PersistentLevel' has LevelScriptBlueprint '/Game/2DSideScrollerBP/Maps/FOTWO01.FOTWO01:PersistentLevel.FOTWO01' with GeneratedClass '/Game/2DSideScrollerBP/Maps/FOTWO01.FOTWO01_C' with ClassGeneratedBy '/Game/2DSideScrollerBP/Maps/FOTWO01.FOTWO01:PersistentLevel.FOTWO01'
[2017.08.24-09.10.21:294][646]LogContentBrowser: Native class hierarchy updated for 'BlueprintGraph' in 0.0008 seconds. Added 112 classes and 0 folders.
[2017.08.24-09.10.22:024][646]LogSlate: Took 0.003517 seconds to synchronously load lazily loaded font '../../../Engine/Content/Editor/Slate/Fonts/Roboto-BoldCondensed.ttf' (158K)
[2017.08.24-09.10.47:769][ 63]LogSlate: Took 0.004128 seconds to synchronously load lazily loaded font '../../../Engine/Content/Editor/Slate/Fonts/Roboto-Italic.ttf' (157K)
[2017.08.24-09.11.22:839][820]BlueprintLog: New page: Compile NationBAU
[2017.08.24-09.11.24:353][820]LogSavePackage: Save=669.04ms
[2017.08.24-09.11.24:353][820]LogSavePackage: Moving '../../../../../../Unreal/FOTWO/source/FOTWO02/Saved/NationBAU61A3E18E48304F5699178C9979E7616E.tmp' to '../../../../../../Unreal/FOTWO/source/FOTWO02/Content/2DSideScrollerBP/Blueprints/Simulation/NationBAU.uasset'
[2017.08.24-09.11.24:358][820]LogSavePackage:Display: Finished SavePackage ../../../../../../Unreal/FOTWO/source/FOTWO02/Content/2DSideScrollerBP/Blueprints/Simulation/NationBAU.uasset
[2017.08.24-09.11.26:681][897]LogTemp: Repeting last play command: Selected Viewport
[2017.08.24-09.11.26:708][897]LogBlueprintUserMessages: Early PlayInEditor Detection: Level '/Game/2DSideScrollerBP/Maps/FOTWO01.FOTWO01:PersistentLevel' has LevelScriptBlueprint '/Game/2DSideScrollerBP/Maps/FOTWO01.FOTWO01:PersistentLevel.FOTWO01' with GeneratedClass '/Game/2DSideScrollerBP/Maps/FOTWO01.FOTWO01_C' with ClassGeneratedBy '/Game/2DSideScrollerBP/Maps/FOTWO01.FOTWO01:PersistentLevel.FOTWO01'
[2017.08.24-09.11.26:708][897]LogPlayLevel: PlayLevel: No blueprints needed recompiling
[2017.08.24-09.11.26:708][897]PIE: New page: PIE session: FOTWO01 (24 Aug 2017 13:11:26)
[2017.08.24-09.11.26:708][897]LogPlayLevel: Creating play world package: /Game/2DSideScrollerBP/Maps/UEDPIE_0_FOTWO01
[2017.08.24-09.11.26:709][897]LogPlayLevel: PIE: StaticDuplicateObject took: (0.001240s)
[2017.08.24-09.11.26:710][897]LogAIModule: Creating AISystem for world FOTWO01
[2017.08.24-09.11.26:710][897]LogPlayLevel: PIE: World Init took: (0.000463s)
[2017.08.24-09.11.26:710][897]LogPlayLevel: PIE: Created PIE world by copying editor world from /Game/2DSideScrollerBP/Maps/FOTWO01.FOTWO01 to /Game/2DSideScrollerBP/Maps/UEDPIE_0_FOTWO01.FOTWO01 (0.001835s)
[2017.08.24-09.11.26:730][897]LogInit: XAudio2 using 'Headset Earphone (3- Microsoft LifeChat LX-3000)' : 2 channels at 48 kHz using 16 bits per sample (channel mask 0x3)
[2017.08.24-09.11.26:736][897]LogInit: FAudioDevice initialized.
[2017.08.24-09.11.26:769][897]LogLoad: Game class is 'FOTWOGameMode_C'
[2017.08.24-09.11.26:772][897]LogWorld: Bringing World /Game/2DSideScrollerBP/Maps/UEDPIE_0_FOTWO01.FOTWO01 up for play (max tick rate 60) at 2017.08.24-11.11.26
[2017.08.24-09.11.26:772][897]LogWorld: Bringing up level for play took: 0.001185
[2017.08.24-09.11.26:783][897]PIE: Info Play in editor start time for /Game/2DSideScrollerBP/Maps/UEDPIE_0_FOTWO01 0.933
[2017.08.24-09.11.26:783][897]LogBlueprintUserMessages: Late PlayInEditor Detection: Level '/Game/2DSideScrollerBP/Maps/FOTWO01.FOTWO01:PersistentLevel' has LevelScriptBlueprint '/Game/2DSideScrollerBP/Maps/FOTWO01.FOTWO01:PersistentLevel.FOTWO01' with GeneratedClass '/Game/2DSideScrollerBP/Maps/FOTWO01.FOTWO01_C' with ClassGeneratedBy '/Game/2DSideScrollerBP/Maps/FOTWO01.FOTWO01:PersistentLevel.FOTWO01'
[2017.08.24-09.11.40:653][729]LogBlueprintUserMessages: Early EndPlayMap Detection: Level '/Game/2DSideScrollerBP/Maps/FOTWO01.FOTWO01:PersistentLevel' has LevelScriptBlueprint '/Game/2DSideScrollerBP/Maps/FOTWO01.FOTWO01:PersistentLevel.FOTWO01' with GeneratedClass '/Game/2DSideScrollerBP/Maps/FOTWO01.FOTWO01_C' with ClassGeneratedBy '/Game/2DSideScrollerBP/Maps/FOTWO01.FOTWO01:PersistentLevel.FOTWO01'
[2017.08.24-09.11.40:734][729]LogBlueprintUserMessages: Late EndPlayMap Detection: Level '/Game/2DSideScrollerBP/Maps/FOTWO01.FOTWO01:PersistentLevel' has LevelScriptBlueprint '/Game/2DSideScrollerBP/Maps/FOTWO01.FOTWO01:PersistentLevel.FOTWO01' with GeneratedClass '/Game/2DSideScrollerBP/Maps/FOTWO01.FOTWO01_C' with ClassGeneratedBy '/Game/2DSideScrollerBP/Maps/FOTWO01.FOTWO01:PersistentLevel.FOTWO01'
[2017.08.24-09.11.42:843][854]LogTemp: Repeting last play command: Selected Viewport
[2017.08.24-09.11.42:861][854]LogBlueprintUserMessages: Early PlayInEditor Detection: Level '/Game/2DSideScrollerBP/Maps/FOTWO01.FOTWO01:PersistentLevel' has LevelScriptBlueprint '/Game/2DSideScrollerBP/Maps/FOTWO01.FOTWO01:PersistentLevel.FOTWO01' with GeneratedClass '/Game/2DSideScrollerBP/Maps/FOTWO01.FOTWO01_C' with ClassGeneratedBy '/Game/2DSideScrollerBP/Maps/FOTWO01.FOTWO01:PersistentLevel.FOTWO01'
[2017.08.24-09.11.42:861][854]LogPlayLevel: PlayLevel: No blueprints needed recompiling
[2017.08.24-09.11.42:861][854]PIE: New page: PIE session: FOTWO01 (24 Aug 2017 13:11:42)
[2017.08.24-09.11.42:861][854]LogPlayLevel: Creating play world package: /Game/2DSideScrollerBP/Maps/UEDPIE_0_FOTWO01
[2017.08.24-09.11.42:863][854]LogPlayLevel: PIE: StaticDuplicateObject took: (0.001201s)
[2017.08.24-09.11.42:864][854]LogAIModule: Creating AISystem for world FOTWO01
[2017.08.24-09.11.42:864][854]LogPlayLevel: PIE: World Init took: (0.000478s)
[2017.08.24-09.11.42:864][854]LogPlayLevel: PIE: Created PIE world by copying editor world from /Game/2DSideScrollerBP/Maps/FOTWO01.FOTWO01 to /Game/2DSideScrollerBP/Maps/UEDPIE_0_FOTWO01.FOTWO01 (0.001813s)
[2017.08.24-09.11.42:883][854]LogInit: XAudio2 using 'Headset Earphone (3- Microsoft LifeChat LX-3000)' : 2 channels at 48 kHz using 16 bits per sample (channel mask 0x3)
[2017.08.24-09.11.42:889][854]LogInit: FAudioDevice initialized.
[2017.08.24-09.11.42:921][854]LogLoad: Game class is 'FOTWOGameMode_C'
[2017.08.24-09.11.42:924][854]LogWorld: Bringing World /Game/2DSideScrollerBP/Maps/UEDPIE_0_FOTWO01.FOTWO01 up for play (max tick rate 60) at 2017.08.24-11.11.42
[2017.08.24-09.11.42:924][854]LogWorld: Bringing up level for play took: 0.000902
[2017.08.24-09.11.42:935][854]PIE: Info Play in editor start time for /Game/2DSideScrollerBP/Maps/UEDPIE_0_FOTWO01 -0.916
[2017.08.24-09.11.42:935][854]LogBlueprintUserMessages: Late PlayInEditor Detection: Level '/Game/2DSideScrollerBP/Maps/FOTWO01.FOTWO01:PersistentLevel' has LevelScriptBlueprint '/Game/2DSideScrollerBP/Maps/FOTWO01.FOTWO01:PersistentLevel.FOTWO01' with GeneratedClass '/Game/2DSideScrollerBP/Maps/FOTWO01.FOTWO01_C' with ClassGeneratedBy '/Game/2DSideScrollerBP/Maps/FOTWO01.FOTWO01:PersistentLevel.FOTWO01'
[2017.08.24-09.11.45:857][ 29]LogBlueprintUserMessages: Early EndPlayMap Detection: Level '/Game/2DSideScrollerBP/Maps/FOTWO01.FOTWO01:PersistentLevel' has LevelScriptBlueprint '/Game/2DSideScrollerBP/Maps/FOTWO01.FOTWO01:PersistentLevel.FOTWO01' with GeneratedClass '/Game/2DSideScrollerBP/Maps/FOTWO01.FOTWO01_C' with ClassGeneratedBy '/Game/2DSideScrollerBP/Maps/FOTWO01.FOTWO01:PersistentLevel.FOTWO01'
[2017.08.24-09.11.45:902][ 29]LogBlueprintUserMessages: Late EndPlayMap Detection: Level '/Game/2DSideScrollerBP/Maps/FOTWO01.FOTWO01:PersistentLevel' has LevelScriptBlueprint '/Game/2DSideScrollerBP/Maps/FOTWO01.FOTWO01:PersistentLevel.FOTWO01' with GeneratedClass '/Game/2DSideScrollerBP/Maps/FOTWO01.FOTWO01_C' with ClassGeneratedBy '/Game/2DSideScrollerBP/Maps/FOTWO01.FOTWO01:PersistentLevel.FOTWO01'
[2017.08.24-09.13.44:131][ 12]BlueprintLog: New page: Compile NationBAU
[2017.08.24-09.13.45:629][ 12]LogSavePackage: Save=643.64ms
[2017.08.24-09.13.45:629][ 12]LogSavePackage: Moving '../../../../../../Unreal/FOTWO/source/FOTWO02/Saved/NationBAUDAE2642D4E95606DFA5109907C75D47E.tmp' to '../../../../../../Unreal/FOTWO/source/FOTWO02/Content/2DSideScrollerBP/Blueprints/Simulation/NationBAU.uasset'
[2017.08.24-09.13.45:631][ 12]LogSavePackage:Display: Finished SavePackage ../../../../../../Unreal/FOTWO/source/FOTWO02/Content/2DSideScrollerBP/Blueprints/Simulation/NationBAU.uasset
[2017.08.24-09.13.49:169][182]LogTemp: Repeting last play command: Selected Viewport
[2017.08.24-09.13.49:188][182]LogBlueprintUserMessages: Early PlayInEditor Detection: Level '/Game/2DSideScrollerBP/Maps/FOTWO01.FOTWO01:PersistentLevel' has LevelScriptBlueprint '/Game/2DSideScrollerBP/Maps/FOTWO01.FOTWO01:PersistentLevel.FOTWO01' with GeneratedClass '/Game/2DSideScrollerBP/Maps/FOTWO01.FOTWO01_C' with ClassGeneratedBy '/Game/2DSideScrollerBP/Maps/FOTWO01.FOTWO01:PersistentLevel.FOTWO01'
[2017.08.24-09.13.49:188][182]LogPlayLevel: PlayLevel: No blueprints needed recompiling
[2017.08.24-09.13.49:188][182]PIE: New page: PIE session: FOTWO01 (24 Aug 2017 13:13:49)
[2017.08.24-09.13.49:188][182]LogPlayLevel: Creating play world package: /Game/2DSideScrollerBP/Maps/UEDPIE_0_FOTWO01
[2017.08.24-09.13.49:189][182]LogPlayLevel: PIE: StaticDuplicateObject took: (0.001316s)
[2017.08.24-09.13.49:190][182]LogAIModule: Creating AISystem for world FOTWO01
[2017.08.24-09.13.49:190][182]LogPlayLevel: PIE: World Init took: (0.000564s)
[2017.08.24-09.13.49:190][182]LogPlayLevel: PIE: Created PIE world by copying editor world from /Game/2DSideScrollerBP/Maps/FOTWO01.FOTWO01 to /Game/2DSideScrollerBP/Maps/UEDPIE_0_FOTWO01.FOTWO01 (0.002015s)
[2017.08.24-09.13.49:214][182]LogInit: XAudio2 using 'Headset Earphone (3- Microsoft LifeChat LX-3000)' : 2 channels at 48 kHz using 16 bits per sample (channel mask 0x3)
[2017.08.24-09.13.49:221][182]LogInit: FAudioDevice initialized.
[2017.08.24-09.13.49:252][182]LogLoad: Game class is 'FOTWOGameMode_C'
[2017.08.24-09.13.49:254][182]LogWorld: Bringing World /Game/2DSideScrollerBP/Maps/UEDPIE_0_FOTWO01.FOTWO01 up for play (max tick rate 60) at 2017.08.24-11.13.49
[2017.08.24-09.13.49:255][182]LogWorld: Bringing up level for play took: 0.001061
[2017.08.24-09.13.49:267][182]PIE: Info Play in editor start time for /Game/2DSideScrollerBP/Maps/UEDPIE_0_FOTWO01 -0.584
[2017.08.24-09.13.49:267][182]LogBlueprintUserMessages: Late PlayInEditor Detection: Level '/Game/2DSideScrollerBP/Maps/FOTWO01.FOTWO01:PersistentLevel' has LevelScriptBlueprint '/Game/2DSideScrollerBP/Maps/FOTWO01.FOTWO01:PersistentLevel.FOTWO01' with GeneratedClass '/Game/2DSideScrollerBP/Maps/FOTWO01.FOTWO01_C' with ClassGeneratedBy '/Game/2DSideScrollerBP/Maps/FOTWO01.FOTWO01:PersistentLevel.FOTWO01'
[2017.08.24-09.16.07:799][345]LogBlueprintUserMessages: Early EndPlayMap Detection: Level '/Game/2DSideScrollerBP/Maps/FOTWO01.FOTWO01:PersistentLevel' has LevelScriptBlueprint '/Game/2DSideScrollerBP/Maps/FOTWO01.FOTWO01:PersistentLevel.FOTWO01' with GeneratedClass '/Game/2DSideScrollerBP/Maps/FOTWO01.FOTWO01_C' with ClassGeneratedBy '/Game/2DSideScrollerBP/Maps/FOTWO01.FOTWO01:PersistentLevel.FOTWO01'
[2017.08.24-09.16.07:879][345]LogBlueprintUserMessages: Late EndPlayMap Detection: Level '/Game/2DSideScrollerBP/Maps/FOTWO01.FOTWO01:PersistentLevel' has LevelScriptBlueprint '/Game/2DSideScrollerBP/Maps/FOTWO01.FOTWO01:PersistentLevel.FOTWO01' with GeneratedClass '/Game/2DSideScrollerBP/Maps/FOTWO01.FOTWO01_C' with ClassGeneratedBy '/Game/2DSideScrollerBP/Maps/FOTWO01.FOTWO01:PersistentLevel.FOTWO01'
[2017.08.24-09.16.20:521][ 42]BlueprintLog: New page: Compile ArchHUD
[2017.08.24-09.16.20:934][ 42]LogSavePackage: Save=146.06ms
[2017.08.24-09.16.20:934][ 42]LogSavePackage: Moving '../../../../../../Unreal/FOTWO/source/FOTWO02/Saved/ArchHUD532FB64644267767FA7ADAA47F2B3D48.tmp' to '../../../../../../Unreal/FOTWO/source/FOTWO02/Content/2DSideScrollerBP/Blueprints/User_Interface/ArchHUD.uasset'
[2017.08.24-09.16.20:936][ 42]LogSavePackage:Display: Finished SavePackage ../../../../../../Unreal/FOTWO/source/FOTWO02/Content/2DSideScrollerBP/Blueprints/User_Interface/ArchHUD.uasset
[2017.08.24-09.16.20:940][ 42]BlueprintEditorCompileResults: Info Fast Template Successfully Created.
[2017.08.24-09.16.23:298][180]LogTemp: Repeting last play command: Selected Viewport
[2017.08.24-09.16.23:317][180]LogBlueprintUserMessages: Early PlayInEditor Detection: Level '/Game/2DSideScrollerBP/Maps/FOTWO01.FOTWO01:PersistentLevel' has LevelScriptBlueprint '/Game/2DSideScrollerBP/Maps/FOTWO01.FOTWO01:PersistentLevel.FOTWO01' with GeneratedClass '/Game/2DSideScrollerBP/Maps/FOTWO01.FOTWO01_C' with ClassGeneratedBy '/Game/2DSideScrollerBP/Maps/FOTWO01.FOTWO01:PersistentLevel.FOTWO01'
[2017.08.24-09.16.23:317][180]LogPlayLevel: PlayLevel: No blueprints needed recompiling
[2017.08.24-09.16.23:317][180]PIE: New page: PIE session: FOTWO01 (24 Aug 2017 13:16:23)
[2017.08.24-09.16.23:317][180]LogPlayLevel: Creating play world package: /Game/2DSideScrollerBP/Maps/UEDPIE_0_FOTWO01
[2017.08.24-09.16.23:318][180]LogPlayLevel: PIE: StaticDuplicateObject took: (0.001225s)
[2017.08.24-09.16.23:319][180]LogAIModule: Creating AISystem for world FOTWO01
[2017.08.24-09.16.23:319][180]LogPlayLevel: PIE: World Init took: (0.000503s)
[2017.08.24-09.16.23:319][180]LogPlayLevel: PIE: Created PIE world by copying editor world from /Game/2DSideScrollerBP/Maps/FOTWO01.FOTWO01 to /Game/2DSideScrollerBP/Maps/UEDPIE_0_FOTWO01.FOTWO01 (0.001875s)
[2017.08.24-09.16.23:342][180]LogInit: XAudio2 using 'Headset Earphone (3- Microsoft LifeChat LX-3000)' : 2 channels at 48 kHz using 16 bits per sample (channel mask 0x3)
[2017.08.24-09.16.23:347][180]LogInit: FAudioDevice initialized.
[2017.08.24-09.16.23:377][180]LogLoad: Game class is 'FOTWOGameMode_C'
[2017.08.24-09.16.23:381][180]LogWorld: Bringing World /Game/2DSideScrollerBP/Maps/UEDPIE_0_FOTWO01.FOTWO01 up for play (max tick rate 60) at 2017.08.24-11.16.23
[2017.08.24-09.16.23:381][180]LogWorld: Bringing up level for play took: 0.001635
[2017.08.24-09.16.23:406][180]PIE: Info Play in editor start time for /Game/2DSideScrollerBP/Maps/UEDPIE_0_FOTWO01 -0.445
[2017.08.24-09.16.23:406][180]LogBlueprintUserMessages: Late PlayInEditor Detection: Level '/Game/2DSideScrollerBP/Maps/FOTWO01.FOTWO01:PersistentLevel' has LevelScriptBlueprint '/Game/2DSideScrollerBP/Maps/FOTWO01.FOTWO01:PersistentLevel.FOTWO01' with GeneratedClass '/Game/2DSideScrollerBP/Maps/FOTWO01.FOTWO01_C' with ClassGeneratedBy '/Game/2DSideScrollerBP/Maps/FOTWO01.FOTWO01:PersistentLevel.FOTWO01'
[2017.08.24-09.16.46:812][584]LogBlueprintUserMessages: Early EndPlayMap Detection: Level '/Game/2DSideScrollerBP/Maps/FOTWO01.FOTWO01:PersistentLevel' has LevelScriptBlueprint '/Game/2DSideScrollerBP/Maps/FOTWO01.FOTWO01:PersistentLevel.FOTWO01' with GeneratedClass '/Game/2DSideScrollerBP/Maps/FOTWO01.FOTWO01_C' with ClassGeneratedBy '/Game/2DSideScrollerBP/Maps/FOTWO01.FOTWO01:PersistentLevel.FOTWO01'
[2017.08.24-09.16.46:863][584]LogBlueprintUserMessages: Late EndPlayMap Detection: Level '/Game/2DSideScrollerBP/Maps/FOTWO01.FOTWO01:PersistentLevel' has LevelScriptBlueprint '/Game/2DSideScrollerBP/Maps/FOTWO01.FOTWO01:PersistentLevel.FOTWO01' with GeneratedClass '/Game/2DSideScrollerBP/Maps/FOTWO01.FOTWO01_C' with ClassGeneratedBy '/Game/2DSideScrollerBP/Maps/FOTWO01.FOTWO01:PersistentLevel.FOTWO01'
[2017.08.24-09.22.56:309][310]LogSavePackage: Save=150.71ms
[2017.08.24-09.22.56:309][310]LogSavePackage: Moving '../../../../../../Unreal/FOTWO/source/FOTWO02/Saved/FOTWO01_Auto1E89C9ABD4B0841B16AEF8F916B726FE1.tmp' to '../../../../../../Unreal/FOTWO/source/FOTWO02/Saved/Autosaves/Game/2DSideScrollerBP/Maps/FOTWO01_Auto1.umap'
[2017.08.24-09.22.56:311][310]LogSavePackage:Display: Finished SavePackage ../../../../../../Unreal/FOTWO/source/FOTWO02/Saved/Autosaves/Game/2DSideScrollerBP/Maps/FOTWO01_Auto1.umap
[2017.08.24-09.22.56:313][310]LogFileHelpers: Editor autosave (incl. sublevels) for '/Game/2DSideScrollerBP/Maps/FOTWO01' took 0.236
[2017.08.24-09.22.56:313][310]LogFileHelpers: Editor autosave (incl. sublevels) for all levels took 0.236
[2017.08.24-09.29.39:962][899]BlueprintLog: New page: Compile NationBAU
[2017.08.24-09.29.41:371][899]LogSavePackage: Save=599.90ms
[2017.08.24-09.29.41:371][899]LogSavePackage: Moving '../../../../../../Unreal/FOTWO/source/FOTWO02/Saved/NationBAUE9E0BCC249413852830FB3BEF964490F.tmp' to '../../../../../../Unreal/FOTWO/source/FOTWO02/Content/2DSideScrollerBP/Blueprints/Simulation/NationBAU.uasset'
[2017.08.24-09.29.41:374][899]LogSavePackage:Display: Finished SavePackage ../../../../../../Unreal/FOTWO/source/FOTWO02/Content/2DSideScrollerBP/Blueprints/Simulation/NationBAU.uasset
[2017.08.24-09.29.46:571][160]BlueprintLog: New page: Compile NationBAU
[2017.08.24-09.29.47:989][160]LogSavePackage: Save=571.88ms
[2017.08.24-09.29.47:989][160]LogSavePackage: Moving '../../../../../../Unreal/FOTWO/source/FOTWO02/Saved/NationBAUB23D2C5F422D2672448AA1AD2F704B88.tmp' to '../../../../../../Unreal/FOTWO/source/FOTWO02/Content/2DSideScrollerBP/Blueprints/Simulation/NationBAU.uasset'
[2017.08.24-09.29.47:992][160]LogSavePackage:Display: Finished SavePackage ../../../../../../Unreal/FOTWO/source/FOTWO02/Content/2DSideScrollerBP/Blueprints/Simulation/NationBAU.uasset
[2017.08.24-09.32.28:319][360]BlueprintLog: New page: Compile NationBAU
[2017.08.24-09.32.29:807][360]LogSavePackage: Save=620.40ms
[2017.08.24-09.32.29:807][360]LogSavePackage: Moving '../../../../../../Unreal/FOTWO/source/FOTWO02/Saved/NationBAU723DA8FB4DCF1259CEF347AF7AC67361.tmp' to '../../../../../../Unreal/FOTWO/source/FOTWO02/Content/2DSideScrollerBP/Blueprints/Simulation/NationBAU.uasset'
[2017.08.24-09.32.29:810][360]LogSavePackage:Display: Finished SavePackage ../../../../../../Unreal/FOTWO/source/FOTWO02/Content/2DSideScrollerBP/Blueprints/Simulation/NationBAU.uasset
[2017.08.24-09.32.32:315][471]LogTemp: Repeting last play command: Selected Viewport
[2017.08.24-09.32.32:337][471]LogBlueprintUserMessages: Early PlayInEditor Detection: Level '/Game/2DSideScrollerBP/Maps/FOTWO01.FOTWO01:PersistentLevel' has LevelScriptBlueprint '/Game/2DSideScrollerBP/Maps/FOTWO01.FOTWO01:PersistentLevel.FOTWO01' with GeneratedClass '/Game/2DSideScrollerBP/Maps/FOTWO01.FOTWO01_C' with ClassGeneratedBy '/Game/2DSideScrollerBP/Maps/FOTWO01.FOTWO01:PersistentLevel.FOTWO01'
[2017.08.24-09.32.32:337][471]LogPlayLevel: PlayLevel: No blueprints needed recompiling
[2017.08.24-09.32.32:337][471]PIE: New page: PIE session: FOTWO01 (24 Aug 2017 13:32:32)
[2017.08.24-09.32.32:337][471]LogPlayLevel: Creating play world package: /Game/2DSideScrollerBP/Maps/UEDPIE_0_FOTWO01
[2017.08.24-09.32.32:338][471]LogPlayLevel: PIE: StaticDuplicateObject took: (0.001238s)
[2017.08.24-09.32.32:339][471]LogAIModule: Creating AISystem for world FOTWO01
[2017.08.24-09.32.32:339][471]LogPlayLevel: PIE: World Init took: (0.000549s)
[2017.08.24-09.32.32:339][471]LogPlayLevel: PIE: Created PIE world by copying editor world from /Game/2DSideScrollerBP/Maps/FOTWO01.FOTWO01 to /Game/2DSideScrollerBP/Maps/UEDPIE_0_FOTWO01.FOTWO01 (0.001923s)
[2017.08.24-09.32.32:363][471]LogInit: XAudio2 using 'Headset Earphone (3- Microsoft LifeChat LX-3000)' : 2 channels at 48 kHz using 16 bits per sample (channel mask 0x3)
[2017.08.24-09.32.32:369][471]LogInit: FAudioDevice initialized.
[2017.08.24-09.32.32:401][471]LogLoad: Game class is 'FOTWOGameMode_C'
[2017.08.24-09.32.32:404][471]LogWorld: Bringing World /Game/2DSideScrollerBP/Maps/UEDPIE_0_FOTWO01.FOTWO01 up for play (max tick rate 60) at 2017.08.24-11.32.32
[2017.08.24-09.32.32:404][471]LogWorld: Bringing up level for play took: 0.001043
[2017.08.24-09.32.32:427][471]PIE: Info Play in editor start time for /Game/2DSideScrollerBP/Maps/UEDPIE_0_FOTWO01 0.576
[2017.08.24-09.32.32:428][471]LogBlueprintUserMessages: Late PlayInEditor Detection: Level '/Game/2DSideScrollerBP/Maps/FOTWO01.FOTWO01:PersistentLevel' has LevelScriptBlueprint '/Game/2DSideScrollerBP/Maps/FOTWO01.FOTWO01:PersistentLevel.FOTWO01' with GeneratedClass '/Game/2DSideScrollerBP/Maps/FOTWO01.FOTWO01_C' with ClassGeneratedBy '/Game/2DSideScrollerBP/Maps/FOTWO01.FOTWO01:PersistentLevel.FOTWO01'
[2017.08.24-09.46.17:265][469]LogBlueprintUserMessages: Early EndPlayMap Detection: Level '/Game/2DSideScrollerBP/Maps/FOTWO01.FOTWO01:PersistentLevel' has LevelScriptBlueprint '/Game/2DSideScrollerBP/Maps/FOTWO01.FOTWO01:PersistentLevel.FOTWO01' with GeneratedClass '/Game/2DSideScrollerBP/Maps/FOTWO01.FOTWO01_C' with ClassGeneratedBy '/Game/2DSideScrollerBP/Maps/FOTWO01.FOTWO01:PersistentLevel.FOTWO01'
[2017.08.24-09.46.17:369][469]LogBlueprintUserMessages: Late EndPlayMap Detection: Level '/Game/2DSideScrollerBP/Maps/FOTWO01.FOTWO01:PersistentLevel' has LevelScriptBlueprint '/Game/2DSideScrollerBP/Maps/FOTWO01.FOTWO01:PersistentLevel.FOTWO01' with GeneratedClass '/Game/2DSideScrollerBP/Maps/FOTWO01.FOTWO01_C' with ClassGeneratedBy '/Game/2DSideScrollerBP/Maps/FOTWO01.FOTWO01:PersistentLevel.FOTWO01'
[2017.08.24-09.46.59:357][548]LogSavePackage: Save=208.53ms
[2017.08.24-09.46.59:357][548]LogSavePackage: Moving '../../../../../../Unreal/FOTWO/source/FOTWO02/Saved/FOTWO01_Auto211678AE3452C4DFBB69E578F7CBD4083.tmp' to '../../../../../../Unreal/FOTWO/source/FOTWO02/Saved/Autosaves/Game/2DSideScrollerBP/Maps/FOTWO01_Auto2.umap'
[2017.08.24-09.46.59:361][548]LogSavePackage:Display: Finished SavePackage ../../../../../../Unreal/FOTWO/source/FOTWO02/Saved/Autosaves/Game/2DSideScrollerBP/Maps/FOTWO01_Auto2.umap
[2017.08.24-09.46.59:366][548]LogFileHelpers: Editor autosave (incl. sublevels) for '/Game/2DSideScrollerBP/Maps/FOTWO01' took 0.324
[2017.08.24-09.46.59:366][548]LogFileHelpers: Editor autosave (incl. sublevels) for all levels took 0.324
[2017.08.24-09.46.59:374][548]OBJ SavePackage: Generating thumbnails for [0] asset(s) in package [/Game/2DSideScrollerBP/Blueprints/Simulation/NationBAU] ([1] browsable assets)...
[2017.08.24-09.46.59:374][548]OBJ SavePackage: Finished generating thumbnails for package [/Game/2DSideScrollerBP/Blueprints/Simulation/NationBAU]
[2017.08.24-09.47.00:266][548]LogSavePackage: Save=793.69ms
[2017.08.24-09.47.00:266][548]LogSavePackage: Moving '../../../../../../Unreal/FOTWO/source/FOTWO02/Saved/NationBAU_Auto2DF12010C4C9244A47BC0A791DD943794.tmp' to '../../../../../../Unreal/FOTWO/source/FOTWO02/Saved/Autosaves/Game/2DSideScrollerBP/Blueprints/Simulation/NationBAU_Auto2.uasset'
[2017.08.24-09.47.00:268][548]LogSavePackage:Display: Finished SavePackage ../../../../../../Unreal/FOTWO/source/FOTWO02/Saved/Autosaves/Game/2DSideScrollerBP/Blueprints/Simulation/NationBAU_Auto2.uasset
[2017.08.24-09.47.00:268][548]LogFileHelpers: Auto-saving content packages took 0.899
[2017.08.24-10.07.49:735][463]BlueprintLog: New page: Compile NationBAU
[2017.08.24-10.07.51:268][463]LogSavePackage: Save=593.67ms
[2017.08.24-10.07.51:268][463]LogSavePackage: Moving '../../../../../../Unreal/FOTWO/source/FOTWO02/Saved/NationBAU18DE5D46452AC6EBF37F049CFD800E20.tmp' to '../../../../../../Unreal/FOTWO/source/FOTWO02/Content/2DSideScrollerBP/Blueprints/Simulation/NationBAU.uasset'
[2017.08.24-10.07.51:272][463]LogSavePackage:Display: Finished SavePackage ../../../../../../Unreal/FOTWO/source/FOTWO02/Content/2DSideScrollerBP/Blueprints/Simulation/NationBAU.uasset
[2017.08.24-10.07.53:908][580]LogTemp: Repeting last play command: Selected Viewport
[2017.08.24-10.07.53:927][580]LogBlueprintUserMessages: Early PlayInEditor Detection: Level '/Game/2DSideScrollerBP/Maps/FOTWO01.FOTWO01:PersistentLevel' has LevelScriptBlueprint '/Game/2DSideScrollerBP/Maps/FOTWO01.FOTWO01:PersistentLevel.FOTWO01' with GeneratedClass '/Game/2DSideScrollerBP/Maps/FOTWO01.FOTWO01_C' with ClassGeneratedBy '/Game/2DSideScrollerBP/Maps/FOTWO01.FOTWO01:PersistentLevel.FOTWO01'
[2017.08.24-10.07.53:927][580]LogPlayLevel: PlayLevel: No blueprints needed recompiling
[2017.08.24-10.07.53:927][580]PIE: New page: PIE session: FOTWO01 (24 Aug 2017 14:07:53)
[2017.08.24-10.07.53:928][580]LogPlayLevel: Creating play world package: /Game/2DSideScrollerBP/Maps/UEDPIE_0_FOTWO01
[2017.08.24-10.07.53:929][580]LogPlayLevel: PIE: StaticDuplicateObject took: (0.001317s)
[2017.08.24-10.07.53:929][580]LogAIModule: Creating AISystem for world FOTWO01
[2017.08.24-10.07.53:929][580]LogPlayLevel: PIE: World Init took: (0.000558s)
[2017.08.24-10.07.53:930][580]LogPlayLevel: PIE: Created PIE world by copying editor world from /Game/2DSideScrollerBP/Maps/FOTWO01.FOTWO01 to /Game/2DSideScrollerBP/Maps/UEDPIE_0_FOTWO01.FOTWO01 (0.002043s)
[2017.08.24-10.07.53:950][580]LogInit: XAudio2 using 'Headset Earphone (3- Microsoft LifeChat LX-3000)' : 2 channels at 48 kHz using 16 bits per sample (channel mask 0x3)
[2017.08.24-10.07.53:957][580]LogInit: FAudioDevice initialized.
[2017.08.24-10.07.53:988][580]LogLoad: Game class is 'FOTWOGameMode_C'
[2017.08.24-10.07.53:990][580]LogWorld: Bringing World /Game/2DSideScrollerBP/Maps/UEDPIE_0_FOTWO01.FOTWO01 up for play (max tick rate 60) at 2017.08.24-12.07.53
[2017.08.24-10.07.53:990][580]LogWorld: Bringing up level for play took: 0.000981
[2017.08.24-10.07.54:001][580]PIE: Info Play in editor start time for /Game/2DSideScrollerBP/Maps/UEDPIE_0_FOTWO01 0.151
[2017.08.24-10.07.54:001][580]LogBlueprintUserMessages: Late PlayInEditor Detection: Level '/Game/2DSideScrollerBP/Maps/FOTWO01.FOTWO01:PersistentLevel' has LevelScriptBlueprint '/Game/2DSideScrollerBP/Maps/FOTWO01.FOTWO01:PersistentLevel.FOTWO01' with GeneratedClass '/Game/2DSideScrollerBP/Maps/FOTWO01.FOTWO01_C' with ClassGeneratedBy '/Game/2DSideScrollerBP/Maps/FOTWO01.FOTWO01:PersistentLevel.FOTWO01'
[2017.08.24-10.08.40:559][308]LogBlueprintUserMessages: Early EndPlayMap Detection: Level '/Game/2DSideScrollerBP/Maps/FOTWO01.FOTWO01:PersistentLevel' has LevelScriptBlueprint '/Game/2DSideScrollerBP/Maps/FOTWO01.FOTWO01:PersistentLevel.FOTWO01' with GeneratedClass '/Game/2DSideScrollerBP/Maps/FOTWO01.FOTWO01_C' with ClassGeneratedBy '/Game/2DSideScrollerBP/Maps/FOTWO01.FOTWO01:PersistentLevel.FOTWO01'
[2017.08.24-10.08.40:635][308]LogBlueprintUserMessages: Late EndPlayMap Detection: Level '/Game/2DSideScrollerBP/Maps/FOTWO01.FOTWO01:PersistentLevel' has LevelScriptBlueprint '/Game/2DSideScrollerBP/Maps/FOTWO01.FOTWO01:PersistentLevel.FOTWO01' with GeneratedClass '/Game/2DSideScrollerBP/Maps/FOTWO01.FOTWO01_C' with ClassGeneratedBy '/Game/2DSideScrollerBP/Maps/FOTWO01.FOTWO01:PersistentLevel.FOTWO01'
[2017.08.24-10.09.40:750][191]BlueprintLog: New page: Compile NationBAU
[2017.08.24-10.09.42:387][191]LogSavePackage: Save=755.35ms
[2017.08.24-10.09.42:387][191]LogSavePackage: Moving '../../../../../../Unreal/FOTWO/source/FOTWO02/Saved/NationBAUCB1D810D455D7D72853633AAEB4FC8B6.tmp' to '../../../../../../Unreal/FOTWO/source/FOTWO02/Content/2DSideScrollerBP/Blueprints/Simulation/NationBAU.uasset'
[2017.08.24-10.09.42:390][191]LogSavePackage:Display: Finished SavePackage ../../../../../../Unreal/FOTWO/source/FOTWO02/Content/2DSideScrollerBP/Blueprints/Simulation/NationBAU.uasset
[2017.08.24-10.10.10:958][480]LogSavePackage: Save=111.51ms
[2017.08.24-10.10.10:958][480]LogSavePackage: Moving '../../../../../../Unreal/FOTWO/source/FOTWO02/Saved/FOTWO01_Auto39549DA6D42E15C6FDB07508334B2A435.tmp' to '../../../../../../Unreal/FOTWO/source/FOTWO02/Saved/Autosaves/Game/2DSideScrollerBP/Maps/FOTWO01_Auto3.umap'
[2017.08.24-10.10.10:959][480]LogSavePackage:Display: Finished SavePackage ../../../../../../Unreal/FOTWO/source/FOTWO02/Saved/Autosaves/Game/2DSideScrollerBP/Maps/FOTWO01_Auto3.umap
[2017.08.24-10.10.10:961][480]LogFileHelpers: Editor autosave (incl. sublevels) for '/Game/2DSideScrollerBP/Maps/FOTWO01' took 0.212
[2017.08.24-10.10.10:961][480]LogFileHelpers: Editor autosave (incl. sublevels) for all levels took 0.212
[2017.08.24-10.13.40:412][564]BlueprintLog: New page: Compile NationBAU
[2017.08.24-10.13.41:895][564]LogSavePackage: Save=594.73ms
[2017.08.24-10.13.41:895][564]LogSavePackage: Moving '../../../../../../Unreal/FOTWO/source/FOTWO02/Saved/NationBAUA0F68676419F95927A43C884D421EB62.tmp' to '../../../../../../Unreal/FOTWO/source/FOTWO02/Content/2DSideScrollerBP/Blueprints/Simulation/NationBAU.uasset'
[2017.08.24-10.13.41:898][564]LogSavePackage:Display: Finished SavePackage ../../../../../../Unreal/FOTWO/source/FOTWO02/Content/2DSideScrollerBP/Blueprints/Simulation/NationBAU.uasset
[2017.08.24-10.20.11:875][270]LogSavePackage: Save=141.61ms
[2017.08.24-10.20.11:875][270]LogSavePackage: Moving '../../../../../../Unreal/FOTWO/source/FOTWO02/Saved/FOTWO01_Auto411CF2E1E4711D16D2B7EBA918B900869.tmp' to '../../../../../../Unreal/FOTWO/source/FOTWO02/Saved/Autosaves/Game/2DSideScrollerBP/Maps/FOTWO01_Auto4.umap'
[2017.08.24-10.20.11:876][270]LogSavePackage:Display: Finished SavePackage ../../../../../../Unreal/FOTWO/source/FOTWO02/Saved/Autosaves/Game/2DSideScrollerBP/Maps/FOTWO01_Auto4.umap
[2017.08.24-10.20.11:878][270]LogFileHelpers: Editor autosave (incl. sublevels) for '/Game/2DSideScrollerBP/Maps/FOTWO01' took 0.227
[2017.08.24-10.20.11:878][270]LogFileHelpers: Editor autosave (incl. sublevels) for all levels took 0.227
[2017.08.24-10.25.46:221][814]BlueprintLog: New page: Compile NationBAU
[2017.08.24-10.25.47:656][814]LogSavePackage: Save=588.02ms
[2017.08.24-10.25.47:656][814]LogSavePackage: Moving '../../../../../../Unreal/FOTWO/source/FOTWO02/Saved/NationBAU70FB053B4A73EEE5BF3BF1A042FDF547.tmp' to '../../../../../../Unreal/FOTWO/source/FOTWO02/Content/2DSideScrollerBP/Blueprints/Simulation/NationBAU.uasset'
[2017.08.24-10.25.47:661][814]LogSavePackage:Display: Finished SavePackage ../../../../../../Unreal/FOTWO/source/FOTWO02/Content/2DSideScrollerBP/Blueprints/Simulation/NationBAU.uasset
[2017.08.24-10.25.53:892][142]LogTemp: Repeting last play command: Selected Viewport
[2017.08.24-10.25.53:911][142]LogBlueprintUserMessages: Early PlayInEditor Detection: Level '/Game/2DSideScrollerBP/Maps/FOTWO01.FOTWO01:PersistentLevel' has LevelScriptBlueprint '/Game/2DSideScrollerBP/Maps/FOTWO01.FOTWO01:PersistentLevel.FOTWO01' with GeneratedClass '/Game/2DSideScrollerBP/Maps/FOTWO01.FOTWO01_C' with ClassGeneratedBy '/Game/2DSideScrollerBP/Maps/FOTWO01.FOTWO01:PersistentLevel.FOTWO01'
[2017.08.24-10.25.53:911][142]LogPlayLevel: PlayLevel: No blueprints needed recompiling
[2017.08.24-10.25.53:912][142]PIE: New page: PIE session: FOTWO01 (24 Aug 2017 14:25:53)
[2017.08.24-10.25.53:912][142]LogPlayLevel: Creating play world package: /Game/2DSideScrollerBP/Maps/UEDPIE_0_FOTWO01
[2017.08.24-10.25.53:913][142]LogPlayLevel: PIE: StaticDuplicateObject took: (0.001381s)
[2017.08.24-10.25.53:913][142]LogAIModule: Creating AISystem for world FOTWO01
[2017.08.24-10.25.53:914][142]LogPlayLevel: PIE: World Init took: (0.000570s)
[2017.08.24-10.25.53:914][142]LogPlayLevel: PIE: Created PIE world by copying editor world from /Game/2DSideScrollerBP/Maps/FOTWO01.FOTWO01 to /Game/2DSideScrollerBP/Maps/UEDPIE_0_FOTWO01.FOTWO01 (0.002158s)
[2017.08.24-10.25.53:939][142]LogInit: XAudio2 using 'Headset Earphone (3- Microsoft LifeChat LX-3000)' : 2 channels at 48 kHz using 16 bits per sample (channel mask 0x3)
[2017.08.24-10.25.53:945][142]LogInit: FAudioDevice initialized.
[2017.08.24-10.25.53:981][142]LogLoad: Game class is 'FOTWOGameMode_C'
[2017.08.24-10.25.53:985][142]LogWorld: Bringing World /Game/2DSideScrollerBP/Maps/UEDPIE_0_FOTWO01.FOTWO01 up for play (max tick rate 60) at 2017.08.24-12.25.53
[2017.08.24-10.25.53:986][142]LogWorld: Bringing up level for play took: 0.002056
[2017.08.24-10.25.54:009][142]PIE: Info Play in editor start time for /Game/2DSideScrollerBP/Maps/UEDPIE_0_FOTWO01 0.158
[2017.08.24-10.25.54:009][142]LogBlueprintUserMessages: Late PlayInEditor Detection: Level '/Game/2DSideScrollerBP/Maps/FOTWO01.FOTWO01:PersistentLevel' has LevelScriptBlueprint '/Game/2DSideScrollerBP/Maps/FOTWO01.FOTWO01:PersistentLevel.FOTWO01' with GeneratedClass '/Game/2DSideScrollerBP/Maps/FOTWO01.FOTWO01_C' with ClassGeneratedBy '/Game/2DSideScrollerBP/Maps/FOTWO01.FOTWO01:PersistentLevel.FOTWO01'
[2017.08.24-10.26.08:865][ 33]LogBlueprintUserMessages: Early EndPlayMap Detection: Level '/Game/2DSideScrollerBP/Maps/FOTWO01.FOTWO01:PersistentLevel' has LevelScriptBlueprint '/Game/2DSideScrollerBP/Maps/FOTWO01.FOTWO01:PersistentLevel.FOTWO01' with GeneratedClass '/Game/2DSideScrollerBP/Maps/FOTWO01.FOTWO01_C' with ClassGeneratedBy '/Game/2DSideScrollerBP/Maps/FOTWO01.FOTWO01:PersistentLevel.FOTWO01'
[2017.08.24-10.26.08:940][ 33]LogBlueprintUserMessages: Late EndPlayMap Detection: Level '/Game/2DSideScrollerBP/Maps/FOTWO01.FOTWO01:PersistentLevel' has LevelScriptBlueprint '/Game/2DSideScrollerBP/Maps/FOTWO01.FOTWO01:PersistentLevel.FOTWO01' with GeneratedClass '/Game/2DSideScrollerBP/Maps/FOTWO01.FOTWO01_C' with ClassGeneratedBy '/Game/2DSideScrollerBP/Maps/FOTWO01.FOTWO01:PersistentLevel.FOTWO01'
[2017.08.24-10.30.27:635][536]LogSavePackage: Save=112.31ms
[2017.08.24-10.30.27:636][536]LogSavePackage: Moving '../../../../../../Unreal/FOTWO/source/FOTWO02/Saved/FOTWO01_Auto5D3FD92FD4A2FFC2C8127D1AC85D1A880.tmp' to '../../../../../../Unreal/FOTWO/source/FOTWO02/Saved/Autosaves/Game/2DSideScrollerBP/Maps/FOTWO01_Auto5.umap'
[2017.08.24-10.30.27:639][536]LogSavePackage:Display: Finished SavePackage ../../../../../../Unreal/FOTWO/source/FOTWO02/Saved/Autosaves/Game/2DSideScrollerBP/Maps/FOTWO01_Auto5.umap
[2017.08.24-10.30.27:645][536]LogFileHelpers: Editor autosave (incl. sublevels) for '/Game/2DSideScrollerBP/Maps/FOTWO01' took 0.211
[2017.08.24-10.30.27:645][536]LogFileHelpers: Editor autosave (incl. sublevels) for all levels took 0.211
[2017.08.24-15.22.21:954][693]LogSavePackage: Save=135.13ms
[2017.08.24-15.22.21:954][693]LogSavePackage: Moving '../../../../../../Unreal/FOTWO/source/FOTWO02/Saved/FOTWO011F19C9FC4B4698BFDE255FAEA4D0C3D0.tmp' to '../../../../../../Unreal/FOTWO/source/FOTWO02/Content/2DSideScrollerBP/Maps/FOTWO01.umap'
[2017.08.24-15.22.21:958][693]LogSavePackage:Display: Finished SavePackage ../../../../../../Unreal/FOTWO/source/FOTWO02/Content/2DSideScrollerBP/Maps/FOTWO01.umap
[2017.08.24-15.22.21:994][693]LogFileHelpers: Saving map 'FOTWO01' took 0.284
[2017.08.24-15.22.22:449][693]LogWindowsTextInputMethodSystem:Display: IME system now deactivated.
[2017.08.24-15.22.22:773][694]Cmd: QUIT_EDITOR
[2017.08.24-15.22.22:874][694]LogExit: Preparing to exit.
[2017.08.24-15.22.23:796][694]LogDirectoryWatcher: A directory notification for 'C:/Unreal/FOTWO/source/FOTWO02/Content/' was aborted.
[2017.08.24-15.22.23:901][694]LogExit: Editor shut down
[2017.08.24-15.22.23:931][694]LogExit: Transaction tracking system shut down
[2017.08.24-15.22.24:127][694]LogObj: Freed 0b from 0 cluster array pools.
[2017.08.24-15.22.24:128][694]LogExit: Object subsystem successfully closed.
[2017.08.24-15.22.24:161][694]LogD3D11RHI: Shutdown
[2017.08.24-15.22.24:161][694]LogD3D11RHI: CleanupD3DDevice
[2017.08.24-15.22.24:215][694]LogD3D11RHI: ~FD3D11DynamicRHI
[2017.08.24-15.22.24:237][694]LogModuleManager: Shutting down and abandoning module SequencerWidgets (532)
[2017.08.24-15.22.24:237][694]LogModuleManager: Shutting down and abandoning module BlueprintGraph (530)
[2017.08.24-15.22.24:237][694]LogModuleManager: Shutting down and abandoning module BlueprintProfiler (528)
[2017.08.24-15.22.24:237][694]LogModuleManager: Shutting down and abandoning module MovieSceneCapture (526)
[2017.08.24-15.22.24:237][694]LogModuleManager: Shutting down and abandoning module StatsViewer (524)
[2017.08.24-15.22.24:238][694]LogModuleManager: Shutting down and abandoning module HierarchicalLODOutliner (522)
[2017.08.24-15.22.24:238][694]LogModuleManager: Shutting down and abandoning module CrashTracker (520)
[2017.08.24-15.22.24:238][694]LogModuleManager: Shutting down and abandoning module SceneOutliner (518)
[2017.08.24-15.22.24:238][694]LogModuleManager: Shutting down and abandoning module AddContentDialog (516)
[2017.08.24-15.22.24:238][694]LogDirectoryWatcher: A directory notification for 'C:/Program Files/Epic Games/UE_4.16/FeaturePacks/' was aborted.
[2017.08.24-15.22.24:242][694]LogModuleManager: Shutting down and abandoning module WidgetCarousel (515)
[2017.08.24-15.22.24:242][694]LogModuleManager: Shutting down and abandoning module EditorWidgets (512)
[2017.08.24-15.22.24:243][694]LogModuleManager: Shutting down and abandoning module CollectionManager (510)
[2017.08.24-15.22.24:243][694]LogDirectoryWatcher: A directory notification for 'C:/Unreal/FOTWO/source/FOTWO02/Content/Collections/' was aborted.
[2017.08.24-15.22.24:243][694]LogDirectoryWatcher: A directory notification for 'C:/Unreal/FOTWO/source/FOTWO02/Content/Developers/vonkl/Collections/' was aborted.
[2017.08.24-15.22.24:243][694]LogDirectoryWatcher: A directory notification for 'C:/Unreal/FOTWO/source/FOTWO02/Saved/Collections/' was aborted.
[2017.08.24-15.22.24:243][694]LogModuleManager: Shutting down and abandoning module FoliageEdit (508)
[2017.08.24-15.22.24:243][694]LogModuleManager: Shutting down and abandoning module LandscapeEditor (506)
[2017.08.24-15.22.24:243][694]LogModuleManager: Shutting down and abandoning module MeshPaintMode (504)
[2017.08.24-15.22.24:243][694]LogModuleManager: Shutting down and abandoning module SceneDepthPickerMode (502)
[2017.08.24-15.22.24:243][694]LogModuleManager: Shutting down and abandoning module ActorPickerMode (500)
[2017.08.24-15.22.24:243][694]LogModuleManager: Shutting down and abandoning module GeometryMode (498)
[2017.08.24-15.22.24:243][694]LogModuleManager: Shutting down and abandoning module TextureAlignMode (496)
[2017.08.24-15.22.24:243][694]LogModuleManager: Shutting down and abandoning module BspMode (494)
[2017.08.24-15.22.24:243][694]LogModuleManager: Shutting down and abandoning module HardwareSurvey (492)
[2017.08.24-15.22.24:243][694]LogModuleManager: Shutting down and abandoning module SequenceRecorderSections (490)
[2017.08.24-15.22.24:243][694]LogModuleManager: Shutting down and abandoning module AutomationWorker (488)
[2017.08.24-15.22.24:243][694]LogModuleManager: Shutting down and abandoning module MatineeToLevelSequence (486)
[2017.08.24-15.22.24:243][694]LogModuleManager: Shutting down and abandoning module LevelSequenceEditor (484)
[2017.08.24-15.22.24:244][694]LogModuleManager: Shutting down and abandoning module PlacementMode (483)
[2017.08.24-15.22.24:244][694]LogModuleManager: Shutting down and abandoning module WmfMediaFactory (480)
[2017.08.24-15.22.24:244][694]LogModuleManager: Shutting down and abandoning module WmfMediaEditor (478)
[2017.08.24-15.22.24:244][694]LogModuleManager: Shutting down and abandoning module AvfMediaFactory (476)
[2017.08.24-15.22.24:244][694]LogModuleManager: Shutting down and abandoning module AvfMediaEditor (474)
[2017.08.24-15.22.24:244][694]LogModuleManager: Shutting down and abandoning module AndroidMediaFactory (472)
[2017.08.24-15.22.24:244][694]LogModuleManager: Shutting down and abandoning module Media (471)
[2017.08.24-15.22.24:244][694]LogModuleManager: Shutting down and abandoning module AndroidMediaEditor (468)
[2017.08.24-15.22.24:244][694]LogModuleManager: Shutting down and abandoning module CharacterAI (466)
[2017.08.24-15.22.24:244][694]LogModuleManager: Shutting down and abandoning module AudioCapture (464)
[2017.08.24-15.22.24:244][694]LogModuleManager: Shutting down and abandoning module SequenceRecorder (463)
[2017.08.24-15.22.24:244][694]LogModuleManager: Shutting down and abandoning module SmartSnapping (460)
[2017.08.24-15.22.24:244][694]LogModuleManager: Shutting down and abandoning module SessionServices (458)
[2017.08.24-15.22.24:244][694]LogModuleManager: Shutting down and abandoning module ViewportSnapping (456)
[2017.08.24-15.22.24:244][694]LogModuleManager: Shutting down and abandoning module ViewportInteraction (454)
[2017.08.24-15.22.24:244][694]LogModuleManager: Shutting down and abandoning module ClothPainter (452)
[2017.08.24-15.22.24:245][694]LogModuleManager: Shutting down and abandoning module LogVisualizer (450)
[2017.08.24-15.22.24:245][694]LogModuleManager: Shutting down and abandoning module IntroTutorials (448)
[2017.08.24-15.22.24:245][694]LogModuleManager: Shutting down and abandoning module GameProjectGeneration (447)
[2017.08.24-15.22.24:246][694]LogModuleManager: Shutting down and abandoning module EditorLiveStreaming (444)
[2017.08.24-15.22.24:246][694]LogModuleManager: Shutting down and abandoning module IOSPlatformEditor (442)
[2017.08.24-15.22.24:246][694]LogModuleManager: Shutting down and abandoning module HTML5PlatformEditor (440)
[2017.08.24-15.22.24:246][694]LogModuleManager: Shutting down and abandoning module AndroidPlatformEditor (438)
[2017.08.24-15.22.24:246][694]LogModuleManager: Shutting down and abandoning module AndroidDeviceDetection (437)
[2017.08.24-15.22.25:104][694]LogModuleManager: Shutting down and abandoning module IOSRuntimeSettings (434)
[2017.08.24-15.22.25:104][694]LogModuleManager: Shutting down and abandoning module AndroidRuntimeSettings (432)
[2017.08.24-15.22.25:104][694]LogModuleManager: Shutting down and abandoning module InputBindingEditor (430)
[2017.08.24-15.22.25:104][694]LogModuleManager: Shutting down and abandoning module MergeActors (428)
[2017.08.24-15.22.25:105][694]LogModuleManager: Shutting down and abandoning module SizeMap (426)
[2017.08.24-15.22.25:105][694]LogModuleManager: Shutting down and abandoning module TreeMap (424)
[2017.08.24-15.22.25:105][694]LogModuleManager: Shutting down and abandoning module ReferenceViewer (422)
[2017.08.24-15.22.25:105][694]LogModuleManager: Shutting down and abandoning module LocalizationDashboard (420)
[2017.08.24-15.22.25:105][694]LogModuleManager: Shutting down and abandoning module LocalizationService (419)
[2017.08.24-15.22.25:105][694]LogModuleManager: Shutting down and abandoning module HardwareTargeting (416)
[2017.08.24-15.22.25:105][694]LogModuleManager: Shutting down and abandoning module DeviceProfileEditor (414)
[2017.08.24-15.22.25:106][694]LogModuleManager: Shutting down and abandoning module UndoHistory (412)
[2017.08.24-15.22.25:106][694]LogModuleManager: Shutting down and abandoning module UserFeedback (410)
[2017.08.24-15.22.25:106][694]LogModuleManager: Shutting down and abandoning module XmlParser (408)
[2017.08.24-15.22.25:106][694]LogModuleManager: Shutting down and abandoning module Blutility (406)
[2017.08.24-15.22.25:106][694]LogModuleManager: Shutting down and abandoning module ProjectSettingsViewer (404)
[2017.08.24-15.22.25:106][694]LogModuleManager: Shutting down and abandoning module ProjectTargetPlatformEditor (403)
[2017.08.24-15.22.25:106][694]LogModuleManager: Shutting down and abandoning module EditorSettingsViewer (400)
[2017.08.24-15.22.25:106][694]LogModuleManager: Shutting down and abandoning module SettingsEditor (398)
[2017.08.24-15.22.25:106][694]LogModuleManager: Shutting down and abandoning module ProjectLauncher (396)
[2017.08.24-15.22.25:107][694]LogModuleManager: Shutting down and abandoning module SessionFrontend (394)
[2017.08.24-15.22.25:107][694]LogModuleManager: Shutting down and abandoning module ProfilerClient (392)
[2017.08.24-15.22.25:107][694]LogModuleManager: Shutting down and abandoning module DeviceManager (390)
[2017.08.24-15.22.25:108][694]LogModuleManager: Shutting down and abandoning module TargetDeviceServices (389)
[2017.08.24-15.22.25:160][694]LogModuleManager: Shutting down and abandoning module AutomationController (386)
[2017.08.24-15.22.25:160][694]LogModuleManager: Shutting down and abandoning module AutomationWindow (384)
[2017.08.24-15.22.25:160][694]LogModuleManager: Shutting down and abandoning module Layers (382)
[2017.08.24-15.22.25:162][694]LogModuleManager: Shutting down and abandoning module ComponentVisualizers (380)
[2017.08.24-15.22.25:162][694]LogModuleManager: Shutting down and abandoning module DetailCustomizations (378)
[2017.08.24-15.22.25:162][694]LogModuleManager: Shutting down and abandoning module PackagesDialog (376)
[2017.08.24-15.22.25:162][694]LogModuleManager: Shutting down and abandoning module Persona (374)
[2017.08.24-15.22.25:162][694]LogModuleManager: Shutting down and abandoning module AdvancedPreviewScene (373)
[2017.08.24-15.22.25:162][694]LogModuleManager: Shutting down and abandoning module AnimGraph (371)
[2017.08.24-15.22.25:162][694]LogModuleManager: Shutting down and abandoning module Kismet (368)
[2017.08.24-15.22.25:171][694]LogModuleManager: Shutting down and abandoning module ClassViewer (366)
[2017.08.24-15.22.25:171][694]LogModuleManager: Shutting down and abandoning module Toolbox (364)
[2017.08.24-15.22.25:171][694]LogModuleManager: Shutting down and abandoning module ModuleUI (362)
[2017.08.24-15.22.25:172][694]LogModuleManager: Shutting down and abandoning module MovieSceneTools (360)
[2017.08.24-15.22.25:172][694]LogModuleManager: Shutting down and abandoning module OutputLog (358)
[2017.08.24-15.22.25:172][694]LogModuleManager: Shutting down and abandoning module GammaUI (356)
[2017.08.24-15.22.25:172][694]LogModuleManager: Shutting down and abandoning module Documentation (354)
[2017.08.24-15.22.25:172][694]LogModuleManager: Shutting down and abandoning module MovieSceneTracks (352)
[2017.08.24-15.22.25:172][694]LogModuleManager: Shutting down and abandoning module MovieScene (350)
[2017.08.24-15.22.25:172][694]LogModuleManager: Shutting down and abandoning module Niagara (348)
[2017.08.24-15.22.25:172][694]LogModuleManager: Shutting down and abandoning module NiagaraEditor (347)
[2017.08.24-15.22.25:173][694]LogModuleManager: Shutting down and abandoning module StreamingPauseRendering (344)
[2017.08.24-15.22.25:173][694]LogModuleManager: Shutting down and abandoning module AnalyticsET (342)
[2017.08.24-15.22.25:173][694]LogModuleManager: Shutting down and abandoning module PortalServices (340)
[2017.08.24-15.22.25:173][694]LogModuleManager: Shutting down and abandoning module PortalRpc (338)
[2017.08.24-15.22.25:173][694]LogModuleManager: Shutting down and abandoning module MessagingRpc (336)
[2017.08.24-15.22.25:173][694]LogModuleManager: Shutting down and abandoning module AIModule (334)
[2017.08.24-15.22.25:173][694]LogModuleManager: Shutting down and abandoning module GameplayDebugger (333)
[2017.08.24-15.22.25:173][694]LogModuleManager: Shutting down and abandoning module AITestSuite (331)
[2017.08.24-15.22.25:173][694]LogModuleManager: Shutting down and abandoning module ProfilerService (328)
[2017.08.24-15.22.25:368][694]LogModuleManager: Shutting down and abandoning module TaskGraph (326)
[2017.08.24-15.22.25:369][694]LogModuleManager: Shutting down and abandoning module SteamVRController (324)
[2017.08.24-15.22.25:369][694]LogModuleManager: Shutting down and abandoning module SteamVR (322)
[2017.08.24-15.22.25:369][694]LogModuleManager: Shutting down and abandoning module ProceduralMeshComponentEditor (320)
[2017.08.24-15.22.25:369][694]LogModuleManager: Shutting down and abandoning module ProceduralMeshComponent (318)
[2017.08.24-15.22.25:369][694]LogModuleManager: Shutting down and abandoning module OculusLibrary (316)
[2017.08.24-15.22.25:369][694]LogModuleManager: Shutting down and abandoning module OculusInput (314)
[2017.08.24-15.22.25:369][694]LogModuleManager: Shutting down and abandoning module MobilePatchingUtils (312)
[2017.08.24-15.22.25:369][694]LogModuleManager: Shutting down and abandoning module CustomMeshComponent (310)
[2017.08.24-15.22.25:369][694]LogModuleManager: Shutting down and abandoning module CableComponent (308)
[2017.08.24-15.22.25:369][694]LogModuleManager: Shutting down and abandoning module ArchVisCharacter (306)
[2017.08.24-15.22.25:369][694]LogModuleManager: Shutting down and abandoning module AndroidPermission (304)
[2017.08.24-15.22.25:369][694]LogModuleManager: Shutting down and abandoning module MediaPlayerEditor (300)
[2017.08.24-15.22.25:370][694]LogModuleManager: Shutting down and abandoning module HTML5Networking (298)
[2017.08.24-15.22.25:370][694]LogModuleManager: Shutting down and abandoning module AlembicImporter (296)
[2017.08.24-15.22.25:370][694]LogModuleManager: Shutting down and abandoning module AlembicLibrary (295)
[2017.08.24-15.22.25:370][694]LogModuleManager: Shutting down and abandoning module GeometryCache (294)
[2017.08.24-15.22.25:370][694]LogModuleManager: Shutting down and abandoning module GeometryCacheEd (293)
[2017.08.24-15.22.25:370][694]LogModuleManager: Shutting down and abandoning module SuperSearchEditor (288)
[2017.08.24-15.22.25:370][694]LogModuleManager: Shutting down and abandoning module SuperSearch (287)
[2017.08.24-15.22.25:370][694]LogModuleManager: Shutting down and abandoning module SpeedTreeImporter (284)
[2017.08.24-15.22.25:370][694]LogModuleManager: Shutting down and abandoning module PluginBrowser (282)
[2017.08.24-15.22.25:371][694]LogModuleManager: Shutting down and abandoning module MobileLauncherProfileWizard (280)
[2017.08.24-15.22.25:371][694]LogModuleManager: Shutting down and abandoning module VisualStudioSourceCodeAccess (278)
[2017.08.24-15.22.25:371][694]LogModuleManager: Shutting down and abandoning module DesktopPlatform (277)
[2017.08.24-15.22.25:371][694]LogModuleManager: Shutting down and abandoning module UObjectPlugin (274)
[2017.08.24-15.22.25:371][694]LogModuleManager: Shutting down and abandoning module SubversionSourceControl (272)
[2017.08.24-15.22.25:371][694]LogModuleManager: Shutting down and abandoning module PerforceSourceControl (270)
[2017.08.24-15.22.25:371][694]LogModuleManager: Shutting down and abandoning module GitSourceControl (268)
[2017.08.24-15.22.25:371][694]LogModuleManager: Shutting down and abandoning module SourceControl (267)
[2017.08.24-15.22.25:371][694]LogModuleManager: Shutting down and abandoning module LightPropagationVolumeEditor (264)
[2017.08.24-15.22.25:371][694]LogModuleManager: Shutting down and abandoning module PaperTiledImporter (262)
[2017.08.24-15.22.25:371][694]LogModuleManager: Shutting down and abandoning module PaperSpriteSheetImporter (260)
[2017.08.24-15.22.25:371][694]LogModuleManager: Shutting down and abandoning module Paper2DEditor (258)
[2017.08.24-15.22.25:371][694]LogModuleManager: Shutting down and abandoning module MeshPaint (257)
[2017.08.24-15.22.25:371][694]LogModuleManager: Shutting down and abandoning module LevelEditor (255)
[2017.08.24-15.22.25:374][694]LogModuleManager: Shutting down and abandoning module PixelInspectorModule (254)
[2017.08.24-15.22.25:374][694]LogModuleManager: Shutting down and abandoning module MainFrame (252)
[2017.08.24-15.22.25:375][694]LogModuleManager: Shutting down and abandoning module HotReload (251)
[2017.08.24-15.22.25:375][694]LogModuleManager: Shutting down and abandoning module PhysXVehiclesEditor (246)
[2017.08.24-15.22.25:376][694]LogModuleManager: Shutting down and abandoning module PhysXVehicles (244)
[2017.08.24-15.22.25:376][694]LogModuleManager: Shutting down and abandoning module LocationServicesBPLibrary (242)
[2017.08.24-15.22.25:376][694]LogModuleManager: Shutting down and abandoning module ImmediatePhysicsEditor (240)
[2017.08.24-15.22.25:376][694]LogModuleManager: Shutting down and abandoning module ImmediatePhysics (238)
[2017.08.24-15.22.25:376][694]LogModuleManager: Shutting down and abandoning module UdpMessaging (236)
[2017.08.24-15.22.25:476][694]LogModuleManager: Shutting down and abandoning module TcpMessaging (234)
[2017.08.24-15.22.25:576][694]LogModuleManager: Shutting down and abandoning module GameplayTagsEditor (232)
[2017.08.24-15.22.25:577][694]LogModuleManager: Shutting down and abandoning module FacialAnimationEditor (230)
[2017.08.24-15.22.25:577][694]LogModuleManager: Shutting down and abandoning module FacialAnimation (228)
[2017.08.24-15.22.25:577][694]LogModuleManager: Shutting down and abandoning module AssetManagerEditor (226)
[2017.08.24-15.22.25:578][694]LogModuleManager: Shutting down and abandoning module GraphEditor (225)
[2017.08.24-15.22.25:578][694]LogModuleManager: Shutting down and abandoning module ContentBrowser (223)
[2017.08.24-15.22.25:582][694]LogModuleManager: Shutting down and abandoning module LightPropagationVolumeRuntime (220)
[2017.08.24-15.22.25:582][694]LogModuleManager: Shutting down and abandoning module Paper2D (218)
[2017.08.24-15.22.25:582][694]LogModuleManager: Shutting down and abandoning module WindowsMoviePlayer (216)
[2017.08.24-15.22.25:582][694]LogModuleManager: Shutting down and abandoning module WmfMedia (214)
[2017.08.24-15.22.25:582][694]LogModuleManager: Shutting down and abandoning module ClothingSystemEditor (212)
[2017.08.24-15.22.25:582][694]LogModuleManager: Shutting down and abandoning module ClothingSystemRuntime (210)
[2017.08.24-15.22.25:583][694]LogModuleManager: Shutting down and abandoning module MediaAssets (208)
[2017.08.24-15.22.25:583][694]LogModuleManager: Shutting down and abandoning module GameLiveStreaming (206)
[2017.08.24-15.22.25:583][694]LogModuleManager: Shutting down and abandoning module VREditor (204)
[2017.08.24-15.22.25:583][694]LogModuleManager: Shutting down and abandoning module StringTableEditor (202)
[2017.08.24-15.22.25:584][694]LogModuleManager: Shutting down and abandoning module GameplayTasksEditor (200)
[2017.08.24-15.22.25:584][694]LogModuleManager: Shutting down and abandoning module BehaviorTreeEditor (198)
[2017.08.24-15.22.25:584][694]LogModuleManager: Shutting down and abandoning module FunctionalTesting (196)
[2017.08.24-15.22.25:584][694]LogModuleManager: Shutting down and abandoning module CollisionAnalyzer (194)
[2017.08.24-15.22.25:585][694]LogModuleManager: Shutting down and abandoning module UMG (192)
[2017.08.24-15.22.25:585][694]LogModuleManager: Shutting down and abandoning module UMGEditor (191)
[2017.08.24-15.22.25:585][694]LogModuleManager: Shutting down and abandoning module Sequencer (190)
[2017.08.24-15.22.25:586][694]LogModuleManager: Shutting down and abandoning module AssetTools (188)
[2017.08.24-15.22.25:587][694]LogModuleManager: Shutting down and abandoning module MessageLog (187)
[2017.08.24-15.22.25:587][694]LogModuleManager: Shutting down and abandoning module WorkspaceMenuStructure (186)
[2017.08.24-15.22.25:587][694]LogModuleManager: Shutting down and abandoning module SlateReflector (180)
[2017.08.24-15.22.25:588][694]LogModuleManager: Shutting down and abandoning module Slate (178)
[2017.08.24-15.22.25:588][694]LogModuleManager: Shutting down and abandoning module EditorStyle (176)
[2017.08.24-15.22.25:592][694]LogModuleManager: Shutting down and abandoning module SourceCodeAccess (174)
[2017.08.24-15.22.25:592][694]LogModuleManager: Shutting down and abandoning module HeadMountedDisplay (172)
[2017.08.24-15.22.25:592][694]LogModuleManager: Shutting down and abandoning module XAudio2 (170)
[2017.08.24-15.22.25:592][694]LogModuleManager: Shutting down and abandoning module Networking (168)
[2017.08.24-15.22.25:592][694]LogModuleManager: Shutting down and abandoning module Core (164)
[2017.08.24-15.22.25:592][694]LogModuleManager: Shutting down and abandoning module AssetRegistry (162)
[2017.08.24-15.22.25:727][694]LogDirectoryWatcher: A directory notification for '../../../Engine/Content/' was aborted.
[2017.08.24-15.22.25:727][694]LogDirectoryWatcher: A directory notification for '../../../../../../Unreal/FOTWO/source/FOTWO02/Content/' was aborted.
[2017.08.24-15.22.25:727][694]LogDirectoryWatcher: A directory notification for '../../../Engine/Plugins/2D/Paper2D/Content/' was aborted.
[2017.08.24-15.22.25:727][694]LogDirectoryWatcher: A directory notification for '../../../Engine/Plugins/Runtime/GearVR/Content/' was aborted.
[2017.08.24-15.22.25:734][694]LogModuleManager: Shutting down and abandoning module DirectoryWatcher (161)
[2017.08.24-15.22.25:740][694]LogModuleManager: Shutting down and abandoning module KismetCompiler (158)
[2017.08.24-15.22.25:740][694]LogModuleManager: Shutting down and abandoning module LevelSequence (156)
[2017.08.24-15.22.25:740][694]LogModuleManager: Shutting down and abandoning module PhysXFormats (154)
[2017.08.24-15.22.25:740][694]LogModuleManager: Shutting down and abandoning module MeshUtilities (152)
[2017.08.24-15.22.25:740][694]LogModuleManager: Shutting down and abandoning module SimplygonSwarm (151)
[2017.08.24-15.22.25:740][694]LogModuleManager: Shutting down and abandoning module SimplygonMeshReduction (149)
[2017.08.24-15.22.25:740][694]LogModuleManager: Shutting down and abandoning module QuadricMeshReduction (147)
[2017.08.24-15.22.25:740][694]LogModuleManager: Shutting down and abandoning module DerivedDataCache (144)
[2017.08.24-15.22.25:768][694]LogDerivedDataCache: Shutdown
[2017.08.24-15.22.25:768][694]LogModuleManager: Shutting down and abandoning module TargetPlatform (142)
[2017.08.24-15.22.25:768][694]LogModuleManager: Shutting down and abandoning module VulkanShaderFormat (141)
[2017.08.24-15.22.25:768][694]LogModuleManager: Shutting down and abandoning module ShaderFormatVectorVM (139)
[2017.08.24-15.22.25:768][694]LogModuleManager: Shutting down and abandoning module ShaderFormatOpenGL (137)
[2017.08.24-15.22.25:769][694]LogModuleManager: Shutting down and abandoning module ShaderFormatD3D (135)
[2017.08.24-15.22.25:769][694]LogModuleManager: Shutting down and abandoning module MetalShaderFormat (133)
[2017.08.24-15.22.25:770][694]LogModuleManager: Shutting down and abandoning module TextureFormatUncompressed (131)
[2017.08.24-15.22.25:770][694]LogModuleManager: Shutting down and abandoning module TextureFormatPVR (129)
[2017.08.24-15.22.25:770][694]LogModuleManager: Shutting down and abandoning module TextureFormatDXT (127)
[2017.08.24-15.22.25:770][694]LogModuleManager: Shutting down and abandoning module TextureFormatIntelISPCTexComp (125)
[2017.08.24-15.22.25:770][694]LogModuleManager: Shutting down and abandoning module TextureFormatASTC (123)
[2017.08.24-15.22.25:770][694]LogModuleManager: Shutting down and abandoning module ImageWrapper (122)
[2017.08.24-15.22.25:770][694]LogModuleManager: Shutting down and abandoning module TextureFormatAndroid (119)
[2017.08.24-15.22.25:770][694]LogModuleManager: Shutting down and abandoning module AudioFormatOpus (117)
[2017.08.24-15.22.25:770][694]LogModuleManager: Shutting down and abandoning module AudioFormatOgg (115)
[2017.08.24-15.22.25:770][694]LogModuleManager: Shutting down and abandoning module AudioFormatADPCM (113)
[2017.08.24-15.22.25:770][694]LogModuleManager: Shutting down and abandoning module LinuxTargetPlatform (111)
[2017.08.24-15.22.25:770][694]LogModuleManager: Shutting down and abandoning module LinuxServerTargetPlatform (109)
[2017.08.24-15.22.25:770][694]LogModuleManager: Shutting down and abandoning module LinuxNoEditorTargetPlatform (107)
[2017.08.24-15.22.25:770][694]LogModuleManager: Shutting down and abandoning module LinuxClientTargetPlatform (105)
[2017.08.24-15.22.25:770][694]LogModuleManager: Shutting down and abandoning module TVOSTargetPlatform (103)
[2017.08.24-15.22.25:770][694]LogModuleManager: Shutting down and abandoning module Messaging (101)
[2017.08.24-15.22.25:770][694]LogModuleManager: Shutting down and abandoning module IOSTargetPlatform (99)
[2017.08.24-15.22.25:770][694]LogModuleManager: Shutting down and abandoning module HTML5TargetPlatform (97)
[2017.08.24-15.22.25:770][694]LogModuleManager: Shutting down and abandoning module Android_PVRTCTargetPlatform (95)
[2017.08.24-15.22.25:770][694]LogModuleManager: Shutting down and abandoning module Android_MultiTargetPlatform (93)
[2017.08.24-15.22.25:770][694]LogModuleManager: Shutting down and abandoning module Android_ETC2TargetPlatform (91)
[2017.08.24-15.22.25:770][694]LogModuleManager: Shutting down and abandoning module Android_ETC1TargetPlatform (89)
[2017.08.24-15.22.25:770][694]LogModuleManager: Shutting down and abandoning module Android_DXTTargetPlatform (87)
[2017.08.24-15.22.25:770][694]LogModuleManager: Shutting down and abandoning module Android_ATCTargetPlatform (85)
[2017.08.24-15.22.25:770][694]LogModuleManager: Shutting down and abandoning module Android_ASTCTargetPlatform (83)
[2017.08.24-15.22.25:770][694]LogModuleManager: Shutting down and abandoning module AndroidTargetPlatform (81)
[2017.08.24-15.22.25:770][694]LogModuleManager: Shutting down and abandoning module WindowsTargetPlatform (79)
[2017.08.24-15.22.25:771][694]LogModuleManager: Shutting down and abandoning module WindowsServerTargetPlatform (77)
[2017.08.24-15.22.25:771][694]LogModuleManager: Shutting down and abandoning module WindowsNoEditorTargetPlatform (75)
[2017.08.24-15.22.25:771][694]LogModuleManager: Shutting down and abandoning module WindowsClientTargetPlatform (73)
[2017.08.24-15.22.25:771][694]LogModuleManager: Shutting down and abandoning module MacTargetPlatform (71)
[2017.08.24-15.22.25:771][694]LogModuleManager: Shutting down and abandoning module MacServerTargetPlatform (69)
[2017.08.24-15.22.25:771][694]LogModuleManager: Shutting down and abandoning module MacNoEditorTargetPlatform (67)
[2017.08.24-15.22.25:771][694]LogModuleManager: Shutting down and abandoning module MacClientTargetPlatform (65)
[2017.08.24-15.22.25:771][694]LogModuleManager: Shutting down and abandoning module AllDesktopTargetPlatform (63)
[2017.08.24-15.22.25:771][694]LogModuleManager: Shutting down and abandoning module InputCore (60)
[2017.08.24-15.22.25:771][694]LogModuleManager: Shutting down and abandoning module Settings (58)
[2017.08.24-15.22.25:771][694]LogModuleManager: Shutting down and abandoning module OculusRift (56)
[2017.08.24-15.22.25:771][694]LogModuleManager: Shutting down and abandoning module GearVRController (54)
[2017.08.24-15.22.25:771][694]LogModuleManager: Shutting down and abandoning module GearVR (52)
[2017.08.24-15.22.25:771][694]LogModuleManager: Shutting down and abandoning module ExampleDeviceProfileSelector (50)
[2017.08.24-15.22.25:771][694]LogModuleManager: Shutting down and abandoning module OnlineBlueprintSupport (48)
[2017.08.24-15.22.25:771][694]LogModuleManager: Shutting down and abandoning module OnlineSubsystem (44)
[2017.08.24-15.22.25:771][694]LogOnline:Display: Unloading online subsystem: NULL
[2017.08.24-15.22.25:772][694]LogModuleManager: Shutting down and abandoning module XMPP (43)
[2017.08.24-15.22.25:772][694]LogModuleManager: Shutting down and abandoning module HTTP (41)
[2017.08.24-15.22.25:772][694]LogHttp:Display: Http module shutting down, but needs to wait on 1 outstanding Http requests:
[2017.08.24-15.22.25:773][694]LogHttp:Display: 	verb=[POST] url=[https://datarouter.ol.epicgames.com/datarouter/api/v1/public/data?SessionID=%7BE97B311E-4AF5-ED61-48B2-00904CD8103C%7D&AppID=UEEditor.Rocket.Release&AppVersion=4.16.3-3561208%2B%2B%2BUE4%2BRelease-4.16&UserID=f07af55e4db0c636e0c073a1312074d9%7Caa7a108f70184e1b92fdd786c25cd9b8%7Caeab9882-b6f4-4a22-991a-718da4fba234&AppEnvironment=datacollector-binary&UploadType=eteventstream] status=Processing
[2017.08.24-15.22.25:781][694]LogModuleManager: Shutting down and abandoning module SSL (40)
[2017.08.24-15.22.25:783][694]LogModuleManager: Shutting down and abandoning module HTTPChunkInstaller (36)
[2017.08.24-15.22.25:783][694]LogModuleManager: Shutting down and abandoning module AnimationModifiers (34)
[2017.08.24-15.22.25:784][694]LogModuleManager: Shutting down and abandoning module PropertyEditor (33)
[2017.08.24-15.22.25:784][694]LogModuleManager: Shutting down and abandoning module AudioEditor (30)
[2017.08.24-15.22.25:784][694]LogModuleManager: Shutting down and abandoning module TextureCompressor (28)
[2017.08.24-15.22.25:784][694]LogModuleManager: Shutting down and abandoning module ShaderCore (26)
[2017.08.24-15.22.25:784][694]LogModuleManager: Shutting down and abandoning module Landscape (24)
[2017.08.24-15.22.25:784][694]LogModuleManager: Shutting down and abandoning module SlateRHIRenderer (22)
[2017.08.24-15.22.25:791][694]LogModuleManager: Shutting down and abandoning module OpenGLDrv (20)
[2017.08.24-15.22.25:792][694]LogModuleManager: Shutting down and abandoning module D3D11RHI (18)
[2017.08.24-15.22.25:792][694]LogModuleManager: Shutting down and abandoning module AnimGraphRuntime (16)
[2017.08.24-15.22.25:793][694]LogModuleManager: Shutting down and abandoning module Renderer (14)
[2017.08.24-15.22.25:793][694]LogModuleManager: Shutting down and abandoning module Engine (12)
[2017.08.24-15.22.25:793][694]LogModuleManager: Shutting down and abandoning module CoreUObject (10)
[2017.08.24-15.22.25:793][694]LogModuleManager: Shutting down and abandoning module NetworkFile (8)
[2017.08.24-15.22.25:793][694]LogModuleManager: Shutting down and abandoning module StreamingFile (6)
[2017.08.24-15.22.25:793][694]LogModuleManager: Shutting down and abandoning module SandboxFile (4)
[2017.08.24-15.22.25:793][694]LogModuleManager: Shutting down and abandoning module PakFile (2)
[2017.08.24-15.22.25:795][694]LogExit: Exiting.
[2017.08.24-15.22.25:816][694]Log file closed, 08/24/17 17:22:25
