Log file open, 08/07/17 13:49:14
LogInit:Display: Running engine for game: FOTWO02
LogPlatformFile: Not using cached read wrapper
LogInit:Display: RandInit(974336865) SRandInit(974336865).
LogTaskGraph: Started task graph with 5 named threads and 8 total threads with 1 sets of task threads.
LogStats: Stats thread started at 0.087110
LogInit: Using libcurl 7.47.1
LogInit:  - built for x86_64-pc-win32
LogInit:  - supports SSL with OpenSSL/1.0.2g
LogInit:  - supports HTTP deflate (compression) using libz 1.2.8
LogInit:  - other features:
LogInit:      CURL_VERSION_SSL
LogInit:      CURL_VERSION_LIBZ
LogInit:      CURL_VERSION_IPV6
LogInit:      CURL_VERSION_ASYNCHDNS
LogInit:      CURL_VERSION_LARGEFILE
LogInit:      CURL_VERSION_IDN
LogInit:  CurlRequestOptions (configurable via config and command line):
LogInit:  - bVerifyPeer = false  - Libcurl will NOT verify peer certificate
LogInit:  - bUseHttpProxy = false  - Libcurl will NOT use HTTP proxy
LogInit:  - bDontReuseConnections = false  - Libcurl will reuse connections
LogInit:  - CertBundlePath = nullptr  - Libcurl will use whatever was configured at build time.
LogInit: Build: ++UE4+Release-4.16-CL-3561208
LogInit: Engine Version: 4.16.3-3561208+++UE4+Release-4.16
LogInit: Compatible Engine Version: 4.16.0-3452394+++UE4+Release-4.16
LogInit: Net CL: 3452394
LogDevObjectVersion: Number of dev versions registered: 16
LogDevObjectVersion:   Dev-Blueprints (B0D832E4-1F89-4F0D-ACCF-7EB736FD4AA2): 9
LogDevObjectVersion:   Dev-Build (E1C64328-A22C-4D53-A36C-8E866417BD8C): 0
LogDevObjectVersion:   Dev-Core (375EC13C-06E4-48FB-B500-84F0262A717E): 2
LogDevObjectVersion:   Dev-Editor (E4B068ED-F494-42E9-A231-DA0B2E46BB41): 17
LogDevObjectVersion:   Dev-Framework (CFFC743F-43B0-4480-9391-14DF171D2073): 23
LogDevObjectVersion:   Dev-Mobile (B02B49B5-BB20-44E9-A304-32B752E40360): 0
LogDevObjectVersion:   Dev-Networking (A4E4105C-59A1-49B5-A7C5-40C4547EDFEE): 0
LogDevObjectVersion:   Dev-Online (39C831C9-5AE6-47DC-9A44-9C173E1C8E7C): 0
LogDevObjectVersion:   Dev-Physics (78F01B33-EBEA-4F98-B9B4-84EACCB95AA2): 0
LogDevObjectVersion:   Dev-Platform (6631380F-2D4D-43E0-8009-CF276956A95A): 0
LogDevObjectVersion:   Dev-Rendering (12F88B9F-8875-4AFC-A67C-D90C383ABD29): 15
LogDevObjectVersion:   Dev-Sequencer (7B5AE74C-D270-4C10-A958-57980B212A5A): 4
LogDevObjectVersion:   Dev-VR (D7296918-1DD6-4BDD-9DE2-64A83CC13884): 0
LogDevObjectVersion:   Dev-LoadTimes (C2A15278-BFE7-4AFE-6C17-90FF531DF755): 1
LogDevObjectVersion:   Private-Geometry (6EACA3D4-40EC-4CC1-B786-8BED09428FC5): 1
LogDevObjectVersion:   Dev-AnimPhys (29E575DD-E0A3-4627-9D10-D276232CDCEA): 3
LogInit: Compiled (64-bit): Jul 28 2017 11:49:47
LogInit: Compiled with Visual C++: 19.00.24215.01
LogInit: Build Configuration: Development
LogInit: Branch Name: ++UE4+Release-4.16
LogInit: Command line:  
LogInit: Base directory: C:/Program Files/Epic Games/UE_4.16/Engine/Binaries/Win64/
LogInit: Installed Engine Build: 1
LogInit: Presizing for max 8388607 objects, including 0 objects not considered by GC, pre-allocating 0 bytes for permanent pool.
LogInit: Object subsystem initialized
[2017.08.07-11.49.14:479][  0]LogInit: Selected Device Profile: [Windows]
[2017.08.07-11.49.14:479][  0]LogInit: Applying CVar settings loaded from the selected device profile: [Windows]
[2017.08.07-11.49.14:497][  0]LogInit: Computer: KLAUDE2017ALIEN
[2017.08.07-11.49.14:497][  0]LogInit: User: vonkl
[2017.08.07-11.49.14:497][  0]LogInit: CPU Page size=4096, Cores=4
[2017.08.07-11.49.14:497][  0]LogInit: High frequency timer resolution =2.742190 MHz
[2017.08.07-11.49.14:498][  0]LogMemory: Memory total: Physical=15.9GB (16GB approx)
[2017.08.07-11.49.14:498][  0]LogMemory: Platform Memory Stats for Windows
[2017.08.07-11.49.14:498][  0]LogMemory: Process Physical Memory: 274.04 MB used, 274.04 MB peak
[2017.08.07-11.49.14:498][  0]LogMemory: Process Virtual Memory: 260.82 MB used, 260.82 MB peak
[2017.08.07-11.49.14:498][  0]LogMemory: Physical Memory: 6259.42 MB used,  9997.55 MB free, 16256.98 MB total
[2017.08.07-11.49.14:498][  0]LogMemory: Virtual Memory: 638.49 MB used,  9997.55 MB free, 134217728.00 MB total
[2017.08.07-11.49.14:574][  0]LogInit: Using OS detected language (en-GB).
[2017.08.07-11.49.14:574][  0]LogInit: Using OS detected locale (en-GB).
[2017.08.07-11.49.14:577][  0]LogTextLocalizationManager: No specific localization for 'en-GB' exists, so the 'en' localization will be used.
[2017.08.07-11.49.15:438][  0]LogD3D11RHI: D3D11 adapters:
[2017.08.07-11.49.16:022][  0]LogD3D11RHI:    0. 'NVIDIA GeForce GTX 1060' (Feature Level 11_0)
[2017.08.07-11.49.16:022][  0]LogD3D11RHI:       6084/0/8128 MB DedicatedVideo/DedicatedSystem/SharedSystem, Outputs:2, VendorId:0x10de
[2017.08.07-11.49.16:046][  0]LogD3D11RHI:    1. 'Intel(R) HD Graphics 630' (Feature Level 11_0)
[2017.08.07-11.49.16:046][  0]LogD3D11RHI:       128/0/8128 MB DedicatedVideo/DedicatedSystem/SharedSystem, Outputs:0, VendorId:0x8086
[2017.08.07-11.49.16:048][  0]LogD3D11RHI:    2. 'Microsoft Basic Render Driver' (Feature Level 11_0)
[2017.08.07-11.49.16:048][  0]LogD3D11RHI:       0/0/8128 MB DedicatedVideo/DedicatedSystem/SharedSystem, Outputs:0, VendorId:0x1414
[2017.08.07-11.49.16:048][  0]LogD3D11RHI: Chosen D3D11 Adapter: 0
[2017.08.07-11.49.16:060][  0]LogD3D11RHI: Creating new Direct3DDevice
[2017.08.07-11.49.16:060][  0]LogD3D11RHI:     GPU DeviceId: 0x1c60 (for the marketing name, search the web for "GPU Device Id")
[2017.08.07-11.49.16:060][  0]LogWindows: EnumDisplayDevices:
[2017.08.07-11.49.16:061][  0]LogWindows:    0. 'NVIDIA GeForce GTX 1060' (P:0 D:1)
[2017.08.07-11.49.16:061][  0]LogWindows:    1. 'NVIDIA GeForce GTX 1060' (P:1 D:1)
[2017.08.07-11.49.16:061][  0]LogWindows:    2. 'NVIDIA GeForce GTX 1060' (P:0 D:0)
[2017.08.07-11.49.16:061][  0]LogWindows:    3. 'NVIDIA GeForce GTX 1060' (P:0 D:0)
[2017.08.07-11.49.16:061][  0]LogWindows:    4. 'Intel(R) HD Graphics 630' (P:0 D:0)
[2017.08.07-11.49.16:062][  0]LogWindows:    5. 'Intel(R) HD Graphics 630' (P:0 D:0)
[2017.08.07-11.49.16:062][  0]LogWindows:    6. 'Intel(R) HD Graphics 630' (P:0 D:0)
[2017.08.07-11.49.16:062][  0]LogWindows: DebugString: PrimaryIsNotTheChoosenAdapter PrimaryIsNotTheChoosenAdapter PrimaryIsNotTheChoosenAdapter FoundDriverCount:4 
[2017.08.07-11.49.16:062][  0]LogD3D11RHI:     Adapter Name: NVIDIA GeForce GTX 1060
[2017.08.07-11.49.16:062][  0]LogD3D11RHI:   Driver Version: 382.53 (internal:22.21.13.8253, unified:382.53)
[2017.08.07-11.49.16:062][  0]LogD3D11RHI:      Driver Date: 6-7-2017
[2017.08.07-11.49.16:062][  0]LogRHI: Texture pool is 1361 MB (70% of 1945 MB)
[2017.08.07-11.49.16:607][  0]LogD3D11RHI: Async texture creation enabled
[2017.08.07-11.49.16:633][  0]LogD3D11RHI: GPU Timing Frequency: 1000.000000 (Debug: 2 1)
[2017.08.07-11.49.16:728][  0]LogShaderCompilers: Guid format shader working directory is 0 characters bigger than the processId version (../../../../../../Unreal/FOTWO/source/FOTWO02/Intermediate/Shaders/WorkingDirectory/15184/).
[2017.08.07-11.49.16:729][  0]LogShaderCompilers: Cleaned the shader compiler working directory 'C:/Users/vonkl/AppData/Local/Temp/UnrealShaderWorkingDir/F333290D4933DACAD22673ACABD385DD/'.
[2017.08.07-11.49.16:729][  0]LogShaderCompilers:Display: Using Local Shader Compiler.
[2017.08.07-11.49.17:682][  0]LogTemp:Display: Loaded TP AllDesktopTargetPlatform
[2017.08.07-11.49.17:725][  0]LogTemp:Display: Loaded TP MacClientTargetPlatform
[2017.08.07-11.49.17:771][  0]LogTemp:Display: Loaded TP MacNoEditorTargetPlatform
[2017.08.07-11.49.17:816][  0]LogTemp:Display: Loaded TP MacServerTargetPlatform
[2017.08.07-11.49.17:862][  0]LogTemp:Display: Loaded TP MacTargetPlatform
[2017.08.07-11.49.17:923][  0]LogTemp:Display: Loaded TP WindowsClientTargetPlatform
[2017.08.07-11.49.17:972][  0]LogTemp:Display: Loaded TP WindowsNoEditorTargetPlatform
[2017.08.07-11.49.18:018][  0]LogTemp:Display: Loaded TP WindowsServerTargetPlatform
[2017.08.07-11.49.18:056][  0]LogTemp:Display: Loaded TP WindowsTargetPlatform
[2017.08.07-11.49.18:100][  0]LogTemp:Display: Loaded TP AndroidTargetPlatform
[2017.08.07-11.49.18:148][  0]LogTemp:Display: Loaded TP Android_ASTCTargetPlatform
[2017.08.07-11.49.18:223][  0]LogTemp:Display: Loaded TP Android_ATCTargetPlatform
[2017.08.07-11.49.18:265][  0]LogTemp:Display: Loaded TP Android_DXTTargetPlatform
[2017.08.07-11.49.18:308][  0]LogTemp:Display: Loaded TP Android_ETC1TargetPlatform
[2017.08.07-11.49.18:354][  0]LogTemp:Display: Loaded TP Android_ETC2TargetPlatform
[2017.08.07-11.49.18:444][  0]LogTemp:Display: Loaded TP Android_MultiTargetPlatform
[2017.08.07-11.49.18:444][  0]LogTemp:Display: Loaded TP Android_PVRTCTargetPlatform
[2017.08.07-11.49.18:479][  0]LogTemp:Display: Loaded TP HTML5TargetPlatform
[2017.08.07-11.49.18:565][  0]LogTemp:Display: Loaded TP IOSTargetPlatform
[2017.08.07-11.49.18:593][  0]LogTemp:Display: Loaded TP TVOSTargetPlatform
[2017.08.07-11.49.18:636][  0]LogTemp:Display: Loaded TP LinuxClientTargetPlatform
[2017.08.07-11.49.18:680][  0]LogTemp:Display: Loaded TP LinuxNoEditorTargetPlatform
[2017.08.07-11.49.18:726][  0]LogTemp:Display: Loaded TP LinuxServerTargetPlatform
[2017.08.07-11.49.18:771][  0]LogTemp:Display: Loaded TP LinuxTargetPlatform
[2017.08.07-11.49.18:771][  0]LogTargetPlatformManager:Display: Building Assets For Windows
[2017.08.07-11.49.19:253][  0]LogDerivedDataCache:Display: Max Cache Size: 512 MB
[2017.08.07-11.49.19:337][  0]LogDerivedDataCache: Loaded boot cache 0.08s 90MB C:/Users/vonkl/AppData/Local/UnrealEngine/4.16/DerivedDataCache/Boot.ddc.
[2017.08.07-11.49.19:337][  0]LogDerivedDataCache:Display: Loaded Boot cache: C:/Users/vonkl/AppData/Local/UnrealEngine/4.16/DerivedDataCache/Boot.ddc
[2017.08.07-11.49.19:337][  0]LogDerivedDataCache: FDerivedDataBackendGraph:  Pak pak cache file ../../../../../../Unreal/FOTWO/source/FOTWO02/DerivedDataCache/DDC.ddp not found, will not use a pak cache.
[2017.08.07-11.49.19:337][  0]LogDerivedDataCache: Unable to find inner node Pak for hierarchical cache Hierarchy.
[2017.08.07-11.49.19:337][  0]LogDerivedDataCache: FDerivedDataBackendGraph:  CompressedPak pak cache file ../../../../../../Unreal/FOTWO/source/FOTWO02/DerivedDataCache/Compressed.ddp not found, will not use a pak cache.
[2017.08.07-11.49.19:337][  0]LogDerivedDataCache: Unable to find inner node CompressedPak for hierarchical cache Hierarchy.
[2017.08.07-11.49.19:352][  0]LogDerivedDataCache:Display: Pak cache opened for reading ../../../Engine/DerivedDataCache/Compressed.ddp.
[2017.08.07-11.49.19:363][  0]LogDerivedDataCache: Using Local data cache path C:/Users/vonkl/AppData/Local/UnrealEngine/Common/DerivedDataCache: Writable
[2017.08.07-11.49.19:375][  0]LogMaterial: Verifying Global Shaders for PCD3D_SM5
[2017.08.07-11.49.19:375][  0]LogSlate: Using Freetype 2.6.0
[2017.08.07-11.49.19:376][  0]LogSlate: SlateFontCache - WITH_FREETYPE: 1, WITH_HARFBUZZ: 1
[2017.08.07-11.49.19:376][  0]LogSlate: SlateFontCache - WITH_FREETYPE: 1, WITH_HARFBUZZ: 1
[2017.08.07-11.49.19:676][  0]LogInit: Selected Device Profile: [Windows]
[2017.08.07-11.49.19:740][  0]LogContentStreaming: Texture pool size is 0.00 MB
[2017.08.07-11.49.19:890][  0]LogMeshUtilities: Using QuadricMeshReduction for automatic static mesh reduction
[2017.08.07-11.49.19:930][  0]LogSimplygon: Simplygon DLL not present - disabling.
[2017.08.07-11.49.19:974][  0]LogMeshUtilities: Using SimplygonSwarm for distributed automatic mesh merging
[2017.08.07-11.49.19:974][  0]LogMeshUtilities: No automatic skeletal mesh reduction module available
[2017.08.07-11.49.19:974][  0]LogMeshUtilities: No automatic mesh merging module available
[2017.08.07-11.49.20:515][  0]LogNetVersion: FOTWO02 , NetCL: 3452394, EngineNetVer: 2, GameNetVer: 0 (Checksum: 2990255715)
[2017.08.07-11.49.20:572][  0]LogAssetRegistry: FAssetRegistry took 0.0261 seconds to start up
[2017.08.07-11.49.20:627][  0]LogPackageLocalizationCache: Processed 4 localized package path(s) for 2 prioritized culture(s) in 0.033562 seconds
[2017.08.07-11.49.20:632][  0]LogUObjectArray: 34194 objects as part of root set at end of initial load.
[2017.08.07-11.49.20:632][  0]LogUObjectAllocator: 7260424 out of 0 bytes used by permanent object pool.
[2017.08.07-11.49.20:632][  0]LogUObjectArray: CloseDisregardForGC: 0/0 objects in disregard for GC pool
[2017.08.07-11.49.20:690][  0]LogInit: WinSock: version 1.1 (2.2), MaxSocks=32767, MaxUdp=65467
[2017.08.07-11.49.23:156][  0]LogTcpMessaging: Initializing TcpMessaging bridge
[2017.08.07-11.49.23:219][  0]LogUdpMessaging: Initializing bridge on interface 0.0.0.0:0 to multicast group 230.0.0.1:6666.
[2017.08.07-11.49.23:738][  0]LogMaterial: Uniform references updated for custom material expression Custom.
[2017.08.07-11.49.24:119][  0]SourceControl: Info Source control is disabled
[2017.08.07-11.49.24:147][  0]SourceControl: Info Source control is disabled
[2017.08.07-11.49.24:190][  0]SourceControl: Info Source control is disabled
[2017.08.07-11.49.24:234][  0]SourceControl: Info Source control is disabled
[2017.08.07-11.49.25:015][  0]LogAndroidPermission: UAndroidPermissionCallbackProxy::GetInstance
[2017.08.07-11.49.25:589][  0]LogEngine: Initializing Engine...
[2017.08.07-11.49.25:589][  0]LogHMD: Failed to initialize OpenVR with code 110
[2017.08.07-11.49.25:779][  0]LogStats: UGameplayTagsManager::ConstructGameplayTagTree: Construct from data asset -  0.000 s
[2017.08.07-11.49.25:779][  0]LogStats: UGameplayTagsManager::ConstructGameplayTagTree: GameplayTagTreeChangedEvent.Broadcast -  0.000 s
[2017.08.07-11.49.25:893][  0]LogAIModule: Creating AISystem for world Untitled
[2017.08.07-11.49.25:905][  0]LogInit: XAudio2 using 'Headset Earphone (3- Microsoft LifeChat LX-3000)' : 2 channels at 48 kHz using 16 bits per sample (channel mask 0x3)
[2017.08.07-11.49.25:914][  0]LogInit: FAudioDevice initialized.
[2017.08.07-11.49.25:951][  0]LogDerivedDataCache: Saved boot cache 0.04s 90MB C:/Users/vonkl/AppData/Local/UnrealEngine/4.16/DerivedDataCache/Boot.ddc.
[2017.08.07-11.49.25:960][  0]LogInit: Texture streaming: Enabled
[2017.08.07-11.49.26:047][  0]LogEngineSessionManager: EngineSessionManager initialized
[2017.08.07-11.49.26:256][  0]LogInit: Transaction tracking system initialized
[2017.08.07-11.49.26:579][  0]BlueprintLog: New page: Editor Load
[2017.08.07-11.49.27:456][  0]LocalizationService: Info Localization service is disabled
[2017.08.07-11.49.28:083][  0]LogConsoleResponse:Display: 
[2017.08.07-11.49.28:231][  0]LogCook:Display: Max memory allowance for cook 16384mb min free memory 0mb
[2017.08.07-11.49.28:231][  0]LogCook:Display: Mobile HDR setting 1
[2017.08.07-11.49.29:145][  0]LogFileCache: Scanning file cache for directory 'C:/Unreal/FOTWO/source/FOTWO02/Content/' took 0.02s
[2017.08.07-11.49.29:185][  0]SourceControl: Info Source control is disabled
[2017.08.07-11.49.29:186][  0]Cmd: MAP LOAD FILE="../../../../../../Unreal/FOTWO/source/FOTWO02/Content/2DSideScrollerBP/Maps/2DSideScrollerExampleMap.umap" TEMPLATE=0 SHOWPROGRESS=1 FEATURELEVEL=3
[2017.08.07-11.49.29:186][  0]LogEditorServer:Warning: Can't find file '../../../../../../Unreal/FOTWO/source/FOTWO02/Content/2DSideScrollerBP/Maps/2DSideScrollerExampleMap.umap'
[2017.08.07-11.49.29:186][  0]Cmd: MAP CHECKDEP NOCLEARLOG
[2017.08.07-11.49.29:224][  0]MapCheck: Info Map check complete: 0 Error(s), 0 Warning(s), took 38.423ms to complete.
[2017.08.07-11.49.29:224][  0]LogFileHelpers: Loading map '2DSideScrollerExampleMap' took 0.039
[2017.08.07-11.49.29:310][  0]LogWindowsTextInputMethodSystem:Display: IME system now deactivated.
[2017.08.07-11.49.29:390][  0]LogCollectionManager: Loaded 0 collections in 0.002214 seconds
[2017.08.07-11.49.29:476][  0]LogFileCache: Scanning file cache for directory 'C:/Unreal/FOTWO/source/FOTWO02/Saved/Collections/' took 0.01s
[2017.08.07-11.49.29:476][  0]LogFileCache: Scanning file cache for directory 'C:/Unreal/FOTWO/source/FOTWO02/Content/Developers/vonkl/Collections/' took 0.01s
[2017.08.07-11.49.29:476][  0]LogFileCache: Scanning file cache for directory 'C:/Unreal/FOTWO/source/FOTWO02/Content/Collections/' took 0.00s
[2017.08.07-11.49.29:476][  0]LogCollectionManager: Rebuilt the GUID cache for 0 collections in 0.000001 seconds
[2017.08.07-11.49.29:484][  0]LogContentBrowser: Native class hierarchy populated in 0.0077 seconds. Added 2329 classes and 491 folders.
[2017.08.07-11.49.29:542][  0]LogContentBrowser: Native class hierarchy updated for 'WidgetCarousel' in 0.0005 seconds. Added 0 classes and 0 folders.
[2017.08.07-11.49.29:584][  0]LogContentBrowser: Native class hierarchy updated for 'AddContentDialog' in 0.0009 seconds. Added 0 classes and 0 folders.
[2017.08.07-11.49.29:648][  0]LogContentBrowser: Native class hierarchy updated for 'SceneOutliner' in 0.0004 seconds. Added 1 classes and 2 folders.
[2017.08.07-11.49.29:718][  0]LogCrashTracker: Crashtracker disabled due to settings.
[2017.08.07-11.49.29:723][  0]LogSlate: Took 0.000222 seconds to synchronously load lazily loaded font '../../../Engine/Content/Slate/Fonts/Roboto-Regular.ttf' (155K)
[2017.08.07-11.49.29:725][  0]LogSlate: Took 0.000192 seconds to synchronously load lazily loaded font '../../../Engine/Content/Slate/Fonts/Roboto-Bold.ttf' (160K)
[2017.08.07-11.49.29:730][  0]LogSlate: Took 0.000202 seconds to synchronously load lazily loaded font '../../../Engine/Content/Editor/Slate/Fonts/FontAwesome.ttf' (139K)
[2017.08.07-11.49.29:853][  0]LogRenderer: Reallocating scene render targets to support 1656x932 NumSamples 1 (Frame:1).
[2017.08.07-11.49.29:941][  0]LogUObjectGlobals:Warning: Failed to find object 'Class None.'
[2017.08.07-11.49.30:002][  0]LogContentBrowser: Native class hierarchy updated for 'HierarchicalLODOutliner' in 0.0005 seconds. Added 1 classes and 2 folders.
[2017.08.07-11.49.30:002][  0]LogLoad: (Engine Initialization) Total time: 17.08 seconds
[2017.08.07-11.49.30:002][  0]LogLoad: (Engine Initialization) Total Blueprint compile time: 0.04 seconds
[2017.08.07-11.49.30:002][  0]LogExternalProfiler: Found external profiler: VSPerf
[2017.08.07-11.49.30:002][  0]LogExternalProfiler: Using external profiler: VSPerf
[2017.08.07-11.49.30:022][  0]LogOcInput: OculusInput pre-init called
[2017.08.07-11.49.30:022][  0]LogHMD: Starting GearVRController plugin
[2017.08.07-11.49.30:038][  0]LogContentStreaming: Texture pool size now 1000 MB
[2017.08.07-11.49.30:065][  1]LogAssetRegistry: Asset discovery search completed in 9.5142 seconds
[2017.08.07-11.49.30:067][  1]LogCollectionManager: Rebuilt the object cache for 0 collections in 0.000000 seconds (found 0 objects)
[2017.08.07-11.49.30:067][  1]LogCollectionManager: Fixed up redirectors for 0 collections in 0.000020 seconds (updated 0 objects)
[2017.08.07-11.49.31:052][ 57]LogSlate: Took 0.000162 seconds to synchronously load lazily loaded font '../../../Engine/Content/Slate/Fonts/Roboto-Light.ttf' (159K)
[2017.08.07-11.53.17:340][469]LogSlate: Took 0.000456 seconds to synchronously load lazily loaded font '../../../Engine/Content/Slate/Fonts/Roboto-Light.ttf' (159K)
[2017.08.07-11.53.18:372][469]LogSlate: Took 0.000129 seconds to synchronously load lazily loaded font '../../../Engine/Content/Slate/Fonts/Roboto-Regular.ttf' (155K)
[2017.08.07-11.53.18:455][469]LogAIModule: Creating AISystem for world FOTWO01
[2017.08.07-11.53.18:494][469]Cmd: MAP LOAD FILE="../../../../../../Unreal/FOTWO/source/FOTWO02/Content/2DSideScrollerBP/Maps/FOTWO01.umap" TEMPLATE=0 SHOWPROGRESS=1 FEATURELEVEL=3
[2017.08.07-11.53.18:494][469]LightingResults: New page: Lighting Build
[2017.08.07-11.53.18:533][469]LogContentBrowser: Native class hierarchy updated for 'StatsViewer' in 0.0004 seconds. Added 5 classes and 0 folders.
[2017.08.07-11.53.18:533][469]LoadErrors: New page: Loading map: FOTWO01.umap
[2017.08.07-11.53.18:534][469]MapCheck: New page: Map Check
[2017.08.07-11.53.18:534][469]LightingResults: New page: Lighting Build
[2017.08.07-11.53.18:601][469]LogEditorServer: Finished looking for orphan Actors (0.000 secs)
[2017.08.07-11.53.18:636][469]Cmd: MAP CHECKDEP NOCLEARLOG
[2017.08.07-11.53.18:680][469]MapCheck: Info Map check complete: 0 Error(s), 0 Warning(s), took 43.784ms to complete.
[2017.08.07-11.53.18:680][469]LogFileHelpers: Loading map 'FOTWO01' took 0.187
[2017.08.07-11.53.25:726][860]LogContentBrowser: Native class hierarchy updated for 'BlueprintGraph' in 0.0008 seconds. Added 112 classes and 0 folders.
[2017.08.07-11.53.26:324][860]LogSlate: Took 0.000135 seconds to synchronously load lazily loaded font '../../../Engine/Content/Editor/Slate/Fonts/Roboto-BoldCondensed.ttf' (158K)
[2017.08.07-11.55.00:722][259]LogEditorTransaction: Undo Move Widget
[2017.08.07-11.55.24:160][529]LogUObjectHash:Warning: Ambiguous search, could be CanvasPanel /Game/2DSideScrollerBP/Blueprints/User_Interface/ArchHUD.ArchHUD:WidgetTree.ArchCanvas or CanvasPanel /Game/2DSideScrollerBP/Blueprints/User_Interface/ArchHUD.ArchHUD_C:WidgetTree.ArchCanvas
[2017.08.07-11.55.24:160][529]LogUObjectHash:Warning: Ambiguous search, could be CanvasPanel /Game/2DSideScrollerBP/Blueprints/User_Interface/ArchHUD.ArchHUD:WidgetTree.ArchCanvas or CanvasPanel /Engine/Transient.World_3:ArchHUD_C_0.WidgetTree_9.ArchCanvas
[2017.08.07-11.55.24:160][529]LogUObjectHash:Warning: Ambiguous search, could be CanvasPanel /Game/2DSideScrollerBP/Blueprints/User_Interface/ArchHUD.ArchHUD:WidgetTree.ArchCanvas or CanvasPanel /Engine/Transient.World_3:ArchHUD_C_1.WidgetTree_10.ArchCanvas
[2017.08.07-11.55.24:161][529]LogUObjectHash:Warning: Ambiguous search, could be CanvasPanel /Game/2DSideScrollerBP/Blueprints/User_Interface/ArchHUD.ArchHUD:WidgetTree.ArchCanvas or CanvasPanel /Engine/Transient.World_3:ArchHUD_C_2.WidgetTree_11.ArchCanvas
[2017.08.07-11.55.24:161][529]LogProperty:Warning: Illegal TEXT reference to a private object in external package (CanvasPanelSlot /Game/2DSideScrollerBP/Blueprints/User_Interface/ArchHUD.ArchHUD:WidgetTree.ArchCanvas.CanvasPanelSlot_2) from referencer (CanvasPanel /Engine/UMG/Editor/Transient.ArchLeftRightCanvas).  Import failed...
[2017.08.07-11.55.24:161][529]LogProperty:Warning: ObjectProperty /Script/UMG.Widget:Slot: unresolved reference to 'CanvasPanelSlot'ArchCanvas.CanvasPanelSlot_2''
[2017.08.07-12.00.25:635][491]LogEditorTransaction: Undo Remove Widget
[2017.08.07-12.00.26:280][520]LogEditorTransaction: Undo Move Widgets
[2017.08.07-12.00.27:713][595]LogEditorTransaction: Undo Remove Widget
[2017.08.07-12.03.57:325][814]BlueprintLog: New page: Compile EventsHUD
[2017.08.07-12.03.57:611][814]BlueprintEditorCompileResults: Info Fast Template Successfully Created.
[2017.08.07-12.03.58:623][858]LogSavePackage: Save=81.05ms
[2017.08.07-12.03.58:623][858]LogSavePackage: Moving '../../../../../../Unreal/FOTWO/source/FOTWO02/Saved/EventsHUDC79A088246E0844DC474108135C28818.tmp' to '../../../../../../Unreal/FOTWO/source/FOTWO02/Content/2DSideScrollerBP/Blueprints/User_Interface/EventsHUD.uasset'
[2017.08.07-12.03.58:626][858]LogSavePackage:Display: Finished SavePackage ../../../../../../Unreal/FOTWO/source/FOTWO02/Content/2DSideScrollerBP/Blueprints/User_Interface/EventsHUD.uasset
[2017.08.07-12.37.41:337][765]LogEditorTransaction: Undo Edit Horizontal Alignment
[2017.08.07-12.49.16:625][463]BlueprintLog: New page: Compile EventsHUD
[2017.08.07-12.49.16:761][463]BlueprintEditorCompileResults: Info Fast Template Successfully Created.
[2017.08.07-12.49.17:723][509]LogSavePackage: Save=78.93ms
[2017.08.07-12.49.17:723][509]LogSavePackage: Moving '../../../../../../Unreal/FOTWO/source/FOTWO02/Saved/EventsHUD21891087467283E7DFF1EE83EAD345DD.tmp' to '../../../../../../Unreal/FOTWO/source/FOTWO02/Content/2DSideScrollerBP/Blueprints/User_Interface/EventsHUD.uasset'
[2017.08.07-12.49.17:726][509]LogSavePackage:Display: Finished SavePackage ../../../../../../Unreal/FOTWO/source/FOTWO02/Content/2DSideScrollerBP/Blueprints/User_Interface/EventsHUD.uasset
[2017.08.07-12.53.07:887][978]LogSlate: Took 0.000276 seconds to synchronously load lazily loaded font '../../../Engine/Content/Editor/Slate/Fonts/Roboto-Italic.ttf' (157K)
[2017.08.07-12.53.52:625][373]BlueprintLog: New page: Compile NationBAU
[2017.08.07-12.53.55:273][407]LogSavePackage: Save=596.71ms
[2017.08.07-12.53.55:273][407]LogSavePackage: Moving '../../../../../../Unreal/FOTWO/source/FOTWO02/Saved/NationBAU7F2B1A2B4ABB9B58A83538805D64E7C7.tmp' to '../../../../../../Unreal/FOTWO/source/FOTWO02/Content/2DSideScrollerBP/Blueprints/Simulation/NationBAU.uasset'
[2017.08.07-12.53.55:275][407]LogSavePackage:Display: Finished SavePackage ../../../../../../Unreal/FOTWO/source/FOTWO02/Content/2DSideScrollerBP/Blueprints/Simulation/NationBAU.uasset
[2017.08.07-12.56.23:309][197]BlueprintLog: New page: Compile NationBAU
[2017.08.07-12.56.25:189][221]LogSavePackage: Save=566.26ms
[2017.08.07-12.56.25:189][221]LogSavePackage: Moving '../../../../../../Unreal/FOTWO/source/FOTWO02/Saved/NationBAU17062FDA4AEA24BAD472BEB757D262E5.tmp' to '../../../../../../Unreal/FOTWO/source/FOTWO02/Content/2DSideScrollerBP/Blueprints/Simulation/NationBAU.uasset'
[2017.08.07-12.56.25:191][221]LogSavePackage:Display: Finished SavePackage ../../../../../../Unreal/FOTWO/source/FOTWO02/Content/2DSideScrollerBP/Blueprints/Simulation/NationBAU.uasset
[2017.08.07-12.57.01:683][331]BlueprintLog: New page: Compile NationBAU
[2017.08.07-12.57.03:700][332]LogSavePackage: Save=614.77ms
[2017.08.07-12.57.03:700][332]LogSavePackage: Moving '../../../../../../Unreal/FOTWO/source/FOTWO02/Saved/NationBAU0223099F4D9034956B4C36A7093F9CD2.tmp' to '../../../../../../Unreal/FOTWO/source/FOTWO02/Content/2DSideScrollerBP/Blueprints/Simulation/NationBAU.uasset'
[2017.08.07-12.57.03:702][332]LogSavePackage:Display: Finished SavePackage ../../../../../../Unreal/FOTWO/source/FOTWO02/Content/2DSideScrollerBP/Blueprints/Simulation/NationBAU.uasset
[2017.08.07-13.00.10:144][364]LogSavePackage: Save=125.60ms
[2017.08.07-13.00.10:144][364]LogSavePackage: Moving '../../../../../../Unreal/FOTWO/source/FOTWO02/Saved/FOTWO01_Auto19F08EA86410C4F019DE431B4DA5DEA29.tmp' to '../../../../../../Unreal/FOTWO/source/FOTWO02/Saved/Autosaves/Game/2DSideScrollerBP/Maps/FOTWO01_Auto1.umap'
[2017.08.07-13.00.10:145][364]LogSavePackage:Display: Finished SavePackage ../../../../../../Unreal/FOTWO/source/FOTWO02/Saved/Autosaves/Game/2DSideScrollerBP/Maps/FOTWO01_Auto1.umap
[2017.08.07-13.00.10:150][364]LogFileHelpers: Editor autosave (incl. sublevels) for '/Game/2DSideScrollerBP/Maps/FOTWO01' took 0.223
[2017.08.07-13.00.10:150][364]LogFileHelpers: Editor autosave (incl. sublevels) for all levels took 0.223
[2017.08.07-13.00.10:154][364]OBJ SavePackage: Generating thumbnails for [0] asset(s) in package [/Game/2DSideScrollerBP/Blueprints/User_Interface/EventsHUD] ([1] browsable assets)...
[2017.08.07-13.00.10:154][364]OBJ SavePackage: Finished generating thumbnails for package [/Game/2DSideScrollerBP/Blueprints/User_Interface/EventsHUD]
[2017.08.07-13.00.10:291][364]LogSavePackage: Save=88.80ms
[2017.08.07-13.00.10:291][364]LogSavePackage: Moving '../../../../../../Unreal/FOTWO/source/FOTWO02/Saved/EventsHUD_Auto1D136DC474C46333DE249A3B3C4ED297B.tmp' to '../../../../../../Unreal/FOTWO/source/FOTWO02/Saved/Autosaves/Game/2DSideScrollerBP/Blueprints/User_Interface/EventsHUD_Auto1.uasset'
[2017.08.07-13.00.10:293][364]LogSavePackage:Display: Finished SavePackage ../../../../../../Unreal/FOTWO/source/FOTWO02/Saved/Autosaves/Game/2DSideScrollerBP/Blueprints/User_Interface/EventsHUD_Auto1.uasset
[2017.08.07-13.00.10:293][364]LogFileHelpers: Auto-saving content packages took 0.141
[2017.08.07-13.02.17:672][654]BlueprintLog: New page: Compile ArchHUD
[2017.08.07-13.02.17:876][654]BlueprintEditorCompileResults: Info Fast Template Successfully Created.
[2017.08.07-13.02.20:330][790]LogSavePackage: Save=86.43ms
[2017.08.07-13.02.20:330][790]LogSavePackage: Moving '../../../../../../Unreal/FOTWO/source/FOTWO02/Saved/EventsHUD217D214044F681AD86CAF29027D4EF86.tmp' to '../../../../../../Unreal/FOTWO/source/FOTWO02/Content/2DSideScrollerBP/Blueprints/User_Interface/EventsHUD.uasset'
[2017.08.07-13.02.20:335][790]LogSavePackage:Display: Finished SavePackage ../../../../../../Unreal/FOTWO/source/FOTWO02/Content/2DSideScrollerBP/Blueprints/User_Interface/EventsHUD.uasset
[2017.08.07-13.02.20:898][822]BlueprintLog: New page: Compile EventsHUD
[2017.08.07-13.02.21:145][822]BlueprintEditorCompileResults: Info Fast Template Successfully Created.
[2017.08.07-13.02.21:844][853]LogSavePackage: Save=93.15ms
[2017.08.07-13.02.21:844][853]LogSavePackage: Moving '../../../../../../Unreal/FOTWO/source/FOTWO02/Saved/EventsHUD05C15FE54A619BFF581A32A5778DEA8B.tmp' to '../../../../../../Unreal/FOTWO/source/FOTWO02/Content/2DSideScrollerBP/Blueprints/User_Interface/EventsHUD.uasset'
[2017.08.07-13.02.21:845][853]LogSavePackage:Display: Finished SavePackage ../../../../../../Unreal/FOTWO/source/FOTWO02/Content/2DSideScrollerBP/Blueprints/User_Interface/EventsHUD.uasset
[2017.08.07-13.02.23:896][975]LogTemp: Repeting last play command: Selected Viewport
[2017.08.07-13.02.23:938][975]LogBlueprintUserMessages: Early PlayInEditor Detection: Level '/Game/2DSideScrollerBP/Maps/FOTWO01.FOTWO01:PersistentLevel' has LevelScriptBlueprint '/Game/2DSideScrollerBP/Maps/FOTWO01.FOTWO01:PersistentLevel.FOTWO01' with GeneratedClass '/Game/2DSideScrollerBP/Maps/FOTWO01.FOTWO01_C' with ClassGeneratedBy '/Game/2DSideScrollerBP/Maps/FOTWO01.FOTWO01:PersistentLevel.FOTWO01'
[2017.08.07-13.02.23:938][975]LogPlayLevel: PlayLevel: No blueprints needed recompiling
[2017.08.07-13.02.23:939][975]PIE: New page: PIE session: FOTWO01 (7 Aug 2017 17:02:23)
[2017.08.07-13.02.23:939][975]LogPlayLevel: Creating play world package: /Game/2DSideScrollerBP/Maps/UEDPIE_0_FOTWO01
[2017.08.07-13.02.23:940][975]LogPlayLevel: PIE: StaticDuplicateObject took: (0.001158s)
[2017.08.07-13.02.23:940][975]LogAIModule: Creating AISystem for world FOTWO01
[2017.08.07-13.02.23:941][975]LogPlayLevel: PIE: World Init took: (0.000717s)
[2017.08.07-13.02.23:941][975]LogPlayLevel: PIE: Created PIE world by copying editor world from /Game/2DSideScrollerBP/Maps/FOTWO01.FOTWO01 to /Game/2DSideScrollerBP/Maps/UEDPIE_0_FOTWO01.FOTWO01 (0.002037s)
[2017.08.07-13.02.23:961][975]LogInit: XAudio2 using 'Headset Earphone (3- Microsoft LifeChat LX-3000)' : 2 channels at 48 kHz using 16 bits per sample (channel mask 0x3)
[2017.08.07-13.02.23:968][975]LogInit: FAudioDevice initialized.
[2017.08.07-13.02.24:009][975]LogLoad: Game class is 'FOTWOGameMode_C'
[2017.08.07-13.02.24:011][975]LogWorld: Bringing World /Game/2DSideScrollerBP/Maps/UEDPIE_0_FOTWO01.FOTWO01 up for play (max tick rate 60) at 2017.08.07-15.02.24
[2017.08.07-13.02.24:011][975]LogWorld: Bringing up level for play took: 0.001036
[2017.08.07-13.02.24:071][975]LogContentBrowser: Native class hierarchy updated for 'MovieSceneCapture' in 0.0006 seconds. Added 11 classes and 0 folders.
[2017.08.07-13.02.24:082][975]PIE: Info Play in editor start time for /Game/2DSideScrollerBP/Maps/UEDPIE_0_FOTWO01 0.901
[2017.08.07-13.02.24:082][975]LogBlueprintUserMessages: Late PlayInEditor Detection: Level '/Game/2DSideScrollerBP/Maps/FOTWO01.FOTWO01:PersistentLevel' has LevelScriptBlueprint '/Game/2DSideScrollerBP/Maps/FOTWO01.FOTWO01:PersistentLevel.FOTWO01' with GeneratedClass '/Game/2DSideScrollerBP/Maps/FOTWO01.FOTWO01_C' with ClassGeneratedBy '/Game/2DSideScrollerBP/Maps/FOTWO01.FOTWO01:PersistentLevel.FOTWO01'
[2017.08.07-13.02.43:584][142]LogBlueprintUserMessages: Early EndPlayMap Detection: Level '/Game/2DSideScrollerBP/Maps/FOTWO01.FOTWO01:PersistentLevel' has LevelScriptBlueprint '/Game/2DSideScrollerBP/Maps/FOTWO01.FOTWO01:PersistentLevel.FOTWO01' with GeneratedClass '/Game/2DSideScrollerBP/Maps/FOTWO01.FOTWO01_C' with ClassGeneratedBy '/Game/2DSideScrollerBP/Maps/FOTWO01.FOTWO01:PersistentLevel.FOTWO01'
[2017.08.07-13.02.43:631][142]LogBlueprintUserMessages: Late EndPlayMap Detection: Level '/Game/2DSideScrollerBP/Maps/FOTWO01.FOTWO01:PersistentLevel' has LevelScriptBlueprint '/Game/2DSideScrollerBP/Maps/FOTWO01.FOTWO01:PersistentLevel.FOTWO01' with GeneratedClass '/Game/2DSideScrollerBP/Maps/FOTWO01.FOTWO01_C' with ClassGeneratedBy '/Game/2DSideScrollerBP/Maps/FOTWO01.FOTWO01:PersistentLevel.FOTWO01'
[2017.08.07-13.04.34:806][636]BlueprintLog: New page: Compile NationBAU
[2017.08.07-13.04.37:082][664]LogSavePackage: Save=574.08ms
[2017.08.07-13.04.37:082][664]LogSavePackage: Moving '../../../../../../Unreal/FOTWO/source/FOTWO02/Saved/NationBAUCCBE8F0A405900CC609F2CB091979D48.tmp' to '../../../../../../Unreal/FOTWO/source/FOTWO02/Content/2DSideScrollerBP/Blueprints/Simulation/NationBAU.uasset'
[2017.08.07-13.04.37:084][664]LogSavePackage:Display: Finished SavePackage ../../../../../../Unreal/FOTWO/source/FOTWO02/Content/2DSideScrollerBP/Blueprints/Simulation/NationBAU.uasset
[2017.08.07-13.04.38:584][752]LogTemp: Repeting last play command: Selected Viewport
[2017.08.07-13.04.38:605][752]LogBlueprintUserMessages: Early PlayInEditor Detection: Level '/Game/2DSideScrollerBP/Maps/FOTWO01.FOTWO01:PersistentLevel' has LevelScriptBlueprint '/Game/2DSideScrollerBP/Maps/FOTWO01.FOTWO01:PersistentLevel.FOTWO01' with GeneratedClass '/Game/2DSideScrollerBP/Maps/FOTWO01.FOTWO01_C' with ClassGeneratedBy '/Game/2DSideScrollerBP/Maps/FOTWO01.FOTWO01:PersistentLevel.FOTWO01'
[2017.08.07-13.04.38:605][752]LogPlayLevel: PlayLevel: No blueprints needed recompiling
[2017.08.07-13.04.38:605][752]PIE: New page: PIE session: FOTWO01 (7 Aug 2017 17:04:38)
[2017.08.07-13.04.38:606][752]LogPlayLevel: Creating play world package: /Game/2DSideScrollerBP/Maps/UEDPIE_0_FOTWO01
[2017.08.07-13.04.38:607][752]LogPlayLevel: PIE: StaticDuplicateObject took: (0.001086s)
[2017.08.07-13.04.38:607][752]LogAIModule: Creating AISystem for world FOTWO01
[2017.08.07-13.04.38:607][752]LogPlayLevel: PIE: World Init took: (0.000462s)
[2017.08.07-13.04.38:607][752]LogPlayLevel: PIE: Created PIE world by copying editor world from /Game/2DSideScrollerBP/Maps/FOTWO01.FOTWO01 to /Game/2DSideScrollerBP/Maps/UEDPIE_0_FOTWO01.FOTWO01 (0.001714s)
[2017.08.07-13.04.38:629][752]LogInit: XAudio2 using 'Headset Earphone (3- Microsoft LifeChat LX-3000)' : 2 channels at 48 kHz using 16 bits per sample (channel mask 0x3)
[2017.08.07-13.04.38:635][752]LogInit: FAudioDevice initialized.
[2017.08.07-13.04.38:672][752]LogLoad: Game class is 'FOTWOGameMode_C'
[2017.08.07-13.04.38:677][752]LogWorld: Bringing World /Game/2DSideScrollerBP/Maps/UEDPIE_0_FOTWO01.FOTWO01 up for play (max tick rate 60) at 2017.08.07-15.04.38
[2017.08.07-13.04.38:677][752]LogWorld: Bringing up level for play took: 0.002065
[2017.08.07-13.04.38:700][752]PIE: Info Play in editor start time for /Game/2DSideScrollerBP/Maps/UEDPIE_0_FOTWO01 -0.482
[2017.08.07-13.04.38:700][752]LogBlueprintUserMessages: Late PlayInEditor Detection: Level '/Game/2DSideScrollerBP/Maps/FOTWO01.FOTWO01:PersistentLevel' has LevelScriptBlueprint '/Game/2DSideScrollerBP/Maps/FOTWO01.FOTWO01:PersistentLevel.FOTWO01' with GeneratedClass '/Game/2DSideScrollerBP/Maps/FOTWO01.FOTWO01_C' with ClassGeneratedBy '/Game/2DSideScrollerBP/Maps/FOTWO01.FOTWO01:PersistentLevel.FOTWO01'
[2017.08.07-13.04.57:558][883]LogBlueprintUserMessages: Early EndPlayMap Detection: Level '/Game/2DSideScrollerBP/Maps/FOTWO01.FOTWO01:PersistentLevel' has LevelScriptBlueprint '/Game/2DSideScrollerBP/Maps/FOTWO01.FOTWO01:PersistentLevel.FOTWO01' with GeneratedClass '/Game/2DSideScrollerBP/Maps/FOTWO01.FOTWO01_C' with ClassGeneratedBy '/Game/2DSideScrollerBP/Maps/FOTWO01.FOTWO01:PersistentLevel.FOTWO01'
[2017.08.07-13.04.57:638][883]LogBlueprintUserMessages: Late EndPlayMap Detection: Level '/Game/2DSideScrollerBP/Maps/FOTWO01.FOTWO01:PersistentLevel' has LevelScriptBlueprint '/Game/2DSideScrollerBP/Maps/FOTWO01.FOTWO01:PersistentLevel.FOTWO01' with GeneratedClass '/Game/2DSideScrollerBP/Maps/FOTWO01.FOTWO01_C' with ClassGeneratedBy '/Game/2DSideScrollerBP/Maps/FOTWO01.FOTWO01:PersistentLevel.FOTWO01'
[2017.08.07-13.10.12:886][217]LogSavePackage: Save=152.62ms
[2017.08.07-13.10.12:886][217]LogSavePackage: Moving '../../../../../../Unreal/FOTWO/source/FOTWO02/Saved/ArchHUD017B46F34B81A8E1460DBDAC374F23F8.tmp' to '../../../../../../Unreal/FOTWO/source/FOTWO02/Content/2DSideScrollerBP/Blueprints/User_Interface/ArchHUD.uasset'
[2017.08.07-13.10.12:889][217]LogSavePackage:Display: Finished SavePackage ../../../../../../Unreal/FOTWO/source/FOTWO02/Content/2DSideScrollerBP/Blueprints/User_Interface/ArchHUD.uasset
[2017.08.07-13.11.28:422][984]BlueprintLog: New page: Compile NationBAU
[2017.08.07-13.11.30:324][988]LogSavePackage: Save=570.92ms
[2017.08.07-13.11.30:324][988]LogSavePackage: Moving '../../../../../../Unreal/FOTWO/source/FOTWO02/Saved/NationBAUCF14F28D410695D469568F921F48B738.tmp' to '../../../../../../Unreal/FOTWO/source/FOTWO02/Content/2DSideScrollerBP/Blueprints/Simulation/NationBAU.uasset'
[2017.08.07-13.11.30:326][988]LogSavePackage:Display: Finished SavePackage ../../../../../../Unreal/FOTWO/source/FOTWO02/Content/2DSideScrollerBP/Blueprints/Simulation/NationBAU.uasset
[2017.08.07-13.12.02:554][377]LogSavePackage: Save=112.97ms
[2017.08.07-13.12.02:554][377]LogSavePackage: Moving '../../../../../../Unreal/FOTWO/source/FOTWO02/Saved/FOTWO01_Auto2E8474C6C46BEAB9448140B9ACD5B5056.tmp' to '../../../../../../Unreal/FOTWO/source/FOTWO02/Saved/Autosaves/Game/2DSideScrollerBP/Maps/FOTWO01_Auto2.umap'
[2017.08.07-13.12.02:555][377]LogSavePackage:Display: Finished SavePackage ../../../../../../Unreal/FOTWO/source/FOTWO02/Saved/Autosaves/Game/2DSideScrollerBP/Maps/FOTWO01_Auto2.umap
[2017.08.07-13.12.02:558][377]LogFileHelpers: Editor autosave (incl. sublevels) for '/Game/2DSideScrollerBP/Maps/FOTWO01' took 0.189
[2017.08.07-13.12.02:558][377]LogFileHelpers: Editor autosave (incl. sublevels) for all levels took 0.189
[2017.08.07-13.57.49:093][618]LogAudio:Warning: Current Audio Device with ID {0.0.0.00000000}.{10809ba4-e742-4c6b-a2a6-a08586ea511a} was removed. Shutting down audio device.
[2017.08.07-14.41.45:138][128]LogSavePackage: Save=118.87ms
[2017.08.07-14.41.45:138][128]LogSavePackage: Moving '../../../../../../Unreal/FOTWO/source/FOTWO02/Saved/FOTWO01DE10120E477A79DBF111DE9F80C0202F.tmp' to '../../../../../../Unreal/FOTWO/source/FOTWO02/Content/2DSideScrollerBP/Maps/FOTWO01.umap'
[2017.08.07-14.41.45:140][128]LogSavePackage:Display: Finished SavePackage ../../../../../../Unreal/FOTWO/source/FOTWO02/Content/2DSideScrollerBP/Maps/FOTWO01.umap
[2017.08.07-14.41.45:174][128]Cmd: OBJ SAVEPACKAGE PACKAGE="/Game/2DSideScrollerBP/Maps/FOTWO01_BuiltData" FILE="../../../../../../Unreal/FOTWO/source/FOTWO02/Content/2DSideScrollerBP/Maps/FOTWO01_BuiltData.uasset" SILENT=true
[2017.08.07-14.41.45:218][128]LogSavePackage: Save=5.13ms
[2017.08.07-14.41.45:218][128]LogSavePackage: Moving '../../../../../../Unreal/FOTWO/source/FOTWO02/Saved/FOTWO01_BuiltDataED499BBC430F2122450433B7F52CAD98.tmp' to '../../../../../../Unreal/FOTWO/source/FOTWO02/Content/2DSideScrollerBP/Maps/FOTWO01_BuiltData.uasset'
[2017.08.07-14.41.45:219][128]LogSavePackage:Display: Finished SavePackage ../../../../../../Unreal/FOTWO/source/FOTWO02/Content/2DSideScrollerBP/Maps/FOTWO01_BuiltData.uasset
[2017.08.07-14.41.45:666][155]LogTemp: Repeting last play command: Selected Viewport
[2017.08.07-14.41.45:692][155]LogBlueprintUserMessages: Early PlayInEditor Detection: Level '/Game/2DSideScrollerBP/Maps/FOTWO01.FOTWO01:PersistentLevel' has LevelScriptBlueprint '/Game/2DSideScrollerBP/Maps/FOTWO01.FOTWO01:PersistentLevel.FOTWO01' with GeneratedClass '/Game/2DSideScrollerBP/Maps/FOTWO01.FOTWO01_C' with ClassGeneratedBy '/Game/2DSideScrollerBP/Maps/FOTWO01.FOTWO01:PersistentLevel.FOTWO01'
[2017.08.07-14.41.45:692][155]LogPlayLevel: PlayLevel: No blueprints needed recompiling
[2017.08.07-14.41.45:692][155]PIE: New page: PIE session: FOTWO01 (7 Aug 2017 18:41:45)
[2017.08.07-14.41.45:692][155]LogPlayLevel: Creating play world package: /Game/2DSideScrollerBP/Maps/UEDPIE_0_FOTWO01
[2017.08.07-14.41.45:694][155]LogPlayLevel: PIE: StaticDuplicateObject took: (0.002157s)
[2017.08.07-14.41.45:695][155]LogAIModule: Creating AISystem for world FOTWO01
[2017.08.07-14.41.45:695][155]LogPlayLevel: PIE: World Init took: (0.001111s)
[2017.08.07-14.41.45:695][155]LogPlayLevel: PIE: Created PIE world by copying editor world from /Game/2DSideScrollerBP/Maps/FOTWO01.FOTWO01 to /Game/2DSideScrollerBP/Maps/UEDPIE_0_FOTWO01.FOTWO01 (0.003459s)
[2017.08.07-14.41.45:728][155]LogInit: XAudio2 using 'Speakers / Headphones (Realtek Audio)' : 2 channels at 48 kHz using 32 bits per sample (channel mask 0x3)
[2017.08.07-14.41.46:178][155]LogInit: FAudioDevice initialized.
[2017.08.07-14.41.46:215][155]LogLoad: Game class is 'FOTWOGameMode_C'
[2017.08.07-14.41.46:217][155]LogWorld: Bringing World /Game/2DSideScrollerBP/Maps/UEDPIE_0_FOTWO01.FOTWO01 up for play (max tick rate 60) at 2017.08.07-16.41.46
[2017.08.07-14.41.46:218][155]LogWorld: Bringing up level for play took: 0.001257
[2017.08.07-14.41.46:239][155]PIE: Info Play in editor start time for /Game/2DSideScrollerBP/Maps/UEDPIE_0_FOTWO01 1.058
[2017.08.07-14.41.46:239][155]LogBlueprintUserMessages: Late PlayInEditor Detection: Level '/Game/2DSideScrollerBP/Maps/FOTWO01.FOTWO01:PersistentLevel' has LevelScriptBlueprint '/Game/2DSideScrollerBP/Maps/FOTWO01.FOTWO01:PersistentLevel.FOTWO01' with GeneratedClass '/Game/2DSideScrollerBP/Maps/FOTWO01.FOTWO01_C' with ClassGeneratedBy '/Game/2DSideScrollerBP/Maps/FOTWO01.FOTWO01:PersistentLevel.FOTWO01'
[2017.08.07-14.42.17:047][  2]LogBlueprintUserMessages: Early EndPlayMap Detection: Level '/Game/2DSideScrollerBP/Maps/FOTWO01.FOTWO01:PersistentLevel' has LevelScriptBlueprint '/Game/2DSideScrollerBP/Maps/FOTWO01.FOTWO01:PersistentLevel.FOTWO01' with GeneratedClass '/Game/2DSideScrollerBP/Maps/FOTWO01.FOTWO01_C' with ClassGeneratedBy '/Game/2DSideScrollerBP/Maps/FOTWO01.FOTWO01:PersistentLevel.FOTWO01'
[2017.08.07-14.42.17:084][  2]LogBlueprintUserMessages: Late EndPlayMap Detection: Level '/Game/2DSideScrollerBP/Maps/FOTWO01.FOTWO01:PersistentLevel' has LevelScriptBlueprint '/Game/2DSideScrollerBP/Maps/FOTWO01.FOTWO01:PersistentLevel.FOTWO01' with GeneratedClass '/Game/2DSideScrollerBP/Maps/FOTWO01.FOTWO01_C' with ClassGeneratedBy '/Game/2DSideScrollerBP/Maps/FOTWO01.FOTWO01:PersistentLevel.FOTWO01'
[2017.08.07-14.42.18:984][108]LogWindowsTextInputMethodSystem:Display: IME system now deactivated.
[2017.08.07-14.42.19:275][109]Cmd: QUIT_EDITOR
[2017.08.07-14.42.19:539][109]LogExit: Preparing to exit.
[2017.08.07-14.42.20:710][109]LogDirectoryWatcher: A directory notification for 'C:/Unreal/FOTWO/source/FOTWO02/Content/' was aborted.
[2017.08.07-14.42.20:806][109]LogExit: Editor shut down
[2017.08.07-14.42.20:836][109]LogExit: Transaction tracking system shut down
[2017.08.07-14.42.21:012][109]LogObj: Freed 0b from 0 cluster array pools.
[2017.08.07-14.42.21:014][109]LogExit: Object subsystem successfully closed.
[2017.08.07-14.42.21:043][109]LogD3D11RHI: Shutdown
[2017.08.07-14.42.21:043][109]LogD3D11RHI: CleanupD3DDevice
[2017.08.07-14.42.21:093][109]LogD3D11RHI: ~FD3D11DynamicRHI
[2017.08.07-14.42.21:108][109]LogModuleManager: Shutting down and abandoning module MovieSceneCapture (532)
[2017.08.07-14.42.21:108][109]LogModuleManager: Shutting down and abandoning module SequencerWidgets (530)
[2017.08.07-14.42.21:108][109]LogModuleManager: Shutting down and abandoning module BlueprintGraph (528)
[2017.08.07-14.42.21:108][109]LogModuleManager: Shutting down and abandoning module BlueprintProfiler (526)
[2017.08.07-14.42.21:108][109]LogModuleManager: Shutting down and abandoning module StatsViewer (524)
[2017.08.07-14.42.21:108][109]LogModuleManager: Shutting down and abandoning module HierarchicalLODOutliner (522)
[2017.08.07-14.42.21:108][109]LogModuleManager: Shutting down and abandoning module CrashTracker (520)
[2017.08.07-14.42.21:108][109]LogModuleManager: Shutting down and abandoning module SceneOutliner (518)
[2017.08.07-14.42.21:108][109]LogModuleManager: Shutting down and abandoning module AddContentDialog (516)
[2017.08.07-14.42.21:108][109]LogDirectoryWatcher: A directory notification for 'C:/Program Files/Epic Games/UE_4.16/FeaturePacks/' was aborted.
[2017.08.07-14.42.21:113][109]LogModuleManager: Shutting down and abandoning module WidgetCarousel (515)
[2017.08.07-14.42.21:113][109]LogModuleManager: Shutting down and abandoning module EditorWidgets (512)
[2017.08.07-14.42.21:113][109]LogModuleManager: Shutting down and abandoning module CollectionManager (510)
[2017.08.07-14.42.21:113][109]LogDirectoryWatcher: A directory notification for 'C:/Unreal/FOTWO/source/FOTWO02/Content/Collections/' was aborted.
[2017.08.07-14.42.21:114][109]LogDirectoryWatcher: A directory notification for 'C:/Unreal/FOTWO/source/FOTWO02/Content/Developers/vonkl/Collections/' was aborted.
[2017.08.07-14.42.21:114][109]LogDirectoryWatcher: A directory notification for 'C:/Unreal/FOTWO/source/FOTWO02/Saved/Collections/' was aborted.
[2017.08.07-14.42.21:114][109]LogModuleManager: Shutting down and abandoning module FoliageEdit (508)
[2017.08.07-14.42.21:114][109]LogModuleManager: Shutting down and abandoning module LandscapeEditor (506)
[2017.08.07-14.42.21:114][109]LogModuleManager: Shutting down and abandoning module MeshPaintMode (504)
[2017.08.07-14.42.21:114][109]LogModuleManager: Shutting down and abandoning module SceneDepthPickerMode (502)
[2017.08.07-14.42.21:114][109]LogModuleManager: Shutting down and abandoning module ActorPickerMode (500)
[2017.08.07-14.42.21:114][109]LogModuleManager: Shutting down and abandoning module GeometryMode (498)
[2017.08.07-14.42.21:114][109]LogModuleManager: Shutting down and abandoning module TextureAlignMode (496)
[2017.08.07-14.42.21:114][109]LogModuleManager: Shutting down and abandoning module BspMode (494)
[2017.08.07-14.42.21:114][109]LogModuleManager: Shutting down and abandoning module HardwareSurvey (492)
[2017.08.07-14.42.21:114][109]LogModuleManager: Shutting down and abandoning module SequenceRecorderSections (490)
[2017.08.07-14.42.21:114][109]LogModuleManager: Shutting down and abandoning module AutomationWorker (488)
[2017.08.07-14.42.21:114][109]LogModuleManager: Shutting down and abandoning module MatineeToLevelSequence (486)
[2017.08.07-14.42.21:114][109]LogModuleManager: Shutting down and abandoning module LevelSequenceEditor (484)
[2017.08.07-14.42.21:114][109]LogModuleManager: Shutting down and abandoning module PlacementMode (483)
[2017.08.07-14.42.21:114][109]LogModuleManager: Shutting down and abandoning module WmfMediaFactory (480)
[2017.08.07-14.42.21:114][109]LogModuleManager: Shutting down and abandoning module WmfMediaEditor (478)
[2017.08.07-14.42.21:114][109]LogModuleManager: Shutting down and abandoning module AvfMediaFactory (476)
[2017.08.07-14.42.21:114][109]LogModuleManager: Shutting down and abandoning module AvfMediaEditor (474)
[2017.08.07-14.42.21:114][109]LogModuleManager: Shutting down and abandoning module AndroidMediaFactory (472)
[2017.08.07-14.42.21:114][109]LogModuleManager: Shutting down and abandoning module Media (471)
[2017.08.07-14.42.21:114][109]LogModuleManager: Shutting down and abandoning module AndroidMediaEditor (468)
[2017.08.07-14.42.21:114][109]LogModuleManager: Shutting down and abandoning module CharacterAI (466)
[2017.08.07-14.42.21:114][109]LogModuleManager: Shutting down and abandoning module AudioCapture (464)
[2017.08.07-14.42.21:114][109]LogModuleManager: Shutting down and abandoning module SequenceRecorder (463)
[2017.08.07-14.42.21:114][109]LogModuleManager: Shutting down and abandoning module SmartSnapping (460)
[2017.08.07-14.42.21:114][109]LogModuleManager: Shutting down and abandoning module SessionServices (458)
[2017.08.07-14.42.21:114][109]LogModuleManager: Shutting down and abandoning module ViewportSnapping (456)
[2017.08.07-14.42.21:114][109]LogModuleManager: Shutting down and abandoning module ViewportInteraction (454)
[2017.08.07-14.42.21:114][109]LogModuleManager: Shutting down and abandoning module ClothPainter (452)
[2017.08.07-14.42.21:114][109]LogModuleManager: Shutting down and abandoning module LogVisualizer (450)
[2017.08.07-14.42.21:114][109]LogModuleManager: Shutting down and abandoning module IntroTutorials (448)
[2017.08.07-14.42.21:114][109]LogModuleManager: Shutting down and abandoning module GameProjectGeneration (447)
[2017.08.07-14.42.21:114][109]LogModuleManager: Shutting down and abandoning module EditorLiveStreaming (444)
[2017.08.07-14.42.21:114][109]LogModuleManager: Shutting down and abandoning module IOSPlatformEditor (442)
[2017.08.07-14.42.21:114][109]LogModuleManager: Shutting down and abandoning module HTML5PlatformEditor (440)
[2017.08.07-14.42.21:114][109]LogModuleManager: Shutting down and abandoning module AndroidPlatformEditor (438)
[2017.08.07-14.42.21:115][109]LogModuleManager: Shutting down and abandoning module AndroidDeviceDetection (437)
[2017.08.07-14.42.22:058][109]LogModuleManager: Shutting down and abandoning module IOSRuntimeSettings (434)
[2017.08.07-14.42.22:058][109]LogModuleManager: Shutting down and abandoning module AndroidRuntimeSettings (432)
[2017.08.07-14.42.22:058][109]LogModuleManager: Shutting down and abandoning module InputBindingEditor (430)
[2017.08.07-14.42.22:058][109]LogModuleManager: Shutting down and abandoning module MergeActors (428)
[2017.08.07-14.42.22:058][109]LogModuleManager: Shutting down and abandoning module SizeMap (426)
[2017.08.07-14.42.22:058][109]LogModuleManager: Shutting down and abandoning module TreeMap (424)
[2017.08.07-14.42.22:059][109]LogModuleManager: Shutting down and abandoning module ReferenceViewer (422)
[2017.08.07-14.42.22:059][109]LogModuleManager: Shutting down and abandoning module LocalizationDashboard (420)
[2017.08.07-14.42.22:059][109]LogModuleManager: Shutting down and abandoning module LocalizationService (419)
[2017.08.07-14.42.22:059][109]LogModuleManager: Shutting down and abandoning module HardwareTargeting (416)
[2017.08.07-14.42.22:059][109]LogModuleManager: Shutting down and abandoning module DeviceProfileEditor (414)
[2017.08.07-14.42.22:059][109]LogModuleManager: Shutting down and abandoning module UndoHistory (412)
[2017.08.07-14.42.22:059][109]LogModuleManager: Shutting down and abandoning module UserFeedback (410)
[2017.08.07-14.42.22:059][109]LogModuleManager: Shutting down and abandoning module XmlParser (408)
[2017.08.07-14.42.22:059][109]LogModuleManager: Shutting down and abandoning module Blutility (406)
[2017.08.07-14.42.22:059][109]LogModuleManager: Shutting down and abandoning module ProjectSettingsViewer (404)
[2017.08.07-14.42.22:059][109]LogModuleManager: Shutting down and abandoning module ProjectTargetPlatformEditor (403)
[2017.08.07-14.42.22:060][109]LogModuleManager: Shutting down and abandoning module EditorSettingsViewer (400)
[2017.08.07-14.42.22:060][109]LogModuleManager: Shutting down and abandoning module SettingsEditor (398)
[2017.08.07-14.42.22:061][109]LogModuleManager: Shutting down and abandoning module ProjectLauncher (396)
[2017.08.07-14.42.22:061][109]LogModuleManager: Shutting down and abandoning module SessionFrontend (394)
[2017.08.07-14.42.22:061][109]LogModuleManager: Shutting down and abandoning module ProfilerClient (392)
[2017.08.07-14.42.22:061][109]LogModuleManager: Shutting down and abandoning module DeviceManager (390)
[2017.08.07-14.42.22:061][109]LogModuleManager: Shutting down and abandoning module TargetDeviceServices (389)
[2017.08.07-14.42.22:115][109]LogModuleManager: Shutting down and abandoning module AutomationController (386)
[2017.08.07-14.42.22:115][109]LogModuleManager: Shutting down and abandoning module AutomationWindow (384)
[2017.08.07-14.42.22:115][109]LogModuleManager: Shutting down and abandoning module Layers (382)
[2017.08.07-14.42.22:115][109]LogModuleManager: Shutting down and abandoning module ComponentVisualizers (380)
[2017.08.07-14.42.22:115][109]LogModuleManager: Shutting down and abandoning module DetailCustomizations (378)
[2017.08.07-14.42.22:115][109]LogModuleManager: Shutting down and abandoning module PackagesDialog (376)
[2017.08.07-14.42.22:116][109]LogModuleManager: Shutting down and abandoning module Persona (374)
[2017.08.07-14.42.22:116][109]LogModuleManager: Shutting down and abandoning module AdvancedPreviewScene (373)
[2017.08.07-14.42.22:116][109]LogModuleManager: Shutting down and abandoning module AnimGraph (371)
[2017.08.07-14.42.22:116][109]LogModuleManager: Shutting down and abandoning module Kismet (368)
[2017.08.07-14.42.22:141][109]LogModuleManager: Shutting down and abandoning module ClassViewer (366)
[2017.08.07-14.42.22:141][109]LogModuleManager: Shutting down and abandoning module Toolbox (364)
[2017.08.07-14.42.22:141][109]LogModuleManager: Shutting down and abandoning module ModuleUI (362)
[2017.08.07-14.42.22:141][109]LogModuleManager: Shutting down and abandoning module MovieSceneTools (360)
[2017.08.07-14.42.22:141][109]LogModuleManager: Shutting down and abandoning module OutputLog (358)
[2017.08.07-14.42.22:141][109]LogModuleManager: Shutting down and abandoning module GammaUI (356)
[2017.08.07-14.42.22:141][109]LogModuleManager: Shutting down and abandoning module Documentation (354)
[2017.08.07-14.42.22:141][109]LogModuleManager: Shutting down and abandoning module MovieSceneTracks (352)
[2017.08.07-14.42.22:141][109]LogModuleManager: Shutting down and abandoning module MovieScene (350)
[2017.08.07-14.42.22:141][109]LogModuleManager: Shutting down and abandoning module Niagara (348)
[2017.08.07-14.42.22:141][109]LogModuleManager: Shutting down and abandoning module NiagaraEditor (347)
[2017.08.07-14.42.22:141][109]LogModuleManager: Shutting down and abandoning module StreamingPauseRendering (344)
[2017.08.07-14.42.22:142][109]LogModuleManager: Shutting down and abandoning module AnalyticsET (342)
[2017.08.07-14.42.22:142][109]LogModuleManager: Shutting down and abandoning module PortalServices (340)
[2017.08.07-14.42.22:142][109]LogModuleManager: Shutting down and abandoning module PortalRpc (338)
[2017.08.07-14.42.22:142][109]LogModuleManager: Shutting down and abandoning module MessagingRpc (336)
[2017.08.07-14.42.22:142][109]LogModuleManager: Shutting down and abandoning module AIModule (334)
[2017.08.07-14.42.22:142][109]LogModuleManager: Shutting down and abandoning module GameplayDebugger (333)
[2017.08.07-14.42.22:142][109]LogModuleManager: Shutting down and abandoning module AITestSuite (331)
[2017.08.07-14.42.22:142][109]LogModuleManager: Shutting down and abandoning module ProfilerService (328)
[2017.08.07-14.42.22:203][109]LogModuleManager: Shutting down and abandoning module TaskGraph (326)
[2017.08.07-14.42.22:203][109]LogModuleManager: Shutting down and abandoning module SteamVRController (324)
[2017.08.07-14.42.22:203][109]LogModuleManager: Shutting down and abandoning module SteamVR (322)
[2017.08.07-14.42.22:204][109]LogModuleManager: Shutting down and abandoning module ProceduralMeshComponentEditor (320)
[2017.08.07-14.42.22:204][109]LogModuleManager: Shutting down and abandoning module ProceduralMeshComponent (318)
[2017.08.07-14.42.22:204][109]LogModuleManager: Shutting down and abandoning module OculusLibrary (316)
[2017.08.07-14.42.22:204][109]LogModuleManager: Shutting down and abandoning module OculusInput (314)
[2017.08.07-14.42.22:204][109]LogModuleManager: Shutting down and abandoning module MobilePatchingUtils (312)
[2017.08.07-14.42.22:204][109]LogModuleManager: Shutting down and abandoning module CustomMeshComponent (310)
[2017.08.07-14.42.22:204][109]LogModuleManager: Shutting down and abandoning module CableComponent (308)
[2017.08.07-14.42.22:204][109]LogModuleManager: Shutting down and abandoning module ArchVisCharacter (306)
[2017.08.07-14.42.22:204][109]LogModuleManager: Shutting down and abandoning module AndroidPermission (304)
[2017.08.07-14.42.22:204][109]LogModuleManager: Shutting down and abandoning module MediaPlayerEditor (300)
[2017.08.07-14.42.22:204][109]LogModuleManager: Shutting down and abandoning module HTML5Networking (298)
[2017.08.07-14.42.22:204][109]LogModuleManager: Shutting down and abandoning module AlembicImporter (296)
[2017.08.07-14.42.22:204][109]LogModuleManager: Shutting down and abandoning module AlembicLibrary (295)
[2017.08.07-14.42.22:204][109]LogModuleManager: Shutting down and abandoning module GeometryCache (294)
[2017.08.07-14.42.22:204][109]LogModuleManager: Shutting down and abandoning module GeometryCacheEd (293)
[2017.08.07-14.42.22:204][109]LogModuleManager: Shutting down and abandoning module SuperSearchEditor (288)
[2017.08.07-14.42.22:204][109]LogModuleManager: Shutting down and abandoning module SuperSearch (287)
[2017.08.07-14.42.22:204][109]LogModuleManager: Shutting down and abandoning module SpeedTreeImporter (284)
[2017.08.07-14.42.22:204][109]LogModuleManager: Shutting down and abandoning module PluginBrowser (282)
[2017.08.07-14.42.22:205][109]LogModuleManager: Shutting down and abandoning module MobileLauncherProfileWizard (280)
[2017.08.07-14.42.22:205][109]LogModuleManager: Shutting down and abandoning module VisualStudioSourceCodeAccess (278)
[2017.08.07-14.42.22:205][109]LogModuleManager: Shutting down and abandoning module DesktopPlatform (277)
[2017.08.07-14.42.22:205][109]LogModuleManager: Shutting down and abandoning module UObjectPlugin (274)
[2017.08.07-14.42.22:205][109]LogModuleManager: Shutting down and abandoning module SubversionSourceControl (272)
[2017.08.07-14.42.22:205][109]LogModuleManager: Shutting down and abandoning module PerforceSourceControl (270)
[2017.08.07-14.42.22:205][109]LogModuleManager: Shutting down and abandoning module GitSourceControl (268)
[2017.08.07-14.42.22:205][109]LogModuleManager: Shutting down and abandoning module SourceControl (267)
[2017.08.07-14.42.22:205][109]LogModuleManager: Shutting down and abandoning module LightPropagationVolumeEditor (264)
[2017.08.07-14.42.22:205][109]LogModuleManager: Shutting down and abandoning module PaperTiledImporter (262)
[2017.08.07-14.42.22:205][109]LogModuleManager: Shutting down and abandoning module PaperSpriteSheetImporter (260)
[2017.08.07-14.42.22:205][109]LogModuleManager: Shutting down and abandoning module Paper2DEditor (258)
[2017.08.07-14.42.22:206][109]LogModuleManager: Shutting down and abandoning module MeshPaint (257)
[2017.08.07-14.42.22:206][109]LogModuleManager: Shutting down and abandoning module LevelEditor (255)
[2017.08.07-14.42.22:210][109]LogModuleManager: Shutting down and abandoning module PixelInspectorModule (254)
[2017.08.07-14.42.22:210][109]LogModuleManager: Shutting down and abandoning module MainFrame (252)
[2017.08.07-14.42.22:210][109]LogModuleManager: Shutting down and abandoning module HotReload (251)
[2017.08.07-14.42.22:211][109]LogModuleManager: Shutting down and abandoning module PhysXVehiclesEditor (246)
[2017.08.07-14.42.22:211][109]LogModuleManager: Shutting down and abandoning module PhysXVehicles (244)
[2017.08.07-14.42.22:211][109]LogModuleManager: Shutting down and abandoning module LocationServicesBPLibrary (242)
[2017.08.07-14.42.22:211][109]LogModuleManager: Shutting down and abandoning module ImmediatePhysicsEditor (240)
[2017.08.07-14.42.22:211][109]LogModuleManager: Shutting down and abandoning module ImmediatePhysics (238)
[2017.08.07-14.42.22:211][109]LogModuleManager: Shutting down and abandoning module UdpMessaging (236)
[2017.08.07-14.42.22:313][109]LogModuleManager: Shutting down and abandoning module TcpMessaging (234)
[2017.08.07-14.42.22:414][109]LogModuleManager: Shutting down and abandoning module GameplayTagsEditor (232)
[2017.08.07-14.42.22:414][109]LogModuleManager: Shutting down and abandoning module FacialAnimationEditor (230)
[2017.08.07-14.42.22:414][109]LogModuleManager: Shutting down and abandoning module FacialAnimation (228)
[2017.08.07-14.42.22:414][109]LogModuleManager: Shutting down and abandoning module AssetManagerEditor (226)
[2017.08.07-14.42.22:414][109]LogModuleManager: Shutting down and abandoning module GraphEditor (225)
[2017.08.07-14.42.22:415][109]LogModuleManager: Shutting down and abandoning module ContentBrowser (223)
[2017.08.07-14.42.22:420][109]LogModuleManager: Shutting down and abandoning module LightPropagationVolumeRuntime (220)
[2017.08.07-14.42.22:420][109]LogModuleManager: Shutting down and abandoning module Paper2D (218)
[2017.08.07-14.42.22:420][109]LogModuleManager: Shutting down and abandoning module WindowsMoviePlayer (216)
[2017.08.07-14.42.22:420][109]LogModuleManager: Shutting down and abandoning module WmfMedia (214)
[2017.08.07-14.42.22:421][109]LogModuleManager: Shutting down and abandoning module ClothingSystemEditor (212)
[2017.08.07-14.42.22:421][109]LogModuleManager: Shutting down and abandoning module ClothingSystemRuntime (210)
[2017.08.07-14.42.22:421][109]LogModuleManager: Shutting down and abandoning module MediaAssets (208)
[2017.08.07-14.42.22:421][109]LogModuleManager: Shutting down and abandoning module GameLiveStreaming (206)
[2017.08.07-14.42.22:421][109]LogModuleManager: Shutting down and abandoning module VREditor (204)
[2017.08.07-14.42.22:422][109]LogModuleManager: Shutting down and abandoning module StringTableEditor (202)
[2017.08.07-14.42.22:422][109]LogModuleManager: Shutting down and abandoning module GameplayTasksEditor (200)
[2017.08.07-14.42.22:422][109]LogModuleManager: Shutting down and abandoning module BehaviorTreeEditor (198)
[2017.08.07-14.42.22:422][109]LogModuleManager: Shutting down and abandoning module FunctionalTesting (196)
[2017.08.07-14.42.22:422][109]LogModuleManager: Shutting down and abandoning module CollisionAnalyzer (194)
[2017.08.07-14.42.22:422][109]LogModuleManager: Shutting down and abandoning module UMG (192)
[2017.08.07-14.42.22:422][109]LogModuleManager: Shutting down and abandoning module UMGEditor (191)
[2017.08.07-14.42.22:422][109]LogModuleManager: Shutting down and abandoning module Sequencer (190)
[2017.08.07-14.42.22:422][109]LogModuleManager: Shutting down and abandoning module AssetTools (188)
[2017.08.07-14.42.22:422][109]LogModuleManager: Shutting down and abandoning module MessageLog (187)
[2017.08.07-14.42.22:422][109]LogModuleManager: Shutting down and abandoning module WorkspaceMenuStructure (186)
[2017.08.07-14.42.22:423][109]LogModuleManager: Shutting down and abandoning module SlateReflector (180)
[2017.08.07-14.42.22:423][109]LogModuleManager: Shutting down and abandoning module Slate (178)
[2017.08.07-14.42.22:423][109]LogModuleManager: Shutting down and abandoning module EditorStyle (176)
[2017.08.07-14.42.22:433][109]LogModuleManager: Shutting down and abandoning module SourceCodeAccess (174)
[2017.08.07-14.42.22:433][109]LogModuleManager: Shutting down and abandoning module HeadMountedDisplay (172)
[2017.08.07-14.42.22:433][109]LogModuleManager: Shutting down and abandoning module XAudio2 (170)
[2017.08.07-14.42.22:433][109]LogModuleManager: Shutting down and abandoning module Networking (168)
[2017.08.07-14.42.22:433][109]LogModuleManager: Shutting down and abandoning module Core (164)
[2017.08.07-14.42.22:433][109]LogModuleManager: Shutting down and abandoning module AssetRegistry (162)
[2017.08.07-14.42.22:685][109]LogDirectoryWatcher: A directory notification for '../../../Engine/Content/' was aborted.
[2017.08.07-14.42.22:685][109]LogDirectoryWatcher: A directory notification for '../../../../../../Unreal/FOTWO/source/FOTWO02/Content/' was aborted.
[2017.08.07-14.42.22:685][109]LogDirectoryWatcher: A directory notification for '../../../Engine/Plugins/2D/Paper2D/Content/' was aborted.
[2017.08.07-14.42.22:685][109]LogDirectoryWatcher: A directory notification for '../../../Engine/Plugins/Runtime/GearVR/Content/' was aborted.
[2017.08.07-14.42.22:691][109]LogModuleManager: Shutting down and abandoning module DirectoryWatcher (161)
[2017.08.07-14.42.22:696][109]LogModuleManager: Shutting down and abandoning module KismetCompiler (158)
[2017.08.07-14.42.22:696][109]LogModuleManager: Shutting down and abandoning module LevelSequence (156)
[2017.08.07-14.42.22:696][109]LogModuleManager: Shutting down and abandoning module PhysXFormats (154)
[2017.08.07-14.42.22:696][109]LogModuleManager: Shutting down and abandoning module MeshUtilities (152)
[2017.08.07-14.42.22:696][109]LogModuleManager: Shutting down and abandoning module SimplygonSwarm (151)
[2017.08.07-14.42.22:696][109]LogModuleManager: Shutting down and abandoning module SimplygonMeshReduction (149)
[2017.08.07-14.42.22:696][109]LogModuleManager: Shutting down and abandoning module QuadricMeshReduction (147)
[2017.08.07-14.42.22:696][109]LogModuleManager: Shutting down and abandoning module DerivedDataCache (144)
[2017.08.07-14.42.22:778][109]LogDerivedDataCache: Shutdown
[2017.08.07-14.42.22:779][109]LogModuleManager: Shutting down and abandoning module TargetPlatform (142)
[2017.08.07-14.42.22:779][109]LogModuleManager: Shutting down and abandoning module VulkanShaderFormat (141)
[2017.08.07-14.42.22:779][109]LogModuleManager: Shutting down and abandoning module ShaderFormatVectorVM (139)
[2017.08.07-14.42.22:779][109]LogModuleManager: Shutting down and abandoning module ShaderFormatOpenGL (137)
[2017.08.07-14.42.22:779][109]LogModuleManager: Shutting down and abandoning module ShaderFormatD3D (135)
[2017.08.07-14.42.22:779][109]LogModuleManager: Shutting down and abandoning module MetalShaderFormat (133)
[2017.08.07-14.42.22:779][109]LogModuleManager: Shutting down and abandoning module TextureFormatUncompressed (131)
[2017.08.07-14.42.22:779][109]LogModuleManager: Shutting down and abandoning module TextureFormatPVR (129)
[2017.08.07-14.42.22:779][109]LogModuleManager: Shutting down and abandoning module TextureFormatDXT (127)
[2017.08.07-14.42.22:780][109]LogModuleManager: Shutting down and abandoning module TextureFormatIntelISPCTexComp (125)
[2017.08.07-14.42.22:780][109]LogModuleManager: Shutting down and abandoning module TextureFormatASTC (123)
[2017.08.07-14.42.22:780][109]LogModuleManager: Shutting down and abandoning module ImageWrapper (122)
[2017.08.07-14.42.22:780][109]LogModuleManager: Shutting down and abandoning module TextureFormatAndroid (119)
[2017.08.07-14.42.22:780][109]LogModuleManager: Shutting down and abandoning module AudioFormatOpus (117)
[2017.08.07-14.42.22:781][109]LogModuleManager: Shutting down and abandoning module AudioFormatOgg (115)
[2017.08.07-14.42.22:781][109]LogModuleManager: Shutting down and abandoning module AudioFormatADPCM (113)
[2017.08.07-14.42.22:781][109]LogModuleManager: Shutting down and abandoning module LinuxTargetPlatform (111)
[2017.08.07-14.42.22:781][109]LogModuleManager: Shutting down and abandoning module LinuxServerTargetPlatform (109)
[2017.08.07-14.42.22:781][109]LogModuleManager: Shutting down and abandoning module LinuxNoEditorTargetPlatform (107)
[2017.08.07-14.42.22:781][109]LogModuleManager: Shutting down and abandoning module LinuxClientTargetPlatform (105)
[2017.08.07-14.42.22:781][109]LogModuleManager: Shutting down and abandoning module TVOSTargetPlatform (103)
[2017.08.07-14.42.22:782][109]LogModuleManager: Shutting down and abandoning module Messaging (101)
[2017.08.07-14.42.22:782][109]LogModuleManager: Shutting down and abandoning module IOSTargetPlatform (99)
[2017.08.07-14.42.22:782][109]LogModuleManager: Shutting down and abandoning module HTML5TargetPlatform (97)
[2017.08.07-14.42.22:782][109]LogModuleManager: Shutting down and abandoning module Android_PVRTCTargetPlatform (95)
[2017.08.07-14.42.22:782][109]LogModuleManager: Shutting down and abandoning module Android_MultiTargetPlatform (93)
[2017.08.07-14.42.22:782][109]LogModuleManager: Shutting down and abandoning module Android_ETC2TargetPlatform (91)
[2017.08.07-14.42.22:782][109]LogModuleManager: Shutting down and abandoning module Android_ETC1TargetPlatform (89)
[2017.08.07-14.42.22:782][109]LogModuleManager: Shutting down and abandoning module Android_DXTTargetPlatform (87)
[2017.08.07-14.42.22:782][109]LogModuleManager: Shutting down and abandoning module Android_ATCTargetPlatform (85)
[2017.08.07-14.42.22:783][109]LogModuleManager: Shutting down and abandoning module Android_ASTCTargetPlatform (83)
[2017.08.07-14.42.22:783][109]LogModuleManager: Shutting down and abandoning module AndroidTargetPlatform (81)
[2017.08.07-14.42.22:783][109]LogModuleManager: Shutting down and abandoning module WindowsTargetPlatform (79)
[2017.08.07-14.42.22:783][109]LogModuleManager: Shutting down and abandoning module WindowsServerTargetPlatform (77)
[2017.08.07-14.42.22:783][109]LogModuleManager: Shutting down and abandoning module WindowsNoEditorTargetPlatform (75)
[2017.08.07-14.42.22:783][109]LogModuleManager: Shutting down and abandoning module WindowsClientTargetPlatform (73)
[2017.08.07-14.42.22:783][109]LogModuleManager: Shutting down and abandoning module MacTargetPlatform (71)
[2017.08.07-14.42.22:784][109]LogModuleManager: Shutting down and abandoning module MacServerTargetPlatform (69)
[2017.08.07-14.42.22:784][109]LogModuleManager: Shutting down and abandoning module MacNoEditorTargetPlatform (67)
[2017.08.07-14.42.22:784][109]LogModuleManager: Shutting down and abandoning module MacClientTargetPlatform (65)
[2017.08.07-14.42.22:784][109]LogModuleManager: Shutting down and abandoning module AllDesktopTargetPlatform (63)
[2017.08.07-14.42.22:784][109]LogModuleManager: Shutting down and abandoning module InputCore (60)
[2017.08.07-14.42.22:784][109]LogModuleManager: Shutting down and abandoning module Settings (58)
[2017.08.07-14.42.22:784][109]LogModuleManager: Shutting down and abandoning module OculusRift (56)
[2017.08.07-14.42.22:784][109]LogModuleManager: Shutting down and abandoning module GearVRController (54)
[2017.08.07-14.42.22:784][109]LogModuleManager: Shutting down and abandoning module GearVR (52)
[2017.08.07-14.42.22:784][109]LogModuleManager: Shutting down and abandoning module ExampleDeviceProfileSelector (50)
[2017.08.07-14.42.22:784][109]LogModuleManager: Shutting down and abandoning module OnlineBlueprintSupport (48)
[2017.08.07-14.42.22:784][109]LogModuleManager: Shutting down and abandoning module OnlineSubsystem (44)
[2017.08.07-14.42.22:784][109]LogOnline:Display: Unloading online subsystem: NULL
[2017.08.07-14.42.22:785][109]LogModuleManager: Shutting down and abandoning module XMPP (43)
[2017.08.07-14.42.22:785][109]LogModuleManager: Shutting down and abandoning module HTTP (41)
[2017.08.07-14.42.22:785][109]LogHttp:Display: Http module shutting down, but needs to wait on 1 outstanding Http requests:
[2017.08.07-14.42.22:785][109]LogHttp:Display: 	verb=[POST] url=[https://datarouter.ol.epicgames.com/datarouter/api/v1/public/data?SessionID=%7BEEC8C0C2-4935-AD5C-E0F0-238B19D03C6A%7D&AppID=UEEditor.Rocket.Release&AppVersion=4.16.3-3561208%2B%2B%2BUE4%2BRelease-4.16&UserID=f07af55e4db0c636e0c073a1312074d9%7Caa7a108f70184e1b92fdd786c25cd9b8%7Caeab9882-b6f4-4a22-991a-718da4fba234&AppEnvironment=datacollector-binary&UploadType=eteventstream] status=Processing
[2017.08.07-14.42.22:793][109]LogModuleManager: Shutting down and abandoning module SSL (40)
[2017.08.07-14.42.22:799][109]LogModuleManager: Shutting down and abandoning module HTTPChunkInstaller (36)
[2017.08.07-14.42.22:800][109]LogModuleManager: Shutting down and abandoning module AnimationModifiers (34)
[2017.08.07-14.42.22:800][109]LogModuleManager: Shutting down and abandoning module PropertyEditor (33)
[2017.08.07-14.42.22:801][109]LogModuleManager: Shutting down and abandoning module AudioEditor (30)
[2017.08.07-14.42.22:801][109]LogModuleManager: Shutting down and abandoning module TextureCompressor (28)
[2017.08.07-14.42.22:801][109]LogModuleManager: Shutting down and abandoning module ShaderCore (26)
[2017.08.07-14.42.22:801][109]LogModuleManager: Shutting down and abandoning module Landscape (24)
[2017.08.07-14.42.22:801][109]LogModuleManager: Shutting down and abandoning module SlateRHIRenderer (22)
[2017.08.07-14.42.22:821][109]LogModuleManager: Shutting down and abandoning module OpenGLDrv (20)
[2017.08.07-14.42.22:821][109]LogModuleManager: Shutting down and abandoning module D3D11RHI (18)
[2017.08.07-14.42.22:821][109]LogModuleManager: Shutting down and abandoning module AnimGraphRuntime (16)
[2017.08.07-14.42.22:821][109]LogModuleManager: Shutting down and abandoning module Renderer (14)
[2017.08.07-14.42.22:821][109]LogModuleManager: Shutting down and abandoning module Engine (12)
[2017.08.07-14.42.22:822][109]LogModuleManager: Shutting down and abandoning module CoreUObject (10)
[2017.08.07-14.42.22:822][109]LogModuleManager: Shutting down and abandoning module NetworkFile (8)
[2017.08.07-14.42.22:822][109]LogModuleManager: Shutting down and abandoning module StreamingFile (6)
[2017.08.07-14.42.22:822][109]LogModuleManager: Shutting down and abandoning module SandboxFile (4)
[2017.08.07-14.42.22:822][109]LogModuleManager: Shutting down and abandoning module PakFile (2)
[2017.08.07-14.42.22:855][109]LogExit: Exiting.
[2017.08.07-14.42.22:879][109]Log file closed, 08/07/17 16:42:22
