Log file open, 08/22/17 09:42:56
LogInit:Display: Running engine for game: FOTWO02
LogPlatformFile: Not using cached read wrapper
LogInit:Display: RandInit(1312231561) SRandInit(1312231562).
LogTaskGraph: Started task graph with 5 named threads and 8 total threads with 1 sets of task threads.
LogStats: Stats thread started at 0.156046
LogInit: Using libcurl 7.47.1
LogInit:  - built for x86_64-pc-win32
LogInit:  - supports SSL with OpenSSL/1.0.2g
LogInit:  - supports HTTP deflate (compression) using libz 1.2.8
LogInit:  - other features:
LogInit:      CURL_VERSION_SSL
LogInit:      CURL_VERSION_LIBZ
LogInit:      CURL_VERSION_IPV6
LogInit:      CURL_VERSION_ASYNCHDNS
LogInit:      CURL_VERSION_LARGEFILE
LogInit:      CURL_VERSION_IDN
LogInit:  CurlRequestOptions (configurable via config and command line):
LogInit:  - bVerifyPeer = false  - Libcurl will NOT verify peer certificate
LogInit:  - bUseHttpProxy = false  - Libcurl will NOT use HTTP proxy
LogInit:  - bDontReuseConnections = false  - Libcurl will reuse connections
LogInit:  - CertBundlePath = nullptr  - Libcurl will use whatever was configured at build time.
LogInit: Build: ++UE4+Release-4.16-CL-3561208
LogInit: Engine Version: 4.16.3-3561208+++UE4+Release-4.16
LogInit: Compatible Engine Version: 4.16.0-3452394+++UE4+Release-4.16
LogInit: Net CL: 3452394
LogDevObjectVersion: Number of dev versions registered: 16
LogDevObjectVersion:   Dev-Blueprints (B0D832E4-1F89-4F0D-ACCF-7EB736FD4AA2): 9
LogDevObjectVersion:   Dev-Build (E1C64328-A22C-4D53-A36C-8E866417BD8C): 0
LogDevObjectVersion:   Dev-Core (375EC13C-06E4-48FB-B500-84F0262A717E): 2
LogDevObjectVersion:   Dev-Editor (E4B068ED-F494-42E9-A231-DA0B2E46BB41): 17
LogDevObjectVersion:   Dev-Framework (CFFC743F-43B0-4480-9391-14DF171D2073): 23
LogDevObjectVersion:   Dev-Mobile (B02B49B5-BB20-44E9-A304-32B752E40360): 0
LogDevObjectVersion:   Dev-Networking (A4E4105C-59A1-49B5-A7C5-40C4547EDFEE): 0
LogDevObjectVersion:   Dev-Online (39C831C9-5AE6-47DC-9A44-9C173E1C8E7C): 0
LogDevObjectVersion:   Dev-Physics (78F01B33-EBEA-4F98-B9B4-84EACCB95AA2): 0
LogDevObjectVersion:   Dev-Platform (6631380F-2D4D-43E0-8009-CF276956A95A): 0
LogDevObjectVersion:   Dev-Rendering (12F88B9F-8875-4AFC-A67C-D90C383ABD29): 15
LogDevObjectVersion:   Dev-Sequencer (7B5AE74C-D270-4C10-A958-57980B212A5A): 4
LogDevObjectVersion:   Dev-VR (D7296918-1DD6-4BDD-9DE2-64A83CC13884): 0
LogDevObjectVersion:   Dev-LoadTimes (C2A15278-BFE7-4AFE-6C17-90FF531DF755): 1
LogDevObjectVersion:   Private-Geometry (6EACA3D4-40EC-4CC1-B786-8BED09428FC5): 1
LogDevObjectVersion:   Dev-AnimPhys (29E575DD-E0A3-4627-9D10-D276232CDCEA): 3
LogInit: Compiled (64-bit): Jul 28 2017 11:49:47
LogInit: Compiled with Visual C++: 19.00.24215.01
LogInit: Build Configuration: Development
LogInit: Branch Name: ++UE4+Release-4.16
LogInit: Command line:  
LogInit: Base directory: C:/Program Files/Epic Games/UE_4.16/Engine/Binaries/Win64/
LogInit: Installed Engine Build: 1
LogInit: Presizing for max 8388607 objects, including 0 objects not considered by GC, pre-allocating 0 bytes for permanent pool.
LogInit: Object subsystem initialized
[2017.08.22-07.42.56:972][  0]LogInit: Selected Device Profile: [Windows]
[2017.08.22-07.42.56:972][  0]LogInit: Applying CVar settings loaded from the selected device profile: [Windows]
[2017.08.22-07.42.57:034][  0]LogInit: Computer: KLAUDE2017ALIEN
[2017.08.22-07.42.57:034][  0]LogInit: User: vonkl
[2017.08.22-07.42.57:034][  0]LogInit: CPU Page size=4096, Cores=4
[2017.08.22-07.42.57:034][  0]LogInit: High frequency timer resolution =2.742185 MHz
[2017.08.22-07.42.57:035][  0]LogMemory: Memory total: Physical=15.9GB (16GB approx)
[2017.08.22-07.42.57:035][  0]LogMemory: Platform Memory Stats for Windows
[2017.08.22-07.42.57:035][  0]LogMemory: Process Physical Memory: 273.11 MB used, 273.11 MB peak
[2017.08.22-07.42.57:035][  0]LogMemory: Process Virtual Memory: 260.96 MB used, 260.96 MB peak
[2017.08.22-07.42.57:035][  0]LogMemory: Physical Memory: 5559.13 MB used,  10697.85 MB free, 16256.98 MB total
[2017.08.22-07.42.57:035][  0]LogMemory: Virtual Memory: 638.49 MB used,  10697.85 MB free, 134217728.00 MB total
[2017.08.22-07.42.57:396][  0]LogInit: Using OS detected language (en-GB).
[2017.08.22-07.42.57:396][  0]LogInit: Using OS detected locale (en-GB).
[2017.08.22-07.42.57:458][  0]LogTextLocalizationManager: No specific localization for 'en-GB' exists, so the 'en' localization will be used.
[2017.08.22-07.43.00:353][  0]LogD3D11RHI: D3D11 adapters:
[2017.08.22-07.43.00:954][  0]LogD3D11RHI:    0. 'NVIDIA GeForce GTX 1060' (Feature Level 11_0)
[2017.08.22-07.43.00:954][  0]LogD3D11RHI:       6084/0/8128 MB DedicatedVideo/DedicatedSystem/SharedSystem, Outputs:2, VendorId:0x10de
[2017.08.22-07.43.00:983][  0]LogD3D11RHI:    1. 'Intel(R) HD Graphics 630' (Feature Level 11_0)
[2017.08.22-07.43.00:983][  0]LogD3D11RHI:       128/0/8128 MB DedicatedVideo/DedicatedSystem/SharedSystem, Outputs:0, VendorId:0x8086
[2017.08.22-07.43.00:984][  0]LogD3D11RHI:    2. 'Microsoft Basic Render Driver' (Feature Level 11_0)
[2017.08.22-07.43.00:984][  0]LogD3D11RHI:       0/0/8128 MB DedicatedVideo/DedicatedSystem/SharedSystem, Outputs:0, VendorId:0x1414
[2017.08.22-07.43.00:984][  0]LogD3D11RHI: Chosen D3D11 Adapter: 0
[2017.08.22-07.43.00:993][  0]LogD3D11RHI: Creating new Direct3DDevice
[2017.08.22-07.43.00:993][  0]LogD3D11RHI:     GPU DeviceId: 0x1c60 (for the marketing name, search the web for "GPU Device Id")
[2017.08.22-07.43.00:993][  0]LogWindows: EnumDisplayDevices:
[2017.08.22-07.43.00:993][  0]LogWindows:    0. 'NVIDIA GeForce GTX 1060' (P:0 D:1)
[2017.08.22-07.43.00:993][  0]LogWindows:    1. 'NVIDIA GeForce GTX 1060' (P:1 D:1)
[2017.08.22-07.43.00:993][  0]LogWindows:    2. 'NVIDIA GeForce GTX 1060' (P:0 D:0)
[2017.08.22-07.43.00:993][  0]LogWindows:    3. 'NVIDIA GeForce GTX 1060' (P:0 D:0)
[2017.08.22-07.43.00:993][  0]LogWindows:    4. 'Intel(R) HD Graphics 630' (P:0 D:0)
[2017.08.22-07.43.00:993][  0]LogWindows:    5. 'Intel(R) HD Graphics 630' (P:0 D:0)
[2017.08.22-07.43.00:993][  0]LogWindows:    6. 'Intel(R) HD Graphics 630' (P:0 D:0)
[2017.08.22-07.43.00:993][  0]LogWindows: DebugString: PrimaryIsNotTheChoosenAdapter PrimaryIsNotTheChoosenAdapter PrimaryIsNotTheChoosenAdapter FoundDriverCount:4 
[2017.08.22-07.43.00:993][  0]LogD3D11RHI:     Adapter Name: NVIDIA GeForce GTX 1060
[2017.08.22-07.43.00:994][  0]LogD3D11RHI:   Driver Version: 382.53 (internal:22.21.13.8253, unified:382.53)
[2017.08.22-07.43.00:994][  0]LogD3D11RHI:      Driver Date: 6-7-2017
[2017.08.22-07.43.00:994][  0]LogRHI: Texture pool is 1361 MB (70% of 1945 MB)
[2017.08.22-07.43.01:598][  0]LogD3D11RHI: Async texture creation enabled
[2017.08.22-07.43.01:668][  0]LogD3D11RHI: GPU Timing Frequency: 1000.000000 (Debug: 2 1)
[2017.08.22-07.43.01:790][  0]LogShaderCompilers: Guid format shader working directory is 1 characters bigger than the processId version (../../../../../../Unreal/FOTWO/source/FOTWO02/Intermediate/Shaders/WorkingDirectory/9532/).
[2017.08.22-07.43.01:790][  0]LogShaderCompilers: Cleaned the shader compiler working directory 'C:/Users/vonkl/AppData/Local/Temp/UnrealShaderWorkingDir/51646B554CC4147CEF51FC8D067988BE/'.
[2017.08.22-07.43.01:791][  0]LogShaderCompilers:Display: Using Local Shader Compiler.
[2017.08.22-07.43.03:935][  0]LogTemp:Display: Loaded TP AllDesktopTargetPlatform
[2017.08.22-07.43.04:016][  0]LogTemp:Display: Loaded TP MacClientTargetPlatform
[2017.08.22-07.43.04:061][  0]LogTemp:Display: Loaded TP MacNoEditorTargetPlatform
[2017.08.22-07.43.04:108][  0]LogTemp:Display: Loaded TP MacServerTargetPlatform
[2017.08.22-07.43.04:162][  0]LogTemp:Display: Loaded TP MacTargetPlatform
[2017.08.22-07.43.04:212][  0]LogTemp:Display: Loaded TP WindowsClientTargetPlatform
[2017.08.22-07.43.04:257][  0]LogTemp:Display: Loaded TP WindowsNoEditorTargetPlatform
[2017.08.22-07.43.04:303][  0]LogTemp:Display: Loaded TP WindowsServerTargetPlatform
[2017.08.22-07.43.04:344][  0]LogTemp:Display: Loaded TP WindowsTargetPlatform
[2017.08.22-07.43.04:394][  0]LogTemp:Display: Loaded TP AndroidTargetPlatform
[2017.08.22-07.43.04:439][  0]LogTemp:Display: Loaded TP Android_ASTCTargetPlatform
[2017.08.22-07.43.04:482][  0]LogTemp:Display: Loaded TP Android_ATCTargetPlatform
[2017.08.22-07.43.04:527][  0]LogTemp:Display: Loaded TP Android_DXTTargetPlatform
[2017.08.22-07.43.04:570][  0]LogTemp:Display: Loaded TP Android_ETC1TargetPlatform
[2017.08.22-07.43.04:616][  0]LogTemp:Display: Loaded TP Android_ETC2TargetPlatform
[2017.08.22-07.43.04:709][  0]LogTemp:Display: Loaded TP Android_MultiTargetPlatform
[2017.08.22-07.43.04:709][  0]LogTemp:Display: Loaded TP Android_PVRTCTargetPlatform
[2017.08.22-07.43.04:743][  0]LogTemp:Display: Loaded TP HTML5TargetPlatform
[2017.08.22-07.43.04:839][  0]LogTemp:Display: Loaded TP IOSTargetPlatform
[2017.08.22-07.43.04:889][  0]LogTemp:Display: Loaded TP TVOSTargetPlatform
[2017.08.22-07.43.04:938][  0]LogTemp:Display: Loaded TP LinuxClientTargetPlatform
[2017.08.22-07.43.04:982][  0]LogTemp:Display: Loaded TP LinuxNoEditorTargetPlatform
[2017.08.22-07.43.05:026][  0]LogTemp:Display: Loaded TP LinuxServerTargetPlatform
[2017.08.22-07.43.05:074][  0]LogTemp:Display: Loaded TP LinuxTargetPlatform
[2017.08.22-07.43.05:074][  0]LogTargetPlatformManager:Display: Building Assets For Windows
[2017.08.22-07.43.05:661][  0]LogDerivedDataCache:Display: Max Cache Size: 512 MB
[2017.08.22-07.43.06:678][  0]LogDerivedDataCache: Loaded boot cache 1.02s 90MB C:/Users/vonkl/AppData/Local/UnrealEngine/4.16/DerivedDataCache/Boot.ddc.
[2017.08.22-07.43.06:678][  0]LogDerivedDataCache:Display: Loaded Boot cache: C:/Users/vonkl/AppData/Local/UnrealEngine/4.16/DerivedDataCache/Boot.ddc
[2017.08.22-07.43.06:678][  0]LogDerivedDataCache: FDerivedDataBackendGraph:  Pak pak cache file ../../../../../../Unreal/FOTWO/source/FOTWO02/DerivedDataCache/DDC.ddp not found, will not use a pak cache.
[2017.08.22-07.43.06:678][  0]LogDerivedDataCache: Unable to find inner node Pak for hierarchical cache Hierarchy.
[2017.08.22-07.43.06:679][  0]LogDerivedDataCache: FDerivedDataBackendGraph:  CompressedPak pak cache file ../../../../../../Unreal/FOTWO/source/FOTWO02/DerivedDataCache/Compressed.ddp not found, will not use a pak cache.
[2017.08.22-07.43.06:679][  0]LogDerivedDataCache: Unable to find inner node CompressedPak for hierarchical cache Hierarchy.
[2017.08.22-07.43.06:736][  0]LogDerivedDataCache:Display: Pak cache opened for reading ../../../Engine/DerivedDataCache/Compressed.ddp.
[2017.08.22-07.43.06:750][  0]LogDerivedDataCache: Using Local data cache path C:/Users/vonkl/AppData/Local/UnrealEngine/Common/DerivedDataCache: Writable
[2017.08.22-07.43.06:777][  0]LogMaterial: Verifying Global Shaders for PCD3D_SM5
[2017.08.22-07.43.06:786][  0]LogSlate: Using Freetype 2.6.0
[2017.08.22-07.43.06:803][  0]LogSlate: SlateFontCache - WITH_FREETYPE: 1, WITH_HARFBUZZ: 1
[2017.08.22-07.43.06:803][  0]LogSlate: SlateFontCache - WITH_FREETYPE: 1, WITH_HARFBUZZ: 1
[2017.08.22-07.43.08:331][  0]LogInit: Selected Device Profile: [Windows]
[2017.08.22-07.43.08:570][  0]LogContentStreaming: Texture pool size is 0.00 MB
[2017.08.22-07.43.08:801][  0]LogMeshUtilities: Using QuadricMeshReduction for automatic static mesh reduction
[2017.08.22-07.43.08:851][  0]LogSimplygon: Simplygon DLL not present - disabling.
[2017.08.22-07.43.08:903][  0]LogMeshUtilities: Using SimplygonSwarm for distributed automatic mesh merging
[2017.08.22-07.43.08:903][  0]LogMeshUtilities: No automatic skeletal mesh reduction module available
[2017.08.22-07.43.08:903][  0]LogMeshUtilities: No automatic mesh merging module available
[2017.08.22-07.43.10:521][  0]LogNetVersion: FOTWO02 , NetCL: 3452394, EngineNetVer: 2, GameNetVer: 0 (Checksum: 2990255715)
[2017.08.22-07.43.10:636][  0]LogAssetRegistry: FAssetRegistry took 0.0302 seconds to start up
[2017.08.22-07.43.10:719][  0]LogPackageLocalizationCache: Processed 4 localized package path(s) for 2 prioritized culture(s) in 0.043235 seconds
[2017.08.22-07.43.10:725][  0]LogUObjectArray: 34194 objects as part of root set at end of initial load.
[2017.08.22-07.43.10:725][  0]LogUObjectAllocator: 7260416 out of 0 bytes used by permanent object pool.
[2017.08.22-07.43.10:725][  0]LogUObjectArray: CloseDisregardForGC: 0/0 objects in disregard for GC pool
[2017.08.22-07.43.10:789][  0]LogInit: WinSock: version 1.1 (2.2), MaxSocks=32767, MaxUdp=65467
[2017.08.22-07.43.15:885][  0]LogTcpMessaging: Initializing TcpMessaging bridge
[2017.08.22-07.43.15:929][  0]LogUdpMessaging: Initializing bridge on interface 0.0.0.0:0 to multicast group 230.0.0.1:6666.
[2017.08.22-07.43.16:787][  0]LogMaterial: Uniform references updated for custom material expression Custom.
[2017.08.22-07.43.17:320][  0]SourceControl: Info Source control is disabled
[2017.08.22-07.43.17:375][  0]SourceControl: Info Source control is disabled
[2017.08.22-07.43.17:439][  0]SourceControl: Info Source control is disabled
[2017.08.22-07.43.17:490][  0]SourceControl: Info Source control is disabled
[2017.08.22-07.43.18:397][  0]LogAndroidPermission: UAndroidPermissionCallbackProxy::GetInstance
[2017.08.22-07.43.19:065][  0]LogEngine: Initializing Engine...
[2017.08.22-07.43.19:066][  0]LogHMD: Failed to initialize OpenVR with code 110
[2017.08.22-07.43.19:432][  0]LogStats: UGameplayTagsManager::ConstructGameplayTagTree: Construct from data asset -  0.000 s
[2017.08.22-07.43.19:432][  0]LogStats: UGameplayTagsManager::ConstructGameplayTagTree: GameplayTagTreeChangedEvent.Broadcast -  0.000 s
[2017.08.22-07.43.19:583][  0]LogAIModule: Creating AISystem for world Untitled
[2017.08.22-07.43.19:603][  0]LogInit: XAudio2 using 'Headset Earphone (3- Microsoft LifeChat LX-3000)' : 2 channels at 48 kHz using 16 bits per sample (channel mask 0x3)
[2017.08.22-07.43.19:613][  0]LogInit: FAudioDevice initialized.
[2017.08.22-07.43.19:657][  0]LogDerivedDataCache: Saved boot cache 0.04s 90MB C:/Users/vonkl/AppData/Local/UnrealEngine/4.16/DerivedDataCache/Boot.ddc.
[2017.08.22-07.43.19:664][  0]LogInit: Texture streaming: Enabled
[2017.08.22-07.43.19:765][  0]LogEngineSessionManager: EngineSessionManager initialized
[2017.08.22-07.43.19:765][  0]LogEngineSessionManager: EngineSessionManager sent abnormal shutdown report. Type=AbnormalShutdown, SessionId={3131EA39-4706-7200-4899-BE85DCDEAE57}
[2017.08.22-07.43.20:015][  0]LogInit: Transaction tracking system initialized
[2017.08.22-07.43.20:391][  0]BlueprintLog: New page: Editor Load
[2017.08.22-07.43.21:463][  0]LocalizationService: Info Localization service is disabled
[2017.08.22-07.43.22:208][  0]LogConsoleResponse:Display: 
[2017.08.22-07.43.22:606][  0]LogCook:Display: Max memory allowance for cook 16384mb min free memory 0mb
[2017.08.22-07.43.22:606][  0]LogCook:Display: Mobile HDR setting 1
[2017.08.22-07.43.23:344][  0]LogFileCache: Scanning file cache for directory 'C:/Unreal/FOTWO/source/FOTWO02/Content/' took 0.03s
[2017.08.22-07.43.23:958][  0]SourceControl: Info Source control is disabled
[2017.08.22-07.43.23:960][  0]Cmd: MAP LOAD FILE="../../../../../../Unreal/FOTWO/source/FOTWO02/Content/2DSideScrollerBP/Maps/2DSideScrollerExampleMap.umap" TEMPLATE=0 SHOWPROGRESS=1 FEATURELEVEL=3
[2017.08.22-07.43.23:960][  0]LogEditorServer:Warning: Can't find file '../../../../../../Unreal/FOTWO/source/FOTWO02/Content/2DSideScrollerBP/Maps/2DSideScrollerExampleMap.umap'
[2017.08.22-07.43.23:960][  0]Cmd: MAP CHECKDEP NOCLEARLOG
[2017.08.22-07.43.24:010][  0]MapCheck: Info Map check complete: 0 Error(s), 0 Warning(s), took 48.983ms to complete.
[2017.08.22-07.43.24:010][  0]LogFileHelpers: Loading map '2DSideScrollerExampleMap' took 0.050
[2017.08.22-07.43.24:241][  0]LogCollectionManager: Loaded 0 collections in 0.001882 seconds
[2017.08.22-07.43.24:327][  0]LogFileCache: Scanning file cache for directory 'C:/Unreal/FOTWO/source/FOTWO02/Saved/Collections/' took 0.01s
[2017.08.22-07.43.24:327][  0]LogFileCache: Scanning file cache for directory 'C:/Unreal/FOTWO/source/FOTWO02/Content/Developers/vonkl/Collections/' took 0.02s
[2017.08.22-07.43.24:327][  0]LogFileCache: Scanning file cache for directory 'C:/Unreal/FOTWO/source/FOTWO02/Content/Collections/' took 0.01s
[2017.08.22-07.43.24:327][  0]LogCollectionManager: Rebuilt the GUID cache for 0 collections in 0.000001 seconds
[2017.08.22-07.43.24:338][  0]LogContentBrowser: Native class hierarchy populated in 0.0088 seconds. Added 2329 classes and 491 folders.
[2017.08.22-07.43.24:425][  0]LogContentBrowser: Native class hierarchy updated for 'WidgetCarousel' in 0.0005 seconds. Added 0 classes and 0 folders.
[2017.08.22-07.43.24:855][  0]LogContentBrowser: Native class hierarchy updated for 'AddContentDialog' in 0.0008 seconds. Added 0 classes and 0 folders.
[2017.08.22-07.43.24:927][  0]LogContentBrowser: Native class hierarchy updated for 'SceneOutliner' in 0.0009 seconds. Added 1 classes and 2 folders.
[2017.08.22-07.43.25:097][  0]LogCrashTracker: Crashtracker disabled due to settings.
[2017.08.22-07.43.25:117][  0]LogSlate: Took 0.008441 seconds to synchronously load lazily loaded font '../../../Engine/Content/Slate/Fonts/Roboto-Regular.ttf' (155K)
[2017.08.22-07.43.25:125][  0]LogSlate: Took 0.005637 seconds to synchronously load lazily loaded font '../../../Engine/Content/Slate/Fonts/Roboto-Bold.ttf' (160K)
[2017.08.22-07.43.25:140][  0]LogSlate: Took 0.005155 seconds to synchronously load lazily loaded font '../../../Engine/Content/Editor/Slate/Fonts/FontAwesome.ttf' (139K)
[2017.08.22-07.43.25:315][  0]LogRenderer: Reallocating scene render targets to support 1648x932 NumSamples 1 (Frame:1).
[2017.08.22-07.43.25:434][  0]LogUObjectGlobals:Warning: Failed to find object 'Class None.'
[2017.08.22-07.43.25:500][  0]LogContentBrowser: Native class hierarchy updated for 'HierarchicalLODOutliner' in 0.0005 seconds. Added 1 classes and 2 folders.
[2017.08.22-07.43.25:500][  0]LogLoad: (Engine Initialization) Total time: 31.22 seconds
[2017.08.22-07.43.25:500][  0]LogLoad: (Engine Initialization) Total Blueprint compile time: 0.11 seconds
[2017.08.22-07.43.25:500][  0]LogExternalProfiler: Found external profiler: VSPerf
[2017.08.22-07.43.25:500][  0]LogExternalProfiler: Using external profiler: VSPerf
[2017.08.22-07.43.25:535][  0]LogOcInput: OculusInput pre-init called
[2017.08.22-07.43.25:535][  0]LogHMD: Starting GearVRController plugin
[2017.08.22-07.43.25:553][  0]LogContentStreaming: Texture pool size now 1000 MB
[2017.08.22-07.43.25:621][  1]LogAssetRegistry: Asset discovery search completed in 15.0066 seconds
[2017.08.22-07.43.25:623][  1]LogCollectionManager: Rebuilt the object cache for 0 collections in 0.000000 seconds (found 0 objects)
[2017.08.22-07.43.25:623][  1]LogCollectionManager: Fixed up redirectors for 0 collections in 0.000026 seconds (updated 0 objects)
[2017.08.22-07.43.26:562][ 55]LogSlate: Took 0.007661 seconds to synchronously load lazily loaded font '../../../Engine/Content/Slate/Fonts/Roboto-Light.ttf' (159K)
[2017.08.22-07.43.28:117][148]LogSlate: Took 0.000148 seconds to synchronously load lazily loaded font '../../../Engine/Content/Slate/Fonts/Roboto-Light.ttf' (159K)
[2017.08.22-07.43.29:252][148]LogSlate: Took 0.000141 seconds to synchronously load lazily loaded font '../../../Engine/Content/Slate/Fonts/Roboto-Regular.ttf' (155K)
[2017.08.22-07.43.29:730][148]LogAIModule: Creating AISystem for world FOTWO01
[2017.08.22-07.43.29:783][148]Cmd: MAP LOAD FILE="../../../../../../Unreal/FOTWO/source/FOTWO02/Content/2DSideScrollerBP/Maps/FOTWO01.umap" TEMPLATE=0 SHOWPROGRESS=1 FEATURELEVEL=3
[2017.08.22-07.43.29:783][148]LightingResults: New page: Lighting Build
[2017.08.22-07.43.29:822][148]LogContentBrowser: Native class hierarchy updated for 'StatsViewer' in 0.0010 seconds. Added 5 classes and 0 folders.
[2017.08.22-07.43.29:823][148]LoadErrors: New page: Loading map: FOTWO01.umap
[2017.08.22-07.43.29:824][148]MapCheck: New page: Map Check
[2017.08.22-07.43.29:824][148]LightingResults: New page: Lighting Build
[2017.08.22-07.43.29:911][148]LogEditorServer: Finished looking for orphan Actors (0.000 secs)
[2017.08.22-07.43.29:949][148]Cmd: MAP CHECKDEP NOCLEARLOG
[2017.08.22-07.43.29:991][148]MapCheck: Info Map check complete: 0 Error(s), 0 Warning(s), took 42.107ms to complete.
[2017.08.22-07.43.29:991][148]LogFileHelpers: Loading map 'FOTWO01' took 0.209
[2017.08.22-08.47.15:581][ 48]LogTemp: Repeting last play command: Selected Viewport
[2017.08.22-08.47.15:644][ 48]LogBlueprintUserMessages: Early PlayInEditor Detection: Level '/Game/2DSideScrollerBP/Maps/FOTWO01.FOTWO01:PersistentLevel' has LevelScriptBlueprint '/Game/2DSideScrollerBP/Maps/FOTWO01.FOTWO01:PersistentLevel.FOTWO01' with GeneratedClass '/Game/2DSideScrollerBP/Maps/FOTWO01.FOTWO01_C' with ClassGeneratedBy '/Game/2DSideScrollerBP/Maps/FOTWO01.FOTWO01:PersistentLevel.FOTWO01'
[2017.08.22-08.47.15:644][ 48]LogPlayLevel: PlayLevel: No blueprints needed recompiling
[2017.08.22-08.47.15:645][ 48]PIE: New page: PIE session: FOTWO01 (22 Aug 2017 12:47:15)
[2017.08.22-08.47.15:645][ 48]LogPlayLevel: Creating play world package: /Game/2DSideScrollerBP/Maps/UEDPIE_0_FOTWO01
[2017.08.22-08.47.15:648][ 48]LogPlayLevel: PIE: StaticDuplicateObject took: (0.002885s)
[2017.08.22-08.47.15:649][ 48]LogAIModule: Creating AISystem for world FOTWO01
[2017.08.22-08.47.15:649][ 48]LogPlayLevel: PIE: World Init took: (0.000672s)
[2017.08.22-08.47.15:649][ 48]LogPlayLevel: PIE: Created PIE world by copying editor world from /Game/2DSideScrollerBP/Maps/FOTWO01.FOTWO01 to /Game/2DSideScrollerBP/Maps/UEDPIE_0_FOTWO01.FOTWO01 (0.003748s)
[2017.08.22-08.47.15:662][ 48]LogInit: XAudio2 using 'Headset Earphone (3- Microsoft LifeChat LX-3000)' : 2 channels at 48 kHz using 16 bits per sample (channel mask 0x3)
[2017.08.22-08.47.15:669][ 48]LogInit: FAudioDevice initialized.
[2017.08.22-08.47.15:714][ 48]LogLoad: Game class is 'FOTWOGameMode_C'
[2017.08.22-08.47.15:722][ 48]LogWorld: Bringing World /Game/2DSideScrollerBP/Maps/UEDPIE_0_FOTWO01.FOTWO01 up for play (max tick rate 60) at 2017.08.22-10.47.15
[2017.08.22-08.47.15:723][ 48]LogWorld: Bringing up level for play took: 0.002797
[2017.08.22-08.47.15:786][ 48]LogContentBrowser: Native class hierarchy updated for 'MovieSceneCapture' in 0.0006 seconds. Added 11 classes and 0 folders.
[2017.08.22-08.47.15:802][ 48]PIE: Info Play in editor start time for /Game/2DSideScrollerBP/Maps/UEDPIE_0_FOTWO01 -0.552
[2017.08.22-08.47.15:802][ 48]LogBlueprintUserMessages: Late PlayInEditor Detection: Level '/Game/2DSideScrollerBP/Maps/FOTWO01.FOTWO01:PersistentLevel' has LevelScriptBlueprint '/Game/2DSideScrollerBP/Maps/FOTWO01.FOTWO01:PersistentLevel.FOTWO01' with GeneratedClass '/Game/2DSideScrollerBP/Maps/FOTWO01.FOTWO01_C' with ClassGeneratedBy '/Game/2DSideScrollerBP/Maps/FOTWO01.FOTWO01:PersistentLevel.FOTWO01'
[2017.08.22-08.48.11:070][479]LogBlueprintUserMessages: Early EndPlayMap Detection: Level '/Game/2DSideScrollerBP/Maps/FOTWO01.FOTWO01:PersistentLevel' has LevelScriptBlueprint '/Game/2DSideScrollerBP/Maps/FOTWO01.FOTWO01:PersistentLevel.FOTWO01' with GeneratedClass '/Game/2DSideScrollerBP/Maps/FOTWO01.FOTWO01_C' with ClassGeneratedBy '/Game/2DSideScrollerBP/Maps/FOTWO01.FOTWO01:PersistentLevel.FOTWO01'
[2017.08.22-08.48.11:113][479]LogBlueprintUserMessages: Late EndPlayMap Detection: Level '/Game/2DSideScrollerBP/Maps/FOTWO01.FOTWO01:PersistentLevel' has LevelScriptBlueprint '/Game/2DSideScrollerBP/Maps/FOTWO01.FOTWO01:PersistentLevel.FOTWO01' with GeneratedClass '/Game/2DSideScrollerBP/Maps/FOTWO01.FOTWO01_C' with ClassGeneratedBy '/Game/2DSideScrollerBP/Maps/FOTWO01.FOTWO01:PersistentLevel.FOTWO01'
[2017.08.22-08.48.13:476][618]LogTemp: Repeting last play command: Selected Viewport
[2017.08.22-08.48.13:492][618]LogBlueprintUserMessages: Early PlayInEditor Detection: Level '/Game/2DSideScrollerBP/Maps/FOTWO01.FOTWO01:PersistentLevel' has LevelScriptBlueprint '/Game/2DSideScrollerBP/Maps/FOTWO01.FOTWO01:PersistentLevel.FOTWO01' with GeneratedClass '/Game/2DSideScrollerBP/Maps/FOTWO01.FOTWO01_C' with ClassGeneratedBy '/Game/2DSideScrollerBP/Maps/FOTWO01.FOTWO01:PersistentLevel.FOTWO01'
[2017.08.22-08.48.13:492][618]LogPlayLevel: PlayLevel: No blueprints needed recompiling
[2017.08.22-08.48.13:492][618]PIE: New page: PIE session: FOTWO01 (22 Aug 2017 12:48:13)
[2017.08.22-08.48.13:493][618]LogPlayLevel: Creating play world package: /Game/2DSideScrollerBP/Maps/UEDPIE_0_FOTWO01
[2017.08.22-08.48.13:494][618]LogPlayLevel: PIE: StaticDuplicateObject took: (0.001297s)
[2017.08.22-08.48.13:494][618]LogAIModule: Creating AISystem for world FOTWO01
[2017.08.22-08.48.13:494][618]LogPlayLevel: PIE: World Init took: (0.000527s)
[2017.08.22-08.48.13:495][618]LogPlayLevel: PIE: Created PIE world by copying editor world from /Game/2DSideScrollerBP/Maps/FOTWO01.FOTWO01 to /Game/2DSideScrollerBP/Maps/UEDPIE_0_FOTWO01.FOTWO01 (0.001983s)
[2017.08.22-08.48.13:508][618]LogInit: XAudio2 using 'Headset Earphone (3- Microsoft LifeChat LX-3000)' : 2 channels at 48 kHz using 16 bits per sample (channel mask 0x3)
[2017.08.22-08.48.13:513][618]LogInit: FAudioDevice initialized.
[2017.08.22-08.48.13:547][618]LogLoad: Game class is 'FOTWOGameMode_C'
[2017.08.22-08.48.13:550][618]LogWorld: Bringing World /Game/2DSideScrollerBP/Maps/UEDPIE_0_FOTWO01.FOTWO01 up for play (max tick rate 60) at 2017.08.22-10.48.13
[2017.08.22-08.48.13:550][618]LogWorld: Bringing up level for play took: 0.000987
[2017.08.22-08.48.13:576][618]PIE: Info Play in editor start time for /Game/2DSideScrollerBP/Maps/UEDPIE_0_FOTWO01 -0.778
[2017.08.22-08.48.13:576][618]LogBlueprintUserMessages: Late PlayInEditor Detection: Level '/Game/2DSideScrollerBP/Maps/FOTWO01.FOTWO01:PersistentLevel' has LevelScriptBlueprint '/Game/2DSideScrollerBP/Maps/FOTWO01.FOTWO01:PersistentLevel.FOTWO01' with GeneratedClass '/Game/2DSideScrollerBP/Maps/FOTWO01.FOTWO01_C' with ClassGeneratedBy '/Game/2DSideScrollerBP/Maps/FOTWO01.FOTWO01:PersistentLevel.FOTWO01'
[2017.08.22-08.48.24:367][265]LogBlueprintUserMessages: Early EndPlayMap Detection: Level '/Game/2DSideScrollerBP/Maps/FOTWO01.FOTWO01:PersistentLevel' has LevelScriptBlueprint '/Game/2DSideScrollerBP/Maps/FOTWO01.FOTWO01:PersistentLevel.FOTWO01' with GeneratedClass '/Game/2DSideScrollerBP/Maps/FOTWO01.FOTWO01_C' with ClassGeneratedBy '/Game/2DSideScrollerBP/Maps/FOTWO01.FOTWO01:PersistentLevel.FOTWO01'
[2017.08.22-08.48.24:402][265]LogBlueprintUserMessages: Late EndPlayMap Detection: Level '/Game/2DSideScrollerBP/Maps/FOTWO01.FOTWO01:PersistentLevel' has LevelScriptBlueprint '/Game/2DSideScrollerBP/Maps/FOTWO01.FOTWO01:PersistentLevel.FOTWO01' with GeneratedClass '/Game/2DSideScrollerBP/Maps/FOTWO01.FOTWO01_C' with ClassGeneratedBy '/Game/2DSideScrollerBP/Maps/FOTWO01.FOTWO01:PersistentLevel.FOTWO01'
[2017.08.22-08.50.22:737][827]LogTemp: Repeting last play command: Selected Viewport
[2017.08.22-08.50.22:758][827]LogBlueprintUserMessages: Early PlayInEditor Detection: Level '/Game/2DSideScrollerBP/Maps/FOTWO01.FOTWO01:PersistentLevel' has LevelScriptBlueprint '/Game/2DSideScrollerBP/Maps/FOTWO01.FOTWO01:PersistentLevel.FOTWO01' with GeneratedClass '/Game/2DSideScrollerBP/Maps/FOTWO01.FOTWO01_C' with ClassGeneratedBy '/Game/2DSideScrollerBP/Maps/FOTWO01.FOTWO01:PersistentLevel.FOTWO01'
[2017.08.22-08.50.22:758][827]LogPlayLevel: PlayLevel: No blueprints needed recompiling
[2017.08.22-08.50.22:758][827]PIE: New page: PIE session: FOTWO01 (22 Aug 2017 12:50:22)
[2017.08.22-08.50.22:758][827]LogPlayLevel: Creating play world package: /Game/2DSideScrollerBP/Maps/UEDPIE_0_FOTWO01
[2017.08.22-08.50.22:760][827]LogPlayLevel: PIE: StaticDuplicateObject took: (0.001727s)
[2017.08.22-08.50.22:760][827]LogAIModule: Creating AISystem for world FOTWO01
[2017.08.22-08.50.22:760][827]LogPlayLevel: PIE: World Init took: (0.000651s)
[2017.08.22-08.50.22:760][827]LogPlayLevel: PIE: Created PIE world by copying editor world from /Game/2DSideScrollerBP/Maps/FOTWO01.FOTWO01 to /Game/2DSideScrollerBP/Maps/UEDPIE_0_FOTWO01.FOTWO01 (0.002542s)
[2017.08.22-08.50.22:778][827]LogInit: XAudio2 using 'Headset Earphone (3- Microsoft LifeChat LX-3000)' : 2 channels at 48 kHz using 16 bits per sample (channel mask 0x3)
[2017.08.22-08.50.22:785][827]LogInit: FAudioDevice initialized.
[2017.08.22-08.50.22:818][827]LogLoad: Game class is 'FOTWOGameMode_C'
[2017.08.22-08.50.22:820][827]LogWorld: Bringing World /Game/2DSideScrollerBP/Maps/UEDPIE_0_FOTWO01.FOTWO01 up for play (max tick rate 60) at 2017.08.22-10.50.22
[2017.08.22-08.50.22:820][827]LogWorld: Bringing up level for play took: 0.001078
[2017.08.22-08.50.22:835][827]PIE: Info Play in editor start time for /Game/2DSideScrollerBP/Maps/UEDPIE_0_FOTWO01 0.482
[2017.08.22-08.50.22:835][827]LogBlueprintUserMessages: Late PlayInEditor Detection: Level '/Game/2DSideScrollerBP/Maps/FOTWO01.FOTWO01:PersistentLevel' has LevelScriptBlueprint '/Game/2DSideScrollerBP/Maps/FOTWO01.FOTWO01:PersistentLevel.FOTWO01' with GeneratedClass '/Game/2DSideScrollerBP/Maps/FOTWO01.FOTWO01_C' with ClassGeneratedBy '/Game/2DSideScrollerBP/Maps/FOTWO01.FOTWO01:PersistentLevel.FOTWO01'
[2017.08.22-08.50.33:760][481]LogBlueprintUserMessages: Early EndPlayMap Detection: Level '/Game/2DSideScrollerBP/Maps/FOTWO01.FOTWO01:PersistentLevel' has LevelScriptBlueprint '/Game/2DSideScrollerBP/Maps/FOTWO01.FOTWO01:PersistentLevel.FOTWO01' with GeneratedClass '/Game/2DSideScrollerBP/Maps/FOTWO01.FOTWO01_C' with ClassGeneratedBy '/Game/2DSideScrollerBP/Maps/FOTWO01.FOTWO01:PersistentLevel.FOTWO01'
[2017.08.22-08.50.33:798][481]LogBlueprintUserMessages: Late EndPlayMap Detection: Level '/Game/2DSideScrollerBP/Maps/FOTWO01.FOTWO01:PersistentLevel' has LevelScriptBlueprint '/Game/2DSideScrollerBP/Maps/FOTWO01.FOTWO01:PersistentLevel.FOTWO01' with GeneratedClass '/Game/2DSideScrollerBP/Maps/FOTWO01.FOTWO01_C' with ClassGeneratedBy '/Game/2DSideScrollerBP/Maps/FOTWO01.FOTWO01:PersistentLevel.FOTWO01'
[2017.08.22-08.52.41:489][996]LogTemp: Repeting last play command: Selected Viewport
[2017.08.22-08.52.41:511][996]LogBlueprintUserMessages: Early PlayInEditor Detection: Level '/Game/2DSideScrollerBP/Maps/FOTWO01.FOTWO01:PersistentLevel' has LevelScriptBlueprint '/Game/2DSideScrollerBP/Maps/FOTWO01.FOTWO01:PersistentLevel.FOTWO01' with GeneratedClass '/Game/2DSideScrollerBP/Maps/FOTWO01.FOTWO01_C' with ClassGeneratedBy '/Game/2DSideScrollerBP/Maps/FOTWO01.FOTWO01:PersistentLevel.FOTWO01'
[2017.08.22-08.52.41:511][996]LogPlayLevel: PlayLevel: No blueprints needed recompiling
[2017.08.22-08.52.41:511][996]PIE: New page: PIE session: FOTWO01 (22 Aug 2017 12:52:41)
[2017.08.22-08.52.41:511][996]LogPlayLevel: Creating play world package: /Game/2DSideScrollerBP/Maps/UEDPIE_0_FOTWO01
[2017.08.22-08.52.41:513][996]LogPlayLevel: PIE: StaticDuplicateObject took: (0.001784s)
[2017.08.22-08.52.41:513][996]LogAIModule: Creating AISystem for world FOTWO01
[2017.08.22-08.52.41:514][996]LogPlayLevel: PIE: World Init took: (0.000625s)
[2017.08.22-08.52.41:514][996]LogPlayLevel: PIE: Created PIE world by copying editor world from /Game/2DSideScrollerBP/Maps/FOTWO01.FOTWO01 to /Game/2DSideScrollerBP/Maps/UEDPIE_0_FOTWO01.FOTWO01 (0.002593s)
[2017.08.22-08.52.41:529][996]LogInit: XAudio2 using 'Headset Earphone (3- Microsoft LifeChat LX-3000)' : 2 channels at 48 kHz using 16 bits per sample (channel mask 0x3)
[2017.08.22-08.52.41:537][996]LogInit: FAudioDevice initialized.
[2017.08.22-08.52.41:571][996]LogLoad: Game class is 'FOTWOGameMode_C'
[2017.08.22-08.52.41:573][996]LogWorld: Bringing World /Game/2DSideScrollerBP/Maps/UEDPIE_0_FOTWO01.FOTWO01 up for play (max tick rate 60) at 2017.08.22-10.52.41
[2017.08.22-08.52.41:573][996]LogWorld: Bringing up level for play took: 0.001079
[2017.08.22-08.52.41:589][996]PIE: Info Play in editor start time for /Game/2DSideScrollerBP/Maps/UEDPIE_0_FOTWO01 -0.765
[2017.08.22-08.52.41:589][996]LogBlueprintUserMessages: Late PlayInEditor Detection: Level '/Game/2DSideScrollerBP/Maps/FOTWO01.FOTWO01:PersistentLevel' has LevelScriptBlueprint '/Game/2DSideScrollerBP/Maps/FOTWO01.FOTWO01:PersistentLevel.FOTWO01' with GeneratedClass '/Game/2DSideScrollerBP/Maps/FOTWO01.FOTWO01_C' with ClassGeneratedBy '/Game/2DSideScrollerBP/Maps/FOTWO01.FOTWO01:PersistentLevel.FOTWO01'
[2017.08.22-08.58.07:274][874]LogBlueprintUserMessages: Early EndPlayMap Detection: Level '/Game/2DSideScrollerBP/Maps/FOTWO01.FOTWO01:PersistentLevel' has LevelScriptBlueprint '/Game/2DSideScrollerBP/Maps/FOTWO01.FOTWO01:PersistentLevel.FOTWO01' with GeneratedClass '/Game/2DSideScrollerBP/Maps/FOTWO01.FOTWO01_C' with ClassGeneratedBy '/Game/2DSideScrollerBP/Maps/FOTWO01.FOTWO01:PersistentLevel.FOTWO01'
[2017.08.22-08.58.07:313][874]LogBlueprintUserMessages: Late EndPlayMap Detection: Level '/Game/2DSideScrollerBP/Maps/FOTWO01.FOTWO01:PersistentLevel' has LevelScriptBlueprint '/Game/2DSideScrollerBP/Maps/FOTWO01.FOTWO01:PersistentLevel.FOTWO01' with GeneratedClass '/Game/2DSideScrollerBP/Maps/FOTWO01.FOTWO01_C' with ClassGeneratedBy '/Game/2DSideScrollerBP/Maps/FOTWO01.FOTWO01:PersistentLevel.FOTWO01'
[2017.08.22-09.12.23:801][734]LogTemp: Repeting last play command: Selected Viewport
[2017.08.22-09.12.23:824][734]LogBlueprintUserMessages: Early PlayInEditor Detection: Level '/Game/2DSideScrollerBP/Maps/FOTWO01.FOTWO01:PersistentLevel' has LevelScriptBlueprint '/Game/2DSideScrollerBP/Maps/FOTWO01.FOTWO01:PersistentLevel.FOTWO01' with GeneratedClass '/Game/2DSideScrollerBP/Maps/FOTWO01.FOTWO01_C' with ClassGeneratedBy '/Game/2DSideScrollerBP/Maps/FOTWO01.FOTWO01:PersistentLevel.FOTWO01'
[2017.08.22-09.12.23:824][734]LogPlayLevel: PlayLevel: No blueprints needed recompiling
[2017.08.22-09.12.23:824][734]PIE: New page: PIE session: FOTWO01 (22 Aug 2017 13:12:23)
[2017.08.22-09.12.23:824][734]LogPlayLevel: Creating play world package: /Game/2DSideScrollerBP/Maps/UEDPIE_0_FOTWO01
[2017.08.22-09.12.23:827][734]LogPlayLevel: PIE: StaticDuplicateObject took: (0.002216s)
[2017.08.22-09.12.23:827][734]LogAIModule: Creating AISystem for world FOTWO01
[2017.08.22-09.12.23:828][734]LogPlayLevel: PIE: World Init took: (0.001026s)
[2017.08.22-09.12.23:828][734]LogPlayLevel: PIE: Created PIE world by copying editor world from /Game/2DSideScrollerBP/Maps/FOTWO01.FOTWO01 to /Game/2DSideScrollerBP/Maps/UEDPIE_0_FOTWO01.FOTWO01 (0.003459s)
[2017.08.22-09.12.23:844][734]LogInit: XAudio2 using 'Headset Earphone (3- Microsoft LifeChat LX-3000)' : 2 channels at 48 kHz using 16 bits per sample (channel mask 0x3)
[2017.08.22-09.12.23:851][734]LogInit: FAudioDevice initialized.
[2017.08.22-09.12.23:885][734]LogLoad: Game class is 'FOTWOGameMode_C'
[2017.08.22-09.12.23:887][734]LogWorld: Bringing World /Game/2DSideScrollerBP/Maps/UEDPIE_0_FOTWO01.FOTWO01 up for play (max tick rate 60) at 2017.08.22-11.12.23
[2017.08.22-09.12.23:888][734]LogWorld: Bringing up level for play took: 0.001231
[2017.08.22-09.12.23:903][734]PIE: Info Play in editor start time for /Game/2DSideScrollerBP/Maps/UEDPIE_0_FOTWO01 -0.451
[2017.08.22-09.12.23:903][734]LogBlueprintUserMessages: Late PlayInEditor Detection: Level '/Game/2DSideScrollerBP/Maps/FOTWO01.FOTWO01:PersistentLevel' has LevelScriptBlueprint '/Game/2DSideScrollerBP/Maps/FOTWO01.FOTWO01:PersistentLevel.FOTWO01' with GeneratedClass '/Game/2DSideScrollerBP/Maps/FOTWO01.FOTWO01_C' with ClassGeneratedBy '/Game/2DSideScrollerBP/Maps/FOTWO01.FOTWO01:PersistentLevel.FOTWO01'
[2017.08.22-09.12.42:162][828]LogBlueprintUserMessages: Early EndPlayMap Detection: Level '/Game/2DSideScrollerBP/Maps/FOTWO01.FOTWO01:PersistentLevel' has LevelScriptBlueprint '/Game/2DSideScrollerBP/Maps/FOTWO01.FOTWO01:PersistentLevel.FOTWO01' with GeneratedClass '/Game/2DSideScrollerBP/Maps/FOTWO01.FOTWO01_C' with ClassGeneratedBy '/Game/2DSideScrollerBP/Maps/FOTWO01.FOTWO01:PersistentLevel.FOTWO01'
[2017.08.22-09.12.42:202][828]LogBlueprintUserMessages: Late EndPlayMap Detection: Level '/Game/2DSideScrollerBP/Maps/FOTWO01.FOTWO01:PersistentLevel' has LevelScriptBlueprint '/Game/2DSideScrollerBP/Maps/FOTWO01.FOTWO01:PersistentLevel.FOTWO01' with GeneratedClass '/Game/2DSideScrollerBP/Maps/FOTWO01.FOTWO01_C' with ClassGeneratedBy '/Game/2DSideScrollerBP/Maps/FOTWO01.FOTWO01:PersistentLevel.FOTWO01'
[2017.08.22-09.12.47:426][107]LogContentBrowser: Native class hierarchy updated for 'BlueprintGraph' in 0.0014 seconds. Added 112 classes and 0 folders.
[2017.08.22-09.12.48:270][107]LogSlate: Took 0.003567 seconds to synchronously load lazily loaded font '../../../Engine/Content/Editor/Slate/Fonts/Roboto-BoldCondensed.ttf' (158K)
[2017.08.22-09.12.48:903][108]LogSlate: Took 0.003596 seconds to synchronously load lazily loaded font '../../../Engine/Content/Editor/Slate/Fonts/Roboto-Italic.ttf' (157K)
[2017.08.22-09.18.03:073][ 51]LogSlate: Took 0.003714 seconds to synchronously load lazily loaded font '../../../Engine/Content/Editor/Slate/Fonts/Roboto-BoldCondensedItalic.ttf' (160K)
[2017.08.22-09.20.31:624][154]BlueprintLog: New page: Compile NationBAU
[2017.08.22-09.20.33:218][154]LogSavePackage: Save=603.60ms
[2017.08.22-09.20.33:218][154]LogSavePackage: Moving '../../../../../../Unreal/FOTWO/source/FOTWO02/Saved/NationBAU45348037438F3BA00149299589947D55.tmp' to '../../../../../../Unreal/FOTWO/source/FOTWO02/Content/2DSideScrollerBP/Blueprints/Simulation/NationBAU.uasset'
[2017.08.22-09.20.33:220][154]LogSavePackage:Display: Finished SavePackage ../../../../../../Unreal/FOTWO/source/FOTWO02/Content/2DSideScrollerBP/Blueprints/Simulation/NationBAU.uasset
[2017.08.22-09.20.44:922][754]LogSlate: Took 0.011640 seconds to synchronously load lazily loaded font '../../../Engine/Content/Slate/Fonts/DroidSansFallback.ttf' (3848K)
[2017.08.22-09.22.01:447][142]BlueprintLog: New page: Compile NationBAU
[2017.08.22-09.22.02:885][142]LogSavePackage: Save=575.15ms
[2017.08.22-09.22.02:886][142]LogSavePackage: Moving '../../../../../../Unreal/FOTWO/source/FOTWO02/Saved/NationBAU9379A59244AE112FF30042BA31F99E33.tmp' to '../../../../../../Unreal/FOTWO/source/FOTWO02/Content/2DSideScrollerBP/Blueprints/Simulation/NationBAU.uasset'
[2017.08.22-09.22.02:891][142]LogSavePackage:Display: Finished SavePackage ../../../../../../Unreal/FOTWO/source/FOTWO02/Content/2DSideScrollerBP/Blueprints/Simulation/NationBAU.uasset
[2017.08.22-09.22.41:641][415]BlueprintLog: New page: Compile NationBAU
[2017.08.22-09.22.43:048][415]LogSavePackage: Save=569.59ms
[2017.08.22-09.22.43:048][415]LogSavePackage: Moving '../../../../../../Unreal/FOTWO/source/FOTWO02/Saved/NationBAU33CDB12B4EA5D67B279A9EBE456F4743.tmp' to '../../../../../../Unreal/FOTWO/source/FOTWO02/Content/2DSideScrollerBP/Blueprints/Simulation/NationBAU.uasset'
[2017.08.22-09.22.43:050][415]LogSavePackage:Display: Finished SavePackage ../../../../../../Unreal/FOTWO/source/FOTWO02/Content/2DSideScrollerBP/Blueprints/Simulation/NationBAU.uasset
[2017.08.22-09.25.22:156][733]BlueprintLog: New page: Compile MainHUD
[2017.08.22-09.25.23:298][733]LogSavePackage: Save=730.88ms
[2017.08.22-09.25.23:298][733]LogSavePackage: Moving '../../../../../../Unreal/FOTWO/source/FOTWO02/Saved/MainHUDB74A2A1D424E168A66BC24B1E7333081.tmp' to '../../../../../../Unreal/FOTWO/source/FOTWO02/Content/2DSideScrollerBP/Blueprints/User_Interface/MainHUD.uasset'
[2017.08.22-09.25.23:302][733]LogSavePackage:Display: Finished SavePackage ../../../../../../Unreal/FOTWO/source/FOTWO02/Content/2DSideScrollerBP/Blueprints/User_Interface/MainHUD.uasset
[2017.08.22-09.25.23:307][733]BlueprintEditorCompileResults: Info Fast Template Successfully Created.
[2017.08.22-09.25.26:217][905]LogTemp: Repeting last play command: Selected Viewport
[2017.08.22-09.25.26:245][905]LogBlueprintUserMessages: Early PlayInEditor Detection: Level '/Game/2DSideScrollerBP/Maps/FOTWO01.FOTWO01:PersistentLevel' has LevelScriptBlueprint '/Game/2DSideScrollerBP/Maps/FOTWO01.FOTWO01:PersistentLevel.FOTWO01' with GeneratedClass '/Game/2DSideScrollerBP/Maps/FOTWO01.FOTWO01_C' with ClassGeneratedBy '/Game/2DSideScrollerBP/Maps/FOTWO01.FOTWO01:PersistentLevel.FOTWO01'
[2017.08.22-09.25.26:245][905]LogPlayLevel: PlayLevel: No blueprints needed recompiling
[2017.08.22-09.25.26:245][905]PIE: New page: PIE session: FOTWO01 (22 Aug 2017 13:25:26)
[2017.08.22-09.25.26:245][905]LogPlayLevel: Creating play world package: /Game/2DSideScrollerBP/Maps/UEDPIE_0_FOTWO01
[2017.08.22-09.25.26:247][905]LogPlayLevel: PIE: StaticDuplicateObject took: (0.001429s)
[2017.08.22-09.25.26:247][905]LogAIModule: Creating AISystem for world FOTWO01
[2017.08.22-09.25.26:247][905]LogPlayLevel: PIE: World Init took: (0.000656s)
[2017.08.22-09.25.26:247][905]LogPlayLevel: PIE: Created PIE world by copying editor world from /Game/2DSideScrollerBP/Maps/FOTWO01.FOTWO01 to /Game/2DSideScrollerBP/Maps/UEDPIE_0_FOTWO01.FOTWO01 (0.002272s)
[2017.08.22-09.25.26:269][905]LogInit: XAudio2 using 'Headset Earphone (3- Microsoft LifeChat LX-3000)' : 2 channels at 48 kHz using 16 bits per sample (channel mask 0x3)
[2017.08.22-09.25.26:275][905]LogInit: FAudioDevice initialized.
[2017.08.22-09.25.26:308][905]LogLoad: Game class is 'FOTWOGameMode_C'
[2017.08.22-09.25.26:311][905]LogWorld: Bringing World /Game/2DSideScrollerBP/Maps/UEDPIE_0_FOTWO01.FOTWO01 up for play (max tick rate 60) at 2017.08.22-11.25.26
[2017.08.22-09.25.26:311][905]LogWorld: Bringing up level for play took: 0.001051
[2017.08.22-09.25.26:322][905]PIE: Info Play in editor start time for /Game/2DSideScrollerBP/Maps/UEDPIE_0_FOTWO01 -0.032
[2017.08.22-09.25.26:322][905]LogBlueprintUserMessages: Late PlayInEditor Detection: Level '/Game/2DSideScrollerBP/Maps/FOTWO01.FOTWO01:PersistentLevel' has LevelScriptBlueprint '/Game/2DSideScrollerBP/Maps/FOTWO01.FOTWO01:PersistentLevel.FOTWO01' with GeneratedClass '/Game/2DSideScrollerBP/Maps/FOTWO01.FOTWO01_C' with ClassGeneratedBy '/Game/2DSideScrollerBP/Maps/FOTWO01.FOTWO01:PersistentLevel.FOTWO01'
[2017.08.22-09.25.37:472][573]LogBlueprintUserMessages: Early EndPlayMap Detection: Level '/Game/2DSideScrollerBP/Maps/FOTWO01.FOTWO01:PersistentLevel' has LevelScriptBlueprint '/Game/2DSideScrollerBP/Maps/FOTWO01.FOTWO01:PersistentLevel.FOTWO01' with GeneratedClass '/Game/2DSideScrollerBP/Maps/FOTWO01.FOTWO01_C' with ClassGeneratedBy '/Game/2DSideScrollerBP/Maps/FOTWO01.FOTWO01:PersistentLevel.FOTWO01'
[2017.08.22-09.25.37:517][573]LogBlueprintUserMessages: Late EndPlayMap Detection: Level '/Game/2DSideScrollerBP/Maps/FOTWO01.FOTWO01:PersistentLevel' has LevelScriptBlueprint '/Game/2DSideScrollerBP/Maps/FOTWO01.FOTWO01:PersistentLevel.FOTWO01' with GeneratedClass '/Game/2DSideScrollerBP/Maps/FOTWO01.FOTWO01_C' with ClassGeneratedBy '/Game/2DSideScrollerBP/Maps/FOTWO01.FOTWO01:PersistentLevel.FOTWO01'
[2017.08.22-09.29.47:697][228]BlueprintLog: New page: Compile NationBAU
[2017.08.22-09.29.49:237][228]LogSavePackage: Save=587.30ms
[2017.08.22-09.29.49:237][228]LogSavePackage: Moving '../../../../../../Unreal/FOTWO/source/FOTWO02/Saved/NationBAUAE228FF246FA62626D23199328C68B43.tmp' to '../../../../../../Unreal/FOTWO/source/FOTWO02/Content/2DSideScrollerBP/Blueprints/Simulation/NationBAU.uasset'
[2017.08.22-09.29.49:240][228]LogSavePackage:Display: Finished SavePackage ../../../../../../Unreal/FOTWO/source/FOTWO02/Content/2DSideScrollerBP/Blueprints/Simulation/NationBAU.uasset
[2017.08.22-09.30.04:819][137]LogTemp: Repeting last play command: Selected Viewport
[2017.08.22-09.30.04:838][137]LogBlueprintUserMessages: Early PlayInEditor Detection: Level '/Game/2DSideScrollerBP/Maps/FOTWO01.FOTWO01:PersistentLevel' has LevelScriptBlueprint '/Game/2DSideScrollerBP/Maps/FOTWO01.FOTWO01:PersistentLevel.FOTWO01' with GeneratedClass '/Game/2DSideScrollerBP/Maps/FOTWO01.FOTWO01_C' with ClassGeneratedBy '/Game/2DSideScrollerBP/Maps/FOTWO01.FOTWO01:PersistentLevel.FOTWO01'
[2017.08.22-09.30.04:838][137]LogPlayLevel: PlayLevel: No blueprints needed recompiling
[2017.08.22-09.30.04:839][137]PIE: New page: PIE session: FOTWO01 (22 Aug 2017 13:30:04)
[2017.08.22-09.30.04:839][137]LogPlayLevel: Creating play world package: /Game/2DSideScrollerBP/Maps/UEDPIE_0_FOTWO01
[2017.08.22-09.30.04:840][137]LogPlayLevel: PIE: StaticDuplicateObject took: (0.001485s)
[2017.08.22-09.30.04:841][137]LogAIModule: Creating AISystem for world FOTWO01
[2017.08.22-09.30.04:841][137]LogPlayLevel: PIE: World Init took: (0.000636s)
[2017.08.22-09.30.04:841][137]LogPlayLevel: PIE: Created PIE world by copying editor world from /Game/2DSideScrollerBP/Maps/FOTWO01.FOTWO01 to /Game/2DSideScrollerBP/Maps/UEDPIE_0_FOTWO01.FOTWO01 (0.002290s)
[2017.08.22-09.30.04:867][137]LogInit: XAudio2 using 'Headset Earphone (3- Microsoft LifeChat LX-3000)' : 2 channels at 48 kHz using 16 bits per sample (channel mask 0x3)
[2017.08.22-09.30.04:875][137]LogInit: FAudioDevice initialized.
[2017.08.22-09.30.04:907][137]LogLoad: Game class is 'FOTWOGameMode_C'
[2017.08.22-09.30.04:909][137]LogWorld: Bringing World /Game/2DSideScrollerBP/Maps/UEDPIE_0_FOTWO01.FOTWO01 up for play (max tick rate 60) at 2017.08.22-11.30.04
[2017.08.22-09.30.04:909][137]LogWorld: Bringing up level for play took: 0.000949
[2017.08.22-09.30.04:922][137]PIE: Info Play in editor start time for /Game/2DSideScrollerBP/Maps/UEDPIE_0_FOTWO01 0.568
[2017.08.22-09.30.04:922][137]LogBlueprintUserMessages: Late PlayInEditor Detection: Level '/Game/2DSideScrollerBP/Maps/FOTWO01.FOTWO01:PersistentLevel' has LevelScriptBlueprint '/Game/2DSideScrollerBP/Maps/FOTWO01.FOTWO01:PersistentLevel.FOTWO01' with GeneratedClass '/Game/2DSideScrollerBP/Maps/FOTWO01.FOTWO01_C' with ClassGeneratedBy '/Game/2DSideScrollerBP/Maps/FOTWO01.FOTWO01:PersistentLevel.FOTWO01'
[2017.08.22-09.30.09:396][405]LogBlueprintUserMessages: Early EndPlayMap Detection: Level '/Game/2DSideScrollerBP/Maps/FOTWO01.FOTWO01:PersistentLevel' has LevelScriptBlueprint '/Game/2DSideScrollerBP/Maps/FOTWO01.FOTWO01:PersistentLevel.FOTWO01' with GeneratedClass '/Game/2DSideScrollerBP/Maps/FOTWO01.FOTWO01_C' with ClassGeneratedBy '/Game/2DSideScrollerBP/Maps/FOTWO01.FOTWO01:PersistentLevel.FOTWO01'
[2017.08.22-09.30.09:494][405]LogBlueprintUserMessages: Late EndPlayMap Detection: Level '/Game/2DSideScrollerBP/Maps/FOTWO01.FOTWO01:PersistentLevel' has LevelScriptBlueprint '/Game/2DSideScrollerBP/Maps/FOTWO01.FOTWO01:PersistentLevel.FOTWO01' with GeneratedClass '/Game/2DSideScrollerBP/Maps/FOTWO01.FOTWO01_C' with ClassGeneratedBy '/Game/2DSideScrollerBP/Maps/FOTWO01.FOTWO01:PersistentLevel.FOTWO01'
[2017.08.22-09.30.31:055][667]BlueprintLog: New page: Compile MainHUD
[2017.08.22-09.30.32:126][667]LogSavePackage: Save=696.34ms
[2017.08.22-09.30.32:126][667]LogSavePackage: Moving '../../../../../../Unreal/FOTWO/source/FOTWO02/Saved/MainHUD335833004D88FC8D09685DA50B6EA20C.tmp' to '../../../../../../Unreal/FOTWO/source/FOTWO02/Content/2DSideScrollerBP/Blueprints/User_Interface/MainHUD.uasset'
[2017.08.22-09.30.32:129][667]LogSavePackage:Display: Finished SavePackage ../../../../../../Unreal/FOTWO/source/FOTWO02/Content/2DSideScrollerBP/Blueprints/User_Interface/MainHUD.uasset
[2017.08.22-09.30.32:133][667]BlueprintEditorCompileResults: Info Fast Template Successfully Created.
[2017.08.22-09.30.35:052][840]LogTemp: Repeting last play command: Selected Viewport
[2017.08.22-09.30.35:070][840]LogBlueprintUserMessages: Early PlayInEditor Detection: Level '/Game/2DSideScrollerBP/Maps/FOTWO01.FOTWO01:PersistentLevel' has LevelScriptBlueprint '/Game/2DSideScrollerBP/Maps/FOTWO01.FOTWO01:PersistentLevel.FOTWO01' with GeneratedClass '/Game/2DSideScrollerBP/Maps/FOTWO01.FOTWO01_C' with ClassGeneratedBy '/Game/2DSideScrollerBP/Maps/FOTWO01.FOTWO01:PersistentLevel.FOTWO01'
[2017.08.22-09.30.35:070][840]LogPlayLevel: PlayLevel: No blueprints needed recompiling
[2017.08.22-09.30.35:070][840]PIE: New page: PIE session: FOTWO01 (22 Aug 2017 13:30:35)
[2017.08.22-09.30.35:070][840]LogPlayLevel: Creating play world package: /Game/2DSideScrollerBP/Maps/UEDPIE_0_FOTWO01
[2017.08.22-09.30.35:072][840]LogPlayLevel: PIE: StaticDuplicateObject took: (0.001211s)
[2017.08.22-09.30.35:072][840]LogAIModule: Creating AISystem for world FOTWO01
[2017.08.22-09.30.35:072][840]LogPlayLevel: PIE: World Init took: (0.000558s)
[2017.08.22-09.30.35:072][840]LogPlayLevel: PIE: Created PIE world by copying editor world from /Game/2DSideScrollerBP/Maps/FOTWO01.FOTWO01 to /Game/2DSideScrollerBP/Maps/UEDPIE_0_FOTWO01.FOTWO01 (0.001919s)
[2017.08.22-09.30.35:097][840]LogInit: XAudio2 using 'Headset Earphone (3- Microsoft LifeChat LX-3000)' : 2 channels at 48 kHz using 16 bits per sample (channel mask 0x3)
[2017.08.22-09.30.35:102][840]LogInit: FAudioDevice initialized.
[2017.08.22-09.30.35:133][840]LogLoad: Game class is 'FOTWOGameMode_C'
[2017.08.22-09.30.35:135][840]LogWorld: Bringing World /Game/2DSideScrollerBP/Maps/UEDPIE_0_FOTWO01.FOTWO01 up for play (max tick rate 60) at 2017.08.22-11.30.35
[2017.08.22-09.30.35:135][840]LogWorld: Bringing up level for play took: 0.000955
[2017.08.22-09.30.35:147][840]PIE: Info Play in editor start time for /Game/2DSideScrollerBP/Maps/UEDPIE_0_FOTWO01 0.793
[2017.08.22-09.30.35:147][840]LogBlueprintUserMessages: Late PlayInEditor Detection: Level '/Game/2DSideScrollerBP/Maps/FOTWO01.FOTWO01:PersistentLevel' has LevelScriptBlueprint '/Game/2DSideScrollerBP/Maps/FOTWO01.FOTWO01:PersistentLevel.FOTWO01' with GeneratedClass '/Game/2DSideScrollerBP/Maps/FOTWO01.FOTWO01_C' with ClassGeneratedBy '/Game/2DSideScrollerBP/Maps/FOTWO01.FOTWO01:PersistentLevel.FOTWO01'
[2017.08.22-09.30.41:623][228]LogBlueprintUserMessages: Early EndPlayMap Detection: Level '/Game/2DSideScrollerBP/Maps/FOTWO01.FOTWO01:PersistentLevel' has LevelScriptBlueprint '/Game/2DSideScrollerBP/Maps/FOTWO01.FOTWO01:PersistentLevel.FOTWO01' with GeneratedClass '/Game/2DSideScrollerBP/Maps/FOTWO01.FOTWO01_C' with ClassGeneratedBy '/Game/2DSideScrollerBP/Maps/FOTWO01.FOTWO01:PersistentLevel.FOTWO01'
[2017.08.22-09.30.41:664][228]LogBlueprintUserMessages: Late EndPlayMap Detection: Level '/Game/2DSideScrollerBP/Maps/FOTWO01.FOTWO01:PersistentLevel' has LevelScriptBlueprint '/Game/2DSideScrollerBP/Maps/FOTWO01.FOTWO01:PersistentLevel.FOTWO01' with GeneratedClass '/Game/2DSideScrollerBP/Maps/FOTWO01.FOTWO01_C' with ClassGeneratedBy '/Game/2DSideScrollerBP/Maps/FOTWO01.FOTWO01:PersistentLevel.FOTWO01'
[2017.08.22-09.32.51:017][875]BlueprintLog: New page: Compile MainHUD
[2017.08.22-09.32.52:069][875]LogSavePackage: Save=705.24ms
[2017.08.22-09.32.52:069][875]LogSavePackage: Moving '../../../../../../Unreal/FOTWO/source/FOTWO02/Saved/MainHUD044ED7B84707C98D6931C6A404E96846.tmp' to '../../../../../../Unreal/FOTWO/source/FOTWO02/Content/2DSideScrollerBP/Blueprints/User_Interface/MainHUD.uasset'
[2017.08.22-09.32.52:072][875]LogSavePackage:Display: Finished SavePackage ../../../../../../Unreal/FOTWO/source/FOTWO02/Content/2DSideScrollerBP/Blueprints/User_Interface/MainHUD.uasset
[2017.08.22-09.32.52:076][875]BlueprintEditorCompileResults: Info Fast Template Successfully Created.
[2017.08.22-09.33.15:505][254]LogSavePackage: Save=92.45ms
[2017.08.22-09.33.15:505][254]LogSavePackage: Moving '../../../../../../Unreal/FOTWO/source/FOTWO02/Saved/FOTWO01_Auto1E048B7BC4119C1252B9D7D97A2EFD874.tmp' to '../../../../../../Unreal/FOTWO/source/FOTWO02/Saved/Autosaves/Game/2DSideScrollerBP/Maps/FOTWO01_Auto1.umap'
[2017.08.22-09.33.15:507][254]LogSavePackage:Display: Finished SavePackage ../../../../../../Unreal/FOTWO/source/FOTWO02/Saved/Autosaves/Game/2DSideScrollerBP/Maps/FOTWO01_Auto1.umap
[2017.08.22-09.33.15:510][254]LogFileHelpers: Editor autosave (incl. sublevels) for '/Game/2DSideScrollerBP/Maps/FOTWO01' took 0.162
[2017.08.22-09.33.15:510][254]LogFileHelpers: Editor autosave (incl. sublevels) for all levels took 0.162
[2017.08.22-09.33.19:018][464]LogTemp: Repeting last play command: Selected Viewport
[2017.08.22-09.33.19:037][464]LogBlueprintUserMessages: Early PlayInEditor Detection: Level '/Game/2DSideScrollerBP/Maps/FOTWO01.FOTWO01:PersistentLevel' has LevelScriptBlueprint '/Game/2DSideScrollerBP/Maps/FOTWO01.FOTWO01:PersistentLevel.FOTWO01' with GeneratedClass '/Game/2DSideScrollerBP/Maps/FOTWO01.FOTWO01_C' with ClassGeneratedBy '/Game/2DSideScrollerBP/Maps/FOTWO01.FOTWO01:PersistentLevel.FOTWO01'
[2017.08.22-09.33.19:037][464]LogPlayLevel: PlayLevel: No blueprints needed recompiling
[2017.08.22-09.33.19:037][464]PIE: New page: PIE session: FOTWO01 (22 Aug 2017 13:33:19)
[2017.08.22-09.33.19:037][464]LogPlayLevel: Creating play world package: /Game/2DSideScrollerBP/Maps/UEDPIE_0_FOTWO01
[2017.08.22-09.33.19:039][464]LogPlayLevel: PIE: StaticDuplicateObject took: (0.001556s)
[2017.08.22-09.33.19:039][464]LogAIModule: Creating AISystem for world FOTWO01
[2017.08.22-09.33.19:039][464]LogPlayLevel: PIE: World Init took: (0.000575s)
[2017.08.22-09.33.19:040][464]LogPlayLevel: PIE: Created PIE world by copying editor world from /Game/2DSideScrollerBP/Maps/FOTWO01.FOTWO01 to /Game/2DSideScrollerBP/Maps/UEDPIE_0_FOTWO01.FOTWO01 (0.002472s)
[2017.08.22-09.33.19:059][464]LogInit: XAudio2 using 'Headset Earphone (3- Microsoft LifeChat LX-3000)' : 2 channels at 48 kHz using 16 bits per sample (channel mask 0x3)
[2017.08.22-09.33.19:065][464]LogInit: FAudioDevice initialized.
[2017.08.22-09.33.19:100][464]LogLoad: Game class is 'FOTWOGameMode_C'
[2017.08.22-09.33.19:105][464]LogWorld: Bringing World /Game/2DSideScrollerBP/Maps/UEDPIE_0_FOTWO01.FOTWO01 up for play (max tick rate 60) at 2017.08.22-11.33.19
[2017.08.22-09.33.19:105][464]LogWorld: Bringing up level for play took: 0.002291
[2017.08.22-09.33.19:133][464]PIE: Info Play in editor start time for /Game/2DSideScrollerBP/Maps/UEDPIE_0_FOTWO01 0.78
[2017.08.22-09.33.19:134][464]LogBlueprintUserMessages: Late PlayInEditor Detection: Level '/Game/2DSideScrollerBP/Maps/FOTWO01.FOTWO01:PersistentLevel' has LevelScriptBlueprint '/Game/2DSideScrollerBP/Maps/FOTWO01.FOTWO01:PersistentLevel.FOTWO01' with GeneratedClass '/Game/2DSideScrollerBP/Maps/FOTWO01.FOTWO01_C' with ClassGeneratedBy '/Game/2DSideScrollerBP/Maps/FOTWO01.FOTWO01:PersistentLevel.FOTWO01'
[2017.08.22-09.34.08:777][441]LogBlueprintUserMessages: Early EndPlayMap Detection: Level '/Game/2DSideScrollerBP/Maps/FOTWO01.FOTWO01:PersistentLevel' has LevelScriptBlueprint '/Game/2DSideScrollerBP/Maps/FOTWO01.FOTWO01:PersistentLevel.FOTWO01' with GeneratedClass '/Game/2DSideScrollerBP/Maps/FOTWO01.FOTWO01_C' with ClassGeneratedBy '/Game/2DSideScrollerBP/Maps/FOTWO01.FOTWO01:PersistentLevel.FOTWO01'
[2017.08.22-09.34.08:823][441]LogBlueprintUserMessages: Late EndPlayMap Detection: Level '/Game/2DSideScrollerBP/Maps/FOTWO01.FOTWO01:PersistentLevel' has LevelScriptBlueprint '/Game/2DSideScrollerBP/Maps/FOTWO01.FOTWO01:PersistentLevel.FOTWO01' with GeneratedClass '/Game/2DSideScrollerBP/Maps/FOTWO01.FOTWO01_C' with ClassGeneratedBy '/Game/2DSideScrollerBP/Maps/FOTWO01.FOTWO01:PersistentLevel.FOTWO01'
[2017.08.22-09.38.29:074][935]BlueprintLog: New page: Compile NationBAU
[2017.08.22-09.38.30:616][935]LogSavePackage: Save=583.14ms
[2017.08.22-09.38.30:616][935]LogSavePackage: Moving '../../../../../../Unreal/FOTWO/source/FOTWO02/Saved/NationBAU9A2FFE7846D96233A75473B978AC6DDF.tmp' to '../../../../../../Unreal/FOTWO/source/FOTWO02/Content/2DSideScrollerBP/Blueprints/Simulation/NationBAU.uasset'
[2017.08.22-09.38.30:619][935]LogSavePackage:Display: Finished SavePackage ../../../../../../Unreal/FOTWO/source/FOTWO02/Content/2DSideScrollerBP/Blueprints/Simulation/NationBAU.uasset
[2017.08.22-09.38.32:259][ 16]LogTemp: Repeting last play command: Selected Viewport
[2017.08.22-09.38.32:285][ 16]LogBlueprintUserMessages: Early PlayInEditor Detection: Level '/Game/2DSideScrollerBP/Maps/FOTWO01.FOTWO01:PersistentLevel' has LevelScriptBlueprint '/Game/2DSideScrollerBP/Maps/FOTWO01.FOTWO01:PersistentLevel.FOTWO01' with GeneratedClass '/Game/2DSideScrollerBP/Maps/FOTWO01.FOTWO01_C' with ClassGeneratedBy '/Game/2DSideScrollerBP/Maps/FOTWO01.FOTWO01:PersistentLevel.FOTWO01'
[2017.08.22-09.38.32:286][ 16]LogPlayLevel: PlayLevel: No blueprints needed recompiling
[2017.08.22-09.38.32:286][ 16]PIE: New page: PIE session: FOTWO01 (22 Aug 2017 13:38:32)
[2017.08.22-09.38.32:286][ 16]LogPlayLevel: Creating play world package: /Game/2DSideScrollerBP/Maps/UEDPIE_0_FOTWO01
[2017.08.22-09.38.32:287][ 16]LogPlayLevel: PIE: StaticDuplicateObject took: (0.001446s)
[2017.08.22-09.38.32:288][ 16]LogAIModule: Creating AISystem for world FOTWO01
[2017.08.22-09.38.32:288][ 16]LogPlayLevel: PIE: World Init took: (0.000535s)
[2017.08.22-09.38.32:288][ 16]LogPlayLevel: PIE: Created PIE world by copying editor world from /Game/2DSideScrollerBP/Maps/FOTWO01.FOTWO01 to /Game/2DSideScrollerBP/Maps/UEDPIE_0_FOTWO01.FOTWO01 (0.002207s)
[2017.08.22-09.38.32:316][ 16]LogInit: XAudio2 using 'Headset Earphone (3- Microsoft LifeChat LX-3000)' : 2 channels at 48 kHz using 16 bits per sample (channel mask 0x3)
[2017.08.22-09.38.32:322][ 16]LogInit: FAudioDevice initialized.
[2017.08.22-09.38.32:354][ 16]LogLoad: Game class is 'FOTWOGameMode_C'
[2017.08.22-09.38.32:357][ 16]LogWorld: Bringing World /Game/2DSideScrollerBP/Maps/UEDPIE_0_FOTWO01.FOTWO01 up for play (max tick rate 60) at 2017.08.22-11.38.32
[2017.08.22-09.38.32:358][ 16]LogWorld: Bringing up level for play took: 0.001604
[2017.08.22-09.38.32:369][ 16]PIE: Info Play in editor start time for /Game/2DSideScrollerBP/Maps/UEDPIE_0_FOTWO01 0.015
[2017.08.22-09.38.32:369][ 16]LogBlueprintUserMessages: Late PlayInEditor Detection: Level '/Game/2DSideScrollerBP/Maps/FOTWO01.FOTWO01:PersistentLevel' has LevelScriptBlueprint '/Game/2DSideScrollerBP/Maps/FOTWO01.FOTWO01:PersistentLevel.FOTWO01' with GeneratedClass '/Game/2DSideScrollerBP/Maps/FOTWO01.FOTWO01_C' with ClassGeneratedBy '/Game/2DSideScrollerBP/Maps/FOTWO01.FOTWO01:PersistentLevel.FOTWO01'
[2017.08.22-09.38.51:331][152]LogBlueprintUserMessages: Early EndPlayMap Detection: Level '/Game/2DSideScrollerBP/Maps/FOTWO01.FOTWO01:PersistentLevel' has LevelScriptBlueprint '/Game/2DSideScrollerBP/Maps/FOTWO01.FOTWO01:PersistentLevel.FOTWO01' with GeneratedClass '/Game/2DSideScrollerBP/Maps/FOTWO01.FOTWO01_C' with ClassGeneratedBy '/Game/2DSideScrollerBP/Maps/FOTWO01.FOTWO01:PersistentLevel.FOTWO01'
[2017.08.22-09.38.51:408][152]LogBlueprintUserMessages: Late EndPlayMap Detection: Level '/Game/2DSideScrollerBP/Maps/FOTWO01.FOTWO01:PersistentLevel' has LevelScriptBlueprint '/Game/2DSideScrollerBP/Maps/FOTWO01.FOTWO01:PersistentLevel.FOTWO01' with GeneratedClass '/Game/2DSideScrollerBP/Maps/FOTWO01.FOTWO01_C' with ClassGeneratedBy '/Game/2DSideScrollerBP/Maps/FOTWO01.FOTWO01:PersistentLevel.FOTWO01'
[2017.08.22-09.39.23:806][ 21]BlueprintLog: New page: Compile NationBAU
[2017.08.22-09.39.25:306][ 21]LogSavePackage: Save=582.60ms
[2017.08.22-09.39.25:306][ 21]LogSavePackage: Moving '../../../../../../Unreal/FOTWO/source/FOTWO02/Saved/NationBAU9C84C817401A6FACA3F368AC9A489B11.tmp' to '../../../../../../Unreal/FOTWO/source/FOTWO02/Content/2DSideScrollerBP/Blueprints/Simulation/NationBAU.uasset'
[2017.08.22-09.39.25:309][ 21]LogSavePackage:Display: Finished SavePackage ../../../../../../Unreal/FOTWO/source/FOTWO02/Content/2DSideScrollerBP/Blueprints/Simulation/NationBAU.uasset
[2017.08.22-09.39.27:202][116]LogTemp: Repeting last play command: Selected Viewport
[2017.08.22-09.39.27:220][116]LogBlueprintUserMessages: Early PlayInEditor Detection: Level '/Game/2DSideScrollerBP/Maps/FOTWO01.FOTWO01:PersistentLevel' has LevelScriptBlueprint '/Game/2DSideScrollerBP/Maps/FOTWO01.FOTWO01:PersistentLevel.FOTWO01' with GeneratedClass '/Game/2DSideScrollerBP/Maps/FOTWO01.FOTWO01_C' with ClassGeneratedBy '/Game/2DSideScrollerBP/Maps/FOTWO01.FOTWO01:PersistentLevel.FOTWO01'
[2017.08.22-09.39.27:220][116]LogPlayLevel: PlayLevel: No blueprints needed recompiling
[2017.08.22-09.39.27:220][116]PIE: New page: PIE session: FOTWO01 (22 Aug 2017 13:39:27)
[2017.08.22-09.39.27:220][116]LogPlayLevel: Creating play world package: /Game/2DSideScrollerBP/Maps/UEDPIE_0_FOTWO01
[2017.08.22-09.39.27:221][116]LogPlayLevel: PIE: StaticDuplicateObject took: (0.001259s)
[2017.08.22-09.39.27:221][116]LogAIModule: Creating AISystem for world FOTWO01
[2017.08.22-09.39.27:222][116]LogPlayLevel: PIE: World Init took: (0.000474s)
[2017.08.22-09.39.27:222][116]LogPlayLevel: PIE: Created PIE world by copying editor world from /Game/2DSideScrollerBP/Maps/FOTWO01.FOTWO01 to /Game/2DSideScrollerBP/Maps/UEDPIE_0_FOTWO01.FOTWO01 (0.001866s)
[2017.08.22-09.39.27:246][116]LogInit: XAudio2 using 'Headset Earphone (3- Microsoft LifeChat LX-3000)' : 2 channels at 48 kHz using 16 bits per sample (channel mask 0x3)
[2017.08.22-09.39.27:251][116]LogInit: FAudioDevice initialized.
[2017.08.22-09.39.27:285][116]LogLoad: Game class is 'FOTWOGameMode_C'
[2017.08.22-09.39.27:288][116]LogWorld: Bringing World /Game/2DSideScrollerBP/Maps/UEDPIE_0_FOTWO01.FOTWO01 up for play (max tick rate 60) at 2017.08.22-11.39.27
[2017.08.22-09.39.27:288][116]LogWorld: Bringing up level for play took: 0.001106
[2017.08.22-09.39.27:300][116]PIE: Info Play in editor start time for /Game/2DSideScrollerBP/Maps/UEDPIE_0_FOTWO01 0.946
[2017.08.22-09.39.27:300][116]LogBlueprintUserMessages: Late PlayInEditor Detection: Level '/Game/2DSideScrollerBP/Maps/FOTWO01.FOTWO01:PersistentLevel' has LevelScriptBlueprint '/Game/2DSideScrollerBP/Maps/FOTWO01.FOTWO01:PersistentLevel.FOTWO01' with GeneratedClass '/Game/2DSideScrollerBP/Maps/FOTWO01.FOTWO01_C' with ClassGeneratedBy '/Game/2DSideScrollerBP/Maps/FOTWO01.FOTWO01:PersistentLevel.FOTWO01'
[2017.08.22-09.39.38:090][762]LogBlueprintUserMessages: Early EndPlayMap Detection: Level '/Game/2DSideScrollerBP/Maps/FOTWO01.FOTWO01:PersistentLevel' has LevelScriptBlueprint '/Game/2DSideScrollerBP/Maps/FOTWO01.FOTWO01:PersistentLevel.FOTWO01' with GeneratedClass '/Game/2DSideScrollerBP/Maps/FOTWO01.FOTWO01_C' with ClassGeneratedBy '/Game/2DSideScrollerBP/Maps/FOTWO01.FOTWO01:PersistentLevel.FOTWO01'
[2017.08.22-09.39.38:170][762]LogBlueprintUserMessages: Late EndPlayMap Detection: Level '/Game/2DSideScrollerBP/Maps/FOTWO01.FOTWO01:PersistentLevel' has LevelScriptBlueprint '/Game/2DSideScrollerBP/Maps/FOTWO01.FOTWO01:PersistentLevel.FOTWO01' with GeneratedClass '/Game/2DSideScrollerBP/Maps/FOTWO01.FOTWO01_C' with ClassGeneratedBy '/Game/2DSideScrollerBP/Maps/FOTWO01.FOTWO01:PersistentLevel.FOTWO01'
[2017.08.22-09.44.36:222][793]LogSavePackage: Save=144.93ms
[2017.08.22-09.44.36:222][793]LogSavePackage: Moving '../../../../../../Unreal/FOTWO/source/FOTWO02/Saved/FOTWO01_Auto24E059D154BA5AC9AFB27979CA0C931D0.tmp' to '../../../../../../Unreal/FOTWO/source/FOTWO02/Saved/Autosaves/Game/2DSideScrollerBP/Maps/FOTWO01_Auto2.umap'
[2017.08.22-09.44.36:223][793]LogSavePackage:Display: Finished SavePackage ../../../../../../Unreal/FOTWO/source/FOTWO02/Saved/Autosaves/Game/2DSideScrollerBP/Maps/FOTWO01_Auto2.umap
[2017.08.22-09.44.36:225][793]LogFileHelpers: Editor autosave (incl. sublevels) for '/Game/2DSideScrollerBP/Maps/FOTWO01' took 0.266
[2017.08.22-09.44.36:225][793]LogFileHelpers: Editor autosave (incl. sublevels) for all levels took 0.266
[2017.08.22-10.31.55:856][570]LogTemp: Repeting last play command: Selected Viewport
[2017.08.22-10.31.55:878][570]LogBlueprintUserMessages: Early PlayInEditor Detection: Level '/Game/2DSideScrollerBP/Maps/FOTWO01.FOTWO01:PersistentLevel' has LevelScriptBlueprint '/Game/2DSideScrollerBP/Maps/FOTWO01.FOTWO01:PersistentLevel.FOTWO01' with GeneratedClass '/Game/2DSideScrollerBP/Maps/FOTWO01.FOTWO01_C' with ClassGeneratedBy '/Game/2DSideScrollerBP/Maps/FOTWO01.FOTWO01:PersistentLevel.FOTWO01'
[2017.08.22-10.31.55:878][570]LogPlayLevel: PlayLevel: No blueprints needed recompiling
[2017.08.22-10.31.55:879][570]PIE: New page: PIE session: FOTWO01 (22 Aug 2017 14:31:55)
[2017.08.22-10.31.55:879][570]LogPlayLevel: Creating play world package: /Game/2DSideScrollerBP/Maps/UEDPIE_0_FOTWO01
[2017.08.22-10.31.55:880][570]LogPlayLevel: PIE: StaticDuplicateObject took: (0.001769s)
[2017.08.22-10.31.55:881][570]LogAIModule: Creating AISystem for world FOTWO01
[2017.08.22-10.31.55:881][570]LogPlayLevel: PIE: World Init took: (0.001044s)
[2017.08.22-10.31.55:882][570]LogPlayLevel: PIE: Created PIE world by copying editor world from /Game/2DSideScrollerBP/Maps/FOTWO01.FOTWO01 to /Game/2DSideScrollerBP/Maps/UEDPIE_0_FOTWO01.FOTWO01 (0.003098s)
[2017.08.22-10.31.55:903][570]LogInit: XAudio2 using 'Headset Earphone (3- Microsoft LifeChat LX-3000)' : 2 channels at 48 kHz using 16 bits per sample (channel mask 0x3)
[2017.08.22-10.31.55:910][570]LogInit: FAudioDevice initialized.
[2017.08.22-10.31.55:947][570]LogLoad: Game class is 'FOTWOGameMode_C'
[2017.08.22-10.31.55:951][570]LogWorld: Bringing World /Game/2DSideScrollerBP/Maps/UEDPIE_0_FOTWO01.FOTWO01 up for play (max tick rate 60) at 2017.08.22-12.31.55
[2017.08.22-10.31.55:952][570]LogWorld: Bringing up level for play took: 0.002351
[2017.08.22-10.31.55:976][570]PIE: Info Play in editor start time for /Game/2DSideScrollerBP/Maps/UEDPIE_0_FOTWO01 -0.377
[2017.08.22-10.31.55:976][570]LogBlueprintUserMessages: Late PlayInEditor Detection: Level '/Game/2DSideScrollerBP/Maps/FOTWO01.FOTWO01:PersistentLevel' has LevelScriptBlueprint '/Game/2DSideScrollerBP/Maps/FOTWO01.FOTWO01:PersistentLevel.FOTWO01' with GeneratedClass '/Game/2DSideScrollerBP/Maps/FOTWO01.FOTWO01_C' with ClassGeneratedBy '/Game/2DSideScrollerBP/Maps/FOTWO01.FOTWO01:PersistentLevel.FOTWO01'
[2017.08.22-10.32.06:050][173]LogBlueprintUserMessages: Early EndPlayMap Detection: Level '/Game/2DSideScrollerBP/Maps/FOTWO01.FOTWO01:PersistentLevel' has LevelScriptBlueprint '/Game/2DSideScrollerBP/Maps/FOTWO01.FOTWO01:PersistentLevel.FOTWO01' with GeneratedClass '/Game/2DSideScrollerBP/Maps/FOTWO01.FOTWO01_C' with ClassGeneratedBy '/Game/2DSideScrollerBP/Maps/FOTWO01.FOTWO01:PersistentLevel.FOTWO01'
[2017.08.22-10.32.06:092][173]LogBlueprintUserMessages: Late EndPlayMap Detection: Level '/Game/2DSideScrollerBP/Maps/FOTWO01.FOTWO01:PersistentLevel' has LevelScriptBlueprint '/Game/2DSideScrollerBP/Maps/FOTWO01.FOTWO01:PersistentLevel.FOTWO01' with GeneratedClass '/Game/2DSideScrollerBP/Maps/FOTWO01.FOTWO01_C' with ClassGeneratedBy '/Game/2DSideScrollerBP/Maps/FOTWO01.FOTWO01:PersistentLevel.FOTWO01'
[2017.08.22-10.32.11:859][505]LogSavePackage: Save=98.83ms
[2017.08.22-10.32.11:859][505]LogSavePackage: Moving '../../../../../../Unreal/FOTWO/source/FOTWO02/Saved/FOTWO010F54EDF24ECD3DE98162C0905909ADF4.tmp' to '../../../../../../Unreal/FOTWO/source/FOTWO02/Content/2DSideScrollerBP/Maps/FOTWO01.umap'
[2017.08.22-10.32.11:864][505]LogSavePackage:Display: Finished SavePackage ../../../../../../Unreal/FOTWO/source/FOTWO02/Content/2DSideScrollerBP/Maps/FOTWO01.umap
[2017.08.22-10.32.11:901][505]Cmd: OBJ SAVEPACKAGE PACKAGE="/Game/2DSideScrollerBP/Maps/FOTWO01_BuiltData" FILE="../../../../../../Unreal/FOTWO/source/FOTWO02/Content/2DSideScrollerBP/Maps/FOTWO01_BuiltData.uasset" SILENT=true
[2017.08.22-10.32.11:939][505]LogSavePackage: Save=7.48ms
[2017.08.22-10.32.11:939][505]LogSavePackage: Moving '../../../../../../Unreal/FOTWO/source/FOTWO02/Saved/FOTWO01_BuiltData63A60E824AAC74E0BE8FC392193A48CF.tmp' to '../../../../../../Unreal/FOTWO/source/FOTWO02/Content/2DSideScrollerBP/Maps/FOTWO01_BuiltData.uasset'
[2017.08.22-10.32.11:940][505]LogSavePackage:Display: Finished SavePackage ../../../../../../Unreal/FOTWO/source/FOTWO02/Content/2DSideScrollerBP/Maps/FOTWO01_BuiltData.uasset
[2017.08.22-10.32.54:292][689]BlueprintLog: New page: Compile MainHUD
[2017.08.22-10.32.55:382][689]LogSavePackage: Save=718.24ms
[2017.08.22-10.32.55:382][689]LogSavePackage: Moving '../../../../../../Unreal/FOTWO/source/FOTWO02/Saved/MainHUD76650E934D00D79B7A0C50BCCC7E63AD.tmp' to '../../../../../../Unreal/FOTWO/source/FOTWO02/Content/2DSideScrollerBP/Blueprints/User_Interface/MainHUD.uasset'
[2017.08.22-10.32.55:385][689]LogSavePackage:Display: Finished SavePackage ../../../../../../Unreal/FOTWO/source/FOTWO02/Content/2DSideScrollerBP/Blueprints/User_Interface/MainHUD.uasset
[2017.08.22-10.32.55:390][689]BlueprintEditorCompileResults: Info Fast Template Successfully Created.
[2017.08.22-10.33.04:521][103]LogSavePackage: Save=90.88ms
[2017.08.22-10.33.04:521][103]LogSavePackage: Moving '../../../../../../Unreal/FOTWO/source/FOTWO02/Saved/FOTWO017BA90AF54F6B6320414B1EBC14223A2E.tmp' to '../../../../../../Unreal/FOTWO/source/FOTWO02/Content/2DSideScrollerBP/Maps/FOTWO01.umap'
[2017.08.22-10.33.04:524][103]LogSavePackage:Display: Finished SavePackage ../../../../../../Unreal/FOTWO/source/FOTWO02/Content/2DSideScrollerBP/Maps/FOTWO01.umap
[2017.08.22-10.33.04:551][103]LogFileHelpers: Saving map 'FOTWO01' took 0.211
[2017.08.22-10.33.04:629][103]LogWindowsTextInputMethodSystem:Display: IME system now deactivated.
[2017.08.22-10.33.04:889][104]Cmd: QUIT_EDITOR
[2017.08.22-10.33.05:854][104]LogExit: Preparing to exit.
[2017.08.22-10.33.06:733][104]LogDirectoryWatcher: A directory notification for 'C:/Unreal/FOTWO/source/FOTWO02/Content/' was aborted.
[2017.08.22-10.33.06:835][104]LogExit: Editor shut down
[2017.08.22-10.33.06:866][104]LogExit: Transaction tracking system shut down
[2017.08.22-10.33.07:020][104]LogObj: Freed 0b from 0 cluster array pools.
[2017.08.22-10.33.07:022][104]LogExit: Object subsystem successfully closed.
[2017.08.22-10.33.07:073][104]LogD3D11RHI: Shutdown
[2017.08.22-10.33.07:073][104]LogD3D11RHI: CleanupD3DDevice
[2017.08.22-10.33.07:164][104]LogD3D11RHI: ~FD3D11DynamicRHI
[2017.08.22-10.33.07:186][104]LogModuleManager: Shutting down and abandoning module SequencerWidgets (532)
[2017.08.22-10.33.07:186][104]LogModuleManager: Shutting down and abandoning module BlueprintGraph (530)
[2017.08.22-10.33.07:186][104]LogModuleManager: Shutting down and abandoning module BlueprintProfiler (528)
[2017.08.22-10.33.07:186][104]LogModuleManager: Shutting down and abandoning module MovieSceneCapture (526)
[2017.08.22-10.33.07:186][104]LogModuleManager: Shutting down and abandoning module StatsViewer (524)
[2017.08.22-10.33.07:187][104]LogModuleManager: Shutting down and abandoning module HierarchicalLODOutliner (522)
[2017.08.22-10.33.07:187][104]LogModuleManager: Shutting down and abandoning module CrashTracker (520)
[2017.08.22-10.33.07:187][104]LogModuleManager: Shutting down and abandoning module SceneOutliner (518)
[2017.08.22-10.33.07:187][104]LogModuleManager: Shutting down and abandoning module AddContentDialog (516)
[2017.08.22-10.33.07:187][104]LogDirectoryWatcher: A directory notification for 'C:/Program Files/Epic Games/UE_4.16/FeaturePacks/' was aborted.
[2017.08.22-10.33.07:192][104]LogModuleManager: Shutting down and abandoning module WidgetCarousel (515)
[2017.08.22-10.33.07:192][104]LogModuleManager: Shutting down and abandoning module EditorWidgets (512)
[2017.08.22-10.33.07:192][104]LogModuleManager: Shutting down and abandoning module CollectionManager (510)
[2017.08.22-10.33.07:192][104]LogDirectoryWatcher: A directory notification for 'C:/Unreal/FOTWO/source/FOTWO02/Content/Collections/' was aborted.
[2017.08.22-10.33.07:192][104]LogDirectoryWatcher: A directory notification for 'C:/Unreal/FOTWO/source/FOTWO02/Content/Developers/vonkl/Collections/' was aborted.
[2017.08.22-10.33.07:192][104]LogDirectoryWatcher: A directory notification for 'C:/Unreal/FOTWO/source/FOTWO02/Saved/Collections/' was aborted.
[2017.08.22-10.33.07:192][104]LogModuleManager: Shutting down and abandoning module FoliageEdit (508)
[2017.08.22-10.33.07:192][104]LogModuleManager: Shutting down and abandoning module LandscapeEditor (506)
[2017.08.22-10.33.07:193][104]LogModuleManager: Shutting down and abandoning module MeshPaintMode (504)
[2017.08.22-10.33.07:193][104]LogModuleManager: Shutting down and abandoning module SceneDepthPickerMode (502)
[2017.08.22-10.33.07:193][104]LogModuleManager: Shutting down and abandoning module ActorPickerMode (500)
[2017.08.22-10.33.07:193][104]LogModuleManager: Shutting down and abandoning module GeometryMode (498)
[2017.08.22-10.33.07:193][104]LogModuleManager: Shutting down and abandoning module TextureAlignMode (496)
[2017.08.22-10.33.07:193][104]LogModuleManager: Shutting down and abandoning module BspMode (494)
[2017.08.22-10.33.07:193][104]LogModuleManager: Shutting down and abandoning module HardwareSurvey (492)
[2017.08.22-10.33.07:193][104]LogModuleManager: Shutting down and abandoning module SequenceRecorderSections (490)
[2017.08.22-10.33.07:193][104]LogModuleManager: Shutting down and abandoning module AutomationWorker (488)
[2017.08.22-10.33.07:193][104]LogModuleManager: Shutting down and abandoning module MatineeToLevelSequence (486)
[2017.08.22-10.33.07:193][104]LogModuleManager: Shutting down and abandoning module LevelSequenceEditor (484)
[2017.08.22-10.33.07:193][104]LogModuleManager: Shutting down and abandoning module PlacementMode (483)
[2017.08.22-10.33.07:193][104]LogModuleManager: Shutting down and abandoning module WmfMediaFactory (480)
[2017.08.22-10.33.07:193][104]LogModuleManager: Shutting down and abandoning module WmfMediaEditor (478)
[2017.08.22-10.33.07:193][104]LogModuleManager: Shutting down and abandoning module AvfMediaFactory (476)
[2017.08.22-10.33.07:193][104]LogModuleManager: Shutting down and abandoning module AvfMediaEditor (474)
[2017.08.22-10.33.07:193][104]LogModuleManager: Shutting down and abandoning module AndroidMediaFactory (472)
[2017.08.22-10.33.07:193][104]LogModuleManager: Shutting down and abandoning module Media (471)
[2017.08.22-10.33.07:193][104]LogModuleManager: Shutting down and abandoning module AndroidMediaEditor (468)
[2017.08.22-10.33.07:193][104]LogModuleManager: Shutting down and abandoning module CharacterAI (466)
[2017.08.22-10.33.07:193][104]LogModuleManager: Shutting down and abandoning module AudioCapture (464)
[2017.08.22-10.33.07:193][104]LogModuleManager: Shutting down and abandoning module SequenceRecorder (463)
[2017.08.22-10.33.07:193][104]LogModuleManager: Shutting down and abandoning module SmartSnapping (460)
[2017.08.22-10.33.07:193][104]LogModuleManager: Shutting down and abandoning module SessionServices (458)
[2017.08.22-10.33.07:193][104]LogModuleManager: Shutting down and abandoning module ViewportSnapping (456)
[2017.08.22-10.33.07:193][104]LogModuleManager: Shutting down and abandoning module ViewportInteraction (454)
[2017.08.22-10.33.07:193][104]LogModuleManager: Shutting down and abandoning module ClothPainter (452)
[2017.08.22-10.33.07:195][104]LogModuleManager: Shutting down and abandoning module LogVisualizer (450)
[2017.08.22-10.33.07:195][104]LogModuleManager: Shutting down and abandoning module IntroTutorials (448)
[2017.08.22-10.33.07:195][104]LogModuleManager: Shutting down and abandoning module GameProjectGeneration (447)
[2017.08.22-10.33.07:197][104]LogModuleManager: Shutting down and abandoning module EditorLiveStreaming (444)
[2017.08.22-10.33.07:197][104]LogModuleManager: Shutting down and abandoning module IOSPlatformEditor (442)
[2017.08.22-10.33.07:197][104]LogModuleManager: Shutting down and abandoning module HTML5PlatformEditor (440)
[2017.08.22-10.33.07:197][104]LogModuleManager: Shutting down and abandoning module AndroidPlatformEditor (438)
[2017.08.22-10.33.07:197][104]LogModuleManager: Shutting down and abandoning module AndroidDeviceDetection (437)
[2017.08.22-10.33.07:976][104]LogModuleManager: Shutting down and abandoning module IOSRuntimeSettings (434)
[2017.08.22-10.33.07:976][104]LogModuleManager: Shutting down and abandoning module AndroidRuntimeSettings (432)
[2017.08.22-10.33.07:976][104]LogModuleManager: Shutting down and abandoning module InputBindingEditor (430)
[2017.08.22-10.33.07:977][104]LogModuleManager: Shutting down and abandoning module MergeActors (428)
[2017.08.22-10.33.07:977][104]LogModuleManager: Shutting down and abandoning module SizeMap (426)
[2017.08.22-10.33.07:977][104]LogModuleManager: Shutting down and abandoning module TreeMap (424)
[2017.08.22-10.33.07:978][104]LogModuleManager: Shutting down and abandoning module ReferenceViewer (422)
[2017.08.22-10.33.07:978][104]LogModuleManager: Shutting down and abandoning module LocalizationDashboard (420)
[2017.08.22-10.33.07:979][104]LogModuleManager: Shutting down and abandoning module LocalizationService (419)
[2017.08.22-10.33.07:979][104]LogModuleManager: Shutting down and abandoning module HardwareTargeting (416)
[2017.08.22-10.33.07:979][104]LogModuleManager: Shutting down and abandoning module DeviceProfileEditor (414)
[2017.08.22-10.33.07:980][104]LogModuleManager: Shutting down and abandoning module UndoHistory (412)
[2017.08.22-10.33.07:980][104]LogModuleManager: Shutting down and abandoning module UserFeedback (410)
[2017.08.22-10.33.07:980][104]LogModuleManager: Shutting down and abandoning module XmlParser (408)
[2017.08.22-10.33.07:980][104]LogModuleManager: Shutting down and abandoning module Blutility (406)
[2017.08.22-10.33.07:980][104]LogModuleManager: Shutting down and abandoning module ProjectSettingsViewer (404)
[2017.08.22-10.33.07:980][104]LogModuleManager: Shutting down and abandoning module ProjectTargetPlatformEditor (403)
[2017.08.22-10.33.07:981][104]LogModuleManager: Shutting down and abandoning module EditorSettingsViewer (400)
[2017.08.22-10.33.07:981][104]LogModuleManager: Shutting down and abandoning module SettingsEditor (398)
[2017.08.22-10.33.07:981][104]LogModuleManager: Shutting down and abandoning module ProjectLauncher (396)
[2017.08.22-10.33.07:983][104]LogModuleManager: Shutting down and abandoning module SessionFrontend (394)
[2017.08.22-10.33.07:983][104]LogModuleManager: Shutting down and abandoning module ProfilerClient (392)
[2017.08.22-10.33.07:984][104]LogModuleManager: Shutting down and abandoning module DeviceManager (390)
[2017.08.22-10.33.07:985][104]LogModuleManager: Shutting down and abandoning module TargetDeviceServices (389)
[2017.08.22-10.33.08:040][104]LogModuleManager: Shutting down and abandoning module AutomationController (386)
[2017.08.22-10.33.08:040][104]LogModuleManager: Shutting down and abandoning module AutomationWindow (384)
[2017.08.22-10.33.08:041][104]LogModuleManager: Shutting down and abandoning module Layers (382)
[2017.08.22-10.33.08:043][104]LogModuleManager: Shutting down and abandoning module ComponentVisualizers (380)
[2017.08.22-10.33.08:043][104]LogModuleManager: Shutting down and abandoning module DetailCustomizations (378)
[2017.08.22-10.33.08:043][104]LogModuleManager: Shutting down and abandoning module PackagesDialog (376)
[2017.08.22-10.33.08:044][104]LogModuleManager: Shutting down and abandoning module Persona (374)
[2017.08.22-10.33.08:044][104]LogModuleManager: Shutting down and abandoning module AdvancedPreviewScene (373)
[2017.08.22-10.33.08:044][104]LogModuleManager: Shutting down and abandoning module AnimGraph (371)
[2017.08.22-10.33.08:044][104]LogModuleManager: Shutting down and abandoning module Kismet (368)
[2017.08.22-10.33.08:070][104]LogModuleManager: Shutting down and abandoning module ClassViewer (366)
[2017.08.22-10.33.08:070][104]LogModuleManager: Shutting down and abandoning module Toolbox (364)
[2017.08.22-10.33.08:070][104]LogModuleManager: Shutting down and abandoning module ModuleUI (362)
[2017.08.22-10.33.08:071][104]LogModuleManager: Shutting down and abandoning module MovieSceneTools (360)
[2017.08.22-10.33.08:072][104]LogModuleManager: Shutting down and abandoning module OutputLog (358)
[2017.08.22-10.33.08:072][104]LogModuleManager: Shutting down and abandoning module GammaUI (356)
[2017.08.22-10.33.08:072][104]LogModuleManager: Shutting down and abandoning module Documentation (354)
[2017.08.22-10.33.08:073][104]LogModuleManager: Shutting down and abandoning module MovieSceneTracks (352)
[2017.08.22-10.33.08:073][104]LogModuleManager: Shutting down and abandoning module MovieScene (350)
[2017.08.22-10.33.08:073][104]LogModuleManager: Shutting down and abandoning module Niagara (348)
[2017.08.22-10.33.08:073][104]LogModuleManager: Shutting down and abandoning module NiagaraEditor (347)
[2017.08.22-10.33.08:074][104]LogModuleManager: Shutting down and abandoning module StreamingPauseRendering (344)
[2017.08.22-10.33.08:074][104]LogModuleManager: Shutting down and abandoning module AnalyticsET (342)
[2017.08.22-10.33.08:074][104]LogModuleManager: Shutting down and abandoning module PortalServices (340)
[2017.08.22-10.33.08:074][104]LogModuleManager: Shutting down and abandoning module PortalRpc (338)
[2017.08.22-10.33.08:074][104]LogModuleManager: Shutting down and abandoning module MessagingRpc (336)
[2017.08.22-10.33.08:074][104]LogModuleManager: Shutting down and abandoning module AIModule (334)
[2017.08.22-10.33.08:074][104]LogModuleManager: Shutting down and abandoning module GameplayDebugger (333)
[2017.08.22-10.33.08:074][104]LogModuleManager: Shutting down and abandoning module AITestSuite (331)
[2017.08.22-10.33.08:074][104]LogModuleManager: Shutting down and abandoning module ProfilerService (328)
[2017.08.22-10.33.08:301][104]LogModuleManager: Shutting down and abandoning module TaskGraph (326)
[2017.08.22-10.33.08:302][104]LogModuleManager: Shutting down and abandoning module SteamVRController (324)
[2017.08.22-10.33.08:302][104]LogModuleManager: Shutting down and abandoning module SteamVR (322)
[2017.08.22-10.33.08:302][104]LogModuleManager: Shutting down and abandoning module ProceduralMeshComponentEditor (320)
[2017.08.22-10.33.08:302][104]LogModuleManager: Shutting down and abandoning module ProceduralMeshComponent (318)
[2017.08.22-10.33.08:302][104]LogModuleManager: Shutting down and abandoning module OculusLibrary (316)
[2017.08.22-10.33.08:302][104]LogModuleManager: Shutting down and abandoning module OculusInput (314)
[2017.08.22-10.33.08:302][104]LogModuleManager: Shutting down and abandoning module MobilePatchingUtils (312)
[2017.08.22-10.33.08:302][104]LogModuleManager: Shutting down and abandoning module CustomMeshComponent (310)
[2017.08.22-10.33.08:302][104]LogModuleManager: Shutting down and abandoning module CableComponent (308)
[2017.08.22-10.33.08:302][104]LogModuleManager: Shutting down and abandoning module ArchVisCharacter (306)
[2017.08.22-10.33.08:302][104]LogModuleManager: Shutting down and abandoning module AndroidPermission (304)
[2017.08.22-10.33.08:302][104]LogModuleManager: Shutting down and abandoning module MediaPlayerEditor (300)
[2017.08.22-10.33.08:303][104]LogModuleManager: Shutting down and abandoning module HTML5Networking (298)
[2017.08.22-10.33.08:303][104]LogModuleManager: Shutting down and abandoning module AlembicImporter (296)
[2017.08.22-10.33.08:303][104]LogModuleManager: Shutting down and abandoning module AlembicLibrary (295)
[2017.08.22-10.33.08:303][104]LogModuleManager: Shutting down and abandoning module GeometryCache (294)
[2017.08.22-10.33.08:303][104]LogModuleManager: Shutting down and abandoning module GeometryCacheEd (293)
[2017.08.22-10.33.08:303][104]LogModuleManager: Shutting down and abandoning module SuperSearchEditor (288)
[2017.08.22-10.33.08:303][104]LogModuleManager: Shutting down and abandoning module SuperSearch (287)
[2017.08.22-10.33.08:303][104]LogModuleManager: Shutting down and abandoning module SpeedTreeImporter (284)
[2017.08.22-10.33.08:303][104]LogModuleManager: Shutting down and abandoning module PluginBrowser (282)
[2017.08.22-10.33.08:303][104]LogModuleManager: Shutting down and abandoning module MobileLauncherProfileWizard (280)
[2017.08.22-10.33.08:303][104]LogModuleManager: Shutting down and abandoning module VisualStudioSourceCodeAccess (278)
[2017.08.22-10.33.08:304][104]LogModuleManager: Shutting down and abandoning module DesktopPlatform (277)
[2017.08.22-10.33.08:304][104]LogModuleManager: Shutting down and abandoning module UObjectPlugin (274)
[2017.08.22-10.33.08:304][104]LogModuleManager: Shutting down and abandoning module SubversionSourceControl (272)
[2017.08.22-10.33.08:304][104]LogModuleManager: Shutting down and abandoning module PerforceSourceControl (270)
[2017.08.22-10.33.08:304][104]LogModuleManager: Shutting down and abandoning module GitSourceControl (268)
[2017.08.22-10.33.08:304][104]LogModuleManager: Shutting down and abandoning module SourceControl (267)
[2017.08.22-10.33.08:304][104]LogModuleManager: Shutting down and abandoning module LightPropagationVolumeEditor (264)
[2017.08.22-10.33.08:304][104]LogModuleManager: Shutting down and abandoning module PaperTiledImporter (262)
[2017.08.22-10.33.08:304][104]LogModuleManager: Shutting down and abandoning module PaperSpriteSheetImporter (260)
[2017.08.22-10.33.08:304][104]LogModuleManager: Shutting down and abandoning module Paper2DEditor (258)
[2017.08.22-10.33.08:304][104]LogModuleManager: Shutting down and abandoning module MeshPaint (257)
[2017.08.22-10.33.08:304][104]LogModuleManager: Shutting down and abandoning module LevelEditor (255)
[2017.08.22-10.33.08:307][104]LogModuleManager: Shutting down and abandoning module PixelInspectorModule (254)
[2017.08.22-10.33.08:307][104]LogModuleManager: Shutting down and abandoning module MainFrame (252)
[2017.08.22-10.33.08:307][104]LogModuleManager: Shutting down and abandoning module HotReload (251)
[2017.08.22-10.33.08:308][104]LogModuleManager: Shutting down and abandoning module PhysXVehiclesEditor (246)
[2017.08.22-10.33.08:308][104]LogModuleManager: Shutting down and abandoning module PhysXVehicles (244)
[2017.08.22-10.33.08:308][104]LogModuleManager: Shutting down and abandoning module LocationServicesBPLibrary (242)
[2017.08.22-10.33.08:308][104]LogModuleManager: Shutting down and abandoning module ImmediatePhysicsEditor (240)
[2017.08.22-10.33.08:308][104]LogModuleManager: Shutting down and abandoning module ImmediatePhysics (238)
[2017.08.22-10.33.08:308][104]LogModuleManager: Shutting down and abandoning module UdpMessaging (236)
[2017.08.22-10.33.08:408][104]LogModuleManager: Shutting down and abandoning module TcpMessaging (234)
[2017.08.22-10.33.08:508][104]LogModuleManager: Shutting down and abandoning module GameplayTagsEditor (232)
[2017.08.22-10.33.08:509][104]LogModuleManager: Shutting down and abandoning module FacialAnimationEditor (230)
[2017.08.22-10.33.08:509][104]LogModuleManager: Shutting down and abandoning module FacialAnimation (228)
[2017.08.22-10.33.08:509][104]LogModuleManager: Shutting down and abandoning module AssetManagerEditor (226)
[2017.08.22-10.33.08:510][104]LogModuleManager: Shutting down and abandoning module GraphEditor (225)
[2017.08.22-10.33.08:510][104]LogModuleManager: Shutting down and abandoning module ContentBrowser (223)
[2017.08.22-10.33.08:516][104]LogModuleManager: Shutting down and abandoning module LightPropagationVolumeRuntime (220)
[2017.08.22-10.33.08:516][104]LogModuleManager: Shutting down and abandoning module Paper2D (218)
[2017.08.22-10.33.08:516][104]LogModuleManager: Shutting down and abandoning module WindowsMoviePlayer (216)
[2017.08.22-10.33.08:516][104]LogModuleManager: Shutting down and abandoning module WmfMedia (214)
[2017.08.22-10.33.08:517][104]LogModuleManager: Shutting down and abandoning module ClothingSystemEditor (212)
[2017.08.22-10.33.08:517][104]LogModuleManager: Shutting down and abandoning module ClothingSystemRuntime (210)
[2017.08.22-10.33.08:518][104]LogModuleManager: Shutting down and abandoning module MediaAssets (208)
[2017.08.22-10.33.08:518][104]LogModuleManager: Shutting down and abandoning module GameLiveStreaming (206)
[2017.08.22-10.33.08:518][104]LogModuleManager: Shutting down and abandoning module VREditor (204)
[2017.08.22-10.33.08:518][104]LogModuleManager: Shutting down and abandoning module StringTableEditor (202)
[2017.08.22-10.33.08:519][104]LogModuleManager: Shutting down and abandoning module GameplayTasksEditor (200)
[2017.08.22-10.33.08:519][104]LogModuleManager: Shutting down and abandoning module BehaviorTreeEditor (198)
[2017.08.22-10.33.08:520][104]LogModuleManager: Shutting down and abandoning module FunctionalTesting (196)
[2017.08.22-10.33.08:520][104]LogModuleManager: Shutting down and abandoning module CollisionAnalyzer (194)
[2017.08.22-10.33.08:520][104]LogModuleManager: Shutting down and abandoning module UMG (192)
[2017.08.22-10.33.08:520][104]LogModuleManager: Shutting down and abandoning module UMGEditor (191)
[2017.08.22-10.33.08:520][104]LogModuleManager: Shutting down and abandoning module Sequencer (190)
[2017.08.22-10.33.08:521][104]LogModuleManager: Shutting down and abandoning module AssetTools (188)
[2017.08.22-10.33.08:523][104]LogModuleManager: Shutting down and abandoning module MessageLog (187)
[2017.08.22-10.33.08:523][104]LogModuleManager: Shutting down and abandoning module WorkspaceMenuStructure (186)
[2017.08.22-10.33.08:523][104]LogModuleManager: Shutting down and abandoning module SlateReflector (180)
[2017.08.22-10.33.08:525][104]LogModuleManager: Shutting down and abandoning module Slate (178)
[2017.08.22-10.33.08:525][104]LogModuleManager: Shutting down and abandoning module EditorStyle (176)
[2017.08.22-10.33.08:534][104]LogModuleManager: Shutting down and abandoning module SourceCodeAccess (174)
[2017.08.22-10.33.08:535][104]LogModuleManager: Shutting down and abandoning module HeadMountedDisplay (172)
[2017.08.22-10.33.08:535][104]LogModuleManager: Shutting down and abandoning module XAudio2 (170)
[2017.08.22-10.33.08:535][104]LogModuleManager: Shutting down and abandoning module Networking (168)
[2017.08.22-10.33.08:535][104]LogModuleManager: Shutting down and abandoning module Core (164)
[2017.08.22-10.33.08:535][104]LogModuleManager: Shutting down and abandoning module AssetRegistry (162)
[2017.08.22-10.33.08:647][104]LogDirectoryWatcher: A directory notification for '../../../Engine/Content/' was aborted.
[2017.08.22-10.33.08:647][104]LogDirectoryWatcher: A directory notification for '../../../../../../Unreal/FOTWO/source/FOTWO02/Content/' was aborted.
[2017.08.22-10.33.08:647][104]LogDirectoryWatcher: A directory notification for '../../../Engine/Plugins/2D/Paper2D/Content/' was aborted.
[2017.08.22-10.33.08:647][104]LogDirectoryWatcher: A directory notification for '../../../Engine/Plugins/Runtime/GearVR/Content/' was aborted.
[2017.08.22-10.33.08:654][104]LogModuleManager: Shutting down and abandoning module DirectoryWatcher (161)
[2017.08.22-10.33.08:658][104]LogModuleManager: Shutting down and abandoning module KismetCompiler (158)
[2017.08.22-10.33.08:658][104]LogModuleManager: Shutting down and abandoning module LevelSequence (156)
[2017.08.22-10.33.08:658][104]LogModuleManager: Shutting down and abandoning module PhysXFormats (154)
[2017.08.22-10.33.08:658][104]LogModuleManager: Shutting down and abandoning module MeshUtilities (152)
[2017.08.22-10.33.08:658][104]LogModuleManager: Shutting down and abandoning module SimplygonSwarm (151)
[2017.08.22-10.33.08:658][104]LogModuleManager: Shutting down and abandoning module SimplygonMeshReduction (149)
[2017.08.22-10.33.08:658][104]LogModuleManager: Shutting down and abandoning module QuadricMeshReduction (147)
[2017.08.22-10.33.08:658][104]LogModuleManager: Shutting down and abandoning module DerivedDataCache (144)
[2017.08.22-10.33.08:751][104]LogDerivedDataCache: Shutdown
[2017.08.22-10.33.08:751][104]LogModuleManager: Shutting down and abandoning module TargetPlatform (142)
[2017.08.22-10.33.08:752][104]LogModuleManager: Shutting down and abandoning module VulkanShaderFormat (141)
[2017.08.22-10.33.08:752][104]LogModuleManager: Shutting down and abandoning module ShaderFormatVectorVM (139)
[2017.08.22-10.33.08:753][104]LogModuleManager: Shutting down and abandoning module ShaderFormatOpenGL (137)
[2017.08.22-10.33.08:754][104]LogModuleManager: Shutting down and abandoning module ShaderFormatD3D (135)
[2017.08.22-10.33.08:754][104]LogModuleManager: Shutting down and abandoning module MetalShaderFormat (133)
[2017.08.22-10.33.08:755][104]LogModuleManager: Shutting down and abandoning module TextureFormatUncompressed (131)
[2017.08.22-10.33.08:755][104]LogModuleManager: Shutting down and abandoning module TextureFormatPVR (129)
[2017.08.22-10.33.08:755][104]LogModuleManager: Shutting down and abandoning module TextureFormatDXT (127)
[2017.08.22-10.33.08:756][104]LogModuleManager: Shutting down and abandoning module TextureFormatIntelISPCTexComp (125)
[2017.08.22-10.33.08:756][104]LogModuleManager: Shutting down and abandoning module TextureFormatASTC (123)
[2017.08.22-10.33.08:756][104]LogModuleManager: Shutting down and abandoning module ImageWrapper (122)
[2017.08.22-10.33.08:756][104]LogModuleManager: Shutting down and abandoning module TextureFormatAndroid (119)
[2017.08.22-10.33.08:756][104]LogModuleManager: Shutting down and abandoning module AudioFormatOpus (117)
[2017.08.22-10.33.08:756][104]LogModuleManager: Shutting down and abandoning module AudioFormatOgg (115)
[2017.08.22-10.33.08:757][104]LogModuleManager: Shutting down and abandoning module AudioFormatADPCM (113)
[2017.08.22-10.33.08:757][104]LogModuleManager: Shutting down and abandoning module LinuxTargetPlatform (111)
[2017.08.22-10.33.08:757][104]LogModuleManager: Shutting down and abandoning module LinuxServerTargetPlatform (109)
[2017.08.22-10.33.08:757][104]LogModuleManager: Shutting down and abandoning module LinuxNoEditorTargetPlatform (107)
[2017.08.22-10.33.08:757][104]LogModuleManager: Shutting down and abandoning module LinuxClientTargetPlatform (105)
[2017.08.22-10.33.08:757][104]LogModuleManager: Shutting down and abandoning module TVOSTargetPlatform (103)
[2017.08.22-10.33.08:757][104]LogModuleManager: Shutting down and abandoning module Messaging (101)
[2017.08.22-10.33.08:758][104]LogModuleManager: Shutting down and abandoning module IOSTargetPlatform (99)
[2017.08.22-10.33.08:758][104]LogModuleManager: Shutting down and abandoning module HTML5TargetPlatform (97)
[2017.08.22-10.33.08:758][104]LogModuleManager: Shutting down and abandoning module Android_PVRTCTargetPlatform (95)
[2017.08.22-10.33.08:758][104]LogModuleManager: Shutting down and abandoning module Android_MultiTargetPlatform (93)
[2017.08.22-10.33.08:758][104]LogModuleManager: Shutting down and abandoning module Android_ETC2TargetPlatform (91)
[2017.08.22-10.33.08:758][104]LogModuleManager: Shutting down and abandoning module Android_ETC1TargetPlatform (89)
[2017.08.22-10.33.08:758][104]LogModuleManager: Shutting down and abandoning module Android_DXTTargetPlatform (87)
[2017.08.22-10.33.08:758][104]LogModuleManager: Shutting down and abandoning module Android_ATCTargetPlatform (85)
[2017.08.22-10.33.08:758][104]LogModuleManager: Shutting down and abandoning module Android_ASTCTargetPlatform (83)
[2017.08.22-10.33.08:759][104]LogModuleManager: Shutting down and abandoning module AndroidTargetPlatform (81)
[2017.08.22-10.33.08:759][104]LogModuleManager: Shutting down and abandoning module WindowsTargetPlatform (79)
[2017.08.22-10.33.08:759][104]LogModuleManager: Shutting down and abandoning module WindowsServerTargetPlatform (77)
[2017.08.22-10.33.08:759][104]LogModuleManager: Shutting down and abandoning module WindowsNoEditorTargetPlatform (75)
[2017.08.22-10.33.08:759][104]LogModuleManager: Shutting down and abandoning module WindowsClientTargetPlatform (73)
[2017.08.22-10.33.08:759][104]LogModuleManager: Shutting down and abandoning module MacTargetPlatform (71)
[2017.08.22-10.33.08:760][104]LogModuleManager: Shutting down and abandoning module MacServerTargetPlatform (69)
[2017.08.22-10.33.08:760][104]LogModuleManager: Shutting down and abandoning module MacNoEditorTargetPlatform (67)
[2017.08.22-10.33.08:760][104]LogModuleManager: Shutting down and abandoning module MacClientTargetPlatform (65)
[2017.08.22-10.33.08:760][104]LogModuleManager: Shutting down and abandoning module AllDesktopTargetPlatform (63)
[2017.08.22-10.33.08:760][104]LogModuleManager: Shutting down and abandoning module InputCore (60)
[2017.08.22-10.33.08:760][104]LogModuleManager: Shutting down and abandoning module Settings (58)
[2017.08.22-10.33.08:760][104]LogModuleManager: Shutting down and abandoning module OculusRift (56)
[2017.08.22-10.33.08:760][104]LogModuleManager: Shutting down and abandoning module GearVRController (54)
[2017.08.22-10.33.08:760][104]LogModuleManager: Shutting down and abandoning module GearVR (52)
[2017.08.22-10.33.08:760][104]LogModuleManager: Shutting down and abandoning module ExampleDeviceProfileSelector (50)
[2017.08.22-10.33.08:760][104]LogModuleManager: Shutting down and abandoning module OnlineBlueprintSupport (48)
[2017.08.22-10.33.08:760][104]LogModuleManager: Shutting down and abandoning module OnlineSubsystem (44)
[2017.08.22-10.33.08:760][104]LogOnline:Display: Unloading online subsystem: NULL
[2017.08.22-10.33.08:761][104]LogModuleManager: Shutting down and abandoning module XMPP (43)
[2017.08.22-10.33.08:762][104]LogModuleManager: Shutting down and abandoning module HTTP (41)
[2017.08.22-10.33.08:762][104]LogHttp:Display: Http module shutting down, but needs to wait on 1 outstanding Http requests:
[2017.08.22-10.33.08:762][104]LogHttp:Display: 	verb=[POST] url=[https://datarouter.ol.epicgames.com/datarouter/api/v1/public/data?SessionID=%7B808B24F8-4511-84B6-F0ED-1A83D8ACF410%7D&AppID=UEEditor.Rocket.Release&AppVersion=4.16.3-3561208%2B%2B%2BUE4%2BRelease-4.16&UserID=f07af55e4db0c636e0c073a1312074d9%7Caa7a108f70184e1b92fdd786c25cd9b8%7Caeab9882-b6f4-4a22-991a-718da4fba234&AppEnvironment=datacollector-binary&UploadType=eteventstream] status=Processing
[2017.08.22-10.33.08:771][104]LogModuleManager: Shutting down and abandoning module SSL (40)
[2017.08.22-10.33.08:778][104]LogModuleManager: Shutting down and abandoning module HTTPChunkInstaller (36)
[2017.08.22-10.33.08:779][104]LogModuleManager: Shutting down and abandoning module AnimationModifiers (34)
[2017.08.22-10.33.08:779][104]LogModuleManager: Shutting down and abandoning module PropertyEditor (33)
[2017.08.22-10.33.08:780][104]LogModuleManager: Shutting down and abandoning module AudioEditor (30)
[2017.08.22-10.33.08:780][104]LogModuleManager: Shutting down and abandoning module TextureCompressor (28)
[2017.08.22-10.33.08:780][104]LogModuleManager: Shutting down and abandoning module ShaderCore (26)
[2017.08.22-10.33.08:780][104]LogModuleManager: Shutting down and abandoning module Landscape (24)
[2017.08.22-10.33.08:780][104]LogModuleManager: Shutting down and abandoning module SlateRHIRenderer (22)
[2017.08.22-10.33.08:807][104]LogModuleManager: Shutting down and abandoning module OpenGLDrv (20)
[2017.08.22-10.33.08:808][104]LogModuleManager: Shutting down and abandoning module D3D11RHI (18)
[2017.08.22-10.33.08:808][104]LogModuleManager: Shutting down and abandoning module AnimGraphRuntime (16)
[2017.08.22-10.33.08:808][104]LogModuleManager: Shutting down and abandoning module Renderer (14)
[2017.08.22-10.33.08:808][104]LogModuleManager: Shutting down and abandoning module Engine (12)
[2017.08.22-10.33.08:808][104]LogModuleManager: Shutting down and abandoning module CoreUObject (10)
[2017.08.22-10.33.08:808][104]LogModuleManager: Shutting down and abandoning module NetworkFile (8)
[2017.08.22-10.33.08:808][104]LogModuleManager: Shutting down and abandoning module StreamingFile (6)
[2017.08.22-10.33.08:808][104]LogModuleManager: Shutting down and abandoning module SandboxFile (4)
[2017.08.22-10.33.08:808][104]LogModuleManager: Shutting down and abandoning module PakFile (2)
[2017.08.22-10.33.08:812][104]LogExit: Exiting.
[2017.08.22-10.33.08:846][104]Log file closed, 08/22/17 12:33:08
