Log file open, 08/08/17 16:34:56
LogInit:Display: Running engine for game: FOTWO02
LogPlatformFile: Not using cached read wrapper
LogInit:Display: RandInit(-1115355394) SRandInit(-1115355394).
LogTaskGraph: Started task graph with 5 named threads and 8 total threads with 1 sets of task threads.
LogStats: Stats thread started at 0.086015
LogInit: Using libcurl 7.47.1
LogInit:  - built for x86_64-pc-win32
LogInit:  - supports SSL with OpenSSL/1.0.2g
LogInit:  - supports HTTP deflate (compression) using libz 1.2.8
LogInit:  - other features:
LogInit:      CURL_VERSION_SSL
LogInit:      CURL_VERSION_LIBZ
LogInit:      CURL_VERSION_IPV6
LogInit:      CURL_VERSION_ASYNCHDNS
LogInit:      CURL_VERSION_LARGEFILE
LogInit:      CURL_VERSION_IDN
LogInit:  CurlRequestOptions (configurable via config and command line):
LogInit:  - bVerifyPeer = false  - Libcurl will NOT verify peer certificate
LogInit:  - bUseHttpProxy = false  - Libcurl will NOT use HTTP proxy
LogInit:  - bDontReuseConnections = false  - Libcurl will reuse connections
LogInit:  - CertBundlePath = nullptr  - Libcurl will use whatever was configured at build time.
LogInit: Build: ++UE4+Release-4.16-CL-3561208
LogInit: Engine Version: 4.16.3-3561208+++UE4+Release-4.16
LogInit: Compatible Engine Version: 4.16.0-3452394+++UE4+Release-4.16
LogInit: Net CL: 3452394
LogDevObjectVersion: Number of dev versions registered: 16
LogDevObjectVersion:   Dev-Blueprints (B0D832E4-1F89-4F0D-ACCF-7EB736FD4AA2): 9
LogDevObjectVersion:   Dev-Build (E1C64328-A22C-4D53-A36C-8E866417BD8C): 0
LogDevObjectVersion:   Dev-Core (375EC13C-06E4-48FB-B500-84F0262A717E): 2
LogDevObjectVersion:   Dev-Editor (E4B068ED-F494-42E9-A231-DA0B2E46BB41): 17
LogDevObjectVersion:   Dev-Framework (CFFC743F-43B0-4480-9391-14DF171D2073): 23
LogDevObjectVersion:   Dev-Mobile (B02B49B5-BB20-44E9-A304-32B752E40360): 0
LogDevObjectVersion:   Dev-Networking (A4E4105C-59A1-49B5-A7C5-40C4547EDFEE): 0
LogDevObjectVersion:   Dev-Online (39C831C9-5AE6-47DC-9A44-9C173E1C8E7C): 0
LogDevObjectVersion:   Dev-Physics (78F01B33-EBEA-4F98-B9B4-84EACCB95AA2): 0
LogDevObjectVersion:   Dev-Platform (6631380F-2D4D-43E0-8009-CF276956A95A): 0
LogDevObjectVersion:   Dev-Rendering (12F88B9F-8875-4AFC-A67C-D90C383ABD29): 15
LogDevObjectVersion:   Dev-Sequencer (7B5AE74C-D270-4C10-A958-57980B212A5A): 4
LogDevObjectVersion:   Dev-VR (D7296918-1DD6-4BDD-9DE2-64A83CC13884): 0
LogDevObjectVersion:   Dev-LoadTimes (C2A15278-BFE7-4AFE-6C17-90FF531DF755): 1
LogDevObjectVersion:   Private-Geometry (6EACA3D4-40EC-4CC1-B786-8BED09428FC5): 1
LogDevObjectVersion:   Dev-AnimPhys (29E575DD-E0A3-4627-9D10-D276232CDCEA): 3
LogInit: Compiled (64-bit): Jul 28 2017 11:49:47
LogInit: Compiled with Visual C++: 19.00.24215.01
LogInit: Build Configuration: Development
LogInit: Branch Name: ++UE4+Release-4.16
LogInit: Command line:  
LogInit: Base directory: C:/Program Files/Epic Games/UE_4.16/Engine/Binaries/Win64/
LogInit: Installed Engine Build: 1
LogInit: Presizing for max 8388607 objects, including 0 objects not considered by GC, pre-allocating 0 bytes for permanent pool.
LogInit: Object subsystem initialized
[2017.08.08-14.34.56:931][  0]LogInit: Selected Device Profile: [Windows]
[2017.08.08-14.34.56:931][  0]LogInit: Applying CVar settings loaded from the selected device profile: [Windows]
[2017.08.08-14.34.57:006][  0]LogInit: Computer: KLAUDE2017ALIEN
[2017.08.08-14.34.57:006][  0]LogInit: User: vonkl
[2017.08.08-14.34.57:006][  0]LogInit: CPU Page size=4096, Cores=4
[2017.08.08-14.34.57:006][  0]LogInit: High frequency timer resolution =2.742190 MHz
[2017.08.08-14.34.57:007][  0]LogMemory: Memory total: Physical=15.9GB (16GB approx)
[2017.08.08-14.34.57:007][  0]LogMemory: Platform Memory Stats for Windows
[2017.08.08-14.34.57:007][  0]LogMemory: Process Physical Memory: 274.29 MB used, 274.29 MB peak
[2017.08.08-14.34.57:007][  0]LogMemory: Process Virtual Memory: 260.90 MB used, 260.90 MB peak
[2017.08.08-14.34.57:007][  0]LogMemory: Physical Memory: 5176.51 MB used,  11080.46 MB free, 16256.98 MB total
[2017.08.08-14.34.57:007][  0]LogMemory: Virtual Memory: 638.49 MB used,  11080.46 MB free, 134217728.00 MB total
[2017.08.08-14.34.57:247][  0]LogInit: Using OS detected language (en-GB).
[2017.08.08-14.34.57:247][  0]LogInit: Using OS detected locale (en-GB).
[2017.08.08-14.34.57:279][  0]LogTextLocalizationManager: No specific localization for 'en-GB' exists, so the 'en' localization will be used.
[2017.08.08-14.35.00:175][  0]LogD3D11RHI: D3D11 adapters:
[2017.08.08-14.35.00:783][  0]LogD3D11RHI:    0. 'NVIDIA GeForce GTX 1060' (Feature Level 11_0)
[2017.08.08-14.35.00:783][  0]LogD3D11RHI:       6084/0/8128 MB DedicatedVideo/DedicatedSystem/SharedSystem, Outputs:2, VendorId:0x10de
[2017.08.08-14.35.00:804][  0]LogD3D11RHI:    1. 'Intel(R) HD Graphics 630' (Feature Level 11_0)
[2017.08.08-14.35.00:804][  0]LogD3D11RHI:       128/0/8128 MB DedicatedVideo/DedicatedSystem/SharedSystem, Outputs:0, VendorId:0x8086
[2017.08.08-14.35.00:805][  0]LogD3D11RHI:    2. 'Microsoft Basic Render Driver' (Feature Level 11_0)
[2017.08.08-14.35.00:805][  0]LogD3D11RHI:       0/0/8128 MB DedicatedVideo/DedicatedSystem/SharedSystem, Outputs:0, VendorId:0x1414
[2017.08.08-14.35.00:805][  0]LogD3D11RHI: Chosen D3D11 Adapter: 0
[2017.08.08-14.35.00:812][  0]LogD3D11RHI: Creating new Direct3DDevice
[2017.08.08-14.35.00:812][  0]LogD3D11RHI:     GPU DeviceId: 0x1c60 (for the marketing name, search the web for "GPU Device Id")
[2017.08.08-14.35.00:812][  0]LogWindows: EnumDisplayDevices:
[2017.08.08-14.35.00:812][  0]LogWindows:    0. 'NVIDIA GeForce GTX 1060' (P:0 D:1)
[2017.08.08-14.35.00:812][  0]LogWindows:    1. 'NVIDIA GeForce GTX 1060' (P:1 D:1)
[2017.08.08-14.35.00:812][  0]LogWindows:    2. 'NVIDIA GeForce GTX 1060' (P:0 D:0)
[2017.08.08-14.35.00:812][  0]LogWindows:    3. 'NVIDIA GeForce GTX 1060' (P:0 D:0)
[2017.08.08-14.35.00:812][  0]LogWindows:    4. 'Intel(R) HD Graphics 630' (P:0 D:0)
[2017.08.08-14.35.00:812][  0]LogWindows:    5. 'Intel(R) HD Graphics 630' (P:0 D:0)
[2017.08.08-14.35.00:812][  0]LogWindows:    6. 'Intel(R) HD Graphics 630' (P:0 D:0)
[2017.08.08-14.35.00:813][  0]LogWindows: DebugString: PrimaryIsNotTheChoosenAdapter PrimaryIsNotTheChoosenAdapter PrimaryIsNotTheChoosenAdapter FoundDriverCount:4 
[2017.08.08-14.35.00:813][  0]LogD3D11RHI:     Adapter Name: NVIDIA GeForce GTX 1060
[2017.08.08-14.35.00:813][  0]LogD3D11RHI:   Driver Version: 382.53 (internal:22.21.13.8253, unified:382.53)
[2017.08.08-14.35.00:813][  0]LogD3D11RHI:      Driver Date: 6-7-2017
[2017.08.08-14.35.00:813][  0]LogRHI: Texture pool is 1361 MB (70% of 1945 MB)
[2017.08.08-14.35.01:383][  0]LogD3D11RHI: Async texture creation enabled
[2017.08.08-14.35.01:422][  0]LogD3D11RHI: GPU Timing Frequency: 1000.000000 (Debug: 2 1)
[2017.08.08-14.35.01:517][  0]LogShaderCompilers: Guid format shader working directory is 0 characters bigger than the processId version (../../../../../../Unreal/FOTWO/source/FOTWO02/Intermediate/Shaders/WorkingDirectory/14924/).
[2017.08.08-14.35.01:518][  0]LogShaderCompilers: Cleaned the shader compiler working directory 'C:/Users/vonkl/AppData/Local/Temp/UnrealShaderWorkingDir/DBDF38E043CED3797B288EB3744496C0/'.
[2017.08.08-14.35.01:518][  0]LogShaderCompilers:Display: Using Local Shader Compiler.
[2017.08.08-14.35.03:464][  0]LogTemp:Display: Loaded TP AllDesktopTargetPlatform
[2017.08.08-14.35.03:514][  0]LogTemp:Display: Loaded TP MacClientTargetPlatform
[2017.08.08-14.35.03:559][  0]LogTemp:Display: Loaded TP MacNoEditorTargetPlatform
[2017.08.08-14.35.03:606][  0]LogTemp:Display: Loaded TP MacServerTargetPlatform
[2017.08.08-14.35.03:661][  0]LogTemp:Display: Loaded TP MacTargetPlatform
[2017.08.08-14.35.03:710][  0]LogTemp:Display: Loaded TP WindowsClientTargetPlatform
[2017.08.08-14.35.03:756][  0]LogTemp:Display: Loaded TP WindowsNoEditorTargetPlatform
[2017.08.08-14.35.03:821][  0]LogTemp:Display: Loaded TP WindowsServerTargetPlatform
[2017.08.08-14.35.03:860][  0]LogTemp:Display: Loaded TP WindowsTargetPlatform
[2017.08.08-14.35.03:909][  0]LogTemp:Display: Loaded TP AndroidTargetPlatform
[2017.08.08-14.35.03:954][  0]LogTemp:Display: Loaded TP Android_ASTCTargetPlatform
[2017.08.08-14.35.03:998][  0]LogTemp:Display: Loaded TP Android_ATCTargetPlatform
[2017.08.08-14.35.04:044][  0]LogTemp:Display: Loaded TP Android_DXTTargetPlatform
[2017.08.08-14.35.04:089][  0]LogTemp:Display: Loaded TP Android_ETC1TargetPlatform
[2017.08.08-14.35.04:135][  0]LogTemp:Display: Loaded TP Android_ETC2TargetPlatform
[2017.08.08-14.35.04:248][  0]LogTemp:Display: Loaded TP Android_MultiTargetPlatform
[2017.08.08-14.35.04:248][  0]LogTemp:Display: Loaded TP Android_PVRTCTargetPlatform
[2017.08.08-14.35.04:295][  0]LogTemp:Display: Loaded TP HTML5TargetPlatform
[2017.08.08-14.35.04:383][  0]LogTemp:Display: Loaded TP IOSTargetPlatform
[2017.08.08-14.35.04:428][  0]LogTemp:Display: Loaded TP TVOSTargetPlatform
[2017.08.08-14.35.04:472][  0]LogTemp:Display: Loaded TP LinuxClientTargetPlatform
[2017.08.08-14.35.04:523][  0]LogTemp:Display: Loaded TP LinuxNoEditorTargetPlatform
[2017.08.08-14.35.04:609][  0]LogTemp:Display: Loaded TP LinuxServerTargetPlatform
[2017.08.08-14.35.04:656][  0]LogTemp:Display: Loaded TP LinuxTargetPlatform
[2017.08.08-14.35.04:656][  0]LogTargetPlatformManager:Display: Building Assets For Windows
[2017.08.08-14.35.05:185][  0]LogDerivedDataCache:Display: Max Cache Size: 512 MB
[2017.08.08-14.35.05:271][  0]LogDerivedDataCache: Loaded boot cache 0.09s 90MB C:/Users/vonkl/AppData/Local/UnrealEngine/4.16/DerivedDataCache/Boot.ddc.
[2017.08.08-14.35.05:271][  0]LogDerivedDataCache:Display: Loaded Boot cache: C:/Users/vonkl/AppData/Local/UnrealEngine/4.16/DerivedDataCache/Boot.ddc
[2017.08.08-14.35.05:271][  0]LogDerivedDataCache: FDerivedDataBackendGraph:  Pak pak cache file ../../../../../../Unreal/FOTWO/source/FOTWO02/DerivedDataCache/DDC.ddp not found, will not use a pak cache.
[2017.08.08-14.35.05:271][  0]LogDerivedDataCache: Unable to find inner node Pak for hierarchical cache Hierarchy.
[2017.08.08-14.35.05:271][  0]LogDerivedDataCache: FDerivedDataBackendGraph:  CompressedPak pak cache file ../../../../../../Unreal/FOTWO/source/FOTWO02/DerivedDataCache/Compressed.ddp not found, will not use a pak cache.
[2017.08.08-14.35.05:271][  0]LogDerivedDataCache: Unable to find inner node CompressedPak for hierarchical cache Hierarchy.
[2017.08.08-14.35.05:290][  0]LogDerivedDataCache:Display: Pak cache opened for reading ../../../Engine/DerivedDataCache/Compressed.ddp.
[2017.08.08-14.35.05:301][  0]LogDerivedDataCache: Using Local data cache path C:/Users/vonkl/AppData/Local/UnrealEngine/Common/DerivedDataCache: Writable
[2017.08.08-14.35.05:310][  0]LogMaterial: Verifying Global Shaders for PCD3D_SM5
[2017.08.08-14.35.05:310][  0]LogSlate: Using Freetype 2.6.0
[2017.08.08-14.35.05:320][  0]LogSlate: SlateFontCache - WITH_FREETYPE: 1, WITH_HARFBUZZ: 1
[2017.08.08-14.35.05:320][  0]LogSlate: SlateFontCache - WITH_FREETYPE: 1, WITH_HARFBUZZ: 1
[2017.08.08-14.35.05:998][  0]LogInit: Selected Device Profile: [Windows]
[2017.08.08-14.35.06:152][  0]LogContentStreaming: Texture pool size is 0.00 MB
[2017.08.08-14.35.06:374][  0]LogMeshUtilities: Using QuadricMeshReduction for automatic static mesh reduction
[2017.08.08-14.35.06:413][  0]LogSimplygon: Simplygon DLL not present - disabling.
[2017.08.08-14.35.06:457][  0]LogMeshUtilities: Using SimplygonSwarm for distributed automatic mesh merging
[2017.08.08-14.35.06:457][  0]LogMeshUtilities: No automatic skeletal mesh reduction module available
[2017.08.08-14.35.06:457][  0]LogMeshUtilities: No automatic mesh merging module available
[2017.08.08-14.35.07:776][  0]LogNetVersion: FOTWO02 , NetCL: 3452394, EngineNetVer: 2, GameNetVer: 0 (Checksum: 2990255715)
[2017.08.08-14.35.07:879][  0]LogAssetRegistry: FAssetRegistry took 0.0247 seconds to start up
[2017.08.08-14.35.07:939][  0]LogPackageLocalizationCache: Processed 4 localized package path(s) for 2 prioritized culture(s) in 0.038849 seconds
[2017.08.08-14.35.07:943][  0]LogUObjectArray: 34194 objects as part of root set at end of initial load.
[2017.08.08-14.35.07:943][  0]LogUObjectAllocator: 7260416 out of 0 bytes used by permanent object pool.
[2017.08.08-14.35.07:943][  0]LogUObjectArray: CloseDisregardForGC: 0/0 objects in disregard for GC pool
[2017.08.08-14.35.08:002][  0]LogInit: WinSock: version 1.1 (2.2), MaxSocks=32767, MaxUdp=65467
[2017.08.08-14.35.12:018][  0]LogTcpMessaging: Initializing TcpMessaging bridge
[2017.08.08-14.35.12:056][  0]LogUdpMessaging: Initializing bridge on interface 0.0.0.0:0 to multicast group 230.0.0.1:6666.
[2017.08.08-14.35.12:724][  0]LogMaterial: Uniform references updated for custom material expression Custom.
[2017.08.08-14.35.13:252][  0]SourceControl: Info Source control is disabled
[2017.08.08-14.35.13:301][  0]SourceControl: Info Source control is disabled
[2017.08.08-14.35.13:344][  0]SourceControl: Info Source control is disabled
[2017.08.08-14.35.13:385][  0]SourceControl: Info Source control is disabled
[2017.08.08-14.35.14:152][  0]LogAndroidPermission: UAndroidPermissionCallbackProxy::GetInstance
[2017.08.08-14.35.14:748][  0]LogEngine: Initializing Engine...
[2017.08.08-14.35.14:749][  0]LogHMD: Failed to initialize OpenVR with code 110
[2017.08.08-14.35.15:065][  0]LogStats: UGameplayTagsManager::ConstructGameplayTagTree: Construct from data asset -  0.000 s
[2017.08.08-14.35.15:065][  0]LogStats: UGameplayTagsManager::ConstructGameplayTagTree: GameplayTagTreeChangedEvent.Broadcast -  0.000 s
[2017.08.08-14.35.15:178][  0]LogAIModule: Creating AISystem for world Untitled
[2017.08.08-14.35.15:189][  0]LogInit: XAudio2 using 'Headset Earphone (3- Microsoft LifeChat LX-3000)' : 2 channels at 48 kHz using 16 bits per sample (channel mask 0x3)
[2017.08.08-14.35.15:198][  0]LogInit: FAudioDevice initialized.
[2017.08.08-14.35.15:236][  0]LogDerivedDataCache: Saved boot cache 0.04s 90MB C:/Users/vonkl/AppData/Local/UnrealEngine/4.16/DerivedDataCache/Boot.ddc.
[2017.08.08-14.35.15:243][  0]LogInit: Texture streaming: Enabled
[2017.08.08-14.35.15:329][  0]LogEngineSessionManager: EngineSessionManager initialized
[2017.08.08-14.35.15:547][  0]LogInit: Transaction tracking system initialized
[2017.08.08-14.35.15:827][  0]BlueprintLog: New page: Editor Load
[2017.08.08-14.35.16:685][  0]LocalizationService: Info Localization service is disabled
[2017.08.08-14.35.17:325][  0]LogConsoleResponse:Display: 
[2017.08.08-14.35.17:623][  0]LogCook:Display: Max memory allowance for cook 16384mb min free memory 0mb
[2017.08.08-14.35.17:623][  0]LogCook:Display: Mobile HDR setting 1
[2017.08.08-14.35.18:586][  0]LogFileCache: Scanning file cache for directory 'C:/Unreal/FOTWO/source/FOTWO02/Content/' took 0.02s
[2017.08.08-14.35.18:632][  0]SourceControl: Info Source control is disabled
[2017.08.08-14.35.18:632][  0]Cmd: MAP LOAD FILE="../../../../../../Unreal/FOTWO/source/FOTWO02/Content/2DSideScrollerBP/Maps/2DSideScrollerExampleMap.umap" TEMPLATE=0 SHOWPROGRESS=1 FEATURELEVEL=3
[2017.08.08-14.35.18:632][  0]LogEditorServer:Warning: Can't find file '../../../../../../Unreal/FOTWO/source/FOTWO02/Content/2DSideScrollerBP/Maps/2DSideScrollerExampleMap.umap'
[2017.08.08-14.35.18:632][  0]Cmd: MAP CHECKDEP NOCLEARLOG
[2017.08.08-14.35.18:670][  0]MapCheck: Info Map check complete: 0 Error(s), 0 Warning(s), took 36.803ms to complete.
[2017.08.08-14.35.18:670][  0]LogFileHelpers: Loading map '2DSideScrollerExampleMap' took 0.037
[2017.08.08-14.35.19:043][  0]LogCollectionManager: Loaded 0 collections in 0.002389 seconds
[2017.08.08-14.35.19:142][  0]LogFileCache: Scanning file cache for directory 'C:/Unreal/FOTWO/source/FOTWO02/Saved/Collections/' took 0.01s
[2017.08.08-14.35.19:142][  0]LogFileCache: Scanning file cache for directory 'C:/Unreal/FOTWO/source/FOTWO02/Content/Developers/vonkl/Collections/' took 0.01s
[2017.08.08-14.35.19:142][  0]LogFileCache: Scanning file cache for directory 'C:/Unreal/FOTWO/source/FOTWO02/Content/Collections/' took 0.00s
[2017.08.08-14.35.19:142][  0]LogCollectionManager: Rebuilt the GUID cache for 0 collections in 0.000004 seconds
[2017.08.08-14.35.19:157][  0]LogContentBrowser: Native class hierarchy populated in 0.0145 seconds. Added 2329 classes and 491 folders.
[2017.08.08-14.35.19:219][  0]LogContentBrowser: Native class hierarchy updated for 'WidgetCarousel' in 0.0005 seconds. Added 0 classes and 0 folders.
[2017.08.08-14.35.19:605][  0]LogContentBrowser: Native class hierarchy updated for 'AddContentDialog' in 0.0005 seconds. Added 0 classes and 0 folders.
[2017.08.08-14.35.19:687][  0]LogContentBrowser: Native class hierarchy updated for 'SceneOutliner' in 0.0007 seconds. Added 1 classes and 2 folders.
[2017.08.08-14.35.19:757][  0]LogCrashTracker: Crashtracker disabled due to settings.
[2017.08.08-14.35.19:850][  0]LogSlate: Took 0.012771 seconds to synchronously load lazily loaded font '../../../Engine/Content/Slate/Fonts/Roboto-Regular.ttf' (155K)
[2017.08.08-14.35.19:868][  0]LogSlate: Took 0.011731 seconds to synchronously load lazily loaded font '../../../Engine/Content/Slate/Fonts/Roboto-Bold.ttf' (160K)
[2017.08.08-14.35.19:885][  0]LogSlate: Took 0.006827 seconds to synchronously load lazily loaded font '../../../Engine/Content/Editor/Slate/Fonts/FontAwesome.ttf' (139K)
[2017.08.08-14.35.20:063][  0]LogRenderer: Reallocating scene render targets to support 1656x932 NumSamples 1 (Frame:1).
[2017.08.08-14.35.20:130][  0]LogUObjectGlobals:Warning: Failed to find object 'Class None.'
[2017.08.08-14.35.20:189][  0]LogContentBrowser: Native class hierarchy updated for 'HierarchicalLODOutliner' in 0.0005 seconds. Added 1 classes and 2 folders.
[2017.08.08-14.35.20:190][  0]LogLoad: (Engine Initialization) Total time: 25.44 seconds
[2017.08.08-14.35.20:190][  0]LogLoad: (Engine Initialization) Total Blueprint compile time: 0.05 seconds
[2017.08.08-14.35.20:190][  0]LogExternalProfiler: Found external profiler: VSPerf
[2017.08.08-14.35.20:190][  0]LogExternalProfiler: Using external profiler: VSPerf
[2017.08.08-14.35.20:213][  0]LogOcInput: OculusInput pre-init called
[2017.08.08-14.35.20:213][  0]LogHMD: Starting GearVRController plugin
[2017.08.08-14.35.20:230][  0]LogContentStreaming: Texture pool size now 1000 MB
[2017.08.08-14.35.20:266][  1]LogAssetRegistry: Asset discovery search completed in 12.4082 seconds
[2017.08.08-14.35.20:268][  1]LogCollectionManager: Rebuilt the object cache for 0 collections in 0.000000 seconds (found 0 objects)
[2017.08.08-14.35.20:268][  1]LogCollectionManager: Fixed up redirectors for 0 collections in 0.000020 seconds (updated 0 objects)
[2017.08.08-14.35.23:520][191]LogSlate: Took 0.006918 seconds to synchronously load lazily loaded font '../../../Engine/Content/Slate/Fonts/Roboto-Light.ttf' (159K)
[2017.08.08-14.35.24:629][191]LogSlate: Took 0.000116 seconds to synchronously load lazily loaded font '../../../Engine/Content/Slate/Fonts/Roboto-Regular.ttf' (155K)
[2017.08.08-14.35.24:743][191]LogAIModule: Creating AISystem for world FOTWO01
[2017.08.08-14.35.24:806][191]Cmd: MAP LOAD FILE="../../../../../../Unreal/FOTWO/source/FOTWO02/Content/2DSideScrollerBP/Maps/FOTWO01.umap" TEMPLATE=0 SHOWPROGRESS=1 FEATURELEVEL=3
[2017.08.08-14.35.24:806][191]LightingResults: New page: Lighting Build
[2017.08.08-14.35.24:850][191]LogContentBrowser: Native class hierarchy updated for 'StatsViewer' in 0.0005 seconds. Added 5 classes and 0 folders.
[2017.08.08-14.35.24:851][191]LoadErrors: New page: Loading map: FOTWO01.umap
[2017.08.08-14.35.24:852][191]MapCheck: New page: Map Check
[2017.08.08-14.35.24:852][191]LightingResults: New page: Lighting Build
[2017.08.08-14.35.24:917][191]LogEditorServer: Finished looking for orphan Actors (0.000 secs)
[2017.08.08-14.35.24:951][191]Cmd: MAP CHECKDEP NOCLEARLOG
[2017.08.08-14.35.24:993][191]MapCheck: Info Map check complete: 0 Error(s), 0 Warning(s), took 42.059ms to complete.
[2017.08.08-14.35.24:993][191]LogFileHelpers: Loading map 'FOTWO01' took 0.188
[2017.08.08-14.35.53:123][813]LogContentBrowser: Native class hierarchy updated for 'BlueprintGraph' in 0.0008 seconds. Added 112 classes and 0 folders.
[2017.08.08-14.35.53:775][813]LogSlate: Took 0.005844 seconds to synchronously load lazily loaded font '../../../Engine/Content/Editor/Slate/Fonts/Roboto-BoldCondensed.ttf' (158K)
[2017.08.08-14.36.00:235][185]LogSlate: Took 0.003111 seconds to synchronously load lazily loaded font '../../../Engine/Content/Editor/Slate/Fonts/Roboto-Italic.ttf' (157K)
[2017.08.08-14.38.29:249][641]BlueprintLog: New page: Compile NationBAU
[2017.08.08-14.38.30:666][641]LogSavePackage: Save=628.85ms
[2017.08.08-14.38.30:666][641]LogSavePackage: Moving '../../../../../../Unreal/FOTWO/source/FOTWO02/Saved/NationBAUA998AF9546176D6FBFD7B89ED1499E0D.tmp' to '../../../../../../Unreal/FOTWO/source/FOTWO02/Content/2DSideScrollerBP/Blueprints/Simulation/NationBAU.uasset'
[2017.08.08-14.38.30:668][641]LogSavePackage:Display: Finished SavePackage ../../../../../../Unreal/FOTWO/source/FOTWO02/Content/2DSideScrollerBP/Blueprints/Simulation/NationBAU.uasset
[2017.08.08-14.45.15:243][103]LogSlate: Took 0.000519 seconds to synchronously load lazily loaded font '../../../Engine/Content/Slate/Fonts/Roboto-Light.ttf' (159K)
[2017.08.08-14.45.24:443][130]LogSavePackage: Save=92.94ms
[2017.08.08-14.45.24:443][130]LogSavePackage: Moving '../../../../../../Unreal/FOTWO/source/FOTWO02/Saved/FOTWO01_Auto1287ACC3F41E39E34837F84A77A276B3B.tmp' to '../../../../../../Unreal/FOTWO/source/FOTWO02/Saved/Autosaves/Game/2DSideScrollerBP/Maps/FOTWO01_Auto1.umap'
[2017.08.08-14.45.24:445][130]LogSavePackage:Display: Finished SavePackage ../../../../../../Unreal/FOTWO/source/FOTWO02/Saved/Autosaves/Game/2DSideScrollerBP/Maps/FOTWO01_Auto1.umap
[2017.08.08-14.45.24:449][130]LogFileHelpers: Editor autosave (incl. sublevels) for '/Game/2DSideScrollerBP/Maps/FOTWO01' took 0.175
[2017.08.08-14.45.24:449][130]LogFileHelpers: Editor autosave (incl. sublevels) for all levels took 0.175
[2017.08.08-14.53.41:298][441]LogSlate: Only BGRA pngs, bmps or icos are supported in by External Image Picker
[2017.08.08-14.53.41:372][443]LogTemp: Executing iPhonePackager certificates Engine -bundlename com.YourCompany.FOTWO02
[2017.08.08-14.53.41:372][443]LogTemp: CWD: C:\Program Files\Epic Games\UE_4.16\Engine\Binaries\DotNET\IOS
[2017.08.08-14.53.41:372][443]LogTemp: Initial Dir: C:\Program Files\Epic Games\UE_4.16
[2017.08.08-14.53.41:372][443]LogTemp: Env CWD: C:\Program Files\Epic Games\UE_4.16\Engine\Binaries\DotNET\IOS
[2017.08.08-14.53.41:381][444]LogTemp: BranchPath = KLAUDE2017ALIEN/C/Program Files/Epic Games/UE_4.16/Engine/Binaries --- GameBranchPath = KLAUDE2017ALIEN/C/Program Files/Epic Games/UE_4.16/Engine/Binaries
[2017.08.08-14.53.41:399][445]LogTemp: IPP ERROR: Could not find provision directory 'C:\Users\vonkl\AppData\Local/Apple Computer/MobileDevice/Provisioning Profiles/'.
[2017.08.08-14.54.18:871][616]LogTemp: Repeting last play command: Selected Viewport
[2017.08.08-14.54.18:916][616]LogBlueprintUserMessages: Early PlayInEditor Detection: Level '/Game/2DSideScrollerBP/Maps/FOTWO01.FOTWO01:PersistentLevel' has LevelScriptBlueprint '/Game/2DSideScrollerBP/Maps/FOTWO01.FOTWO01:PersistentLevel.FOTWO01' with GeneratedClass '/Game/2DSideScrollerBP/Maps/FOTWO01.FOTWO01_C' with ClassGeneratedBy '/Game/2DSideScrollerBP/Maps/FOTWO01.FOTWO01:PersistentLevel.FOTWO01'
[2017.08.08-14.54.18:916][616]LogPlayLevel: PlayLevel: No blueprints needed recompiling
[2017.08.08-14.54.18:916][616]PIE: New page: PIE session: FOTWO01 (8 Aug 2017 18:54:18)
[2017.08.08-14.54.18:916][616]LogPlayLevel: Creating play world package: /Game/2DSideScrollerBP/Maps/UEDPIE_0_FOTWO01
[2017.08.08-14.54.18:918][616]LogPlayLevel: PIE: StaticDuplicateObject took: (0.001362s)
[2017.08.08-14.54.18:919][616]LogAIModule: Creating AISystem for world FOTWO01
[2017.08.08-14.54.18:919][616]LogPlayLevel: PIE: World Init took: (0.000687s)
[2017.08.08-14.54.18:919][616]LogPlayLevel: PIE: Created PIE world by copying editor world from /Game/2DSideScrollerBP/Maps/FOTWO01.FOTWO01 to /Game/2DSideScrollerBP/Maps/UEDPIE_0_FOTWO01.FOTWO01 (0.002237s)
[2017.08.08-14.54.18:942][616]LogInit: XAudio2 using 'Headset Earphone (3- Microsoft LifeChat LX-3000)' : 2 channels at 48 kHz using 16 bits per sample (channel mask 0x3)
[2017.08.08-14.54.18:948][616]LogInit: FAudioDevice initialized.
[2017.08.08-14.54.18:993][616]LogLoad: Game class is 'FOTWOGameMode_C'
[2017.08.08-14.54.18:996][616]LogWorld: Bringing World /Game/2DSideScrollerBP/Maps/UEDPIE_0_FOTWO01.FOTWO01 up for play (max tick rate 60) at 2017.08.08-16.54.18
[2017.08.08-14.54.18:996][616]LogWorld: Bringing up level for play took: 0.000942
[2017.08.08-14.54.19:038][616]LogContentBrowser: Native class hierarchy updated for 'MovieSceneCapture' in 0.0005 seconds. Added 11 classes and 0 folders.
[2017.08.08-14.54.19:049][616]PIE: Info Play in editor start time for /Game/2DSideScrollerBP/Maps/UEDPIE_0_FOTWO01 -0.238
[2017.08.08-14.54.19:049][616]LogBlueprintUserMessages: Late PlayInEditor Detection: Level '/Game/2DSideScrollerBP/Maps/FOTWO01.FOTWO01:PersistentLevel' has LevelScriptBlueprint '/Game/2DSideScrollerBP/Maps/FOTWO01.FOTWO01:PersistentLevel.FOTWO01' with GeneratedClass '/Game/2DSideScrollerBP/Maps/FOTWO01.FOTWO01_C' with ClassGeneratedBy '/Game/2DSideScrollerBP/Maps/FOTWO01.FOTWO01:PersistentLevel.FOTWO01'
[2017.08.08-14.54.20:254][686]LogScript:Warning: Accessed None trying to read property ConfHUD
	NationBAU_C /Game/2DSideScrollerBP/Maps/UEDPIE_0_FOTWO01.FOTWO01:PersistentLevel.NationBAU
	Function /Game/2DSideScrollerBP/Blueprints/Simulation/NationBAU.NationBAU_C:ExecuteUbergraph_NationBAU:1B52
[2017.08.08-14.54.20:254][686]PIE:Error: Error Blueprint Runtime Error: Accessed None trying to read property ConfHUD from function: 'ExecuteUbergraph_NationBAU' from node: Branch in graph: EventGraph in object: NationBAU with description: Accessed None trying to read property ConfHUD
[2017.08.08-14.54.20:254][686]LogScript:Warning: Accessed None trying to read property ConfHUD
	NationBAU_C /Game/2DSideScrollerBP/Maps/UEDPIE_0_FOTWO01.FOTWO01:PersistentLevel.NationBAU
	Function /Game/2DSideScrollerBP/Blueprints/Simulation/NationBAU.NationBAU_C:ExecuteUbergraph_NationBAU:1BF0
[2017.08.08-14.54.20:254][686]PIE:Error: Error Blueprint Runtime Error: Accessed None trying to read property ConfHUD from function: 'ExecuteUbergraph_NationBAU' from node: Branch in graph: EventGraph in object: NationBAU with description: Accessed None trying to read property ConfHUD
[2017.08.08-14.54.20:254][686]LogScript:Warning: Accessed None trying to read property ConfHUD
	NationBAU_C /Game/2DSideScrollerBP/Maps/UEDPIE_0_FOTWO01.FOTWO01:PersistentLevel.NationBAU
	Function /Game/2DSideScrollerBP/Blueprints/Simulation/NationBAU.NationBAU_C:ExecuteUbergraph_NationBAU:1C8E
[2017.08.08-14.54.20:254][686]PIE:Error: Error Blueprint Runtime Error: Accessed None trying to read property ConfHUD from function: 'ExecuteUbergraph_NationBAU' from node: Branch in graph: EventGraph in object: NationBAU with description: Accessed None trying to read property ConfHUD
[2017.08.08-14.54.20:254][686]LogScript:Warning: Accessed None trying to read property ConfHUD
	NationBAU_C /Game/2DSideScrollerBP/Maps/UEDPIE_0_FOTWO01.FOTWO01:PersistentLevel.NationBAU
	Function /Game/2DSideScrollerBP/Blueprints/Simulation/NationBAU.NationBAU_C:ExecuteUbergraph_NationBAU:1D2C
[2017.08.08-14.54.20:254][686]PIE:Error: Error Blueprint Runtime Error: Accessed None trying to read property ConfHUD from function: 'ExecuteUbergraph_NationBAU' from node: Branch in graph: EventGraph in object: NationBAU with description: Accessed None trying to read property ConfHUD
[2017.08.08-14.54.20:254][686]LogScript:Warning: Accessed None trying to read property ConfHUD
	NationBAU_C /Game/2DSideScrollerBP/Maps/UEDPIE_0_FOTWO01.FOTWO01:PersistentLevel.NationBAU
	Function /Game/2DSideScrollerBP/Blueprints/Simulation/NationBAU.NationBAU_C:ExecuteUbergraph_NationBAU:1DCA
[2017.08.08-14.54.20:254][686]PIE:Error: Error Blueprint Runtime Error: Accessed None trying to read property ConfHUD from function: 'ExecuteUbergraph_NationBAU' from node: Branch in graph: EventGraph in object: NationBAU with description: Accessed None trying to read property ConfHUD
[2017.08.08-14.54.20:254][686]LogScript:Warning: Accessed None trying to read property ConfHUD
	NationBAU_C /Game/2DSideScrollerBP/Maps/UEDPIE_0_FOTWO01.FOTWO01:PersistentLevel.NationBAU
	Function /Game/2DSideScrollerBP/Blueprints/Simulation/NationBAU.NationBAU_C:ExecuteUbergraph_NationBAU:1E68
[2017.08.08-14.54.20:255][686]PIE:Error: Error Blueprint Runtime Error: Accessed None trying to read property ConfHUD from function: 'ExecuteUbergraph_NationBAU' from node: Branch in graph: EventGraph in object: NationBAU with description: Accessed None trying to read property ConfHUD
[2017.08.08-14.54.35:393][594]LogBlueprintUserMessages: Early EndPlayMap Detection: Level '/Game/2DSideScrollerBP/Maps/FOTWO01.FOTWO01:PersistentLevel' has LevelScriptBlueprint '/Game/2DSideScrollerBP/Maps/FOTWO01.FOTWO01:PersistentLevel.FOTWO01' with GeneratedClass '/Game/2DSideScrollerBP/Maps/FOTWO01.FOTWO01_C' with ClassGeneratedBy '/Game/2DSideScrollerBP/Maps/FOTWO01.FOTWO01:PersistentLevel.FOTWO01'
[2017.08.08-14.54.35:437][594]LogBlueprintUserMessages: Late EndPlayMap Detection: Level '/Game/2DSideScrollerBP/Maps/FOTWO01.FOTWO01:PersistentLevel' has LevelScriptBlueprint '/Game/2DSideScrollerBP/Maps/FOTWO01.FOTWO01:PersistentLevel.FOTWO01' with GeneratedClass '/Game/2DSideScrollerBP/Maps/FOTWO01.FOTWO01_C' with ClassGeneratedBy '/Game/2DSideScrollerBP/Maps/FOTWO01.FOTWO01:PersistentLevel.FOTWO01'
[2017.08.08-14.54.46:648][221]LogSlate: Only BGRA pngs, bmps or icos are supported in by External Image Picker
[2017.08.08-14.54.46:709][223]LogTemp: Executing iPhonePackager certificates Engine -bundlename com.YourCompany.FOTWO02
[2017.08.08-14.54.46:709][223]LogTemp: CWD: C:\Program Files\Epic Games\UE_4.16\Engine\Binaries\DotNET\IOS
[2017.08.08-14.54.46:709][223]LogTemp: Initial Dir: C:\Program Files\Epic Games\UE_4.16
[2017.08.08-14.54.46:709][223]LogTemp: Env CWD: C:\Program Files\Epic Games\UE_4.16\Engine\Binaries\DotNET\IOS
[2017.08.08-14.54.46:709][223]LogTemp: BranchPath = KLAUDE2017ALIEN/C/Program Files/Epic Games/UE_4.16/Engine/Binaries --- GameBranchPath = KLAUDE2017ALIEN/C/Program Files/Epic Games/UE_4.16/Engine/Binaries
[2017.08.08-14.54.46:709][223]LogTemp: IPP ERROR: Could not find provision directory 'C:\Users\vonkl\AppData\Local/Apple Computer/MobileDevice/Provisioning Profiles/'.
[2017.08.08-14.55.21:623][279]LogTemp: Repeting last play command: Selected Viewport
[2017.08.08-14.55.21:638][279]LogBlueprintUserMessages: Early PlayInEditor Detection: Level '/Game/2DSideScrollerBP/Maps/FOTWO01.FOTWO01:PersistentLevel' has LevelScriptBlueprint '/Game/2DSideScrollerBP/Maps/FOTWO01.FOTWO01:PersistentLevel.FOTWO01' with GeneratedClass '/Game/2DSideScrollerBP/Maps/FOTWO01.FOTWO01_C' with ClassGeneratedBy '/Game/2DSideScrollerBP/Maps/FOTWO01.FOTWO01:PersistentLevel.FOTWO01'
[2017.08.08-14.55.21:638][279]LogPlayLevel: PlayLevel: No blueprints needed recompiling
[2017.08.08-14.55.21:639][279]PIE: New page: PIE session: FOTWO01 (8 Aug 2017 18:55:21)
[2017.08.08-14.55.21:639][279]LogPlayLevel: Creating play world package: /Game/2DSideScrollerBP/Maps/UEDPIE_0_FOTWO01
[2017.08.08-14.55.21:640][279]LogPlayLevel: PIE: StaticDuplicateObject took: (0.001385s)
[2017.08.08-14.55.21:640][279]LogAIModule: Creating AISystem for world FOTWO01
[2017.08.08-14.55.21:641][279]LogPlayLevel: PIE: World Init took: (0.000518s)
[2017.08.08-14.55.21:641][279]LogPlayLevel: PIE: Created PIE world by copying editor world from /Game/2DSideScrollerBP/Maps/FOTWO01.FOTWO01 to /Game/2DSideScrollerBP/Maps/UEDPIE_0_FOTWO01.FOTWO01 (0.002038s)
[2017.08.08-14.55.21:658][279]LogInit: XAudio2 using 'Headset Earphone (3- Microsoft LifeChat LX-3000)' : 2 channels at 48 kHz using 16 bits per sample (channel mask 0x3)
[2017.08.08-14.55.21:664][279]LogInit: FAudioDevice initialized.
[2017.08.08-14.55.21:696][279]LogLoad: Game class is 'FOTWOGameMode_C'
[2017.08.08-14.55.21:698][279]LogWorld: Bringing World /Game/2DSideScrollerBP/Maps/UEDPIE_0_FOTWO01.FOTWO01 up for play (max tick rate 60) at 2017.08.08-16.55.21
[2017.08.08-14.55.21:698][279]LogWorld: Bringing up level for play took: 0.000811
[2017.08.08-14.55.21:719][279]PIE: Info Play in editor start time for /Game/2DSideScrollerBP/Maps/UEDPIE_0_FOTWO01 0.431
[2017.08.08-14.55.21:719][279]LogBlueprintUserMessages: Late PlayInEditor Detection: Level '/Game/2DSideScrollerBP/Maps/FOTWO01.FOTWO01:PersistentLevel' has LevelScriptBlueprint '/Game/2DSideScrollerBP/Maps/FOTWO01.FOTWO01:PersistentLevel.FOTWO01' with GeneratedClass '/Game/2DSideScrollerBP/Maps/FOTWO01.FOTWO01_C' with ClassGeneratedBy '/Game/2DSideScrollerBP/Maps/FOTWO01.FOTWO01:PersistentLevel.FOTWO01'
[2017.08.08-14.55.31:460][863]LogBlueprintUserMessages: Early EndPlayMap Detection: Level '/Game/2DSideScrollerBP/Maps/FOTWO01.FOTWO01:PersistentLevel' has LevelScriptBlueprint '/Game/2DSideScrollerBP/Maps/FOTWO01.FOTWO01:PersistentLevel.FOTWO01' with GeneratedClass '/Game/2DSideScrollerBP/Maps/FOTWO01.FOTWO01_C' with ClassGeneratedBy '/Game/2DSideScrollerBP/Maps/FOTWO01.FOTWO01:PersistentLevel.FOTWO01'
[2017.08.08-14.55.31:497][863]LogBlueprintUserMessages: Late EndPlayMap Detection: Level '/Game/2DSideScrollerBP/Maps/FOTWO01.FOTWO01:PersistentLevel' has LevelScriptBlueprint '/Game/2DSideScrollerBP/Maps/FOTWO01.FOTWO01:PersistentLevel.FOTWO01' with GeneratedClass '/Game/2DSideScrollerBP/Maps/FOTWO01.FOTWO01_C' with ClassGeneratedBy '/Game/2DSideScrollerBP/Maps/FOTWO01.FOTWO01:PersistentLevel.FOTWO01'
[2017.08.08-14.57.11:520][274]LogCameraAnim:Display: Matinee preview default pawn class is missing.
[2017.08.08-14.57.11:590][274]LogContentBrowser: Native class hierarchy updated for 'Matinee' in 0.0007 seconds. Added 15 classes and 2 folders.
[2017.08.08-14.57.11:600][274]LogInit: Transaction tracking system initialized
[2017.08.08-14.57.11:602][274]EditorErrors: New page: Matinee Initialization
[2017.08.08-14.59.57:712][240]LogExit: Transaction tracking system shut down
[2017.08.08-15.00.05:547][472]LogSavePackage: Save=91.32ms
[2017.08.08-15.00.05:547][472]LogSavePackage: Moving '../../../../../../Unreal/FOTWO/source/FOTWO02/Saved/FOTWO01_Auto22F8404B44C4D2499C6ACCE902DC6D906.tmp' to '../../../../../../Unreal/FOTWO/source/FOTWO02/Saved/Autosaves/Game/2DSideScrollerBP/Maps/FOTWO01_Auto2.umap'
[2017.08.08-15.00.05:548][472]LogSavePackage:Display: Finished SavePackage ../../../../../../Unreal/FOTWO/source/FOTWO02/Saved/Autosaves/Game/2DSideScrollerBP/Maps/FOTWO01_Auto2.umap
[2017.08.08-15.00.05:551][472]LogFileHelpers: Editor autosave (incl. sublevels) for '/Game/2DSideScrollerBP/Maps/FOTWO01' took 0.148
[2017.08.08-15.00.05:551][472]LogFileHelpers: Editor autosave (incl. sublevels) for all levels took 0.148
[2017.08.08-15.02.37:783][145]BlueprintLog: New page: Compile NationBAU
[2017.08.08-15.02.39:095][145]LogSavePackage: Save=559.78ms
[2017.08.08-15.02.39:095][145]LogSavePackage: Moving '../../../../../../Unreal/FOTWO/source/FOTWO02/Saved/NationBAU074181604BE3FDBB2E6FDCA2BDFA84A4.tmp' to '../../../../../../Unreal/FOTWO/source/FOTWO02/Content/2DSideScrollerBP/Blueprints/Simulation/NationBAU.uasset'
[2017.08.08-15.02.39:098][145]LogSavePackage:Display: Finished SavePackage ../../../../../../Unreal/FOTWO/source/FOTWO02/Content/2DSideScrollerBP/Blueprints/Simulation/NationBAU.uasset
[2017.08.08-15.03.06:886][392]BlueprintLog: New page: Compile NationBAU
[2017.08.08-15.03.08:204][392]LogSavePackage: Save=565.19ms
[2017.08.08-15.03.08:204][392]LogSavePackage: Moving '../../../../../../Unreal/FOTWO/source/FOTWO02/Saved/NationBAU97C7483643E0D712194B6EBF0CC19181.tmp' to '../../../../../../Unreal/FOTWO/source/FOTWO02/Content/2DSideScrollerBP/Blueprints/Simulation/NationBAU.uasset'
[2017.08.08-15.03.08:207][392]LogSavePackage:Display: Finished SavePackage ../../../../../../Unreal/FOTWO/source/FOTWO02/Content/2DSideScrollerBP/Blueprints/Simulation/NationBAU.uasset
[2017.08.08-15.03.31:201][689]BlueprintLog: New page: Compile NationBAU
[2017.08.08-15.03.32:499][689]LogSavePackage: Save=560.47ms
[2017.08.08-15.03.32:499][689]LogSavePackage: Moving '../../../../../../Unreal/FOTWO/source/FOTWO02/Saved/NationBAU5A91038549E63850EE016EA6D6020299.tmp' to '../../../../../../Unreal/FOTWO/source/FOTWO02/Content/2DSideScrollerBP/Blueprints/Simulation/NationBAU.uasset'
[2017.08.08-15.03.32:502][689]LogSavePackage:Display: Finished SavePackage ../../../../../../Unreal/FOTWO/source/FOTWO02/Content/2DSideScrollerBP/Blueprints/Simulation/NationBAU.uasset
[2017.08.08-15.04.45:574][376]LogCameraAnim:Display: Matinee preview default pawn class is missing.
[2017.08.08-15.04.45:574][376]LogInit: Transaction tracking system initialized
[2017.08.08-15.04.45:574][376]EditorErrors: New page: Matinee Initialization
[2017.08.08-15.09.15:407][359]LogTemp: Repeting last play command: Selected Viewport
[2017.08.08-15.17.31:935][846]LogSavePackage: Save=7.53ms
[2017.08.08-15.17.31:935][846]LogSavePackage: Moving '../../../../../../Unreal/FOTWO/source/FOTWO02/Saved/EventsCameraAnim6B33C3E2415B4AD738769DB1EED1D26A.tmp' to '../../../../../../Unreal/FOTWO/source/FOTWO02/Content/2DSideScrollerBP/Blueprints/Simulation/EventsCameraAnim.uasset'
[2017.08.08-15.17.31:937][846]LogSavePackage:Display: Finished SavePackage ../../../../../../Unreal/FOTWO/source/FOTWO02/Content/2DSideScrollerBP/Blueprints/Simulation/EventsCameraAnim.uasset
[2017.08.08-15.19.41:042][911]LogSavePackage: Save=6.85ms
[2017.08.08-15.19.41:042][911]LogSavePackage: Moving '../../../../../../Unreal/FOTWO/source/FOTWO02/Saved/EventsCameraAnim3F18CBFB48FF6EA5AD6C8BA08C725864.tmp' to '../../../../../../Unreal/FOTWO/source/FOTWO02/Content/2DSideScrollerBP/Blueprints/Simulation/EventsCameraAnim.uasset'
[2017.08.08-15.19.41:045][911]LogSavePackage:Display: Finished SavePackage ../../../../../../Unreal/FOTWO/source/FOTWO02/Content/2DSideScrollerBP/Blueprints/Simulation/EventsCameraAnim.uasset
[2017.08.08-15.21.53:830][818]LogSavePackage: Save=13.72ms
[2017.08.08-15.21.53:830][818]LogSavePackage: Moving '../../../../../../Unreal/FOTWO/source/FOTWO02/Saved/EventsCameraAnimA8C1214B4C3AE96F6DBBF8B7339D6374.tmp' to '../../../../../../Unreal/FOTWO/source/FOTWO02/Content/2DSideScrollerBP/Blueprints/Simulation/EventsCameraAnim.uasset'
[2017.08.08-15.21.53:832][818]LogSavePackage:Display: Finished SavePackage ../../../../../../Unreal/FOTWO/source/FOTWO02/Content/2DSideScrollerBP/Blueprints/Simulation/EventsCameraAnim.uasset
[2017.08.08-15.22.05:572][518]LogSavePackage: Save=13.51ms
[2017.08.08-15.22.05:572][518]LogSavePackage: Moving '../../../../../../Unreal/FOTWO/source/FOTWO02/Saved/EventsCameraAnimB0BBD2B84F8F6575B654EB967D1EF04D.tmp' to '../../../../../../Unreal/FOTWO/source/FOTWO02/Content/2DSideScrollerBP/Blueprints/Simulation/EventsCameraAnim.uasset'
[2017.08.08-15.22.05:572][518]LogSavePackage:Display: Finished SavePackage ../../../../../../Unreal/FOTWO/source/FOTWO02/Content/2DSideScrollerBP/Blueprints/Simulation/EventsCameraAnim.uasset
[2017.08.08-15.22.11:578][873]LogSavePackage: Save=7.02ms
[2017.08.08-15.22.11:578][873]LogSavePackage: Moving '../../../../../../Unreal/FOTWO/source/FOTWO02/Saved/EventsCameraAnim6A24185346BFEFE74FFD2A9862D15DB0.tmp' to '../../../../../../Unreal/FOTWO/source/FOTWO02/Content/2DSideScrollerBP/Blueprints/Simulation/EventsCameraAnim.uasset'
[2017.08.08-15.22.11:579][873]LogSavePackage:Display: Finished SavePackage ../../../../../../Unreal/FOTWO/source/FOTWO02/Content/2DSideScrollerBP/Blueprints/Simulation/EventsCameraAnim.uasset
[2017.08.08-15.27.00:354][ 91]LogSavePackage: Save=6.38ms
[2017.08.08-15.27.00:354][ 91]LogSavePackage: Moving '../../../../../../Unreal/FOTWO/source/FOTWO02/Saved/EventsCameraAnim784FF4D343B333AA0907C39607542475.tmp' to '../../../../../../Unreal/FOTWO/source/FOTWO02/Content/2DSideScrollerBP/Blueprints/Simulation/EventsCameraAnim.uasset'
[2017.08.08-15.27.00:356][ 91]LogSavePackage:Display: Finished SavePackage ../../../../../../Unreal/FOTWO/source/FOTWO02/Content/2DSideScrollerBP/Blueprints/Simulation/EventsCameraAnim.uasset
[2017.08.08-15.31.56:465][997]LogExit: Transaction tracking system shut down
[2017.08.08-15.31.56:598][997]LogSavePackage: Save=89.40ms
[2017.08.08-15.31.56:598][997]LogSavePackage: Moving '../../../../../../Unreal/FOTWO/source/FOTWO02/Saved/FOTWO01_Auto3ABCFA1C24878B163789820971E96C424.tmp' to '../../../../../../Unreal/FOTWO/source/FOTWO02/Saved/Autosaves/Game/2DSideScrollerBP/Maps/FOTWO01_Auto3.umap'
[2017.08.08-15.31.56:599][997]LogSavePackage:Display: Finished SavePackage ../../../../../../Unreal/FOTWO/source/FOTWO02/Saved/Autosaves/Game/2DSideScrollerBP/Maps/FOTWO01_Auto3.umap
[2017.08.08-15.31.56:601][997]LogFileHelpers: Editor autosave (incl. sublevels) for '/Game/2DSideScrollerBP/Maps/FOTWO01' took 0.172
[2017.08.08-15.31.56:601][997]LogFileHelpers: Editor autosave (incl. sublevels) for all levels took 0.172
[2017.08.08-15.32.39:308][548]LogWindows: LaunchURL http://docs.unrealengine.com/latest/INT/Engine/UI/LevelEditor/Viewports/ViewportControls/index.html
[2017.08.08-15.32.47:146][733]LogEditorViewport: Clicking on Actor (LMB): PaperSpriteActor (Background_Sprite)
[2017.08.08-15.32.53:129][ 86]LogEditorViewport: Clicking on Actor (LMB): PaperSpriteActor (Background_Sprite)
[2017.08.08-15.34.15:255][967]Cmd: STAT FPS
[2017.08.08-15.34.28:255][734]Cmd: STAT FPS
[2017.08.08-15.36.26:632][450]LogCameraAnim:Display: Matinee preview default pawn class is missing.
[2017.08.08-15.36.26:632][450]LogInit: Transaction tracking system initialized
[2017.08.08-15.36.26:632][450]EditorErrors: New page: Matinee Initialization
[2017.08.08-15.40.24:683][512]LogSavePackage: Save=6.03ms
[2017.08.08-15.40.24:683][512]LogSavePackage: Moving '../../../../../../Unreal/FOTWO/source/FOTWO02/Saved/EventsCameraAnim59F14B0445AD932E9F5DB08001598C0E.tmp' to '../../../../../../Unreal/FOTWO/source/FOTWO02/Content/2DSideScrollerBP/Blueprints/Simulation/EventsCameraAnim.uasset'
[2017.08.08-15.40.24:685][512]LogSavePackage:Display: Finished SavePackage ../../../../../../Unreal/FOTWO/source/FOTWO02/Content/2DSideScrollerBP/Blueprints/Simulation/EventsCameraAnim.uasset
[2017.08.08-15.40.27:449][668]LogExit: Transaction tracking system shut down
[2017.08.08-15.40.27:574][668]LogSavePackage: Save=88.94ms
[2017.08.08-15.40.27:574][668]LogSavePackage: Moving '../../../../../../Unreal/FOTWO/source/FOTWO02/Saved/FOTWO0153371BD848C127FB26D943BF53A6101F.tmp' to '../../../../../../Unreal/FOTWO/source/FOTWO02/Content/2DSideScrollerBP/Maps/FOTWO01.umap'
[2017.08.08-15.40.27:578][668]LogSavePackage:Display: Finished SavePackage ../../../../../../Unreal/FOTWO/source/FOTWO02/Content/2DSideScrollerBP/Maps/FOTWO01.umap
[2017.08.08-15.40.27:606][668]Cmd: OBJ SAVEPACKAGE PACKAGE="/Game/2DSideScrollerBP/Maps/FOTWO01_BuiltData" FILE="../../../../../../Unreal/FOTWO/source/FOTWO02/Content/2DSideScrollerBP/Maps/FOTWO01_BuiltData.uasset" SILENT=true
[2017.08.08-15.40.27:646][668]LogSavePackage: Save=5.20ms
[2017.08.08-15.40.27:646][668]LogSavePackage: Moving '../../../../../../Unreal/FOTWO/source/FOTWO02/Saved/FOTWO01_BuiltData9C6596514BF7E4C445D8618245A631B4.tmp' to '../../../../../../Unreal/FOTWO/source/FOTWO02/Content/2DSideScrollerBP/Maps/FOTWO01_BuiltData.uasset'
[2017.08.08-15.40.27:647][668]LogSavePackage:Display: Finished SavePackage ../../../../../../Unreal/FOTWO/source/FOTWO02/Content/2DSideScrollerBP/Maps/FOTWO01_BuiltData.uasset
[2017.08.08-15.41.32:609][519]LogSavePackage: Save=90.25ms
[2017.08.08-15.41.32:609][519]LogSavePackage: Moving '../../../../../../Unreal/FOTWO/source/FOTWO02/Saved/FOTWO0167D516F04042973E94F972AEEE3D83B0.tmp' to '../../../../../../Unreal/FOTWO/source/FOTWO02/Content/2DSideScrollerBP/Maps/FOTWO01.umap'
[2017.08.08-15.41.32:611][519]LogSavePackage:Display: Finished SavePackage ../../../../../../Unreal/FOTWO/source/FOTWO02/Content/2DSideScrollerBP/Maps/FOTWO01.umap
[2017.08.08-15.41.32:639][519]Cmd: OBJ SAVEPACKAGE PACKAGE="/Game/2DSideScrollerBP/Maps/FOTWO01_BuiltData" FILE="../../../../../../Unreal/FOTWO/source/FOTWO02/Content/2DSideScrollerBP/Maps/FOTWO01_BuiltData.uasset" SILENT=true
[2017.08.08-15.41.32:679][519]LogSavePackage: Save=4.33ms
[2017.08.08-15.41.32:679][519]LogSavePackage: Moving '../../../../../../Unreal/FOTWO/source/FOTWO02/Saved/FOTWO01_BuiltData373D3D4046EDB5EC4EE1C0B3E74A004C.tmp' to '../../../../../../Unreal/FOTWO/source/FOTWO02/Content/2DSideScrollerBP/Maps/FOTWO01_BuiltData.uasset'
[2017.08.08-15.41.32:680][519]LogSavePackage:Display: Finished SavePackage ../../../../../../Unreal/FOTWO/source/FOTWO02/Content/2DSideScrollerBP/Maps/FOTWO01_BuiltData.uasset
[2017.08.08-15.42.40:628][740]LogSavePackage: Save=88.17ms
[2017.08.08-15.42.40:628][740]LogSavePackage: Moving '../../../../../../Unreal/FOTWO/source/FOTWO02/Saved/FOTWO0171FEC7DD410BB5054660E8AD945E121A.tmp' to '../../../../../../Unreal/FOTWO/source/FOTWO02/Content/2DSideScrollerBP/Maps/FOTWO01.umap'
[2017.08.08-15.42.40:630][740]LogSavePackage:Display: Finished SavePackage ../../../../../../Unreal/FOTWO/source/FOTWO02/Content/2DSideScrollerBP/Maps/FOTWO01.umap
[2017.08.08-15.42.40:659][740]Cmd: OBJ SAVEPACKAGE PACKAGE="/Game/2DSideScrollerBP/Maps/FOTWO01_BuiltData" FILE="../../../../../../Unreal/FOTWO/source/FOTWO02/Content/2DSideScrollerBP/Maps/FOTWO01_BuiltData.uasset" SILENT=true
[2017.08.08-15.42.40:697][740]LogSavePackage: Save=3.76ms
[2017.08.08-15.42.40:697][740]LogSavePackage: Moving '../../../../../../Unreal/FOTWO/source/FOTWO02/Saved/FOTWO01_BuiltData1F39D5A748BD9F8FD36F23AFEE37AE40.tmp' to '../../../../../../Unreal/FOTWO/source/FOTWO02/Content/2DSideScrollerBP/Maps/FOTWO01_BuiltData.uasset'
[2017.08.08-15.42.40:698][740]LogSavePackage:Display: Finished SavePackage ../../../../../../Unreal/FOTWO/source/FOTWO02/Content/2DSideScrollerBP/Maps/FOTWO01_BuiltData.uasset
[2017.08.08-15.42.41:968][809]LogCameraAnim:Display: Matinee preview default pawn class is missing.
[2017.08.08-15.42.41:968][809]LogInit: Transaction tracking system initialized
[2017.08.08-15.42.41:968][809]EditorErrors: New page: Matinee Initialization
[2017.08.08-15.44.43:909][ 95]LogSavePackage: Save=5.90ms
[2017.08.08-15.44.43:909][ 95]LogSavePackage: Moving '../../../../../../Unreal/FOTWO/source/FOTWO02/Saved/EventsCameraAnim24A54D564E473F2F449C1E8DA1EA1D44.tmp' to '../../../../../../Unreal/FOTWO/source/FOTWO02/Content/2DSideScrollerBP/Blueprints/Simulation/EventsCameraAnim.uasset'
[2017.08.08-15.44.43:911][ 95]LogSavePackage:Display: Finished SavePackage ../../../../../../Unreal/FOTWO/source/FOTWO02/Content/2DSideScrollerBP/Blueprints/Simulation/EventsCameraAnim.uasset
[2017.08.08-15.45.02:231][142]BlueprintLog: New page: Compile NationBAU
[2017.08.08-15.45.02:952][142]LogExit: Transaction tracking system shut down
[2017.08.08-15.45.03:599][142]LogSavePackage: Save=570.06ms
[2017.08.08-15.45.03:599][142]LogSavePackage: Moving '../../../../../../Unreal/FOTWO/source/FOTWO02/Saved/NationBAU0DB17A2443E7478258C963994B248EA9.tmp' to '../../../../../../Unreal/FOTWO/source/FOTWO02/Content/2DSideScrollerBP/Blueprints/Simulation/NationBAU.uasset'
[2017.08.08-15.45.03:602][142]LogSavePackage:Display: Finished SavePackage ../../../../../../Unreal/FOTWO/source/FOTWO02/Content/2DSideScrollerBP/Blueprints/Simulation/NationBAU.uasset
[2017.08.08-15.45.07:118][335]LogTemp: Repeting last play command: Selected Viewport
[2017.08.08-15.45.07:135][335]LogBlueprintUserMessages: Early PlayInEditor Detection: Level '/Game/2DSideScrollerBP/Maps/FOTWO01.FOTWO01:PersistentLevel' has LevelScriptBlueprint '/Game/2DSideScrollerBP/Maps/FOTWO01.FOTWO01:PersistentLevel.FOTWO01' with GeneratedClass '/Game/2DSideScrollerBP/Maps/FOTWO01.FOTWO01_C' with ClassGeneratedBy '/Game/2DSideScrollerBP/Maps/FOTWO01.FOTWO01:PersistentLevel.FOTWO01'
[2017.08.08-15.45.07:135][335]LogPlayLevel: PlayLevel: No blueprints needed recompiling
[2017.08.08-15.45.07:135][335]PIE: New page: PIE session: FOTWO01 (8 Aug 2017 19:45:07)
[2017.08.08-15.45.07:135][335]LogPlayLevel: Creating play world package: /Game/2DSideScrollerBP/Maps/UEDPIE_0_FOTWO01
[2017.08.08-15.45.07:137][335]LogPlayLevel: PIE: StaticDuplicateObject took: (0.002348s)
[2017.08.08-15.45.07:138][335]LogAIModule: Creating AISystem for world FOTWO01
[2017.08.08-15.45.07:138][335]LogPlayLevel: PIE: World Init took: (0.000594s)
[2017.08.08-15.45.07:138][335]LogPlayLevel: PIE: Created PIE world by copying editor world from /Game/2DSideScrollerBP/Maps/FOTWO01.FOTWO01 to /Game/2DSideScrollerBP/Maps/UEDPIE_0_FOTWO01.FOTWO01 (0.003176s)
[2017.08.08-15.45.07:157][335]LogInit: XAudio2 using 'Headset Earphone (3- Microsoft LifeChat LX-3000)' : 2 channels at 48 kHz using 16 bits per sample (channel mask 0x3)
[2017.08.08-15.45.07:164][335]LogInit: FAudioDevice initialized.
[2017.08.08-15.45.07:198][335]LogLoad: Game class is 'FOTWOGameMode_C'
[2017.08.08-15.45.07:200][335]LogWorld: Bringing World /Game/2DSideScrollerBP/Maps/UEDPIE_0_FOTWO01.FOTWO01 up for play (max tick rate 60) at 2017.08.08-17.45.07
[2017.08.08-15.45.07:200][335]LogWorld: Bringing up level for play took: 0.000927
[2017.08.08-15.45.07:212][335]PIE: Info Play in editor start time for /Game/2DSideScrollerBP/Maps/UEDPIE_0_FOTWO01 -0.075
[2017.08.08-15.45.07:212][335]LogBlueprintUserMessages: Late PlayInEditor Detection: Level '/Game/2DSideScrollerBP/Maps/FOTWO01.FOTWO01:PersistentLevel' has LevelScriptBlueprint '/Game/2DSideScrollerBP/Maps/FOTWO01.FOTWO01:PersistentLevel.FOTWO01' with GeneratedClass '/Game/2DSideScrollerBP/Maps/FOTWO01.FOTWO01_C' with ClassGeneratedBy '/Game/2DSideScrollerBP/Maps/FOTWO01.FOTWO01:PersistentLevel.FOTWO01'
[2017.08.08-15.45.15:604][765]LogRenderer: Reallocating scene render targets to support 1660x932 NumSamples 1 (Frame:386).
[2017.08.08-15.45.15:676][766]LogRenderer: Reallocating scene render targets to support 1664x932 NumSamples 1 (Frame:387).
[2017.08.08-15.45.43:501][411]Cmd: SELECT NONE
[2017.08.08-15.45.45:312][511]LogSavePackage: Save=91.06ms
[2017.08.08-15.45.45:312][511]LogSavePackage: Moving '../../../../../../Unreal/FOTWO/source/FOTWO02/Saved/FOTWO0192831CF4457570581A8394A5BFBEDED1.tmp' to '../../../../../../Unreal/FOTWO/source/FOTWO02/Content/2DSideScrollerBP/Maps/FOTWO01.umap'
[2017.08.08-15.45.45:315][511]LogSavePackage:Display: Finished SavePackage ../../../../../../Unreal/FOTWO/source/FOTWO02/Content/2DSideScrollerBP/Maps/FOTWO01.umap
[2017.08.08-15.45.45:343][511]Cmd: OBJ SAVEPACKAGE PACKAGE="/Game/2DSideScrollerBP/Maps/FOTWO01_BuiltData" FILE="../../../../../../Unreal/FOTWO/source/FOTWO02/Content/2DSideScrollerBP/Maps/FOTWO01_BuiltData.uasset" SILENT=true
[2017.08.08-15.45.45:382][511]LogSavePackage: Save=3.58ms
[2017.08.08-15.45.45:382][511]LogSavePackage: Moving '../../../../../../Unreal/FOTWO/source/FOTWO02/Saved/FOTWO01_BuiltData6184FE6C4FCDADB53A983295713E87DF.tmp' to '../../../../../../Unreal/FOTWO/source/FOTWO02/Content/2DSideScrollerBP/Maps/FOTWO01_BuiltData.uasset'
[2017.08.08-15.45.45:383][511]LogSavePackage:Display: Finished SavePackage ../../../../../../Unreal/FOTWO/source/FOTWO02/Content/2DSideScrollerBP/Maps/FOTWO01_BuiltData.uasset
[2017.08.08-15.45.46:284][565]LogBlueprintUserMessages: Early EndPlayMap Detection: Level '/Game/2DSideScrollerBP/Maps/FOTWO01.FOTWO01:PersistentLevel' has LevelScriptBlueprint '/Game/2DSideScrollerBP/Maps/FOTWO01.FOTWO01:PersistentLevel.FOTWO01' with GeneratedClass '/Game/2DSideScrollerBP/Maps/FOTWO01.FOTWO01_C' with ClassGeneratedBy '/Game/2DSideScrollerBP/Maps/FOTWO01.FOTWO01:PersistentLevel.FOTWO01'
[2017.08.08-15.45.46:386][565]LogBlueprintUserMessages: Late EndPlayMap Detection: Level '/Game/2DSideScrollerBP/Maps/FOTWO01.FOTWO01:PersistentLevel' has LevelScriptBlueprint '/Game/2DSideScrollerBP/Maps/FOTWO01.FOTWO01:PersistentLevel.FOTWO01' with GeneratedClass '/Game/2DSideScrollerBP/Maps/FOTWO01.FOTWO01_C' with ClassGeneratedBy '/Game/2DSideScrollerBP/Maps/FOTWO01.FOTWO01:PersistentLevel.FOTWO01'
[2017.08.08-15.50.35:667][109]LogTemp: Repeting last play command: Selected Viewport
[2017.08.08-15.50.35:684][109]LogBlueprintUserMessages: Early PlayInEditor Detection: Level '/Game/2DSideScrollerBP/Maps/FOTWO01.FOTWO01:PersistentLevel' has LevelScriptBlueprint '/Game/2DSideScrollerBP/Maps/FOTWO01.FOTWO01:PersistentLevel.FOTWO01' with GeneratedClass '/Game/2DSideScrollerBP/Maps/FOTWO01.FOTWO01_C' with ClassGeneratedBy '/Game/2DSideScrollerBP/Maps/FOTWO01.FOTWO01:PersistentLevel.FOTWO01'
[2017.08.08-15.50.35:684][109]LogPlayLevel: PlayLevel: No blueprints needed recompiling
[2017.08.08-15.50.35:684][109]PIE: New page: PIE session: FOTWO01 (8 Aug 2017 19:50:35)
[2017.08.08-15.50.35:684][109]LogPlayLevel: Creating play world package: /Game/2DSideScrollerBP/Maps/UEDPIE_0_FOTWO01
[2017.08.08-15.50.35:686][109]LogPlayLevel: PIE: StaticDuplicateObject took: (0.001327s)
[2017.08.08-15.50.35:686][109]LogAIModule: Creating AISystem for world FOTWO01
[2017.08.08-15.50.35:686][109]LogPlayLevel: PIE: World Init took: (0.000545s)
[2017.08.08-15.50.35:686][109]LogPlayLevel: PIE: Created PIE world by copying editor world from /Game/2DSideScrollerBP/Maps/FOTWO01.FOTWO01 to /Game/2DSideScrollerBP/Maps/UEDPIE_0_FOTWO01.FOTWO01 (0.002039s)
[2017.08.08-15.50.35:705][109]LogInit: XAudio2 using 'Headset Earphone (3- Microsoft LifeChat LX-3000)' : 2 channels at 48 kHz using 16 bits per sample (channel mask 0x3)
[2017.08.08-15.50.35:710][109]LogInit: FAudioDevice initialized.
[2017.08.08-15.50.35:744][109]LogLoad: Game class is 'FOTWOGameMode_C'
[2017.08.08-15.50.35:748][109]LogWorld: Bringing World /Game/2DSideScrollerBP/Maps/UEDPIE_0_FOTWO01.FOTWO01 up for play (max tick rate 60) at 2017.08.08-17.50.35
[2017.08.08-15.50.35:748][109]LogWorld: Bringing up level for play took: 0.001687
[2017.08.08-15.50.35:773][109]PIE: Info Play in editor start time for /Game/2DSideScrollerBP/Maps/UEDPIE_0_FOTWO01 0.485
[2017.08.08-15.50.35:773][109]LogBlueprintUserMessages: Late PlayInEditor Detection: Level '/Game/2DSideScrollerBP/Maps/FOTWO01.FOTWO01:PersistentLevel' has LevelScriptBlueprint '/Game/2DSideScrollerBP/Maps/FOTWO01.FOTWO01:PersistentLevel.FOTWO01' with GeneratedClass '/Game/2DSideScrollerBP/Maps/FOTWO01.FOTWO01_C' with ClassGeneratedBy '/Game/2DSideScrollerBP/Maps/FOTWO01.FOTWO01:PersistentLevel.FOTWO01'
[2017.08.08-15.50.41:410][447]LogBlueprintUserMessages: Early EndPlayMap Detection: Level '/Game/2DSideScrollerBP/Maps/FOTWO01.FOTWO01:PersistentLevel' has LevelScriptBlueprint '/Game/2DSideScrollerBP/Maps/FOTWO01.FOTWO01:PersistentLevel.FOTWO01' with GeneratedClass '/Game/2DSideScrollerBP/Maps/FOTWO01.FOTWO01_C' with ClassGeneratedBy '/Game/2DSideScrollerBP/Maps/FOTWO01.FOTWO01:PersistentLevel.FOTWO01'
[2017.08.08-15.50.41:485][447]LogBlueprintUserMessages: Late EndPlayMap Detection: Level '/Game/2DSideScrollerBP/Maps/FOTWO01.FOTWO01:PersistentLevel' has LevelScriptBlueprint '/Game/2DSideScrollerBP/Maps/FOTWO01.FOTWO01:PersistentLevel.FOTWO01' with GeneratedClass '/Game/2DSideScrollerBP/Maps/FOTWO01.FOTWO01_C' with ClassGeneratedBy '/Game/2DSideScrollerBP/Maps/FOTWO01.FOTWO01:PersistentLevel.FOTWO01'
[2017.08.08-15.51.09:881][118]BlueprintLog: New page: Compile NationBAU
[2017.08.08-15.51.11:219][118]LogSavePackage: Save=570.44ms
[2017.08.08-15.51.11:219][118]LogSavePackage: Moving '../../../../../../Unreal/FOTWO/source/FOTWO02/Saved/NationBAUECD183604841219C59DADFBA14102BF8.tmp' to '../../../../../../Unreal/FOTWO/source/FOTWO02/Content/2DSideScrollerBP/Blueprints/Simulation/NationBAU.uasset'
[2017.08.08-15.51.11:221][118]LogSavePackage:Display: Finished SavePackage ../../../../../../Unreal/FOTWO/source/FOTWO02/Content/2DSideScrollerBP/Blueprints/Simulation/NationBAU.uasset
[2017.08.08-15.51.13:555][204]LogSavePackage: Save=583.11ms
[2017.08.08-15.51.13:555][204]LogSavePackage: Moving '../../../../../../Unreal/FOTWO/source/FOTWO02/Saved/NationBAU6C6AF74B4D44E21216E5A2AA8A66E911.tmp' to '../../../../../../Unreal/FOTWO/source/FOTWO02/Content/2DSideScrollerBP/Blueprints/Simulation/NationBAU.uasset'
[2017.08.08-15.51.13:558][204]LogSavePackage:Display: Finished SavePackage ../../../../../../Unreal/FOTWO/source/FOTWO02/Content/2DSideScrollerBP/Blueprints/Simulation/NationBAU.uasset
[2017.08.08-15.51.18:901][506]LogSavePackage: Save=87.40ms
[2017.08.08-15.51.18:901][506]LogSavePackage: Moving '../../../../../../Unreal/FOTWO/source/FOTWO02/Saved/FOTWO010F21D7E54EFAFD7B330D48962A06E60C.tmp' to '../../../../../../Unreal/FOTWO/source/FOTWO02/Content/2DSideScrollerBP/Maps/FOTWO01.umap'
[2017.08.08-15.51.18:904][506]LogSavePackage:Display: Finished SavePackage ../../../../../../Unreal/FOTWO/source/FOTWO02/Content/2DSideScrollerBP/Maps/FOTWO01.umap
[2017.08.08-15.51.18:932][506]Cmd: OBJ SAVEPACKAGE PACKAGE="/Game/2DSideScrollerBP/Maps/FOTWO01_BuiltData" FILE="../../../../../../Unreal/FOTWO/source/FOTWO02/Content/2DSideScrollerBP/Maps/FOTWO01_BuiltData.uasset" SILENT=true
[2017.08.08-15.51.18:973][506]LogSavePackage: Save=3.81ms
[2017.08.08-15.51.18:973][506]LogSavePackage: Moving '../../../../../../Unreal/FOTWO/source/FOTWO02/Saved/FOTWO01_BuiltDataD8C17EC949510B5130BFB4A834F27C9C.tmp' to '../../../../../../Unreal/FOTWO/source/FOTWO02/Content/2DSideScrollerBP/Maps/FOTWO01_BuiltData.uasset'
[2017.08.08-15.51.18:974][506]LogSavePackage:Display: Finished SavePackage ../../../../../../Unreal/FOTWO/source/FOTWO02/Content/2DSideScrollerBP/Maps/FOTWO01_BuiltData.uasset
[2017.08.08-15.51.20:345][583]LogWindowsTextInputMethodSystem:Display: IME system now deactivated.
[2017.08.08-15.51.20:558][584]Cmd: QUIT_EDITOR
[2017.08.08-15.51.20:882][584]LogExit: Preparing to exit.
[2017.08.08-15.51.21:617][584]LogDirectoryWatcher: A directory notification for 'C:/Unreal/FOTWO/source/FOTWO02/Content/' was aborted.
[2017.08.08-15.51.21:663][584]LogExit: Editor shut down
[2017.08.08-15.51.21:672][584]LogExit: Transaction tracking system shut down
[2017.08.08-15.51.21:763][584]LogObj: Freed 0b from 0 cluster array pools.
[2017.08.08-15.51.21:763][584]LogExit: Object subsystem successfully closed.
[2017.08.08-15.51.21:781][584]LogD3D11RHI: Shutdown
[2017.08.08-15.51.21:781][584]LogD3D11RHI: CleanupD3DDevice
[2017.08.08-15.51.21:864][584]LogD3D11RHI: ~FD3D11DynamicRHI
[2017.08.08-15.51.21:876][584]LogModuleManager: Shutting down and abandoning module DistCurveEditor (536)
[2017.08.08-15.51.21:876][584]LogModuleManager: Shutting down and abandoning module Matinee (534)
[2017.08.08-15.51.21:877][584]LogModuleManager: Shutting down and abandoning module MovieSceneCapture (532)
[2017.08.08-15.51.21:877][584]LogModuleManager: Shutting down and abandoning module ExternalImagePicker (530)
[2017.08.08-15.51.21:877][584]LogModuleManager: Shutting down and abandoning module BlueprintGraph (528)
[2017.08.08-15.51.21:877][584]LogModuleManager: Shutting down and abandoning module BlueprintProfiler (526)
[2017.08.08-15.51.21:877][584]LogModuleManager: Shutting down and abandoning module StatsViewer (524)
[2017.08.08-15.51.21:877][584]LogModuleManager: Shutting down and abandoning module HierarchicalLODOutliner (522)
[2017.08.08-15.51.21:877][584]LogModuleManager: Shutting down and abandoning module CrashTracker (520)
[2017.08.08-15.51.21:877][584]LogModuleManager: Shutting down and abandoning module SceneOutliner (518)
[2017.08.08-15.51.21:877][584]LogModuleManager: Shutting down and abandoning module AddContentDialog (516)
[2017.08.08-15.51.21:877][584]LogDirectoryWatcher: A directory notification for 'C:/Program Files/Epic Games/UE_4.16/FeaturePacks/' was aborted.
[2017.08.08-15.51.21:878][584]LogModuleManager: Shutting down and abandoning module WidgetCarousel (515)
[2017.08.08-15.51.21:878][584]LogModuleManager: Shutting down and abandoning module EditorWidgets (512)
[2017.08.08-15.51.21:878][584]LogModuleManager: Shutting down and abandoning module CollectionManager (510)
[2017.08.08-15.51.21:878][584]LogDirectoryWatcher: A directory notification for 'C:/Unreal/FOTWO/source/FOTWO02/Content/Collections/' was aborted.
[2017.08.08-15.51.21:878][584]LogDirectoryWatcher: A directory notification for 'C:/Unreal/FOTWO/source/FOTWO02/Content/Developers/vonkl/Collections/' was aborted.
[2017.08.08-15.51.21:878][584]LogDirectoryWatcher: A directory notification for 'C:/Unreal/FOTWO/source/FOTWO02/Saved/Collections/' was aborted.
[2017.08.08-15.51.21:878][584]LogModuleManager: Shutting down and abandoning module FoliageEdit (508)
[2017.08.08-15.51.21:878][584]LogModuleManager: Shutting down and abandoning module LandscapeEditor (506)
[2017.08.08-15.51.21:878][584]LogModuleManager: Shutting down and abandoning module MeshPaintMode (504)
[2017.08.08-15.51.21:878][584]LogModuleManager: Shutting down and abandoning module SceneDepthPickerMode (502)
[2017.08.08-15.51.21:878][584]LogModuleManager: Shutting down and abandoning module ActorPickerMode (500)
[2017.08.08-15.51.21:878][584]LogModuleManager: Shutting down and abandoning module GeometryMode (498)
[2017.08.08-15.51.21:878][584]LogModuleManager: Shutting down and abandoning module TextureAlignMode (496)
[2017.08.08-15.51.21:878][584]LogModuleManager: Shutting down and abandoning module BspMode (494)
[2017.08.08-15.51.21:878][584]LogModuleManager: Shutting down and abandoning module HardwareSurvey (492)
[2017.08.08-15.51.21:878][584]LogModuleManager: Shutting down and abandoning module SequenceRecorderSections (490)
[2017.08.08-15.51.21:878][584]LogModuleManager: Shutting down and abandoning module AutomationWorker (488)
[2017.08.08-15.51.21:878][584]LogModuleManager: Shutting down and abandoning module MatineeToLevelSequence (486)
[2017.08.08-15.51.21:878][584]LogModuleManager: Shutting down and abandoning module LevelSequenceEditor (484)
[2017.08.08-15.51.21:878][584]LogModuleManager: Shutting down and abandoning module PlacementMode (483)
[2017.08.08-15.51.21:878][584]LogModuleManager: Shutting down and abandoning module WmfMediaFactory (480)
[2017.08.08-15.51.21:878][584]LogModuleManager: Shutting down and abandoning module WmfMediaEditor (478)
[2017.08.08-15.51.21:878][584]LogModuleManager: Shutting down and abandoning module AvfMediaFactory (476)
[2017.08.08-15.51.21:878][584]LogModuleManager: Shutting down and abandoning module AvfMediaEditor (474)
[2017.08.08-15.51.21:878][584]LogModuleManager: Shutting down and abandoning module AndroidMediaFactory (472)
[2017.08.08-15.51.21:878][584]LogModuleManager: Shutting down and abandoning module Media (471)
[2017.08.08-15.51.21:878][584]LogModuleManager: Shutting down and abandoning module AndroidMediaEditor (468)
[2017.08.08-15.51.21:878][584]LogModuleManager: Shutting down and abandoning module CharacterAI (466)
[2017.08.08-15.51.21:878][584]LogModuleManager: Shutting down and abandoning module AudioCapture (464)
[2017.08.08-15.51.21:878][584]LogModuleManager: Shutting down and abandoning module SequenceRecorder (463)
[2017.08.08-15.51.21:878][584]LogModuleManager: Shutting down and abandoning module SmartSnapping (460)
[2017.08.08-15.51.21:878][584]LogModuleManager: Shutting down and abandoning module SessionServices (458)
[2017.08.08-15.51.21:878][584]LogModuleManager: Shutting down and abandoning module ViewportSnapping (456)
[2017.08.08-15.51.21:878][584]LogModuleManager: Shutting down and abandoning module ViewportInteraction (454)
[2017.08.08-15.51.21:878][584]LogModuleManager: Shutting down and abandoning module ClothPainter (452)
[2017.08.08-15.51.21:878][584]LogModuleManager: Shutting down and abandoning module LogVisualizer (450)
[2017.08.08-15.51.21:878][584]LogModuleManager: Shutting down and abandoning module IntroTutorials (448)
[2017.08.08-15.51.21:879][584]LogModuleManager: Shutting down and abandoning module GameProjectGeneration (447)
[2017.08.08-15.51.21:879][584]LogModuleManager: Shutting down and abandoning module EditorLiveStreaming (444)
[2017.08.08-15.51.21:879][584]LogModuleManager: Shutting down and abandoning module IOSPlatformEditor (442)
[2017.08.08-15.51.21:879][584]LogModuleManager: Shutting down and abandoning module HTML5PlatformEditor (440)
[2017.08.08-15.51.21:879][584]LogModuleManager: Shutting down and abandoning module AndroidPlatformEditor (438)
[2017.08.08-15.51.21:879][584]LogModuleManager: Shutting down and abandoning module AndroidDeviceDetection (437)
[2017.08.08-15.51.22:785][584]LogModuleManager: Shutting down and abandoning module IOSRuntimeSettings (434)
[2017.08.08-15.51.22:785][584]LogModuleManager: Shutting down and abandoning module AndroidRuntimeSettings (432)
[2017.08.08-15.51.22:785][584]LogModuleManager: Shutting down and abandoning module InputBindingEditor (430)
[2017.08.08-15.51.22:785][584]LogModuleManager: Shutting down and abandoning module MergeActors (428)
[2017.08.08-15.51.22:785][584]LogModuleManager: Shutting down and abandoning module SizeMap (426)
[2017.08.08-15.51.22:786][584]LogModuleManager: Shutting down and abandoning module TreeMap (424)
[2017.08.08-15.51.22:786][584]LogModuleManager: Shutting down and abandoning module ReferenceViewer (422)
[2017.08.08-15.51.22:786][584]LogModuleManager: Shutting down and abandoning module LocalizationDashboard (420)
[2017.08.08-15.51.22:786][584]LogModuleManager: Shutting down and abandoning module LocalizationService (419)
[2017.08.08-15.51.22:786][584]LogModuleManager: Shutting down and abandoning module HardwareTargeting (416)
[2017.08.08-15.51.22:786][584]LogModuleManager: Shutting down and abandoning module DeviceProfileEditor (414)
[2017.08.08-15.51.22:786][584]LogModuleManager: Shutting down and abandoning module UndoHistory (412)
[2017.08.08-15.51.22:786][584]LogModuleManager: Shutting down and abandoning module UserFeedback (410)
[2017.08.08-15.51.22:786][584]LogModuleManager: Shutting down and abandoning module XmlParser (408)
[2017.08.08-15.51.22:786][584]LogModuleManager: Shutting down and abandoning module Blutility (406)
[2017.08.08-15.51.22:786][584]LogModuleManager: Shutting down and abandoning module ProjectSettingsViewer (404)
[2017.08.08-15.51.22:786][584]LogModuleManager: Shutting down and abandoning module ProjectTargetPlatformEditor (403)
[2017.08.08-15.51.22:786][584]LogModuleManager: Shutting down and abandoning module EditorSettingsViewer (400)
[2017.08.08-15.51.22:787][584]LogModuleManager: Shutting down and abandoning module SettingsEditor (398)
[2017.08.08-15.51.22:787][584]LogModuleManager: Shutting down and abandoning module ProjectLauncher (396)
[2017.08.08-15.51.22:787][584]LogModuleManager: Shutting down and abandoning module SessionFrontend (394)
[2017.08.08-15.51.22:787][584]LogModuleManager: Shutting down and abandoning module ProfilerClient (392)
[2017.08.08-15.51.22:787][584]LogModuleManager: Shutting down and abandoning module DeviceManager (390)
[2017.08.08-15.51.22:787][584]LogModuleManager: Shutting down and abandoning module TargetDeviceServices (389)
[2017.08.08-15.51.22:839][584]LogModuleManager: Shutting down and abandoning module AutomationController (386)
[2017.08.08-15.51.22:839][584]LogModuleManager: Shutting down and abandoning module AutomationWindow (384)
[2017.08.08-15.51.22:839][584]LogModuleManager: Shutting down and abandoning module Layers (382)
[2017.08.08-15.51.22:839][584]LogModuleManager: Shutting down and abandoning module ComponentVisualizers (380)
[2017.08.08-15.51.22:839][584]LogModuleManager: Shutting down and abandoning module DetailCustomizations (378)
[2017.08.08-15.51.22:839][584]LogModuleManager: Shutting down and abandoning module PackagesDialog (376)
[2017.08.08-15.51.22:839][584]LogModuleManager: Shutting down and abandoning module Persona (374)
[2017.08.08-15.51.22:840][584]LogModuleManager: Shutting down and abandoning module AdvancedPreviewScene (373)
[2017.08.08-15.51.22:840][584]LogModuleManager: Shutting down and abandoning module AnimGraph (371)
[2017.08.08-15.51.22:840][584]LogModuleManager: Shutting down and abandoning module Kismet (368)
[2017.08.08-15.51.22:862][584]LogModuleManager: Shutting down and abandoning module ClassViewer (366)
[2017.08.08-15.51.22:863][584]LogModuleManager: Shutting down and abandoning module Toolbox (364)
[2017.08.08-15.51.22:863][584]LogModuleManager: Shutting down and abandoning module ModuleUI (362)
[2017.08.08-15.51.22:863][584]LogModuleManager: Shutting down and abandoning module MovieSceneTools (360)
[2017.08.08-15.51.22:863][584]LogModuleManager: Shutting down and abandoning module OutputLog (358)
[2017.08.08-15.51.22:863][584]LogModuleManager: Shutting down and abandoning module GammaUI (356)
[2017.08.08-15.51.22:863][584]LogModuleManager: Shutting down and abandoning module Documentation (354)
[2017.08.08-15.51.22:863][584]LogModuleManager: Shutting down and abandoning module MovieSceneTracks (352)
[2017.08.08-15.51.22:863][584]LogModuleManager: Shutting down and abandoning module MovieScene (350)
[2017.08.08-15.51.22:863][584]LogModuleManager: Shutting down and abandoning module Niagara (348)
[2017.08.08-15.51.22:863][584]LogModuleManager: Shutting down and abandoning module NiagaraEditor (347)
[2017.08.08-15.51.22:863][584]LogModuleManager: Shutting down and abandoning module StreamingPauseRendering (344)
[2017.08.08-15.51.22:863][584]LogModuleManager: Shutting down and abandoning module AnalyticsET (342)
[2017.08.08-15.51.22:863][584]LogModuleManager: Shutting down and abandoning module PortalServices (340)
[2017.08.08-15.51.22:864][584]LogModuleManager: Shutting down and abandoning module PortalRpc (338)
[2017.08.08-15.51.22:864][584]LogModuleManager: Shutting down and abandoning module MessagingRpc (336)
[2017.08.08-15.51.22:864][584]LogModuleManager: Shutting down and abandoning module AIModule (334)
[2017.08.08-15.51.22:864][584]LogModuleManager: Shutting down and abandoning module GameplayDebugger (333)
[2017.08.08-15.51.22:864][584]LogModuleManager: Shutting down and abandoning module AITestSuite (331)
[2017.08.08-15.51.22:864][584]LogModuleManager: Shutting down and abandoning module ProfilerService (328)
[2017.08.08-15.51.23:091][584]LogModuleManager: Shutting down and abandoning module TaskGraph (326)
[2017.08.08-15.51.23:091][584]LogModuleManager: Shutting down and abandoning module SteamVRController (324)
[2017.08.08-15.51.23:091][584]LogModuleManager: Shutting down and abandoning module SteamVR (322)
[2017.08.08-15.51.23:091][584]LogModuleManager: Shutting down and abandoning module ProceduralMeshComponentEditor (320)
[2017.08.08-15.51.23:091][584]LogModuleManager: Shutting down and abandoning module ProceduralMeshComponent (318)
[2017.08.08-15.51.23:091][584]LogModuleManager: Shutting down and abandoning module OculusLibrary (316)
[2017.08.08-15.51.23:091][584]LogModuleManager: Shutting down and abandoning module OculusInput (314)
[2017.08.08-15.51.23:092][584]LogModuleManager: Shutting down and abandoning module MobilePatchingUtils (312)
[2017.08.08-15.51.23:092][584]LogModuleManager: Shutting down and abandoning module CustomMeshComponent (310)
[2017.08.08-15.51.23:092][584]LogModuleManager: Shutting down and abandoning module CableComponent (308)
[2017.08.08-15.51.23:092][584]LogModuleManager: Shutting down and abandoning module ArchVisCharacter (306)
[2017.08.08-15.51.23:092][584]LogModuleManager: Shutting down and abandoning module AndroidPermission (304)
[2017.08.08-15.51.23:092][584]LogModuleManager: Shutting down and abandoning module MediaPlayerEditor (300)
[2017.08.08-15.51.23:092][584]LogModuleManager: Shutting down and abandoning module HTML5Networking (298)
[2017.08.08-15.51.23:092][584]LogModuleManager: Shutting down and abandoning module AlembicImporter (296)
[2017.08.08-15.51.23:092][584]LogModuleManager: Shutting down and abandoning module AlembicLibrary (295)
[2017.08.08-15.51.23:092][584]LogModuleManager: Shutting down and abandoning module GeometryCache (294)
[2017.08.08-15.51.23:092][584]LogModuleManager: Shutting down and abandoning module GeometryCacheEd (293)
[2017.08.08-15.51.23:092][584]LogModuleManager: Shutting down and abandoning module SuperSearchEditor (288)
[2017.08.08-15.51.23:092][584]LogModuleManager: Shutting down and abandoning module SuperSearch (287)
[2017.08.08-15.51.23:092][584]LogModuleManager: Shutting down and abandoning module SpeedTreeImporter (284)
[2017.08.08-15.51.23:092][584]LogModuleManager: Shutting down and abandoning module PluginBrowser (282)
[2017.08.08-15.51.23:092][584]LogModuleManager: Shutting down and abandoning module MobileLauncherProfileWizard (280)
[2017.08.08-15.51.23:092][584]LogModuleManager: Shutting down and abandoning module VisualStudioSourceCodeAccess (278)
[2017.08.08-15.51.23:092][584]LogModuleManager: Shutting down and abandoning module DesktopPlatform (277)
[2017.08.08-15.51.23:092][584]LogModuleManager: Shutting down and abandoning module UObjectPlugin (274)
[2017.08.08-15.51.23:092][584]LogModuleManager: Shutting down and abandoning module SubversionSourceControl (272)
[2017.08.08-15.51.23:092][584]LogModuleManager: Shutting down and abandoning module PerforceSourceControl (270)
[2017.08.08-15.51.23:092][584]LogModuleManager: Shutting down and abandoning module GitSourceControl (268)
[2017.08.08-15.51.23:092][584]LogModuleManager: Shutting down and abandoning module SourceControl (267)
[2017.08.08-15.51.23:092][584]LogModuleManager: Shutting down and abandoning module LightPropagationVolumeEditor (264)
[2017.08.08-15.51.23:093][584]LogModuleManager: Shutting down and abandoning module PaperTiledImporter (262)
[2017.08.08-15.51.23:093][584]LogModuleManager: Shutting down and abandoning module PaperSpriteSheetImporter (260)
[2017.08.08-15.51.23:093][584]LogModuleManager: Shutting down and abandoning module Paper2DEditor (258)
[2017.08.08-15.51.23:093][584]LogModuleManager: Shutting down and abandoning module MeshPaint (257)
[2017.08.08-15.51.23:093][584]LogModuleManager: Shutting down and abandoning module LevelEditor (255)
[2017.08.08-15.51.23:093][584]LogModuleManager: Shutting down and abandoning module PixelInspectorModule (254)
[2017.08.08-15.51.23:093][584]LogModuleManager: Shutting down and abandoning module MainFrame (252)
[2017.08.08-15.51.23:093][584]LogModuleManager: Shutting down and abandoning module HotReload (251)
[2017.08.08-15.51.23:095][584]LogModuleManager: Shutting down and abandoning module PhysXVehiclesEditor (246)
[2017.08.08-15.51.23:095][584]LogModuleManager: Shutting down and abandoning module PhysXVehicles (244)
[2017.08.08-15.51.23:095][584]LogModuleManager: Shutting down and abandoning module LocationServicesBPLibrary (242)
[2017.08.08-15.51.23:095][584]LogModuleManager: Shutting down and abandoning module ImmediatePhysicsEditor (240)
[2017.08.08-15.51.23:095][584]LogModuleManager: Shutting down and abandoning module ImmediatePhysics (238)
[2017.08.08-15.51.23:095][584]LogModuleManager: Shutting down and abandoning module UdpMessaging (236)
[2017.08.08-15.51.23:196][584]LogModuleManager: Shutting down and abandoning module TcpMessaging (234)
[2017.08.08-15.51.23:297][584]LogModuleManager: Shutting down and abandoning module GameplayTagsEditor (232)
[2017.08.08-15.51.23:297][584]LogModuleManager: Shutting down and abandoning module FacialAnimationEditor (230)
[2017.08.08-15.51.23:297][584]LogModuleManager: Shutting down and abandoning module FacialAnimation (228)
[2017.08.08-15.51.23:297][584]LogModuleManager: Shutting down and abandoning module AssetManagerEditor (226)
[2017.08.08-15.51.23:297][584]LogModuleManager: Shutting down and abandoning module GraphEditor (225)
[2017.08.08-15.51.23:297][584]LogModuleManager: Shutting down and abandoning module ContentBrowser (223)
[2017.08.08-15.51.23:300][584]LogModuleManager: Shutting down and abandoning module LightPropagationVolumeRuntime (220)
[2017.08.08-15.51.23:300][584]LogModuleManager: Shutting down and abandoning module Paper2D (218)
[2017.08.08-15.51.23:300][584]LogModuleManager: Shutting down and abandoning module WindowsMoviePlayer (216)
[2017.08.08-15.51.23:300][584]LogModuleManager: Shutting down and abandoning module WmfMedia (214)
[2017.08.08-15.51.23:300][584]LogModuleManager: Shutting down and abandoning module ClothingSystemEditor (212)
[2017.08.08-15.51.23:300][584]LogModuleManager: Shutting down and abandoning module ClothingSystemRuntime (210)
[2017.08.08-15.51.23:300][584]LogModuleManager: Shutting down and abandoning module MediaAssets (208)
[2017.08.08-15.51.23:300][584]LogModuleManager: Shutting down and abandoning module GameLiveStreaming (206)
[2017.08.08-15.51.23:301][584]LogModuleManager: Shutting down and abandoning module VREditor (204)
[2017.08.08-15.51.23:301][584]LogModuleManager: Shutting down and abandoning module StringTableEditor (202)
[2017.08.08-15.51.23:301][584]LogModuleManager: Shutting down and abandoning module GameplayTasksEditor (200)
[2017.08.08-15.51.23:301][584]LogModuleManager: Shutting down and abandoning module BehaviorTreeEditor (198)
[2017.08.08-15.51.23:301][584]LogModuleManager: Shutting down and abandoning module FunctionalTesting (196)
[2017.08.08-15.51.23:301][584]LogModuleManager: Shutting down and abandoning module CollisionAnalyzer (194)
[2017.08.08-15.51.23:301][584]LogModuleManager: Shutting down and abandoning module UMG (192)
[2017.08.08-15.51.23:301][584]LogModuleManager: Shutting down and abandoning module UMGEditor (191)
[2017.08.08-15.51.23:301][584]LogModuleManager: Shutting down and abandoning module Sequencer (190)
[2017.08.08-15.51.23:301][584]LogModuleManager: Shutting down and abandoning module AssetTools (188)
[2017.08.08-15.51.23:301][584]LogModuleManager: Shutting down and abandoning module MessageLog (187)
[2017.08.08-15.51.23:301][584]LogModuleManager: Shutting down and abandoning module WorkspaceMenuStructure (186)
[2017.08.08-15.51.23:301][584]LogModuleManager: Shutting down and abandoning module SlateReflector (180)
[2017.08.08-15.51.23:302][584]LogModuleManager: Shutting down and abandoning module Slate (178)
[2017.08.08-15.51.23:302][584]LogModuleManager: Shutting down and abandoning module EditorStyle (176)
[2017.08.08-15.51.23:313][584]LogModuleManager: Shutting down and abandoning module SourceCodeAccess (174)
[2017.08.08-15.51.23:313][584]LogModuleManager: Shutting down and abandoning module HeadMountedDisplay (172)
[2017.08.08-15.51.23:313][584]LogModuleManager: Shutting down and abandoning module XAudio2 (170)
[2017.08.08-15.51.23:313][584]LogModuleManager: Shutting down and abandoning module Networking (168)
[2017.08.08-15.51.23:313][584]LogModuleManager: Shutting down and abandoning module Core (164)
[2017.08.08-15.51.23:313][584]LogModuleManager: Shutting down and abandoning module AssetRegistry (162)
[2017.08.08-15.51.23:524][584]LogDirectoryWatcher: A directory notification for '../../../Engine/Content/' was aborted.
[2017.08.08-15.51.23:524][584]LogDirectoryWatcher: A directory notification for '../../../../../../Unreal/FOTWO/source/FOTWO02/Content/' was aborted.
[2017.08.08-15.51.23:524][584]LogDirectoryWatcher: A directory notification for '../../../Engine/Plugins/2D/Paper2D/Content/' was aborted.
[2017.08.08-15.51.23:524][584]LogDirectoryWatcher: A directory notification for '../../../Engine/Plugins/Runtime/GearVR/Content/' was aborted.
[2017.08.08-15.51.23:527][584]LogModuleManager: Shutting down and abandoning module DirectoryWatcher (161)
[2017.08.08-15.51.23:527][584]LogModuleManager: Shutting down and abandoning module KismetCompiler (158)
[2017.08.08-15.51.23:527][584]LogModuleManager: Shutting down and abandoning module LevelSequence (156)
[2017.08.08-15.51.23:527][584]LogModuleManager: Shutting down and abandoning module PhysXFormats (154)
[2017.08.08-15.51.23:527][584]LogModuleManager: Shutting down and abandoning module MeshUtilities (152)
[2017.08.08-15.51.23:527][584]LogModuleManager: Shutting down and abandoning module SimplygonSwarm (151)
[2017.08.08-15.51.23:527][584]LogModuleManager: Shutting down and abandoning module SimplygonMeshReduction (149)
[2017.08.08-15.51.23:527][584]LogModuleManager: Shutting down and abandoning module QuadricMeshReduction (147)
[2017.08.08-15.51.23:527][584]LogModuleManager: Shutting down and abandoning module DerivedDataCache (144)
[2017.08.08-15.51.23:586][584]LogDerivedDataCache: Shutdown
[2017.08.08-15.51.23:586][584]LogModuleManager: Shutting down and abandoning module TargetPlatform (142)
[2017.08.08-15.51.23:586][584]LogModuleManager: Shutting down and abandoning module VulkanShaderFormat (141)
[2017.08.08-15.51.23:586][584]LogModuleManager: Shutting down and abandoning module ShaderFormatVectorVM (139)
[2017.08.08-15.51.23:586][584]LogModuleManager: Shutting down and abandoning module ShaderFormatOpenGL (137)
[2017.08.08-15.51.23:586][584]LogModuleManager: Shutting down and abandoning module ShaderFormatD3D (135)
[2017.08.08-15.51.23:586][584]LogModuleManager: Shutting down and abandoning module MetalShaderFormat (133)
[2017.08.08-15.51.23:586][584]LogModuleManager: Shutting down and abandoning module TextureFormatUncompressed (131)
[2017.08.08-15.51.23:586][584]LogModuleManager: Shutting down and abandoning module TextureFormatPVR (129)
[2017.08.08-15.51.23:586][584]LogModuleManager: Shutting down and abandoning module TextureFormatDXT (127)
[2017.08.08-15.51.23:586][584]LogModuleManager: Shutting down and abandoning module TextureFormatIntelISPCTexComp (125)
[2017.08.08-15.51.23:587][584]LogModuleManager: Shutting down and abandoning module TextureFormatASTC (123)
[2017.08.08-15.51.23:587][584]LogModuleManager: Shutting down and abandoning module ImageWrapper (122)
[2017.08.08-15.51.23:587][584]LogModuleManager: Shutting down and abandoning module TextureFormatAndroid (119)
[2017.08.08-15.51.23:587][584]LogModuleManager: Shutting down and abandoning module AudioFormatOpus (117)
[2017.08.08-15.51.23:587][584]LogModuleManager: Shutting down and abandoning module AudioFormatOgg (115)
[2017.08.08-15.51.23:587][584]LogModuleManager: Shutting down and abandoning module AudioFormatADPCM (113)
[2017.08.08-15.51.23:587][584]LogModuleManager: Shutting down and abandoning module LinuxTargetPlatform (111)
[2017.08.08-15.51.23:587][584]LogModuleManager: Shutting down and abandoning module LinuxServerTargetPlatform (109)
[2017.08.08-15.51.23:587][584]LogModuleManager: Shutting down and abandoning module LinuxNoEditorTargetPlatform (107)
[2017.08.08-15.51.23:587][584]LogModuleManager: Shutting down and abandoning module LinuxClientTargetPlatform (105)
[2017.08.08-15.51.23:587][584]LogModuleManager: Shutting down and abandoning module TVOSTargetPlatform (103)
[2017.08.08-15.51.23:587][584]LogModuleManager: Shutting down and abandoning module Messaging (101)
[2017.08.08-15.51.23:587][584]LogModuleManager: Shutting down and abandoning module IOSTargetPlatform (99)
[2017.08.08-15.51.23:587][584]LogModuleManager: Shutting down and abandoning module HTML5TargetPlatform (97)
[2017.08.08-15.51.23:587][584]LogModuleManager: Shutting down and abandoning module Android_PVRTCTargetPlatform (95)
[2017.08.08-15.51.23:587][584]LogModuleManager: Shutting down and abandoning module Android_MultiTargetPlatform (93)
[2017.08.08-15.51.23:587][584]LogModuleManager: Shutting down and abandoning module Android_ETC2TargetPlatform (91)
[2017.08.08-15.51.23:587][584]LogModuleManager: Shutting down and abandoning module Android_ETC1TargetPlatform (89)
[2017.08.08-15.51.23:587][584]LogModuleManager: Shutting down and abandoning module Android_DXTTargetPlatform (87)
[2017.08.08-15.51.23:587][584]LogModuleManager: Shutting down and abandoning module Android_ATCTargetPlatform (85)
[2017.08.08-15.51.23:587][584]LogModuleManager: Shutting down and abandoning module Android_ASTCTargetPlatform (83)
[2017.08.08-15.51.23:587][584]LogModuleManager: Shutting down and abandoning module AndroidTargetPlatform (81)
[2017.08.08-15.51.23:587][584]LogModuleManager: Shutting down and abandoning module WindowsTargetPlatform (79)
[2017.08.08-15.51.23:587][584]LogModuleManager: Shutting down and abandoning module WindowsServerTargetPlatform (77)
[2017.08.08-15.51.23:588][584]LogModuleManager: Shutting down and abandoning module WindowsNoEditorTargetPlatform (75)
[2017.08.08-15.51.23:588][584]LogModuleManager: Shutting down and abandoning module WindowsClientTargetPlatform (73)
[2017.08.08-15.51.23:588][584]LogModuleManager: Shutting down and abandoning module MacTargetPlatform (71)
[2017.08.08-15.51.23:588][584]LogModuleManager: Shutting down and abandoning module MacServerTargetPlatform (69)
[2017.08.08-15.51.23:588][584]LogModuleManager: Shutting down and abandoning module MacNoEditorTargetPlatform (67)
[2017.08.08-15.51.23:588][584]LogModuleManager: Shutting down and abandoning module MacClientTargetPlatform (65)
[2017.08.08-15.51.23:588][584]LogModuleManager: Shutting down and abandoning module AllDesktopTargetPlatform (63)
[2017.08.08-15.51.23:588][584]LogModuleManager: Shutting down and abandoning module InputCore (60)
[2017.08.08-15.51.23:588][584]LogModuleManager: Shutting down and abandoning module Settings (58)
[2017.08.08-15.51.23:588][584]LogModuleManager: Shutting down and abandoning module OculusRift (56)
[2017.08.08-15.51.23:588][584]LogModuleManager: Shutting down and abandoning module GearVRController (54)
[2017.08.08-15.51.23:588][584]LogModuleManager: Shutting down and abandoning module GearVR (52)
[2017.08.08-15.51.23:588][584]LogModuleManager: Shutting down and abandoning module ExampleDeviceProfileSelector (50)
[2017.08.08-15.51.23:588][584]LogModuleManager: Shutting down and abandoning module OnlineBlueprintSupport (48)
[2017.08.08-15.51.23:588][584]LogModuleManager: Shutting down and abandoning module OnlineSubsystem (44)
[2017.08.08-15.51.23:588][584]LogOnline:Display: Unloading online subsystem: NULL
[2017.08.08-15.51.23:588][584]LogModuleManager: Shutting down and abandoning module XMPP (43)
[2017.08.08-15.51.23:588][584]LogModuleManager: Shutting down and abandoning module HTTP (41)
[2017.08.08-15.51.23:589][584]LogHttp:Display: Http module shutting down, but needs to wait on 1 outstanding Http requests:
[2017.08.08-15.51.23:589][584]LogHttp:Display: 	verb=[POST] url=[https://datarouter.ol.epicgames.com/datarouter/api/v1/public/data?SessionID=%7BEDE53381-4BCC-B848-2947-82891F214177%7D&AppID=UEEditor.Rocket.Release&AppVersion=4.16.3-3561208%2B%2B%2BUE4%2BRelease-4.16&UserID=f07af55e4db0c636e0c073a1312074d9%7Caa7a108f70184e1b92fdd786c25cd9b8%7Caeab9882-b6f4-4a22-991a-718da4fba234&AppEnvironment=datacollector-binary&UploadType=eteventstream] status=Processing
[2017.08.08-15.51.23:595][584]LogModuleManager: Shutting down and abandoning module SSL (40)
[2017.08.08-15.51.23:599][584]LogModuleManager: Shutting down and abandoning module HTTPChunkInstaller (36)
[2017.08.08-15.51.23:599][584]LogModuleManager: Shutting down and abandoning module AnimationModifiers (34)
[2017.08.08-15.51.23:599][584]LogModuleManager: Shutting down and abandoning module PropertyEditor (33)
[2017.08.08-15.51.23:599][584]LogModuleManager: Shutting down and abandoning module AudioEditor (30)
[2017.08.08-15.51.23:599][584]LogModuleManager: Shutting down and abandoning module TextureCompressor (28)
[2017.08.08-15.51.23:599][584]LogModuleManager: Shutting down and abandoning module ShaderCore (26)
[2017.08.08-15.51.23:599][584]LogModuleManager: Shutting down and abandoning module Landscape (24)
[2017.08.08-15.51.23:599][584]LogModuleManager: Shutting down and abandoning module SlateRHIRenderer (22)
[2017.08.08-15.51.23:603][584]LogModuleManager: Shutting down and abandoning module OpenGLDrv (20)
[2017.08.08-15.51.23:603][584]LogModuleManager: Shutting down and abandoning module D3D11RHI (18)
[2017.08.08-15.51.23:603][584]LogModuleManager: Shutting down and abandoning module AnimGraphRuntime (16)
[2017.08.08-15.51.23:603][584]LogModuleManager: Shutting down and abandoning module Renderer (14)
[2017.08.08-15.51.23:604][584]LogModuleManager: Shutting down and abandoning module Engine (12)
[2017.08.08-15.51.23:604][584]LogModuleManager: Shutting down and abandoning module CoreUObject (10)
[2017.08.08-15.51.23:604][584]LogModuleManager: Shutting down and abandoning module NetworkFile (8)
[2017.08.08-15.51.23:604][584]LogModuleManager: Shutting down and abandoning module StreamingFile (6)
[2017.08.08-15.51.23:604][584]LogModuleManager: Shutting down and abandoning module SandboxFile (4)
[2017.08.08-15.51.23:604][584]LogModuleManager: Shutting down and abandoning module PakFile (2)
[2017.08.08-15.51.23:608][584]LogExit: Exiting.
[2017.08.08-15.51.23:656][584]Log file closed, 08/08/17 17:51:23
