Log file open, 08/25/17 14:49:48
LogInit:Display: Running engine for game: FOTWO02
LogPlatformFile: Not using cached read wrapper
LogInit:Display: RandInit(1296330047) SRandInit(1296330048).
LogTaskGraph: Started task graph with 5 named threads and 8 total threads with 1 sets of task threads.
LogStats: Stats thread started at 0.096283
LogInit: Using libcurl 7.47.1
LogInit:  - built for x86_64-pc-win32
LogInit:  - supports SSL with OpenSSL/1.0.2g
LogInit:  - supports HTTP deflate (compression) using libz 1.2.8
LogInit:  - other features:
LogInit:      CURL_VERSION_SSL
LogInit:      CURL_VERSION_LIBZ
LogInit:      CURL_VERSION_IPV6
LogInit:      CURL_VERSION_ASYNCHDNS
LogInit:      CURL_VERSION_LARGEFILE
LogInit:      CURL_VERSION_IDN
LogInit:  CurlRequestOptions (configurable via config and command line):
LogInit:  - bVerifyPeer = false  - Libcurl will NOT verify peer certificate
LogInit:  - bUseHttpProxy = false  - Libcurl will NOT use HTTP proxy
LogInit:  - bDontReuseConnections = false  - Libcurl will reuse connections
LogInit:  - CertBundlePath = nullptr  - Libcurl will use whatever was configured at build time.
LogInit: Build: ++UE4+Release-4.16-CL-3561208
LogInit: Engine Version: 4.16.3-3561208+++UE4+Release-4.16
LogInit: Compatible Engine Version: 4.16.0-3452394+++UE4+Release-4.16
LogInit: Net CL: 3452394
LogDevObjectVersion: Number of dev versions registered: 16
LogDevObjectVersion:   Dev-Blueprints (B0D832E4-1F89-4F0D-ACCF-7EB736FD4AA2): 9
LogDevObjectVersion:   Dev-Build (E1C64328-A22C-4D53-A36C-8E866417BD8C): 0
LogDevObjectVersion:   Dev-Core (375EC13C-06E4-48FB-B500-84F0262A717E): 2
LogDevObjectVersion:   Dev-Editor (E4B068ED-F494-42E9-A231-DA0B2E46BB41): 17
LogDevObjectVersion:   Dev-Framework (CFFC743F-43B0-4480-9391-14DF171D2073): 23
LogDevObjectVersion:   Dev-Mobile (B02B49B5-BB20-44E9-A304-32B752E40360): 0
LogDevObjectVersion:   Dev-Networking (A4E4105C-59A1-49B5-A7C5-40C4547EDFEE): 0
LogDevObjectVersion:   Dev-Online (39C831C9-5AE6-47DC-9A44-9C173E1C8E7C): 0
LogDevObjectVersion:   Dev-Physics (78F01B33-EBEA-4F98-B9B4-84EACCB95AA2): 0
LogDevObjectVersion:   Dev-Platform (6631380F-2D4D-43E0-8009-CF276956A95A): 0
LogDevObjectVersion:   Dev-Rendering (12F88B9F-8875-4AFC-A67C-D90C383ABD29): 15
LogDevObjectVersion:   Dev-Sequencer (7B5AE74C-D270-4C10-A958-57980B212A5A): 4
LogDevObjectVersion:   Dev-VR (D7296918-1DD6-4BDD-9DE2-64A83CC13884): 0
LogDevObjectVersion:   Dev-LoadTimes (C2A15278-BFE7-4AFE-6C17-90FF531DF755): 1
LogDevObjectVersion:   Private-Geometry (6EACA3D4-40EC-4CC1-B786-8BED09428FC5): 1
LogDevObjectVersion:   Dev-AnimPhys (29E575DD-E0A3-4627-9D10-D276232CDCEA): 3
LogInit: Compiled (64-bit): Jul 28 2017 11:49:47
LogInit: Compiled with Visual C++: 19.00.24215.01
LogInit: Build Configuration: Development
LogInit: Branch Name: ++UE4+Release-4.16
LogInit: Command line:  
LogInit: Base directory: C:/Program Files/Epic Games/UE_4.16/Engine/Binaries/Win64/
LogInit: Installed Engine Build: 1
LogInit: Presizing for max 8388607 objects, including 0 objects not considered by GC, pre-allocating 0 bytes for permanent pool.
LogInit: Object subsystem initialized
[2017.08.25-12.49.49:310][  0]LogInit: Selected Device Profile: [Windows]
[2017.08.25-12.49.49:310][  0]LogInit: Applying CVar settings loaded from the selected device profile: [Windows]
[2017.08.25-12.49.49:333][  0]LogInit: Computer: KLAUDE2017ALIEN
[2017.08.25-12.49.49:333][  0]LogInit: User: vonkl
[2017.08.25-12.49.49:333][  0]LogInit: CPU Page size=4096, Cores=4
[2017.08.25-12.49.49:333][  0]LogInit: High frequency timer resolution =2.742188 MHz
[2017.08.25-12.49.49:333][  0]LogMemory: Memory total: Physical=15.9GB (16GB approx)
[2017.08.25-12.49.49:333][  0]LogMemory: Platform Memory Stats for Windows
[2017.08.25-12.49.49:333][  0]LogMemory: Process Physical Memory: 273.00 MB used, 273.00 MB peak
[2017.08.25-12.49.49:333][  0]LogMemory: Process Virtual Memory: 260.91 MB used, 260.91 MB peak
[2017.08.25-12.49.49:333][  0]LogMemory: Physical Memory: 7428.82 MB used,  8828.15 MB free, 16256.98 MB total
[2017.08.25-12.49.49:333][  0]LogMemory: Virtual Memory: 638.49 MB used,  8828.15 MB free, 134217728.00 MB total
[2017.08.25-12.49.49:427][  0]LogInit: Using OS detected language (en-GB).
[2017.08.25-12.49.49:427][  0]LogInit: Using OS detected locale (en-GB).
[2017.08.25-12.49.49:430][  0]LogTextLocalizationManager: No specific localization for 'en-GB' exists, so the 'en' localization will be used.
[2017.08.25-12.49.50:379][  0]LogD3D11RHI: D3D11 adapters:
[2017.08.25-12.49.51:020][  0]LogD3D11RHI:    0. 'NVIDIA GeForce GTX 1060' (Feature Level 11_0)
[2017.08.25-12.49.51:020][  0]LogD3D11RHI:       6084/0/8128 MB DedicatedVideo/DedicatedSystem/SharedSystem, Outputs:2, VendorId:0x10de
[2017.08.25-12.49.51:040][  0]LogD3D11RHI:    1. 'Intel(R) HD Graphics 630' (Feature Level 11_0)
[2017.08.25-12.49.51:040][  0]LogD3D11RHI:       128/0/8128 MB DedicatedVideo/DedicatedSystem/SharedSystem, Outputs:0, VendorId:0x8086
[2017.08.25-12.49.51:042][  0]LogD3D11RHI:    2. 'Microsoft Basic Render Driver' (Feature Level 11_0)
[2017.08.25-12.49.51:042][  0]LogD3D11RHI:       0/0/8128 MB DedicatedVideo/DedicatedSystem/SharedSystem, Outputs:0, VendorId:0x1414
[2017.08.25-12.49.51:042][  0]LogD3D11RHI: Chosen D3D11 Adapter: 0
[2017.08.25-12.49.51:048][  0]LogD3D11RHI: Creating new Direct3DDevice
[2017.08.25-12.49.51:048][  0]LogD3D11RHI:     GPU DeviceId: 0x1c60 (for the marketing name, search the web for "GPU Device Id")
[2017.08.25-12.49.51:048][  0]LogWindows: EnumDisplayDevices:
[2017.08.25-12.49.51:049][  0]LogWindows:    0. 'NVIDIA GeForce GTX 1060' (P:0 D:1)
[2017.08.25-12.49.51:049][  0]LogWindows:    1. 'NVIDIA GeForce GTX 1060' (P:1 D:1)
[2017.08.25-12.49.51:049][  0]LogWindows:    2. 'NVIDIA GeForce GTX 1060' (P:0 D:0)
[2017.08.25-12.49.51:049][  0]LogWindows:    3. 'NVIDIA GeForce GTX 1060' (P:0 D:0)
[2017.08.25-12.49.51:049][  0]LogWindows:    4. 'Intel(R) HD Graphics 630' (P:0 D:0)
[2017.08.25-12.49.51:049][  0]LogWindows:    5. 'Intel(R) HD Graphics 630' (P:0 D:0)
[2017.08.25-12.49.51:049][  0]LogWindows:    6. 'Intel(R) HD Graphics 630' (P:0 D:0)
[2017.08.25-12.49.51:050][  0]LogWindows: DebugString: PrimaryIsNotTheChoosenAdapter PrimaryIsNotTheChoosenAdapter PrimaryIsNotTheChoosenAdapter FoundDriverCount:4 
[2017.08.25-12.49.51:050][  0]LogD3D11RHI:     Adapter Name: NVIDIA GeForce GTX 1060
[2017.08.25-12.49.51:050][  0]LogD3D11RHI:   Driver Version: 382.53 (internal:22.21.13.8253, unified:382.53)
[2017.08.25-12.49.51:050][  0]LogD3D11RHI:      Driver Date: 6-7-2017
[2017.08.25-12.49.51:050][  0]LogRHI: Texture pool is 1361 MB (70% of 1945 MB)
[2017.08.25-12.49.51:640][  0]LogD3D11RHI: Async texture creation enabled
[2017.08.25-12.49.51:687][  0]LogD3D11RHI: GPU Timing Frequency: 1000.000000 (Debug: 2 2)
[2017.08.25-12.49.51:779][  0]LogShaderCompilers: Guid format shader working directory is 1 characters bigger than the processId version (../../../../../../Unreal/FOTWO/source/FOTWO02/Intermediate/Shaders/WorkingDirectory/9188/).
[2017.08.25-12.49.51:779][  0]LogShaderCompilers: Cleaned the shader compiler working directory 'C:/Users/vonkl/AppData/Local/Temp/UnrealShaderWorkingDir/DAFCF1B24EC414DE6351568240F5DFE6/'.
[2017.08.25-12.49.51:779][  0]LogShaderCompilers:Display: Using Local Shader Compiler.
[2017.08.25-12.49.52:791][  0]LogTemp:Display: Loaded TP AllDesktopTargetPlatform
[2017.08.25-12.49.52:844][  0]LogTemp:Display: Loaded TP MacClientTargetPlatform
[2017.08.25-12.49.52:899][  0]LogTemp:Display: Loaded TP MacNoEditorTargetPlatform
[2017.08.25-12.49.52:956][  0]LogTemp:Display: Loaded TP MacServerTargetPlatform
[2017.08.25-12.49.53:013][  0]LogTemp:Display: Loaded TP MacTargetPlatform
[2017.08.25-12.49.53:070][  0]LogTemp:Display: Loaded TP WindowsClientTargetPlatform
[2017.08.25-12.49.53:124][  0]LogTemp:Display: Loaded TP WindowsNoEditorTargetPlatform
[2017.08.25-12.49.53:179][  0]LogTemp:Display: Loaded TP WindowsServerTargetPlatform
[2017.08.25-12.49.53:227][  0]LogTemp:Display: Loaded TP WindowsTargetPlatform
[2017.08.25-12.49.53:285][  0]LogTemp:Display: Loaded TP AndroidTargetPlatform
[2017.08.25-12.49.53:336][  0]LogTemp:Display: Loaded TP Android_ASTCTargetPlatform
[2017.08.25-12.49.53:387][  0]LogTemp:Display: Loaded TP Android_ATCTargetPlatform
[2017.08.25-12.49.53:440][  0]LogTemp:Display: Loaded TP Android_DXTTargetPlatform
[2017.08.25-12.49.53:493][  0]LogTemp:Display: Loaded TP Android_ETC1TargetPlatform
[2017.08.25-12.49.53:546][  0]LogTemp:Display: Loaded TP Android_ETC2TargetPlatform
[2017.08.25-12.49.53:650][  0]LogTemp:Display: Loaded TP Android_MultiTargetPlatform
[2017.08.25-12.49.53:650][  0]LogTemp:Display: Loaded TP Android_PVRTCTargetPlatform
[2017.08.25-12.49.53:752][  0]LogTemp:Display: Loaded TP HTML5TargetPlatform
[2017.08.25-12.49.53:882][  0]LogTemp:Display: Loaded TP IOSTargetPlatform
[2017.08.25-12.49.53:913][  0]LogTemp:Display: Loaded TP TVOSTargetPlatform
[2017.08.25-12.49.53:964][  0]LogTemp:Display: Loaded TP LinuxClientTargetPlatform
[2017.08.25-12.49.54:016][  0]LogTemp:Display: Loaded TP LinuxNoEditorTargetPlatform
[2017.08.25-12.49.54:069][  0]LogTemp:Display: Loaded TP LinuxServerTargetPlatform
[2017.08.25-12.49.54:119][  0]LogTemp:Display: Loaded TP LinuxTargetPlatform
[2017.08.25-12.49.54:119][  0]LogTargetPlatformManager:Display: Building Assets For Windows
[2017.08.25-12.49.54:651][  0]LogDerivedDataCache:Display: Max Cache Size: 512 MB
[2017.08.25-12.49.54:737][  0]LogDerivedDataCache: Loaded boot cache 0.09s 90MB C:/Users/vonkl/AppData/Local/UnrealEngine/4.16/DerivedDataCache/Boot.ddc.
[2017.08.25-12.49.54:737][  0]LogDerivedDataCache:Display: Loaded Boot cache: C:/Users/vonkl/AppData/Local/UnrealEngine/4.16/DerivedDataCache/Boot.ddc
[2017.08.25-12.49.54:737][  0]LogDerivedDataCache: FDerivedDataBackendGraph:  Pak pak cache file ../../../../../../Unreal/FOTWO/source/FOTWO02/DerivedDataCache/DDC.ddp not found, will not use a pak cache.
[2017.08.25-12.49.54:737][  0]LogDerivedDataCache: Unable to find inner node Pak for hierarchical cache Hierarchy.
[2017.08.25-12.49.54:737][  0]LogDerivedDataCache: FDerivedDataBackendGraph:  CompressedPak pak cache file ../../../../../../Unreal/FOTWO/source/FOTWO02/DerivedDataCache/Compressed.ddp not found, will not use a pak cache.
[2017.08.25-12.49.54:737][  0]LogDerivedDataCache: Unable to find inner node CompressedPak for hierarchical cache Hierarchy.
[2017.08.25-12.49.54:755][  0]LogDerivedDataCache:Display: Pak cache opened for reading ../../../Engine/DerivedDataCache/Compressed.ddp.
[2017.08.25-12.49.54:767][  0]LogDerivedDataCache: Using Local data cache path C:/Users/vonkl/AppData/Local/UnrealEngine/Common/DerivedDataCache: Writable
[2017.08.25-12.49.54:777][  0]LogMaterial: Verifying Global Shaders for PCD3D_SM5
[2017.08.25-12.49.54:777][  0]LogSlate: Using Freetype 2.6.0
[2017.08.25-12.49.54:778][  0]LogSlate: SlateFontCache - WITH_FREETYPE: 1, WITH_HARFBUZZ: 1
[2017.08.25-12.49.54:778][  0]LogSlate: SlateFontCache - WITH_FREETYPE: 1, WITH_HARFBUZZ: 1
[2017.08.25-12.49.55:088][  0]LogInit: Selected Device Profile: [Windows]
[2017.08.25-12.49.55:157][  0]LogContentStreaming: Texture pool size is 0.00 MB
[2017.08.25-12.49.55:327][  0]LogMeshUtilities: Using QuadricMeshReduction for automatic static mesh reduction
[2017.08.25-12.49.55:374][  0]LogSimplygon: Simplygon DLL not present - disabling.
[2017.08.25-12.49.55:426][  0]LogMeshUtilities: Using SimplygonSwarm for distributed automatic mesh merging
[2017.08.25-12.49.55:426][  0]LogMeshUtilities: No automatic skeletal mesh reduction module available
[2017.08.25-12.49.55:426][  0]LogMeshUtilities: No automatic mesh merging module available
[2017.08.25-12.49.55:984][  0]LogNetVersion: FOTWO02 , NetCL: 3452394, EngineNetVer: 2, GameNetVer: 0 (Checksum: 2990255715)
[2017.08.25-12.49.56:051][  0]LogAssetRegistry: FAssetRegistry took 0.0258 seconds to start up
[2017.08.25-12.49.56:119][  0]LogPackageLocalizationCache: Processed 4 localized package path(s) for 2 prioritized culture(s) in 0.038545 seconds
[2017.08.25-12.49.56:125][  0]LogUObjectArray: 34194 objects as part of root set at end of initial load.
[2017.08.25-12.49.56:125][  0]LogUObjectAllocator: 7260416 out of 0 bytes used by permanent object pool.
[2017.08.25-12.49.56:125][  0]LogUObjectArray: CloseDisregardForGC: 0/0 objects in disregard for GC pool
[2017.08.25-12.49.56:199][  0]LogInit: WinSock: version 1.1 (2.2), MaxSocks=32767, MaxUdp=65467
[2017.08.25-12.49.58:644][  0]LogTcpMessaging: Initializing TcpMessaging bridge
[2017.08.25-12.49.58:685][  0]LogUdpMessaging: Initializing bridge on interface 0.0.0.0:0 to multicast group 230.0.0.1:6666.
[2017.08.25-12.49.59:223][  0]LogMaterial: Uniform references updated for custom material expression Custom.
[2017.08.25-12.49.59:697][  0]SourceControl: Info Source control is disabled
[2017.08.25-12.49.59:728][  0]SourceControl: Info Source control is disabled
[2017.08.25-12.49.59:778][  0]SourceControl: Info Source control is disabled
[2017.08.25-12.49.59:821][  0]SourceControl: Info Source control is disabled
[2017.08.25-12.50.00:552][  0]LogAndroidPermission: UAndroidPermissionCallbackProxy::GetInstance
[2017.08.25-12.50.01:330][  0]LogEngine: Initializing Engine...
[2017.08.25-12.50.01:331][  0]LogHMD: Failed to initialize OpenVR with code 110
[2017.08.25-12.50.01:567][  0]LogStats: UGameplayTagsManager::ConstructGameplayTagTree: Construct from data asset -  0.000 s
[2017.08.25-12.50.01:567][  0]LogStats: UGameplayTagsManager::ConstructGameplayTagTree: GameplayTagTreeChangedEvent.Broadcast -  0.000 s
[2017.08.25-12.50.01:726][  0]LogAIModule: Creating AISystem for world Untitled
[2017.08.25-12.50.01:739][  0]LogInit: XAudio2 using 'Headset Earphone (3- Microsoft LifeChat LX-3000)' : 2 channels at 48 kHz using 16 bits per sample (channel mask 0x3)
[2017.08.25-12.50.01:747][  0]LogInit: FAudioDevice initialized.
[2017.08.25-12.50.01:784][  0]LogDerivedDataCache: Saved boot cache 0.04s 90MB C:/Users/vonkl/AppData/Local/UnrealEngine/4.16/DerivedDataCache/Boot.ddc.
[2017.08.25-12.50.01:795][  0]LogInit: Texture streaming: Enabled
[2017.08.25-12.50.01:906][  0]LogEngineSessionManager: EngineSessionManager initialized
[2017.08.25-12.50.02:138][  0]LogInit: Transaction tracking system initialized
[2017.08.25-12.50.02:575][  0]BlueprintLog: New page: Editor Load
[2017.08.25-12.50.03:577][  0]LocalizationService: Info Localization service is disabled
[2017.08.25-12.50.04:621][  0]LogConsoleResponse:Display: 
[2017.08.25-12.50.04:798][  0]LogCook:Display: Max memory allowance for cook 16384mb min free memory 0mb
[2017.08.25-12.50.04:798][  0]LogCook:Display: Mobile HDR setting 1
[2017.08.25-12.50.06:037][  0]LogFileCache: Scanning file cache for directory 'C:/Unreal/FOTWO/source/FOTWO02/Content/' took 0.02s
[2017.08.25-12.50.06:090][  0]SourceControl: Info Source control is disabled
[2017.08.25-12.50.06:090][  0]Cmd: MAP LOAD FILE="../../../../../../Unreal/FOTWO/source/FOTWO02/Content/2DSideScrollerBP/Maps/2DSideScrollerExampleMap.umap" TEMPLATE=0 SHOWPROGRESS=1 FEATURELEVEL=3
[2017.08.25-12.50.06:090][  0]LogEditorServer:Warning: Can't find file '../../../../../../Unreal/FOTWO/source/FOTWO02/Content/2DSideScrollerBP/Maps/2DSideScrollerExampleMap.umap'
[2017.08.25-12.50.06:090][  0]Cmd: MAP CHECKDEP NOCLEARLOG
[2017.08.25-12.50.06:134][  0]MapCheck: Info Map check complete: 0 Error(s), 0 Warning(s), took 43.24ms to complete.
[2017.08.25-12.50.06:134][  0]LogFileHelpers: Loading map '2DSideScrollerExampleMap' took 0.043
[2017.08.25-12.50.06:210][  0]LogWindowsTextInputMethodSystem:Display: IME system now deactivated.
[2017.08.25-12.50.06:294][  0]LogCollectionManager: Loaded 0 collections in 0.002056 seconds
[2017.08.25-12.50.06:364][  0]LogFileCache: Scanning file cache for directory 'C:/Unreal/FOTWO/source/FOTWO02/Saved/Collections/' took 0.01s
[2017.08.25-12.50.06:364][  0]LogFileCache: Scanning file cache for directory 'C:/Unreal/FOTWO/source/FOTWO02/Content/Developers/vonkl/Collections/' took 0.01s
[2017.08.25-12.50.06:364][  0]LogFileCache: Scanning file cache for directory 'C:/Unreal/FOTWO/source/FOTWO02/Content/Collections/' took 0.00s
[2017.08.25-12.50.06:364][  0]LogCollectionManager: Rebuilt the GUID cache for 0 collections in 0.000001 seconds
[2017.08.25-12.50.06:372][  0]LogContentBrowser: Native class hierarchy populated in 0.0081 seconds. Added 2329 classes and 491 folders.
[2017.08.25-12.50.06:432][  0]LogContentBrowser: Native class hierarchy updated for 'WidgetCarousel' in 0.0004 seconds. Added 0 classes and 0 folders.
[2017.08.25-12.50.06:471][  0]LogContentBrowser: Native class hierarchy updated for 'AddContentDialog' in 0.0004 seconds. Added 0 classes and 0 folders.
[2017.08.25-12.50.06:524][  0]LogContentBrowser: Native class hierarchy updated for 'SceneOutliner' in 0.0004 seconds. Added 1 classes and 2 folders.
[2017.08.25-12.50.06:612][  0]LogCrashTracker: Crashtracker disabled due to settings.
[2017.08.25-12.50.06:617][  0]LogSlate: Took 0.000256 seconds to synchronously load lazily loaded font '../../../Engine/Content/Slate/Fonts/Roboto-Regular.ttf' (155K)
[2017.08.25-12.50.06:619][  0]LogSlate: Took 0.000209 seconds to synchronously load lazily loaded font '../../../Engine/Content/Slate/Fonts/Roboto-Bold.ttf' (160K)
[2017.08.25-12.50.06:626][  0]LogSlate: Took 0.000179 seconds to synchronously load lazily loaded font '../../../Engine/Content/Editor/Slate/Fonts/FontAwesome.ttf' (139K)
[2017.08.25-12.50.06:773][  0]LogRenderer: Reallocating scene render targets to support 1648x932 NumSamples 1 (Frame:1).
[2017.08.25-12.50.06:859][  0]LogUObjectGlobals:Warning: Failed to find object 'Class None.'
[2017.08.25-12.50.06:921][  0]LogContentBrowser: Native class hierarchy updated for 'HierarchicalLODOutliner' in 0.0005 seconds. Added 1 classes and 2 folders.
[2017.08.25-12.50.06:921][  0]LogLoad: (Engine Initialization) Total time: 19.35 seconds
[2017.08.25-12.50.06:921][  0]LogLoad: (Engine Initialization) Total Blueprint compile time: 0.04 seconds
[2017.08.25-12.50.06:921][  0]LogExternalProfiler: Found external profiler: VSPerf
[2017.08.25-12.50.06:921][  0]LogExternalProfiler: Using external profiler: VSPerf
[2017.08.25-12.50.06:941][  0]LogOcInput: OculusInput pre-init called
[2017.08.25-12.50.06:941][  0]LogHMD: Starting GearVRController plugin
[2017.08.25-12.50.06:957][  0]LogContentStreaming: Texture pool size now 1000 MB
[2017.08.25-12.50.06:987][  1]LogAssetRegistry: Asset discovery search completed in 10.9579 seconds
[2017.08.25-12.50.06:989][  1]LogCollectionManager: Rebuilt the object cache for 0 collections in 0.000001 seconds (found 0 objects)
[2017.08.25-12.50.06:989][  1]LogCollectionManager: Fixed up redirectors for 0 collections in 0.000022 seconds (updated 0 objects)
[2017.08.25-12.50.07:979][ 57]LogSlate: Took 0.000234 seconds to synchronously load lazily loaded font '../../../Engine/Content/Slate/Fonts/Roboto-Light.ttf' (159K)
[2017.08.25-12.52.33:995][917]LogSlate: Took 0.000107 seconds to synchronously load lazily loaded font '../../../Engine/Content/Slate/Fonts/Roboto-Light.ttf' (159K)
[2017.08.25-12.52.35:146][917]LogSlate: Took 0.000147 seconds to synchronously load lazily loaded font '../../../Engine/Content/Slate/Fonts/Roboto-Regular.ttf' (155K)
[2017.08.25-12.52.35:639][917]LogAIModule: Creating AISystem for world FOTWO01
[2017.08.25-12.52.35:722][917]Cmd: MAP LOAD FILE="../../../../../../Unreal/FOTWO/source/FOTWO02/Content/2DSideScrollerBP/Maps/FOTWO01.umap" TEMPLATE=0 SHOWPROGRESS=1 FEATURELEVEL=3
[2017.08.25-12.52.35:722][917]LightingResults: New page: Lighting Build
[2017.08.25-12.52.35:764][917]LogContentBrowser: Native class hierarchy updated for 'StatsViewer' in 0.0005 seconds. Added 5 classes and 0 folders.
[2017.08.25-12.52.35:765][917]LoadErrors: New page: Loading map: FOTWO01.umap
[2017.08.25-12.52.35:766][917]MapCheck: New page: Map Check
[2017.08.25-12.52.35:766][917]LightingResults: New page: Lighting Build
[2017.08.25-12.52.35:848][917]LogEditorServer: Finished looking for orphan Actors (0.000 secs)
[2017.08.25-12.52.35:886][917]Cmd: MAP CHECKDEP NOCLEARLOG
[2017.08.25-12.52.35:932][917]MapCheck: Info Map check complete: 0 Error(s), 0 Warning(s), took 45.682ms to complete.
[2017.08.25-12.52.35:932][917]LogFileHelpers: Loading map 'FOTWO01' took 0.211
[2017.08.25-12.52.44:153][364]LogContentBrowser: Native class hierarchy updated for 'BlueprintGraph' in 0.0008 seconds. Added 112 classes and 0 folders.
[2017.08.25-12.52.44:904][364]LogSlate: Took 0.005800 seconds to synchronously load lazily loaded font '../../../Engine/Content/Editor/Slate/Fonts/Roboto-BoldCondensed.ttf' (158K)
[2017.08.25-12.52.49:259][558]LogSlate: Took 0.003800 seconds to synchronously load lazily loaded font '../../../Engine/Content/Editor/Slate/Fonts/Roboto-Italic.ttf' (157K)
[2017.08.25-13.02.34:757][638]LogSavePackage: Save=104.19ms
[2017.08.25-13.02.34:757][638]LogSavePackage: Moving '../../../../../../Unreal/FOTWO/source/FOTWO02/Saved/FOTWO01_Auto14EE215E3403D4D86754E6DBCF70BD608.tmp' to '../../../../../../Unreal/FOTWO/source/FOTWO02/Saved/Autosaves/Game/2DSideScrollerBP/Maps/FOTWO01_Auto1.umap'
[2017.08.25-13.02.34:758][638]LogSavePackage:Display: Finished SavePackage ../../../../../../Unreal/FOTWO/source/FOTWO02/Saved/Autosaves/Game/2DSideScrollerBP/Maps/FOTWO01_Auto1.umap
[2017.08.25-13.02.34:760][638]LogFileHelpers: Editor autosave (incl. sublevels) for '/Game/2DSideScrollerBP/Maps/FOTWO01' took 0.249
[2017.08.25-13.02.34:760][638]LogFileHelpers: Editor autosave (incl. sublevels) for all levels took 0.249
[2017.08.25-13.02.34:763][638]OBJ SavePackage: Generating thumbnails for [0] asset(s) in package [/Game/2DSideScrollerBP/Blueprints/Simulation/NationBAU] ([1] browsable assets)...
[2017.08.25-13.02.34:763][638]OBJ SavePackage: Finished generating thumbnails for package [/Game/2DSideScrollerBP/Blueprints/Simulation/NationBAU]
[2017.08.25-13.02.35:590][638]LogSavePackage: Save=793.18ms
[2017.08.25-13.02.35:590][638]LogSavePackage: Moving '../../../../../../Unreal/FOTWO/source/FOTWO02/Saved/NationBAU_Auto1179452924157FEEFE9E6F38ABBEAC24A.tmp' to '../../../../../../Unreal/FOTWO/source/FOTWO02/Saved/Autosaves/Game/2DSideScrollerBP/Blueprints/Simulation/NationBAU_Auto1.uasset'
[2017.08.25-13.02.35:591][638]LogSavePackage:Display: Finished SavePackage ../../../../../../Unreal/FOTWO/source/FOTWO02/Saved/Autosaves/Game/2DSideScrollerBP/Blueprints/Simulation/NationBAU_Auto1.uasset
[2017.08.25-13.02.35:591][638]LogFileHelpers: Auto-saving content packages took 0.830
[2017.08.25-13.09.10:475][468]BlueprintLog: New page: Compile NationBAU
[2017.08.25-13.09.11:927][468]LogSavePackage: Save=599.67ms
[2017.08.25-13.09.11:927][468]LogSavePackage: Moving '../../../../../../Unreal/FOTWO/source/FOTWO02/Saved/NationBAU32279DD141E7758316D397AD229838BD.tmp' to '../../../../../../Unreal/FOTWO/source/FOTWO02/Content/2DSideScrollerBP/Blueprints/Simulation/NationBAU.uasset'
[2017.08.25-13.09.11:933][468]LogSavePackage:Display: Finished SavePackage ../../../../../../Unreal/FOTWO/source/FOTWO02/Content/2DSideScrollerBP/Blueprints/Simulation/NationBAU.uasset
[2017.08.25-13.09.44:098][753]LogTemp: Repeting last play command: Selected Viewport
[2017.08.25-13.09.44:150][753]LogBlueprintUserMessages: Early PlayInEditor Detection: Level '/Game/2DSideScrollerBP/Maps/FOTWO01.FOTWO01:PersistentLevel' has LevelScriptBlueprint '/Game/2DSideScrollerBP/Maps/FOTWO01.FOTWO01:PersistentLevel.FOTWO01' with GeneratedClass '/Game/2DSideScrollerBP/Maps/FOTWO01.FOTWO01_C' with ClassGeneratedBy '/Game/2DSideScrollerBP/Maps/FOTWO01.FOTWO01:PersistentLevel.FOTWO01'
[2017.08.25-13.09.44:150][753]LogPlayLevel: PlayLevel: No blueprints needed recompiling
[2017.08.25-13.09.44:151][753]PIE: New page: PIE session: FOTWO01 (25 Aug 2017 17:09:44)
[2017.08.25-13.09.44:152][753]LogPlayLevel: Creating play world package: /Game/2DSideScrollerBP/Maps/UEDPIE_0_FOTWO01
[2017.08.25-13.09.44:154][753]LogPlayLevel: PIE: StaticDuplicateObject took: (0.002119s)
[2017.08.25-13.09.44:154][753]LogAIModule: Creating AISystem for world FOTWO01
[2017.08.25-13.09.44:154][753]LogPlayLevel: PIE: World Init took: (0.000691s)
[2017.08.25-13.09.44:155][753]LogPlayLevel: PIE: Created PIE world by copying editor world from /Game/2DSideScrollerBP/Maps/FOTWO01.FOTWO01 to /Game/2DSideScrollerBP/Maps/UEDPIE_0_FOTWO01.FOTWO01 (0.003004s)
[2017.08.25-13.09.44:175][753]LogInit: XAudio2 using 'Headset Earphone (3- Microsoft LifeChat LX-3000)' : 2 channels at 48 kHz using 16 bits per sample (channel mask 0x3)
[2017.08.25-13.09.44:181][753]LogInit: FAudioDevice initialized.
[2017.08.25-13.09.44:230][753]LogLoad: Game class is 'FOTWOGameMode_C'
[2017.08.25-13.09.44:234][753]LogWorld: Bringing World /Game/2DSideScrollerBP/Maps/UEDPIE_0_FOTWO01.FOTWO01 up for play (max tick rate 60) at 2017.08.25-15.09.44
[2017.08.25-13.09.44:235][753]LogWorld: Bringing up level for play took: 0.002201
[2017.08.25-13.09.44:295][753]LogContentBrowser: Native class hierarchy updated for 'MovieSceneCapture' in 0.0006 seconds. Added 11 classes and 0 folders.
[2017.08.25-13.09.44:308][753]PIE: Info Play in editor start time for /Game/2DSideScrollerBP/Maps/UEDPIE_0_FOTWO01 -0.762
[2017.08.25-13.09.44:308][753]LogBlueprintUserMessages: Late PlayInEditor Detection: Level '/Game/2DSideScrollerBP/Maps/FOTWO01.FOTWO01:PersistentLevel' has LevelScriptBlueprint '/Game/2DSideScrollerBP/Maps/FOTWO01.FOTWO01:PersistentLevel.FOTWO01' with GeneratedClass '/Game/2DSideScrollerBP/Maps/FOTWO01.FOTWO01_C' with ClassGeneratedBy '/Game/2DSideScrollerBP/Maps/FOTWO01.FOTWO01:PersistentLevel.FOTWO01'
[2017.08.25-13.10.26:551][284]LogBlueprintUserMessages: Early EndPlayMap Detection: Level '/Game/2DSideScrollerBP/Maps/FOTWO01.FOTWO01:PersistentLevel' has LevelScriptBlueprint '/Game/2DSideScrollerBP/Maps/FOTWO01.FOTWO01:PersistentLevel.FOTWO01' with GeneratedClass '/Game/2DSideScrollerBP/Maps/FOTWO01.FOTWO01_C' with ClassGeneratedBy '/Game/2DSideScrollerBP/Maps/FOTWO01.FOTWO01:PersistentLevel.FOTWO01'
[2017.08.25-13.10.26:625][284]LogBlueprintUserMessages: Late EndPlayMap Detection: Level '/Game/2DSideScrollerBP/Maps/FOTWO01.FOTWO01:PersistentLevel' has LevelScriptBlueprint '/Game/2DSideScrollerBP/Maps/FOTWO01.FOTWO01:PersistentLevel.FOTWO01' with GeneratedClass '/Game/2DSideScrollerBP/Maps/FOTWO01.FOTWO01_C' with ClassGeneratedBy '/Game/2DSideScrollerBP/Maps/FOTWO01.FOTWO01:PersistentLevel.FOTWO01'
[2017.08.25-13.11.15:772][159]BlueprintLog: New page: Compile ArchHUD
[2017.08.25-13.11.16:183][159]LogSavePackage: Save=145.75ms
[2017.08.25-13.11.16:183][159]LogSavePackage: Moving '../../../../../../Unreal/FOTWO/source/FOTWO02/Saved/ArchHUD545B7E8A4FB80CF535197FBBA09D4169.tmp' to '../../../../../../Unreal/FOTWO/source/FOTWO02/Content/2DSideScrollerBP/Blueprints/User_Interface/ArchHUD.uasset'
[2017.08.25-13.11.16:185][159]LogSavePackage:Display: Finished SavePackage ../../../../../../Unreal/FOTWO/source/FOTWO02/Content/2DSideScrollerBP/Blueprints/User_Interface/ArchHUD.uasset
[2017.08.25-13.11.16:191][159]BlueprintEditorCompileResults: Info Fast Template Successfully Created.
[2017.08.25-13.11.32:112][439]LogTemp: Repeting last play command: Selected Viewport
[2017.08.25-13.11.32:138][439]LogBlueprintUserMessages: Early PlayInEditor Detection: Level '/Game/2DSideScrollerBP/Maps/FOTWO01.FOTWO01:PersistentLevel' has LevelScriptBlueprint '/Game/2DSideScrollerBP/Maps/FOTWO01.FOTWO01:PersistentLevel.FOTWO01' with GeneratedClass '/Game/2DSideScrollerBP/Maps/FOTWO01.FOTWO01_C' with ClassGeneratedBy '/Game/2DSideScrollerBP/Maps/FOTWO01.FOTWO01:PersistentLevel.FOTWO01'
[2017.08.25-13.11.32:138][439]LogPlayLevel: PlayLevel: No blueprints needed recompiling
[2017.08.25-13.11.32:138][439]PIE: New page: PIE session: FOTWO01 (25 Aug 2017 17:11:32)
[2017.08.25-13.11.32:138][439]LogPlayLevel: Creating play world package: /Game/2DSideScrollerBP/Maps/UEDPIE_0_FOTWO01
[2017.08.25-13.11.32:139][439]LogPlayLevel: PIE: StaticDuplicateObject took: (0.001291s)
[2017.08.25-13.11.32:140][439]LogAIModule: Creating AISystem for world FOTWO01
[2017.08.25-13.11.32:140][439]LogPlayLevel: PIE: World Init took: (0.000481s)
[2017.08.25-13.11.32:140][439]LogPlayLevel: PIE: Created PIE world by copying editor world from /Game/2DSideScrollerBP/Maps/FOTWO01.FOTWO01 to /Game/2DSideScrollerBP/Maps/UEDPIE_0_FOTWO01.FOTWO01 (0.001904s)
[2017.08.25-13.11.32:160][439]LogInit: XAudio2 using 'Headset Earphone (3- Microsoft LifeChat LX-3000)' : 2 channels at 48 kHz using 16 bits per sample (channel mask 0x3)
[2017.08.25-13.11.32:165][439]LogInit: FAudioDevice initialized.
[2017.08.25-13.11.32:195][439]LogLoad: Game class is 'FOTWOGameMode_C'
[2017.08.25-13.11.32:198][439]LogWorld: Bringing World /Game/2DSideScrollerBP/Maps/UEDPIE_0_FOTWO01.FOTWO01 up for play (max tick rate 60) at 2017.08.25-15.11.32
[2017.08.25-13.11.32:199][439]LogWorld: Bringing up level for play took: 0.001488
[2017.08.25-13.11.32:223][439]PIE: Info Play in editor start time for /Game/2DSideScrollerBP/Maps/UEDPIE_0_FOTWO01 -0.847
[2017.08.25-13.11.32:223][439]LogBlueprintUserMessages: Late PlayInEditor Detection: Level '/Game/2DSideScrollerBP/Maps/FOTWO01.FOTWO01:PersistentLevel' has LevelScriptBlueprint '/Game/2DSideScrollerBP/Maps/FOTWO01.FOTWO01:PersistentLevel.FOTWO01' with GeneratedClass '/Game/2DSideScrollerBP/Maps/FOTWO01.FOTWO01_C' with ClassGeneratedBy '/Game/2DSideScrollerBP/Maps/FOTWO01.FOTWO01:PersistentLevel.FOTWO01'
[2017.08.25-13.11.39:979][904]LogBlueprintUserMessages: Early EndPlayMap Detection: Level '/Game/2DSideScrollerBP/Maps/FOTWO01.FOTWO01:PersistentLevel' has LevelScriptBlueprint '/Game/2DSideScrollerBP/Maps/FOTWO01.FOTWO01:PersistentLevel.FOTWO01' with GeneratedClass '/Game/2DSideScrollerBP/Maps/FOTWO01.FOTWO01_C' with ClassGeneratedBy '/Game/2DSideScrollerBP/Maps/FOTWO01.FOTWO01:PersistentLevel.FOTWO01'
[2017.08.25-13.11.40:021][904]LogBlueprintUserMessages: Late EndPlayMap Detection: Level '/Game/2DSideScrollerBP/Maps/FOTWO01.FOTWO01:PersistentLevel' has LevelScriptBlueprint '/Game/2DSideScrollerBP/Maps/FOTWO01.FOTWO01:PersistentLevel.FOTWO01' with GeneratedClass '/Game/2DSideScrollerBP/Maps/FOTWO01.FOTWO01_C' with ClassGeneratedBy '/Game/2DSideScrollerBP/Maps/FOTWO01.FOTWO01:PersistentLevel.FOTWO01'
[2017.08.25-13.12.13:105][756]LogTemp: Repeting last play command: Selected Viewport
[2017.08.25-13.12.13:125][756]LogBlueprintUserMessages: Early PlayInEditor Detection: Level '/Game/2DSideScrollerBP/Maps/FOTWO01.FOTWO01:PersistentLevel' has LevelScriptBlueprint '/Game/2DSideScrollerBP/Maps/FOTWO01.FOTWO01:PersistentLevel.FOTWO01' with GeneratedClass '/Game/2DSideScrollerBP/Maps/FOTWO01.FOTWO01_C' with ClassGeneratedBy '/Game/2DSideScrollerBP/Maps/FOTWO01.FOTWO01:PersistentLevel.FOTWO01'
[2017.08.25-13.12.13:125][756]LogPlayLevel: PlayLevel: No blueprints needed recompiling
[2017.08.25-13.12.13:125][756]PIE: New page: PIE session: FOTWO01 (25 Aug 2017 17:12:13)
[2017.08.25-13.12.13:125][756]LogPlayLevel: Creating play world package: /Game/2DSideScrollerBP/Maps/UEDPIE_0_FOTWO01
[2017.08.25-13.12.13:127][756]LogPlayLevel: PIE: StaticDuplicateObject took: (0.001352s)
[2017.08.25-13.12.13:127][756]LogAIModule: Creating AISystem for world FOTWO01
[2017.08.25-13.12.13:127][756]LogPlayLevel: PIE: World Init took: (0.000454s)
[2017.08.25-13.12.13:127][756]LogPlayLevel: PIE: Created PIE world by copying editor world from /Game/2DSideScrollerBP/Maps/FOTWO01.FOTWO01 to /Game/2DSideScrollerBP/Maps/UEDPIE_0_FOTWO01.FOTWO01 (0.001963s)
[2017.08.25-13.12.13:146][756]LogInit: XAudio2 using 'Headset Earphone (3- Microsoft LifeChat LX-3000)' : 2 channels at 48 kHz using 16 bits per sample (channel mask 0x3)
[2017.08.25-13.12.13:152][756]LogInit: FAudioDevice initialized.
[2017.08.25-13.12.13:183][756]LogLoad: Game class is 'FOTWOGameMode_C'
[2017.08.25-13.12.13:185][756]LogWorld: Bringing World /Game/2DSideScrollerBP/Maps/UEDPIE_0_FOTWO01.FOTWO01 up for play (max tick rate 60) at 2017.08.25-15.12.13
[2017.08.25-13.12.13:186][756]LogWorld: Bringing up level for play took: 0.000877
[2017.08.25-13.12.13:197][756]PIE: Info Play in editor start time for /Game/2DSideScrollerBP/Maps/UEDPIE_0_FOTWO01 0.127
[2017.08.25-13.12.13:198][756]LogBlueprintUserMessages: Late PlayInEditor Detection: Level '/Game/2DSideScrollerBP/Maps/FOTWO01.FOTWO01:PersistentLevel' has LevelScriptBlueprint '/Game/2DSideScrollerBP/Maps/FOTWO01.FOTWO01:PersistentLevel.FOTWO01' with GeneratedClass '/Game/2DSideScrollerBP/Maps/FOTWO01.FOTWO01_C' with ClassGeneratedBy '/Game/2DSideScrollerBP/Maps/FOTWO01.FOTWO01:PersistentLevel.FOTWO01'
[2017.08.25-13.12.24:322][423]LogBlueprintUserMessages: Early EndPlayMap Detection: Level '/Game/2DSideScrollerBP/Maps/FOTWO01.FOTWO01:PersistentLevel' has LevelScriptBlueprint '/Game/2DSideScrollerBP/Maps/FOTWO01.FOTWO01:PersistentLevel.FOTWO01' with GeneratedClass '/Game/2DSideScrollerBP/Maps/FOTWO01.FOTWO01_C' with ClassGeneratedBy '/Game/2DSideScrollerBP/Maps/FOTWO01.FOTWO01:PersistentLevel.FOTWO01'
[2017.08.25-13.12.24:409][423]LogBlueprintUserMessages: Late EndPlayMap Detection: Level '/Game/2DSideScrollerBP/Maps/FOTWO01.FOTWO01:PersistentLevel' has LevelScriptBlueprint '/Game/2DSideScrollerBP/Maps/FOTWO01.FOTWO01:PersistentLevel.FOTWO01' with GeneratedClass '/Game/2DSideScrollerBP/Maps/FOTWO01.FOTWO01_C' with ClassGeneratedBy '/Game/2DSideScrollerBP/Maps/FOTWO01.FOTWO01:PersistentLevel.FOTWO01'
[2017.08.25-13.12.27:224][586]LogTemp: Repeting last play command: Selected Viewport
[2017.08.25-13.12.27:246][586]LogBlueprintUserMessages: Early PlayInEditor Detection: Level '/Game/2DSideScrollerBP/Maps/FOTWO01.FOTWO01:PersistentLevel' has LevelScriptBlueprint '/Game/2DSideScrollerBP/Maps/FOTWO01.FOTWO01:PersistentLevel.FOTWO01' with GeneratedClass '/Game/2DSideScrollerBP/Maps/FOTWO01.FOTWO01_C' with ClassGeneratedBy '/Game/2DSideScrollerBP/Maps/FOTWO01.FOTWO01:PersistentLevel.FOTWO01'
[2017.08.25-13.12.27:246][586]LogPlayLevel: PlayLevel: No blueprints needed recompiling
[2017.08.25-13.12.27:247][586]PIE: New page: PIE session: FOTWO01 (25 Aug 2017 17:12:27)
[2017.08.25-13.12.27:247][586]LogPlayLevel: Creating play world package: /Game/2DSideScrollerBP/Maps/UEDPIE_0_FOTWO01
[2017.08.25-13.12.27:248][586]LogPlayLevel: PIE: StaticDuplicateObject took: (0.001249s)
[2017.08.25-13.12.27:248][586]LogAIModule: Creating AISystem for world FOTWO01
[2017.08.25-13.12.27:248][586]LogPlayLevel: PIE: World Init took: (0.000447s)
[2017.08.25-13.12.27:248][586]LogPlayLevel: PIE: Created PIE world by copying editor world from /Game/2DSideScrollerBP/Maps/FOTWO01.FOTWO01 to /Game/2DSideScrollerBP/Maps/UEDPIE_0_FOTWO01.FOTWO01 (0.001828s)
[2017.08.25-13.12.27:269][586]LogInit: XAudio2 using 'Headset Earphone (3- Microsoft LifeChat LX-3000)' : 2 channels at 48 kHz using 16 bits per sample (channel mask 0x3)
[2017.08.25-13.12.27:275][586]LogInit: FAudioDevice initialized.
[2017.08.25-13.12.27:308][586]LogLoad: Game class is 'FOTWOGameMode_C'
[2017.08.25-13.12.27:313][586]LogWorld: Bringing World /Game/2DSideScrollerBP/Maps/UEDPIE_0_FOTWO01.FOTWO01 up for play (max tick rate 60) at 2017.08.25-15.12.27
[2017.08.25-13.12.27:314][586]LogWorld: Bringing up level for play took: 0.002136
[2017.08.25-13.12.27:341][586]PIE: Info Play in editor start time for /Game/2DSideScrollerBP/Maps/UEDPIE_0_FOTWO01 0.271
[2017.08.25-13.12.27:342][586]LogBlueprintUserMessages: Late PlayInEditor Detection: Level '/Game/2DSideScrollerBP/Maps/FOTWO01.FOTWO01:PersistentLevel' has LevelScriptBlueprint '/Game/2DSideScrollerBP/Maps/FOTWO01.FOTWO01:PersistentLevel.FOTWO01' with GeneratedClass '/Game/2DSideScrollerBP/Maps/FOTWO01.FOTWO01_C' with ClassGeneratedBy '/Game/2DSideScrollerBP/Maps/FOTWO01.FOTWO01:PersistentLevel.FOTWO01'
[2017.08.25-13.12.39:819][334]LogBlueprintUserMessages: Early EndPlayMap Detection: Level '/Game/2DSideScrollerBP/Maps/FOTWO01.FOTWO01:PersistentLevel' has LevelScriptBlueprint '/Game/2DSideScrollerBP/Maps/FOTWO01.FOTWO01:PersistentLevel.FOTWO01' with GeneratedClass '/Game/2DSideScrollerBP/Maps/FOTWO01.FOTWO01_C' with ClassGeneratedBy '/Game/2DSideScrollerBP/Maps/FOTWO01.FOTWO01:PersistentLevel.FOTWO01'
[2017.08.25-13.12.39:862][334]LogBlueprintUserMessages: Late EndPlayMap Detection: Level '/Game/2DSideScrollerBP/Maps/FOTWO01.FOTWO01:PersistentLevel' has LevelScriptBlueprint '/Game/2DSideScrollerBP/Maps/FOTWO01.FOTWO01:PersistentLevel.FOTWO01' with GeneratedClass '/Game/2DSideScrollerBP/Maps/FOTWO01.FOTWO01_C' with ClassGeneratedBy '/Game/2DSideScrollerBP/Maps/FOTWO01.FOTWO01:PersistentLevel.FOTWO01'
[2017.08.25-13.13.57:944][404]LogSavePackage: Save=167.64ms
[2017.08.25-13.13.57:944][404]LogSavePackage: Moving '../../../../../../Unreal/FOTWO/source/FOTWO02/Saved/FOTWO01_Auto2F8C93DE0419F6AEDD439EA84B11E55D6.tmp' to '../../../../../../Unreal/FOTWO/source/FOTWO02/Saved/Autosaves/Game/2DSideScrollerBP/Maps/FOTWO01_Auto2.umap'
[2017.08.25-13.13.57:945][404]LogSavePackage:Display: Finished SavePackage ../../../../../../Unreal/FOTWO/source/FOTWO02/Saved/Autosaves/Game/2DSideScrollerBP/Maps/FOTWO01_Auto2.umap
[2017.08.25-13.13.57:947][404]LogFileHelpers: Editor autosave (incl. sublevels) for '/Game/2DSideScrollerBP/Maps/FOTWO01' took 0.246
[2017.08.25-13.13.57:947][404]LogFileHelpers: Editor autosave (incl. sublevels) for all levels took 0.246
[2017.08.25-13.44.48:385][826]LogTemp: Repeting last play command: Selected Viewport
[2017.08.25-13.44.48:407][826]LogBlueprintUserMessages: Early PlayInEditor Detection: Level '/Game/2DSideScrollerBP/Maps/FOTWO01.FOTWO01:PersistentLevel' has LevelScriptBlueprint '/Game/2DSideScrollerBP/Maps/FOTWO01.FOTWO01:PersistentLevel.FOTWO01' with GeneratedClass '/Game/2DSideScrollerBP/Maps/FOTWO01.FOTWO01_C' with ClassGeneratedBy '/Game/2DSideScrollerBP/Maps/FOTWO01.FOTWO01:PersistentLevel.FOTWO01'
[2017.08.25-13.44.48:407][826]LogPlayLevel: PlayLevel: No blueprints needed recompiling
[2017.08.25-13.44.48:407][826]PIE: New page: PIE session: FOTWO01 (25 Aug 2017 17:44:48)
[2017.08.25-13.44.48:407][826]LogPlayLevel: Creating play world package: /Game/2DSideScrollerBP/Maps/UEDPIE_0_FOTWO01
[2017.08.25-13.44.48:408][826]LogPlayLevel: PIE: StaticDuplicateObject took: (0.001543s)
[2017.08.25-13.44.48:409][826]LogAIModule: Creating AISystem for world FOTWO01
[2017.08.25-13.44.48:409][826]LogPlayLevel: PIE: World Init took: (0.000724s)
[2017.08.25-13.44.48:409][826]LogPlayLevel: PIE: Created PIE world by copying editor world from /Game/2DSideScrollerBP/Maps/FOTWO01.FOTWO01 to /Game/2DSideScrollerBP/Maps/UEDPIE_0_FOTWO01.FOTWO01 (0.002416s)
[2017.08.25-13.44.48:430][826]LogInit: XAudio2 using 'Headset Earphone (3- Microsoft LifeChat LX-3000)' : 2 channels at 48 kHz using 16 bits per sample (channel mask 0x3)
[2017.08.25-13.44.48:437][826]LogInit: FAudioDevice initialized.
[2017.08.25-13.44.48:472][826]LogLoad: Game class is 'FOTWOGameMode_C'
[2017.08.25-13.44.48:474][826]LogWorld: Bringing World /Game/2DSideScrollerBP/Maps/UEDPIE_0_FOTWO01.FOTWO01 up for play (max tick rate 60) at 2017.08.25-15.44.48
[2017.08.25-13.44.48:474][826]LogWorld: Bringing up level for play took: 0.001010
[2017.08.25-13.44.48:488][826]PIE: Info Play in editor start time for /Game/2DSideScrollerBP/Maps/UEDPIE_0_FOTWO01 -0.582
[2017.08.25-13.44.48:488][826]LogBlueprintUserMessages: Late PlayInEditor Detection: Level '/Game/2DSideScrollerBP/Maps/FOTWO01.FOTWO01:PersistentLevel' has LevelScriptBlueprint '/Game/2DSideScrollerBP/Maps/FOTWO01.FOTWO01:PersistentLevel.FOTWO01' with GeneratedClass '/Game/2DSideScrollerBP/Maps/FOTWO01.FOTWO01_C' with ClassGeneratedBy '/Game/2DSideScrollerBP/Maps/FOTWO01.FOTWO01:PersistentLevel.FOTWO01'
[2017.08.25-13.44.54:160][166]LogBlueprintUserMessages: Early EndPlayMap Detection: Level '/Game/2DSideScrollerBP/Maps/FOTWO01.FOTWO01:PersistentLevel' has LevelScriptBlueprint '/Game/2DSideScrollerBP/Maps/FOTWO01.FOTWO01:PersistentLevel.FOTWO01' with GeneratedClass '/Game/2DSideScrollerBP/Maps/FOTWO01.FOTWO01_C' with ClassGeneratedBy '/Game/2DSideScrollerBP/Maps/FOTWO01.FOTWO01:PersistentLevel.FOTWO01'
[2017.08.25-13.44.54:242][166]LogBlueprintUserMessages: Late EndPlayMap Detection: Level '/Game/2DSideScrollerBP/Maps/FOTWO01.FOTWO01:PersistentLevel' has LevelScriptBlueprint '/Game/2DSideScrollerBP/Maps/FOTWO01.FOTWO01:PersistentLevel.FOTWO01' with GeneratedClass '/Game/2DSideScrollerBP/Maps/FOTWO01.FOTWO01_C' with ClassGeneratedBy '/Game/2DSideScrollerBP/Maps/FOTWO01.FOTWO01:PersistentLevel.FOTWO01'
[2017.08.25-13.47.19:271][956]BlueprintLog: New page: Compile NationBAU
[2017.08.25-13.47.20:736][956]LogSavePackage: Save=622.68ms
[2017.08.25-13.47.20:736][956]LogSavePackage: Moving '../../../../../../Unreal/FOTWO/source/FOTWO02/Saved/NationBAUB4F30705449434E240F601BC6CCCB4C9.tmp' to '../../../../../../Unreal/FOTWO/source/FOTWO02/Content/2DSideScrollerBP/Blueprints/Simulation/NationBAU.uasset'
[2017.08.25-13.47.20:739][956]LogSavePackage:Display: Finished SavePackage ../../../../../../Unreal/FOTWO/source/FOTWO02/Content/2DSideScrollerBP/Blueprints/Simulation/NationBAU.uasset
[2017.08.25-13.47.22:987][ 81]LogTemp: Repeting last play command: Selected Viewport
[2017.08.25-13.47.23:015][ 81]LogBlueprintUserMessages: Early PlayInEditor Detection: Level '/Game/2DSideScrollerBP/Maps/FOTWO01.FOTWO01:PersistentLevel' has LevelScriptBlueprint '/Game/2DSideScrollerBP/Maps/FOTWO01.FOTWO01:PersistentLevel.FOTWO01' with GeneratedClass '/Game/2DSideScrollerBP/Maps/FOTWO01.FOTWO01_C' with ClassGeneratedBy '/Game/2DSideScrollerBP/Maps/FOTWO01.FOTWO01:PersistentLevel.FOTWO01'
[2017.08.25-13.47.23:015][ 81]LogPlayLevel: PlayLevel: No blueprints needed recompiling
[2017.08.25-13.47.23:015][ 81]PIE: New page: PIE session: FOTWO01 (25 Aug 2017 17:47:23)
[2017.08.25-13.47.23:016][ 81]LogPlayLevel: Creating play world package: /Game/2DSideScrollerBP/Maps/UEDPIE_0_FOTWO01
[2017.08.25-13.47.23:018][ 81]LogPlayLevel: PIE: StaticDuplicateObject took: (0.002085s)
[2017.08.25-13.47.23:018][ 81]LogAIModule: Creating AISystem for world FOTWO01
[2017.08.25-13.47.23:018][ 81]LogPlayLevel: PIE: World Init took: (0.000505s)
[2017.08.25-13.47.23:018][ 81]LogPlayLevel: PIE: Created PIE world by copying editor world from /Game/2DSideScrollerBP/Maps/FOTWO01.FOTWO01 to /Game/2DSideScrollerBP/Maps/UEDPIE_0_FOTWO01.FOTWO01 (0.002863s)
[2017.08.25-13.47.23:039][ 81]LogInit: XAudio2 using 'Headset Earphone (3- Microsoft LifeChat LX-3000)' : 2 channels at 48 kHz using 16 bits per sample (channel mask 0x3)
[2017.08.25-13.47.23:044][ 81]LogInit: FAudioDevice initialized.
[2017.08.25-13.47.23:076][ 81]LogLoad: Game class is 'FOTWOGameMode_C'
[2017.08.25-13.47.23:079][ 81]LogWorld: Bringing World /Game/2DSideScrollerBP/Maps/UEDPIE_0_FOTWO01.FOTWO01 up for play (max tick rate 60) at 2017.08.25-15.47.23
[2017.08.25-13.47.23:080][ 81]LogWorld: Bringing up level for play took: 0.001561
[2017.08.25-13.47.23:102][ 81]PIE: Info Play in editor start time for /Game/2DSideScrollerBP/Maps/UEDPIE_0_FOTWO01 0.032
[2017.08.25-13.47.23:102][ 81]LogBlueprintUserMessages: Late PlayInEditor Detection: Level '/Game/2DSideScrollerBP/Maps/FOTWO01.FOTWO01:PersistentLevel' has LevelScriptBlueprint '/Game/2DSideScrollerBP/Maps/FOTWO01.FOTWO01:PersistentLevel.FOTWO01' with GeneratedClass '/Game/2DSideScrollerBP/Maps/FOTWO01.FOTWO01_C' with ClassGeneratedBy '/Game/2DSideScrollerBP/Maps/FOTWO01.FOTWO01:PersistentLevel.FOTWO01'
[2017.08.25-13.48.00:030][296]LogBlueprintUserMessages: Early EndPlayMap Detection: Level '/Game/2DSideScrollerBP/Maps/FOTWO01.FOTWO01:PersistentLevel' has LevelScriptBlueprint '/Game/2DSideScrollerBP/Maps/FOTWO01.FOTWO01:PersistentLevel.FOTWO01' with GeneratedClass '/Game/2DSideScrollerBP/Maps/FOTWO01.FOTWO01_C' with ClassGeneratedBy '/Game/2DSideScrollerBP/Maps/FOTWO01.FOTWO01:PersistentLevel.FOTWO01'
[2017.08.25-13.48.00:075][296]LogBlueprintUserMessages: Late EndPlayMap Detection: Level '/Game/2DSideScrollerBP/Maps/FOTWO01.FOTWO01:PersistentLevel' has LevelScriptBlueprint '/Game/2DSideScrollerBP/Maps/FOTWO01.FOTWO01:PersistentLevel.FOTWO01' with GeneratedClass '/Game/2DSideScrollerBP/Maps/FOTWO01.FOTWO01_C' with ClassGeneratedBy '/Game/2DSideScrollerBP/Maps/FOTWO01.FOTWO01:PersistentLevel.FOTWO01'
[2017.08.25-13.48.36:500][ 76]BlueprintLog: New page: Compile NationBAU
[2017.08.25-13.48.37:965][ 76]LogSavePackage: Save=607.47ms
[2017.08.25-13.48.37:965][ 76]LogSavePackage: Moving '../../../../../../Unreal/FOTWO/source/FOTWO02/Saved/NationBAUE9DA76AB4A636982BE9705A5C4C16D2F.tmp' to '../../../../../../Unreal/FOTWO/source/FOTWO02/Content/2DSideScrollerBP/Blueprints/Simulation/NationBAU.uasset'
[2017.08.25-13.48.37:968][ 76]LogSavePackage:Display: Finished SavePackage ../../../../../../Unreal/FOTWO/source/FOTWO02/Content/2DSideScrollerBP/Blueprints/Simulation/NationBAU.uasset
[2017.08.25-13.48.39:733][176]LogTemp: Repeting last play command: Selected Viewport
[2017.08.25-13.48.39:752][176]LogBlueprintUserMessages: Early PlayInEditor Detection: Level '/Game/2DSideScrollerBP/Maps/FOTWO01.FOTWO01:PersistentLevel' has LevelScriptBlueprint '/Game/2DSideScrollerBP/Maps/FOTWO01.FOTWO01:PersistentLevel.FOTWO01' with GeneratedClass '/Game/2DSideScrollerBP/Maps/FOTWO01.FOTWO01_C' with ClassGeneratedBy '/Game/2DSideScrollerBP/Maps/FOTWO01.FOTWO01:PersistentLevel.FOTWO01'
[2017.08.25-13.48.39:752][176]LogPlayLevel: PlayLevel: No blueprints needed recompiling
[2017.08.25-13.48.39:752][176]PIE: New page: PIE session: FOTWO01 (25 Aug 2017 17:48:39)
[2017.08.25-13.48.39:752][176]LogPlayLevel: Creating play world package: /Game/2DSideScrollerBP/Maps/UEDPIE_0_FOTWO01
[2017.08.25-13.48.39:753][176]LogPlayLevel: PIE: StaticDuplicateObject took: (0.001529s)
[2017.08.25-13.48.39:754][176]LogAIModule: Creating AISystem for world FOTWO01
[2017.08.25-13.48.39:754][176]LogPlayLevel: PIE: World Init took: (0.000654s)
[2017.08.25-13.48.39:754][176]LogPlayLevel: PIE: Created PIE world by copying editor world from /Game/2DSideScrollerBP/Maps/FOTWO01.FOTWO01 to /Game/2DSideScrollerBP/Maps/UEDPIE_0_FOTWO01.FOTWO01 (0.002336s)
[2017.08.25-13.48.39:774][176]LogInit: XAudio2 using 'Headset Earphone (3- Microsoft LifeChat LX-3000)' : 2 channels at 48 kHz using 16 bits per sample (channel mask 0x3)
[2017.08.25-13.48.39:780][176]LogInit: FAudioDevice initialized.
[2017.08.25-13.48.39:812][176]LogLoad: Game class is 'FOTWOGameMode_C'
[2017.08.25-13.48.39:814][176]LogWorld: Bringing World /Game/2DSideScrollerBP/Maps/UEDPIE_0_FOTWO01.FOTWO01 up for play (max tick rate 60) at 2017.08.25-15.48.39
[2017.08.25-13.48.39:814][176]LogWorld: Bringing up level for play took: 0.001197
[2017.08.25-13.48.39:826][176]PIE: Info Play in editor start time for /Game/2DSideScrollerBP/Maps/UEDPIE_0_FOTWO01 0.755
[2017.08.25-13.48.39:826][176]LogBlueprintUserMessages: Late PlayInEditor Detection: Level '/Game/2DSideScrollerBP/Maps/FOTWO01.FOTWO01:PersistentLevel' has LevelScriptBlueprint '/Game/2DSideScrollerBP/Maps/FOTWO01.FOTWO01:PersistentLevel.FOTWO01' with GeneratedClass '/Game/2DSideScrollerBP/Maps/FOTWO01.FOTWO01_C' with ClassGeneratedBy '/Game/2DSideScrollerBP/Maps/FOTWO01.FOTWO01:PersistentLevel.FOTWO01'
[2017.08.25-13.50.44:039][611]LogBlueprintUserMessages: Early EndPlayMap Detection: Level '/Game/2DSideScrollerBP/Maps/FOTWO01.FOTWO01:PersistentLevel' has LevelScriptBlueprint '/Game/2DSideScrollerBP/Maps/FOTWO01.FOTWO01:PersistentLevel.FOTWO01' with GeneratedClass '/Game/2DSideScrollerBP/Maps/FOTWO01.FOTWO01_C' with ClassGeneratedBy '/Game/2DSideScrollerBP/Maps/FOTWO01.FOTWO01:PersistentLevel.FOTWO01'
[2017.08.25-13.50.44:137][611]LogBlueprintUserMessages: Late EndPlayMap Detection: Level '/Game/2DSideScrollerBP/Maps/FOTWO01.FOTWO01:PersistentLevel' has LevelScriptBlueprint '/Game/2DSideScrollerBP/Maps/FOTWO01.FOTWO01:PersistentLevel.FOTWO01' with GeneratedClass '/Game/2DSideScrollerBP/Maps/FOTWO01.FOTWO01_C' with ClassGeneratedBy '/Game/2DSideScrollerBP/Maps/FOTWO01.FOTWO01:PersistentLevel.FOTWO01'
[2017.08.25-13.50.52:112][ 65]BlueprintLog: New page: Compile NationBAU
[2017.08.25-13.50.53:548][ 65]LogSavePackage: Save=616.43ms
[2017.08.25-13.50.53:548][ 65]LogSavePackage: Moving '../../../../../../Unreal/FOTWO/source/FOTWO02/Saved/NationBAUF611EF134E8EDE63C8B990BA2B6075FD.tmp' to '../../../../../../Unreal/FOTWO/source/FOTWO02/Content/2DSideScrollerBP/Blueprints/Simulation/NationBAU.uasset'
[2017.08.25-13.50.53:552][ 65]LogSavePackage:Display: Finished SavePackage ../../../../../../Unreal/FOTWO/source/FOTWO02/Content/2DSideScrollerBP/Blueprints/Simulation/NationBAU.uasset
[2017.08.25-13.51.44:684][195]LogSavePackage: Save=115.65ms
[2017.08.25-13.51.44:685][195]LogSavePackage: Moving '../../../../../../Unreal/FOTWO/source/FOTWO02/Saved/FOTWO01_Auto3EC4749C047955C31E1136AABF6C2F34F.tmp' to '../../../../../../Unreal/FOTWO/source/FOTWO02/Saved/Autosaves/Game/2DSideScrollerBP/Maps/FOTWO01_Auto3.umap'
[2017.08.25-13.51.44:687][195]LogSavePackage:Display: Finished SavePackage ../../../../../../Unreal/FOTWO/source/FOTWO02/Saved/Autosaves/Game/2DSideScrollerBP/Maps/FOTWO01_Auto3.umap
[2017.08.25-13.51.44:690][195]LogFileHelpers: Editor autosave (incl. sublevels) for '/Game/2DSideScrollerBP/Maps/FOTWO01' took 0.196
[2017.08.25-13.51.44:690][195]LogFileHelpers: Editor autosave (incl. sublevels) for all levels took 0.196
[2017.08.25-13.54.16:329][929]LogSavePackage: Save=90.32ms
[2017.08.25-13.54.16:329][929]LogSavePackage: Moving '../../../../../../Unreal/FOTWO/source/FOTWO02/Saved/FOTWO01137A23AA433ABCC61521988CBE1015A5.tmp' to '../../../../../../Unreal/FOTWO/source/FOTWO02/Content/2DSideScrollerBP/Maps/FOTWO01.umap'
[2017.08.25-13.54.16:333][929]LogSavePackage:Display: Finished SavePackage ../../../../../../Unreal/FOTWO/source/FOTWO02/Content/2DSideScrollerBP/Maps/FOTWO01.umap
[2017.08.25-13.54.16:364][929]LogFileHelpers: Saving map 'FOTWO01' took 0.219
[2017.08.25-13.54.16:507][929]LogWindowsTextInputMethodSystem:Display: IME system now deactivated.
[2017.08.25-13.54.16:707][930]Cmd: QUIT_EDITOR
[2017.08.25-13.54.17:594][930]LogExit: Preparing to exit.
[2017.08.25-13.54.18:381][930]LogDirectoryWatcher: A directory notification for 'C:/Unreal/FOTWO/source/FOTWO02/Content/' was aborted.
[2017.08.25-13.54.18:441][930]LogExit: Editor shut down
[2017.08.25-13.54.18:468][930]LogExit: Transaction tracking system shut down
[2017.08.25-13.54.18:604][930]LogObj: Freed 0b from 0 cluster array pools.
[2017.08.25-13.54.18:604][930]LogExit: Object subsystem successfully closed.
[2017.08.25-13.54.18:628][930]LogD3D11RHI: Shutdown
[2017.08.25-13.54.18:628][930]LogD3D11RHI: CleanupD3DDevice
[2017.08.25-13.54.18:675][930]LogD3D11RHI: ~FD3D11DynamicRHI
[2017.08.25-13.54.18:694][930]LogModuleManager: Shutting down and abandoning module MovieSceneCapture (532)
[2017.08.25-13.54.18:694][930]LogModuleManager: Shutting down and abandoning module SequencerWidgets (530)
[2017.08.25-13.54.18:694][930]LogModuleManager: Shutting down and abandoning module BlueprintGraph (528)
[2017.08.25-13.54.18:694][930]LogModuleManager: Shutting down and abandoning module BlueprintProfiler (526)
[2017.08.25-13.54.18:695][930]LogModuleManager: Shutting down and abandoning module StatsViewer (524)
[2017.08.25-13.54.18:695][930]LogModuleManager: Shutting down and abandoning module HierarchicalLODOutliner (522)
[2017.08.25-13.54.18:695][930]LogModuleManager: Shutting down and abandoning module CrashTracker (520)
[2017.08.25-13.54.18:695][930]LogModuleManager: Shutting down and abandoning module SceneOutliner (518)
[2017.08.25-13.54.18:695][930]LogModuleManager: Shutting down and abandoning module AddContentDialog (516)
[2017.08.25-13.54.18:696][930]LogDirectoryWatcher: A directory notification for 'C:/Program Files/Epic Games/UE_4.16/FeaturePacks/' was aborted.
[2017.08.25-13.54.18:697][930]LogModuleManager: Shutting down and abandoning module WidgetCarousel (515)
[2017.08.25-13.54.18:697][930]LogModuleManager: Shutting down and abandoning module EditorWidgets (512)
[2017.08.25-13.54.18:697][930]LogModuleManager: Shutting down and abandoning module CollectionManager (510)
[2017.08.25-13.54.18:697][930]LogDirectoryWatcher: A directory notification for 'C:/Unreal/FOTWO/source/FOTWO02/Content/Collections/' was aborted.
[2017.08.25-13.54.18:697][930]LogDirectoryWatcher: A directory notification for 'C:/Unreal/FOTWO/source/FOTWO02/Content/Developers/vonkl/Collections/' was aborted.
[2017.08.25-13.54.18:697][930]LogDirectoryWatcher: A directory notification for 'C:/Unreal/FOTWO/source/FOTWO02/Saved/Collections/' was aborted.
[2017.08.25-13.54.18:697][930]LogModuleManager: Shutting down and abandoning module FoliageEdit (508)
[2017.08.25-13.54.18:697][930]LogModuleManager: Shutting down and abandoning module LandscapeEditor (506)
[2017.08.25-13.54.18:697][930]LogModuleManager: Shutting down and abandoning module MeshPaintMode (504)
[2017.08.25-13.54.18:697][930]LogModuleManager: Shutting down and abandoning module SceneDepthPickerMode (502)
[2017.08.25-13.54.18:697][930]LogModuleManager: Shutting down and abandoning module ActorPickerMode (500)
[2017.08.25-13.54.18:697][930]LogModuleManager: Shutting down and abandoning module GeometryMode (498)
[2017.08.25-13.54.18:697][930]LogModuleManager: Shutting down and abandoning module TextureAlignMode (496)
[2017.08.25-13.54.18:697][930]LogModuleManager: Shutting down and abandoning module BspMode (494)
[2017.08.25-13.54.18:697][930]LogModuleManager: Shutting down and abandoning module HardwareSurvey (492)
[2017.08.25-13.54.18:697][930]LogModuleManager: Shutting down and abandoning module SequenceRecorderSections (490)
[2017.08.25-13.54.18:697][930]LogModuleManager: Shutting down and abandoning module AutomationWorker (488)
[2017.08.25-13.54.18:697][930]LogModuleManager: Shutting down and abandoning module MatineeToLevelSequence (486)
[2017.08.25-13.54.18:697][930]LogModuleManager: Shutting down and abandoning module LevelSequenceEditor (484)
[2017.08.25-13.54.18:698][930]LogModuleManager: Shutting down and abandoning module PlacementMode (483)
[2017.08.25-13.54.18:698][930]LogModuleManager: Shutting down and abandoning module WmfMediaFactory (480)
[2017.08.25-13.54.18:698][930]LogModuleManager: Shutting down and abandoning module WmfMediaEditor (478)
[2017.08.25-13.54.18:698][930]LogModuleManager: Shutting down and abandoning module AvfMediaFactory (476)
[2017.08.25-13.54.18:698][930]LogModuleManager: Shutting down and abandoning module AvfMediaEditor (474)
[2017.08.25-13.54.18:698][930]LogModuleManager: Shutting down and abandoning module AndroidMediaFactory (472)
[2017.08.25-13.54.18:698][930]LogModuleManager: Shutting down and abandoning module Media (471)
[2017.08.25-13.54.18:698][930]LogModuleManager: Shutting down and abandoning module AndroidMediaEditor (468)
[2017.08.25-13.54.18:698][930]LogModuleManager: Shutting down and abandoning module CharacterAI (466)
[2017.08.25-13.54.18:698][930]LogModuleManager: Shutting down and abandoning module AudioCapture (464)
[2017.08.25-13.54.18:698][930]LogModuleManager: Shutting down and abandoning module SequenceRecorder (463)
[2017.08.25-13.54.18:698][930]LogModuleManager: Shutting down and abandoning module SmartSnapping (460)
[2017.08.25-13.54.18:698][930]LogModuleManager: Shutting down and abandoning module SessionServices (458)
[2017.08.25-13.54.18:698][930]LogModuleManager: Shutting down and abandoning module ViewportSnapping (456)
[2017.08.25-13.54.18:698][930]LogModuleManager: Shutting down and abandoning module ViewportInteraction (454)
[2017.08.25-13.54.18:698][930]LogModuleManager: Shutting down and abandoning module ClothPainter (452)
[2017.08.25-13.54.18:699][930]LogModuleManager: Shutting down and abandoning module LogVisualizer (450)
[2017.08.25-13.54.18:699][930]LogModuleManager: Shutting down and abandoning module IntroTutorials (448)
[2017.08.25-13.54.18:699][930]LogModuleManager: Shutting down and abandoning module GameProjectGeneration (447)
[2017.08.25-13.54.18:700][930]LogModuleManager: Shutting down and abandoning module EditorLiveStreaming (444)
[2017.08.25-13.54.18:700][930]LogModuleManager: Shutting down and abandoning module IOSPlatformEditor (442)
[2017.08.25-13.54.18:700][930]LogModuleManager: Shutting down and abandoning module HTML5PlatformEditor (440)
[2017.08.25-13.54.18:700][930]LogModuleManager: Shutting down and abandoning module AndroidPlatformEditor (438)
[2017.08.25-13.54.18:700][930]LogModuleManager: Shutting down and abandoning module AndroidDeviceDetection (437)
[2017.08.25-13.54.19:548][930]LogModuleManager: Shutting down and abandoning module IOSRuntimeSettings (434)
[2017.08.25-13.54.19:548][930]LogModuleManager: Shutting down and abandoning module AndroidRuntimeSettings (432)
[2017.08.25-13.54.19:548][930]LogModuleManager: Shutting down and abandoning module InputBindingEditor (430)
[2017.08.25-13.54.19:549][930]LogModuleManager: Shutting down and abandoning module MergeActors (428)
[2017.08.25-13.54.19:549][930]LogModuleManager: Shutting down and abandoning module SizeMap (426)
[2017.08.25-13.54.19:550][930]LogModuleManager: Shutting down and abandoning module TreeMap (424)
[2017.08.25-13.54.19:550][930]LogModuleManager: Shutting down and abandoning module ReferenceViewer (422)
[2017.08.25-13.54.19:550][930]LogModuleManager: Shutting down and abandoning module LocalizationDashboard (420)
[2017.08.25-13.54.19:551][930]LogModuleManager: Shutting down and abandoning module LocalizationService (419)
[2017.08.25-13.54.19:551][930]LogModuleManager: Shutting down and abandoning module HardwareTargeting (416)
[2017.08.25-13.54.19:551][930]LogModuleManager: Shutting down and abandoning module DeviceProfileEditor (414)
[2017.08.25-13.54.19:551][930]LogModuleManager: Shutting down and abandoning module UndoHistory (412)
[2017.08.25-13.54.19:551][930]LogModuleManager: Shutting down and abandoning module UserFeedback (410)
[2017.08.25-13.54.19:551][930]LogModuleManager: Shutting down and abandoning module XmlParser (408)
[2017.08.25-13.54.19:552][930]LogModuleManager: Shutting down and abandoning module Blutility (406)
[2017.08.25-13.54.19:552][930]LogModuleManager: Shutting down and abandoning module ProjectSettingsViewer (404)
[2017.08.25-13.54.19:552][930]LogModuleManager: Shutting down and abandoning module ProjectTargetPlatformEditor (403)
[2017.08.25-13.54.19:552][930]LogModuleManager: Shutting down and abandoning module EditorSettingsViewer (400)
[2017.08.25-13.54.19:552][930]LogModuleManager: Shutting down and abandoning module SettingsEditor (398)
[2017.08.25-13.54.19:552][930]LogModuleManager: Shutting down and abandoning module ProjectLauncher (396)
[2017.08.25-13.54.19:553][930]LogModuleManager: Shutting down and abandoning module SessionFrontend (394)
[2017.08.25-13.54.19:554][930]LogModuleManager: Shutting down and abandoning module ProfilerClient (392)
[2017.08.25-13.54.19:554][930]LogModuleManager: Shutting down and abandoning module DeviceManager (390)
[2017.08.25-13.54.19:554][930]LogModuleManager: Shutting down and abandoning module TargetDeviceServices (389)
[2017.08.25-13.54.19:607][930]LogModuleManager: Shutting down and abandoning module AutomationController (386)
[2017.08.25-13.54.19:607][930]LogModuleManager: Shutting down and abandoning module AutomationWindow (384)
[2017.08.25-13.54.19:608][930]LogModuleManager: Shutting down and abandoning module Layers (382)
[2017.08.25-13.54.19:609][930]LogModuleManager: Shutting down and abandoning module ComponentVisualizers (380)
[2017.08.25-13.54.19:609][930]LogModuleManager: Shutting down and abandoning module DetailCustomizations (378)
[2017.08.25-13.54.19:609][930]LogModuleManager: Shutting down and abandoning module PackagesDialog (376)
[2017.08.25-13.54.19:609][930]LogModuleManager: Shutting down and abandoning module Persona (374)
[2017.08.25-13.54.19:609][930]LogModuleManager: Shutting down and abandoning module AdvancedPreviewScene (373)
[2017.08.25-13.54.19:609][930]LogModuleManager: Shutting down and abandoning module AnimGraph (371)
[2017.08.25-13.54.19:609][930]LogModuleManager: Shutting down and abandoning module Kismet (368)
[2017.08.25-13.54.19:621][930]LogModuleManager: Shutting down and abandoning module ClassViewer (366)
[2017.08.25-13.54.19:621][930]LogModuleManager: Shutting down and abandoning module Toolbox (364)
[2017.08.25-13.54.19:621][930]LogModuleManager: Shutting down and abandoning module ModuleUI (362)
[2017.08.25-13.54.19:622][930]LogModuleManager: Shutting down and abandoning module MovieSceneTools (360)
[2017.08.25-13.54.19:622][930]LogModuleManager: Shutting down and abandoning module OutputLog (358)
[2017.08.25-13.54.19:622][930]LogModuleManager: Shutting down and abandoning module GammaUI (356)
[2017.08.25-13.54.19:622][930]LogModuleManager: Shutting down and abandoning module Documentation (354)
[2017.08.25-13.54.19:622][930]LogModuleManager: Shutting down and abandoning module MovieSceneTracks (352)
[2017.08.25-13.54.19:622][930]LogModuleManager: Shutting down and abandoning module MovieScene (350)
[2017.08.25-13.54.19:622][930]LogModuleManager: Shutting down and abandoning module Niagara (348)
[2017.08.25-13.54.19:623][930]LogModuleManager: Shutting down and abandoning module NiagaraEditor (347)
[2017.08.25-13.54.19:623][930]LogModuleManager: Shutting down and abandoning module StreamingPauseRendering (344)
[2017.08.25-13.54.19:623][930]LogModuleManager: Shutting down and abandoning module AnalyticsET (342)
[2017.08.25-13.54.19:623][930]LogModuleManager: Shutting down and abandoning module PortalServices (340)
[2017.08.25-13.54.19:623][930]LogModuleManager: Shutting down and abandoning module PortalRpc (338)
[2017.08.25-13.54.19:623][930]LogModuleManager: Shutting down and abandoning module MessagingRpc (336)
[2017.08.25-13.54.19:623][930]LogModuleManager: Shutting down and abandoning module AIModule (334)
[2017.08.25-13.54.19:623][930]LogModuleManager: Shutting down and abandoning module GameplayDebugger (333)
[2017.08.25-13.54.19:623][930]LogModuleManager: Shutting down and abandoning module AITestSuite (331)
[2017.08.25-13.54.19:623][930]LogModuleManager: Shutting down and abandoning module ProfilerService (328)
[2017.08.25-13.54.19:634][930]LogModuleManager: Shutting down and abandoning module TaskGraph (326)
[2017.08.25-13.54.19:634][930]LogModuleManager: Shutting down and abandoning module SteamVRController (324)
[2017.08.25-13.54.19:634][930]LogModuleManager: Shutting down and abandoning module SteamVR (322)
[2017.08.25-13.54.19:634][930]LogModuleManager: Shutting down and abandoning module ProceduralMeshComponentEditor (320)
[2017.08.25-13.54.19:634][930]LogModuleManager: Shutting down and abandoning module ProceduralMeshComponent (318)
[2017.08.25-13.54.19:634][930]LogModuleManager: Shutting down and abandoning module OculusLibrary (316)
[2017.08.25-13.54.19:634][930]LogModuleManager: Shutting down and abandoning module OculusInput (314)
[2017.08.25-13.54.19:634][930]LogModuleManager: Shutting down and abandoning module MobilePatchingUtils (312)
[2017.08.25-13.54.19:634][930]LogModuleManager: Shutting down and abandoning module CustomMeshComponent (310)
[2017.08.25-13.54.19:634][930]LogModuleManager: Shutting down and abandoning module CableComponent (308)
[2017.08.25-13.54.19:635][930]LogModuleManager: Shutting down and abandoning module ArchVisCharacter (306)
[2017.08.25-13.54.19:635][930]LogModuleManager: Shutting down and abandoning module AndroidPermission (304)
[2017.08.25-13.54.19:635][930]LogModuleManager: Shutting down and abandoning module MediaPlayerEditor (300)
[2017.08.25-13.54.19:635][930]LogModuleManager: Shutting down and abandoning module HTML5Networking (298)
[2017.08.25-13.54.19:635][930]LogModuleManager: Shutting down and abandoning module AlembicImporter (296)
[2017.08.25-13.54.19:635][930]LogModuleManager: Shutting down and abandoning module AlembicLibrary (295)
[2017.08.25-13.54.19:635][930]LogModuleManager: Shutting down and abandoning module GeometryCache (294)
[2017.08.25-13.54.19:635][930]LogModuleManager: Shutting down and abandoning module GeometryCacheEd (293)
[2017.08.25-13.54.19:635][930]LogModuleManager: Shutting down and abandoning module SuperSearchEditor (288)
[2017.08.25-13.54.19:635][930]LogModuleManager: Shutting down and abandoning module SuperSearch (287)
[2017.08.25-13.54.19:635][930]LogModuleManager: Shutting down and abandoning module SpeedTreeImporter (284)
[2017.08.25-13.54.19:635][930]LogModuleManager: Shutting down and abandoning module PluginBrowser (282)
[2017.08.25-13.54.19:635][930]LogModuleManager: Shutting down and abandoning module MobileLauncherProfileWizard (280)
[2017.08.25-13.54.19:635][930]LogModuleManager: Shutting down and abandoning module VisualStudioSourceCodeAccess (278)
[2017.08.25-13.54.19:635][930]LogModuleManager: Shutting down and abandoning module DesktopPlatform (277)
[2017.08.25-13.54.19:635][930]LogModuleManager: Shutting down and abandoning module UObjectPlugin (274)
[2017.08.25-13.54.19:635][930]LogModuleManager: Shutting down and abandoning module SubversionSourceControl (272)
[2017.08.25-13.54.19:635][930]LogModuleManager: Shutting down and abandoning module PerforceSourceControl (270)
[2017.08.25-13.54.19:635][930]LogModuleManager: Shutting down and abandoning module GitSourceControl (268)
[2017.08.25-13.54.19:635][930]LogModuleManager: Shutting down and abandoning module SourceControl (267)
[2017.08.25-13.54.19:635][930]LogModuleManager: Shutting down and abandoning module LightPropagationVolumeEditor (264)
[2017.08.25-13.54.19:635][930]LogModuleManager: Shutting down and abandoning module PaperTiledImporter (262)
[2017.08.25-13.54.19:635][930]LogModuleManager: Shutting down and abandoning module PaperSpriteSheetImporter (260)
[2017.08.25-13.54.19:635][930]LogModuleManager: Shutting down and abandoning module Paper2DEditor (258)
[2017.08.25-13.54.19:635][930]LogModuleManager: Shutting down and abandoning module MeshPaint (257)
[2017.08.25-13.54.19:635][930]LogModuleManager: Shutting down and abandoning module LevelEditor (255)
[2017.08.25-13.54.19:636][930]LogModuleManager: Shutting down and abandoning module PixelInspectorModule (254)
[2017.08.25-13.54.19:636][930]LogModuleManager: Shutting down and abandoning module MainFrame (252)
[2017.08.25-13.54.19:636][930]LogModuleManager: Shutting down and abandoning module HotReload (251)
[2017.08.25-13.54.19:637][930]LogModuleManager: Shutting down and abandoning module PhysXVehiclesEditor (246)
[2017.08.25-13.54.19:637][930]LogModuleManager: Shutting down and abandoning module PhysXVehicles (244)
[2017.08.25-13.54.19:637][930]LogModuleManager: Shutting down and abandoning module LocationServicesBPLibrary (242)
[2017.08.25-13.54.19:637][930]LogModuleManager: Shutting down and abandoning module ImmediatePhysicsEditor (240)
[2017.08.25-13.54.19:637][930]LogModuleManager: Shutting down and abandoning module ImmediatePhysics (238)
[2017.08.25-13.54.19:637][930]LogModuleManager: Shutting down and abandoning module UdpMessaging (236)
[2017.08.25-13.54.19:737][930]LogModuleManager: Shutting down and abandoning module TcpMessaging (234)
[2017.08.25-13.54.19:838][930]LogModuleManager: Shutting down and abandoning module GameplayTagsEditor (232)
[2017.08.25-13.54.19:838][930]LogModuleManager: Shutting down and abandoning module FacialAnimationEditor (230)
[2017.08.25-13.54.19:839][930]LogModuleManager: Shutting down and abandoning module FacialAnimation (228)
[2017.08.25-13.54.19:839][930]LogModuleManager: Shutting down and abandoning module AssetManagerEditor (226)
[2017.08.25-13.54.19:839][930]LogModuleManager: Shutting down and abandoning module GraphEditor (225)
[2017.08.25-13.54.19:839][930]LogModuleManager: Shutting down and abandoning module ContentBrowser (223)
[2017.08.25-13.54.19:840][930]LogModuleManager: Shutting down and abandoning module LightPropagationVolumeRuntime (220)
[2017.08.25-13.54.19:840][930]LogModuleManager: Shutting down and abandoning module Paper2D (218)
[2017.08.25-13.54.19:840][930]LogModuleManager: Shutting down and abandoning module WindowsMoviePlayer (216)
[2017.08.25-13.54.19:840][930]LogModuleManager: Shutting down and abandoning module WmfMedia (214)
[2017.08.25-13.54.19:841][930]LogModuleManager: Shutting down and abandoning module ClothingSystemEditor (212)
[2017.08.25-13.54.19:841][930]LogModuleManager: Shutting down and abandoning module ClothingSystemRuntime (210)
[2017.08.25-13.54.19:841][930]LogModuleManager: Shutting down and abandoning module MediaAssets (208)
[2017.08.25-13.54.19:841][930]LogModuleManager: Shutting down and abandoning module GameLiveStreaming (206)
[2017.08.25-13.54.19:841][930]LogModuleManager: Shutting down and abandoning module VREditor (204)
[2017.08.25-13.54.19:841][930]LogModuleManager: Shutting down and abandoning module StringTableEditor (202)
[2017.08.25-13.54.19:842][930]LogModuleManager: Shutting down and abandoning module GameplayTasksEditor (200)
[2017.08.25-13.54.19:842][930]LogModuleManager: Shutting down and abandoning module BehaviorTreeEditor (198)
[2017.08.25-13.54.19:842][930]LogModuleManager: Shutting down and abandoning module FunctionalTesting (196)
[2017.08.25-13.54.19:842][930]LogModuleManager: Shutting down and abandoning module CollisionAnalyzer (194)
[2017.08.25-13.54.19:843][930]LogModuleManager: Shutting down and abandoning module UMG (192)
[2017.08.25-13.54.19:843][930]LogModuleManager: Shutting down and abandoning module UMGEditor (191)
[2017.08.25-13.54.19:843][930]LogModuleManager: Shutting down and abandoning module Sequencer (190)
[2017.08.25-13.54.19:843][930]LogModuleManager: Shutting down and abandoning module AssetTools (188)
[2017.08.25-13.54.19:844][930]LogModuleManager: Shutting down and abandoning module MessageLog (187)
[2017.08.25-13.54.19:844][930]LogModuleManager: Shutting down and abandoning module WorkspaceMenuStructure (186)
[2017.08.25-13.54.19:844][930]LogModuleManager: Shutting down and abandoning module SlateReflector (180)
[2017.08.25-13.54.19:845][930]LogModuleManager: Shutting down and abandoning module Slate (178)
[2017.08.25-13.54.19:845][930]LogModuleManager: Shutting down and abandoning module EditorStyle (176)
[2017.08.25-13.54.19:849][930]LogModuleManager: Shutting down and abandoning module SourceCodeAccess (174)
[2017.08.25-13.54.19:849][930]LogModuleManager: Shutting down and abandoning module HeadMountedDisplay (172)
[2017.08.25-13.54.19:849][930]LogModuleManager: Shutting down and abandoning module XAudio2 (170)
[2017.08.25-13.54.19:849][930]LogModuleManager: Shutting down and abandoning module Networking (168)
[2017.08.25-13.54.19:849][930]LogModuleManager: Shutting down and abandoning module Core (164)
[2017.08.25-13.54.19:849][930]LogModuleManager: Shutting down and abandoning module AssetRegistry (162)
[2017.08.25-13.54.20:114][930]LogDirectoryWatcher: A directory notification for '../../../Engine/Content/' was aborted.
[2017.08.25-13.54.20:114][930]LogDirectoryWatcher: A directory notification for '../../../../../../Unreal/FOTWO/source/FOTWO02/Content/' was aborted.
[2017.08.25-13.54.20:114][930]LogDirectoryWatcher: A directory notification for '../../../Engine/Plugins/2D/Paper2D/Content/' was aborted.
[2017.08.25-13.54.20:114][930]LogDirectoryWatcher: A directory notification for '../../../Engine/Plugins/Runtime/GearVR/Content/' was aborted.
[2017.08.25-13.54.20:121][930]LogModuleManager: Shutting down and abandoning module DirectoryWatcher (161)
[2017.08.25-13.54.20:122][930]LogModuleManager: Shutting down and abandoning module KismetCompiler (158)
[2017.08.25-13.54.20:122][930]LogModuleManager: Shutting down and abandoning module LevelSequence (156)
[2017.08.25-13.54.20:122][930]LogModuleManager: Shutting down and abandoning module PhysXFormats (154)
[2017.08.25-13.54.20:122][930]LogModuleManager: Shutting down and abandoning module MeshUtilities (152)
[2017.08.25-13.54.20:122][930]LogModuleManager: Shutting down and abandoning module SimplygonSwarm (151)
[2017.08.25-13.54.20:122][930]LogModuleManager: Shutting down and abandoning module SimplygonMeshReduction (149)
[2017.08.25-13.54.20:122][930]LogModuleManager: Shutting down and abandoning module QuadricMeshReduction (147)
[2017.08.25-13.54.20:122][930]LogModuleManager: Shutting down and abandoning module DerivedDataCache (144)
[2017.08.25-13.54.20:221][930]LogDerivedDataCache: Shutdown
[2017.08.25-13.54.20:221][930]LogModuleManager: Shutting down and abandoning module TargetPlatform (142)
[2017.08.25-13.54.20:221][930]LogModuleManager: Shutting down and abandoning module VulkanShaderFormat (141)
[2017.08.25-13.54.20:221][930]LogModuleManager: Shutting down and abandoning module ShaderFormatVectorVM (139)
[2017.08.25-13.54.20:222][930]LogModuleManager: Shutting down and abandoning module ShaderFormatOpenGL (137)
[2017.08.25-13.54.20:223][930]LogModuleManager: Shutting down and abandoning module ShaderFormatD3D (135)
[2017.08.25-13.54.20:223][930]LogModuleManager: Shutting down and abandoning module MetalShaderFormat (133)
[2017.08.25-13.54.20:224][930]LogModuleManager: Shutting down and abandoning module TextureFormatUncompressed (131)
[2017.08.25-13.54.20:224][930]LogModuleManager: Shutting down and abandoning module TextureFormatPVR (129)
[2017.08.25-13.54.20:224][930]LogModuleManager: Shutting down and abandoning module TextureFormatDXT (127)
[2017.08.25-13.54.20:224][930]LogModuleManager: Shutting down and abandoning module TextureFormatIntelISPCTexComp (125)
[2017.08.25-13.54.20:224][930]LogModuleManager: Shutting down and abandoning module TextureFormatASTC (123)
[2017.08.25-13.54.20:224][930]LogModuleManager: Shutting down and abandoning module ImageWrapper (122)
[2017.08.25-13.54.20:224][930]LogModuleManager: Shutting down and abandoning module TextureFormatAndroid (119)
[2017.08.25-13.54.20:225][930]LogModuleManager: Shutting down and abandoning module AudioFormatOpus (117)
[2017.08.25-13.54.20:225][930]LogModuleManager: Shutting down and abandoning module AudioFormatOgg (115)
[2017.08.25-13.54.20:225][930]LogModuleManager: Shutting down and abandoning module AudioFormatADPCM (113)
[2017.08.25-13.54.20:225][930]LogModuleManager: Shutting down and abandoning module LinuxTargetPlatform (111)
[2017.08.25-13.54.20:225][930]LogModuleManager: Shutting down and abandoning module LinuxServerTargetPlatform (109)
[2017.08.25-13.54.20:225][930]LogModuleManager: Shutting down and abandoning module LinuxNoEditorTargetPlatform (107)
[2017.08.25-13.54.20:225][930]LogModuleManager: Shutting down and abandoning module LinuxClientTargetPlatform (105)
[2017.08.25-13.54.20:225][930]LogModuleManager: Shutting down and abandoning module TVOSTargetPlatform (103)
[2017.08.25-13.54.20:225][930]LogModuleManager: Shutting down and abandoning module Messaging (101)
[2017.08.25-13.54.20:225][930]LogModuleManager: Shutting down and abandoning module IOSTargetPlatform (99)
[2017.08.25-13.54.20:225][930]LogModuleManager: Shutting down and abandoning module HTML5TargetPlatform (97)
[2017.08.25-13.54.20:225][930]LogModuleManager: Shutting down and abandoning module Android_PVRTCTargetPlatform (95)
[2017.08.25-13.54.20:225][930]LogModuleManager: Shutting down and abandoning module Android_MultiTargetPlatform (93)
[2017.08.25-13.54.20:225][930]LogModuleManager: Shutting down and abandoning module Android_ETC2TargetPlatform (91)
[2017.08.25-13.54.20:225][930]LogModuleManager: Shutting down and abandoning module Android_ETC1TargetPlatform (89)
[2017.08.25-13.54.20:225][930]LogModuleManager: Shutting down and abandoning module Android_DXTTargetPlatform (87)
[2017.08.25-13.54.20:225][930]LogModuleManager: Shutting down and abandoning module Android_ATCTargetPlatform (85)
[2017.08.25-13.54.20:225][930]LogModuleManager: Shutting down and abandoning module Android_ASTCTargetPlatform (83)
[2017.08.25-13.54.20:225][930]LogModuleManager: Shutting down and abandoning module AndroidTargetPlatform (81)
[2017.08.25-13.54.20:225][930]LogModuleManager: Shutting down and abandoning module WindowsTargetPlatform (79)
[2017.08.25-13.54.20:225][930]LogModuleManager: Shutting down and abandoning module WindowsServerTargetPlatform (77)
[2017.08.25-13.54.20:225][930]LogModuleManager: Shutting down and abandoning module WindowsNoEditorTargetPlatform (75)
[2017.08.25-13.54.20:226][930]LogModuleManager: Shutting down and abandoning module WindowsClientTargetPlatform (73)
[2017.08.25-13.54.20:226][930]LogModuleManager: Shutting down and abandoning module MacTargetPlatform (71)
[2017.08.25-13.54.20:226][930]LogModuleManager: Shutting down and abandoning module MacServerTargetPlatform (69)
[2017.08.25-13.54.20:226][930]LogModuleManager: Shutting down and abandoning module MacNoEditorTargetPlatform (67)
[2017.08.25-13.54.20:226][930]LogModuleManager: Shutting down and abandoning module MacClientTargetPlatform (65)
[2017.08.25-13.54.20:226][930]LogModuleManager: Shutting down and abandoning module AllDesktopTargetPlatform (63)
[2017.08.25-13.54.20:226][930]LogModuleManager: Shutting down and abandoning module InputCore (60)
[2017.08.25-13.54.20:226][930]LogModuleManager: Shutting down and abandoning module Settings (58)
[2017.08.25-13.54.20:226][930]LogModuleManager: Shutting down and abandoning module OculusRift (56)
[2017.08.25-13.54.20:226][930]LogModuleManager: Shutting down and abandoning module GearVRController (54)
[2017.08.25-13.54.20:226][930]LogModuleManager: Shutting down and abandoning module GearVR (52)
[2017.08.25-13.54.20:226][930]LogModuleManager: Shutting down and abandoning module ExampleDeviceProfileSelector (50)
[2017.08.25-13.54.20:226][930]LogModuleManager: Shutting down and abandoning module OnlineBlueprintSupport (48)
[2017.08.25-13.54.20:226][930]LogModuleManager: Shutting down and abandoning module OnlineSubsystem (44)
[2017.08.25-13.54.20:226][930]LogOnline:Display: Unloading online subsystem: NULL
[2017.08.25-13.54.20:227][930]LogModuleManager: Shutting down and abandoning module XMPP (43)
[2017.08.25-13.54.20:228][930]LogModuleManager: Shutting down and abandoning module HTTP (41)
[2017.08.25-13.54.20:228][930]LogHttp:Display: Http module shutting down, but needs to wait on 1 outstanding Http requests:
[2017.08.25-13.54.20:228][930]LogHttp:Display: 	verb=[POST] url=[https://datarouter.ol.epicgames.com/datarouter/api/v1/public/data?SessionID=%7B373AFF3A-443F-DBF2-0F13-25A3F3FF71F1%7D&AppID=UEEditor.Rocket.Release&AppVersion=4.16.3-3561208%2B%2B%2BUE4%2BRelease-4.16&UserID=f07af55e4db0c636e0c073a1312074d9%7Caa7a108f70184e1b92fdd786c25cd9b8%7Caeab9882-b6f4-4a22-991a-718da4fba234&AppEnvironment=datacollector-binary&UploadType=eteventstream] status=Processing
[2017.08.25-13.54.20:258][930]LogModuleManager: Shutting down and abandoning module SSL (40)
[2017.08.25-13.54.20:262][930]LogModuleManager: Shutting down and abandoning module HTTPChunkInstaller (36)
[2017.08.25-13.54.20:263][930]LogModuleManager: Shutting down and abandoning module AnimationModifiers (34)
[2017.08.25-13.54.20:263][930]LogModuleManager: Shutting down and abandoning module PropertyEditor (33)
[2017.08.25-13.54.20:264][930]LogModuleManager: Shutting down and abandoning module AudioEditor (30)
[2017.08.25-13.54.20:264][930]LogModuleManager: Shutting down and abandoning module TextureCompressor (28)
[2017.08.25-13.54.20:264][930]LogModuleManager: Shutting down and abandoning module ShaderCore (26)
[2017.08.25-13.54.20:264][930]LogModuleManager: Shutting down and abandoning module Landscape (24)
[2017.08.25-13.54.20:264][930]LogModuleManager: Shutting down and abandoning module SlateRHIRenderer (22)
[2017.08.25-13.54.20:268][930]LogModuleManager: Shutting down and abandoning module OpenGLDrv (20)
[2017.08.25-13.54.20:269][930]LogModuleManager: Shutting down and abandoning module D3D11RHI (18)
[2017.08.25-13.54.20:269][930]LogModuleManager: Shutting down and abandoning module AnimGraphRuntime (16)
[2017.08.25-13.54.20:269][930]LogModuleManager: Shutting down and abandoning module Renderer (14)
[2017.08.25-13.54.20:269][930]LogModuleManager: Shutting down and abandoning module Engine (12)
[2017.08.25-13.54.20:269][930]LogModuleManager: Shutting down and abandoning module CoreUObject (10)
[2017.08.25-13.54.20:269][930]LogModuleManager: Shutting down and abandoning module NetworkFile (8)
[2017.08.25-13.54.20:269][930]LogModuleManager: Shutting down and abandoning module StreamingFile (6)
[2017.08.25-13.54.20:269][930]LogModuleManager: Shutting down and abandoning module SandboxFile (4)
[2017.08.25-13.54.20:269][930]LogModuleManager: Shutting down and abandoning module PakFile (2)
[2017.08.25-13.54.20:273][930]LogExit: Exiting.
[2017.08.25-13.54.20:309][930]Log file closed, 08/25/17 15:54:20
