Log file open, 07/06/17 13:03:49
LogInit:Display: Running engine for game: FOTWO02
LogPlatformFile: Not using cached read wrapper
LogInit:Display: RandInit(1911284228) SRandInit(1911284228).
LogTaskGraph: Started task graph with 5 named threads and 8 total threads with 1 sets of task threads.
LogStats: Stats thread started at 0.083978
LogInit: Using libcurl 7.47.1
LogInit:  - built for x86_64-pc-win32
LogInit:  - supports SSL with OpenSSL/1.0.2g
LogInit:  - supports HTTP deflate (compression) using libz 1.2.8
LogInit:  - other features:
LogInit:      CURL_VERSION_SSL
LogInit:      CURL_VERSION_LIBZ
LogInit:      CURL_VERSION_IPV6
LogInit:      CURL_VERSION_ASYNCHDNS
LogInit:      CURL_VERSION_LARGEFILE
LogInit:      CURL_VERSION_IDN
LogInit:  CurlRequestOptions (configurable via config and command line):
LogInit:  - bVerifyPeer = false  - Libcurl will NOT verify peer certificate
LogInit:  - bUseHttpProxy = false  - Libcurl will NOT use HTTP proxy
LogInit:  - bDontReuseConnections = false  - Libcurl will reuse connections
LogInit:  - CertBundlePath = nullptr  - Libcurl will use whatever was configured at build time.
LogInit: Build: ++UE4+Release-4.16-CL-3514769
LogInit: Engine Version: 4.16.2-3514769+++UE4+Release-4.16
LogInit: Compatible Engine Version: 4.16.0-3452394+++UE4+Release-4.16
LogInit: Net CL: 3452394
LogDevObjectVersion: Number of dev versions registered: 16
LogDevObjectVersion:   Dev-Blueprints (B0D832E4-1F89-4F0D-ACCF-7EB736FD4AA2): 9
LogDevObjectVersion:   Dev-Build (E1C64328-A22C-4D53-A36C-8E866417BD8C): 0
LogDevObjectVersion:   Dev-Core (375EC13C-06E4-48FB-B500-84F0262A717E): 2
LogDevObjectVersion:   Dev-Editor (E4B068ED-F494-42E9-A231-DA0B2E46BB41): 17
LogDevObjectVersion:   Dev-Framework (CFFC743F-43B0-4480-9391-14DF171D2073): 23
LogDevObjectVersion:   Dev-Mobile (B02B49B5-BB20-44E9-A304-32B752E40360): 0
LogDevObjectVersion:   Dev-Networking (A4E4105C-59A1-49B5-A7C5-40C4547EDFEE): 0
LogDevObjectVersion:   Dev-Online (39C831C9-5AE6-47DC-9A44-9C173E1C8E7C): 0
LogDevObjectVersion:   Dev-Physics (78F01B33-EBEA-4F98-B9B4-84EACCB95AA2): 0
LogDevObjectVersion:   Dev-Platform (6631380F-2D4D-43E0-8009-CF276956A95A): 0
LogDevObjectVersion:   Dev-Rendering (12F88B9F-8875-4AFC-A67C-D90C383ABD29): 15
LogDevObjectVersion:   Dev-Sequencer (7B5AE74C-D270-4C10-A958-57980B212A5A): 4
LogDevObjectVersion:   Dev-VR (D7296918-1DD6-4BDD-9DE2-64A83CC13884): 0
LogDevObjectVersion:   Dev-LoadTimes (C2A15278-BFE7-4AFE-6C17-90FF531DF755): 1
LogDevObjectVersion:   Private-Geometry (6EACA3D4-40EC-4CC1-B786-8BED09428FC5): 1
LogDevObjectVersion:   Dev-AnimPhys (29E575DD-E0A3-4627-9D10-D276232CDCEA): 3
LogInit: Compiled (64-bit): Jun 29 2017 02:03:24
LogInit: Compiled with Visual C++: 19.00.24215.01
LogInit: Build Configuration: Development
LogInit: Branch Name: ++UE4+Release-4.16
LogInit: Command line:  
LogInit: Base directory: C:/Program Files/Epic Games/UE_4.16/Engine/Binaries/Win64/
LogInit: Installed Engine Build: 1
LogInit: Presizing for max 8388607 objects, including 0 objects not considered by GC, pre-allocating 0 bytes for permanent pool.
LogInit: Object subsystem initialized
[2017.07.06-11.03.49:485][  0]LogInit: Selected Device Profile: [Windows]
[2017.07.06-11.03.49:485][  0]LogInit: Applying CVar settings loaded from the selected device profile: [Windows]
[2017.07.06-11.03.49:506][  0]LogInit: Computer: KLAUDE2017ALIEN
[2017.07.06-11.03.49:506][  0]LogInit: User: vonkl
[2017.07.06-11.03.49:506][  0]LogInit: CPU Page size=4096, Cores=4
[2017.07.06-11.03.49:506][  0]LogInit: High frequency timer resolution =2.742188 MHz
[2017.07.06-11.03.49:506][  0]LogMemory: Memory total: Physical=15.9GB (16GB approx)
[2017.07.06-11.03.49:506][  0]LogMemory: Platform Memory Stats for Windows
[2017.07.06-11.03.49:506][  0]LogMemory: Process Physical Memory: 274.02 MB used, 274.02 MB peak
[2017.07.06-11.03.49:507][  0]LogMemory: Process Virtual Memory: 265.05 MB used, 265.05 MB peak
[2017.07.06-11.03.49:507][  0]LogMemory: Physical Memory: 5786.57 MB used,  10470.40 MB free, 16256.98 MB total
[2017.07.06-11.03.49:507][  0]LogMemory: Virtual Memory: 642.60 MB used,  10470.40 MB free, 134217728.00 MB total
[2017.07.06-11.03.49:574][  0]LogInit: Using OS detected language (en-GB).
[2017.07.06-11.03.49:574][  0]LogInit: Using OS detected locale (en-GB).
[2017.07.06-11.03.49:576][  0]LogTextLocalizationManager: No specific localization for 'en-GB' exists, so the 'en' localization will be used.
[2017.07.06-11.03.50:356][  0]LogD3D11RHI: D3D11 adapters:
[2017.07.06-11.03.50:914][  0]LogD3D11RHI:    0. 'NVIDIA GeForce GTX 1060' (Feature Level 11_0)
[2017.07.06-11.03.50:914][  0]LogD3D11RHI:       6084/0/8128 MB DedicatedVideo/DedicatedSystem/SharedSystem, Outputs:1, VendorId:0x10de
[2017.07.06-11.03.50:936][  0]LogD3D11RHI:    1. 'Intel(R) HD Graphics 630' (Feature Level 11_0)
[2017.07.06-11.03.50:936][  0]LogD3D11RHI:       128/0/8128 MB DedicatedVideo/DedicatedSystem/SharedSystem, Outputs:0, VendorId:0x8086
[2017.07.06-11.03.50:937][  0]LogD3D11RHI:    2. 'Microsoft Basic Render Driver' (Feature Level 11_0)
[2017.07.06-11.03.50:937][  0]LogD3D11RHI:       0/0/8128 MB DedicatedVideo/DedicatedSystem/SharedSystem, Outputs:0, VendorId:0x1414
[2017.07.06-11.03.50:937][  0]LogD3D11RHI: Chosen D3D11 Adapter: 0
[2017.07.06-11.03.50:942][  0]LogD3D11RHI: Creating new Direct3DDevice
[2017.07.06-11.03.50:942][  0]LogD3D11RHI:     GPU DeviceId: 0x1c60 (for the marketing name, search the web for "GPU Device Id")
[2017.07.06-11.03.50:942][  0]LogWindows: EnumDisplayDevices:
[2017.07.06-11.03.50:942][  0]LogWindows:    0. 'NVIDIA GeForce GTX 1060' (P:1 D:1)
[2017.07.06-11.03.50:942][  0]LogWindows:    1. 'NVIDIA GeForce GTX 1060' (P:0 D:0)
[2017.07.06-11.03.50:942][  0]LogWindows:    2. 'NVIDIA GeForce GTX 1060' (P:0 D:0)
[2017.07.06-11.03.50:942][  0]LogWindows:    3. 'NVIDIA GeForce GTX 1060' (P:0 D:0)
[2017.07.06-11.03.50:943][  0]LogWindows:    4. 'Intel(R) HD Graphics 630' (P:0 D:0)
[2017.07.06-11.03.50:943][  0]LogWindows:    5. 'Intel(R) HD Graphics 630' (P:0 D:0)
[2017.07.06-11.03.50:943][  0]LogWindows:    6. 'Intel(R) HD Graphics 630' (P:0 D:0)
[2017.07.06-11.03.50:943][  0]LogWindows: DebugString: PrimaryIsNotTheChoosenAdapter PrimaryIsNotTheChoosenAdapter PrimaryIsNotTheChoosenAdapter FoundDriverCount:4 
[2017.07.06-11.03.50:943][  0]LogD3D11RHI:     Adapter Name: NVIDIA GeForce GTX 1060
[2017.07.06-11.03.50:943][  0]LogD3D11RHI:   Driver Version: 382.53 (internal:22.21.13.8253, unified:382.53)
[2017.07.06-11.03.50:943][  0]LogD3D11RHI:      Driver Date: 6-7-2017
[2017.07.06-11.03.50:943][  0]LogRHI: Texture pool is 1361 MB (70% of 1945 MB)
[2017.07.06-11.03.51:438][  0]LogD3D11RHI: Async texture creation enabled
[2017.07.06-11.03.51:471][  0]LogD3D11RHI: GPU Timing Frequency: 1000.000000 (Debug: 2 1)
[2017.07.06-11.03.51:515][  0]LogShaderCompilers: Guid format shader working directory is 1 characters bigger than the processId version (../../../../../../Unreal/FOTWO/source/FOTWO02/Intermediate/Shaders/WorkingDirectory/9844/).
[2017.07.06-11.03.51:516][  0]LogShaderCompilers: Cleaned the shader compiler working directory 'C:/Users/vonkl/AppData/Local/Temp/UnrealShaderWorkingDir/D67E03E0458E3A10CFDF49B7380299D6/'.
[2017.07.06-11.03.51:516][  0]LogShaderCompilers:Display: Using Local Shader Compiler.
[2017.07.06-11.03.52:420][  0]LogTemp:Display: Loaded TP AllDesktopTargetPlatform
[2017.07.06-11.03.52:465][  0]LogTemp:Display: Loaded TP MacClientTargetPlatform
[2017.07.06-11.03.52:510][  0]LogTemp:Display: Loaded TP MacNoEditorTargetPlatform
[2017.07.06-11.03.52:551][  0]LogTemp:Display: Loaded TP MacServerTargetPlatform
[2017.07.06-11.03.52:593][  0]LogTemp:Display: Loaded TP MacTargetPlatform
[2017.07.06-11.03.52:636][  0]LogTemp:Display: Loaded TP WindowsClientTargetPlatform
[2017.07.06-11.03.52:679][  0]LogTemp:Display: Loaded TP WindowsNoEditorTargetPlatform
[2017.07.06-11.03.52:722][  0]LogTemp:Display: Loaded TP WindowsServerTargetPlatform
[2017.07.06-11.03.52:761][  0]LogTemp:Display: Loaded TP WindowsTargetPlatform
[2017.07.06-11.03.52:804][  0]LogTemp:Display: Loaded TP AndroidTargetPlatform
[2017.07.06-11.03.52:847][  0]LogTemp:Display: Loaded TP Android_ASTCTargetPlatform
[2017.07.06-11.03.52:889][  0]LogTemp:Display: Loaded TP Android_ATCTargetPlatform
[2017.07.06-11.03.52:957][  0]LogTemp:Display: Loaded TP Android_DXTTargetPlatform
[2017.07.06-11.03.53:002][  0]LogTemp:Display: Loaded TP Android_ETC1TargetPlatform
[2017.07.06-11.03.53:045][  0]LogTemp:Display: Loaded TP Android_ETC2TargetPlatform
[2017.07.06-11.03.53:125][  0]LogTemp:Display: Loaded TP Android_MultiTargetPlatform
[2017.07.06-11.03.53:125][  0]LogTemp:Display: Loaded TP Android_PVRTCTargetPlatform
[2017.07.06-11.03.53:157][  0]LogTemp:Display: Loaded TP HTML5TargetPlatform
[2017.07.06-11.03.53:239][  0]LogTemp:Display: Loaded TP IOSTargetPlatform
[2017.07.06-11.03.53:267][  0]LogTemp:Display: Loaded TP TVOSTargetPlatform
[2017.07.06-11.03.53:308][  0]LogTemp:Display: Loaded TP LinuxClientTargetPlatform
[2017.07.06-11.03.53:349][  0]LogTemp:Display: Loaded TP LinuxNoEditorTargetPlatform
[2017.07.06-11.03.53:390][  0]LogTemp:Display: Loaded TP LinuxServerTargetPlatform
[2017.07.06-11.03.53:431][  0]LogTemp:Display: Loaded TP LinuxTargetPlatform
[2017.07.06-11.03.53:431][  0]LogTargetPlatformManager:Display: Building Assets For Windows
[2017.07.06-11.03.53:861][  0]LogDerivedDataCache:Display: Max Cache Size: 512 MB
[2017.07.06-11.03.53:939][  0]LogDerivedDataCache: Loaded boot cache 0.08s 90MB C:/Users/vonkl/AppData/Local/UnrealEngine/4.16/DerivedDataCache/Boot.ddc.
[2017.07.06-11.03.53:939][  0]LogDerivedDataCache:Display: Loaded Boot cache: C:/Users/vonkl/AppData/Local/UnrealEngine/4.16/DerivedDataCache/Boot.ddc
[2017.07.06-11.03.53:939][  0]LogDerivedDataCache: FDerivedDataBackendGraph:  Pak pak cache file ../../../../../../Unreal/FOTWO/source/FOTWO02/DerivedDataCache/DDC.ddp not found, will not use a pak cache.
[2017.07.06-11.03.53:939][  0]LogDerivedDataCache: Unable to find inner node Pak for hierarchical cache Hierarchy.
[2017.07.06-11.03.53:939][  0]LogDerivedDataCache: FDerivedDataBackendGraph:  CompressedPak pak cache file ../../../../../../Unreal/FOTWO/source/FOTWO02/DerivedDataCache/Compressed.ddp not found, will not use a pak cache.
[2017.07.06-11.03.53:939][  0]LogDerivedDataCache: Unable to find inner node CompressedPak for hierarchical cache Hierarchy.
[2017.07.06-11.03.53:954][  0]LogDerivedDataCache:Display: Pak cache opened for reading ../../../Engine/DerivedDataCache/Compressed.ddp.
[2017.07.06-11.03.53:966][  0]LogDerivedDataCache: Using Local data cache path C:/Users/vonkl/AppData/Local/UnrealEngine/Common/DerivedDataCache: Writable
[2017.07.06-11.03.53:974][  0]LogMaterial: Verifying Global Shaders for PCD3D_SM5
[2017.07.06-11.03.53:975][  0]LogSlate: Using Freetype 2.6.0
[2017.07.06-11.03.53:975][  0]LogSlate: SlateFontCache - WITH_FREETYPE: 1, WITH_HARFBUZZ: 1
[2017.07.06-11.03.53:975][  0]LogSlate: SlateFontCache - WITH_FREETYPE: 1, WITH_HARFBUZZ: 1
[2017.07.06-11.03.54:278][  0]LogInit: Selected Device Profile: [Windows]
[2017.07.06-11.03.54:342][  0]LogContentStreaming: Texture pool size is 0.00 MB
[2017.07.06-11.03.54:481][  0]LogMeshUtilities: Using QuadricMeshReduction for automatic static mesh reduction
[2017.07.06-11.03.54:520][  0]LogSimplygon: Simplygon DLL not present - disabling.
[2017.07.06-11.03.54:562][  0]LogMeshUtilities: Using SimplygonSwarm for distributed automatic mesh merging
[2017.07.06-11.03.54:562][  0]LogMeshUtilities: No automatic skeletal mesh reduction module available
[2017.07.06-11.03.54:562][  0]LogMeshUtilities: No automatic mesh merging module available
[2017.07.06-11.03.55:053][  0]LogNetVersion: FOTWO02 , NetCL: 3452394, EngineNetVer: 2, GameNetVer: 0 (Checksum: 2990255715)
[2017.07.06-11.03.55:110][  0]LogAssetRegistry: FAssetRegistry took 0.0258 seconds to start up
[2017.07.06-11.03.55:188][  0]LogPackageLocalizationCache: Processed 4 localized package path(s) for 2 prioritized culture(s) in 0.030886 seconds
[2017.07.06-11.03.55:192][  0]LogUObjectArray: 34194 objects as part of root set at end of initial load.
[2017.07.06-11.03.55:192][  0]LogUObjectAllocator: 7260424 out of 0 bytes used by permanent object pool.
[2017.07.06-11.03.55:192][  0]LogUObjectArray: CloseDisregardForGC: 0/0 objects in disregard for GC pool
[2017.07.06-11.03.55:249][  0]LogInit: WinSock: version 1.1 (2.2), MaxSocks=32767, MaxUdp=65467
[2017.07.06-11.03.57:405][  0]LogTcpMessaging: Initializing TcpMessaging bridge
[2017.07.06-11.03.57:444][  0]LogUdpMessaging: Initializing bridge on interface 0.0.0.0:0 to multicast group 230.0.0.1:6666.
[2017.07.06-11.03.57:998][  0]LogMaterial: Uniform references updated for custom material expression Custom.
[2017.07.06-11.03.58:361][  0]SourceControl: Info Source control is disabled
[2017.07.06-11.03.58:402][  0]SourceControl: Info Source control is disabled
[2017.07.06-11.03.58:446][  0]SourceControl: Info Source control is disabled
[2017.07.06-11.03.58:490][  0]SourceControl: Info Source control is disabled
[2017.07.06-11.03.59:107][  0]LogAndroidPermission: UAndroidPermissionCallbackProxy::GetInstance
[2017.07.06-11.03.59:660][  0]LogEngine: Initializing Engine...
[2017.07.06-11.03.59:660][  0]LogHMD: Failed to initialize OpenVR with code 110
[2017.07.06-11.03.59:845][  0]LogStats: UGameplayTagsManager::ConstructGameplayTagTree: Construct from data asset -  0.000 s
[2017.07.06-11.03.59:845][  0]LogStats: UGameplayTagsManager::ConstructGameplayTagTree: GameplayTagTreeChangedEvent.Broadcast -  0.000 s
[2017.07.06-11.03.59:957][  0]LogAIModule: Creating AISystem for world Untitled
[2017.07.06-11.03.59:965][  0]LogInit: XAudio2 using 'Speakers / Headphones (Realtek Audio)' : 2 channels at 48 kHz using 32 bits per sample (channel mask 0x3)
[2017.07.06-11.04.00:439][  0]LogInit: FAudioDevice initialized.
[2017.07.06-11.04.00:476][  0]LogDerivedDataCache: Saved boot cache 0.04s 90MB C:/Users/vonkl/AppData/Local/UnrealEngine/4.16/DerivedDataCache/Boot.ddc.
[2017.07.06-11.04.00:482][  0]LogInit: Texture streaming: Enabled
[2017.07.06-11.04.00:567][  0]LogEngineSessionManager: EngineSessionManager initialized
[2017.07.06-11.04.00:755][  0]LogInit: Transaction tracking system initialized
[2017.07.06-11.04.01:030][  0]BlueprintLog: New page: Editor Load
[2017.07.06-11.04.01:888][  0]LocalizationService: Info Localization service is disabled
[2017.07.06-11.04.02:505][  0]LogConsoleResponse:Display: 
[2017.07.06-11.04.02:651][  0]LogCook:Display: Max memory allowance for cook 16384mb min free memory 0mb
[2017.07.06-11.04.02:651][  0]LogCook:Display: Mobile HDR setting 1
[2017.07.06-11.04.03:013][  0]LogFileCache: Scanning file cache for directory 'C:/Unreal/FOTWO/source/FOTWO02/Content/' took 0.01s
[2017.07.06-11.04.03:582][  0]SourceControl: Info Source control is disabled
[2017.07.06-11.04.03:582][  0]Cmd: MAP LOAD FILE="../../../../../../Unreal/FOTWO/source/FOTWO02/Content/2DSideScrollerBP/Maps/2DSideScrollerExampleMap.umap" TEMPLATE=0 SHOWPROGRESS=1 FEATURELEVEL=3
[2017.07.06-11.04.03:582][  0]LogEditorServer:Warning: Can't find file '../../../../../../Unreal/FOTWO/source/FOTWO02/Content/2DSideScrollerBP/Maps/2DSideScrollerExampleMap.umap'
[2017.07.06-11.04.03:582][  0]Cmd: MAP CHECKDEP NOCLEARLOG
[2017.07.06-11.04.03:617][  0]MapCheck: Info Map check complete: 0 Error(s), 0 Warning(s), took 35.249ms to complete.
[2017.07.06-11.04.03:617][  0]LogFileHelpers: Loading map '2DSideScrollerExampleMap' took 0.036
[2017.07.06-11.04.03:683][  0]LogWindowsTextInputMethodSystem:Display: IME system now deactivated.
[2017.07.06-11.04.03:780][  0]LogCollectionManager: Loaded 0 collections in 0.001535 seconds
[2017.07.06-11.04.03:855][  0]LogFileCache: Scanning file cache for directory 'C:/Unreal/FOTWO/source/FOTWO02/Saved/Collections/' took 0.01s
[2017.07.06-11.04.03:855][  0]LogFileCache: Scanning file cache for directory 'C:/Unreal/FOTWO/source/FOTWO02/Content/Developers/vonkl/Collections/' took 0.01s
[2017.07.06-11.04.03:855][  0]LogFileCache: Scanning file cache for directory 'C:/Unreal/FOTWO/source/FOTWO02/Content/Collections/' took 0.00s
[2017.07.06-11.04.03:855][  0]LogCollectionManager: Rebuilt the GUID cache for 0 collections in 0.000001 seconds
[2017.07.06-11.04.03:863][  0]LogContentBrowser: Native class hierarchy populated in 0.0078 seconds. Added 2329 classes and 491 folders.
[2017.07.06-11.04.03:922][  0]LogContentBrowser: Native class hierarchy updated for 'WidgetCarousel' in 0.0004 seconds. Added 0 classes and 0 folders.
[2017.07.06-11.04.03:957][  0]LogContentBrowser: Native class hierarchy updated for 'AddContentDialog' in 0.0004 seconds. Added 0 classes and 0 folders.
[2017.07.06-11.04.04:006][  0]LogContentBrowser: Native class hierarchy updated for 'SceneOutliner' in 0.0005 seconds. Added 1 classes and 2 folders.
[2017.07.06-11.04.04:072][  0]LogCrashTracker: Crashtracker disabled due to settings.
[2017.07.06-11.04.04:079][  0]LogUObjectGlobals:Warning: Failed to find object 'Class None.'
[2017.07.06-11.04.04:154][  0]LogContentBrowser: Native class hierarchy updated for 'HierarchicalLODOutliner' in 0.0010 seconds. Added 1 classes and 2 folders.
[2017.07.06-11.04.04:155][  0]LogLoad: (Engine Initialization) Total time: 16.13 seconds
[2017.07.06-11.04.04:155][  0]LogLoad: (Engine Initialization) Total Blueprint compile time: 0.04 seconds
[2017.07.06-11.04.04:155][  0]LogExternalProfiler: Found external profiler: VSPerf
[2017.07.06-11.04.04:155][  0]LogExternalProfiler: Using external profiler: VSPerf
[2017.07.06-11.04.04:176][  0]LogOcInput: OculusInput pre-init called
[2017.07.06-11.04.04:176][  0]LogHMD: Starting GearVRController plugin
[2017.07.06-11.04.04:193][  0]LogContentStreaming: Texture pool size now 1000 MB
[2017.07.06-11.04.04:195][  0]LogSlate: Took 0.000386 seconds to synchronously load lazily loaded font '../../../Engine/Content/Slate/Fonts/Roboto-Regular.ttf' (155K)
[2017.07.06-11.04.04:198][  0]LogSlate: Took 0.000266 seconds to synchronously load lazily loaded font '../../../Engine/Content/Slate/Fonts/Roboto-Bold.ttf' (160K)
[2017.07.06-11.04.04:208][  0]LogSlate: Took 0.000297 seconds to synchronously load lazily loaded font '../../../Engine/Content/Editor/Slate/Fonts/FontAwesome.ttf' (139K)
[2017.07.06-11.04.04:320][  0]LogRenderer: Reallocating scene render targets to support 868x488 NumSamples 1 (Frame:1).
[2017.07.06-11.04.04:370][  1]LogAssetRegistry: Asset discovery search completed in 9.2827 seconds
[2017.07.06-11.04.04:372][  1]LogCollectionManager: Rebuilt the object cache for 0 collections in 0.000001 seconds (found 0 objects)
[2017.07.06-11.04.04:372][  1]LogCollectionManager: Fixed up redirectors for 0 collections in 0.000022 seconds (updated 0 objects)
[2017.07.06-11.04.05:204][ 49]LogSlate: Took 0.000227 seconds to synchronously load lazily loaded font '../../../Engine/Content/Slate/Fonts/Roboto-Light.ttf' (159K)
[2017.07.06-11.04.08:355][238]LogSlate: Took 0.000418 seconds to synchronously load lazily loaded font '../../../Engine/Content/Slate/Fonts/Roboto-Light.ttf' (159K)
[2017.07.06-11.04.11:775][429]LogSlate: Took 0.000117 seconds to synchronously load lazily loaded font '../../../Engine/Content/Slate/Fonts/Roboto-Light.ttf' (159K)
[2017.07.06-11.04.12:186][429]LogContentBrowser: Native class hierarchy updated for 'BlueprintGraph' in 0.0010 seconds. Added 112 classes and 0 folders.
[2017.07.06-11.04.13:027][429]LogSlate: Took 0.000144 seconds to synchronously load lazily loaded font '../../../Engine/Content/Editor/Slate/Fonts/Roboto-BoldCondensed.ttf' (158K)
[2017.07.06-11.04.21:736][940]LogAIModule: Creating AISystem for world FOTWO01
[2017.07.06-11.04.21:775][940]Cmd: MAP LOAD FILE="../../../../../../Unreal/FOTWO/source/FOTWO02/Content/2DSideScrollerBP/Maps/FOTWO01.umap" TEMPLATE=0 SHOWPROGRESS=1 FEATURELEVEL=3
[2017.07.06-11.04.21:775][940]LightingResults: New page: Lighting Build
[2017.07.06-11.04.21:811][940]LogContentBrowser: Native class hierarchy updated for 'StatsViewer' in 0.0005 seconds. Added 5 classes and 0 folders.
[2017.07.06-11.04.21:811][940]LoadErrors: New page: Loading map: FOTWO01.umap
[2017.07.06-11.04.21:811][940]MapCheck: New page: Map Check
[2017.07.06-11.04.21:812][940]LightingResults: New page: Lighting Build
[2017.07.06-11.04.21:870][940]LogEditorServer: Finished looking for orphan Actors (0.000 secs)
[2017.07.06-11.04.21:905][940]Cmd: MAP CHECKDEP NOCLEARLOG
[2017.07.06-11.04.21:945][940]MapCheck: Info Map check complete: 0 Error(s), 0 Warning(s), took 39.782ms to complete.
[2017.07.06-11.04.21:945][940]LogFileHelpers: Loading map 'FOTWO01' took 0.171
[2017.07.06-11.04.35:165][691]LogSlate: Took 0.002076 seconds to synchronously load lazily loaded font '../../../Engine/Content/Slate/Fonts/DroidSansFallback.ttf' (3848K)
[2017.07.06-11.09.02:875][451]LogTemp: Repeting last play command: Selected Viewport
[2017.07.06-11.09.02:918][451]LogBlueprintUserMessages: Early PlayInEditor Detection: Level '/Game/2DSideScrollerBP/Maps/FOTWO01.FOTWO01:PersistentLevel' has LevelScriptBlueprint '/Game/2DSideScrollerBP/Maps/FOTWO01.FOTWO01:PersistentLevel.FOTWO01' with GeneratedClass '/Game/2DSideScrollerBP/Maps/FOTWO01.FOTWO01_C' with ClassGeneratedBy '/Game/2DSideScrollerBP/Maps/FOTWO01.FOTWO01:PersistentLevel.FOTWO01'
[2017.07.06-11.09.02:918][451]LogPlayLevel: PlayLevel: No blueprints needed recompiling
[2017.07.06-11.09.02:918][451]PIE: New page: PIE session: FOTWO01 (6 Jul 2017 15:09:02)
[2017.07.06-11.09.02:918][451]LogPlayLevel: Creating play world package: /Game/2DSideScrollerBP/Maps/UEDPIE_0_FOTWO01
[2017.07.06-11.09.02:920][451]LogPlayLevel: PIE: StaticDuplicateObject took: (0.001431s)
[2017.07.06-11.09.02:920][451]LogAIModule: Creating AISystem for world FOTWO01
[2017.07.06-11.09.02:920][451]LogPlayLevel: PIE: World Init took: (0.000645s)
[2017.07.06-11.09.02:921][451]LogPlayLevel: PIE: Created PIE world by copying editor world from /Game/2DSideScrollerBP/Maps/FOTWO01.FOTWO01 to /Game/2DSideScrollerBP/Maps/UEDPIE_0_FOTWO01.FOTWO01 (0.002314s)
[2017.07.06-11.09.02:936][451]LogInit: XAudio2 using 'Speakers / Headphones (Realtek Audio)' : 2 channels at 48 kHz using 32 bits per sample (channel mask 0x3)
[2017.07.06-11.09.02:959][451]LogInit: FAudioDevice initialized.
[2017.07.06-11.09.03:006][451]LogLoad: Game class is 'FOTWOGameMode_C'
[2017.07.06-11.09.03:008][451]LogWorld: Bringing World /Game/2DSideScrollerBP/Maps/UEDPIE_0_FOTWO01.FOTWO01 up for play (max tick rate 60) at 2017.07.06-13.09.03
[2017.07.06-11.09.03:009][451]LogWorld: Bringing up level for play took: 0.001133
[2017.07.06-11.09.03:065][451]LogContentBrowser: Native class hierarchy updated for 'MovieSceneCapture' in 0.0005 seconds. Added 11 classes and 0 folders.
[2017.07.06-11.09.03:068][451]PIE: Info Play in editor start time for /Game/2DSideScrollerBP/Maps/UEDPIE_0_FOTWO01 0.412
[2017.07.06-11.09.03:068][451]LogBlueprintUserMessages: Late PlayInEditor Detection: Level '/Game/2DSideScrollerBP/Maps/FOTWO01.FOTWO01:PersistentLevel' has LevelScriptBlueprint '/Game/2DSideScrollerBP/Maps/FOTWO01.FOTWO01:PersistentLevel.FOTWO01' with GeneratedClass '/Game/2DSideScrollerBP/Maps/FOTWO01.FOTWO01_C' with ClassGeneratedBy '/Game/2DSideScrollerBP/Maps/FOTWO01.FOTWO01:PersistentLevel.FOTWO01'
[2017.07.06-11.09.09:642][845]LogBlueprintUserMessages: Early EndPlayMap Detection: Level '/Game/2DSideScrollerBP/Maps/FOTWO01.FOTWO01:PersistentLevel' has LevelScriptBlueprint '/Game/2DSideScrollerBP/Maps/FOTWO01.FOTWO01:PersistentLevel.FOTWO01' with GeneratedClass '/Game/2DSideScrollerBP/Maps/FOTWO01.FOTWO01_C' with ClassGeneratedBy '/Game/2DSideScrollerBP/Maps/FOTWO01.FOTWO01:PersistentLevel.FOTWO01'
[2017.07.06-11.09.09:680][845]LogBlueprintUserMessages: Late EndPlayMap Detection: Level '/Game/2DSideScrollerBP/Maps/FOTWO01.FOTWO01:PersistentLevel' has LevelScriptBlueprint '/Game/2DSideScrollerBP/Maps/FOTWO01.FOTWO01:PersistentLevel.FOTWO01' with GeneratedClass '/Game/2DSideScrollerBP/Maps/FOTWO01.FOTWO01_C' with ClassGeneratedBy '/Game/2DSideScrollerBP/Maps/FOTWO01.FOTWO01:PersistentLevel.FOTWO01'
[2017.07.06-11.13.02:734][129]BlueprintLog: New page: Compile MainHUD
[2017.07.06-11.13.02:882][129]BlueprintEditorCompileResults: Info Fast Template Successfully Created.
[2017.07.06-11.13.04:895][246]LogTemp: Repeting last play command: Selected Viewport
[2017.07.06-11.13.04:914][246]LogBlueprintUserMessages: Early PlayInEditor Detection: Level '/Game/2DSideScrollerBP/Maps/FOTWO01.FOTWO01:PersistentLevel' has LevelScriptBlueprint '/Game/2DSideScrollerBP/Maps/FOTWO01.FOTWO01:PersistentLevel.FOTWO01' with GeneratedClass '/Game/2DSideScrollerBP/Maps/FOTWO01.FOTWO01_C' with ClassGeneratedBy '/Game/2DSideScrollerBP/Maps/FOTWO01.FOTWO01:PersistentLevel.FOTWO01'
[2017.07.06-11.13.04:914][246]LogPlayLevel: PlayLevel: No blueprints needed recompiling
[2017.07.06-11.13.04:914][246]PIE: New page: PIE session: FOTWO01 (6 Jul 2017 15:13:04)
[2017.07.06-11.13.04:915][246]LogPlayLevel: Creating play world package: /Game/2DSideScrollerBP/Maps/UEDPIE_0_FOTWO01
[2017.07.06-11.13.04:916][246]LogPlayLevel: PIE: StaticDuplicateObject took: (0.001143s)
[2017.07.06-11.13.04:916][246]LogAIModule: Creating AISystem for world FOTWO01
[2017.07.06-11.13.04:916][246]LogPlayLevel: PIE: World Init took: (0.000490s)
[2017.07.06-11.13.04:916][246]LogPlayLevel: PIE: Created PIE world by copying editor world from /Game/2DSideScrollerBP/Maps/FOTWO01.FOTWO01 to /Game/2DSideScrollerBP/Maps/UEDPIE_0_FOTWO01.FOTWO01 (0.001776s)
[2017.07.06-11.13.04:932][246]LogInit: XAudio2 using 'Speakers / Headphones (Realtek Audio)' : 2 channels at 48 kHz using 32 bits per sample (channel mask 0x3)
[2017.07.06-11.13.04:955][246]LogInit: FAudioDevice initialized.
[2017.07.06-11.13.04:986][246]LogLoad: Game class is 'FOTWOGameMode_C'
[2017.07.06-11.13.04:988][246]LogWorld: Bringing World /Game/2DSideScrollerBP/Maps/UEDPIE_0_FOTWO01.FOTWO01 up for play (max tick rate 60) at 2017.07.06-13.13.04
[2017.07.06-11.13.04:988][246]LogWorld: Bringing up level for play took: 0.000899
[2017.07.06-11.13.04:991][246]PIE: Info Play in editor start time for /Game/2DSideScrollerBP/Maps/UEDPIE_0_FOTWO01 0.335
[2017.07.06-11.13.04:991][246]LogBlueprintUserMessages: Late PlayInEditor Detection: Level '/Game/2DSideScrollerBP/Maps/FOTWO01.FOTWO01:PersistentLevel' has LevelScriptBlueprint '/Game/2DSideScrollerBP/Maps/FOTWO01.FOTWO01:PersistentLevel.FOTWO01' with GeneratedClass '/Game/2DSideScrollerBP/Maps/FOTWO01.FOTWO01_C' with ClassGeneratedBy '/Game/2DSideScrollerBP/Maps/FOTWO01.FOTWO01:PersistentLevel.FOTWO01'
[2017.07.06-11.13.09:707][529]LogBlueprintUserMessages: Early EndPlayMap Detection: Level '/Game/2DSideScrollerBP/Maps/FOTWO01.FOTWO01:PersistentLevel' has LevelScriptBlueprint '/Game/2DSideScrollerBP/Maps/FOTWO01.FOTWO01:PersistentLevel.FOTWO01' with GeneratedClass '/Game/2DSideScrollerBP/Maps/FOTWO01.FOTWO01_C' with ClassGeneratedBy '/Game/2DSideScrollerBP/Maps/FOTWO01.FOTWO01:PersistentLevel.FOTWO01'
[2017.07.06-11.13.09:753][529]LogBlueprintUserMessages: Late EndPlayMap Detection: Level '/Game/2DSideScrollerBP/Maps/FOTWO01.FOTWO01:PersistentLevel' has LevelScriptBlueprint '/Game/2DSideScrollerBP/Maps/FOTWO01.FOTWO01:PersistentLevel.FOTWO01' with GeneratedClass '/Game/2DSideScrollerBP/Maps/FOTWO01.FOTWO01_C' with ClassGeneratedBy '/Game/2DSideScrollerBP/Maps/FOTWO01.FOTWO01:PersistentLevel.FOTWO01'
[2017.07.06-11.13.26:354][489]BlueprintLog: New page: Compile MainHUD
[2017.07.06-11.13.26:488][489]BlueprintEditorCompileResults: Info Fast Template Successfully Created.
[2017.07.06-11.13.42:255][388]BlueprintLog: New page: Compile MainHUD
[2017.07.06-11.13.42:390][388]BlueprintEditorCompileResults: Info Fast Template Successfully Created.
[2017.07.06-11.13.44:818][529]LogTemp: Repeting last play command: Selected Viewport
[2017.07.06-11.13.44:834][529]LogBlueprintUserMessages: Early PlayInEditor Detection: Level '/Game/2DSideScrollerBP/Maps/FOTWO01.FOTWO01:PersistentLevel' has LevelScriptBlueprint '/Game/2DSideScrollerBP/Maps/FOTWO01.FOTWO01:PersistentLevel.FOTWO01' with GeneratedClass '/Game/2DSideScrollerBP/Maps/FOTWO01.FOTWO01_C' with ClassGeneratedBy '/Game/2DSideScrollerBP/Maps/FOTWO01.FOTWO01:PersistentLevel.FOTWO01'
[2017.07.06-11.13.44:834][529]LogPlayLevel: PlayLevel: No blueprints needed recompiling
[2017.07.06-11.13.44:834][529]PIE: New page: PIE session: FOTWO01 (6 Jul 2017 15:13:44)
[2017.07.06-11.13.44:834][529]LogPlayLevel: Creating play world package: /Game/2DSideScrollerBP/Maps/UEDPIE_0_FOTWO01
[2017.07.06-11.13.44:835][529]LogPlayLevel: PIE: StaticDuplicateObject took: (0.001222s)
[2017.07.06-11.13.44:836][529]LogAIModule: Creating AISystem for world FOTWO01
[2017.07.06-11.13.44:836][529]LogPlayLevel: PIE: World Init took: (0.000523s)
[2017.07.06-11.13.44:836][529]LogPlayLevel: PIE: Created PIE world by copying editor world from /Game/2DSideScrollerBP/Maps/FOTWO01.FOTWO01 to /Game/2DSideScrollerBP/Maps/UEDPIE_0_FOTWO01.FOTWO01 (0.001912s)
[2017.07.06-11.13.44:853][529]LogInit: XAudio2 using 'Speakers / Headphones (Realtek Audio)' : 2 channels at 48 kHz using 32 bits per sample (channel mask 0x3)
[2017.07.06-11.13.44:875][529]LogInit: FAudioDevice initialized.
[2017.07.06-11.13.44:906][529]LogLoad: Game class is 'FOTWOGameMode_C'
[2017.07.06-11.13.44:909][529]LogWorld: Bringing World /Game/2DSideScrollerBP/Maps/UEDPIE_0_FOTWO01.FOTWO01 up for play (max tick rate 60) at 2017.07.06-13.13.44
[2017.07.06-11.13.44:909][529]LogWorld: Bringing up level for play took: 0.000888
[2017.07.06-11.13.44:912][529]PIE: Info Play in editor start time for /Game/2DSideScrollerBP/Maps/UEDPIE_0_FOTWO01 0.256
[2017.07.06-11.13.44:913][529]LogBlueprintUserMessages: Late PlayInEditor Detection: Level '/Game/2DSideScrollerBP/Maps/FOTWO01.FOTWO01:PersistentLevel' has LevelScriptBlueprint '/Game/2DSideScrollerBP/Maps/FOTWO01.FOTWO01:PersistentLevel.FOTWO01' with GeneratedClass '/Game/2DSideScrollerBP/Maps/FOTWO01.FOTWO01_C' with ClassGeneratedBy '/Game/2DSideScrollerBP/Maps/FOTWO01.FOTWO01:PersistentLevel.FOTWO01'
[2017.07.06-11.13.50:695][876]LogBlueprintUserMessages: Early EndPlayMap Detection: Level '/Game/2DSideScrollerBP/Maps/FOTWO01.FOTWO01:PersistentLevel' has LevelScriptBlueprint '/Game/2DSideScrollerBP/Maps/FOTWO01.FOTWO01:PersistentLevel.FOTWO01' with GeneratedClass '/Game/2DSideScrollerBP/Maps/FOTWO01.FOTWO01_C' with ClassGeneratedBy '/Game/2DSideScrollerBP/Maps/FOTWO01.FOTWO01:PersistentLevel.FOTWO01'
[2017.07.06-11.13.50:735][876]LogBlueprintUserMessages: Late EndPlayMap Detection: Level '/Game/2DSideScrollerBP/Maps/FOTWO01.FOTWO01:PersistentLevel' has LevelScriptBlueprint '/Game/2DSideScrollerBP/Maps/FOTWO01.FOTWO01:PersistentLevel.FOTWO01' with GeneratedClass '/Game/2DSideScrollerBP/Maps/FOTWO01.FOTWO01_C' with ClassGeneratedBy '/Game/2DSideScrollerBP/Maps/FOTWO01.FOTWO01:PersistentLevel.FOTWO01'
[2017.07.06-11.14.55:564][348]LogFileHelpers: Editor autosave (incl. sublevels) for '/Game/2DSideScrollerBP/Maps/FOTWO01' took 0.014
[2017.07.06-11.14.55:566][348]OBJ SavePackage: Generating thumbnails for [0] asset(s) in package [/Game/2DSideScrollerBP/Blueprints/User_Interface/MainHUD] ([1] browsable assets)...
[2017.07.06-11.14.55:566][348]OBJ SavePackage: Finished generating thumbnails for package [/Game/2DSideScrollerBP/Blueprints/User_Interface/MainHUD]
[2017.07.06-11.14.55:779][348]LogSavePackage: Save=172.46ms
[2017.07.06-11.14.55:779][348]LogSavePackage: Moving '../../../../../../Unreal/FOTWO/source/FOTWO02/Saved/MainHUD_Auto1C71DED464E0953821D3E2AB25B0AF40B.tmp' to '../../../../../../Unreal/FOTWO/source/FOTWO02/Saved/Autosaves/Game/2DSideScrollerBP/Blueprints/User_Interface/MainHUD_Auto1.uasset'
[2017.07.06-11.14.55:780][348]LogSavePackage:Display: Finished SavePackage ../../../../../../Unreal/FOTWO/source/FOTWO02/Saved/Autosaves/Game/2DSideScrollerBP/Blueprints/User_Interface/MainHUD_Auto1.uasset
[2017.07.06-11.14.55:781][348]LogFileHelpers: Auto-saving content packages took 0.216
[2017.07.06-11.15.17:279][571]BlueprintLog: New page: Compile MainHUD
[2017.07.06-11.15.17:415][571]BlueprintEditorCompileResults: Info Fast Template Successfully Created.
[2017.07.06-11.17.26:152][775]BlueprintLog: New page: Compile MainHUD
[2017.07.06-11.17.26:300][775]BlueprintEditorCompileResults: Info Fast Template Successfully Created.
[2017.07.06-11.23.42:348][912]BlueprintLog: New page: Compile MainHUD
[2017.07.06-11.23.42:541][912]BlueprintEditorCompileResults: Info Fast Template Successfully Created.
[2017.07.06-11.23.44:489][  3]LogSavePackage: Save=174.60ms
[2017.07.06-11.23.44:489][  3]LogSavePackage: Moving '../../../../../../Unreal/FOTWO/source/FOTWO02/Saved/MainHUD133495E94E27B74D1C77D98FAFA72ACB.tmp' to '../../../../../../Unreal/FOTWO/source/FOTWO02/Content/2DSideScrollerBP/Blueprints/User_Interface/MainHUD.uasset'
[2017.07.06-11.23.44:491][  3]LogSavePackage:Display: Finished SavePackage ../../../../../../Unreal/FOTWO/source/FOTWO02/Content/2DSideScrollerBP/Blueprints/User_Interface/MainHUD.uasset
[2017.07.06-11.23.48:178][217]LogTemp: Repeting last play command: Selected Viewport
[2017.07.06-11.23.48:198][217]LogBlueprintUserMessages: Early PlayInEditor Detection: Level '/Game/2DSideScrollerBP/Maps/FOTWO01.FOTWO01:PersistentLevel' has LevelScriptBlueprint '/Game/2DSideScrollerBP/Maps/FOTWO01.FOTWO01:PersistentLevel.FOTWO01' with GeneratedClass '/Game/2DSideScrollerBP/Maps/FOTWO01.FOTWO01_C' with ClassGeneratedBy '/Game/2DSideScrollerBP/Maps/FOTWO01.FOTWO01:PersistentLevel.FOTWO01'
[2017.07.06-11.23.48:198][217]LogPlayLevel: PlayLevel: No blueprints needed recompiling
[2017.07.06-11.23.48:198][217]PIE: New page: PIE session: FOTWO01 (6 Jul 2017 15:23:48)
[2017.07.06-11.23.48:198][217]LogPlayLevel: Creating play world package: /Game/2DSideScrollerBP/Maps/UEDPIE_0_FOTWO01
[2017.07.06-11.23.48:199][217]LogPlayLevel: PIE: StaticDuplicateObject took: (0.001240s)
[2017.07.06-11.23.48:200][217]LogAIModule: Creating AISystem for world FOTWO01
[2017.07.06-11.23.48:200][217]LogPlayLevel: PIE: World Init took: (0.000647s)
[2017.07.06-11.23.48:200][217]LogPlayLevel: PIE: Created PIE world by copying editor world from /Game/2DSideScrollerBP/Maps/FOTWO01.FOTWO01 to /Game/2DSideScrollerBP/Maps/UEDPIE_0_FOTWO01.FOTWO01 (0.002060s)
[2017.07.06-11.23.48:215][217]LogInit: XAudio2 using 'Speakers / Headphones (Realtek Audio)' : 2 channels at 48 kHz using 32 bits per sample (channel mask 0x3)
[2017.07.06-11.23.48:239][217]LogInit: FAudioDevice initialized.
[2017.07.06-11.23.48:268][217]LogLoad: Game class is 'FOTWOGameMode_C'
[2017.07.06-11.23.48:271][217]LogWorld: Bringing World /Game/2DSideScrollerBP/Maps/UEDPIE_0_FOTWO01.FOTWO01 up for play (max tick rate 60) at 2017.07.06-13.23.48
[2017.07.06-11.23.48:271][217]LogWorld: Bringing up level for play took: 0.000897
[2017.07.06-11.23.48:274][217]PIE: Info Play in editor start time for /Game/2DSideScrollerBP/Maps/UEDPIE_0_FOTWO01 -0.382
[2017.07.06-11.23.48:274][217]LogBlueprintUserMessages: Late PlayInEditor Detection: Level '/Game/2DSideScrollerBP/Maps/FOTWO01.FOTWO01:PersistentLevel' has LevelScriptBlueprint '/Game/2DSideScrollerBP/Maps/FOTWO01.FOTWO01:PersistentLevel.FOTWO01' with GeneratedClass '/Game/2DSideScrollerBP/Maps/FOTWO01.FOTWO01_C' with ClassGeneratedBy '/Game/2DSideScrollerBP/Maps/FOTWO01.FOTWO01:PersistentLevel.FOTWO01'
[2017.07.06-11.23.57:025][742]LogBlueprintUserMessages: Early EndPlayMap Detection: Level '/Game/2DSideScrollerBP/Maps/FOTWO01.FOTWO01:PersistentLevel' has LevelScriptBlueprint '/Game/2DSideScrollerBP/Maps/FOTWO01.FOTWO01:PersistentLevel.FOTWO01' with GeneratedClass '/Game/2DSideScrollerBP/Maps/FOTWO01.FOTWO01_C' with ClassGeneratedBy '/Game/2DSideScrollerBP/Maps/FOTWO01.FOTWO01:PersistentLevel.FOTWO01'
[2017.07.06-11.23.57:060][742]LogBlueprintUserMessages: Late EndPlayMap Detection: Level '/Game/2DSideScrollerBP/Maps/FOTWO01.FOTWO01:PersistentLevel' has LevelScriptBlueprint '/Game/2DSideScrollerBP/Maps/FOTWO01.FOTWO01:PersistentLevel.FOTWO01' with GeneratedClass '/Game/2DSideScrollerBP/Maps/FOTWO01.FOTWO01_C' with ClassGeneratedBy '/Game/2DSideScrollerBP/Maps/FOTWO01.FOTWO01:PersistentLevel.FOTWO01'
[2017.07.06-11.30.45:757][753]BlueprintLog: New page: Compile MainHUD
[2017.07.06-11.30.45:914][753]BlueprintEditorCompileResults: Info Fast Template Successfully Created.
[2017.07.06-11.30.46:778][788]LogSavePackage: Save=200.97ms
[2017.07.06-11.30.46:778][788]LogSavePackage: Moving '../../../../../../Unreal/FOTWO/source/FOTWO02/Saved/MainHUDA78FCD334197D8FE88EC2288AC7EA3C5.tmp' to '../../../../../../Unreal/FOTWO/source/FOTWO02/Content/2DSideScrollerBP/Blueprints/User_Interface/MainHUD.uasset'
[2017.07.06-11.30.46:780][788]LogSavePackage:Display: Finished SavePackage ../../../../../../Unreal/FOTWO/source/FOTWO02/Content/2DSideScrollerBP/Blueprints/User_Interface/MainHUD.uasset
[2017.07.06-11.30.48:798][906]LogTemp: Repeting last play command: Selected Viewport
[2017.07.06-11.30.48:815][906]LogBlueprintUserMessages: Early PlayInEditor Detection: Level '/Game/2DSideScrollerBP/Maps/FOTWO01.FOTWO01:PersistentLevel' has LevelScriptBlueprint '/Game/2DSideScrollerBP/Maps/FOTWO01.FOTWO01:PersistentLevel.FOTWO01' with GeneratedClass '/Game/2DSideScrollerBP/Maps/FOTWO01.FOTWO01_C' with ClassGeneratedBy '/Game/2DSideScrollerBP/Maps/FOTWO01.FOTWO01:PersistentLevel.FOTWO01'
[2017.07.06-11.30.48:815][906]LogPlayLevel: PlayLevel: No blueprints needed recompiling
[2017.07.06-11.30.48:815][906]PIE: New page: PIE session: FOTWO01 (6 Jul 2017 15:30:48)
[2017.07.06-11.30.48:815][906]LogPlayLevel: Creating play world package: /Game/2DSideScrollerBP/Maps/UEDPIE_0_FOTWO01
[2017.07.06-11.30.48:817][906]LogPlayLevel: PIE: StaticDuplicateObject took: (0.001355s)
[2017.07.06-11.30.48:817][906]LogAIModule: Creating AISystem for world FOTWO01
[2017.07.06-11.30.48:817][906]LogPlayLevel: PIE: World Init took: (0.000555s)
[2017.07.06-11.30.48:818][906]LogPlayLevel: PIE: Created PIE world by copying editor world from /Game/2DSideScrollerBP/Maps/FOTWO01.FOTWO01 to /Game/2DSideScrollerBP/Maps/UEDPIE_0_FOTWO01.FOTWO01 (0.002087s)
[2017.07.06-11.30.48:833][906]LogInit: XAudio2 using 'Speakers / Headphones (Realtek Audio)' : 2 channels at 48 kHz using 32 bits per sample (channel mask 0x3)
[2017.07.06-11.30.48:857][906]LogInit: FAudioDevice initialized.
[2017.07.06-11.30.48:891][906]LogLoad: Game class is 'FOTWOGameMode_C'
[2017.07.06-11.30.48:895][906]LogWorld: Bringing World /Game/2DSideScrollerBP/Maps/UEDPIE_0_FOTWO01.FOTWO01 up for play (max tick rate 60) at 2017.07.06-13.30.48
[2017.07.06-11.30.48:895][906]LogWorld: Bringing up level for play took: 0.001490
[2017.07.06-11.30.48:902][906]PIE: Info Play in editor start time for /Game/2DSideScrollerBP/Maps/UEDPIE_0_FOTWO01 0.246
[2017.07.06-11.30.48:902][906]LogBlueprintUserMessages: Late PlayInEditor Detection: Level '/Game/2DSideScrollerBP/Maps/FOTWO01.FOTWO01:PersistentLevel' has LevelScriptBlueprint '/Game/2DSideScrollerBP/Maps/FOTWO01.FOTWO01:PersistentLevel.FOTWO01' with GeneratedClass '/Game/2DSideScrollerBP/Maps/FOTWO01.FOTWO01_C' with ClassGeneratedBy '/Game/2DSideScrollerBP/Maps/FOTWO01.FOTWO01:PersistentLevel.FOTWO01'
[2017.07.06-11.31.01:339][652]LogBlueprintUserMessages: Early EndPlayMap Detection: Level '/Game/2DSideScrollerBP/Maps/FOTWO01.FOTWO01:PersistentLevel' has LevelScriptBlueprint '/Game/2DSideScrollerBP/Maps/FOTWO01.FOTWO01:PersistentLevel.FOTWO01' with GeneratedClass '/Game/2DSideScrollerBP/Maps/FOTWO01.FOTWO01_C' with ClassGeneratedBy '/Game/2DSideScrollerBP/Maps/FOTWO01.FOTWO01:PersistentLevel.FOTWO01'
[2017.07.06-11.31.01:375][652]LogBlueprintUserMessages: Late EndPlayMap Detection: Level '/Game/2DSideScrollerBP/Maps/FOTWO01.FOTWO01:PersistentLevel' has LevelScriptBlueprint '/Game/2DSideScrollerBP/Maps/FOTWO01.FOTWO01:PersistentLevel.FOTWO01' with GeneratedClass '/Game/2DSideScrollerBP/Maps/FOTWO01.FOTWO01_C' with ClassGeneratedBy '/Game/2DSideScrollerBP/Maps/FOTWO01.FOTWO01:PersistentLevel.FOTWO01'
[2017.07.06-11.31.18:339][598]BlueprintLog: New page: Compile MainHUD
[2017.07.06-11.31.18:480][598]BlueprintEditorCompileResults: Info Fast Template Successfully Created.
[2017.07.06-11.31.20:633][724]LogTemp: Repeting last play command: Selected Viewport
[2017.07.06-11.31.20:648][724]LogBlueprintUserMessages: Early PlayInEditor Detection: Level '/Game/2DSideScrollerBP/Maps/FOTWO01.FOTWO01:PersistentLevel' has LevelScriptBlueprint '/Game/2DSideScrollerBP/Maps/FOTWO01.FOTWO01:PersistentLevel.FOTWO01' with GeneratedClass '/Game/2DSideScrollerBP/Maps/FOTWO01.FOTWO01_C' with ClassGeneratedBy '/Game/2DSideScrollerBP/Maps/FOTWO01.FOTWO01:PersistentLevel.FOTWO01'
[2017.07.06-11.31.20:648][724]LogPlayLevel: PlayLevel: No blueprints needed recompiling
[2017.07.06-11.31.20:649][724]PIE: New page: PIE session: FOTWO01 (6 Jul 2017 15:31:20)
[2017.07.06-11.31.20:649][724]LogPlayLevel: Creating play world package: /Game/2DSideScrollerBP/Maps/UEDPIE_0_FOTWO01
[2017.07.06-11.31.20:650][724]LogPlayLevel: PIE: StaticDuplicateObject took: (0.001119s)
[2017.07.06-11.31.20:650][724]LogAIModule: Creating AISystem for world FOTWO01
[2017.07.06-11.31.20:650][724]LogPlayLevel: PIE: World Init took: (0.000443s)
[2017.07.06-11.31.20:650][724]LogPlayLevel: PIE: Created PIE world by copying editor world from /Game/2DSideScrollerBP/Maps/FOTWO01.FOTWO01 to /Game/2DSideScrollerBP/Maps/UEDPIE_0_FOTWO01.FOTWO01 (0.001733s)
[2017.07.06-11.31.20:667][724]LogInit: XAudio2 using 'Speakers / Headphones (Realtek Audio)' : 2 channels at 48 kHz using 32 bits per sample (channel mask 0x3)
[2017.07.06-11.31.20:690][724]LogInit: FAudioDevice initialized.
[2017.07.06-11.31.20:722][724]LogLoad: Game class is 'FOTWOGameMode_C'
[2017.07.06-11.31.20:727][724]LogWorld: Bringing World /Game/2DSideScrollerBP/Maps/UEDPIE_0_FOTWO01.FOTWO01 up for play (max tick rate 60) at 2017.07.06-13.31.20
[2017.07.06-11.31.20:727][724]LogWorld: Bringing up level for play took: 0.001783
[2017.07.06-11.31.20:736][724]PIE: Info Play in editor start time for /Game/2DSideScrollerBP/Maps/UEDPIE_0_FOTWO01 0.079
[2017.07.06-11.31.20:736][724]LogBlueprintUserMessages: Late PlayInEditor Detection: Level '/Game/2DSideScrollerBP/Maps/FOTWO01.FOTWO01:PersistentLevel' has LevelScriptBlueprint '/Game/2DSideScrollerBP/Maps/FOTWO01.FOTWO01:PersistentLevel.FOTWO01' with GeneratedClass '/Game/2DSideScrollerBP/Maps/FOTWO01.FOTWO01_C' with ClassGeneratedBy '/Game/2DSideScrollerBP/Maps/FOTWO01.FOTWO01:PersistentLevel.FOTWO01'
[2017.07.06-11.31.26:109][ 44]LogRenderer: Reallocating scene render targets to support 868x492 NumSamples 1 (Frame:314).
[2017.07.06-11.31.26:177][ 45]LogRenderer: Reallocating scene render targets to support 868x504 NumSamples 1 (Frame:315).
[2017.07.06-11.31.26:233][ 46]LogRenderer: Reallocating scene render targets to support 868x512 NumSamples 1 (Frame:316).
[2017.07.06-11.31.26:324][ 48]LogRenderer: Reallocating scene render targets to support 868x516 NumSamples 1 (Frame:318).
[2017.07.06-11.31.26:369][ 49]LogRenderer: Reallocating scene render targets to support 868x520 NumSamples 1 (Frame:319).
[2017.07.06-11.31.26:415][ 50]LogRenderer: Reallocating scene render targets to support 868x524 NumSamples 1 (Frame:320).
[2017.07.06-11.31.26:464][ 51]LogRenderer: Reallocating scene render targets to support 868x528 NumSamples 1 (Frame:321).
[2017.07.06-11.31.26:784][ 65]LogRenderer: Reallocating scene render targets to support 868x532 NumSamples 1 (Frame:324).
[2017.07.06-11.31.26:869][ 67]LogRenderer: Reallocating scene render targets to support 868x536 NumSamples 1 (Frame:326).
[2017.07.06-11.31.27:081][ 77]LogRenderer: Reallocating scene render targets to support 868x540 NumSamples 1 (Frame:328).
[2017.07.06-11.31.27:126][ 78]LogRenderer: Reallocating scene render targets to support 868x544 NumSamples 1 (Frame:329).
[2017.07.06-11.31.27:293][ 81]LogRenderer: Reallocating scene render targets to support 868x548 NumSamples 1 (Frame:332).
[2017.07.06-11.31.42:646][932]Cmd: SELECT NONE
[2017.07.06-11.31.54:582][648]LogBlueprintUserMessages: Early EndPlayMap Detection: Level '/Game/2DSideScrollerBP/Maps/FOTWO01.FOTWO01:PersistentLevel' has LevelScriptBlueprint '/Game/2DSideScrollerBP/Maps/FOTWO01.FOTWO01:PersistentLevel.FOTWO01' with GeneratedClass '/Game/2DSideScrollerBP/Maps/FOTWO01.FOTWO01_C' with ClassGeneratedBy '/Game/2DSideScrollerBP/Maps/FOTWO01.FOTWO01:PersistentLevel.FOTWO01'
[2017.07.06-11.31.54:663][648]LogBlueprintUserMessages: Late EndPlayMap Detection: Level '/Game/2DSideScrollerBP/Maps/FOTWO01.FOTWO01:PersistentLevel' has LevelScriptBlueprint '/Game/2DSideScrollerBP/Maps/FOTWO01.FOTWO01:PersistentLevel.FOTWO01' with GeneratedClass '/Game/2DSideScrollerBP/Maps/FOTWO01.FOTWO01_C' with ClassGeneratedBy '/Game/2DSideScrollerBP/Maps/FOTWO01.FOTWO01:PersistentLevel.FOTWO01'
[2017.07.06-11.35.55:941][909]BlueprintLog: New page: Compile MainHUD
[2017.07.06-11.35.56:095][909]BlueprintEditorCompileResults: Info Fast Template Successfully Created.
[2017.07.06-11.35.57:016][947]LogSavePackage: Save=192.62ms
[2017.07.06-11.35.57:016][947]LogSavePackage: Moving '../../../../../../Unreal/FOTWO/source/FOTWO02/Saved/MainHUDF74CCB054DA7B608E0CC1EB3BFF6B82D.tmp' to '../../../../../../Unreal/FOTWO/source/FOTWO02/Content/2DSideScrollerBP/Blueprints/User_Interface/MainHUD.uasset'
[2017.07.06-11.35.57:018][947]LogSavePackage:Display: Finished SavePackage ../../../../../../Unreal/FOTWO/source/FOTWO02/Content/2DSideScrollerBP/Blueprints/User_Interface/MainHUD.uasset
[2017.07.06-11.37.17:680][353]BlueprintLog: New page: Compile MainHUD
[2017.07.06-11.37.17:823][353]BlueprintEditorCompileResults: Info Fast Template Successfully Created.
[2017.07.06-11.37.18:754][390]LogSavePackage: Save=192.93ms
[2017.07.06-11.37.18:754][390]LogSavePackage: Moving '../../../../../../Unreal/FOTWO/source/FOTWO02/Saved/MainHUDADD46D6F4296CC789A15268A32224831.tmp' to '../../../../../../Unreal/FOTWO/source/FOTWO02/Content/2DSideScrollerBP/Blueprints/User_Interface/MainHUD.uasset'
[2017.07.06-11.37.18:756][390]LogSavePackage:Display: Finished SavePackage ../../../../../../Unreal/FOTWO/source/FOTWO02/Content/2DSideScrollerBP/Blueprints/User_Interface/MainHUD.uasset
[2017.07.06-11.37.26:911][852]LogTemp: Repeting last play command: Selected Viewport
[2017.07.06-11.37.26:929][852]LogBlueprintUserMessages: Early PlayInEditor Detection: Level '/Game/2DSideScrollerBP/Maps/FOTWO01.FOTWO01:PersistentLevel' has LevelScriptBlueprint '/Game/2DSideScrollerBP/Maps/FOTWO01.FOTWO01:PersistentLevel.FOTWO01' with GeneratedClass '/Game/2DSideScrollerBP/Maps/FOTWO01.FOTWO01_C' with ClassGeneratedBy '/Game/2DSideScrollerBP/Maps/FOTWO01.FOTWO01:PersistentLevel.FOTWO01'
[2017.07.06-11.37.26:929][852]LogPlayLevel: PlayLevel: No blueprints needed recompiling
[2017.07.06-11.37.26:929][852]PIE: New page: PIE session: FOTWO01 (6 Jul 2017 15:37:26)
[2017.07.06-11.37.26:929][852]LogPlayLevel: Creating play world package: /Game/2DSideScrollerBP/Maps/UEDPIE_0_FOTWO01
[2017.07.06-11.37.26:931][852]LogPlayLevel: PIE: StaticDuplicateObject took: (0.001358s)
[2017.07.06-11.37.26:931][852]LogAIModule: Creating AISystem for world FOTWO01
[2017.07.06-11.37.26:931][852]LogPlayLevel: PIE: World Init took: (0.000539s)
[2017.07.06-11.37.26:931][852]LogPlayLevel: PIE: Created PIE world by copying editor world from /Game/2DSideScrollerBP/Maps/FOTWO01.FOTWO01 to /Game/2DSideScrollerBP/Maps/UEDPIE_0_FOTWO01.FOTWO01 (0.002032s)
[2017.07.06-11.37.26:947][852]LogInit: XAudio2 using 'Speakers / Headphones (Realtek Audio)' : 2 channels at 48 kHz using 32 bits per sample (channel mask 0x3)
[2017.07.06-11.37.26:970][852]LogInit: FAudioDevice initialized.
[2017.07.06-11.37.27:004][852]LogLoad: Game class is 'FOTWOGameMode_C'
[2017.07.06-11.37.27:007][852]LogWorld: Bringing World /Game/2DSideScrollerBP/Maps/UEDPIE_0_FOTWO01.FOTWO01 up for play (max tick rate 60) at 2017.07.06-13.37.27
[2017.07.06-11.37.27:007][852]LogWorld: Bringing up level for play took: 0.001223
[2017.07.06-11.37.27:012][852]PIE: Info Play in editor start time for /Game/2DSideScrollerBP/Maps/UEDPIE_0_FOTWO01 0.356
[2017.07.06-11.37.27:012][852]LogBlueprintUserMessages: Late PlayInEditor Detection: Level '/Game/2DSideScrollerBP/Maps/FOTWO01.FOTWO01:PersistentLevel' has LevelScriptBlueprint '/Game/2DSideScrollerBP/Maps/FOTWO01.FOTWO01:PersistentLevel.FOTWO01' with GeneratedClass '/Game/2DSideScrollerBP/Maps/FOTWO01.FOTWO01_C' with ClassGeneratedBy '/Game/2DSideScrollerBP/Maps/FOTWO01.FOTWO01:PersistentLevel.FOTWO01'
[2017.07.06-11.37.33:244][226]LogBlueprintUserMessages: Early EndPlayMap Detection: Level '/Game/2DSideScrollerBP/Maps/FOTWO01.FOTWO01:PersistentLevel' has LevelScriptBlueprint '/Game/2DSideScrollerBP/Maps/FOTWO01.FOTWO01:PersistentLevel.FOTWO01' with GeneratedClass '/Game/2DSideScrollerBP/Maps/FOTWO01.FOTWO01_C' with ClassGeneratedBy '/Game/2DSideScrollerBP/Maps/FOTWO01.FOTWO01:PersistentLevel.FOTWO01'
[2017.07.06-11.37.33:283][226]LogBlueprintUserMessages: Late EndPlayMap Detection: Level '/Game/2DSideScrollerBP/Maps/FOTWO01.FOTWO01:PersistentLevel' has LevelScriptBlueprint '/Game/2DSideScrollerBP/Maps/FOTWO01.FOTWO01:PersistentLevel.FOTWO01' with GeneratedClass '/Game/2DSideScrollerBP/Maps/FOTWO01.FOTWO01_C' with ClassGeneratedBy '/Game/2DSideScrollerBP/Maps/FOTWO01.FOTWO01:PersistentLevel.FOTWO01'
[2017.07.06-11.37.49:586][137]BlueprintLog: New page: Compile MainHUD
[2017.07.06-11.37.49:731][137]BlueprintEditorCompileResults: Info Fast Template Successfully Created.
[2017.07.06-11.37.53:588][345]LogSavePackage: Save=190.47ms
[2017.07.06-11.37.53:588][345]LogSavePackage: Moving '../../../../../../Unreal/FOTWO/source/FOTWO02/Saved/MainHUD4FDDE112486C087E68A7EA913DF3A0E1.tmp' to '../../../../../../Unreal/FOTWO/source/FOTWO02/Content/2DSideScrollerBP/Blueprints/User_Interface/MainHUD.uasset'
[2017.07.06-11.37.53:590][345]LogSavePackage:Display: Finished SavePackage ../../../../../../Unreal/FOTWO/source/FOTWO02/Content/2DSideScrollerBP/Blueprints/User_Interface/MainHUD.uasset
[2017.07.06-11.37.55:477][457]LogTemp: Repeting last play command: Selected Viewport
[2017.07.06-11.37.55:493][457]LogBlueprintUserMessages: Early PlayInEditor Detection: Level '/Game/2DSideScrollerBP/Maps/FOTWO01.FOTWO01:PersistentLevel' has LevelScriptBlueprint '/Game/2DSideScrollerBP/Maps/FOTWO01.FOTWO01:PersistentLevel.FOTWO01' with GeneratedClass '/Game/2DSideScrollerBP/Maps/FOTWO01.FOTWO01_C' with ClassGeneratedBy '/Game/2DSideScrollerBP/Maps/FOTWO01.FOTWO01:PersistentLevel.FOTWO01'
[2017.07.06-11.37.55:493][457]LogPlayLevel: PlayLevel: No blueprints needed recompiling
[2017.07.06-11.37.55:493][457]PIE: New page: PIE session: FOTWO01 (6 Jul 2017 15:37:55)
[2017.07.06-11.37.55:494][457]LogPlayLevel: Creating play world package: /Game/2DSideScrollerBP/Maps/UEDPIE_0_FOTWO01
[2017.07.06-11.37.55:495][457]LogPlayLevel: PIE: StaticDuplicateObject took: (0.001189s)
[2017.07.06-11.37.55:495][457]LogAIModule: Creating AISystem for world FOTWO01
[2017.07.06-11.37.55:495][457]LogPlayLevel: PIE: World Init took: (0.000941s)
[2017.07.06-11.37.55:495][457]LogPlayLevel: PIE: Created PIE world by copying editor world from /Game/2DSideScrollerBP/Maps/FOTWO01.FOTWO01 to /Game/2DSideScrollerBP/Maps/UEDPIE_0_FOTWO01.FOTWO01 (0.002334s)
[2017.07.06-11.37.55:512][457]LogInit: XAudio2 using 'Speakers / Headphones (Realtek Audio)' : 2 channels at 48 kHz using 32 bits per sample (channel mask 0x3)
[2017.07.06-11.37.55:534][457]LogInit: FAudioDevice initialized.
[2017.07.06-11.37.55:565][457]LogLoad: Game class is 'FOTWOGameMode_C'
[2017.07.06-11.37.55:567][457]LogWorld: Bringing World /Game/2DSideScrollerBP/Maps/UEDPIE_0_FOTWO01.FOTWO01 up for play (max tick rate 60) at 2017.07.06-13.37.55
[2017.07.06-11.37.55:567][457]LogWorld: Bringing up level for play took: 0.000811
[2017.07.06-11.37.55:571][457]PIE: Info Play in editor start time for /Game/2DSideScrollerBP/Maps/UEDPIE_0_FOTWO01 0.915
[2017.07.06-11.37.55:571][457]LogBlueprintUserMessages: Late PlayInEditor Detection: Level '/Game/2DSideScrollerBP/Maps/FOTWO01.FOTWO01:PersistentLevel' has LevelScriptBlueprint '/Game/2DSideScrollerBP/Maps/FOTWO01.FOTWO01:PersistentLevel.FOTWO01' with GeneratedClass '/Game/2DSideScrollerBP/Maps/FOTWO01.FOTWO01_C' with ClassGeneratedBy '/Game/2DSideScrollerBP/Maps/FOTWO01.FOTWO01:PersistentLevel.FOTWO01'
[2017.07.06-11.38.19:163][872]LogBlueprintUserMessages: Early EndPlayMap Detection: Level '/Game/2DSideScrollerBP/Maps/FOTWO01.FOTWO01:PersistentLevel' has LevelScriptBlueprint '/Game/2DSideScrollerBP/Maps/FOTWO01.FOTWO01:PersistentLevel.FOTWO01' with GeneratedClass '/Game/2DSideScrollerBP/Maps/FOTWO01.FOTWO01_C' with ClassGeneratedBy '/Game/2DSideScrollerBP/Maps/FOTWO01.FOTWO01:PersistentLevel.FOTWO01'
[2017.07.06-11.38.19:199][872]LogBlueprintUserMessages: Late EndPlayMap Detection: Level '/Game/2DSideScrollerBP/Maps/FOTWO01.FOTWO01:PersistentLevel' has LevelScriptBlueprint '/Game/2DSideScrollerBP/Maps/FOTWO01.FOTWO01:PersistentLevel.FOTWO01' with GeneratedClass '/Game/2DSideScrollerBP/Maps/FOTWO01.FOTWO01_C' with ClassGeneratedBy '/Game/2DSideScrollerBP/Maps/FOTWO01.FOTWO01:PersistentLevel.FOTWO01'
[2017.07.06-11.41.48:277][640]BlueprintLog: New page: Compile MainHUD
[2017.07.06-11.41.48:502][640]BlueprintEditorCompileResults: Info Fast Template Successfully Created.
[2017.07.06-11.41.50:853][776]LogTemp: Repeting last play command: Selected Viewport
[2017.07.06-11.41.50:872][776]LogBlueprintUserMessages: Early PlayInEditor Detection: Level '/Game/2DSideScrollerBP/Maps/FOTWO01.FOTWO01:PersistentLevel' has LevelScriptBlueprint '/Game/2DSideScrollerBP/Maps/FOTWO01.FOTWO01:PersistentLevel.FOTWO01' with GeneratedClass '/Game/2DSideScrollerBP/Maps/FOTWO01.FOTWO01_C' with ClassGeneratedBy '/Game/2DSideScrollerBP/Maps/FOTWO01.FOTWO01:PersistentLevel.FOTWO01'
[2017.07.06-11.41.50:873][776]LogPlayLevel: PlayLevel: No blueprints needed recompiling
[2017.07.06-11.41.50:873][776]PIE: New page: PIE session: FOTWO01 (6 Jul 2017 15:41:50)
[2017.07.06-11.41.50:873][776]LogPlayLevel: Creating play world package: /Game/2DSideScrollerBP/Maps/UEDPIE_0_FOTWO01
[2017.07.06-11.41.50:874][776]LogPlayLevel: PIE: StaticDuplicateObject took: (0.001354s)
[2017.07.06-11.41.50:875][776]LogAIModule: Creating AISystem for world FOTWO01
[2017.07.06-11.41.50:875][776]LogPlayLevel: PIE: World Init took: (0.000631s)
[2017.07.06-11.41.50:875][776]LogPlayLevel: PIE: Created PIE world by copying editor world from /Game/2DSideScrollerBP/Maps/FOTWO01.FOTWO01 to /Game/2DSideScrollerBP/Maps/UEDPIE_0_FOTWO01.FOTWO01 (0.002210s)
[2017.07.06-11.41.50:891][776]LogInit: XAudio2 using 'Speakers / Headphones (Realtek Audio)' : 2 channels at 48 kHz using 32 bits per sample (channel mask 0x3)
[2017.07.06-11.41.50:913][776]LogInit: FAudioDevice initialized.
[2017.07.06-11.41.50:945][776]LogLoad: Game class is 'FOTWOGameMode_C'
[2017.07.06-11.41.50:947][776]LogWorld: Bringing World /Game/2DSideScrollerBP/Maps/UEDPIE_0_FOTWO01.FOTWO01 up for play (max tick rate 60) at 2017.07.06-13.41.50
[2017.07.06-11.41.50:947][776]LogWorld: Bringing up level for play took: 0.001017
[2017.07.06-11.41.50:951][776]PIE: Info Play in editor start time for /Game/2DSideScrollerBP/Maps/UEDPIE_0_FOTWO01 0.295
[2017.07.06-11.41.50:952][776]LogBlueprintUserMessages: Late PlayInEditor Detection: Level '/Game/2DSideScrollerBP/Maps/FOTWO01.FOTWO01:PersistentLevel' has LevelScriptBlueprint '/Game/2DSideScrollerBP/Maps/FOTWO01.FOTWO01:PersistentLevel.FOTWO01' with GeneratedClass '/Game/2DSideScrollerBP/Maps/FOTWO01.FOTWO01_C' with ClassGeneratedBy '/Game/2DSideScrollerBP/Maps/FOTWO01.FOTWO01:PersistentLevel.FOTWO01'
[2017.07.06-11.41.59:663][298]LogBlueprintUserMessages: Early EndPlayMap Detection: Level '/Game/2DSideScrollerBP/Maps/FOTWO01.FOTWO01:PersistentLevel' has LevelScriptBlueprint '/Game/2DSideScrollerBP/Maps/FOTWO01.FOTWO01:PersistentLevel.FOTWO01' with GeneratedClass '/Game/2DSideScrollerBP/Maps/FOTWO01.FOTWO01_C' with ClassGeneratedBy '/Game/2DSideScrollerBP/Maps/FOTWO01.FOTWO01:PersistentLevel.FOTWO01'
[2017.07.06-11.41.59:699][298]LogBlueprintUserMessages: Late EndPlayMap Detection: Level '/Game/2DSideScrollerBP/Maps/FOTWO01.FOTWO01:PersistentLevel' has LevelScriptBlueprint '/Game/2DSideScrollerBP/Maps/FOTWO01.FOTWO01:PersistentLevel.FOTWO01' with GeneratedClass '/Game/2DSideScrollerBP/Maps/FOTWO01.FOTWO01_C' with ClassGeneratedBy '/Game/2DSideScrollerBP/Maps/FOTWO01.FOTWO01:PersistentLevel.FOTWO01'
[2017.07.06-11.42.45:958][634]LogFileHelpers: Editor autosave (incl. sublevels) for '/Game/2DSideScrollerBP/Maps/FOTWO01' took 0.037
[2017.07.06-11.42.45:960][634]OBJ SavePackage: Generating thumbnails for [0] asset(s) in package [/Game/2DSideScrollerBP/Blueprints/User_Interface/MainHUD] ([1] browsable assets)...
[2017.07.06-11.42.45:960][634]OBJ SavePackage: Finished generating thumbnails for package [/Game/2DSideScrollerBP/Blueprints/User_Interface/MainHUD]
[2017.07.06-11.42.46:212][634]LogSavePackage: Save=192.19ms
[2017.07.06-11.42.46:212][634]LogSavePackage: Moving '../../../../../../Unreal/FOTWO/source/FOTWO02/Saved/MainHUD_Auto21E1404824CBBF975A11A828F805467FE.tmp' to '../../../../../../Unreal/FOTWO/source/FOTWO02/Saved/Autosaves/Game/2DSideScrollerBP/Blueprints/User_Interface/MainHUD_Auto2.uasset'
[2017.07.06-11.42.46:213][634]LogSavePackage:Display: Finished SavePackage ../../../../../../Unreal/FOTWO/source/FOTWO02/Saved/Autosaves/Game/2DSideScrollerBP/Blueprints/User_Interface/MainHUD_Auto2.uasset
[2017.07.06-11.42.46:213][634]LogFileHelpers: Auto-saving content packages took 0.254
[2017.07.06-11.44.27:614][812]BlueprintLog: New page: Compile MainHUD
[2017.07.06-11.44.27:789][812]BlueprintEditorCompileResults: Info Fast Template Successfully Created.
[2017.07.06-11.44.28:461][835]LogSavePackage: Save=194.84ms
[2017.07.06-11.44.28:461][835]LogSavePackage: Moving '../../../../../../Unreal/FOTWO/source/FOTWO02/Saved/MainHUD68CA2922443BA0B2D275B78F972F4ED7.tmp' to '../../../../../../Unreal/FOTWO/source/FOTWO02/Content/2DSideScrollerBP/Blueprints/User_Interface/MainHUD.uasset'
[2017.07.06-11.44.28:463][835]LogSavePackage:Display: Finished SavePackage ../../../../../../Unreal/FOTWO/source/FOTWO02/Content/2DSideScrollerBP/Blueprints/User_Interface/MainHUD.uasset
[2017.07.06-11.45.20:593][751]BlueprintLog: New page: Compile MainHUD
[2017.07.06-11.45.20:746][751]BlueprintEditorCompileResults: Info Fast Template Successfully Created.
[2017.07.06-11.45.22:683][862]LogTemp: Repeting last play command: Selected Viewport
[2017.07.06-11.45.22:699][862]LogBlueprintUserMessages: Early PlayInEditor Detection: Level '/Game/2DSideScrollerBP/Maps/FOTWO01.FOTWO01:PersistentLevel' has LevelScriptBlueprint '/Game/2DSideScrollerBP/Maps/FOTWO01.FOTWO01:PersistentLevel.FOTWO01' with GeneratedClass '/Game/2DSideScrollerBP/Maps/FOTWO01.FOTWO01_C' with ClassGeneratedBy '/Game/2DSideScrollerBP/Maps/FOTWO01.FOTWO01:PersistentLevel.FOTWO01'
[2017.07.06-11.45.22:699][862]LogPlayLevel: PlayLevel: No blueprints needed recompiling
[2017.07.06-11.45.22:700][862]PIE: New page: PIE session: FOTWO01 (6 Jul 2017 15:45:22)
[2017.07.06-11.45.22:700][862]LogPlayLevel: Creating play world package: /Game/2DSideScrollerBP/Maps/UEDPIE_0_FOTWO01
[2017.07.06-11.45.22:701][862]LogPlayLevel: PIE: StaticDuplicateObject took: (0.001259s)
[2017.07.06-11.45.22:701][862]LogAIModule: Creating AISystem for world FOTWO01
[2017.07.06-11.45.22:701][862]LogPlayLevel: PIE: World Init took: (0.000571s)
[2017.07.06-11.45.22:702][862]LogPlayLevel: PIE: Created PIE world by copying editor world from /Game/2DSideScrollerBP/Maps/FOTWO01.FOTWO01 to /Game/2DSideScrollerBP/Maps/UEDPIE_0_FOTWO01.FOTWO01 (0.002089s)
[2017.07.06-11.45.22:719][862]LogInit: XAudio2 using 'Speakers / Headphones (Realtek Audio)' : 2 channels at 48 kHz using 32 bits per sample (channel mask 0x3)
[2017.07.06-11.45.22:742][862]LogInit: FAudioDevice initialized.
[2017.07.06-11.45.22:775][862]LogLoad: Game class is 'FOTWOGameMode_C'
[2017.07.06-11.45.22:778][862]LogWorld: Bringing World /Game/2DSideScrollerBP/Maps/UEDPIE_0_FOTWO01.FOTWO01 up for play (max tick rate 60) at 2017.07.06-13.45.22
[2017.07.06-11.45.22:778][862]LogWorld: Bringing up level for play took: 0.001051
[2017.07.06-11.45.22:782][862]PIE: Info Play in editor start time for /Game/2DSideScrollerBP/Maps/UEDPIE_0_FOTWO01 0.126
[2017.07.06-11.45.22:782][862]LogBlueprintUserMessages: Late PlayInEditor Detection: Level '/Game/2DSideScrollerBP/Maps/FOTWO01.FOTWO01:PersistentLevel' has LevelScriptBlueprint '/Game/2DSideScrollerBP/Maps/FOTWO01.FOTWO01:PersistentLevel.FOTWO01' with GeneratedClass '/Game/2DSideScrollerBP/Maps/FOTWO01.FOTWO01_C' with ClassGeneratedBy '/Game/2DSideScrollerBP/Maps/FOTWO01.FOTWO01:PersistentLevel.FOTWO01'
[2017.07.06-11.45.40:516][925]LogBlueprintUserMessages: Early EndPlayMap Detection: Level '/Game/2DSideScrollerBP/Maps/FOTWO01.FOTWO01:PersistentLevel' has LevelScriptBlueprint '/Game/2DSideScrollerBP/Maps/FOTWO01.FOTWO01:PersistentLevel.FOTWO01' with GeneratedClass '/Game/2DSideScrollerBP/Maps/FOTWO01.FOTWO01_C' with ClassGeneratedBy '/Game/2DSideScrollerBP/Maps/FOTWO01.FOTWO01:PersistentLevel.FOTWO01'
[2017.07.06-11.45.40:555][925]LogBlueprintUserMessages: Late EndPlayMap Detection: Level '/Game/2DSideScrollerBP/Maps/FOTWO01.FOTWO01:PersistentLevel' has LevelScriptBlueprint '/Game/2DSideScrollerBP/Maps/FOTWO01.FOTWO01:PersistentLevel.FOTWO01' with GeneratedClass '/Game/2DSideScrollerBP/Maps/FOTWO01.FOTWO01_C' with ClassGeneratedBy '/Game/2DSideScrollerBP/Maps/FOTWO01.FOTWO01:PersistentLevel.FOTWO01'
[2017.07.06-11.45.49:905][464]BlueprintLog: New page: Compile MainHUD
[2017.07.06-11.45.50:056][464]BlueprintEditorCompileResults: Info Fast Template Successfully Created.
[2017.07.06-11.45.50:848][493]LogSavePackage: Save=208.30ms
[2017.07.06-11.45.50:848][493]LogSavePackage: Moving '../../../../../../Unreal/FOTWO/source/FOTWO02/Saved/MainHUD7EBF3166418E5D1FD4DA32B4B8D6E4E6.tmp' to '../../../../../../Unreal/FOTWO/source/FOTWO02/Content/2DSideScrollerBP/Blueprints/User_Interface/MainHUD.uasset'
[2017.07.06-11.45.50:850][493]LogSavePackage:Display: Finished SavePackage ../../../../../../Unreal/FOTWO/source/FOTWO02/Content/2DSideScrollerBP/Blueprints/User_Interface/MainHUD.uasset
[2017.07.06-11.45.56:604][810]LogSavePackage: Save=201.74ms
[2017.07.06-11.45.56:604][810]LogSavePackage: Moving '../../../../../../Unreal/FOTWO/source/FOTWO02/Saved/MainHUD6524A3BD49396EDB7B6D018A495FB483.tmp' to '../../../../../../Unreal/FOTWO/source/FOTWO02/Content/2DSideScrollerBP/Blueprints/User_Interface/MainHUD.uasset'
[2017.07.06-11.45.56:605][810]LogSavePackage:Display: Finished SavePackage ../../../../../../Unreal/FOTWO/source/FOTWO02/Content/2DSideScrollerBP/Blueprints/User_Interface/MainHUD.uasset
[2017.07.06-11.46.00:972][ 66]LogTemp: Repeting last play command: Selected Viewport
[2017.07.06-11.46.00:990][ 66]LogBlueprintUserMessages: Early PlayInEditor Detection: Level '/Game/2DSideScrollerBP/Maps/FOTWO01.FOTWO01:PersistentLevel' has LevelScriptBlueprint '/Game/2DSideScrollerBP/Maps/FOTWO01.FOTWO01:PersistentLevel.FOTWO01' with GeneratedClass '/Game/2DSideScrollerBP/Maps/FOTWO01.FOTWO01_C' with ClassGeneratedBy '/Game/2DSideScrollerBP/Maps/FOTWO01.FOTWO01:PersistentLevel.FOTWO01'
[2017.07.06-11.46.00:990][ 66]LogPlayLevel: PlayLevel: No blueprints needed recompiling
[2017.07.06-11.46.00:990][ 66]PIE: New page: PIE session: FOTWO01 (6 Jul 2017 15:46:00)
[2017.07.06-11.46.00:990][ 66]LogPlayLevel: Creating play world package: /Game/2DSideScrollerBP/Maps/UEDPIE_0_FOTWO01
[2017.07.06-11.46.00:991][ 66]LogPlayLevel: PIE: StaticDuplicateObject took: (0.001076s)
[2017.07.06-11.46.00:992][ 66]LogAIModule: Creating AISystem for world FOTWO01
[2017.07.06-11.46.00:992][ 66]LogPlayLevel: PIE: World Init took: (0.000453s)
[2017.07.06-11.46.00:992][ 66]LogPlayLevel: PIE: Created PIE world by copying editor world from /Game/2DSideScrollerBP/Maps/FOTWO01.FOTWO01 to /Game/2DSideScrollerBP/Maps/UEDPIE_0_FOTWO01.FOTWO01 (0.001678s)
[2017.07.06-11.46.01:009][ 66]LogInit: XAudio2 using 'Speakers / Headphones (Realtek Audio)' : 2 channels at 48 kHz using 32 bits per sample (channel mask 0x3)
[2017.07.06-11.46.01:032][ 66]LogInit: FAudioDevice initialized.
[2017.07.06-11.46.01:061][ 66]LogLoad: Game class is 'FOTWOGameMode_C'
[2017.07.06-11.46.01:063][ 66]LogWorld: Bringing World /Game/2DSideScrollerBP/Maps/UEDPIE_0_FOTWO01.FOTWO01 up for play (max tick rate 60) at 2017.07.06-13.46.01
[2017.07.06-11.46.01:063][ 66]LogWorld: Bringing up level for play took: 0.000912
[2017.07.06-11.46.01:068][ 66]PIE: Info Play in editor start time for /Game/2DSideScrollerBP/Maps/UEDPIE_0_FOTWO01 0.412
[2017.07.06-11.46.01:068][ 66]LogBlueprintUserMessages: Late PlayInEditor Detection: Level '/Game/2DSideScrollerBP/Maps/FOTWO01.FOTWO01:PersistentLevel' has LevelScriptBlueprint '/Game/2DSideScrollerBP/Maps/FOTWO01.FOTWO01:PersistentLevel.FOTWO01' with GeneratedClass '/Game/2DSideScrollerBP/Maps/FOTWO01.FOTWO01_C' with ClassGeneratedBy '/Game/2DSideScrollerBP/Maps/FOTWO01.FOTWO01:PersistentLevel.FOTWO01'
[2017.07.06-11.46.03:969][240]LogBlueprintUserMessages: Early EndPlayMap Detection: Level '/Game/2DSideScrollerBP/Maps/FOTWO01.FOTWO01:PersistentLevel' has LevelScriptBlueprint '/Game/2DSideScrollerBP/Maps/FOTWO01.FOTWO01:PersistentLevel.FOTWO01' with GeneratedClass '/Game/2DSideScrollerBP/Maps/FOTWO01.FOTWO01_C' with ClassGeneratedBy '/Game/2DSideScrollerBP/Maps/FOTWO01.FOTWO01:PersistentLevel.FOTWO01'
[2017.07.06-11.46.04:007][240]LogBlueprintUserMessages: Late EndPlayMap Detection: Level '/Game/2DSideScrollerBP/Maps/FOTWO01.FOTWO01:PersistentLevel' has LevelScriptBlueprint '/Game/2DSideScrollerBP/Maps/FOTWO01.FOTWO01:PersistentLevel.FOTWO01' with GeneratedClass '/Game/2DSideScrollerBP/Maps/FOTWO01.FOTWO01_C' with ClassGeneratedBy '/Game/2DSideScrollerBP/Maps/FOTWO01.FOTWO01:PersistentLevel.FOTWO01'
[2017.07.06-11.46.48:144][632]BlueprintLog: New page: Compile MainHUD
[2017.07.06-11.46.48:290][632]BlueprintEditorCompileResults: Info Fast Template Successfully Created.
[2017.07.06-11.46.50:218][727]LogSavePackage: Save=203.73ms
[2017.07.06-11.46.50:218][727]LogSavePackage: Moving '../../../../../../Unreal/FOTWO/source/FOTWO02/Saved/MainHUDCB3F1A124253FC4B6F721A860166B3E9.tmp' to '../../../../../../Unreal/FOTWO/source/FOTWO02/Content/2DSideScrollerBP/Blueprints/User_Interface/MainHUD.uasset'
[2017.07.06-11.46.50:221][727]LogSavePackage:Display: Finished SavePackage ../../../../../../Unreal/FOTWO/source/FOTWO02/Content/2DSideScrollerBP/Blueprints/User_Interface/MainHUD.uasset
[2017.07.06-11.46.57:446][137]LogWindowsTextInputMethodSystem:Display: IME system now deactivated.
[2017.07.06-11.46.57:644][138]Cmd: QUIT_EDITOR
[2017.07.06-11.46.58:520][138]LogExit: Preparing to exit.
[2017.07.06-11.46.59:392][138]LogDirectoryWatcher: A directory notification for 'C:/Unreal/FOTWO/source/FOTWO02/Content/' was aborted.
[2017.07.06-11.46.59:441][138]LogExit: Editor shut down
[2017.07.06-11.46.59:445][138]LogExit: Transaction tracking system shut down
[2017.07.06-11.46.59:556][138]LogObj: Freed 0b from 0 cluster array pools.
[2017.07.06-11.46.59:556][138]LogExit: Object subsystem successfully closed.
[2017.07.06-11.46.59:571][138]LogD3D11RHI: Shutdown
[2017.07.06-11.46.59:571][138]LogD3D11RHI: CleanupD3DDevice
[2017.07.06-11.46.59:623][138]LogD3D11RHI: ~FD3D11DynamicRHI
[2017.07.06-11.46.59:636][138]LogModuleManager: Shutting down and abandoning module FontEditor (534)
[2017.07.06-11.46.59:636][138]LogModuleManager: Shutting down and abandoning module MovieSceneCapture (532)
[2017.07.06-11.46.59:636][138]LogModuleManager: Shutting down and abandoning module StatsViewer (530)
[2017.07.06-11.46.59:636][138]LogModuleManager: Shutting down and abandoning module SequencerWidgets (528)
[2017.07.06-11.46.59:636][138]LogModuleManager: Shutting down and abandoning module BlueprintGraph (526)
[2017.07.06-11.46.59:636][138]LogModuleManager: Shutting down and abandoning module BlueprintProfiler (524)
[2017.07.06-11.46.59:636][138]LogModuleManager: Shutting down and abandoning module HierarchicalLODOutliner (522)
[2017.07.06-11.46.59:636][138]LogModuleManager: Shutting down and abandoning module CrashTracker (520)
[2017.07.06-11.46.59:636][138]LogModuleManager: Shutting down and abandoning module SceneOutliner (518)
[2017.07.06-11.46.59:636][138]LogModuleManager: Shutting down and abandoning module AddContentDialog (516)
[2017.07.06-11.46.59:636][138]LogDirectoryWatcher: A directory notification for 'C:/Program Files/Epic Games/UE_4.16/FeaturePacks/' was aborted.
[2017.07.06-11.46.59:638][138]LogModuleManager: Shutting down and abandoning module WidgetCarousel (515)
[2017.07.06-11.46.59:638][138]LogModuleManager: Shutting down and abandoning module EditorWidgets (512)
[2017.07.06-11.46.59:638][138]LogModuleManager: Shutting down and abandoning module CollectionManager (510)
[2017.07.06-11.46.59:638][138]LogDirectoryWatcher: A directory notification for 'C:/Unreal/FOTWO/source/FOTWO02/Content/Collections/' was aborted.
[2017.07.06-11.46.59:638][138]LogDirectoryWatcher: A directory notification for 'C:/Unreal/FOTWO/source/FOTWO02/Content/Developers/vonkl/Collections/' was aborted.
[2017.07.06-11.46.59:638][138]LogDirectoryWatcher: A directory notification for 'C:/Unreal/FOTWO/source/FOTWO02/Saved/Collections/' was aborted.
[2017.07.06-11.46.59:638][138]LogModuleManager: Shutting down and abandoning module FoliageEdit (508)
[2017.07.06-11.46.59:638][138]LogModuleManager: Shutting down and abandoning module LandscapeEditor (506)
[2017.07.06-11.46.59:638][138]LogModuleManager: Shutting down and abandoning module MeshPaintMode (504)
[2017.07.06-11.46.59:638][138]LogModuleManager: Shutting down and abandoning module SceneDepthPickerMode (502)
[2017.07.06-11.46.59:638][138]LogModuleManager: Shutting down and abandoning module ActorPickerMode (500)
[2017.07.06-11.46.59:638][138]LogModuleManager: Shutting down and abandoning module GeometryMode (498)
[2017.07.06-11.46.59:638][138]LogModuleManager: Shutting down and abandoning module TextureAlignMode (496)
[2017.07.06-11.46.59:638][138]LogModuleManager: Shutting down and abandoning module BspMode (494)
[2017.07.06-11.46.59:638][138]LogModuleManager: Shutting down and abandoning module HardwareSurvey (492)
[2017.07.06-11.46.59:638][138]LogModuleManager: Shutting down and abandoning module SequenceRecorderSections (490)
[2017.07.06-11.46.59:638][138]LogModuleManager: Shutting down and abandoning module AutomationWorker (488)
[2017.07.06-11.46.59:638][138]LogModuleManager: Shutting down and abandoning module MatineeToLevelSequence (486)
[2017.07.06-11.46.59:638][138]LogModuleManager: Shutting down and abandoning module LevelSequenceEditor (484)
[2017.07.06-11.46.59:638][138]LogModuleManager: Shutting down and abandoning module PlacementMode (483)
[2017.07.06-11.46.59:638][138]LogModuleManager: Shutting down and abandoning module WmfMediaFactory (480)
[2017.07.06-11.46.59:638][138]LogModuleManager: Shutting down and abandoning module WmfMediaEditor (478)
[2017.07.06-11.46.59:638][138]LogModuleManager: Shutting down and abandoning module AvfMediaFactory (476)
[2017.07.06-11.46.59:638][138]LogModuleManager: Shutting down and abandoning module AvfMediaEditor (474)
[2017.07.06-11.46.59:638][138]LogModuleManager: Shutting down and abandoning module AndroidMediaFactory (472)
[2017.07.06-11.46.59:638][138]LogModuleManager: Shutting down and abandoning module Media (471)
[2017.07.06-11.46.59:638][138]LogModuleManager: Shutting down and abandoning module AndroidMediaEditor (468)
[2017.07.06-11.46.59:638][138]LogModuleManager: Shutting down and abandoning module CharacterAI (466)
[2017.07.06-11.46.59:638][138]LogModuleManager: Shutting down and abandoning module AudioCapture (464)
[2017.07.06-11.46.59:638][138]LogModuleManager: Shutting down and abandoning module SequenceRecorder (463)
[2017.07.06-11.46.59:638][138]LogModuleManager: Shutting down and abandoning module SmartSnapping (460)
[2017.07.06-11.46.59:638][138]LogModuleManager: Shutting down and abandoning module SessionServices (458)
[2017.07.06-11.46.59:638][138]LogModuleManager: Shutting down and abandoning module ViewportSnapping (456)
[2017.07.06-11.46.59:638][138]LogModuleManager: Shutting down and abandoning module ViewportInteraction (454)
[2017.07.06-11.46.59:638][138]LogModuleManager: Shutting down and abandoning module ClothPainter (452)
[2017.07.06-11.46.59:638][138]LogModuleManager: Shutting down and abandoning module LogVisualizer (450)
[2017.07.06-11.46.59:638][138]LogModuleManager: Shutting down and abandoning module IntroTutorials (448)
[2017.07.06-11.46.59:639][138]LogModuleManager: Shutting down and abandoning module GameProjectGeneration (447)
[2017.07.06-11.46.59:639][138]LogModuleManager: Shutting down and abandoning module EditorLiveStreaming (444)
[2017.07.06-11.46.59:639][138]LogModuleManager: Shutting down and abandoning module IOSPlatformEditor (442)
[2017.07.06-11.46.59:639][138]LogModuleManager: Shutting down and abandoning module HTML5PlatformEditor (440)
[2017.07.06-11.46.59:639][138]LogModuleManager: Shutting down and abandoning module AndroidPlatformEditor (438)
[2017.07.06-11.46.59:639][138]LogModuleManager: Shutting down and abandoning module AndroidDeviceDetection (437)
[2017.07.06-11.47.00:131][138]LogModuleManager: Shutting down and abandoning module IOSRuntimeSettings (434)
[2017.07.06-11.47.00:131][138]LogModuleManager: Shutting down and abandoning module AndroidRuntimeSettings (432)
[2017.07.06-11.47.00:131][138]LogModuleManager: Shutting down and abandoning module InputBindingEditor (430)
[2017.07.06-11.47.00:131][138]LogModuleManager: Shutting down and abandoning module MergeActors (428)
[2017.07.06-11.47.00:131][138]LogModuleManager: Shutting down and abandoning module SizeMap (426)
[2017.07.06-11.47.00:131][138]LogModuleManager: Shutting down and abandoning module TreeMap (424)
[2017.07.06-11.47.00:131][138]LogModuleManager: Shutting down and abandoning module ReferenceViewer (422)
[2017.07.06-11.47.00:131][138]LogModuleManager: Shutting down and abandoning module LocalizationDashboard (420)
[2017.07.06-11.47.00:131][138]LogModuleManager: Shutting down and abandoning module LocalizationService (419)
[2017.07.06-11.47.00:132][138]LogModuleManager: Shutting down and abandoning module HardwareTargeting (416)
[2017.07.06-11.47.00:132][138]LogModuleManager: Shutting down and abandoning module DeviceProfileEditor (414)
[2017.07.06-11.47.00:132][138]LogModuleManager: Shutting down and abandoning module UndoHistory (412)
[2017.07.06-11.47.00:132][138]LogModuleManager: Shutting down and abandoning module UserFeedback (410)
[2017.07.06-11.47.00:132][138]LogModuleManager: Shutting down and abandoning module XmlParser (408)
[2017.07.06-11.47.00:132][138]LogModuleManager: Shutting down and abandoning module Blutility (406)
[2017.07.06-11.47.00:132][138]LogModuleManager: Shutting down and abandoning module ProjectSettingsViewer (404)
[2017.07.06-11.47.00:132][138]LogModuleManager: Shutting down and abandoning module ProjectTargetPlatformEditor (403)
[2017.07.06-11.47.00:132][138]LogModuleManager: Shutting down and abandoning module EditorSettingsViewer (400)
[2017.07.06-11.47.00:132][138]LogModuleManager: Shutting down and abandoning module SettingsEditor (398)
[2017.07.06-11.47.00:132][138]LogModuleManager: Shutting down and abandoning module ProjectLauncher (396)
[2017.07.06-11.47.00:132][138]LogModuleManager: Shutting down and abandoning module SessionFrontend (394)
[2017.07.06-11.47.00:132][138]LogModuleManager: Shutting down and abandoning module ProfilerClient (392)
[2017.07.06-11.47.00:132][138]LogModuleManager: Shutting down and abandoning module DeviceManager (390)
[2017.07.06-11.47.00:132][138]LogModuleManager: Shutting down and abandoning module TargetDeviceServices (389)
[2017.07.06-11.47.00:183][138]LogModuleManager: Shutting down and abandoning module AutomationController (386)
[2017.07.06-11.47.00:183][138]LogModuleManager: Shutting down and abandoning module AutomationWindow (384)
[2017.07.06-11.47.00:183][138]LogModuleManager: Shutting down and abandoning module Layers (382)
[2017.07.06-11.47.00:183][138]LogModuleManager: Shutting down and abandoning module ComponentVisualizers (380)
[2017.07.06-11.47.00:183][138]LogModuleManager: Shutting down and abandoning module DetailCustomizations (378)
[2017.07.06-11.47.00:183][138]LogModuleManager: Shutting down and abandoning module PackagesDialog (376)
[2017.07.06-11.47.00:183][138]LogModuleManager: Shutting down and abandoning module Persona (374)
[2017.07.06-11.47.00:183][138]LogModuleManager: Shutting down and abandoning module AdvancedPreviewScene (373)
[2017.07.06-11.47.00:183][138]LogModuleManager: Shutting down and abandoning module AnimGraph (371)
[2017.07.06-11.47.00:184][138]LogModuleManager: Shutting down and abandoning module Kismet (368)
[2017.07.06-11.47.00:199][138]LogModuleManager: Shutting down and abandoning module ClassViewer (366)
[2017.07.06-11.47.00:199][138]LogModuleManager: Shutting down and abandoning module Toolbox (364)
[2017.07.06-11.47.00:199][138]LogModuleManager: Shutting down and abandoning module ModuleUI (362)
[2017.07.06-11.47.00:199][138]LogModuleManager: Shutting down and abandoning module MovieSceneTools (360)
[2017.07.06-11.47.00:199][138]LogModuleManager: Shutting down and abandoning module OutputLog (358)
[2017.07.06-11.47.00:199][138]LogModuleManager: Shutting down and abandoning module GammaUI (356)
[2017.07.06-11.47.00:199][138]LogModuleManager: Shutting down and abandoning module Documentation (354)
[2017.07.06-11.47.00:199][138]LogModuleManager: Shutting down and abandoning module MovieSceneTracks (352)
[2017.07.06-11.47.00:199][138]LogModuleManager: Shutting down and abandoning module MovieScene (350)
[2017.07.06-11.47.00:199][138]LogModuleManager: Shutting down and abandoning module Niagara (348)
[2017.07.06-11.47.00:199][138]LogModuleManager: Shutting down and abandoning module NiagaraEditor (347)
[2017.07.06-11.47.00:199][138]LogModuleManager: Shutting down and abandoning module StreamingPauseRendering (344)
[2017.07.06-11.47.00:199][138]LogModuleManager: Shutting down and abandoning module AnalyticsET (342)
[2017.07.06-11.47.00:199][138]LogModuleManager: Shutting down and abandoning module PortalServices (340)
[2017.07.06-11.47.00:199][138]LogModuleManager: Shutting down and abandoning module PortalRpc (338)
[2017.07.06-11.47.00:199][138]LogModuleManager: Shutting down and abandoning module MessagingRpc (336)
[2017.07.06-11.47.00:200][138]LogModuleManager: Shutting down and abandoning module AIModule (334)
[2017.07.06-11.47.00:200][138]LogModuleManager: Shutting down and abandoning module GameplayDebugger (333)
[2017.07.06-11.47.00:200][138]LogModuleManager: Shutting down and abandoning module AITestSuite (331)
[2017.07.06-11.47.00:200][138]LogModuleManager: Shutting down and abandoning module ProfilerService (328)
[2017.07.06-11.47.00:404][138]LogModuleManager: Shutting down and abandoning module TaskGraph (326)
[2017.07.06-11.47.00:404][138]LogModuleManager: Shutting down and abandoning module SteamVRController (324)
[2017.07.06-11.47.00:404][138]LogModuleManager: Shutting down and abandoning module SteamVR (322)
[2017.07.06-11.47.00:404][138]LogModuleManager: Shutting down and abandoning module ProceduralMeshComponentEditor (320)
[2017.07.06-11.47.00:404][138]LogModuleManager: Shutting down and abandoning module ProceduralMeshComponent (318)
[2017.07.06-11.47.00:404][138]LogModuleManager: Shutting down and abandoning module OculusLibrary (316)
[2017.07.06-11.47.00:404][138]LogModuleManager: Shutting down and abandoning module OculusInput (314)
[2017.07.06-11.47.00:404][138]LogModuleManager: Shutting down and abandoning module MobilePatchingUtils (312)
[2017.07.06-11.47.00:404][138]LogModuleManager: Shutting down and abandoning module CustomMeshComponent (310)
[2017.07.06-11.47.00:404][138]LogModuleManager: Shutting down and abandoning module CableComponent (308)
[2017.07.06-11.47.00:404][138]LogModuleManager: Shutting down and abandoning module ArchVisCharacter (306)
[2017.07.06-11.47.00:404][138]LogModuleManager: Shutting down and abandoning module AndroidPermission (304)
[2017.07.06-11.47.00:404][138]LogModuleManager: Shutting down and abandoning module MediaPlayerEditor (300)
[2017.07.06-11.47.00:404][138]LogModuleManager: Shutting down and abandoning module HTML5Networking (298)
[2017.07.06-11.47.00:404][138]LogModuleManager: Shutting down and abandoning module AlembicImporter (296)
[2017.07.06-11.47.00:404][138]LogModuleManager: Shutting down and abandoning module AlembicLibrary (295)
[2017.07.06-11.47.00:404][138]LogModuleManager: Shutting down and abandoning module GeometryCache (294)
[2017.07.06-11.47.00:405][138]LogModuleManager: Shutting down and abandoning module GeometryCacheEd (293)
[2017.07.06-11.47.00:405][138]LogModuleManager: Shutting down and abandoning module SuperSearchEditor (288)
[2017.07.06-11.47.00:405][138]LogModuleManager: Shutting down and abandoning module SuperSearch (287)
[2017.07.06-11.47.00:405][138]LogModuleManager: Shutting down and abandoning module SpeedTreeImporter (284)
[2017.07.06-11.47.00:405][138]LogModuleManager: Shutting down and abandoning module PluginBrowser (282)
[2017.07.06-11.47.00:405][138]LogModuleManager: Shutting down and abandoning module MobileLauncherProfileWizard (280)
[2017.07.06-11.47.00:405][138]LogModuleManager: Shutting down and abandoning module VisualStudioSourceCodeAccess (278)
[2017.07.06-11.47.00:405][138]LogModuleManager: Shutting down and abandoning module DesktopPlatform (277)
[2017.07.06-11.47.00:405][138]LogModuleManager: Shutting down and abandoning module UObjectPlugin (274)
[2017.07.06-11.47.00:405][138]LogModuleManager: Shutting down and abandoning module SubversionSourceControl (272)
[2017.07.06-11.47.00:405][138]LogModuleManager: Shutting down and abandoning module PerforceSourceControl (270)
[2017.07.06-11.47.00:405][138]LogModuleManager: Shutting down and abandoning module GitSourceControl (268)
[2017.07.06-11.47.00:405][138]LogModuleManager: Shutting down and abandoning module SourceControl (267)
[2017.07.06-11.47.00:405][138]LogModuleManager: Shutting down and abandoning module LightPropagationVolumeEditor (264)
[2017.07.06-11.47.00:405][138]LogModuleManager: Shutting down and abandoning module PaperTiledImporter (262)
[2017.07.06-11.47.00:405][138]LogModuleManager: Shutting down and abandoning module PaperSpriteSheetImporter (260)
[2017.07.06-11.47.00:405][138]LogModuleManager: Shutting down and abandoning module Paper2DEditor (258)
[2017.07.06-11.47.00:405][138]LogModuleManager: Shutting down and abandoning module MeshPaint (257)
[2017.07.06-11.47.00:405][138]LogModuleManager: Shutting down and abandoning module LevelEditor (255)
[2017.07.06-11.47.00:407][138]LogModuleManager: Shutting down and abandoning module PixelInspectorModule (254)
[2017.07.06-11.47.00:407][138]LogModuleManager: Shutting down and abandoning module MainFrame (252)
[2017.07.06-11.47.00:407][138]LogModuleManager: Shutting down and abandoning module HotReload (251)
[2017.07.06-11.47.00:409][138]LogModuleManager: Shutting down and abandoning module PhysXVehiclesEditor (246)
[2017.07.06-11.47.00:409][138]LogModuleManager: Shutting down and abandoning module PhysXVehicles (244)
[2017.07.06-11.47.00:409][138]LogModuleManager: Shutting down and abandoning module LocationServicesBPLibrary (242)
[2017.07.06-11.47.00:409][138]LogModuleManager: Shutting down and abandoning module ImmediatePhysicsEditor (240)
[2017.07.06-11.47.00:409][138]LogModuleManager: Shutting down and abandoning module ImmediatePhysics (238)
[2017.07.06-11.47.00:409][138]LogModuleManager: Shutting down and abandoning module UdpMessaging (236)
[2017.07.06-11.47.00:510][138]LogModuleManager: Shutting down and abandoning module TcpMessaging (234)
[2017.07.06-11.47.00:610][138]LogModuleManager: Shutting down and abandoning module GameplayTagsEditor (232)
[2017.07.06-11.47.00:610][138]LogModuleManager: Shutting down and abandoning module FacialAnimationEditor (230)
[2017.07.06-11.47.00:610][138]LogModuleManager: Shutting down and abandoning module FacialAnimation (228)
[2017.07.06-11.47.00:610][138]LogModuleManager: Shutting down and abandoning module AssetManagerEditor (226)
[2017.07.06-11.47.00:611][138]LogModuleManager: Shutting down and abandoning module GraphEditor (225)
[2017.07.06-11.47.00:611][138]LogModuleManager: Shutting down and abandoning module ContentBrowser (223)
[2017.07.06-11.47.00:613][138]LogModuleManager: Shutting down and abandoning module LightPropagationVolumeRuntime (220)
[2017.07.06-11.47.00:613][138]LogModuleManager: Shutting down and abandoning module Paper2D (218)
[2017.07.06-11.47.00:613][138]LogModuleManager: Shutting down and abandoning module WindowsMoviePlayer (216)
[2017.07.06-11.47.00:613][138]LogModuleManager: Shutting down and abandoning module WmfMedia (214)
[2017.07.06-11.47.00:614][138]LogModuleManager: Shutting down and abandoning module ClothingSystemEditor (212)
[2017.07.06-11.47.00:614][138]LogModuleManager: Shutting down and abandoning module ClothingSystemRuntime (210)
[2017.07.06-11.47.00:614][138]LogModuleManager: Shutting down and abandoning module MediaAssets (208)
[2017.07.06-11.47.00:614][138]LogModuleManager: Shutting down and abandoning module GameLiveStreaming (206)
[2017.07.06-11.47.00:614][138]LogModuleManager: Shutting down and abandoning module VREditor (204)
[2017.07.06-11.47.00:614][138]LogModuleManager: Shutting down and abandoning module StringTableEditor (202)
[2017.07.06-11.47.00:614][138]LogModuleManager: Shutting down and abandoning module GameplayTasksEditor (200)
[2017.07.06-11.47.00:614][138]LogModuleManager: Shutting down and abandoning module BehaviorTreeEditor (198)
[2017.07.06-11.47.00:614][138]LogModuleManager: Shutting down and abandoning module FunctionalTesting (196)
[2017.07.06-11.47.00:614][138]LogModuleManager: Shutting down and abandoning module CollisionAnalyzer (194)
[2017.07.06-11.47.00:614][138]LogModuleManager: Shutting down and abandoning module UMG (192)
[2017.07.06-11.47.00:614][138]LogModuleManager: Shutting down and abandoning module UMGEditor (191)
[2017.07.06-11.47.00:614][138]LogModuleManager: Shutting down and abandoning module Sequencer (190)
[2017.07.06-11.47.00:615][138]LogModuleManager: Shutting down and abandoning module AssetTools (188)
[2017.07.06-11.47.00:615][138]LogModuleManager: Shutting down and abandoning module MessageLog (187)
[2017.07.06-11.47.00:615][138]LogModuleManager: Shutting down and abandoning module WorkspaceMenuStructure (186)
[2017.07.06-11.47.00:615][138]LogModuleManager: Shutting down and abandoning module SlateReflector (180)
[2017.07.06-11.47.00:615][138]LogModuleManager: Shutting down and abandoning module Slate (178)
[2017.07.06-11.47.00:615][138]LogModuleManager: Shutting down and abandoning module EditorStyle (176)
[2017.07.06-11.47.00:622][138]LogModuleManager: Shutting down and abandoning module SourceCodeAccess (174)
[2017.07.06-11.47.00:622][138]LogModuleManager: Shutting down and abandoning module HeadMountedDisplay (172)
[2017.07.06-11.47.00:622][138]LogModuleManager: Shutting down and abandoning module XAudio2 (170)
[2017.07.06-11.47.00:622][138]LogModuleManager: Shutting down and abandoning module Networking (168)
[2017.07.06-11.47.00:622][138]LogModuleManager: Shutting down and abandoning module Core (164)
[2017.07.06-11.47.00:622][138]LogModuleManager: Shutting down and abandoning module AssetRegistry (162)
[2017.07.06-11.47.00:796][138]LogDirectoryWatcher: A directory notification for '../../../Engine/Content/' was aborted.
[2017.07.06-11.47.00:797][138]LogDirectoryWatcher: A directory notification for '../../../../../../Unreal/FOTWO/source/FOTWO02/Content/' was aborted.
[2017.07.06-11.47.00:797][138]LogDirectoryWatcher: A directory notification for '../../../Engine/Plugins/2D/Paper2D/Content/' was aborted.
[2017.07.06-11.47.00:797][138]LogDirectoryWatcher: A directory notification for '../../../Engine/Plugins/Runtime/GearVR/Content/' was aborted.
[2017.07.06-11.47.00:804][138]LogModuleManager: Shutting down and abandoning module DirectoryWatcher (161)
[2017.07.06-11.47.00:805][138]LogModuleManager: Shutting down and abandoning module KismetCompiler (158)
[2017.07.06-11.47.00:805][138]LogModuleManager: Shutting down and abandoning module LevelSequence (156)
[2017.07.06-11.47.00:805][138]LogModuleManager: Shutting down and abandoning module PhysXFormats (154)
[2017.07.06-11.47.00:805][138]LogModuleManager: Shutting down and abandoning module MeshUtilities (152)
[2017.07.06-11.47.00:805][138]LogModuleManager: Shutting down and abandoning module SimplygonSwarm (151)
[2017.07.06-11.47.00:805][138]LogModuleManager: Shutting down and abandoning module SimplygonMeshReduction (149)
[2017.07.06-11.47.00:806][138]LogModuleManager: Shutting down and abandoning module QuadricMeshReduction (147)
[2017.07.06-11.47.00:806][138]LogModuleManager: Shutting down and abandoning module DerivedDataCache (144)
[2017.07.06-11.47.00:824][138]LogDerivedDataCache: Shutdown
[2017.07.06-11.47.00:824][138]LogModuleManager: Shutting down and abandoning module TargetPlatform (142)
[2017.07.06-11.47.00:824][138]LogModuleManager: Shutting down and abandoning module VulkanShaderFormat (141)
[2017.07.06-11.47.00:824][138]LogModuleManager: Shutting down and abandoning module ShaderFormatVectorVM (139)
[2017.07.06-11.47.00:824][138]LogModuleManager: Shutting down and abandoning module ShaderFormatOpenGL (137)
[2017.07.06-11.47.00:824][138]LogModuleManager: Shutting down and abandoning module ShaderFormatD3D (135)
[2017.07.06-11.47.00:824][138]LogModuleManager: Shutting down and abandoning module MetalShaderFormat (133)
[2017.07.06-11.47.00:824][138]LogModuleManager: Shutting down and abandoning module TextureFormatUncompressed (131)
[2017.07.06-11.47.00:824][138]LogModuleManager: Shutting down and abandoning module TextureFormatPVR (129)
[2017.07.06-11.47.00:824][138]LogModuleManager: Shutting down and abandoning module TextureFormatDXT (127)
[2017.07.06-11.47.00:824][138]LogModuleManager: Shutting down and abandoning module TextureFormatIntelISPCTexComp (125)
[2017.07.06-11.47.00:824][138]LogModuleManager: Shutting down and abandoning module TextureFormatASTC (123)
[2017.07.06-11.47.00:824][138]LogModuleManager: Shutting down and abandoning module ImageWrapper (122)
[2017.07.06-11.47.00:824][138]LogModuleManager: Shutting down and abandoning module TextureFormatAndroid (119)
[2017.07.06-11.47.00:824][138]LogModuleManager: Shutting down and abandoning module AudioFormatOpus (117)
[2017.07.06-11.47.00:824][138]LogModuleManager: Shutting down and abandoning module AudioFormatOgg (115)
[2017.07.06-11.47.00:824][138]LogModuleManager: Shutting down and abandoning module AudioFormatADPCM (113)
[2017.07.06-11.47.00:824][138]LogModuleManager: Shutting down and abandoning module LinuxTargetPlatform (111)
[2017.07.06-11.47.00:825][138]LogModuleManager: Shutting down and abandoning module LinuxServerTargetPlatform (109)
[2017.07.06-11.47.00:825][138]LogModuleManager: Shutting down and abandoning module LinuxNoEditorTargetPlatform (107)
[2017.07.06-11.47.00:825][138]LogModuleManager: Shutting down and abandoning module LinuxClientTargetPlatform (105)
[2017.07.06-11.47.00:825][138]LogModuleManager: Shutting down and abandoning module TVOSTargetPlatform (103)
[2017.07.06-11.47.00:825][138]LogModuleManager: Shutting down and abandoning module Messaging (101)
[2017.07.06-11.47.00:825][138]LogModuleManager: Shutting down and abandoning module IOSTargetPlatform (99)
[2017.07.06-11.47.00:825][138]LogModuleManager: Shutting down and abandoning module HTML5TargetPlatform (97)
[2017.07.06-11.47.00:825][138]LogModuleManager: Shutting down and abandoning module Android_PVRTCTargetPlatform (95)
[2017.07.06-11.47.00:825][138]LogModuleManager: Shutting down and abandoning module Android_MultiTargetPlatform (93)
[2017.07.06-11.47.00:825][138]LogModuleManager: Shutting down and abandoning module Android_ETC2TargetPlatform (91)
[2017.07.06-11.47.00:825][138]LogModuleManager: Shutting down and abandoning module Android_ETC1TargetPlatform (89)
[2017.07.06-11.47.00:825][138]LogModuleManager: Shutting down and abandoning module Android_DXTTargetPlatform (87)
[2017.07.06-11.47.00:825][138]LogModuleManager: Shutting down and abandoning module Android_ATCTargetPlatform (85)
[2017.07.06-11.47.00:825][138]LogModuleManager: Shutting down and abandoning module Android_ASTCTargetPlatform (83)
[2017.07.06-11.47.00:825][138]LogModuleManager: Shutting down and abandoning module AndroidTargetPlatform (81)
[2017.07.06-11.47.00:825][138]LogModuleManager: Shutting down and abandoning module WindowsTargetPlatform (79)
[2017.07.06-11.47.00:825][138]LogModuleManager: Shutting down and abandoning module WindowsServerTargetPlatform (77)
[2017.07.06-11.47.00:825][138]LogModuleManager: Shutting down and abandoning module WindowsNoEditorTargetPlatform (75)
[2017.07.06-11.47.00:825][138]LogModuleManager: Shutting down and abandoning module WindowsClientTargetPlatform (73)
[2017.07.06-11.47.00:825][138]LogModuleManager: Shutting down and abandoning module MacTargetPlatform (71)
[2017.07.06-11.47.00:825][138]LogModuleManager: Shutting down and abandoning module MacServerTargetPlatform (69)
[2017.07.06-11.47.00:825][138]LogModuleManager: Shutting down and abandoning module MacNoEditorTargetPlatform (67)
[2017.07.06-11.47.00:825][138]LogModuleManager: Shutting down and abandoning module MacClientTargetPlatform (65)
[2017.07.06-11.47.00:825][138]LogModuleManager: Shutting down and abandoning module AllDesktopTargetPlatform (63)
[2017.07.06-11.47.00:825][138]LogModuleManager: Shutting down and abandoning module InputCore (60)
[2017.07.06-11.47.00:825][138]LogModuleManager: Shutting down and abandoning module Settings (58)
[2017.07.06-11.47.00:825][138]LogModuleManager: Shutting down and abandoning module OculusRift (56)
[2017.07.06-11.47.00:826][138]LogModuleManager: Shutting down and abandoning module GearVRController (54)
[2017.07.06-11.47.00:826][138]LogModuleManager: Shutting down and abandoning module GearVR (52)
[2017.07.06-11.47.00:826][138]LogModuleManager: Shutting down and abandoning module ExampleDeviceProfileSelector (50)
[2017.07.06-11.47.00:826][138]LogModuleManager: Shutting down and abandoning module OnlineBlueprintSupport (48)
[2017.07.06-11.47.00:826][138]LogModuleManager: Shutting down and abandoning module OnlineSubsystem (44)
[2017.07.06-11.47.00:826][138]LogOnline:Display: Unloading online subsystem: NULL
[2017.07.06-11.47.00:826][138]LogModuleManager: Shutting down and abandoning module XMPP (43)
[2017.07.06-11.47.00:826][138]LogModuleManager: Shutting down and abandoning module HTTP (41)
[2017.07.06-11.47.00:826][138]LogHttp:Display: Http module shutting down, but needs to wait on 1 outstanding Http requests:
[2017.07.06-11.47.00:826][138]LogHttp:Display: 	verb=[POST] url=[https://datarouter.ol.epicgames.com/datarouter/api/v1/public/data?SessionID=%7B08F4DD50-4D09-6B4C-A2AD-039E7BF3D181%7D&AppID=UEEditor.Rocket.Release&AppVersion=4.16.2-3514769%2B%2B%2BUE4%2BRelease-4.16&UserID=f07af55e4db0c636e0c073a1312074d9%7Caa7a108f70184e1b92fdd786c25cd9b8%7Caeab9882-b6f4-4a22-991a-718da4fba234&AppEnvironment=datacollector-binary&UploadType=eteventstream] status=Processing
[2017.07.06-11.47.00:858][138]LogModuleManager: Shutting down and abandoning module SSL (40)
[2017.07.06-11.47.00:862][138]LogModuleManager: Shutting down and abandoning module HTTPChunkInstaller (36)
[2017.07.06-11.47.00:862][138]LogModuleManager: Shutting down and abandoning module AnimationModifiers (34)
[2017.07.06-11.47.00:862][138]LogModuleManager: Shutting down and abandoning module PropertyEditor (33)
[2017.07.06-11.47.00:862][138]LogModuleManager: Shutting down and abandoning module AudioEditor (30)
[2017.07.06-11.47.00:862][138]LogModuleManager: Shutting down and abandoning module TextureCompressor (28)
[2017.07.06-11.47.00:862][138]LogModuleManager: Shutting down and abandoning module ShaderCore (26)
[2017.07.06-11.47.00:862][138]LogModuleManager: Shutting down and abandoning module Landscape (24)
[2017.07.06-11.47.00:862][138]LogModuleManager: Shutting down and abandoning module SlateRHIRenderer (22)
[2017.07.06-11.47.00:870][138]LogModuleManager: Shutting down and abandoning module OpenGLDrv (20)
[2017.07.06-11.47.00:870][138]LogModuleManager: Shutting down and abandoning module D3D11RHI (18)
[2017.07.06-11.47.00:870][138]LogModuleManager: Shutting down and abandoning module AnimGraphRuntime (16)
[2017.07.06-11.47.00:870][138]LogModuleManager: Shutting down and abandoning module Renderer (14)
[2017.07.06-11.47.00:870][138]LogModuleManager: Shutting down and abandoning module Engine (12)
[2017.07.06-11.47.00:870][138]LogModuleManager: Shutting down and abandoning module CoreUObject (10)
[2017.07.06-11.47.00:870][138]LogModuleManager: Shutting down and abandoning module NetworkFile (8)
[2017.07.06-11.47.00:870][138]LogModuleManager: Shutting down and abandoning module StreamingFile (6)
[2017.07.06-11.47.00:870][138]LogModuleManager: Shutting down and abandoning module SandboxFile (4)
[2017.07.06-11.47.00:870][138]LogModuleManager: Shutting down and abandoning module PakFile (2)
[2017.07.06-11.47.00:875][138]LogExit: Exiting.
[2017.07.06-11.47.00:918][138]Log file closed, 07/06/17 13:47:00
