Log file open, 06/22/17 14:06:11
LogInit:Display: Running engine for game: FOTWO02
LogPlatformFile: Not using cached read wrapper
LogInit:Display: RandInit(1342502742) SRandInit(1342502742).
LogTaskGraph: Started task graph with 5 named threads and 8 total threads with 1 sets of task threads.
LogStats: Stats thread started at 0.086928
LogInit: Using libcurl 7.47.1
LogInit:  - built for x86_64-pc-win32
LogInit:  - supports SSL with OpenSSL/1.0.2g
LogInit:  - supports HTTP deflate (compression) using libz 1.2.8
LogInit:  - other features:
LogInit:      CURL_VERSION_SSL
LogInit:      CURL_VERSION_LIBZ
LogInit:      CURL_VERSION_IPV6
LogInit:      CURL_VERSION_ASYNCHDNS
LogInit:      CURL_VERSION_LARGEFILE
LogInit:      CURL_VERSION_IDN
LogInit:  CurlRequestOptions (configurable via config and command line):
LogInit:  - bVerifyPeer = false  - Libcurl will NOT verify peer certificate
LogInit:  - bUseHttpProxy = false  - Libcurl will NOT use HTTP proxy
LogInit:  - bDontReuseConnections = false  - Libcurl will reuse connections
LogInit:  - CertBundlePath = nullptr  - Libcurl will use whatever was configured at build time.
LogInit: Build: ++UE4+Release-4.16-CL-3466753
LogInit: Engine Version: 4.16.1-3466753+++UE4+Release-4.16
LogInit: Compatible Engine Version: 4.16.0-3452394+++UE4+Release-4.16
LogInit: Net CL: 3452394
LogDevObjectVersion: Number of dev versions registered: 16
LogDevObjectVersion:   Dev-Blueprints (B0D832E4-1F89-4F0D-ACCF-7EB736FD4AA2): 9
LogDevObjectVersion:   Dev-Build (E1C64328-A22C-4D53-A36C-8E866417BD8C): 0
LogDevObjectVersion:   Dev-Core (375EC13C-06E4-48FB-B500-84F0262A717E): 2
LogDevObjectVersion:   Dev-Editor (E4B068ED-F494-42E9-A231-DA0B2E46BB41): 17
LogDevObjectVersion:   Dev-Framework (CFFC743F-43B0-4480-9391-14DF171D2073): 23
LogDevObjectVersion:   Dev-Mobile (B02B49B5-BB20-44E9-A304-32B752E40360): 0
LogDevObjectVersion:   Dev-Networking (A4E4105C-59A1-49B5-A7C5-40C4547EDFEE): 0
LogDevObjectVersion:   Dev-Online (39C831C9-5AE6-47DC-9A44-9C173E1C8E7C): 0
LogDevObjectVersion:   Dev-Physics (78F01B33-EBEA-4F98-B9B4-84EACCB95AA2): 0
LogDevObjectVersion:   Dev-Platform (6631380F-2D4D-43E0-8009-CF276956A95A): 0
LogDevObjectVersion:   Dev-Rendering (12F88B9F-8875-4AFC-A67C-D90C383ABD29): 15
LogDevObjectVersion:   Dev-Sequencer (7B5AE74C-D270-4C10-A958-57980B212A5A): 4
LogDevObjectVersion:   Dev-VR (D7296918-1DD6-4BDD-9DE2-64A83CC13884): 0
LogDevObjectVersion:   Dev-LoadTimes (C2A15278-BFE7-4AFE-6C17-90FF531DF755): 1
LogDevObjectVersion:   Private-Geometry (6EACA3D4-40EC-4CC1-B786-8BED09428FC5): 1
LogDevObjectVersion:   Dev-AnimPhys (29E575DD-E0A3-4627-9D10-D276232CDCEA): 3
LogInit: Compiled (64-bit): May 31 2017 02:03:30
LogInit: Compiled with Visual C++: 19.00.24215.01
LogInit: Build Configuration: Development
LogInit: Branch Name: ++UE4+Release-4.16
LogInit: Command line:  
LogInit: Base directory: C:/Program Files/Epic Games/UE_4.16/Engine/Binaries/Win64/
LogInit: Installed Engine Build: 1
LogInit: Presizing for max 8388607 objects, including 0 objects not considered by GC, pre-allocating 0 bytes for permanent pool.
LogInit: Object subsystem initialized
[2017.06.22-12.06.11:965][  0]LogInit: Selected Device Profile: [Windows]
[2017.06.22-12.06.11:965][  0]LogInit: Applying CVar settings loaded from the selected device profile: [Windows]
[2017.06.22-12.06.11:986][  0]LogInit: Computer: KLAUDE2017ALIEN
[2017.06.22-12.06.11:986][  0]LogInit: User: vonkl
[2017.06.22-12.06.11:986][  0]LogInit: CPU Page size=4096, Cores=4
[2017.06.22-12.06.11:986][  0]LogInit: High frequency timer resolution =2.742185 MHz
[2017.06.22-12.06.11:986][  0]LogMemory: Memory total: Physical=15.9GB (16GB approx)
[2017.06.22-12.06.11:986][  0]LogMemory: Platform Memory Stats for Windows
[2017.06.22-12.06.11:986][  0]LogMemory: Process Physical Memory: 273.86 MB used, 273.86 MB peak
[2017.06.22-12.06.11:986][  0]LogMemory: Process Virtual Memory: 264.96 MB used, 264.96 MB peak
[2017.06.22-12.06.11:986][  0]LogMemory: Physical Memory: 6613.66 MB used,  9643.32 MB free, 16256.98 MB total
[2017.06.22-12.06.11:986][  0]LogMemory: Virtual Memory: 642.56 MB used,  9643.32 MB free, 134217728.00 MB total
[2017.06.22-12.06.12:338][  0]LogInit: Using OS detected language (en-GB).
[2017.06.22-12.06.12:338][  0]LogInit: Using OS detected locale (en-GB).
[2017.06.22-12.06.12:391][  0]LogTextLocalizationManager: No specific localization for 'en-GB' exists, so the 'en' localization will be used.
[2017.06.22-12.06.14:949][  0]LogD3D11RHI: D3D11 adapters:
[2017.06.22-12.06.14:992][  0]LogD3D11RHI:    0. 'NVIDIA GeForce GTX 1060' (Feature Level 11_0)
[2017.06.22-12.06.14:992][  0]LogD3D11RHI:       6084/0/8128 MB DedicatedVideo/DedicatedSystem/SharedSystem, Outputs:2, VendorId:0x10de
[2017.06.22-12.06.15:013][  0]LogD3D11RHI:    1. 'Intel(R) HD Graphics 630' (Feature Level 11_0)
[2017.06.22-12.06.15:013][  0]LogD3D11RHI:       128/0/8128 MB DedicatedVideo/DedicatedSystem/SharedSystem, Outputs:0, VendorId:0x8086
[2017.06.22-12.06.15:014][  0]LogD3D11RHI:    2. 'Microsoft Basic Render Driver' (Feature Level 11_0)
[2017.06.22-12.06.15:014][  0]LogD3D11RHI:       0/0/8128 MB DedicatedVideo/DedicatedSystem/SharedSystem, Outputs:0, VendorId:0x1414
[2017.06.22-12.06.15:014][  0]LogD3D11RHI: Chosen D3D11 Adapter: 0
[2017.06.22-12.06.15:020][  0]LogD3D11RHI: Creating new Direct3DDevice
[2017.06.22-12.06.15:020][  0]LogD3D11RHI:     GPU DeviceId: 0x1c60 (for the marketing name, search the web for "GPU Device Id")
[2017.06.22-12.06.15:020][  0]LogWindows: EnumDisplayDevices:
[2017.06.22-12.06.15:020][  0]LogWindows:    0. 'NVIDIA GeForce GTX 1060' (P:0 D:1)
[2017.06.22-12.06.15:020][  0]LogWindows:    1. 'NVIDIA GeForce GTX 1060' (P:1 D:1)
[2017.06.22-12.06.15:020][  0]LogWindows:    2. 'NVIDIA GeForce GTX 1060' (P:0 D:0)
[2017.06.22-12.06.15:020][  0]LogWindows:    3. 'NVIDIA GeForce GTX 1060' (P:0 D:0)
[2017.06.22-12.06.15:020][  0]LogWindows:    4. 'Intel(R) HD Graphics 630' (P:0 D:0)
[2017.06.22-12.06.15:020][  0]LogWindows:    5. 'Intel(R) HD Graphics 630' (P:0 D:0)
[2017.06.22-12.06.15:020][  0]LogWindows:    6. 'Intel(R) HD Graphics 630' (P:0 D:0)
[2017.06.22-12.06.15:020][  0]LogWindows: DebugString: PrimaryIsNotTheChoosenAdapter PrimaryIsNotTheChoosenAdapter PrimaryIsNotTheChoosenAdapter FoundDriverCount:4 
[2017.06.22-12.06.15:020][  0]LogD3D11RHI:     Adapter Name: NVIDIA GeForce GTX 1060
[2017.06.22-12.06.15:020][  0]LogD3D11RHI:   Driver Version: 382.05 (internal:22.21.13.8205, unified:382.05)
[2017.06.22-12.06.15:020][  0]LogD3D11RHI:      Driver Date: 5-1-2017
[2017.06.22-12.06.15:020][  0]LogRHI: Texture pool is 1361 MB (70% of 1945 MB)
[2017.06.22-12.06.15:052][  0]LogD3D11RHI: Async texture creation enabled
[2017.06.22-12.06.15:062][  0]LogD3D11RHI: GPU Timing Frequency: 1000.000000 (Debug: 2 1)
[2017.06.22-12.06.15:199][  0]LogShaderCompilers: Guid format shader working directory is 1 characters bigger than the processId version (../../../../../../Unreal/FOTWO/source/FOTWO02/Intermediate/Shaders/WorkingDirectory/5696/).
[2017.06.22-12.06.15:199][  0]LogShaderCompilers: Cleaned the shader compiler working directory 'C:/Users/vonkl/AppData/Local/Temp/UnrealShaderWorkingDir/5C9A1048438F9661E1AA22BBC0E5779C/'.
[2017.06.22-12.06.15:199][  0]LogShaderCompilers:Display: Using Local Shader Compiler.
[2017.06.22-12.06.16:914][  0]LogTemp:Display: Loaded TP AllDesktopTargetPlatform
[2017.06.22-12.06.16:960][  0]LogTemp:Display: Loaded TP MacClientTargetPlatform
[2017.06.22-12.06.17:005][  0]LogTemp:Display: Loaded TP MacNoEditorTargetPlatform
[2017.06.22-12.06.17:050][  0]LogTemp:Display: Loaded TP MacServerTargetPlatform
[2017.06.22-12.06.17:098][  0]LogTemp:Display: Loaded TP MacTargetPlatform
[2017.06.22-12.06.17:144][  0]LogTemp:Display: Loaded TP WindowsClientTargetPlatform
[2017.06.22-12.06.17:188][  0]LogTemp:Display: Loaded TP WindowsNoEditorTargetPlatform
[2017.06.22-12.06.17:236][  0]LogTemp:Display: Loaded TP WindowsServerTargetPlatform
[2017.06.22-12.06.17:276][  0]LogTemp:Display: Loaded TP WindowsTargetPlatform
[2017.06.22-12.06.17:322][  0]LogTemp:Display: Loaded TP AndroidTargetPlatform
[2017.06.22-12.06.17:375][  0]LogTemp:Display: Loaded TP Android_ASTCTargetPlatform
[2017.06.22-12.06.17:430][  0]LogTemp:Display: Loaded TP Android_ATCTargetPlatform
[2017.06.22-12.06.17:478][  0]LogTemp:Display: Loaded TP Android_DXTTargetPlatform
[2017.06.22-12.06.17:532][  0]LogTemp:Display: Loaded TP Android_ETC1TargetPlatform
[2017.06.22-12.06.17:578][  0]LogTemp:Display: Loaded TP Android_ETC2TargetPlatform
[2017.06.22-12.06.17:668][  0]LogTemp:Display: Loaded TP Android_MultiTargetPlatform
[2017.06.22-12.06.17:668][  0]LogTemp:Display: Loaded TP Android_PVRTCTargetPlatform
[2017.06.22-12.06.17:716][  0]LogTemp:Display: Loaded TP HTML5TargetPlatform
[2017.06.22-12.06.17:810][  0]LogTemp:Display: Loaded TP IOSTargetPlatform
[2017.06.22-12.06.17:839][  0]LogTemp:Display: Loaded TP TVOSTargetPlatform
[2017.06.22-12.06.17:887][  0]LogTemp:Display: Loaded TP LinuxClientTargetPlatform
[2017.06.22-12.06.17:934][  0]LogTemp:Display: Loaded TP LinuxNoEditorTargetPlatform
[2017.06.22-12.06.17:980][  0]LogTemp:Display: Loaded TP LinuxServerTargetPlatform
[2017.06.22-12.06.18:034][  0]LogTemp:Display: Loaded TP LinuxTargetPlatform
[2017.06.22-12.06.18:034][  0]LogTargetPlatformManager:Display: Building Assets For Windows
[2017.06.22-12.06.18:567][  0]LogDerivedDataCache:Display: Max Cache Size: 512 MB
[2017.06.22-12.06.18:654][  0]LogDerivedDataCache: Loaded boot cache 0.09s 90MB C:/Users/vonkl/AppData/Local/UnrealEngine/4.16/DerivedDataCache/Boot.ddc.
[2017.06.22-12.06.18:654][  0]LogDerivedDataCache:Display: Loaded Boot cache: C:/Users/vonkl/AppData/Local/UnrealEngine/4.16/DerivedDataCache/Boot.ddc
[2017.06.22-12.06.18:654][  0]LogDerivedDataCache: FDerivedDataBackendGraph:  Pak pak cache file ../../../../../../Unreal/FOTWO/source/FOTWO02/DerivedDataCache/DDC.ddp not found, will not use a pak cache.
[2017.06.22-12.06.18:654][  0]LogDerivedDataCache: Unable to find inner node Pak for hierarchical cache Hierarchy.
[2017.06.22-12.06.18:654][  0]LogDerivedDataCache: FDerivedDataBackendGraph:  CompressedPak pak cache file ../../../../../../Unreal/FOTWO/source/FOTWO02/DerivedDataCache/Compressed.ddp not found, will not use a pak cache.
[2017.06.22-12.06.18:654][  0]LogDerivedDataCache: Unable to find inner node CompressedPak for hierarchical cache Hierarchy.
[2017.06.22-12.06.18:683][  0]LogDerivedDataCache:Display: Pak cache opened for reading ../../../Engine/DerivedDataCache/Compressed.ddp.
[2017.06.22-12.06.18:695][  0]LogDerivedDataCache: Using Local data cache path C:/Users/vonkl/AppData/Local/UnrealEngine/Common/DerivedDataCache: Writable
[2017.06.22-12.06.18:704][  0]LogMaterial: Verifying Global Shaders for PCD3D_SM5
[2017.06.22-12.06.18:704][  0]LogSlate: Using Freetype 2.6.0
[2017.06.22-12.06.18:716][  0]LogSlate: SlateFontCache - WITH_FREETYPE: 1, WITH_HARFBUZZ: 1
[2017.06.22-12.06.18:716][  0]LogSlate: SlateFontCache - WITH_FREETYPE: 1, WITH_HARFBUZZ: 1
[2017.06.22-12.06.19:162][  0]LogInit: Selected Device Profile: [Windows]
[2017.06.22-12.06.19:229][  0]LogContentStreaming: Texture pool size is 0.00 MB
[2017.06.22-12.06.19:411][  0]LogMeshUtilities: Using QuadricMeshReduction for automatic static mesh reduction
[2017.06.22-12.06.19:450][  0]LogSimplygon: Simplygon DLL not present - disabling.
[2017.06.22-12.06.19:494][  0]LogMeshUtilities: Using SimplygonSwarm for distributed automatic mesh merging
[2017.06.22-12.06.19:494][  0]LogMeshUtilities: No automatic skeletal mesh reduction module available
[2017.06.22-12.06.19:494][  0]LogMeshUtilities: No automatic mesh merging module available
[2017.06.22-12.06.20:058][  0]LogNetVersion: FOTWO02 , NetCL: 3452394, EngineNetVer: 2, GameNetVer: 0 (Checksum: 2990255715)
[2017.06.22-12.06.20:121][  0]LogAssetRegistry: FAssetRegistry took 0.0260 seconds to start up
[2017.06.22-12.06.20:187][  0]LogPackageLocalizationCache: Processed 4 localized package path(s) for 2 prioritized culture(s) in 0.037141 seconds
[2017.06.22-12.06.20:191][  0]LogUObjectArray: 34194 objects as part of root set at end of initial load.
[2017.06.22-12.06.20:191][  0]LogUObjectAllocator: 7260416 out of 0 bytes used by permanent object pool.
[2017.06.22-12.06.20:191][  0]LogUObjectArray: CloseDisregardForGC: 0/0 objects in disregard for GC pool
[2017.06.22-12.06.20:257][  0]LogInit: WinSock: version 1.1 (2.2), MaxSocks=32767, MaxUdp=65467
[2017.06.22-12.06.23:572][  0]LogTcpMessaging: Initializing TcpMessaging bridge
[2017.06.22-12.06.23:610][  0]LogUdpMessaging: Initializing bridge on interface 0.0.0.0:0 to multicast group 230.0.0.1:6666.
[2017.06.22-12.06.24:145][  0]LogMaterial: Uniform references updated for custom material expression Custom.
[2017.06.22-12.06.24:531][  0]SourceControl: Info Source control is disabled
[2017.06.22-12.06.24:582][  0]SourceControl: Info Source control is disabled
[2017.06.22-12.06.24:624][  0]SourceControl: Info Source control is disabled
[2017.06.22-12.06.24:665][  0]SourceControl: Info Source control is disabled
[2017.06.22-12.06.25:309][  0]LogAndroidPermission: UAndroidPermissionCallbackProxy::GetInstance
[2017.06.22-12.06.25:867][  0]LogEngine: Initializing Engine...
[2017.06.22-12.06.25:867][  0]LogHMD: Failed to initialize OpenVR with code 110
[2017.06.22-12.06.26:067][  0]LogStats: UGameplayTagsManager::ConstructGameplayTagTree: Construct from data asset -  0.000 s
[2017.06.22-12.06.26:067][  0]LogStats: UGameplayTagsManager::ConstructGameplayTagTree: GameplayTagTreeChangedEvent.Broadcast -  0.000 s
[2017.06.22-12.06.26:186][  0]LogAIModule: Creating AISystem for world Untitled
[2017.06.22-12.06.26:213][  0]LogInit: XAudio2 using 'Headset Earphone (3- Microsoft LifeChat LX-3000)' : 2 channels at 48 kHz using 16 bits per sample (channel mask 0x3)
[2017.06.22-12.06.26:233][  0]LogInit: FAudioDevice initialized.
[2017.06.22-12.06.26:274][  0]LogDerivedDataCache: Saved boot cache 0.04s 90MB C:/Users/vonkl/AppData/Local/UnrealEngine/4.16/DerivedDataCache/Boot.ddc.
[2017.06.22-12.06.26:288][  0]LogInit: Texture streaming: Enabled
[2017.06.22-12.06.26:380][  0]LogEngineSessionManager: EngineSessionManager initialized
[2017.06.22-12.06.26:577][  0]LogInit: Transaction tracking system initialized
[2017.06.22-12.06.26:867][  0]BlueprintLog: New page: Editor Load
[2017.06.22-12.06.27:808][  0]LocalizationService: Info Localization service is disabled
[2017.06.22-12.06.28:416][  0]LogConsoleResponse:Display: 
[2017.06.22-12.06.28:564][  0]LogCook:Display: Max memory allowance for cook 16384mb min free memory 0mb
[2017.06.22-12.06.28:564][  0]LogCook:Display: Mobile HDR setting 1
[2017.06.22-12.06.29:523][  0]LogFileCache: Scanning file cache for directory 'C:/Unreal/FOTWO/source/FOTWO02/Content/' took 0.02s
[2017.06.22-12.06.29:564][  0]SourceControl: Info Source control is disabled
[2017.06.22-12.06.29:564][  0]Cmd: MAP LOAD FILE="../../../../../../Unreal/FOTWO/source/FOTWO02/Content/2DSideScrollerBP/Maps/2DSideScrollerExampleMap.umap" TEMPLATE=0 SHOWPROGRESS=1 FEATURELEVEL=3
[2017.06.22-12.06.29:564][  0]LightingResults: New page: Lighting Build
[2017.06.22-12.06.29:601][  0]MapCheck: New page: Map Check
[2017.06.22-12.06.29:601][  0]LightingResults: New page: Lighting Build
[2017.06.22-12.06.29:632][  0]LogBlueprint:Error: [Compiler FOTWO_BAU] Error The type of  Object  is undetermined.  Connect something to  Cast To FOTWO_HUD  to imply a specific type.
[2017.06.22-12.06.29:632][  0]LogBlueprint:Error: [Compiler FOTWO_BAU] Error The current value of the ' Object ' pin is invalid: Unsupported type Wildcard on pin Object
[2017.06.22-12.06.29:634][  0]LogBlueprint:Warning: [Compiler FOTWO_BAU] Warning [0019.67] Compile of FOTWO_BAU failed. 2 Fatal Issue(s) 0 Warning(s) [in 3 ms] (/Game/2DSideScrollerBP/Blueprints/Simulation/FOTWO_BAU.FOTWO_BAU)
[2017.06.22-12.06.29:634][  0]LogBlueprint:Warning: [Compiler FOTWO_BAU] Warning [0019.67] Compile of FOTWO_BAU failed. 2 Fatal Issue(s) 1 Warning(s) [in 0 ms] (/Game/2DSideScrollerBP/Blueprints/Simulation/FOTWO_BAU.FOTWO_BAU)
[2017.06.22-12.06.29:634][  0]LogBlueprint:Warning: [Compiler FOTWO_BAU] Warning [0019.67] Compile of FOTWO_BAU failed. 2 Fatal Issue(s) 2 Warning(s) [in 0 ms] (/Game/2DSideScrollerBP/Blueprints/Simulation/FOTWO_BAU.FOTWO_BAU)
[2017.06.22-12.06.29:685][  0]LogAIModule: Creating AISystem for world 2DSideScrollerExampleMap
[2017.06.22-12.06.29:688][  0]LogEditorServer: Finished looking for orphan Actors (0.000 secs)
[2017.06.22-12.06.29:698][  0]Cmd: MAP CHECKDEP NOCLEARLOG
[2017.06.22-12.06.29:738][  0]MapCheck: Info Map check complete: 0 Error(s), 0 Warning(s), took 39.665ms to complete.
[2017.06.22-12.06.29:738][  0]LogFileHelpers: Loading map '2DSideScrollerExampleMap' took 0.174
[2017.06.22-12.06.29:910][  0]LogCollectionManager: Loaded 0 collections in 0.001596 seconds
[2017.06.22-12.06.29:978][  0]LogFileCache: Scanning file cache for directory 'C:/Unreal/FOTWO/source/FOTWO02/Saved/Collections/' took 0.01s
[2017.06.22-12.06.29:978][  0]LogFileCache: Scanning file cache for directory 'C:/Unreal/FOTWO/source/FOTWO02/Content/Developers/vonkl/Collections/' took 0.01s
[2017.06.22-12.06.29:978][  0]LogFileCache: Scanning file cache for directory 'C:/Unreal/FOTWO/source/FOTWO02/Content/Collections/' took 0.00s
[2017.06.22-12.06.29:978][  0]LogCollectionManager: Rebuilt the GUID cache for 0 collections in 0.000001 seconds
[2017.06.22-12.06.29:987][  0]LogContentBrowser: Native class hierarchy populated in 0.0090 seconds. Added 2329 classes and 491 folders.
[2017.06.22-12.06.30:047][  0]LogContentBrowser: Native class hierarchy updated for 'WidgetCarousel' in 0.0005 seconds. Added 0 classes and 0 folders.
[2017.06.22-12.06.30:304][  0]LogContentBrowser: Native class hierarchy updated for 'AddContentDialog' in 0.0005 seconds. Added 0 classes and 0 folders.
[2017.06.22-12.06.30:359][  0]LogContentBrowser: Native class hierarchy updated for 'SceneOutliner' in 0.0005 seconds. Added 1 classes and 2 folders.
[2017.06.22-12.06.30:395][  0]LogCrashTracker: Crashtracker disabled due to settings.
[2017.06.22-12.06.30:406][  0]LogSlate: Took 0.004640 seconds to synchronously load lazily loaded font '../../../Engine/Content/Slate/Fonts/Roboto-Regular.ttf' (155K)
[2017.06.22-12.06.30:412][  0]LogSlate: Took 0.003696 seconds to synchronously load lazily loaded font '../../../Engine/Content/Slate/Fonts/Roboto-Bold.ttf' (160K)
[2017.06.22-12.06.30:421][  0]LogSlate: Took 0.004267 seconds to synchronously load lazily loaded font '../../../Engine/Content/Editor/Slate/Fonts/FontAwesome.ttf' (139K)
[2017.06.22-12.06.30:535][  0]LogRenderer: Reallocating scene render targets to support 1616x808 NumSamples 1 (Frame:1).
[2017.06.22-12.06.30:636][  0]LogUObjectGlobals:Warning: Failed to find object 'Class None.'
[2017.06.22-12.06.30:699][  0]LogContentBrowser: Native class hierarchy updated for 'HierarchicalLODOutliner' in 0.0005 seconds. Added 1 classes and 2 folders.
[2017.06.22-12.06.30:699][  0]LogLoad: (Engine Initialization) Total time: 20.74 seconds
[2017.06.22-12.06.30:699][  0]LogLoad: (Engine Initialization) Total Blueprint compile time: 0.08 seconds
[2017.06.22-12.06.30:699][  0]LogExternalProfiler: Found external profiler: VSPerf
[2017.06.22-12.06.30:699][  0]LogExternalProfiler: Using external profiler: VSPerf
[2017.06.22-12.06.30:721][  0]LogOcInput: OculusInput pre-init called
[2017.06.22-12.06.30:721][  0]LogHMD: Starting GearVRController plugin
[2017.06.22-12.06.30:741][  0]LogContentStreaming: Texture pool size now 1000 MB
[2017.06.22-12.06.30:801][  1]LogAssetRegistry: Asset discovery search completed in 10.7026 seconds
[2017.06.22-12.06.30:802][  1]LogCollectionManager: Rebuilt the object cache for 0 collections in 0.000000 seconds (found 0 objects)
[2017.06.22-12.06.30:802][  1]LogCollectionManager: Fixed up redirectors for 0 collections in 0.000027 seconds (updated 0 objects)
[2017.06.22-12.06.31:734][ 56]LogSlate: Took 0.003356 seconds to synchronously load lazily loaded font '../../../Engine/Content/Slate/Fonts/Roboto-Light.ttf' (159K)
[2017.06.22-12.06.48:127][502]LogSlate: Took 0.000130 seconds to synchronously load lazily loaded font '../../../Engine/Content/Slate/Fonts/Roboto-Light.ttf' (159K)
[2017.06.22-12.06.48:505][502]LogContentBrowser: Native class hierarchy updated for 'BlueprintGraph' in 0.0007 seconds. Added 112 classes and 0 folders.
[2017.06.22-12.06.48:997][502]LogSlate: Took 0.000123 seconds to synchronously load lazily loaded font '../../../Engine/Content/Slate/Fonts/Roboto-Regular.ttf' (155K)
[2017.06.22-12.06.49:052][502]LogSlate: Took 0.003491 seconds to synchronously load lazily loaded font '../../../Engine/Content/Editor/Slate/Fonts/Roboto-BoldCondensed.ttf' (158K)
[2017.06.22-12.06.51:007][613]LogSlate: Took 0.003064 seconds to synchronously load lazily loaded font '../../../Engine/Content/Editor/Slate/Fonts/Roboto-Italic.ttf' (157K)
[2017.06.22-12.06.59:432][113]BlueprintLog: New page: Compile FOTWO_BAU
[2017.06.22-12.07.00:183][148]LogSavePackage: Save=29.72ms
[2017.06.22-12.07.00:183][148]LogSavePackage: Moving '../../../../../../Unreal/FOTWO/source/FOTWO02/Saved/FOTWO_BAU126574244AB856A78C5021A6F382850B.tmp' to '../../../../../../Unreal/FOTWO/source/FOTWO02/Content/2DSideScrollerBP/Blueprints/Simulation/FOTWO_BAU.uasset'
[2017.06.22-12.07.00:188][148]LogSavePackage:Display: Finished SavePackage ../../../../../../Unreal/FOTWO/source/FOTWO02/Content/2DSideScrollerBP/Blueprints/Simulation/FOTWO_BAU.uasset
[2017.06.22-12.10.07:483][459]BlueprintLog: New page: Compile FOTWO_BAU
[2017.06.22-12.10.09:090][547]LogSavePackage: Save=29.91ms
[2017.06.22-12.10.09:090][547]LogSavePackage: Moving '../../../../../../Unreal/FOTWO/source/FOTWO02/Saved/FOTWO_BAU4C80F9B6434A2BCE6CDBC79F4A9713E5.tmp' to '../../../../../../Unreal/FOTWO/source/FOTWO02/Content/2DSideScrollerBP/Blueprints/Simulation/FOTWO_BAU.uasset'
[2017.06.22-12.10.09:092][547]LogSavePackage:Display: Finished SavePackage ../../../../../../Unreal/FOTWO/source/FOTWO02/Content/2DSideScrollerBP/Blueprints/Simulation/FOTWO_BAU.uasset
[2017.06.22-12.10.37:145][228]BlueprintLog: New page: Compile FOTWO_BAU
[2017.06.22-12.10.38:864][316]LogSavePackage: Save=30.51ms
[2017.06.22-12.10.38:864][316]LogSavePackage: Moving '../../../../../../Unreal/FOTWO/source/FOTWO02/Saved/FOTWO_BAU04179AD140C9AC34608B539BE9A7163E.tmp' to '../../../../../../Unreal/FOTWO/source/FOTWO02/Content/2DSideScrollerBP/Blueprints/Simulation/FOTWO_BAU.uasset'
[2017.06.22-12.10.38:866][316]LogSavePackage:Display: Finished SavePackage ../../../../../../Unreal/FOTWO/source/FOTWO02/Content/2DSideScrollerBP/Blueprints/Simulation/FOTWO_BAU.uasset
[2017.06.22-12.10.59:152][524]LogSlate:Warning: Prevented a slow task dialog from being summoned while a context menu was open
[2017.06.22-12.11.10:484][203]BlueprintLog: New page: Compile FOTWO_HUD
[2017.06.22-12.11.10:576][203]BlueprintEditorCompileResults: Info Fast Template Successfully Created.
[2017.06.22-12.11.11:487][255]LogSavePackage: Save=23.38ms
[2017.06.22-12.11.11:487][255]LogSavePackage: Moving '../../../../../../Unreal/FOTWO/source/FOTWO02/Saved/FOTWO_HUD4D3BD2C642FC4B7677DE57806D1C8572.tmp' to '../../../../../../Unreal/FOTWO/source/FOTWO02/Content/2DSideScrollerBP/Blueprints/User_Interface/FOTWO_HUD.uasset'
[2017.06.22-12.11.11:489][255]LogSavePackage:Display: Finished SavePackage ../../../../../../Unreal/FOTWO/source/FOTWO02/Content/2DSideScrollerBP/Blueprints/User_Interface/FOTWO_HUD.uasset
[2017.06.22-12.11.16:725][568]BlueprintLog: New page: Compile FOTWO_BAU
[2017.06.22-12.11.17:354][596]LogSavePackage: Save=28.75ms
[2017.06.22-12.11.17:354][596]LogSavePackage: Moving '../../../../../../Unreal/FOTWO/source/FOTWO02/Saved/FOTWO_BAU30729BAF4565674EB1BCD998E4428875.tmp' to '../../../../../../Unreal/FOTWO/source/FOTWO02/Content/2DSideScrollerBP/Blueprints/Simulation/FOTWO_BAU.uasset'
[2017.06.22-12.11.17:357][596]LogSavePackage:Display: Finished SavePackage ../../../../../../Unreal/FOTWO/source/FOTWO02/Content/2DSideScrollerBP/Blueprints/Simulation/FOTWO_BAU.uasset
[2017.06.22-12.12.03:579][321]BlueprintLog: New page: Compile FOTWO_HUD
[2017.06.22-12.12.03:588][321]LogBlueprint:Error: [Compiler FOTWO_HUD] Error This blueprint (self) is not a FOTWO_BAU_C, therefore ' Target ' must have a connection.
[2017.06.22-12.12.03:588][321]LogBlueprint:Error: [Compiler FOTWO_HUD] Error This blueprint (self) is not a FOTWO_BAU_C, therefore ' Target ' must have a connection.
[2017.06.22-12.12.03:588][321]LogBlueprint:Error: [Compiler FOTWO_HUD] Error Variable node  Get Earth_Year  uses an invalid target.  It may depend on a node that is not connected to the execution chain, and got purged.
[2017.06.22-12.12.03:588][321]LogBlueprint:Error: [Compiler FOTWO_HUD] Error Variable node  Set Earth_Year  uses an invalid target.  It may depend on a node that is not connected to the execution chain, and got purged.
[2017.06.22-12.12.03:734][321]BlueprintEditorCompileResults:Error: Error This blueprint (self) is not a FOTWO_BAU_C, therefore ' Target ' must have a connection.
[2017.06.22-12.12.03:734][321]BlueprintEditorCompileResults:Error: Error This blueprint (self) is not a FOTWO_BAU_C, therefore ' Target ' must have a connection.
[2017.06.22-12.12.03:734][321]BlueprintEditorCompileResults:Error: Error Variable node  Get Earth_Year  uses an invalid target.  It may depend on a node that is not connected to the execution chain, and got purged.
[2017.06.22-12.12.03:734][321]BlueprintEditorCompileResults:Error: Error Variable node  Set Earth_Year  uses an invalid target.  It may depend on a node that is not connected to the execution chain, and got purged.
[2017.06.22-12.12.03:734][321]BlueprintEditorCompileResults: Info Fast Template Successfully Created.
[2017.06.22-12.12.03:734][321]LogBlueprint:Warning: [Compiler FOTWO_HUD] Warning [0353.77] Compile of FOTWO_HUD failed. 4 Fatal Issue(s) 0 Warning(s) [in 155 ms] (/Game/2DSideScrollerBP/Blueprints/User_Interface/FOTWO_HUD.FOTWO_HUD)
[2017.06.22-12.12.13:730][920]BlueprintLog: New page: Compile FOTWO_HUD
[2017.06.22-12.12.13:818][920]BlueprintEditorCompileResults: Info Fast Template Successfully Created.
[2017.06.22-12.12.15:394][ 12]LogSavePackage: Save=24.48ms
[2017.06.22-12.12.15:394][ 12]LogSavePackage: Moving '../../../../../../Unreal/FOTWO/source/FOTWO02/Saved/FOTWO_HUDC19052FB49F31EBA5DE5F8BA27D569BF.tmp' to '../../../../../../Unreal/FOTWO/source/FOTWO02/Content/2DSideScrollerBP/Blueprints/User_Interface/FOTWO_HUD.uasset'
[2017.06.22-12.12.15:397][ 12]LogSavePackage:Display: Finished SavePackage ../../../../../../Unreal/FOTWO/source/FOTWO02/Content/2DSideScrollerBP/Blueprints/User_Interface/FOTWO_HUD.uasset
[2017.06.22-12.13.41:142][137]BlueprintLog: New page: Compile FOTWO_HUD
[2017.06.22-12.13.41:238][137]BlueprintEditorCompileResults: Info Fast Template Successfully Created.
[2017.06.22-12.13.41:984][179]LogSavePackage: Save=28.50ms
[2017.06.22-12.13.41:984][179]LogSavePackage: Moving '../../../../../../Unreal/FOTWO/source/FOTWO02/Saved/FOTWO_HUD0233798A44E812C072D861B6069E3A8F.tmp' to '../../../../../../Unreal/FOTWO/source/FOTWO02/Content/2DSideScrollerBP/Blueprints/User_Interface/FOTWO_HUD.uasset'
[2017.06.22-12.13.41:986][179]LogSavePackage:Display: Finished SavePackage ../../../../../../Unreal/FOTWO/source/FOTWO02/Content/2DSideScrollerBP/Blueprints/User_Interface/FOTWO_HUD.uasset
[2017.06.22-12.14.17:736][321]BlueprintLog: New page: Compile FOTWO_HUD
[2017.06.22-12.14.17:837][321]BlueprintEditorCompileResults: Info Fast Template Successfully Created.
[2017.06.22-12.14.18:419][353]LogSavePackage: Save=26.21ms
[2017.06.22-12.14.18:419][353]LogSavePackage: Moving '../../../../../../Unreal/FOTWO/source/FOTWO02/Saved/FOTWO_HUD75F188DC4EE8176EDF2F27B6B645705A.tmp' to '../../../../../../Unreal/FOTWO/source/FOTWO02/Content/2DSideScrollerBP/Blueprints/User_Interface/FOTWO_HUD.uasset'
[2017.06.22-12.14.18:421][353]LogSavePackage:Display: Finished SavePackage ../../../../../../Unreal/FOTWO/source/FOTWO02/Content/2DSideScrollerBP/Blueprints/User_Interface/FOTWO_HUD.uasset
[2017.06.22-12.16.31:864][898]LogSavePackage: Save=90.76ms
[2017.06.22-12.16.31:864][898]LogSavePackage: Moving '../../../../../../Unreal/FOTWO/source/FOTWO02/Saved/2DSideScrollerExampleMap_Auto168F5A4CD46FB760C1ED4A08C22642D07.tmp' to '../../../../../../Unreal/FOTWO/source/FOTWO02/Saved/Autosaves/Game/2DSideScrollerBP/Maps/2DSideScrollerExampleMap_Auto1.umap'
[2017.06.22-12.16.31:865][898]LogSavePackage:Display: Finished SavePackage ../../../../../../Unreal/FOTWO/source/FOTWO02/Saved/Autosaves/Game/2DSideScrollerBP/Maps/2DSideScrollerExampleMap_Auto1.umap
[2017.06.22-12.16.31:869][898]LogFileHelpers: Editor autosave (incl. sublevels) for '/Game/2DSideScrollerBP/Maps/2DSideScrollerExampleMap' took 0.146
[2017.06.22-12.16.31:869][898]LogFileHelpers: Editor autosave (incl. sublevels) for all levels took 0.146
[2017.06.22-12.22.11:128][589]LogSlate:Warning: Prevented a slow task dialog from being summoned while a context menu was open
[2017.06.22-12.24.21:201][748]BlueprintLog: New page: Compile FOTWO_HUD
[2017.06.22-12.24.21:300][748]BlueprintEditorCompileResults: Info Fast Template Successfully Created.
[2017.06.22-12.24.31:372][352]BlueprintLog: New page: Compile FOTWO_HUD
[2017.06.22-12.24.31:471][352]BlueprintEditorCompileResults: Info Fast Template Successfully Created.
[2017.06.22-12.24.31:938][377]LogSavePackage: Save=24.48ms
[2017.06.22-12.24.31:938][377]LogSavePackage: Moving '../../../../../../Unreal/FOTWO/source/FOTWO02/Saved/FOTWO_HUD96A36AC54B7390133DB252BFB37AE437.tmp' to '../../../../../../Unreal/FOTWO/source/FOTWO02/Content/2DSideScrollerBP/Blueprints/User_Interface/FOTWO_HUD.uasset'
[2017.06.22-12.24.31:940][377]LogSavePackage:Display: Finished SavePackage ../../../../../../Unreal/FOTWO/source/FOTWO02/Content/2DSideScrollerBP/Blueprints/User_Interface/FOTWO_HUD.uasset
[2017.06.22-12.24.36:437][647]BlueprintLog: New page: Compile FOTWO_HUD
[2017.06.22-12.24.36:529][647]BlueprintEditorCompileResults: Info Fast Template Successfully Created.
[2017.06.22-12.24.37:183][684]LogSavePackage: Save=22.53ms
[2017.06.22-12.24.37:183][684]LogSavePackage: Moving '../../../../../../Unreal/FOTWO/source/FOTWO02/Saved/FOTWO_HUD2DDA9E114BC61FCBF88513B7E272F31F.tmp' to '../../../../../../Unreal/FOTWO/source/FOTWO02/Content/2DSideScrollerBP/Blueprints/User_Interface/FOTWO_HUD.uasset'
[2017.06.22-12.24.37:186][684]LogSavePackage:Display: Finished SavePackage ../../../../../../Unreal/FOTWO/source/FOTWO02/Content/2DSideScrollerBP/Blueprints/User_Interface/FOTWO_HUD.uasset
[2017.06.22-12.24.49:582][428]BlueprintLog: New page: Compile FOTWO_HUD
[2017.06.22-12.24.49:676][428]BlueprintEditorCompileResults: Info Fast Template Successfully Created.
[2017.06.22-12.24.50:697][487]LogSavePackage: Save=22.92ms
[2017.06.22-12.24.50:697][487]LogSavePackage: Moving '../../../../../../Unreal/FOTWO/source/FOTWO02/Saved/FOTWO_HUD0854621F4144EB3C270CD3A7C43B1D51.tmp' to '../../../../../../Unreal/FOTWO/source/FOTWO02/Content/2DSideScrollerBP/Blueprints/User_Interface/FOTWO_HUD.uasset'
[2017.06.22-12.24.50:700][487]LogSavePackage:Display: Finished SavePackage ../../../../../../Unreal/FOTWO/source/FOTWO02/Content/2DSideScrollerBP/Blueprints/User_Interface/FOTWO_HUD.uasset
[2017.06.22-12.26.32:683][914]LogSavePackage: Save=90.02ms
[2017.06.22-12.26.32:683][914]LogSavePackage: Moving '../../../../../../Unreal/FOTWO/source/FOTWO02/Saved/2DSideScrollerExampleMap_Auto233EA2DFE4B8B1A06E050DC800BB61757.tmp' to '../../../../../../Unreal/FOTWO/source/FOTWO02/Saved/Autosaves/Game/2DSideScrollerBP/Maps/2DSideScrollerExampleMap_Auto2.umap'
[2017.06.22-12.26.32:684][914]LogSavePackage:Display: Finished SavePackage ../../../../../../Unreal/FOTWO/source/FOTWO02/Saved/Autosaves/Game/2DSideScrollerBP/Maps/2DSideScrollerExampleMap_Auto2.umap
[2017.06.22-12.26.32:686][914]LogFileHelpers: Editor autosave (incl. sublevels) for '/Game/2DSideScrollerBP/Maps/2DSideScrollerExampleMap' took 0.129
[2017.06.22-12.26.32:686][914]LogFileHelpers: Editor autosave (incl. sublevels) for all levels took 0.129
[2017.06.22-12.29.10:629][336]LogRenderer: Reallocating scene render targets to support 1616x1000 NumSamples 1 (Frame:1).
[2017.06.22-12.29.23:736][119]LogEditorTransaction: Undo Paste clipboard contents
[2017.06.22-12.29.34:114][740]LogBlueprint:Warning: [Global_BAU] 'HUD_Reference' variable not found. Base class was probably changed.
[2017.06.22-12.29.34:114][740]LogBlueprint:Warning: [Global_BAU] 'HUD_Reference' variable not found. Base class was probably changed.
[2017.06.22-12.29.34:114][740]LogBlueprint:Warning: [Global_BAU] 'Earth_Population_Mn' variable not found. Base class was probably changed.
[2017.06.22-12.29.34:114][740]LogBlueprint:Warning: [Global_BAU] 'Earth_Population_Mn' variable not found. Base class was probably changed.
[2017.06.22-12.29.34:114][740]LogBlueprint:Warning: [Global_BAU] 'Earth_GDP_Bn_PPP' variable not found. Base class was probably changed.
[2017.06.22-12.29.34:114][740]LogBlueprint:Warning: [Global_BAU] 'Earth_GDP_Bn_PPP' variable not found. Base class was probably changed.
[2017.06.22-12.29.34:114][740]LogBlueprint:Warning: [Global_BAU] 'Earth_Population_Mn' variable not found. Base class was probably changed.
[2017.06.22-12.29.34:114][740]LogBlueprint:Warning: [Global_BAU] 'Earth_GDP_Bn_PPP' variable not found. Base class was probably changed.
[2017.06.22-12.29.34:114][740]LogBlueprint:Warning: [Global_BAU] 'Earth_Year' variable not found. Base class was probably changed.
[2017.06.22-12.29.34:114][740]LogBlueprint:Warning: [Global_BAU] 'Earth_Year' variable not found. Base class was probably changed.
[2017.06.22-12.29.34:114][740]LogBlueprint:Warning: [Global_BAU] 'Earth_Year' variable not found. Base class was probably changed.
[2017.06.22-12.29.47:878][563]BlueprintLog: New page: Compile Global_BAU
[2017.06.22-12.29.47:886][563]LogBlueprint:Warning: [Compiler Global_BAU] Warning Could not find a variable named "Earth_Year" in 'Global_BAU_C'.
Make sure 'Global_BAU_C' has been compiled for  Get Earth_Year
[2017.06.22-12.29.47:886][563]LogBlueprint:Warning: [Compiler Global_BAU] Warning Could not find a variable named "Earth_Year" in 'Global_BAU_C'.
Make sure 'Global_BAU_C' has been compiled for  Set Earth_Year
[2017.06.22-12.29.47:886][563]LogBlueprint:Warning: [Compiler Global_BAU] Warning Could not find a variable named "Earth_GDP_Bn_PPP" in 'Global_BAU_C'.
Make sure 'Global_BAU_C' has been compiled for  Get Earth_GDP_Bn_PPP
[2017.06.22-12.29.47:886][563]LogBlueprint:Warning: [Compiler Global_BAU] Warning Could not find a variable named "Earth_Population_Mn" in 'Global_BAU_C'.
Make sure 'Global_BAU_C' has been compiled for  Get Earth_Population_Mn
[2017.06.22-12.29.47:886][563]LogBlueprint:Warning: [Compiler Global_BAU] Warning Could not find a variable named "Earth_GDP_Bn_PPP" in 'Global_BAU_C'.
Make sure 'Global_BAU_C' has been compiled for  Set Earth_GDP_Bn_PPP
[2017.06.22-12.29.47:886][563]LogBlueprint:Warning: [Compiler Global_BAU] Warning Could not find a variable named "Earth_Population_Mn" in 'Global_BAU_C'.
Make sure 'Global_BAU_C' has been compiled for  Set Earth_Population_Mn
[2017.06.22-12.29.47:886][563]LogBlueprint:Warning: [Compiler Global_BAU] Warning Could not find a variable named "HUD_Reference" in 'Global_BAU_C'.
Make sure 'Global_BAU_C' has been compiled for  Set HUD_Reference
[2017.06.22-12.29.47:887][563]LogBlueprint:Error: [Compiler Global_BAU] Error This blueprint (self) is not a UserWidget, therefore ' Target ' must have a connection.
[2017.06.22-12.29.47:887][563]LogBlueprint:Error: [Compiler Global_BAU] Error The property associated with  Earth Population Mn  could not be found
[2017.06.22-12.29.47:887][563]LogBlueprint:Error: [Compiler Global_BAU] Error The property associated with  HUD Reference  could not be found
[2017.06.22-12.29.47:887][563]LogBlueprint:Error: [Compiler Global_BAU] Error The property associated with  Earth GDP Bn PPP  could not be found
[2017.06.22-12.29.47:887][563]LogBlueprint:Error: [Compiler Global_BAU] Error The property associated with  Earth Population Mn  could not be found
[2017.06.22-12.29.47:887][563]LogBlueprint:Error: [Compiler Global_BAU] Error The property associated with  Earth Year  could not be found
[2017.06.22-12.29.47:887][563]LogBlueprint:Error: [Compiler Global_BAU] Error The property associated with  Earth GDP Bn PPP  could not be found
[2017.06.22-12.29.47:887][563]LogBlueprint:Error: [Compiler Global_BAU] Error The property associated with  Earth Year  could not be found
[2017.06.22-12.29.48:036][563]BlueprintEditorCompileResults:Warning: Warning Could not find a variable named "Earth_Year" in 'Global_BAU_C'.
Make sure 'Global_BAU_C' has been compiled for  Get Earth_Year
[2017.06.22-12.29.48:036][563]BlueprintEditorCompileResults:Warning: Warning Could not find a variable named "Earth_Year" in 'Global_BAU_C'.
Make sure 'Global_BAU_C' has been compiled for  Set Earth_Year
[2017.06.22-12.29.48:036][563]BlueprintEditorCompileResults:Warning: Warning Could not find a variable named "Earth_GDP_Bn_PPP" in 'Global_BAU_C'.
Make sure 'Global_BAU_C' has been compiled for  Get Earth_GDP_Bn_PPP
[2017.06.22-12.29.48:036][563]BlueprintEditorCompileResults:Warning: Warning Could not find a variable named "Earth_Population_Mn" in 'Global_BAU_C'.
Make sure 'Global_BAU_C' has been compiled for  Get Earth_Population_Mn
[2017.06.22-12.29.48:036][563]BlueprintEditorCompileResults:Warning: Warning Could not find a variable named "Earth_GDP_Bn_PPP" in 'Global_BAU_C'.
Make sure 'Global_BAU_C' has been compiled for  Set Earth_GDP_Bn_PPP
[2017.06.22-12.29.48:036][563]BlueprintEditorCompileResults:Warning: Warning Could not find a variable named "Earth_Population_Mn" in 'Global_BAU_C'.
Make sure 'Global_BAU_C' has been compiled for  Set Earth_Population_Mn
[2017.06.22-12.29.48:036][563]BlueprintEditorCompileResults:Warning: Warning Could not find a variable named "HUD_Reference" in 'Global_BAU_C'.
Make sure 'Global_BAU_C' has been compiled for  Set HUD_Reference
[2017.06.22-12.29.48:036][563]BlueprintEditorCompileResults:Error: Error This blueprint (self) is not a UserWidget, therefore ' Target ' must have a connection.
[2017.06.22-12.29.48:036][563]BlueprintEditorCompileResults:Error: Error The property associated with  Earth Population Mn  could not be found
[2017.06.22-12.29.48:036][563]BlueprintEditorCompileResults:Error: Error The property associated with  HUD Reference  could not be found
[2017.06.22-12.29.48:036][563]BlueprintEditorCompileResults:Error: Error The property associated with  Earth GDP Bn PPP  could not be found
[2017.06.22-12.29.48:036][563]BlueprintEditorCompileResults:Error: Error The property associated with  Earth Population Mn  could not be found
[2017.06.22-12.29.48:036][563]BlueprintEditorCompileResults:Error: Error The property associated with  Earth Year  could not be found
[2017.06.22-12.29.48:036][563]BlueprintEditorCompileResults:Error: Error The property associated with  Earth GDP Bn PPP  could not be found
[2017.06.22-12.29.48:036][563]BlueprintEditorCompileResults:Error: Error The property associated with  Earth Year  could not be found
[2017.06.22-12.29.48:037][563]LogBlueprint:Warning: [Compiler Global_BAU] Warning [1418.08] Compile of Global_BAU failed. 8 Fatal Issue(s) 7 Warning(s) [in 158 ms] (/Game/2DSideScrollerBP/Blueprints/Simulation/Global_BAU.Global_BAU)
[2017.06.22-12.30.49:963][269]BlueprintLog: New page: Compile Global_BAU
[2017.06.22-12.30.49:971][269]LogBlueprint:Warning: [Compiler Global_BAU] Warning Could not find a variable named "Earth_Year" in 'Global_BAU_C'.
Make sure 'Global_BAU_C' has been compiled for  Get Earth_Year
[2017.06.22-12.30.49:971][269]LogBlueprint:Warning: [Compiler Global_BAU] Warning Could not find a variable named "Earth_Year" in 'Global_BAU_C'.
Make sure 'Global_BAU_C' has been compiled for  Set Earth_Year
[2017.06.22-12.30.49:971][269]LogBlueprint:Warning: [Compiler Global_BAU] Warning Could not find a variable named "Earth_GDP_Bn_PPP" in 'Global_BAU_C'.
Make sure 'Global_BAU_C' has been compiled for  Get Earth_GDP_Bn_PPP
[2017.06.22-12.30.49:971][269]LogBlueprint:Warning: [Compiler Global_BAU] Warning Could not find a variable named "Earth_Population_Mn" in 'Global_BAU_C'.
Make sure 'Global_BAU_C' has been compiled for  Get Earth_Population_Mn
[2017.06.22-12.30.49:971][269]LogBlueprint:Warning: [Compiler Global_BAU] Warning Could not find a variable named "Earth_GDP_Bn_PPP" in 'Global_BAU_C'.
Make sure 'Global_BAU_C' has been compiled for  Set Earth_GDP_Bn_PPP
[2017.06.22-12.30.49:971][269]LogBlueprint:Warning: [Compiler Global_BAU] Warning Could not find a variable named "Earth_Population_Mn" in 'Global_BAU_C'.
Make sure 'Global_BAU_C' has been compiled for  Set Earth_Population_Mn
[2017.06.22-12.30.49:972][269]LogBlueprint:Warning: [Compiler Global_BAU] Warning Could not find a variable named "HUD_Reference" in 'Global_BAU_C'.
Make sure 'Global_BAU_C' has been compiled for  Set HUD_Reference
[2017.06.22-12.30.49:972][269]LogBlueprint:Error: [Compiler Global_BAU] Error This blueprint (self) is not a UserWidget, therefore ' Target ' must have a connection.
[2017.06.22-12.30.49:972][269]LogBlueprint:Error: [Compiler Global_BAU] Error The property associated with  Earth Population Mn  could not be found
[2017.06.22-12.30.49:972][269]LogBlueprint:Error: [Compiler Global_BAU] Error The property associated with  HUD Reference  could not be found
[2017.06.22-12.30.49:972][269]LogBlueprint:Error: [Compiler Global_BAU] Error The property associated with  Earth GDP Bn PPP  could not be found
[2017.06.22-12.30.49:972][269]LogBlueprint:Error: [Compiler Global_BAU] Error The property associated with  Earth Population Mn  could not be found
[2017.06.22-12.30.49:972][269]LogBlueprint:Error: [Compiler Global_BAU] Error The property associated with  Earth Year  could not be found
[2017.06.22-12.30.49:972][269]LogBlueprint:Error: [Compiler Global_BAU] Error The property associated with  Earth GDP Bn PPP  could not be found
[2017.06.22-12.30.49:972][269]LogBlueprint:Error: [Compiler Global_BAU] Error The property associated with  Earth Year  could not be found
[2017.06.22-12.30.50:126][269]BlueprintEditorCompileResults:Warning: Warning Could not find a variable named "Earth_Year" in 'Global_BAU_C'.
Make sure 'Global_BAU_C' has been compiled for  Get Earth_Year
[2017.06.22-12.30.50:126][269]BlueprintEditorCompileResults:Warning: Warning Could not find a variable named "Earth_Year" in 'Global_BAU_C'.
Make sure 'Global_BAU_C' has been compiled for  Set Earth_Year
[2017.06.22-12.30.50:126][269]BlueprintEditorCompileResults:Warning: Warning Could not find a variable named "Earth_GDP_Bn_PPP" in 'Global_BAU_C'.
Make sure 'Global_BAU_C' has been compiled for  Get Earth_GDP_Bn_PPP
[2017.06.22-12.30.50:126][269]BlueprintEditorCompileResults:Warning: Warning Could not find a variable named "Earth_Population_Mn" in 'Global_BAU_C'.
Make sure 'Global_BAU_C' has been compiled for  Get Earth_Population_Mn
[2017.06.22-12.30.50:126][269]BlueprintEditorCompileResults:Warning: Warning Could not find a variable named "Earth_GDP_Bn_PPP" in 'Global_BAU_C'.
Make sure 'Global_BAU_C' has been compiled for  Set Earth_GDP_Bn_PPP
[2017.06.22-12.30.50:126][269]BlueprintEditorCompileResults:Warning: Warning Could not find a variable named "Earth_Population_Mn" in 'Global_BAU_C'.
Make sure 'Global_BAU_C' has been compiled for  Set Earth_Population_Mn
[2017.06.22-12.30.50:126][269]BlueprintEditorCompileResults:Warning: Warning Could not find a variable named "HUD_Reference" in 'Global_BAU_C'.
Make sure 'Global_BAU_C' has been compiled for  Set HUD_Reference
[2017.06.22-12.30.50:126][269]BlueprintEditorCompileResults:Error: Error This blueprint (self) is not a UserWidget, therefore ' Target ' must have a connection.
[2017.06.22-12.30.50:126][269]BlueprintEditorCompileResults:Error: Error The property associated with  Earth Population Mn  could not be found
[2017.06.22-12.30.50:126][269]BlueprintEditorCompileResults:Error: Error The property associated with  HUD Reference  could not be found
[2017.06.22-12.30.50:126][269]BlueprintEditorCompileResults:Error: Error The property associated with  Earth GDP Bn PPP  could not be found
[2017.06.22-12.30.50:126][269]BlueprintEditorCompileResults:Error: Error The property associated with  Earth Population Mn  could not be found
[2017.06.22-12.30.50:126][269]BlueprintEditorCompileResults:Error: Error The property associated with  Earth Year  could not be found
[2017.06.22-12.30.50:126][269]BlueprintEditorCompileResults:Error: Error The property associated with  Earth GDP Bn PPP  could not be found
[2017.06.22-12.30.50:126][269]BlueprintEditorCompileResults:Error: Error The property associated with  Earth Year  could not be found
[2017.06.22-12.30.50:126][269]LogBlueprint:Warning: [Compiler Global_BAU] Warning [1480.17] Compile of Global_BAU failed. 8 Fatal Issue(s) 7 Warning(s) [in 162 ms] (/Game/2DSideScrollerBP/Blueprints/Simulation/Global_BAU.Global_BAU)
[2017.06.22-12.33.40:484][341]LogSlate: Took 0.005458 seconds to synchronously load lazily loaded font '../../../Engine/Content/Editor/Slate/Fonts/Roboto-BoldCondensedItalic.ttf' (160K)
[2017.06.22-12.34.00:634][549]BlueprintLog: New page: Compile Global_BAU
[2017.06.22-12.34.00:643][549]LogBlueprint:Warning: [Compiler Global_BAU] Warning Could not find a variable named "HUD_Reference" in 'Global_BAU_C'.
Make sure 'Global_BAU_C' has been compiled for  Set HUD_Reference
[2017.06.22-12.34.00:643][549]LogBlueprint:Error: [Compiler Global_BAU] Error This blueprint (self) is not a UserWidget, therefore ' Target ' must have a connection.
[2017.06.22-12.34.00:643][549]LogBlueprint:Error: [Compiler Global_BAU] Error The property associated with  HUD Reference  could not be found
[2017.06.22-12.34.00:802][549]BlueprintEditorCompileResults:Warning: Warning Could not find a variable named "HUD_Reference" in 'Global_BAU_C'.
Make sure 'Global_BAU_C' has been compiled for  Set HUD_Reference
[2017.06.22-12.34.00:802][549]BlueprintEditorCompileResults:Error: Error This blueprint (self) is not a UserWidget, therefore ' Target ' must have a connection.
[2017.06.22-12.34.00:802][549]BlueprintEditorCompileResults:Error: Error The property associated with  HUD Reference  could not be found
[2017.06.22-12.34.00:803][549]LogBlueprint:Warning: [Compiler Global_BAU] Warning [1670.84] Compile of Global_BAU failed. 2 Fatal Issue(s) 1 Warning(s) [in 168 ms] (/Game/2DSideScrollerBP/Blueprints/Simulation/Global_BAU.Global_BAU)
[2017.06.22-12.34.02:140][626]LogSavePackage: Save=29.50ms
[2017.06.22-12.34.02:140][626]LogSavePackage: Moving '../../../../../../Unreal/FOTWO/source/FOTWO02/Saved/Global_BAU8774C56246101323634F13A6B01E1C70.tmp' to '../../../../../../Unreal/FOTWO/source/FOTWO02/Content/2DSideScrollerBP/Blueprints/Simulation/Global_BAU.uasset'
[2017.06.22-12.34.02:142][626]LogSavePackage:Display: Finished SavePackage ../../../../../../Unreal/FOTWO/source/FOTWO02/Content/2DSideScrollerBP/Blueprints/Simulation/Global_BAU.uasset
[2017.06.22-12.34.50:714][530]BlueprintLog: New page: Compile Global_BAU
[2017.06.22-12.34.50:722][530]LogBlueprint:Error: [Compiler Global_BAU] Error This blueprint (self) is not a UserWidget, therefore ' Target ' must have a connection.
[2017.06.22-12.34.50:874][530]BlueprintEditorCompileResults:Error: Error This blueprint (self) is not a UserWidget, therefore ' Target ' must have a connection.
[2017.06.22-12.34.50:874][530]LogBlueprint:Warning: [Compiler Global_BAU] Warning [1720.91] Compile of Global_BAU failed. 1 Fatal Issue(s) 0 Warning(s) [in 159 ms] (/Game/2DSideScrollerBP/Blueprints/Simulation/Global_BAU.Global_BAU)
[2017.06.22-12.34.52:885][647]LogSavePackage: Save=28.22ms
[2017.06.22-12.34.52:885][647]LogSavePackage: Moving '../../../../../../Unreal/FOTWO/source/FOTWO02/Saved/Global_BAU8656D0A3403ED3B45D555AA101E8AC43.tmp' to '../../../../../../Unreal/FOTWO/source/FOTWO02/Content/2DSideScrollerBP/Blueprints/Simulation/Global_BAU.uasset'
[2017.06.22-12.34.52:887][647]LogSavePackage:Display: Finished SavePackage ../../../../../../Unreal/FOTWO/source/FOTWO02/Content/2DSideScrollerBP/Blueprints/Simulation/Global_BAU.uasset
[2017.06.22-12.34.55:905][826]BlueprintLog: New page: Compile Global_BAU
[2017.06.22-12.34.56:622][860]LogSavePackage: Save=30.18ms
[2017.06.22-12.34.56:622][860]LogSavePackage: Moving '../../../../../../Unreal/FOTWO/source/FOTWO02/Saved/Global_BAU30FEC1BB42FEDF3640F0BB8CDE58544E.tmp' to '../../../../../../Unreal/FOTWO/source/FOTWO02/Content/2DSideScrollerBP/Blueprints/Simulation/Global_BAU.uasset'
[2017.06.22-12.34.56:625][860]LogSavePackage:Display: Finished SavePackage ../../../../../../Unreal/FOTWO/source/FOTWO02/Content/2DSideScrollerBP/Blueprints/Simulation/Global_BAU.uasset
[2017.06.22-12.35.13:567][876]BlueprintLog: New page: Compile Global_BAU
[2017.06.22-12.35.14:765][939]LogSavePackage: Save=30.33ms
[2017.06.22-12.35.14:765][939]LogSavePackage: Moving '../../../../../../Unreal/FOTWO/source/FOTWO02/Saved/Global_BAUABDE1D88433C9EA1445111A5DB595DE6.tmp' to '../../../../../../Unreal/FOTWO/source/FOTWO02/Content/2DSideScrollerBP/Blueprints/Simulation/Global_BAU.uasset'
[2017.06.22-12.35.14:768][939]LogSavePackage:Display: Finished SavePackage ../../../../../../Unreal/FOTWO/source/FOTWO02/Content/2DSideScrollerBP/Blueprints/Simulation/Global_BAU.uasset
[2017.06.22-12.35.27:749][717]BlueprintLog: New page: Compile Global_BAU
[2017.06.22-12.35.28:232][737]LogSavePackage: Save=29.87ms
[2017.06.22-12.35.28:232][737]LogSavePackage: Moving '../../../../../../Unreal/FOTWO/source/FOTWO02/Saved/Global_BAUC07C541B462F96DE3A651D916DC463CF.tmp' to '../../../../../../Unreal/FOTWO/source/FOTWO02/Content/2DSideScrollerBP/Blueprints/Simulation/Global_BAU.uasset'
[2017.06.22-12.35.28:235][737]LogSavePackage:Display: Finished SavePackage ../../../../../../Unreal/FOTWO/source/FOTWO02/Content/2DSideScrollerBP/Blueprints/Simulation/Global_BAU.uasset
[2017.06.22-12.35.41:924][445]LogSlate: Took 0.000171 seconds to synchronously load lazily loaded font '../../../Engine/Content/Slate/Fonts/Roboto-Light.ttf' (159K)
[2017.06.22-12.36.15:554][966]LogSavePackage: Save=87.34ms
[2017.06.22-12.36.15:554][966]LogSavePackage: Moving '../../../../../../Unreal/FOTWO/source/FOTWO02/Saved/2DSideScrollerExampleMapB7F6BBFE4AEA61355128A3ACECD324CD.tmp' to '../../../../../../Unreal/FOTWO/source/FOTWO02/Content/2DSideScrollerBP/Maps/2DSideScrollerExampleMap.umap'
[2017.06.22-12.36.15:557][966]LogSavePackage:Display: Finished SavePackage ../../../../../../Unreal/FOTWO/source/FOTWO02/Content/2DSideScrollerBP/Maps/2DSideScrollerExampleMap.umap
[2017.06.22-12.36.15:577][966]LogFileHelpers: Saving map '2DSideScrollerExampleMap' took 0.184
[2017.06.22-12.36.15:579][966]Cmd: MAP LOAD FILE="../../../../../../Unreal/FOTWO/source/FOTWO02/Content/2DSideScrollerBP/Maps/2DSideScrollerExampleMap.umap" TEMPLATE=0 SHOWPROGRESS=1 FEATURELEVEL=3
[2017.06.22-12.36.15:579][966]LightingResults: New page: Lighting Build
[2017.06.22-12.36.15:580][966]LoadErrors: New page: Loading map: 2DSideScrollerExampleMap.umap
[2017.06.22-12.36.15:580][966]MapCheck: New page: Map Check
[2017.06.22-12.36.15:580][966]LightingResults: New page: Lighting Build
[2017.06.22-12.36.15:604][966]LogAIModule: Creating AISystem for world 2DSideScrollerExampleMap
[2017.06.22-12.36.15:607][966]LogEditorServer: Finished looking for orphan Actors (0.000 secs)
[2017.06.22-12.36.15:645][966]Cmd: MAP CHECKDEP NOCLEARLOG
[2017.06.22-12.36.15:688][966]MapCheck: Info Map check complete: 0 Error(s), 0 Warning(s), took 42.704ms to complete.
[2017.06.22-12.36.15:689][966]LogFileHelpers: Loading map '2DSideScrollerExampleMap' took 0.110
[2017.06.22-12.36.46:683][888]LogActorComponent: UnregisterComponent: (/Engine/Transient.EditorFloorComp) Not registered. Aborting.
[2017.06.22-12.36.47:093][888]LogObjectTools:Warning: ForceReplaceReferences replaced references for a transient object 'SKEL_FOTWO_BAU_C' or package '/Game/2DSideScrollerBP/Blueprints/Simulation/FOTWO_BAU'.
[2017.06.22-12.36.47:093][888]LogObjectTools:Warning: ForceReplaceReferences replaced references for a transient object 'InpActEvt_SpaceBar_K2Node_InputKeyEvent_7' or package '/Game/2DSideScrollerBP/Blueprints/Simulation/FOTWO_BAU'.
[2017.06.22-12.36.47:093][888]LogObjectTools:Warning: ForceReplaceReferences replaced references for a transient object 'ReceiveBeginPlay' or package '/Game/2DSideScrollerBP/Blueprints/Simulation/FOTWO_BAU'.
[2017.06.22-12.36.50:236][888]LogSavePackage: Save=3.89ms
[2017.06.22-12.36.50:236][888]LogSavePackage: Moving '../../../../../../Unreal/FOTWO/source/FOTWO02/Saved/FOTWO_BAUEFAD4BD841D870ED90F19393BEC9A9E4.tmp' to '../../../../../../Unreal/FOTWO/source/FOTWO02/Content/2DSideScrollerBP/Blueprints/Simulation/FOTWO_BAU.uasset'
[2017.06.22-12.36.50:238][888]LogSavePackage:Display: Finished SavePackage ../../../../../../Unreal/FOTWO/source/FOTWO02/Content/2DSideScrollerBP/Blueprints/Simulation/FOTWO_BAU.uasset
[2017.06.22-12.36.50:387][888]LogSavePackage: Save=83.15ms
[2017.06.22-12.36.50:387][888]LogSavePackage: Moving '../../../../../../Unreal/FOTWO/source/FOTWO02/Saved/2DSideScrollerExampleMapC54F35F04DF3FD93511E7686BE37F849.tmp' to '../../../../../../Unreal/FOTWO/source/FOTWO02/Content/2DSideScrollerBP/Maps/2DSideScrollerExampleMap.umap'
[2017.06.22-12.36.50:389][888]LogSavePackage:Display: Finished SavePackage ../../../../../../Unreal/FOTWO/source/FOTWO02/Content/2DSideScrollerBP/Maps/2DSideScrollerExampleMap.umap
[2017.06.22-12.36.50:410][888]LogFileHelpers: Saving map '2DSideScrollerExampleMap' took 0.169
[2017.06.22-12.37.51:171][385]BlueprintLog: New page: Compile FOTWO_HUD
[2017.06.22-12.37.51:266][385]BlueprintEditorCompileResults: Info Fast Template Successfully Created.
[2017.06.22-12.37.51:897][420]LogSavePackage: Save=22.91ms
[2017.06.22-12.37.51:897][420]LogSavePackage: Moving '../../../../../../Unreal/FOTWO/source/FOTWO02/Saved/FOTWO_HUD8ACFA17D4FF15C3F617F8FBFB945E46F.tmp' to '../../../../../../Unreal/FOTWO/source/FOTWO02/Content/2DSideScrollerBP/Blueprints/User_Interface/FOTWO_HUD.uasset'
[2017.06.22-12.37.51:900][420]LogSavePackage:Display: Finished SavePackage ../../../../../../Unreal/FOTWO/source/FOTWO02/Content/2DSideScrollerBP/Blueprints/User_Interface/FOTWO_HUD.uasset
[2017.06.22-12.38.19:719][ 73]BlueprintLog: New page: Compile FOTWO_HUD
[2017.06.22-12.38.19:727][ 73]LogBlueprint:Error: [Compiler FOTWO_HUD] Error This blueprint (self) is not a Global_BAU_C, therefore ' Target ' must have a connection.
[2017.06.22-12.38.19:727][ 73]LogBlueprint:Error: [Compiler FOTWO_HUD] Error This blueprint (self) is not a Global_BAU_C, therefore ' Target ' must have a connection.
[2017.06.22-12.38.19:727][ 73]LogBlueprint:Error: [Compiler FOTWO_HUD] Error Variable node  Get Global_Date  uses an invalid target.  It may depend on a node that is not connected to the execution chain, and got purged.
[2017.06.22-12.38.19:727][ 73]LogBlueprint:Error: [Compiler FOTWO_HUD] Error Variable node  Set Global_Date  uses an invalid target.  It may depend on a node that is not connected to the execution chain, and got purged.
[2017.06.22-12.38.19:878][ 73]BlueprintEditorCompileResults:Error: Error This blueprint (self) is not a Global_BAU_C, therefore ' Target ' must have a connection.
[2017.06.22-12.38.19:878][ 73]BlueprintEditorCompileResults:Error: Error This blueprint (self) is not a Global_BAU_C, therefore ' Target ' must have a connection.
[2017.06.22-12.38.19:879][ 73]BlueprintEditorCompileResults:Error: Error Variable node  Get Global_Date  uses an invalid target.  It may depend on a node that is not connected to the execution chain, and got purged.
[2017.06.22-12.38.19:879][ 73]BlueprintEditorCompileResults:Error: Error Variable node  Set Global_Date  uses an invalid target.  It may depend on a node that is not connected to the execution chain, and got purged.
[2017.06.22-12.38.19:879][ 73]BlueprintEditorCompileResults: Info Fast Template Successfully Created.
[2017.06.22-12.38.19:879][ 73]LogBlueprint:Warning: [Compiler FOTWO_HUD] Warning [1929.92] Compile of FOTWO_HUD failed. 4 Fatal Issue(s) 0 Warning(s) [in 159 ms] (/Game/2DSideScrollerBP/Blueprints/User_Interface/FOTWO_HUD.FOTWO_HUD)
[2017.06.22-12.38.41:941][396]BlueprintLog: New page: Compile FOTWO_HUD
[2017.06.22-12.38.42:035][396]BlueprintEditorCompileResults: Info Fast Template Successfully Created.
[2017.06.22-12.38.42:458][419]LogSavePackage: Save=22.75ms
[2017.06.22-12.38.42:458][419]LogSavePackage: Moving '../../../../../../Unreal/FOTWO/source/FOTWO02/Saved/FOTWO_HUDB4ABA87A40EA461EFA5946B83D68A595.tmp' to '../../../../../../Unreal/FOTWO/source/FOTWO02/Content/2DSideScrollerBP/Blueprints/User_Interface/FOTWO_HUD.uasset'
[2017.06.22-12.38.42:460][419]LogSavePackage:Display: Finished SavePackage ../../../../../../Unreal/FOTWO/source/FOTWO02/Content/2DSideScrollerBP/Blueprints/User_Interface/FOTWO_HUD.uasset
[2017.06.22-12.38.52:029][990]LogEditorViewport: Clicking on Actor (LMB): Global_BAU_C (FOTWO_BAU)
[2017.06.22-12.38.56:187][237]LogEditorActor: Deleted Actor: Global_BAU_C
[2017.06.22-12.38.56:203][237]LogEditorActor: Deleted 1 Actors (0.016 secs)
[2017.06.22-12.39.34:103][496]LogSavePackage: Save=89.23ms
[2017.06.22-12.39.34:103][496]LogSavePackage: Moving '../../../../../../Unreal/FOTWO/source/FOTWO02/Saved/2DSideScrollerExampleMap3E1405364D32D518B22412AC0878A059.tmp' to '../../../../../../Unreal/FOTWO/source/FOTWO02/Content/2DSideScrollerBP/Maps/2DSideScrollerExampleMap.umap'
[2017.06.22-12.39.34:105][496]LogSavePackage:Display: Finished SavePackage ../../../../../../Unreal/FOTWO/source/FOTWO02/Content/2DSideScrollerBP/Maps/2DSideScrollerExampleMap.umap
[2017.06.22-12.39.34:140][496]LogSavePackage: Save=4.02ms
[2017.06.22-12.39.34:140][496]LogSavePackage: Moving '../../../../../../Unreal/FOTWO/source/FOTWO02/Saved/2DSideScrollerExampleMap_BuiltDataD10AFD704D9F75CF7619EBBEB560CCBA.tmp' to '../../../../../../Unreal/FOTWO/source/FOTWO02/Content/2DSideScrollerBP/Maps/2DSideScrollerExampleMap_BuiltData.uasset'
[2017.06.22-12.39.34:141][496]LogSavePackage:Display: Finished SavePackage ../../../../../../Unreal/FOTWO/source/FOTWO02/Content/2DSideScrollerBP/Maps/2DSideScrollerExampleMap_BuiltData.uasset
[2017.06.22-12.46.49:184][ 51]BlueprintLog: New page: Compile FOTWO_HUD
[2017.06.22-12.46.49:282][ 51]BlueprintEditorCompileResults: Info Fast Template Successfully Created.
[2017.06.22-12.46.51:680][192]LogSavePackage: Save=26.36ms
[2017.06.22-12.46.51:680][192]LogSavePackage: Moving '../../../../../../Unreal/FOTWO/source/FOTWO02/Saved/FOTWO_HUD12FCACFF4BF81FBDAC76EF8B80269C41.tmp' to '../../../../../../Unreal/FOTWO/source/FOTWO02/Content/2DSideScrollerBP/Blueprints/User_Interface/FOTWO_HUD.uasset'
[2017.06.22-12.46.51:683][192]LogSavePackage:Display: Finished SavePackage ../../../../../../Unreal/FOTWO/source/FOTWO02/Content/2DSideScrollerBP/Blueprints/User_Interface/FOTWO_HUD.uasset
[2017.06.22-12.47.51:285][510]BlueprintLog: New page: Compile FOTWO_HUD
[2017.06.22-12.47.51:380][510]BlueprintEditorCompileResults: Info Fast Template Successfully Created.
[2017.06.22-12.47.52:712][587]LogSavePackage: Save=27.28ms
[2017.06.22-12.47.52:712][587]LogSavePackage: Moving '../../../../../../Unreal/FOTWO/source/FOTWO02/Saved/FOTWO_HUD9ECB93A04FDCF13DBA81F7838E708092.tmp' to '../../../../../../Unreal/FOTWO/source/FOTWO02/Content/2DSideScrollerBP/Blueprints/User_Interface/FOTWO_HUD.uasset'
[2017.06.22-12.47.52:714][587]LogSavePackage:Display: Finished SavePackage ../../../../../../Unreal/FOTWO/source/FOTWO02/Content/2DSideScrollerBP/Blueprints/User_Interface/FOTWO_HUD.uasset
[2017.06.22-12.48.54:063][ 57]BlueprintLog: New page: Compile FOTWO_HUD
[2017.06.22-12.48.54:157][ 57]BlueprintEditorCompileResults: Info Fast Template Successfully Created.
[2017.06.22-12.48.55:856][156]LogSavePackage: Save=27.63ms
[2017.06.22-12.48.55:856][156]LogSavePackage: Moving '../../../../../../Unreal/FOTWO/source/FOTWO02/Saved/FOTWO_HUDCBE9B70B4EFCD2AD0495558B37F3F0C5.tmp' to '../../../../../../Unreal/FOTWO/source/FOTWO02/Content/2DSideScrollerBP/Blueprints/User_Interface/FOTWO_HUD.uasset'
[2017.06.22-12.48.55:858][156]LogSavePackage:Display: Finished SavePackage ../../../../../../Unreal/FOTWO/source/FOTWO02/Content/2DSideScrollerBP/Blueprints/User_Interface/FOTWO_HUD.uasset
[2017.06.22-12.49.34:690][609]LogSavePackage: Save=98.28ms
[2017.06.22-12.49.34:690][609]LogSavePackage: Moving '../../../../../../Unreal/FOTWO/source/FOTWO02/Saved/2DSideScrollerExampleMap_Auto3450AF05E4C19C97C77B62F99C5242899.tmp' to '../../../../../../Unreal/FOTWO/source/FOTWO02/Saved/Autosaves/Game/2DSideScrollerBP/Maps/2DSideScrollerExampleMap_Auto3.umap'
[2017.06.22-12.49.34:692][609]LogSavePackage:Display: Finished SavePackage ../../../../../../Unreal/FOTWO/source/FOTWO02/Saved/Autosaves/Game/2DSideScrollerBP/Maps/2DSideScrollerExampleMap_Auto3.umap
[2017.06.22-12.49.34:695][609]LogFileHelpers: Editor autosave (incl. sublevels) for '/Game/2DSideScrollerBP/Maps/2DSideScrollerExampleMap' took 0.154
[2017.06.22-12.49.34:695][609]LogFileHelpers: Editor autosave (incl. sublevels) for all levels took 0.154
[2017.06.22-12.52.21:628][936]LogSavePackage: Save=83.75ms
[2017.06.22-12.52.21:628][936]LogSavePackage: Moving '../../../../../../Unreal/FOTWO/source/FOTWO02/Saved/2DSideScrollerExampleMap8055D4544A248ECD901A06BBFCDABB5B.tmp' to '../../../../../../Unreal/FOTWO/source/FOTWO02/Content/2DSideScrollerBP/Maps/2DSideScrollerExampleMap.umap'
[2017.06.22-12.52.21:631][936]LogSavePackage:Display: Finished SavePackage ../../../../../../Unreal/FOTWO/source/FOTWO02/Content/2DSideScrollerBP/Maps/2DSideScrollerExampleMap.umap
[2017.06.22-12.52.21:662][936]LogSavePackage: Save=3.86ms
[2017.06.22-12.52.21:662][936]LogSavePackage: Moving '../../../../../../Unreal/FOTWO/source/FOTWO02/Saved/2DSideScrollerExampleMap_BuiltDataAE004226470257DB2197098FC9FC0428.tmp' to '../../../../../../Unreal/FOTWO/source/FOTWO02/Content/2DSideScrollerBP/Maps/2DSideScrollerExampleMap_BuiltData.uasset'
[2017.06.22-12.52.21:663][936]LogSavePackage:Display: Finished SavePackage ../../../../../../Unreal/FOTWO/source/FOTWO02/Content/2DSideScrollerBP/Maps/2DSideScrollerExampleMap_BuiltData.uasset
[2017.06.22-12.52.23:010][ 13]LogWindowsTextInputMethodSystem:Display: IME system now deactivated.
[2017.06.22-12.52.23:198][ 14]Cmd: QUIT_EDITOR
[2017.06.22-12.52.23:239][ 14]LogExit: Preparing to exit.
[2017.06.22-12.52.24:157][ 14]LogDirectoryWatcher: A directory notification for 'C:/Unreal/FOTWO/source/FOTWO02/Content/' was aborted.
[2017.06.22-12.52.24:184][ 14]LogExit: Editor shut down
[2017.06.22-12.52.24:188][ 14]LogExit: Transaction tracking system shut down
[2017.06.22-12.52.24:287][ 14]LogObj: Freed 0b from 0 cluster array pools.
[2017.06.22-12.52.24:287][ 14]LogExit: Object subsystem successfully closed.
[2017.06.22-12.52.24:309][ 14]LogD3D11RHI: Shutdown
[2017.06.22-12.52.24:309][ 14]LogD3D11RHI: CleanupD3DDevice
[2017.06.22-12.52.24:375][ 14]LogD3D11RHI: ~FD3D11DynamicRHI
[2017.06.22-12.52.24:390][ 14]LogModuleManager: Shutting down and abandoning module SequencerWidgets (530)
[2017.06.22-12.52.24:390][ 14]LogModuleManager: Shutting down and abandoning module BlueprintGraph (528)
[2017.06.22-12.52.24:390][ 14]LogModuleManager: Shutting down and abandoning module BlueprintProfiler (526)
[2017.06.22-12.52.24:390][ 14]LogModuleManager: Shutting down and abandoning module HierarchicalLODOutliner (524)
[2017.06.22-12.52.24:390][ 14]LogModuleManager: Shutting down and abandoning module CrashTracker (522)
[2017.06.22-12.52.24:390][ 14]LogModuleManager: Shutting down and abandoning module SceneOutliner (520)
[2017.06.22-12.52.24:390][ 14]LogModuleManager: Shutting down and abandoning module AddContentDialog (518)
[2017.06.22-12.52.24:390][ 14]LogDirectoryWatcher: A directory notification for 'C:/Program Files/Epic Games/UE_4.16/FeaturePacks/' was aborted.
[2017.06.22-12.52.24:391][ 14]LogModuleManager: Shutting down and abandoning module WidgetCarousel (517)
[2017.06.22-12.52.24:391][ 14]LogModuleManager: Shutting down and abandoning module EditorWidgets (514)
[2017.06.22-12.52.24:391][ 14]LogModuleManager: Shutting down and abandoning module CollectionManager (512)
[2017.06.22-12.52.24:391][ 14]LogDirectoryWatcher: A directory notification for 'C:/Unreal/FOTWO/source/FOTWO02/Content/Collections/' was aborted.
[2017.06.22-12.52.24:391][ 14]LogDirectoryWatcher: A directory notification for 'C:/Unreal/FOTWO/source/FOTWO02/Content/Developers/vonkl/Collections/' was aborted.
[2017.06.22-12.52.24:391][ 14]LogDirectoryWatcher: A directory notification for 'C:/Unreal/FOTWO/source/FOTWO02/Saved/Collections/' was aborted.
[2017.06.22-12.52.24:391][ 14]LogModuleManager: Shutting down and abandoning module StatsViewer (510)
[2017.06.22-12.52.24:391][ 14]LogModuleManager: Shutting down and abandoning module FoliageEdit (508)
[2017.06.22-12.52.24:391][ 14]LogModuleManager: Shutting down and abandoning module LandscapeEditor (506)
[2017.06.22-12.52.24:391][ 14]LogModuleManager: Shutting down and abandoning module MeshPaintMode (504)
[2017.06.22-12.52.24:391][ 14]LogModuleManager: Shutting down and abandoning module SceneDepthPickerMode (502)
[2017.06.22-12.52.24:391][ 14]LogModuleManager: Shutting down and abandoning module ActorPickerMode (500)
[2017.06.22-12.52.24:391][ 14]LogModuleManager: Shutting down and abandoning module GeometryMode (498)
[2017.06.22-12.52.24:391][ 14]LogModuleManager: Shutting down and abandoning module TextureAlignMode (496)
[2017.06.22-12.52.24:391][ 14]LogModuleManager: Shutting down and abandoning module BspMode (494)
[2017.06.22-12.52.24:391][ 14]LogModuleManager: Shutting down and abandoning module HardwareSurvey (492)
[2017.06.22-12.52.24:391][ 14]LogModuleManager: Shutting down and abandoning module SequenceRecorderSections (490)
[2017.06.22-12.52.24:391][ 14]LogModuleManager: Shutting down and abandoning module AutomationWorker (488)
[2017.06.22-12.52.24:391][ 14]LogModuleManager: Shutting down and abandoning module MatineeToLevelSequence (486)
[2017.06.22-12.52.24:391][ 14]LogModuleManager: Shutting down and abandoning module LevelSequenceEditor (484)
[2017.06.22-12.52.24:391][ 14]LogModuleManager: Shutting down and abandoning module PlacementMode (483)
[2017.06.22-12.52.24:391][ 14]LogModuleManager: Shutting down and abandoning module WmfMediaFactory (480)
[2017.06.22-12.52.24:391][ 14]LogModuleManager: Shutting down and abandoning module WmfMediaEditor (478)
[2017.06.22-12.52.24:391][ 14]LogModuleManager: Shutting down and abandoning module AvfMediaFactory (476)
[2017.06.22-12.52.24:391][ 14]LogModuleManager: Shutting down and abandoning module AvfMediaEditor (474)
[2017.06.22-12.52.24:391][ 14]LogModuleManager: Shutting down and abandoning module AndroidMediaFactory (472)
[2017.06.22-12.52.24:391][ 14]LogModuleManager: Shutting down and abandoning module Media (471)
[2017.06.22-12.52.24:391][ 14]LogModuleManager: Shutting down and abandoning module AndroidMediaEditor (468)
[2017.06.22-12.52.24:391][ 14]LogModuleManager: Shutting down and abandoning module CharacterAI (466)
[2017.06.22-12.52.24:391][ 14]LogModuleManager: Shutting down and abandoning module AudioCapture (464)
[2017.06.22-12.52.24:391][ 14]LogModuleManager: Shutting down and abandoning module SequenceRecorder (463)
[2017.06.22-12.52.24:391][ 14]LogModuleManager: Shutting down and abandoning module SmartSnapping (460)
[2017.06.22-12.52.24:391][ 14]LogModuleManager: Shutting down and abandoning module SessionServices (458)
[2017.06.22-12.52.24:391][ 14]LogModuleManager: Shutting down and abandoning module ViewportSnapping (456)
[2017.06.22-12.52.24:391][ 14]LogModuleManager: Shutting down and abandoning module ViewportInteraction (454)
[2017.06.22-12.52.24:391][ 14]LogModuleManager: Shutting down and abandoning module ClothPainter (452)
[2017.06.22-12.52.24:391][ 14]LogModuleManager: Shutting down and abandoning module LogVisualizer (450)
[2017.06.22-12.52.24:391][ 14]LogModuleManager: Shutting down and abandoning module IntroTutorials (448)
[2017.06.22-12.52.24:391][ 14]LogModuleManager: Shutting down and abandoning module GameProjectGeneration (447)
[2017.06.22-12.52.24:391][ 14]LogModuleManager: Shutting down and abandoning module EditorLiveStreaming (444)
[2017.06.22-12.52.24:391][ 14]LogModuleManager: Shutting down and abandoning module IOSPlatformEditor (442)
[2017.06.22-12.52.24:391][ 14]LogModuleManager: Shutting down and abandoning module HTML5PlatformEditor (440)
[2017.06.22-12.52.24:391][ 14]LogModuleManager: Shutting down and abandoning module AndroidPlatformEditor (438)
[2017.06.22-12.52.24:391][ 14]LogModuleManager: Shutting down and abandoning module AndroidDeviceDetection (437)
[2017.06.22-12.52.25:165][ 14]LogModuleManager: Shutting down and abandoning module IOSRuntimeSettings (434)
[2017.06.22-12.52.25:166][ 14]LogModuleManager: Shutting down and abandoning module AndroidRuntimeSettings (432)
[2017.06.22-12.52.25:166][ 14]LogModuleManager: Shutting down and abandoning module InputBindingEditor (430)
[2017.06.22-12.52.25:166][ 14]LogModuleManager: Shutting down and abandoning module MergeActors (428)
[2017.06.22-12.52.25:166][ 14]LogModuleManager: Shutting down and abandoning module SizeMap (426)
[2017.06.22-12.52.25:166][ 14]LogModuleManager: Shutting down and abandoning module TreeMap (424)
[2017.06.22-12.52.25:166][ 14]LogModuleManager: Shutting down and abandoning module ReferenceViewer (422)
[2017.06.22-12.52.25:166][ 14]LogModuleManager: Shutting down and abandoning module LocalizationDashboard (420)
[2017.06.22-12.52.25:166][ 14]LogModuleManager: Shutting down and abandoning module LocalizationService (419)
[2017.06.22-12.52.25:166][ 14]LogModuleManager: Shutting down and abandoning module HardwareTargeting (416)
[2017.06.22-12.52.25:166][ 14]LogModuleManager: Shutting down and abandoning module DeviceProfileEditor (414)
[2017.06.22-12.52.25:166][ 14]LogModuleManager: Shutting down and abandoning module UndoHistory (412)
[2017.06.22-12.52.25:166][ 14]LogModuleManager: Shutting down and abandoning module UserFeedback (410)
[2017.06.22-12.52.25:166][ 14]LogModuleManager: Shutting down and abandoning module XmlParser (408)
[2017.06.22-12.52.25:166][ 14]LogModuleManager: Shutting down and abandoning module Blutility (406)
[2017.06.22-12.52.25:166][ 14]LogModuleManager: Shutting down and abandoning module ProjectSettingsViewer (404)
[2017.06.22-12.52.25:166][ 14]LogModuleManager: Shutting down and abandoning module ProjectTargetPlatformEditor (403)
[2017.06.22-12.52.25:166][ 14]LogModuleManager: Shutting down and abandoning module EditorSettingsViewer (400)
[2017.06.22-12.52.25:166][ 14]LogModuleManager: Shutting down and abandoning module SettingsEditor (398)
[2017.06.22-12.52.25:166][ 14]LogModuleManager: Shutting down and abandoning module ProjectLauncher (396)
[2017.06.22-12.52.25:166][ 14]LogModuleManager: Shutting down and abandoning module SessionFrontend (394)
[2017.06.22-12.52.25:166][ 14]LogModuleManager: Shutting down and abandoning module ProfilerClient (392)
[2017.06.22-12.52.25:166][ 14]LogModuleManager: Shutting down and abandoning module DeviceManager (390)
[2017.06.22-12.52.25:166][ 14]LogModuleManager: Shutting down and abandoning module TargetDeviceServices (389)
[2017.06.22-12.52.25:220][ 14]LogModuleManager: Shutting down and abandoning module AutomationController (386)
[2017.06.22-12.52.25:220][ 14]LogModuleManager: Shutting down and abandoning module AutomationWindow (384)
[2017.06.22-12.52.25:220][ 14]LogModuleManager: Shutting down and abandoning module Layers (382)
[2017.06.22-12.52.25:220][ 14]LogModuleManager: Shutting down and abandoning module ComponentVisualizers (380)
[2017.06.22-12.52.25:220][ 14]LogModuleManager: Shutting down and abandoning module DetailCustomizations (378)
[2017.06.22-12.52.25:220][ 14]LogModuleManager: Shutting down and abandoning module PackagesDialog (376)
[2017.06.22-12.52.25:220][ 14]LogModuleManager: Shutting down and abandoning module Persona (374)
[2017.06.22-12.52.25:220][ 14]LogModuleManager: Shutting down and abandoning module AdvancedPreviewScene (373)
[2017.06.22-12.52.25:220][ 14]LogModuleManager: Shutting down and abandoning module AnimGraph (371)
[2017.06.22-12.52.25:220][ 14]LogModuleManager: Shutting down and abandoning module Kismet (368)
[2017.06.22-12.52.25:229][ 14]LogModuleManager: Shutting down and abandoning module ClassViewer (366)
[2017.06.22-12.52.25:230][ 14]LogModuleManager: Shutting down and abandoning module Toolbox (364)
[2017.06.22-12.52.25:231][ 14]LogModuleManager: Shutting down and abandoning module ModuleUI (362)
[2017.06.22-12.52.25:231][ 14]LogModuleManager: Shutting down and abandoning module MovieSceneTools (360)
[2017.06.22-12.52.25:231][ 14]LogModuleManager: Shutting down and abandoning module OutputLog (358)
[2017.06.22-12.52.25:231][ 14]LogModuleManager: Shutting down and abandoning module GammaUI (356)
[2017.06.22-12.52.25:231][ 14]LogModuleManager: Shutting down and abandoning module Documentation (354)
[2017.06.22-12.52.25:231][ 14]LogModuleManager: Shutting down and abandoning module MovieSceneTracks (352)
[2017.06.22-12.52.25:231][ 14]LogModuleManager: Shutting down and abandoning module MovieScene (350)
[2017.06.22-12.52.25:231][ 14]LogModuleManager: Shutting down and abandoning module Niagara (348)
[2017.06.22-12.52.25:231][ 14]LogModuleManager: Shutting down and abandoning module NiagaraEditor (347)
[2017.06.22-12.52.25:231][ 14]LogModuleManager: Shutting down and abandoning module StreamingPauseRendering (344)
[2017.06.22-12.52.25:231][ 14]LogModuleManager: Shutting down and abandoning module AnalyticsET (342)
[2017.06.22-12.52.25:231][ 14]LogModuleManager: Shutting down and abandoning module PortalServices (340)
[2017.06.22-12.52.25:231][ 14]LogModuleManager: Shutting down and abandoning module PortalRpc (338)
[2017.06.22-12.52.25:231][ 14]LogModuleManager: Shutting down and abandoning module MessagingRpc (336)
[2017.06.22-12.52.25:231][ 14]LogModuleManager: Shutting down and abandoning module AIModule (334)
[2017.06.22-12.52.25:231][ 14]LogModuleManager: Shutting down and abandoning module GameplayDebugger (333)
[2017.06.22-12.52.25:231][ 14]LogModuleManager: Shutting down and abandoning module AITestSuite (331)
[2017.06.22-12.52.25:231][ 14]LogModuleManager: Shutting down and abandoning module ProfilerService (328)
[2017.06.22-12.52.25:278][ 14]LogModuleManager: Shutting down and abandoning module TaskGraph (326)
[2017.06.22-12.52.25:278][ 14]LogModuleManager: Shutting down and abandoning module SteamVRController (324)
[2017.06.22-12.52.25:278][ 14]LogModuleManager: Shutting down and abandoning module SteamVR (322)
[2017.06.22-12.52.25:278][ 14]LogModuleManager: Shutting down and abandoning module ProceduralMeshComponentEditor (320)
[2017.06.22-12.52.25:278][ 14]LogModuleManager: Shutting down and abandoning module ProceduralMeshComponent (318)
[2017.06.22-12.52.25:278][ 14]LogModuleManager: Shutting down and abandoning module OculusLibrary (316)
[2017.06.22-12.52.25:278][ 14]LogModuleManager: Shutting down and abandoning module OculusInput (314)
[2017.06.22-12.52.25:278][ 14]LogModuleManager: Shutting down and abandoning module MobilePatchingUtils (312)
[2017.06.22-12.52.25:278][ 14]LogModuleManager: Shutting down and abandoning module CustomMeshComponent (310)
[2017.06.22-12.52.25:278][ 14]LogModuleManager: Shutting down and abandoning module CableComponent (308)
[2017.06.22-12.52.25:278][ 14]LogModuleManager: Shutting down and abandoning module ArchVisCharacter (306)
[2017.06.22-12.52.25:278][ 14]LogModuleManager: Shutting down and abandoning module AndroidPermission (304)
[2017.06.22-12.52.25:278][ 14]LogModuleManager: Shutting down and abandoning module MediaPlayerEditor (300)
[2017.06.22-12.52.25:278][ 14]LogModuleManager: Shutting down and abandoning module HTML5Networking (298)
[2017.06.22-12.52.25:278][ 14]LogModuleManager: Shutting down and abandoning module AlembicImporter (296)
[2017.06.22-12.52.25:278][ 14]LogModuleManager: Shutting down and abandoning module AlembicLibrary (295)
[2017.06.22-12.52.25:278][ 14]LogModuleManager: Shutting down and abandoning module GeometryCache (294)
[2017.06.22-12.52.25:278][ 14]LogModuleManager: Shutting down and abandoning module GeometryCacheEd (293)
[2017.06.22-12.52.25:278][ 14]LogModuleManager: Shutting down and abandoning module SuperSearchEditor (288)
[2017.06.22-12.52.25:278][ 14]LogModuleManager: Shutting down and abandoning module SuperSearch (287)
[2017.06.22-12.52.25:278][ 14]LogModuleManager: Shutting down and abandoning module SpeedTreeImporter (284)
[2017.06.22-12.52.25:278][ 14]LogModuleManager: Shutting down and abandoning module PluginBrowser (282)
[2017.06.22-12.52.25:278][ 14]LogModuleManager: Shutting down and abandoning module MobileLauncherProfileWizard (280)
[2017.06.22-12.52.25:278][ 14]LogModuleManager: Shutting down and abandoning module VisualStudioSourceCodeAccess (278)
[2017.06.22-12.52.25:278][ 14]LogModuleManager: Shutting down and abandoning module DesktopPlatform (277)
[2017.06.22-12.52.25:278][ 14]LogModuleManager: Shutting down and abandoning module UObjectPlugin (274)
[2017.06.22-12.52.25:278][ 14]LogModuleManager: Shutting down and abandoning module SubversionSourceControl (272)
[2017.06.22-12.52.25:278][ 14]LogModuleManager: Shutting down and abandoning module PerforceSourceControl (270)
[2017.06.22-12.52.25:278][ 14]LogModuleManager: Shutting down and abandoning module GitSourceControl (268)
[2017.06.22-12.52.25:278][ 14]LogModuleManager: Shutting down and abandoning module SourceControl (267)
[2017.06.22-12.52.25:278][ 14]LogModuleManager: Shutting down and abandoning module LightPropagationVolumeEditor (264)
[2017.06.22-12.52.25:278][ 14]LogModuleManager: Shutting down and abandoning module PaperTiledImporter (262)
[2017.06.22-12.52.25:278][ 14]LogModuleManager: Shutting down and abandoning module PaperSpriteSheetImporter (260)
[2017.06.22-12.52.25:278][ 14]LogModuleManager: Shutting down and abandoning module Paper2DEditor (258)
[2017.06.22-12.52.25:278][ 14]LogModuleManager: Shutting down and abandoning module MeshPaint (257)
[2017.06.22-12.52.25:278][ 14]LogModuleManager: Shutting down and abandoning module LevelEditor (255)
[2017.06.22-12.52.25:279][ 14]LogModuleManager: Shutting down and abandoning module PixelInspectorModule (254)
[2017.06.22-12.52.25:279][ 14]LogModuleManager: Shutting down and abandoning module MainFrame (252)
[2017.06.22-12.52.25:279][ 14]LogModuleManager: Shutting down and abandoning module HotReload (251)
[2017.06.22-12.52.25:279][ 14]LogModuleManager: Shutting down and abandoning module PhysXVehiclesEditor (246)
[2017.06.22-12.52.25:279][ 14]LogModuleManager: Shutting down and abandoning module PhysXVehicles (244)
[2017.06.22-12.52.25:279][ 14]LogModuleManager: Shutting down and abandoning module LocationServicesBPLibrary (242)
[2017.06.22-12.52.25:279][ 14]LogModuleManager: Shutting down and abandoning module ImmediatePhysicsEditor (240)
[2017.06.22-12.52.25:279][ 14]LogModuleManager: Shutting down and abandoning module ImmediatePhysics (238)
[2017.06.22-12.52.25:279][ 14]LogModuleManager: Shutting down and abandoning module UdpMessaging (236)
[2017.06.22-12.52.25:381][ 14]LogModuleManager: Shutting down and abandoning module TcpMessaging (234)
[2017.06.22-12.52.25:482][ 14]LogModuleManager: Shutting down and abandoning module GameplayTagsEditor (232)
[2017.06.22-12.52.25:482][ 14]LogModuleManager: Shutting down and abandoning module FacialAnimationEditor (230)
[2017.06.22-12.52.25:482][ 14]LogModuleManager: Shutting down and abandoning module FacialAnimation (228)
[2017.06.22-12.52.25:482][ 14]LogModuleManager: Shutting down and abandoning module AssetManagerEditor (226)
[2017.06.22-12.52.25:482][ 14]LogModuleManager: Shutting down and abandoning module GraphEditor (225)
[2017.06.22-12.52.25:482][ 14]LogModuleManager: Shutting down and abandoning module ContentBrowser (223)
[2017.06.22-12.52.25:482][ 14]LogModuleManager: Shutting down and abandoning module LightPropagationVolumeRuntime (220)
[2017.06.22-12.52.25:482][ 14]LogModuleManager: Shutting down and abandoning module Paper2D (218)
[2017.06.22-12.52.25:482][ 14]LogModuleManager: Shutting down and abandoning module WindowsMoviePlayer (216)
[2017.06.22-12.52.25:482][ 14]LogModuleManager: Shutting down and abandoning module WmfMedia (214)
[2017.06.22-12.52.25:482][ 14]LogModuleManager: Shutting down and abandoning module ClothingSystemEditor (212)
[2017.06.22-12.52.25:482][ 14]LogModuleManager: Shutting down and abandoning module ClothingSystemRuntime (210)
[2017.06.22-12.52.25:483][ 14]LogModuleManager: Shutting down and abandoning module MediaAssets (208)
[2017.06.22-12.52.25:483][ 14]LogModuleManager: Shutting down and abandoning module GameLiveStreaming (206)
[2017.06.22-12.52.25:483][ 14]LogModuleManager: Shutting down and abandoning module VREditor (204)
[2017.06.22-12.52.25:483][ 14]LogModuleManager: Shutting down and abandoning module StringTableEditor (202)
[2017.06.22-12.52.25:483][ 14]LogModuleManager: Shutting down and abandoning module GameplayTasksEditor (200)
[2017.06.22-12.52.25:483][ 14]LogModuleManager: Shutting down and abandoning module BehaviorTreeEditor (198)
[2017.06.22-12.52.25:483][ 14]LogModuleManager: Shutting down and abandoning module FunctionalTesting (196)
[2017.06.22-12.52.25:483][ 14]LogModuleManager: Shutting down and abandoning module CollisionAnalyzer (194)
[2017.06.22-12.52.25:483][ 14]LogModuleManager: Shutting down and abandoning module UMG (192)
[2017.06.22-12.52.25:483][ 14]LogModuleManager: Shutting down and abandoning module UMGEditor (191)
[2017.06.22-12.52.25:483][ 14]LogModuleManager: Shutting down and abandoning module Sequencer (190)
[2017.06.22-12.52.25:483][ 14]LogModuleManager: Shutting down and abandoning module AssetTools (188)
[2017.06.22-12.52.25:483][ 14]LogModuleManager: Shutting down and abandoning module MessageLog (187)
[2017.06.22-12.52.25:483][ 14]LogModuleManager: Shutting down and abandoning module WorkspaceMenuStructure (186)
[2017.06.22-12.52.25:483][ 14]LogModuleManager: Shutting down and abandoning module SlateReflector (180)
[2017.06.22-12.52.25:483][ 14]LogModuleManager: Shutting down and abandoning module Slate (178)
[2017.06.22-12.52.25:483][ 14]LogModuleManager: Shutting down and abandoning module EditorStyle (176)
[2017.06.22-12.52.25:485][ 14]LogModuleManager: Shutting down and abandoning module SourceCodeAccess (174)
[2017.06.22-12.52.25:485][ 14]LogModuleManager: Shutting down and abandoning module HeadMountedDisplay (172)
[2017.06.22-12.52.25:485][ 14]LogModuleManager: Shutting down and abandoning module XAudio2 (170)
[2017.06.22-12.52.25:485][ 14]LogModuleManager: Shutting down and abandoning module Networking (168)
[2017.06.22-12.52.25:485][ 14]LogModuleManager: Shutting down and abandoning module Core (164)
[2017.06.22-12.52.25:485][ 14]LogModuleManager: Shutting down and abandoning module AssetRegistry (162)
[2017.06.22-12.52.25:704][ 14]LogDirectoryWatcher: A directory notification for '../../../Engine/Content/' was aborted.
[2017.06.22-12.52.25:704][ 14]LogDirectoryWatcher: A directory notification for '../../../../../../Unreal/FOTWO/source/FOTWO02/Content/' was aborted.
[2017.06.22-12.52.25:704][ 14]LogDirectoryWatcher: A directory notification for '../../../Engine/Plugins/2D/Paper2D/Content/' was aborted.
[2017.06.22-12.52.25:704][ 14]LogDirectoryWatcher: A directory notification for '../../../Engine/Plugins/Runtime/GearVR/Content/' was aborted.
[2017.06.22-12.52.25:707][ 14]LogModuleManager: Shutting down and abandoning module DirectoryWatcher (161)
[2017.06.22-12.52.25:707][ 14]LogModuleManager: Shutting down and abandoning module KismetCompiler (158)
[2017.06.22-12.52.25:707][ 14]LogModuleManager: Shutting down and abandoning module LevelSequence (156)
[2017.06.22-12.52.25:707][ 14]LogModuleManager: Shutting down and abandoning module PhysXFormats (154)
[2017.06.22-12.52.25:707][ 14]LogModuleManager: Shutting down and abandoning module MeshUtilities (152)
[2017.06.22-12.52.25:707][ 14]LogModuleManager: Shutting down and abandoning module SimplygonSwarm (151)
[2017.06.22-12.52.25:707][ 14]LogModuleManager: Shutting down and abandoning module SimplygonMeshReduction (149)
[2017.06.22-12.52.25:707][ 14]LogModuleManager: Shutting down and abandoning module QuadricMeshReduction (147)
[2017.06.22-12.52.25:707][ 14]LogModuleManager: Shutting down and abandoning module DerivedDataCache (144)
[2017.06.22-12.52.25:753][ 14]LogDerivedDataCache: Shutdown
[2017.06.22-12.52.25:753][ 14]LogModuleManager: Shutting down and abandoning module TargetPlatform (142)
[2017.06.22-12.52.25:753][ 14]LogModuleManager: Shutting down and abandoning module VulkanShaderFormat (141)
[2017.06.22-12.52.25:753][ 14]LogModuleManager: Shutting down and abandoning module ShaderFormatVectorVM (139)
[2017.06.22-12.52.25:753][ 14]LogModuleManager: Shutting down and abandoning module ShaderFormatOpenGL (137)
[2017.06.22-12.52.25:753][ 14]LogModuleManager: Shutting down and abandoning module ShaderFormatD3D (135)
[2017.06.22-12.52.25:753][ 14]LogModuleManager: Shutting down and abandoning module MetalShaderFormat (133)
[2017.06.22-12.52.25:753][ 14]LogModuleManager: Shutting down and abandoning module TextureFormatUncompressed (131)
[2017.06.22-12.52.25:753][ 14]LogModuleManager: Shutting down and abandoning module TextureFormatPVR (129)
[2017.06.22-12.52.25:753][ 14]LogModuleManager: Shutting down and abandoning module TextureFormatDXT (127)
[2017.06.22-12.52.25:753][ 14]LogModuleManager: Shutting down and abandoning module TextureFormatIntelISPCTexComp (125)
[2017.06.22-12.52.25:753][ 14]LogModuleManager: Shutting down and abandoning module TextureFormatASTC (123)
[2017.06.22-12.52.25:753][ 14]LogModuleManager: Shutting down and abandoning module ImageWrapper (122)
[2017.06.22-12.52.25:753][ 14]LogModuleManager: Shutting down and abandoning module TextureFormatAndroid (119)
[2017.06.22-12.52.25:753][ 14]LogModuleManager: Shutting down and abandoning module AudioFormatOpus (117)
[2017.06.22-12.52.25:753][ 14]LogModuleManager: Shutting down and abandoning module AudioFormatOgg (115)
[2017.06.22-12.52.25:753][ 14]LogModuleManager: Shutting down and abandoning module AudioFormatADPCM (113)
[2017.06.22-12.52.25:753][ 14]LogModuleManager: Shutting down and abandoning module LinuxTargetPlatform (111)
[2017.06.22-12.52.25:753][ 14]LogModuleManager: Shutting down and abandoning module LinuxServerTargetPlatform (109)
[2017.06.22-12.52.25:753][ 14]LogModuleManager: Shutting down and abandoning module LinuxNoEditorTargetPlatform (107)
[2017.06.22-12.52.25:753][ 14]LogModuleManager: Shutting down and abandoning module LinuxClientTargetPlatform (105)
[2017.06.22-12.52.25:753][ 14]LogModuleManager: Shutting down and abandoning module TVOSTargetPlatform (103)
[2017.06.22-12.52.25:753][ 14]LogModuleManager: Shutting down and abandoning module Messaging (101)
[2017.06.22-12.52.25:753][ 14]LogModuleManager: Shutting down and abandoning module IOSTargetPlatform (99)
[2017.06.22-12.52.25:753][ 14]LogModuleManager: Shutting down and abandoning module HTML5TargetPlatform (97)
[2017.06.22-12.52.25:753][ 14]LogModuleManager: Shutting down and abandoning module Android_PVRTCTargetPlatform (95)
[2017.06.22-12.52.25:753][ 14]LogModuleManager: Shutting down and abandoning module Android_MultiTargetPlatform (93)
[2017.06.22-12.52.25:753][ 14]LogModuleManager: Shutting down and abandoning module Android_ETC2TargetPlatform (91)
[2017.06.22-12.52.25:753][ 14]LogModuleManager: Shutting down and abandoning module Android_ETC1TargetPlatform (89)
[2017.06.22-12.52.25:753][ 14]LogModuleManager: Shutting down and abandoning module Android_DXTTargetPlatform (87)
[2017.06.22-12.52.25:753][ 14]LogModuleManager: Shutting down and abandoning module Android_ATCTargetPlatform (85)
[2017.06.22-12.52.25:753][ 14]LogModuleManager: Shutting down and abandoning module Android_ASTCTargetPlatform (83)
[2017.06.22-12.52.25:753][ 14]LogModuleManager: Shutting down and abandoning module AndroidTargetPlatform (81)
[2017.06.22-12.52.25:753][ 14]LogModuleManager: Shutting down and abandoning module WindowsTargetPlatform (79)
[2017.06.22-12.52.25:753][ 14]LogModuleManager: Shutting down and abandoning module WindowsServerTargetPlatform (77)
[2017.06.22-12.52.25:753][ 14]LogModuleManager: Shutting down and abandoning module WindowsNoEditorTargetPlatform (75)
[2017.06.22-12.52.25:753][ 14]LogModuleManager: Shutting down and abandoning module WindowsClientTargetPlatform (73)
[2017.06.22-12.52.25:753][ 14]LogModuleManager: Shutting down and abandoning module MacTargetPlatform (71)
[2017.06.22-12.52.25:753][ 14]LogModuleManager: Shutting down and abandoning module MacServerTargetPlatform (69)
[2017.06.22-12.52.25:753][ 14]LogModuleManager: Shutting down and abandoning module MacNoEditorTargetPlatform (67)
[2017.06.22-12.52.25:753][ 14]LogModuleManager: Shutting down and abandoning module MacClientTargetPlatform (65)
[2017.06.22-12.52.25:753][ 14]LogModuleManager: Shutting down and abandoning module AllDesktopTargetPlatform (63)
[2017.06.22-12.52.25:753][ 14]LogModuleManager: Shutting down and abandoning module InputCore (60)
[2017.06.22-12.52.25:753][ 14]LogModuleManager: Shutting down and abandoning module Settings (58)
[2017.06.22-12.52.25:754][ 14]LogModuleManager: Shutting down and abandoning module OculusRift (56)
[2017.06.22-12.52.25:754][ 14]LogModuleManager: Shutting down and abandoning module GearVRController (54)
[2017.06.22-12.52.25:754][ 14]LogModuleManager: Shutting down and abandoning module GearVR (52)
[2017.06.22-12.52.25:754][ 14]LogModuleManager: Shutting down and abandoning module ExampleDeviceProfileSelector (50)
[2017.06.22-12.52.25:754][ 14]LogModuleManager: Shutting down and abandoning module OnlineBlueprintSupport (48)
[2017.06.22-12.52.25:754][ 14]LogModuleManager: Shutting down and abandoning module OnlineSubsystem (44)
[2017.06.22-12.52.25:754][ 14]LogOnline:Display: Unloading online subsystem: NULL
[2017.06.22-12.52.25:754][ 14]LogModuleManager: Shutting down and abandoning module XMPP (43)
[2017.06.22-12.52.25:754][ 14]LogModuleManager: Shutting down and abandoning module HTTP (41)
[2017.06.22-12.52.25:754][ 14]LogHttp:Display: Http module shutting down, but needs to wait on 1 outstanding Http requests:
[2017.06.22-12.52.25:754][ 14]LogHttp:Display: 	verb=[POST] url=[https://datarouter.ol.epicgames.com/datarouter/api/v1/public/data?SessionID=%7BEBF41832-4E87-89DD-3DF6-8587C8758B80%7D&AppID=UEEditor.Rocket.Release&AppVersion=4.16.1-3466753%2B%2B%2BUE4%2BRelease-4.16&UserID=f07af55e4db0c636e0c073a1312074d9%7Caa7a108f70184e1b92fdd786c25cd9b8%7Caeab9882-b6f4-4a22-991a-718da4fba234&AppEnvironment=datacollector-binary&UploadType=eteventstream] status=Processing
[2017.06.22-12.52.25:774][ 14]LogModuleManager: Shutting down and abandoning module SSL (40)
[2017.06.22-12.52.25:775][ 14]LogModuleManager: Shutting down and abandoning module HTTPChunkInstaller (36)
[2017.06.22-12.52.25:775][ 14]LogModuleManager: Shutting down and abandoning module AnimationModifiers (34)
[2017.06.22-12.52.25:775][ 14]LogModuleManager: Shutting down and abandoning module PropertyEditor (33)
[2017.06.22-12.52.25:775][ 14]LogModuleManager: Shutting down and abandoning module AudioEditor (30)
[2017.06.22-12.52.25:775][ 14]LogModuleManager: Shutting down and abandoning module TextureCompressor (28)
[2017.06.22-12.52.25:775][ 14]LogModuleManager: Shutting down and abandoning module ShaderCore (26)
[2017.06.22-12.52.25:775][ 14]LogModuleManager: Shutting down and abandoning module Landscape (24)
[2017.06.22-12.52.25:775][ 14]LogModuleManager: Shutting down and abandoning module SlateRHIRenderer (22)
[2017.06.22-12.52.25:776][ 14]LogModuleManager: Shutting down and abandoning module OpenGLDrv (20)
[2017.06.22-12.52.25:776][ 14]LogModuleManager: Shutting down and abandoning module D3D11RHI (18)
[2017.06.22-12.52.25:776][ 14]LogModuleManager: Shutting down and abandoning module AnimGraphRuntime (16)
[2017.06.22-12.52.25:776][ 14]LogModuleManager: Shutting down and abandoning module Renderer (14)
[2017.06.22-12.52.25:776][ 14]LogModuleManager: Shutting down and abandoning module Engine (12)
[2017.06.22-12.52.25:776][ 14]LogModuleManager: Shutting down and abandoning module CoreUObject (10)
[2017.06.22-12.52.25:776][ 14]LogModuleManager: Shutting down and abandoning module NetworkFile (8)
[2017.06.22-12.52.25:776][ 14]LogModuleManager: Shutting down and abandoning module StreamingFile (6)
[2017.06.22-12.52.25:776][ 14]LogModuleManager: Shutting down and abandoning module SandboxFile (4)
[2017.06.22-12.52.25:776][ 14]LogModuleManager: Shutting down and abandoning module PakFile (2)
[2017.06.22-12.52.25:778][ 14]LogExit: Exiting.
[2017.06.22-12.52.25:791][ 14]Log file closed, 06/22/17 14:52:25
