Log file open, 08/21/17 15:23:55
LogInit:Display: Running engine for game: FOTWO02
LogPlatformFile: Not using cached read wrapper
LogInit:Display: RandInit(860608307) SRandInit(860608307).
LogTaskGraph: Started task graph with 5 named threads and 8 total threads with 1 sets of task threads.
LogStats: Stats thread started at 0.088884
LogInit: Using libcurl 7.47.1
LogInit:  - built for x86_64-pc-win32
LogInit:  - supports SSL with OpenSSL/1.0.2g
LogInit:  - supports HTTP deflate (compression) using libz 1.2.8
LogInit:  - other features:
LogInit:      CURL_VERSION_SSL
LogInit:      CURL_VERSION_LIBZ
LogInit:      CURL_VERSION_IPV6
LogInit:      CURL_VERSION_ASYNCHDNS
LogInit:      CURL_VERSION_LARGEFILE
LogInit:      CURL_VERSION_IDN
LogInit:  CurlRequestOptions (configurable via config and command line):
LogInit:  - bVerifyPeer = false  - Libcurl will NOT verify peer certificate
LogInit:  - bUseHttpProxy = false  - Libcurl will NOT use HTTP proxy
LogInit:  - bDontReuseConnections = false  - Libcurl will reuse connections
LogInit:  - CertBundlePath = nullptr  - Libcurl will use whatever was configured at build time.
LogInit: Build: ++UE4+Release-4.16-CL-3561208
LogInit: Engine Version: 4.16.3-3561208+++UE4+Release-4.16
LogInit: Compatible Engine Version: 4.16.0-3452394+++UE4+Release-4.16
LogInit: Net CL: 3452394
LogDevObjectVersion: Number of dev versions registered: 16
LogDevObjectVersion:   Dev-Blueprints (B0D832E4-1F89-4F0D-ACCF-7EB736FD4AA2): 9
LogDevObjectVersion:   Dev-Build (E1C64328-A22C-4D53-A36C-8E866417BD8C): 0
LogDevObjectVersion:   Dev-Core (375EC13C-06E4-48FB-B500-84F0262A717E): 2
LogDevObjectVersion:   Dev-Editor (E4B068ED-F494-42E9-A231-DA0B2E46BB41): 17
LogDevObjectVersion:   Dev-Framework (CFFC743F-43B0-4480-9391-14DF171D2073): 23
LogDevObjectVersion:   Dev-Mobile (B02B49B5-BB20-44E9-A304-32B752E40360): 0
LogDevObjectVersion:   Dev-Networking (A4E4105C-59A1-49B5-A7C5-40C4547EDFEE): 0
LogDevObjectVersion:   Dev-Online (39C831C9-5AE6-47DC-9A44-9C173E1C8E7C): 0
LogDevObjectVersion:   Dev-Physics (78F01B33-EBEA-4F98-B9B4-84EACCB95AA2): 0
LogDevObjectVersion:   Dev-Platform (6631380F-2D4D-43E0-8009-CF276956A95A): 0
LogDevObjectVersion:   Dev-Rendering (12F88B9F-8875-4AFC-A67C-D90C383ABD29): 15
LogDevObjectVersion:   Dev-Sequencer (7B5AE74C-D270-4C10-A958-57980B212A5A): 4
LogDevObjectVersion:   Dev-VR (D7296918-1DD6-4BDD-9DE2-64A83CC13884): 0
LogDevObjectVersion:   Dev-LoadTimes (C2A15278-BFE7-4AFE-6C17-90FF531DF755): 1
LogDevObjectVersion:   Private-Geometry (6EACA3D4-40EC-4CC1-B786-8BED09428FC5): 1
LogDevObjectVersion:   Dev-AnimPhys (29E575DD-E0A3-4627-9D10-D276232CDCEA): 3
LogInit: Compiled (64-bit): Jul 28 2017 11:49:47
LogInit: Compiled with Visual C++: 19.00.24215.01
LogInit: Build Configuration: Development
LogInit: Branch Name: ++UE4+Release-4.16
LogInit: Command line:  
LogInit: Base directory: C:/Program Files/Epic Games/UE_4.16/Engine/Binaries/Win64/
LogInit: Installed Engine Build: 1
LogInit: Presizing for max 8388607 objects, including 0 objects not considered by GC, pre-allocating 0 bytes for permanent pool.
LogInit: Object subsystem initialized
[2017.08.21-13.23.55:964][  0]LogInit: Selected Device Profile: [Windows]
[2017.08.21-13.23.55:964][  0]LogInit: Applying CVar settings loaded from the selected device profile: [Windows]
[2017.08.21-13.23.55:988][  0]LogInit: Computer: KLAUDE2017ALIEN
[2017.08.21-13.23.55:988][  0]LogInit: User: vonkl
[2017.08.21-13.23.55:988][  0]LogInit: CPU Page size=4096, Cores=4
[2017.08.21-13.23.55:988][  0]LogInit: High frequency timer resolution =2.742185 MHz
[2017.08.21-13.23.55:989][  0]LogMemory: Memory total: Physical=15.9GB (16GB approx)
[2017.08.21-13.23.55:989][  0]LogMemory: Platform Memory Stats for Windows
[2017.08.21-13.23.55:989][  0]LogMemory: Process Physical Memory: 273.04 MB used, 273.04 MB peak
[2017.08.21-13.23.55:989][  0]LogMemory: Process Virtual Memory: 260.89 MB used, 260.89 MB peak
[2017.08.21-13.23.55:989][  0]LogMemory: Physical Memory: 6158.85 MB used,  10098.13 MB free, 16256.98 MB total
[2017.08.21-13.23.55:989][  0]LogMemory: Virtual Memory: 638.49 MB used,  10098.13 MB free, 134217728.00 MB total
[2017.08.21-13.23.56:086][  0]LogInit: Using OS detected language (en-GB).
[2017.08.21-13.23.56:086][  0]LogInit: Using OS detected locale (en-GB).
[2017.08.21-13.23.56:089][  0]LogTextLocalizationManager: No specific localization for 'en-GB' exists, so the 'en' localization will be used.
[2017.08.21-13.23.57:052][  0]LogD3D11RHI: D3D11 adapters:
[2017.08.21-13.23.57:671][  0]LogD3D11RHI:    0. 'NVIDIA GeForce GTX 1060' (Feature Level 11_0)
[2017.08.21-13.23.57:671][  0]LogD3D11RHI:       6084/0/8128 MB DedicatedVideo/DedicatedSystem/SharedSystem, Outputs:2, VendorId:0x10de
[2017.08.21-13.23.58:201][  0]LogD3D11RHI:    1. 'Intel(R) HD Graphics 630' (Feature Level 11_0)
[2017.08.21-13.23.58:202][  0]LogD3D11RHI:       128/0/8128 MB DedicatedVideo/DedicatedSystem/SharedSystem, Outputs:0, VendorId:0x8086
[2017.08.21-13.23.58:206][  0]LogD3D11RHI:    2. 'Microsoft Basic Render Driver' (Feature Level 11_0)
[2017.08.21-13.23.58:206][  0]LogD3D11RHI:       0/0/8128 MB DedicatedVideo/DedicatedSystem/SharedSystem, Outputs:0, VendorId:0x1414
[2017.08.21-13.23.58:206][  0]LogD3D11RHI: Chosen D3D11 Adapter: 0
[2017.08.21-13.23.58:225][  0]LogD3D11RHI: Creating new Direct3DDevice
[2017.08.21-13.23.58:225][  0]LogD3D11RHI:     GPU DeviceId: 0x1c60 (for the marketing name, search the web for "GPU Device Id")
[2017.08.21-13.23.58:225][  0]LogWindows: EnumDisplayDevices:
[2017.08.21-13.23.58:226][  0]LogWindows:    0. 'NVIDIA GeForce GTX 1060' (P:0 D:1)
[2017.08.21-13.23.58:226][  0]LogWindows:    1. 'NVIDIA GeForce GTX 1060' (P:1 D:1)
[2017.08.21-13.23.58:226][  0]LogWindows:    2. 'NVIDIA GeForce GTX 1060' (P:0 D:0)
[2017.08.21-13.23.58:227][  0]LogWindows:    3. 'NVIDIA GeForce GTX 1060' (P:0 D:0)
[2017.08.21-13.23.58:227][  0]LogWindows:    4. 'Intel(R) HD Graphics 630' (P:0 D:0)
[2017.08.21-13.23.58:228][  0]LogWindows:    5. 'Intel(R) HD Graphics 630' (P:0 D:0)
[2017.08.21-13.23.58:229][  0]LogWindows:    6. 'Intel(R) HD Graphics 630' (P:0 D:0)
[2017.08.21-13.23.58:229][  0]LogWindows: DebugString: PrimaryIsNotTheChoosenAdapter PrimaryIsNotTheChoosenAdapter PrimaryIsNotTheChoosenAdapter FoundDriverCount:4 
[2017.08.21-13.23.58:229][  0]LogD3D11RHI:     Adapter Name: NVIDIA GeForce GTX 1060
[2017.08.21-13.23.58:229][  0]LogD3D11RHI:   Driver Version: 382.53 (internal:22.21.13.8253, unified:382.53)
[2017.08.21-13.23.58:229][  0]LogD3D11RHI:      Driver Date: 6-7-2017
[2017.08.21-13.23.58:229][  0]LogRHI: Texture pool is 1361 MB (70% of 1945 MB)
[2017.08.21-13.23.58:850][  0]LogD3D11RHI: Async texture creation enabled
[2017.08.21-13.23.58:889][  0]LogD3D11RHI: GPU Timing Frequency: 1000.000000 (Debug: 2 1)
[2017.08.21-13.23.58:985][  0]LogShaderCompilers: Guid format shader working directory is 1 characters bigger than the processId version (../../../../../../Unreal/FOTWO/source/FOTWO02/Intermediate/Shaders/WorkingDirectory/1176/).
[2017.08.21-13.23.58:986][  0]LogShaderCompilers: Cleaned the shader compiler working directory 'C:/Users/vonkl/AppData/Local/Temp/UnrealShaderWorkingDir/C7A49CD34147CED92162F692E37473EA/'.
[2017.08.21-13.23.58:986][  0]LogShaderCompilers:Display: Using Local Shader Compiler.
[2017.08.21-13.24.00:060][  0]LogTemp:Display: Loaded TP AllDesktopTargetPlatform
[2017.08.21-13.24.00:141][  0]LogTemp:Display: Loaded TP MacClientTargetPlatform
[2017.08.21-13.24.00:205][  0]LogTemp:Display: Loaded TP MacNoEditorTargetPlatform
[2017.08.21-13.24.00:251][  0]LogTemp:Display: Loaded TP MacServerTargetPlatform
[2017.08.21-13.24.00:347][  0]LogTemp:Display: Loaded TP MacTargetPlatform
[2017.08.21-13.24.00:474][  0]LogTemp:Display: Loaded TP WindowsClientTargetPlatform
[2017.08.21-13.24.00:520][  0]LogTemp:Display: Loaded TP WindowsNoEditorTargetPlatform
[2017.08.21-13.24.00:566][  0]LogTemp:Display: Loaded TP WindowsServerTargetPlatform
[2017.08.21-13.24.00:625][  0]LogTemp:Display: Loaded TP WindowsTargetPlatform
[2017.08.21-13.24.00:676][  0]LogTemp:Display: Loaded TP AndroidTargetPlatform
[2017.08.21-13.24.00:733][  0]LogTemp:Display: Loaded TP Android_ASTCTargetPlatform
[2017.08.21-13.24.00:780][  0]LogTemp:Display: Loaded TP Android_ATCTargetPlatform
[2017.08.21-13.24.00:825][  0]LogTemp:Display: Loaded TP Android_DXTTargetPlatform
[2017.08.21-13.24.00:872][  0]LogTemp:Display: Loaded TP Android_ETC1TargetPlatform
[2017.08.21-13.24.00:917][  0]LogTemp:Display: Loaded TP Android_ETC2TargetPlatform
[2017.08.21-13.24.01:045][  0]LogTemp:Display: Loaded TP Android_MultiTargetPlatform
[2017.08.21-13.24.01:045][  0]LogTemp:Display: Loaded TP Android_PVRTCTargetPlatform
[2017.08.21-13.24.01:092][  0]LogTemp:Display: Loaded TP HTML5TargetPlatform
[2017.08.21-13.24.01:179][  0]LogTemp:Display: Loaded TP IOSTargetPlatform
[2017.08.21-13.24.01:224][  0]LogTemp:Display: Loaded TP TVOSTargetPlatform
[2017.08.21-13.24.01:269][  0]LogTemp:Display: Loaded TP LinuxClientTargetPlatform
[2017.08.21-13.24.01:314][  0]LogTemp:Display: Loaded TP LinuxNoEditorTargetPlatform
[2017.08.21-13.24.01:360][  0]LogTemp:Display: Loaded TP LinuxServerTargetPlatform
[2017.08.21-13.24.01:404][  0]LogTemp:Display: Loaded TP LinuxTargetPlatform
[2017.08.21-13.24.01:404][  0]LogTargetPlatformManager:Display: Building Assets For Windows
[2017.08.21-13.24.01:952][  0]LogDerivedDataCache:Display: Max Cache Size: 512 MB
[2017.08.21-13.24.02:035][  0]LogDerivedDataCache: Loaded boot cache 0.08s 90MB C:/Users/vonkl/AppData/Local/UnrealEngine/4.16/DerivedDataCache/Boot.ddc.
[2017.08.21-13.24.02:035][  0]LogDerivedDataCache:Display: Loaded Boot cache: C:/Users/vonkl/AppData/Local/UnrealEngine/4.16/DerivedDataCache/Boot.ddc
[2017.08.21-13.24.02:035][  0]LogDerivedDataCache: FDerivedDataBackendGraph:  Pak pak cache file ../../../../../../Unreal/FOTWO/source/FOTWO02/DerivedDataCache/DDC.ddp not found, will not use a pak cache.
[2017.08.21-13.24.02:035][  0]LogDerivedDataCache: Unable to find inner node Pak for hierarchical cache Hierarchy.
[2017.08.21-13.24.02:036][  0]LogDerivedDataCache: FDerivedDataBackendGraph:  CompressedPak pak cache file ../../../../../../Unreal/FOTWO/source/FOTWO02/DerivedDataCache/Compressed.ddp not found, will not use a pak cache.
[2017.08.21-13.24.02:036][  0]LogDerivedDataCache: Unable to find inner node CompressedPak for hierarchical cache Hierarchy.
[2017.08.21-13.24.02:051][  0]LogDerivedDataCache:Display: Pak cache opened for reading ../../../Engine/DerivedDataCache/Compressed.ddp.
[2017.08.21-13.24.02:063][  0]LogDerivedDataCache: Using Local data cache path C:/Users/vonkl/AppData/Local/UnrealEngine/Common/DerivedDataCache: Writable
[2017.08.21-13.24.02:074][  0]LogMaterial: Verifying Global Shaders for PCD3D_SM5
[2017.08.21-13.24.02:074][  0]LogSlate: Using Freetype 2.6.0
[2017.08.21-13.24.02:074][  0]LogSlate: SlateFontCache - WITH_FREETYPE: 1, WITH_HARFBUZZ: 1
[2017.08.21-13.24.02:074][  0]LogSlate: SlateFontCache - WITH_FREETYPE: 1, WITH_HARFBUZZ: 1
[2017.08.21-13.24.02:363][  0]LogInit: Selected Device Profile: [Windows]
[2017.08.21-13.24.02:424][  0]LogContentStreaming: Texture pool size is 0.00 MB
[2017.08.21-13.24.02:575][  0]LogMeshUtilities: Using QuadricMeshReduction for automatic static mesh reduction
[2017.08.21-13.24.02:615][  0]LogSimplygon: Simplygon DLL not present - disabling.
[2017.08.21-13.24.02:660][  0]LogMeshUtilities: Using SimplygonSwarm for distributed automatic mesh merging
[2017.08.21-13.24.02:660][  0]LogMeshUtilities: No automatic skeletal mesh reduction module available
[2017.08.21-13.24.02:660][  0]LogMeshUtilities: No automatic mesh merging module available
[2017.08.21-13.24.03:213][  0]LogNetVersion: FOTWO02 , NetCL: 3452394, EngineNetVer: 2, GameNetVer: 0 (Checksum: 2990255715)
[2017.08.21-13.24.03:272][  0]LogAssetRegistry: FAssetRegistry took 0.0250 seconds to start up
[2017.08.21-13.24.03:340][  0]LogPackageLocalizationCache: Processed 4 localized package path(s) for 2 prioritized culture(s) in 0.037304 seconds
[2017.08.21-13.24.03:345][  0]LogUObjectArray: 34194 objects as part of root set at end of initial load.
[2017.08.21-13.24.03:345][  0]LogUObjectAllocator: 7260416 out of 0 bytes used by permanent object pool.
[2017.08.21-13.24.03:345][  0]LogUObjectArray: CloseDisregardForGC: 0/0 objects in disregard for GC pool
[2017.08.21-13.24.03:420][  0]LogInit: WinSock: version 1.1 (2.2), MaxSocks=32767, MaxUdp=65467
[2017.08.21-13.24.05:851][  0]LogTcpMessaging: Initializing TcpMessaging bridge
[2017.08.21-13.24.05:906][  0]LogUdpMessaging: Initializing bridge on interface 0.0.0.0:0 to multicast group 230.0.0.1:6666.
[2017.08.21-13.24.06:436][  0]LogMaterial: Uniform references updated for custom material expression Custom.
[2017.08.21-13.24.06:862][  0]SourceControl: Info Source control is disabled
[2017.08.21-13.24.06:888][  0]SourceControl: Info Source control is disabled
[2017.08.21-13.24.06:933][  0]SourceControl: Info Source control is disabled
[2017.08.21-13.24.06:977][  0]SourceControl: Info Source control is disabled
[2017.08.21-13.24.07:629][  0]LogAndroidPermission: UAndroidPermissionCallbackProxy::GetInstance
[2017.08.21-13.24.08:248][  0]LogEngine: Initializing Engine...
[2017.08.21-13.24.08:249][  0]LogHMD: Failed to initialize OpenVR with code 110
[2017.08.21-13.24.08:473][  0]LogStats: UGameplayTagsManager::ConstructGameplayTagTree: Construct from data asset -  0.000 s
[2017.08.21-13.24.08:473][  0]LogStats: UGameplayTagsManager::ConstructGameplayTagTree: GameplayTagTreeChangedEvent.Broadcast -  0.000 s
[2017.08.21-13.24.08:590][  0]LogAIModule: Creating AISystem for world Untitled
[2017.08.21-13.24.08:602][  0]LogInit: XAudio2 using 'Headset Earphone (3- Microsoft LifeChat LX-3000)' : 2 channels at 48 kHz using 16 bits per sample (channel mask 0x3)
[2017.08.21-13.24.08:643][  0]LogInit: FAudioDevice initialized.
[2017.08.21-13.24.08:682][  0]LogDerivedDataCache: Saved boot cache 0.04s 90MB C:/Users/vonkl/AppData/Local/UnrealEngine/4.16/DerivedDataCache/Boot.ddc.
[2017.08.21-13.24.08:694][  0]LogInit: Texture streaming: Enabled
[2017.08.21-13.24.08:782][  0]LogEngineSessionManager: EngineSessionManager initialized
[2017.08.21-13.24.08:978][  0]LogInit: Transaction tracking system initialized
[2017.08.21-13.24.09:273][  0]BlueprintLog: New page: Editor Load
[2017.08.21-13.24.10:136][  0]LocalizationService: Info Localization service is disabled
[2017.08.21-13.24.10:918][  0]LogConsoleResponse:Display: 
[2017.08.21-13.24.11:070][  0]LogCook:Display: Max memory allowance for cook 16384mb min free memory 0mb
[2017.08.21-13.24.11:070][  0]LogCook:Display: Mobile HDR setting 1
[2017.08.21-13.24.11:209][  0]LogFileCache: Scanning file cache for directory 'C:/Unreal/FOTWO/source/FOTWO02/Content/' took 0.02s
[2017.08.21-13.24.12:162][  0]SourceControl: Info Source control is disabled
[2017.08.21-13.24.12:162][  0]Cmd: MAP LOAD FILE="../../../../../../Unreal/FOTWO/source/FOTWO02/Content/2DSideScrollerBP/Maps/2DSideScrollerExampleMap.umap" TEMPLATE=0 SHOWPROGRESS=1 FEATURELEVEL=3
[2017.08.21-13.24.12:162][  0]LogEditorServer:Warning: Can't find file '../../../../../../Unreal/FOTWO/source/FOTWO02/Content/2DSideScrollerBP/Maps/2DSideScrollerExampleMap.umap'
[2017.08.21-13.24.12:162][  0]Cmd: MAP CHECKDEP NOCLEARLOG
[2017.08.21-13.24.12:207][  0]MapCheck: Info Map check complete: 0 Error(s), 0 Warning(s), took 44.591ms to complete.
[2017.08.21-13.24.12:207][  0]LogFileHelpers: Loading map '2DSideScrollerExampleMap' took 0.045
[2017.08.21-13.24.12:348][  0]LogWindowsTextInputMethodSystem:Display: IME system now deactivated.
[2017.08.21-13.24.12:505][  0]LogCollectionManager: Loaded 0 collections in 0.001527 seconds
[2017.08.21-13.24.12:609][  0]LogFileCache: Scanning file cache for directory 'C:/Unreal/FOTWO/source/FOTWO02/Saved/Collections/' took 0.01s
[2017.08.21-13.24.12:609][  0]LogFileCache: Scanning file cache for directory 'C:/Unreal/FOTWO/source/FOTWO02/Content/Developers/vonkl/Collections/' took 0.02s
[2017.08.21-13.24.12:609][  0]LogFileCache: Scanning file cache for directory 'C:/Unreal/FOTWO/source/FOTWO02/Content/Collections/' took 0.01s
[2017.08.21-13.24.12:609][  0]LogCollectionManager: Rebuilt the GUID cache for 0 collections in 0.000001 seconds
[2017.08.21-13.24.12:616][  0]LogContentBrowser: Native class hierarchy populated in 0.0075 seconds. Added 2329 classes and 491 folders.
[2017.08.21-13.24.12:676][  0]LogContentBrowser: Native class hierarchy updated for 'WidgetCarousel' in 0.0005 seconds. Added 0 classes and 0 folders.
[2017.08.21-13.24.12:711][  0]LogContentBrowser: Native class hierarchy updated for 'AddContentDialog' in 0.0005 seconds. Added 0 classes and 0 folders.
[2017.08.21-13.24.12:781][  0]LogContentBrowser: Native class hierarchy updated for 'SceneOutliner' in 0.0005 seconds. Added 1 classes and 2 folders.
[2017.08.21-13.24.12:847][  0]LogCrashTracker: Crashtracker disabled due to settings.
[2017.08.21-13.24.12:851][  0]LogSlate: Took 0.000212 seconds to synchronously load lazily loaded font '../../../Engine/Content/Slate/Fonts/Roboto-Regular.ttf' (155K)
[2017.08.21-13.24.12:853][  0]LogSlate: Took 0.000215 seconds to synchronously load lazily loaded font '../../../Engine/Content/Slate/Fonts/Roboto-Bold.ttf' (160K)
[2017.08.21-13.24.12:859][  0]LogSlate: Took 0.000193 seconds to synchronously load lazily loaded font '../../../Engine/Content/Editor/Slate/Fonts/FontAwesome.ttf' (139K)
[2017.08.21-13.24.13:001][  0]LogRenderer: Reallocating scene render targets to support 1648x932 NumSamples 1 (Frame:1).
[2017.08.21-13.24.13:137][  0]LogUObjectGlobals:Warning: Failed to find object 'Class None.'
[2017.08.21-13.24.13:300][  0]LogContentBrowser: Native class hierarchy updated for 'HierarchicalLODOutliner' in 0.0011 seconds. Added 1 classes and 2 folders.
[2017.08.21-13.24.13:301][  0]LogLoad: (Engine Initialization) Total time: 18.93 seconds
[2017.08.21-13.24.13:301][  0]LogLoad: (Engine Initialization) Total Blueprint compile time: 0.04 seconds
[2017.08.21-13.24.13:301][  0]LogExternalProfiler: Found external profiler: VSPerf
[2017.08.21-13.24.13:301][  0]LogExternalProfiler: Using external profiler: VSPerf
[2017.08.21-13.24.13:324][  0]LogOcInput: OculusInput pre-init called
[2017.08.21-13.24.13:324][  0]LogHMD: Starting GearVRController plugin
[2017.08.21-13.24.13:342][  0]LogContentStreaming: Texture pool size now 1000 MB
[2017.08.21-13.24.13:430][  2]LogAssetRegistry: Asset discovery search completed in 10.1789 seconds
[2017.08.21-13.24.13:431][  2]LogCollectionManager: Rebuilt the object cache for 0 collections in 0.000000 seconds (found 0 objects)
[2017.08.21-13.24.13:431][  2]LogCollectionManager: Fixed up redirectors for 0 collections in 0.000059 seconds (updated 0 objects)
[2017.08.21-13.45.18:085][556]LogSlate: Took 0.000370 seconds to synchronously load lazily loaded font '../../../Engine/Content/Slate/Fonts/Roboto-Light.ttf' (159K)
[2017.08.21-13.45.19:305][556]LogSlate: Took 0.000280 seconds to synchronously load lazily loaded font '../../../Engine/Content/Slate/Fonts/Roboto-Regular.ttf' (155K)
[2017.08.21-13.45.19:486][556]LogAIModule: Creating AISystem for world FOTWO01
[2017.08.21-13.45.19:551][556]Cmd: MAP LOAD FILE="../../../../../../Unreal/FOTWO/source/FOTWO02/Content/2DSideScrollerBP/Maps/FOTWO01.umap" TEMPLATE=0 SHOWPROGRESS=1 FEATURELEVEL=3
[2017.08.21-13.45.19:551][556]LightingResults: New page: Lighting Build
[2017.08.21-13.45.19:589][556]LogContentBrowser: Native class hierarchy updated for 'StatsViewer' in 0.0005 seconds. Added 5 classes and 0 folders.
[2017.08.21-13.45.19:589][556]LoadErrors: New page: Loading map: FOTWO01.umap
[2017.08.21-13.45.19:590][556]MapCheck: New page: Map Check
[2017.08.21-13.45.19:590][556]LightingResults: New page: Lighting Build
[2017.08.21-13.45.19:659][556]LogEditorServer: Finished looking for orphan Actors (0.000 secs)
[2017.08.21-13.45.19:696][556]Cmd: MAP CHECKDEP NOCLEARLOG
[2017.08.21-13.45.19:742][556]MapCheck: Info Map check complete: 0 Error(s), 0 Warning(s), took 45.871ms to complete.
[2017.08.21-13.45.19:742][556]LogFileHelpers: Loading map 'FOTWO01' took 0.193
[2017.08.21-13.45.26:935][948]LogContentBrowser: Native class hierarchy updated for 'BlueprintGraph' in 0.0008 seconds. Added 112 classes and 0 folders.
[2017.08.21-13.45.27:681][948]LogSlate: Took 0.000113 seconds to synchronously load lazily loaded font '../../../Engine/Content/Slate/Fonts/Roboto-Light.ttf' (159K)
[2017.08.21-13.45.27:682][948]LogSlate: Took 0.000143 seconds to synchronously load lazily loaded font '../../../Engine/Content/Editor/Slate/Fonts/Roboto-BoldCondensed.ttf' (158K)
[2017.08.21-13.48.22:075][146]LogSlate: Took 0.005265 seconds to synchronously load lazily loaded font '../../../Engine/Content/Slate/Fonts/DroidSansFallback.ttf' (3848K)
[2017.08.21-13.48.31:034][580]BlueprintLog: New page: Compile MainHUD
[2017.08.21-13.48.32:047][580]LogSavePackage: Save=692.92ms
[2017.08.21-13.48.32:047][580]LogSavePackage: Moving '../../../../../../Unreal/FOTWO/source/FOTWO02/Saved/MainHUD7EFB41964CC761D6FC0747836BDAD7E6.tmp' to '../../../../../../Unreal/FOTWO/source/FOTWO02/Content/2DSideScrollerBP/Blueprints/User_Interface/MainHUD.uasset'
[2017.08.21-13.48.32:050][580]LogSavePackage:Display: Finished SavePackage ../../../../../../Unreal/FOTWO/source/FOTWO02/Content/2DSideScrollerBP/Blueprints/User_Interface/MainHUD.uasset
[2017.08.21-13.48.32:054][580]BlueprintEditorCompileResults: Info Fast Template Successfully Created.
[2017.08.21-13.48.33:308][607]LogSavePackage: Save=652.84ms
[2017.08.21-13.48.33:308][607]LogSavePackage: Moving '../../../../../../Unreal/FOTWO/source/FOTWO02/Saved/MainHUD150B330045DD561D19BB38A1AD22AC18.tmp' to '../../../../../../Unreal/FOTWO/source/FOTWO02/Content/2DSideScrollerBP/Blueprints/User_Interface/MainHUD.uasset'
[2017.08.21-13.48.33:309][607]LogSavePackage:Display: Finished SavePackage ../../../../../../Unreal/FOTWO/source/FOTWO02/Content/2DSideScrollerBP/Blueprints/User_Interface/MainHUD.uasset
[2017.08.21-13.48.35:267][718]LogTemp: Repeting last play command: Selected Viewport
[2017.08.21-13.48.35:313][718]LogBlueprintUserMessages: Early PlayInEditor Detection: Level '/Game/2DSideScrollerBP/Maps/FOTWO01.FOTWO01:PersistentLevel' has LevelScriptBlueprint '/Game/2DSideScrollerBP/Maps/FOTWO01.FOTWO01:PersistentLevel.FOTWO01' with GeneratedClass '/Game/2DSideScrollerBP/Maps/FOTWO01.FOTWO01_C' with ClassGeneratedBy '/Game/2DSideScrollerBP/Maps/FOTWO01.FOTWO01:PersistentLevel.FOTWO01'
[2017.08.21-13.48.35:313][718]LogPlayLevel: PlayLevel: No blueprints needed recompiling
[2017.08.21-13.48.35:313][718]PIE: New page: PIE session: FOTWO01 (21 Aug 2017 17:48:35)
[2017.08.21-13.48.35:313][718]LogPlayLevel: Creating play world package: /Game/2DSideScrollerBP/Maps/UEDPIE_0_FOTWO01
[2017.08.21-13.48.35:315][718]LogPlayLevel: PIE: StaticDuplicateObject took: (0.001464s)
[2017.08.21-13.48.35:315][718]LogAIModule: Creating AISystem for world FOTWO01
[2017.08.21-13.48.35:315][718]LogPlayLevel: PIE: World Init took: (0.000547s)
[2017.08.21-13.48.35:316][718]LogPlayLevel: PIE: Created PIE world by copying editor world from /Game/2DSideScrollerBP/Maps/FOTWO01.FOTWO01 to /Game/2DSideScrollerBP/Maps/UEDPIE_0_FOTWO01.FOTWO01 (0.002212s)
[2017.08.21-13.48.35:334][718]LogInit: XAudio2 using 'Headset Earphone (3- Microsoft LifeChat LX-3000)' : 2 channels at 48 kHz using 16 bits per sample (channel mask 0x3)
[2017.08.21-13.48.35:342][718]LogInit: FAudioDevice initialized.
[2017.08.21-13.48.35:382][718]LogLoad: Game class is 'FOTWOGameMode_C'
[2017.08.21-13.48.35:384][718]LogWorld: Bringing World /Game/2DSideScrollerBP/Maps/UEDPIE_0_FOTWO01.FOTWO01 up for play (max tick rate 60) at 2017.08.21-15.48.35
[2017.08.21-13.48.35:384][718]LogWorld: Bringing up level for play took: 0.000953
[2017.08.21-13.48.35:422][718]LogContentBrowser: Native class hierarchy updated for 'MovieSceneCapture' in 0.0006 seconds. Added 11 classes and 0 folders.
[2017.08.21-13.48.35:434][718]PIE: Info Play in editor start time for /Game/2DSideScrollerBP/Maps/UEDPIE_0_FOTWO01 -0.442
[2017.08.21-13.48.35:434][718]LogBlueprintUserMessages: Late PlayInEditor Detection: Level '/Game/2DSideScrollerBP/Maps/FOTWO01.FOTWO01:PersistentLevel' has LevelScriptBlueprint '/Game/2DSideScrollerBP/Maps/FOTWO01.FOTWO01:PersistentLevel.FOTWO01' with GeneratedClass '/Game/2DSideScrollerBP/Maps/FOTWO01.FOTWO01_C' with ClassGeneratedBy '/Game/2DSideScrollerBP/Maps/FOTWO01.FOTWO01:PersistentLevel.FOTWO01'
[2017.08.21-13.49.09:811][778]LogBlueprintUserMessages: Early EndPlayMap Detection: Level '/Game/2DSideScrollerBP/Maps/FOTWO01.FOTWO01:PersistentLevel' has LevelScriptBlueprint '/Game/2DSideScrollerBP/Maps/FOTWO01.FOTWO01:PersistentLevel.FOTWO01' with GeneratedClass '/Game/2DSideScrollerBP/Maps/FOTWO01.FOTWO01_C' with ClassGeneratedBy '/Game/2DSideScrollerBP/Maps/FOTWO01.FOTWO01:PersistentLevel.FOTWO01'
[2017.08.21-13.49.09:851][778]LogBlueprintUserMessages: Late EndPlayMap Detection: Level '/Game/2DSideScrollerBP/Maps/FOTWO01.FOTWO01:PersistentLevel' has LevelScriptBlueprint '/Game/2DSideScrollerBP/Maps/FOTWO01.FOTWO01:PersistentLevel.FOTWO01' with GeneratedClass '/Game/2DSideScrollerBP/Maps/FOTWO01.FOTWO01_C' with ClassGeneratedBy '/Game/2DSideScrollerBP/Maps/FOTWO01.FOTWO01:PersistentLevel.FOTWO01'
[2017.08.21-13.49.56:578][112]BlueprintLog: New page: Compile MainHUD
[2017.08.21-13.49.57:624][112]LogSavePackage: Save=739.26ms
[2017.08.21-13.49.57:625][112]LogSavePackage: Moving '../../../../../../Unreal/FOTWO/source/FOTWO02/Saved/MainHUDE8A3F0B5480602857FB5EEBF30BE5826.tmp' to '../../../../../../Unreal/FOTWO/source/FOTWO02/Content/2DSideScrollerBP/Blueprints/User_Interface/MainHUD.uasset'
[2017.08.21-13.49.57:627][112]LogSavePackage:Display: Finished SavePackage ../../../../../../Unreal/FOTWO/source/FOTWO02/Content/2DSideScrollerBP/Blueprints/User_Interface/MainHUD.uasset
[2017.08.21-13.49.57:631][112]BlueprintEditorCompileResults: Info Fast Template Successfully Created.
[2017.08.21-13.49.59:965][243]LogTemp: Repeting last play command: Selected Viewport
[2017.08.21-13.49.59:983][243]LogBlueprintUserMessages: Early PlayInEditor Detection: Level '/Game/2DSideScrollerBP/Maps/FOTWO01.FOTWO01:PersistentLevel' has LevelScriptBlueprint '/Game/2DSideScrollerBP/Maps/FOTWO01.FOTWO01:PersistentLevel.FOTWO01' with GeneratedClass '/Game/2DSideScrollerBP/Maps/FOTWO01.FOTWO01_C' with ClassGeneratedBy '/Game/2DSideScrollerBP/Maps/FOTWO01.FOTWO01:PersistentLevel.FOTWO01'
[2017.08.21-13.49.59:983][243]LogPlayLevel: PlayLevel: No blueprints needed recompiling
[2017.08.21-13.49.59:983][243]PIE: New page: PIE session: FOTWO01 (21 Aug 2017 17:49:59)
[2017.08.21-13.49.59:983][243]LogPlayLevel: Creating play world package: /Game/2DSideScrollerBP/Maps/UEDPIE_0_FOTWO01
[2017.08.21-13.49.59:985][243]LogPlayLevel: PIE: StaticDuplicateObject took: (0.001248s)
[2017.08.21-13.49.59:985][243]LogAIModule: Creating AISystem for world FOTWO01
[2017.08.21-13.49.59:985][243]LogPlayLevel: PIE: World Init took: (0.000538s)
[2017.08.21-13.49.59:985][243]LogPlayLevel: PIE: Created PIE world by copying editor world from /Game/2DSideScrollerBP/Maps/FOTWO01.FOTWO01 to /Game/2DSideScrollerBP/Maps/UEDPIE_0_FOTWO01.FOTWO01 (0.001935s)
[2017.08.21-13.50.00:010][243]LogInit: XAudio2 using 'Headset Earphone (3- Microsoft LifeChat LX-3000)' : 2 channels at 48 kHz using 16 bits per sample (channel mask 0x3)
[2017.08.21-13.50.00:015][243]LogInit: FAudioDevice initialized.
[2017.08.21-13.50.00:047][243]LogLoad: Game class is 'FOTWOGameMode_C'
[2017.08.21-13.50.00:050][243]LogWorld: Bringing World /Game/2DSideScrollerBP/Maps/UEDPIE_0_FOTWO01.FOTWO01 up for play (max tick rate 60) at 2017.08.21-15.50.00
[2017.08.21-13.50.00:051][243]LogWorld: Bringing up level for play took: 0.001630
[2017.08.21-13.50.00:073][243]PIE: Info Play in editor start time for /Game/2DSideScrollerBP/Maps/UEDPIE_0_FOTWO01 0.197
[2017.08.21-13.50.00:073][243]LogBlueprintUserMessages: Late PlayInEditor Detection: Level '/Game/2DSideScrollerBP/Maps/FOTWO01.FOTWO01:PersistentLevel' has LevelScriptBlueprint '/Game/2DSideScrollerBP/Maps/FOTWO01.FOTWO01:PersistentLevel.FOTWO01' with GeneratedClass '/Game/2DSideScrollerBP/Maps/FOTWO01.FOTWO01_C' with ClassGeneratedBy '/Game/2DSideScrollerBP/Maps/FOTWO01.FOTWO01:PersistentLevel.FOTWO01'
[2017.08.21-13.51.10:897][491]LogBlueprintUserMessages: Early EndPlayMap Detection: Level '/Game/2DSideScrollerBP/Maps/FOTWO01.FOTWO01:PersistentLevel' has LevelScriptBlueprint '/Game/2DSideScrollerBP/Maps/FOTWO01.FOTWO01:PersistentLevel.FOTWO01' with GeneratedClass '/Game/2DSideScrollerBP/Maps/FOTWO01.FOTWO01_C' with ClassGeneratedBy '/Game/2DSideScrollerBP/Maps/FOTWO01.FOTWO01:PersistentLevel.FOTWO01'
[2017.08.21-13.51.10:934][491]LogBlueprintUserMessages: Late EndPlayMap Detection: Level '/Game/2DSideScrollerBP/Maps/FOTWO01.FOTWO01:PersistentLevel' has LevelScriptBlueprint '/Game/2DSideScrollerBP/Maps/FOTWO01.FOTWO01:PersistentLevel.FOTWO01' with GeneratedClass '/Game/2DSideScrollerBP/Maps/FOTWO01.FOTWO01_C' with ClassGeneratedBy '/Game/2DSideScrollerBP/Maps/FOTWO01.FOTWO01:PersistentLevel.FOTWO01'
[2017.08.21-13.51.55:187][122]LogCameraAnim:Display: Matinee preview default pawn class is missing.
[2017.08.21-13.51.55:253][122]LogContentBrowser: Native class hierarchy updated for 'Matinee' in 0.0006 seconds. Added 15 classes and 2 folders.
[2017.08.21-13.51.55:264][122]LogInit: Transaction tracking system initialized
[2017.08.21-13.51.55:264][122]EditorErrors: New page: Matinee Initialization
[2017.08.21-13.54.12:365][ 27]LogSavePackage: Save=6.00ms
[2017.08.21-13.54.12:365][ 27]LogSavePackage: Moving '../../../../../../Unreal/FOTWO/source/FOTWO02/Saved/EventsCameraAnim46EA20434A25FF24392661965F5112AE.tmp' to '../../../../../../Unreal/FOTWO/source/FOTWO02/Content/2DSideScrollerBP/Blueprints/Simulation/EventsCameraAnim.uasset'
[2017.08.21-13.54.12:365][ 27]LogSavePackage:Display: Finished SavePackage ../../../../../../Unreal/FOTWO/source/FOTWO02/Content/2DSideScrollerBP/Blueprints/Simulation/EventsCameraAnim.uasset
[2017.08.21-13.58.06:783][756]LogSlate: Took 0.000200 seconds to synchronously load lazily loaded font '../../../Engine/Content/Editor/Slate/Fonts/Roboto-Italic.ttf' (157K)
[2017.08.21-13.58.25:860][878]LogExit: Transaction tracking system shut down
[2017.08.21-13.58.31:053][ 27]LogSavePackage: Save=106.46ms
[2017.08.21-13.58.31:053][ 27]LogSavePackage: Moving '../../../../../../Unreal/FOTWO/source/FOTWO02/Saved/FOTWO01_Auto14029460C4CF8D1A66DAACD9E2709EB01.tmp' to '../../../../../../Unreal/FOTWO/source/FOTWO02/Saved/Autosaves/Game/2DSideScrollerBP/Maps/FOTWO01_Auto1.umap'
[2017.08.21-13.58.31:054][ 27]LogSavePackage:Display: Finished SavePackage ../../../../../../Unreal/FOTWO/source/FOTWO02/Saved/Autosaves/Game/2DSideScrollerBP/Maps/FOTWO01_Auto1.umap
[2017.08.21-13.58.31:056][ 27]LogFileHelpers: Editor autosave (incl. sublevels) for '/Game/2DSideScrollerBP/Maps/FOTWO01' took 0.160
[2017.08.21-13.58.31:056][ 27]LogFileHelpers: Editor autosave (incl. sublevels) for all levels took 0.160
[2017.08.21-13.59.14:094][274]BlueprintLog: New page: Compile MainHUD
[2017.08.21-13.59.15:271][274]LogSavePackage: Save=706.74ms
[2017.08.21-13.59.15:271][274]LogSavePackage: Moving '../../../../../../Unreal/FOTWO/source/FOTWO02/Saved/MainHUD0C7D9EF545FD9DF04D8101951BB8346F.tmp' to '../../../../../../Unreal/FOTWO/source/FOTWO02/Content/2DSideScrollerBP/Blueprints/User_Interface/MainHUD.uasset'
[2017.08.21-13.59.15:274][274]LogSavePackage:Display: Finished SavePackage ../../../../../../Unreal/FOTWO/source/FOTWO02/Content/2DSideScrollerBP/Blueprints/User_Interface/MainHUD.uasset
[2017.08.21-13.59.15:278][274]BlueprintEditorCompileResults: Info Fast Template Successfully Created.
[2017.08.21-13.59.16:842][365]LogTemp: Repeting last play command: Selected Viewport
[2017.08.21-13.59.16:871][365]LogBlueprintUserMessages: Early PlayInEditor Detection: Level '/Game/2DSideScrollerBP/Maps/FOTWO01.FOTWO01:PersistentLevel' has LevelScriptBlueprint '/Game/2DSideScrollerBP/Maps/FOTWO01.FOTWO01:PersistentLevel.FOTWO01' with GeneratedClass '/Game/2DSideScrollerBP/Maps/FOTWO01.FOTWO01_C' with ClassGeneratedBy '/Game/2DSideScrollerBP/Maps/FOTWO01.FOTWO01:PersistentLevel.FOTWO01'
[2017.08.21-13.59.16:871][365]LogPlayLevel: PlayLevel: No blueprints needed recompiling
[2017.08.21-13.59.16:871][365]PIE: New page: PIE session: FOTWO01 (21 Aug 2017 17:59:16)
[2017.08.21-13.59.16:871][365]LogPlayLevel: Creating play world package: /Game/2DSideScrollerBP/Maps/UEDPIE_0_FOTWO01
[2017.08.21-13.59.16:872][365]LogPlayLevel: PIE: StaticDuplicateObject took: (0.001470s)
[2017.08.21-13.59.16:873][365]LogAIModule: Creating AISystem for world FOTWO01
[2017.08.21-13.59.16:873][365]LogPlayLevel: PIE: World Init took: (0.000577s)
[2017.08.21-13.59.16:873][365]LogPlayLevel: PIE: Created PIE world by copying editor world from /Game/2DSideScrollerBP/Maps/FOTWO01.FOTWO01 to /Game/2DSideScrollerBP/Maps/UEDPIE_0_FOTWO01.FOTWO01 (0.002221s)
[2017.08.21-13.59.16:894][365]LogInit: XAudio2 using 'Headset Earphone (3- Microsoft LifeChat LX-3000)' : 2 channels at 48 kHz using 16 bits per sample (channel mask 0x3)
[2017.08.21-13.59.16:899][365]LogInit: FAudioDevice initialized.
[2017.08.21-13.59.16:929][365]LogLoad: Game class is 'FOTWOGameMode_C'
[2017.08.21-13.59.16:932][365]LogWorld: Bringing World /Game/2DSideScrollerBP/Maps/UEDPIE_0_FOTWO01.FOTWO01 up for play (max tick rate 60) at 2017.08.21-15.59.16
[2017.08.21-13.59.16:932][365]LogWorld: Bringing up level for play took: 0.001031
[2017.08.21-13.59.16:942][365]PIE: Info Play in editor start time for /Game/2DSideScrollerBP/Maps/UEDPIE_0_FOTWO01 1.067
[2017.08.21-13.59.16:943][365]LogBlueprintUserMessages: Late PlayInEditor Detection: Level '/Game/2DSideScrollerBP/Maps/FOTWO01.FOTWO01:PersistentLevel' has LevelScriptBlueprint '/Game/2DSideScrollerBP/Maps/FOTWO01.FOTWO01:PersistentLevel.FOTWO01' with GeneratedClass '/Game/2DSideScrollerBP/Maps/FOTWO01.FOTWO01_C' with ClassGeneratedBy '/Game/2DSideScrollerBP/Maps/FOTWO01.FOTWO01:PersistentLevel.FOTWO01'
[2017.08.21-13.59.24:298][806]LogBlueprintUserMessages: Early EndPlayMap Detection: Level '/Game/2DSideScrollerBP/Maps/FOTWO01.FOTWO01:PersistentLevel' has LevelScriptBlueprint '/Game/2DSideScrollerBP/Maps/FOTWO01.FOTWO01:PersistentLevel.FOTWO01' with GeneratedClass '/Game/2DSideScrollerBP/Maps/FOTWO01.FOTWO01_C' with ClassGeneratedBy '/Game/2DSideScrollerBP/Maps/FOTWO01.FOTWO01:PersistentLevel.FOTWO01'
[2017.08.21-13.59.24:334][806]LogBlueprintUserMessages: Late EndPlayMap Detection: Level '/Game/2DSideScrollerBP/Maps/FOTWO01.FOTWO01:PersistentLevel' has LevelScriptBlueprint '/Game/2DSideScrollerBP/Maps/FOTWO01.FOTWO01:PersistentLevel.FOTWO01' with GeneratedClass '/Game/2DSideScrollerBP/Maps/FOTWO01.FOTWO01_C' with ClassGeneratedBy '/Game/2DSideScrollerBP/Maps/FOTWO01.FOTWO01:PersistentLevel.FOTWO01'
[2017.08.21-13.59.30:887][190]LogEditorTransaction: Undo Remove Widget
[2017.08.21-14.00.22:266][ 65]BlueprintLog: New page: Compile MainHUD
[2017.08.21-14.00.23:459][ 65]LogSavePackage: Save=728.11ms
[2017.08.21-14.00.23:459][ 65]LogSavePackage: Moving '../../../../../../Unreal/FOTWO/source/FOTWO02/Saved/MainHUD0773F10F4C18B65A1962CF97D63A8836.tmp' to '../../../../../../Unreal/FOTWO/source/FOTWO02/Content/2DSideScrollerBP/Blueprints/User_Interface/MainHUD.uasset'
[2017.08.21-14.00.23:462][ 65]LogSavePackage:Display: Finished SavePackage ../../../../../../Unreal/FOTWO/source/FOTWO02/Content/2DSideScrollerBP/Blueprints/User_Interface/MainHUD.uasset
[2017.08.21-14.00.23:466][ 65]BlueprintEditorCompileResults: Info Fast Template Successfully Created.
[2017.08.21-14.00.28:100][309]LogTemp: Repeting last play command: Selected Viewport
[2017.08.21-14.00.28:121][309]LogBlueprintUserMessages: Early PlayInEditor Detection: Level '/Game/2DSideScrollerBP/Maps/FOTWO01.FOTWO01:PersistentLevel' has LevelScriptBlueprint '/Game/2DSideScrollerBP/Maps/FOTWO01.FOTWO01:PersistentLevel.FOTWO01' with GeneratedClass '/Game/2DSideScrollerBP/Maps/FOTWO01.FOTWO01_C' with ClassGeneratedBy '/Game/2DSideScrollerBP/Maps/FOTWO01.FOTWO01:PersistentLevel.FOTWO01'
[2017.08.21-14.00.28:121][309]LogPlayLevel: PlayLevel: No blueprints needed recompiling
[2017.08.21-14.00.28:121][309]PIE: New page: PIE session: FOTWO01 (21 Aug 2017 18:00:28)
[2017.08.21-14.00.28:121][309]LogPlayLevel: Creating play world package: /Game/2DSideScrollerBP/Maps/UEDPIE_0_FOTWO01
[2017.08.21-14.00.28:123][309]LogPlayLevel: PIE: StaticDuplicateObject took: (0.001535s)
[2017.08.21-14.00.28:124][309]LogAIModule: Creating AISystem for world FOTWO01
[2017.08.21-14.00.28:124][309]LogPlayLevel: PIE: World Init took: (0.001436s)
[2017.08.21-14.00.28:124][309]LogPlayLevel: PIE: Created PIE world by copying editor world from /Game/2DSideScrollerBP/Maps/FOTWO01.FOTWO01 to /Game/2DSideScrollerBP/Maps/UEDPIE_0_FOTWO01.FOTWO01 (0.003203s)
[2017.08.21-14.00.28:149][309]LogInit: XAudio2 using 'Headset Earphone (3- Microsoft LifeChat LX-3000)' : 2 channels at 48 kHz using 16 bits per sample (channel mask 0x3)
[2017.08.21-14.00.28:155][309]LogInit: FAudioDevice initialized.
[2017.08.21-14.00.28:184][309]LogLoad: Game class is 'FOTWOGameMode_C'
[2017.08.21-14.00.28:186][309]LogWorld: Bringing World /Game/2DSideScrollerBP/Maps/UEDPIE_0_FOTWO01.FOTWO01 up for play (max tick rate 60) at 2017.08.21-16.00.28
[2017.08.21-14.00.28:187][309]LogWorld: Bringing up level for play took: 0.000986
[2017.08.21-14.00.28:214][309]PIE: Info Play in editor start time for /Game/2DSideScrollerBP/Maps/UEDPIE_0_FOTWO01 0.339
[2017.08.21-14.00.28:215][309]LogBlueprintUserMessages: Late PlayInEditor Detection: Level '/Game/2DSideScrollerBP/Maps/FOTWO01.FOTWO01:PersistentLevel' has LevelScriptBlueprint '/Game/2DSideScrollerBP/Maps/FOTWO01.FOTWO01:PersistentLevel.FOTWO01' with GeneratedClass '/Game/2DSideScrollerBP/Maps/FOTWO01.FOTWO01_C' with ClassGeneratedBy '/Game/2DSideScrollerBP/Maps/FOTWO01.FOTWO01:PersistentLevel.FOTWO01'
[2017.08.21-14.04.39:468][851]LogSavePackage: Save=106.81ms
[2017.08.21-14.04.39:468][851]LogSavePackage: Moving '../../../../../../Unreal/FOTWO/source/FOTWO02/Saved/FOTWO0115775BA34158B0B09E7205A3541C0220.tmp' to '../../../../../../Unreal/FOTWO/source/FOTWO02/Content/2DSideScrollerBP/Maps/FOTWO01.umap'
[2017.08.21-14.04.39:470][851]LogSavePackage:Display: Finished SavePackage ../../../../../../Unreal/FOTWO/source/FOTWO02/Content/2DSideScrollerBP/Maps/FOTWO01.umap
[2017.08.21-14.04.39:499][851]Cmd: OBJ SAVEPACKAGE PACKAGE="/Game/2DSideScrollerBP/Maps/FOTWO01_BuiltData" FILE="../../../../../../Unreal/FOTWO/source/FOTWO02/Content/2DSideScrollerBP/Maps/FOTWO01_BuiltData.uasset" SILENT=true
[2017.08.21-14.04.39:532][851]LogSavePackage: Save=4.45ms
[2017.08.21-14.04.39:532][851]LogSavePackage: Moving '../../../../../../Unreal/FOTWO/source/FOTWO02/Saved/FOTWO01_BuiltData691FF6384B27057119FB73A57C0F66E9.tmp' to '../../../../../../Unreal/FOTWO/source/FOTWO02/Content/2DSideScrollerBP/Maps/FOTWO01_BuiltData.uasset'
[2017.08.21-14.04.39:533][851]LogSavePackage:Display: Finished SavePackage ../../../../../../Unreal/FOTWO/source/FOTWO02/Content/2DSideScrollerBP/Maps/FOTWO01_BuiltData.uasset
[2017.08.21-14.04.46:688][263]LogRenderer: Reallocating scene render targets to support 1648x948 NumSamples 1 (Frame:3450).
[2017.08.21-14.04.53:026][637]LogRenderer: Reallocating scene render targets to support 1652x948 NumSamples 1 (Frame:3814).
[2017.08.21-14.04.53:083][638]LogRenderer: Reallocating scene render targets to support 1656x948 NumSamples 1 (Frame:3815).
[2017.08.21-14.04.53:147][639]LogRenderer: Reallocating scene render targets to support 1664x948 NumSamples 1 (Frame:3816).
[2017.08.21-14.04.53:253][640]LogRenderer: Reallocating scene render targets to support 1668x948 NumSamples 1 (Frame:3817).
[2017.08.21-14.04.53:430][646]LogRenderer: Reallocating scene render targets to support 1672x948 NumSamples 1 (Frame:3818).
[2017.08.21-14.04.53:516][647]LogRenderer: Reallocating scene render targets to support 1676x948 NumSamples 1 (Frame:3819).
[2017.08.21-14.04.53:740][657]LogRenderer: Reallocating scene render targets to support 1680x948 NumSamples 1 (Frame:3820).
[2017.08.21-14.04.53:831][658]LogRenderer: Reallocating scene render targets to support 1688x948 NumSamples 1 (Frame:3821).
[2017.08.21-14.04.53:890][659]LogRenderer: Reallocating scene render targets to support 1692x948 NumSamples 1 (Frame:3822).
[2017.08.21-14.06.03:657][821]LogBlueprintUserMessages: Early EndPlayMap Detection: Level '/Game/2DSideScrollerBP/Maps/FOTWO01.FOTWO01:PersistentLevel' has LevelScriptBlueprint '/Game/2DSideScrollerBP/Maps/FOTWO01.FOTWO01:PersistentLevel.FOTWO01' with GeneratedClass '/Game/2DSideScrollerBP/Maps/FOTWO01.FOTWO01_C' with ClassGeneratedBy '/Game/2DSideScrollerBP/Maps/FOTWO01.FOTWO01:PersistentLevel.FOTWO01'
[2017.08.21-14.06.03:722][821]LogBlueprintUserMessages: Late EndPlayMap Detection: Level '/Game/2DSideScrollerBP/Maps/FOTWO01.FOTWO01:PersistentLevel' has LevelScriptBlueprint '/Game/2DSideScrollerBP/Maps/FOTWO01.FOTWO01:PersistentLevel.FOTWO01' with GeneratedClass '/Game/2DSideScrollerBP/Maps/FOTWO01.FOTWO01_C' with ClassGeneratedBy '/Game/2DSideScrollerBP/Maps/FOTWO01.FOTWO01:PersistentLevel.FOTWO01'
[2017.08.21-14.07.28:276][922]BlueprintLog: New page: Compile MainHUD
[2017.08.21-14.07.29:487][922]LogSavePackage: Save=767.96ms
[2017.08.21-14.07.29:487][922]LogSavePackage: Moving '../../../../../../Unreal/FOTWO/source/FOTWO02/Saved/MainHUD161F03764CA4A43A165CF3AFD8116DBC.tmp' to '../../../../../../Unreal/FOTWO/source/FOTWO02/Content/2DSideScrollerBP/Blueprints/User_Interface/MainHUD.uasset'
[2017.08.21-14.07.29:490][922]LogSavePackage:Display: Finished SavePackage ../../../../../../Unreal/FOTWO/source/FOTWO02/Content/2DSideScrollerBP/Blueprints/User_Interface/MainHUD.uasset
[2017.08.21-14.07.29:494][922]BlueprintEditorCompileResults: Info Fast Template Successfully Created.
[2017.08.21-14.07.32:396][ 91]LogTemp: Repeting last play command: Selected Viewport
[2017.08.21-14.07.32:417][ 91]LogBlueprintUserMessages: Early PlayInEditor Detection: Level '/Game/2DSideScrollerBP/Maps/FOTWO01.FOTWO01:PersistentLevel' has LevelScriptBlueprint '/Game/2DSideScrollerBP/Maps/FOTWO01.FOTWO01:PersistentLevel.FOTWO01' with GeneratedClass '/Game/2DSideScrollerBP/Maps/FOTWO01.FOTWO01_C' with ClassGeneratedBy '/Game/2DSideScrollerBP/Maps/FOTWO01.FOTWO01:PersistentLevel.FOTWO01'
[2017.08.21-14.07.32:417][ 91]LogPlayLevel: PlayLevel: No blueprints needed recompiling
[2017.08.21-14.07.32:417][ 91]PIE: New page: PIE session: FOTWO01 (21 Aug 2017 18:07:32)
[2017.08.21-14.07.32:417][ 91]LogPlayLevel: Creating play world package: /Game/2DSideScrollerBP/Maps/UEDPIE_0_FOTWO01
[2017.08.21-14.07.32:418][ 91]LogPlayLevel: PIE: StaticDuplicateObject took: (0.001378s)
[2017.08.21-14.07.32:419][ 91]LogAIModule: Creating AISystem for world FOTWO01
[2017.08.21-14.07.32:419][ 91]LogPlayLevel: PIE: World Init took: (0.000563s)
[2017.08.21-14.07.32:419][ 91]LogPlayLevel: PIE: Created PIE world by copying editor world from /Game/2DSideScrollerBP/Maps/FOTWO01.FOTWO01 to /Game/2DSideScrollerBP/Maps/UEDPIE_0_FOTWO01.FOTWO01 (0.002185s)
[2017.08.21-14.07.32:439][ 91]LogInit: XAudio2 using 'Headset Earphone (3- Microsoft LifeChat LX-3000)' : 2 channels at 48 kHz using 16 bits per sample (channel mask 0x3)
[2017.08.21-14.07.32:445][ 91]LogInit: FAudioDevice initialized.
[2017.08.21-14.07.32:475][ 91]LogLoad: Game class is 'FOTWOGameMode_C'
[2017.08.21-14.07.32:478][ 91]LogWorld: Bringing World /Game/2DSideScrollerBP/Maps/UEDPIE_0_FOTWO01.FOTWO01 up for play (max tick rate 60) at 2017.08.21-16.07.32
[2017.08.21-14.07.32:478][ 91]LogWorld: Bringing up level for play took: 0.002033
[2017.08.21-14.07.32:509][ 91]PIE: Info Play in editor start time for /Game/2DSideScrollerBP/Maps/UEDPIE_0_FOTWO01 0.633
[2017.08.21-14.07.32:509][ 91]LogBlueprintUserMessages: Late PlayInEditor Detection: Level '/Game/2DSideScrollerBP/Maps/FOTWO01.FOTWO01:PersistentLevel' has LevelScriptBlueprint '/Game/2DSideScrollerBP/Maps/FOTWO01.FOTWO01:PersistentLevel.FOTWO01' with GeneratedClass '/Game/2DSideScrollerBP/Maps/FOTWO01.FOTWO01_C' with ClassGeneratedBy '/Game/2DSideScrollerBP/Maps/FOTWO01.FOTWO01:PersistentLevel.FOTWO01'
[2017.08.21-14.07.38:065][424]LogBlueprintUserMessages: Early EndPlayMap Detection: Level '/Game/2DSideScrollerBP/Maps/FOTWO01.FOTWO01:PersistentLevel' has LevelScriptBlueprint '/Game/2DSideScrollerBP/Maps/FOTWO01.FOTWO01:PersistentLevel.FOTWO01' with GeneratedClass '/Game/2DSideScrollerBP/Maps/FOTWO01.FOTWO01_C' with ClassGeneratedBy '/Game/2DSideScrollerBP/Maps/FOTWO01.FOTWO01:PersistentLevel.FOTWO01'
[2017.08.21-14.07.38:105][424]LogBlueprintUserMessages: Late EndPlayMap Detection: Level '/Game/2DSideScrollerBP/Maps/FOTWO01.FOTWO01:PersistentLevel' has LevelScriptBlueprint '/Game/2DSideScrollerBP/Maps/FOTWO01.FOTWO01:PersistentLevel.FOTWO01' with GeneratedClass '/Game/2DSideScrollerBP/Maps/FOTWO01.FOTWO01_C' with ClassGeneratedBy '/Game/2DSideScrollerBP/Maps/FOTWO01.FOTWO01:PersistentLevel.FOTWO01'
[2017.08.21-14.08.26:646][994]BlueprintLog: New page: Compile MainHUD
[2017.08.21-14.08.27:698][994]LogSavePackage: Save=703.13ms
[2017.08.21-14.08.27:698][994]LogSavePackage: Moving '../../../../../../Unreal/FOTWO/source/FOTWO02/Saved/MainHUD06F6F5BE42C5F7CFF62B6B8642A9E098.tmp' to '../../../../../../Unreal/FOTWO/source/FOTWO02/Content/2DSideScrollerBP/Blueprints/User_Interface/MainHUD.uasset'
[2017.08.21-14.08.27:701][994]LogSavePackage:Display: Finished SavePackage ../../../../../../Unreal/FOTWO/source/FOTWO02/Content/2DSideScrollerBP/Blueprints/User_Interface/MainHUD.uasset
[2017.08.21-14.08.27:705][994]BlueprintEditorCompileResults: Info Fast Template Successfully Created.
[2017.08.21-14.08.29:715][105]LogTemp: Repeting last play command: Selected Viewport
[2017.08.21-14.08.29:745][105]LogBlueprintUserMessages: Early PlayInEditor Detection: Level '/Game/2DSideScrollerBP/Maps/FOTWO01.FOTWO01:PersistentLevel' has LevelScriptBlueprint '/Game/2DSideScrollerBP/Maps/FOTWO01.FOTWO01:PersistentLevel.FOTWO01' with GeneratedClass '/Game/2DSideScrollerBP/Maps/FOTWO01.FOTWO01_C' with ClassGeneratedBy '/Game/2DSideScrollerBP/Maps/FOTWO01.FOTWO01:PersistentLevel.FOTWO01'
[2017.08.21-14.08.29:745][105]LogPlayLevel: PlayLevel: No blueprints needed recompiling
[2017.08.21-14.08.29:745][105]PIE: New page: PIE session: FOTWO01 (21 Aug 2017 18:08:29)
[2017.08.21-14.08.29:745][105]LogPlayLevel: Creating play world package: /Game/2DSideScrollerBP/Maps/UEDPIE_0_FOTWO01
[2017.08.21-14.08.29:746][105]LogPlayLevel: PIE: StaticDuplicateObject took: (0.001258s)
[2017.08.21-14.08.29:747][105]LogAIModule: Creating AISystem for world FOTWO01
[2017.08.21-14.08.29:747][105]LogPlayLevel: PIE: World Init took: (0.000546s)
[2017.08.21-14.08.29:747][105]LogPlayLevel: PIE: Created PIE world by copying editor world from /Game/2DSideScrollerBP/Maps/FOTWO01.FOTWO01 to /Game/2DSideScrollerBP/Maps/UEDPIE_0_FOTWO01.FOTWO01 (0.001982s)
[2017.08.21-14.08.29:768][105]LogInit: XAudio2 using 'Headset Earphone (3- Microsoft LifeChat LX-3000)' : 2 channels at 48 kHz using 16 bits per sample (channel mask 0x3)
[2017.08.21-14.08.29:773][105]LogInit: FAudioDevice initialized.
[2017.08.21-14.08.29:803][105]LogLoad: Game class is 'FOTWOGameMode_C'
[2017.08.21-14.08.29:805][105]LogWorld: Bringing World /Game/2DSideScrollerBP/Maps/UEDPIE_0_FOTWO01.FOTWO01 up for play (max tick rate 60) at 2017.08.21-16.08.29
[2017.08.21-14.08.29:805][105]LogWorld: Bringing up level for play took: 0.000943
[2017.08.21-14.08.29:833][105]PIE: Info Play in editor start time for /Game/2DSideScrollerBP/Maps/UEDPIE_0_FOTWO01 -0.043
[2017.08.21-14.08.29:833][105]LogBlueprintUserMessages: Late PlayInEditor Detection: Level '/Game/2DSideScrollerBP/Maps/FOTWO01.FOTWO01:PersistentLevel' has LevelScriptBlueprint '/Game/2DSideScrollerBP/Maps/FOTWO01.FOTWO01:PersistentLevel.FOTWO01' with GeneratedClass '/Game/2DSideScrollerBP/Maps/FOTWO01.FOTWO01_C' with ClassGeneratedBy '/Game/2DSideScrollerBP/Maps/FOTWO01.FOTWO01:PersistentLevel.FOTWO01'
[2017.08.21-14.08.32:621][272]LogBlueprintUserMessages: Early EndPlayMap Detection: Level '/Game/2DSideScrollerBP/Maps/FOTWO01.FOTWO01:PersistentLevel' has LevelScriptBlueprint '/Game/2DSideScrollerBP/Maps/FOTWO01.FOTWO01:PersistentLevel.FOTWO01' with GeneratedClass '/Game/2DSideScrollerBP/Maps/FOTWO01.FOTWO01_C' with ClassGeneratedBy '/Game/2DSideScrollerBP/Maps/FOTWO01.FOTWO01:PersistentLevel.FOTWO01'
[2017.08.21-14.08.32:662][272]LogBlueprintUserMessages: Late EndPlayMap Detection: Level '/Game/2DSideScrollerBP/Maps/FOTWO01.FOTWO01:PersistentLevel' has LevelScriptBlueprint '/Game/2DSideScrollerBP/Maps/FOTWO01.FOTWO01:PersistentLevel.FOTWO01' with GeneratedClass '/Game/2DSideScrollerBP/Maps/FOTWO01.FOTWO01_C' with ClassGeneratedBy '/Game/2DSideScrollerBP/Maps/FOTWO01.FOTWO01:PersistentLevel.FOTWO01'
[2017.08.21-14.08.41:738][744]BlueprintLog: New page: Compile MainHUD
[2017.08.21-14.08.42:790][744]LogSavePackage: Save=727.81ms
[2017.08.21-14.08.42:790][744]LogSavePackage: Moving '../../../../../../Unreal/FOTWO/source/FOTWO02/Saved/MainHUDF363DA1542433089CCE2B091CB4C5B84.tmp' to '../../../../../../Unreal/FOTWO/source/FOTWO02/Content/2DSideScrollerBP/Blueprints/User_Interface/MainHUD.uasset'
[2017.08.21-14.08.42:796][744]LogSavePackage:Display: Finished SavePackage ../../../../../../Unreal/FOTWO/source/FOTWO02/Content/2DSideScrollerBP/Blueprints/User_Interface/MainHUD.uasset
[2017.08.21-14.08.42:802][744]BlueprintEditorCompileResults: Info Fast Template Successfully Created.
[2017.08.21-14.08.44:669][847]LogTemp: Repeting last play command: Selected Viewport
[2017.08.21-14.08.44:689][847]LogBlueprintUserMessages: Early PlayInEditor Detection: Level '/Game/2DSideScrollerBP/Maps/FOTWO01.FOTWO01:PersistentLevel' has LevelScriptBlueprint '/Game/2DSideScrollerBP/Maps/FOTWO01.FOTWO01:PersistentLevel.FOTWO01' with GeneratedClass '/Game/2DSideScrollerBP/Maps/FOTWO01.FOTWO01_C' with ClassGeneratedBy '/Game/2DSideScrollerBP/Maps/FOTWO01.FOTWO01:PersistentLevel.FOTWO01'
[2017.08.21-14.08.44:689][847]LogPlayLevel: PlayLevel: No blueprints needed recompiling
[2017.08.21-14.08.44:689][847]PIE: New page: PIE session: FOTWO01 (21 Aug 2017 18:08:44)
[2017.08.21-14.08.44:689][847]LogPlayLevel: Creating play world package: /Game/2DSideScrollerBP/Maps/UEDPIE_0_FOTWO01
[2017.08.21-14.08.44:691][847]LogPlayLevel: PIE: StaticDuplicateObject took: (0.001416s)
[2017.08.21-14.08.44:691][847]LogAIModule: Creating AISystem for world FOTWO01
[2017.08.21-14.08.44:691][847]LogPlayLevel: PIE: World Init took: (0.000452s)
[2017.08.21-14.08.44:691][847]LogPlayLevel: PIE: Created PIE world by copying editor world from /Game/2DSideScrollerBP/Maps/FOTWO01.FOTWO01 to /Game/2DSideScrollerBP/Maps/UEDPIE_0_FOTWO01.FOTWO01 (0.002042s)
[2017.08.21-14.08.44:712][847]LogInit: XAudio2 using 'Headset Earphone (3- Microsoft LifeChat LX-3000)' : 2 channels at 48 kHz using 16 bits per sample (channel mask 0x3)
[2017.08.21-14.08.44:718][847]LogInit: FAudioDevice initialized.
[2017.08.21-14.08.44:753][847]LogLoad: Game class is 'FOTWOGameMode_C'
[2017.08.21-14.08.44:758][847]LogWorld: Bringing World /Game/2DSideScrollerBP/Maps/UEDPIE_0_FOTWO01.FOTWO01 up for play (max tick rate 60) at 2017.08.21-16.08.44
[2017.08.21-14.08.44:759][847]LogWorld: Bringing up level for play took: 0.002089
[2017.08.21-14.08.44:784][847]PIE: Info Play in editor start time for /Game/2DSideScrollerBP/Maps/UEDPIE_0_FOTWO01 0.908
[2017.08.21-14.08.44:785][847]LogBlueprintUserMessages: Late PlayInEditor Detection: Level '/Game/2DSideScrollerBP/Maps/FOTWO01.FOTWO01:PersistentLevel' has LevelScriptBlueprint '/Game/2DSideScrollerBP/Maps/FOTWO01.FOTWO01:PersistentLevel.FOTWO01' with GeneratedClass '/Game/2DSideScrollerBP/Maps/FOTWO01.FOTWO01_C' with ClassGeneratedBy '/Game/2DSideScrollerBP/Maps/FOTWO01.FOTWO01:PersistentLevel.FOTWO01'
[2017.08.21-14.08.47:531][ 11]LogBlueprintUserMessages: Early EndPlayMap Detection: Level '/Game/2DSideScrollerBP/Maps/FOTWO01.FOTWO01:PersistentLevel' has LevelScriptBlueprint '/Game/2DSideScrollerBP/Maps/FOTWO01.FOTWO01:PersistentLevel.FOTWO01' with GeneratedClass '/Game/2DSideScrollerBP/Maps/FOTWO01.FOTWO01_C' with ClassGeneratedBy '/Game/2DSideScrollerBP/Maps/FOTWO01.FOTWO01:PersistentLevel.FOTWO01'
[2017.08.21-14.08.47:572][ 11]LogBlueprintUserMessages: Late EndPlayMap Detection: Level '/Game/2DSideScrollerBP/Maps/FOTWO01.FOTWO01:PersistentLevel' has LevelScriptBlueprint '/Game/2DSideScrollerBP/Maps/FOTWO01.FOTWO01:PersistentLevel.FOTWO01' with GeneratedClass '/Game/2DSideScrollerBP/Maps/FOTWO01.FOTWO01_C' with ClassGeneratedBy '/Game/2DSideScrollerBP/Maps/FOTWO01.FOTWO01:PersistentLevel.FOTWO01'
[2017.08.21-14.08.57:622][529]BlueprintLog: New page: Compile MainHUD
[2017.08.21-14.08.58:652][529]LogSavePackage: Save=700.49ms
[2017.08.21-14.08.58:652][529]LogSavePackage: Moving '../../../../../../Unreal/FOTWO/source/FOTWO02/Saved/MainHUD5C6F5A7144231FFE5A1E068F084C3B39.tmp' to '../../../../../../Unreal/FOTWO/source/FOTWO02/Content/2DSideScrollerBP/Blueprints/User_Interface/MainHUD.uasset'
[2017.08.21-14.08.58:654][529]LogSavePackage:Display: Finished SavePackage ../../../../../../Unreal/FOTWO/source/FOTWO02/Content/2DSideScrollerBP/Blueprints/User_Interface/MainHUD.uasset
[2017.08.21-14.08.58:658][529]BlueprintEditorCompileResults: Info Fast Template Successfully Created.
[2017.08.21-14.09.01:391][673]LogTemp: Repeting last play command: Selected Viewport
[2017.08.21-14.09.01:411][673]LogBlueprintUserMessages: Early PlayInEditor Detection: Level '/Game/2DSideScrollerBP/Maps/FOTWO01.FOTWO01:PersistentLevel' has LevelScriptBlueprint '/Game/2DSideScrollerBP/Maps/FOTWO01.FOTWO01:PersistentLevel.FOTWO01' with GeneratedClass '/Game/2DSideScrollerBP/Maps/FOTWO01.FOTWO01_C' with ClassGeneratedBy '/Game/2DSideScrollerBP/Maps/FOTWO01.FOTWO01:PersistentLevel.FOTWO01'
[2017.08.21-14.09.01:411][673]LogPlayLevel: PlayLevel: No blueprints needed recompiling
[2017.08.21-14.09.01:411][673]PIE: New page: PIE session: FOTWO01 (21 Aug 2017 18:09:01)
[2017.08.21-14.09.01:412][673]LogPlayLevel: Creating play world package: /Game/2DSideScrollerBP/Maps/UEDPIE_0_FOTWO01
[2017.08.21-14.09.01:413][673]LogPlayLevel: PIE: StaticDuplicateObject took: (0.001413s)
[2017.08.21-14.09.01:413][673]LogAIModule: Creating AISystem for world FOTWO01
[2017.08.21-14.09.01:413][673]LogPlayLevel: PIE: World Init took: (0.000482s)
[2017.08.21-14.09.01:414][673]LogPlayLevel: PIE: Created PIE world by copying editor world from /Game/2DSideScrollerBP/Maps/FOTWO01.FOTWO01 to /Game/2DSideScrollerBP/Maps/UEDPIE_0_FOTWO01.FOTWO01 (0.002141s)
[2017.08.21-14.09.01:435][673]LogInit: XAudio2 using 'Headset Earphone (3- Microsoft LifeChat LX-3000)' : 2 channels at 48 kHz using 16 bits per sample (channel mask 0x3)
[2017.08.21-14.09.01:440][673]LogInit: FAudioDevice initialized.
[2017.08.21-14.09.01:471][673]LogLoad: Game class is 'FOTWOGameMode_C'
[2017.08.21-14.09.01:474][673]LogWorld: Bringing World /Game/2DSideScrollerBP/Maps/UEDPIE_0_FOTWO01.FOTWO01 up for play (max tick rate 60) at 2017.08.21-16.09.01
[2017.08.21-14.09.01:474][673]LogWorld: Bringing up level for play took: 0.000914
[2017.08.21-14.09.01:486][673]PIE: Info Play in editor start time for /Game/2DSideScrollerBP/Maps/UEDPIE_0_FOTWO01 -0.39
[2017.08.21-14.09.01:486][673]LogBlueprintUserMessages: Late PlayInEditor Detection: Level '/Game/2DSideScrollerBP/Maps/FOTWO01.FOTWO01:PersistentLevel' has LevelScriptBlueprint '/Game/2DSideScrollerBP/Maps/FOTWO01.FOTWO01:PersistentLevel.FOTWO01' with GeneratedClass '/Game/2DSideScrollerBP/Maps/FOTWO01.FOTWO01_C' with ClassGeneratedBy '/Game/2DSideScrollerBP/Maps/FOTWO01.FOTWO01:PersistentLevel.FOTWO01'
[2017.08.21-14.09.06:912][997]LogBlueprintUserMessages: Early EndPlayMap Detection: Level '/Game/2DSideScrollerBP/Maps/FOTWO01.FOTWO01:PersistentLevel' has LevelScriptBlueprint '/Game/2DSideScrollerBP/Maps/FOTWO01.FOTWO01:PersistentLevel.FOTWO01' with GeneratedClass '/Game/2DSideScrollerBP/Maps/FOTWO01.FOTWO01_C' with ClassGeneratedBy '/Game/2DSideScrollerBP/Maps/FOTWO01.FOTWO01:PersistentLevel.FOTWO01'
[2017.08.21-14.09.06:949][997]LogBlueprintUserMessages: Late EndPlayMap Detection: Level '/Game/2DSideScrollerBP/Maps/FOTWO01.FOTWO01:PersistentLevel' has LevelScriptBlueprint '/Game/2DSideScrollerBP/Maps/FOTWO01.FOTWO01:PersistentLevel.FOTWO01' with GeneratedClass '/Game/2DSideScrollerBP/Maps/FOTWO01.FOTWO01_C' with ClassGeneratedBy '/Game/2DSideScrollerBP/Maps/FOTWO01.FOTWO01:PersistentLevel.FOTWO01'
[2017.08.21-14.09.16:343][472]BlueprintLog: New page: Compile MainHUD
[2017.08.21-14.09.17:416][472]LogSavePackage: Save=716.65ms
[2017.08.21-14.09.17:416][472]LogSavePackage: Moving '../../../../../../Unreal/FOTWO/source/FOTWO02/Saved/MainHUDDBF3A9614E3C7E48F0E541941CA52947.tmp' to '../../../../../../Unreal/FOTWO/source/FOTWO02/Content/2DSideScrollerBP/Blueprints/User_Interface/MainHUD.uasset'
[2017.08.21-14.09.17:421][472]LogSavePackage:Display: Finished SavePackage ../../../../../../Unreal/FOTWO/source/FOTWO02/Content/2DSideScrollerBP/Blueprints/User_Interface/MainHUD.uasset
[2017.08.21-14.09.17:428][472]BlueprintEditorCompileResults: Info Fast Template Successfully Created.
[2017.08.21-14.09.19:140][568]LogTemp: Repeting last play command: Selected Viewport
[2017.08.21-14.09.19:162][568]LogBlueprintUserMessages: Early PlayInEditor Detection: Level '/Game/2DSideScrollerBP/Maps/FOTWO01.FOTWO01:PersistentLevel' has LevelScriptBlueprint '/Game/2DSideScrollerBP/Maps/FOTWO01.FOTWO01:PersistentLevel.FOTWO01' with GeneratedClass '/Game/2DSideScrollerBP/Maps/FOTWO01.FOTWO01_C' with ClassGeneratedBy '/Game/2DSideScrollerBP/Maps/FOTWO01.FOTWO01:PersistentLevel.FOTWO01'
[2017.08.21-14.09.19:163][568]LogPlayLevel: PlayLevel: No blueprints needed recompiling
[2017.08.21-14.09.19:163][568]PIE: New page: PIE session: FOTWO01 (21 Aug 2017 18:09:19)
[2017.08.21-14.09.19:163][568]LogPlayLevel: Creating play world package: /Game/2DSideScrollerBP/Maps/UEDPIE_0_FOTWO01
[2017.08.21-14.09.19:164][568]LogPlayLevel: PIE: StaticDuplicateObject took: (0.001210s)
[2017.08.21-14.09.19:164][568]LogAIModule: Creating AISystem for world FOTWO01
[2017.08.21-14.09.19:164][568]LogPlayLevel: PIE: World Init took: (0.000525s)
[2017.08.21-14.09.19:165][568]LogPlayLevel: PIE: Created PIE world by copying editor world from /Game/2DSideScrollerBP/Maps/FOTWO01.FOTWO01 to /Game/2DSideScrollerBP/Maps/UEDPIE_0_FOTWO01.FOTWO01 (0.001943s)
[2017.08.21-14.09.19:186][568]LogInit: XAudio2 using 'Headset Earphone (3- Microsoft LifeChat LX-3000)' : 2 channels at 48 kHz using 16 bits per sample (channel mask 0x3)
[2017.08.21-14.09.19:191][568]LogInit: FAudioDevice initialized.
[2017.08.21-14.09.19:227][568]LogLoad: Game class is 'FOTWOGameMode_C'
[2017.08.21-14.09.19:229][568]LogWorld: Bringing World /Game/2DSideScrollerBP/Maps/UEDPIE_0_FOTWO01.FOTWO01 up for play (max tick rate 60) at 2017.08.21-16.09.19
[2017.08.21-14.09.19:229][568]LogWorld: Bringing up level for play took: 0.000907
[2017.08.21-14.09.19:241][568]PIE: Info Play in editor start time for /Game/2DSideScrollerBP/Maps/UEDPIE_0_FOTWO01 -0.635
[2017.08.21-14.09.19:241][568]LogBlueprintUserMessages: Late PlayInEditor Detection: Level '/Game/2DSideScrollerBP/Maps/FOTWO01.FOTWO01:PersistentLevel' has LevelScriptBlueprint '/Game/2DSideScrollerBP/Maps/FOTWO01.FOTWO01:PersistentLevel.FOTWO01' with GeneratedClass '/Game/2DSideScrollerBP/Maps/FOTWO01.FOTWO01_C' with ClassGeneratedBy '/Game/2DSideScrollerBP/Maps/FOTWO01.FOTWO01:PersistentLevel.FOTWO01'
[2017.08.21-14.09.38:995][753]LogBlueprintUserMessages: Early EndPlayMap Detection: Level '/Game/2DSideScrollerBP/Maps/FOTWO01.FOTWO01:PersistentLevel' has LevelScriptBlueprint '/Game/2DSideScrollerBP/Maps/FOTWO01.FOTWO01:PersistentLevel.FOTWO01' with GeneratedClass '/Game/2DSideScrollerBP/Maps/FOTWO01.FOTWO01_C' with ClassGeneratedBy '/Game/2DSideScrollerBP/Maps/FOTWO01.FOTWO01:PersistentLevel.FOTWO01'
[2017.08.21-14.09.39:032][753]LogBlueprintUserMessages: Late EndPlayMap Detection: Level '/Game/2DSideScrollerBP/Maps/FOTWO01.FOTWO01:PersistentLevel' has LevelScriptBlueprint '/Game/2DSideScrollerBP/Maps/FOTWO01.FOTWO01:PersistentLevel.FOTWO01' with GeneratedClass '/Game/2DSideScrollerBP/Maps/FOTWO01.FOTWO01_C' with ClassGeneratedBy '/Game/2DSideScrollerBP/Maps/FOTWO01.FOTWO01:PersistentLevel.FOTWO01'
[2017.08.21-14.09.46:370][179]LogSavePackage: Save=105.11ms
[2017.08.21-14.09.46:371][179]LogSavePackage: Moving '../../../../../../Unreal/FOTWO/source/FOTWO02/Saved/FOTWO015C5F6A67431E9D0EA4E92581420A33DD.tmp' to '../../../../../../Unreal/FOTWO/source/FOTWO02/Content/2DSideScrollerBP/Maps/FOTWO01.umap'
[2017.08.21-14.09.46:376][179]LogSavePackage:Display: Finished SavePackage ../../../../../../Unreal/FOTWO/source/FOTWO02/Content/2DSideScrollerBP/Maps/FOTWO01.umap
[2017.08.21-14.09.46:446][179]Cmd: OBJ SAVEPACKAGE PACKAGE="/Game/2DSideScrollerBP/Maps/FOTWO01_BuiltData" FILE="../../../../../../Unreal/FOTWO/source/FOTWO02/Content/2DSideScrollerBP/Maps/FOTWO01_BuiltData.uasset" SILENT=true
[2017.08.21-14.09.46:511][179]LogSavePackage: Save=5.60ms
[2017.08.21-14.09.46:511][179]LogSavePackage: Moving '../../../../../../Unreal/FOTWO/source/FOTWO02/Saved/FOTWO01_BuiltData82DE420042F2DE5A958B9B9C19426526.tmp' to '../../../../../../Unreal/FOTWO/source/FOTWO02/Content/2DSideScrollerBP/Maps/FOTWO01_BuiltData.uasset'
[2017.08.21-14.09.46:512][179]LogSavePackage:Display: Finished SavePackage ../../../../../../Unreal/FOTWO/source/FOTWO02/Content/2DSideScrollerBP/Maps/FOTWO01_BuiltData.uasset
