Log file open, 07/03/17 15:18:38
LogInit:Display: Running engine for game: FOTWO02
LogPlatformFile: Not using cached read wrapper
LogInit:Display: RandInit(-1450130332) SRandInit(-1450130331).
LogTaskGraph: Started task graph with 5 named threads and 8 total threads with 1 sets of task threads.
LogStats: Stats thread started at 0.082716
LogInit: Using libcurl 7.47.1
LogInit:  - built for x86_64-pc-win32
LogInit:  - supports SSL with OpenSSL/1.0.2g
LogInit:  - supports HTTP deflate (compression) using libz 1.2.8
LogInit:  - other features:
LogInit:      CURL_VERSION_SSL
LogInit:      CURL_VERSION_LIBZ
LogInit:      CURL_VERSION_IPV6
LogInit:      CURL_VERSION_ASYNCHDNS
LogInit:      CURL_VERSION_LARGEFILE
LogInit:      CURL_VERSION_IDN
LogInit:  CurlRequestOptions (configurable via config and command line):
LogInit:  - bVerifyPeer = false  - Libcurl will NOT verify peer certificate
LogInit:  - bUseHttpProxy = false  - Libcurl will NOT use HTTP proxy
LogInit:  - bDontReuseConnections = false  - Libcurl will reuse connections
LogInit:  - CertBundlePath = nullptr  - Libcurl will use whatever was configured at build time.
LogInit: Build: ++UE4+Release-4.16-CL-3514769
LogInit: Engine Version: 4.16.2-3514769+++UE4+Release-4.16
LogInit: Compatible Engine Version: 4.16.0-3452394+++UE4+Release-4.16
LogInit: Net CL: 3452394
LogDevObjectVersion: Number of dev versions registered: 16
LogDevObjectVersion:   Dev-Blueprints (B0D832E4-1F89-4F0D-ACCF-7EB736FD4AA2): 9
LogDevObjectVersion:   Dev-Build (E1C64328-A22C-4D53-A36C-8E866417BD8C): 0
LogDevObjectVersion:   Dev-Core (375EC13C-06E4-48FB-B500-84F0262A717E): 2
LogDevObjectVersion:   Dev-Editor (E4B068ED-F494-42E9-A231-DA0B2E46BB41): 17
LogDevObjectVersion:   Dev-Framework (CFFC743F-43B0-4480-9391-14DF171D2073): 23
LogDevObjectVersion:   Dev-Mobile (B02B49B5-BB20-44E9-A304-32B752E40360): 0
LogDevObjectVersion:   Dev-Networking (A4E4105C-59A1-49B5-A7C5-40C4547EDFEE): 0
LogDevObjectVersion:   Dev-Online (39C831C9-5AE6-47DC-9A44-9C173E1C8E7C): 0
LogDevObjectVersion:   Dev-Physics (78F01B33-EBEA-4F98-B9B4-84EACCB95AA2): 0
LogDevObjectVersion:   Dev-Platform (6631380F-2D4D-43E0-8009-CF276956A95A): 0
LogDevObjectVersion:   Dev-Rendering (12F88B9F-8875-4AFC-A67C-D90C383ABD29): 15
LogDevObjectVersion:   Dev-Sequencer (7B5AE74C-D270-4C10-A958-57980B212A5A): 4
LogDevObjectVersion:   Dev-VR (D7296918-1DD6-4BDD-9DE2-64A83CC13884): 0
LogDevObjectVersion:   Dev-LoadTimes (C2A15278-BFE7-4AFE-6C17-90FF531DF755): 1
LogDevObjectVersion:   Private-Geometry (6EACA3D4-40EC-4CC1-B786-8BED09428FC5): 1
LogDevObjectVersion:   Dev-AnimPhys (29E575DD-E0A3-4627-9D10-D276232CDCEA): 3
LogInit: Compiled (64-bit): Jun 29 2017 02:03:24
LogInit: Compiled with Visual C++: 19.00.24215.01
LogInit: Build Configuration: Development
LogInit: Branch Name: ++UE4+Release-4.16
LogInit: Command line:  
LogInit: Base directory: C:/Program Files/Epic Games/UE_4.16/Engine/Binaries/Win64/
LogInit: Installed Engine Build: 1
LogInit: Presizing for max 8388607 objects, including 0 objects not considered by GC, pre-allocating 0 bytes for permanent pool.
LogInit: Object subsystem initialized
[2017.07.03-13.18.39:240][  0]LogInit: Selected Device Profile: [Windows]
[2017.07.03-13.18.39:240][  0]LogInit: Applying CVar settings loaded from the selected device profile: [Windows]
[2017.07.03-13.18.39:250][  0]LogInit: Computer: KLAUDE2017ALIEN
[2017.07.03-13.18.39:250][  0]LogInit: User: vonkl
[2017.07.03-13.18.39:250][  0]LogInit: CPU Page size=4096, Cores=4
[2017.07.03-13.18.39:250][  0]LogInit: High frequency timer resolution =2.742185 MHz
[2017.07.03-13.18.39:250][  0]LogMemory: Memory total: Physical=15.9GB (16GB approx)
[2017.07.03-13.18.39:250][  0]LogMemory: Platform Memory Stats for Windows
[2017.07.03-13.18.39:250][  0]LogMemory: Process Physical Memory: 274.03 MB used, 274.03 MB peak
[2017.07.03-13.18.39:250][  0]LogMemory: Process Virtual Memory: 264.84 MB used, 264.84 MB peak
[2017.07.03-13.18.39:250][  0]LogMemory: Physical Memory: 7295.08 MB used,  8961.89 MB free, 16256.98 MB total
[2017.07.03-13.18.39:250][  0]LogMemory: Virtual Memory: 642.60 MB used,  8961.89 MB free, 134217728.00 MB total
[2017.07.03-13.18.39:336][  0]LogInit: Using OS detected language (en-GB).
[2017.07.03-13.18.39:336][  0]LogInit: Using OS detected locale (en-GB).
[2017.07.03-13.18.39:339][  0]LogTextLocalizationManager: No specific localization for 'en-GB' exists, so the 'en' localization will be used.
[2017.07.03-13.18.40:118][  0]LogD3D11RHI: D3D11 adapters:
[2017.07.03-13.18.40:641][  0]LogD3D11RHI:    0. 'NVIDIA GeForce GTX 1060' (Feature Level 11_0)
[2017.07.03-13.18.40:641][  0]LogD3D11RHI:       6084/0/8128 MB DedicatedVideo/DedicatedSystem/SharedSystem, Outputs:1, VendorId:0x10de
[2017.07.03-13.18.40:662][  0]LogD3D11RHI:    1. 'Intel(R) HD Graphics 630' (Feature Level 11_0)
[2017.07.03-13.18.40:662][  0]LogD3D11RHI:       128/0/8128 MB DedicatedVideo/DedicatedSystem/SharedSystem, Outputs:0, VendorId:0x8086
[2017.07.03-13.18.40:664][  0]LogD3D11RHI:    2. 'Microsoft Basic Render Driver' (Feature Level 11_0)
[2017.07.03-13.18.40:664][  0]LogD3D11RHI:       0/0/8128 MB DedicatedVideo/DedicatedSystem/SharedSystem, Outputs:0, VendorId:0x1414
[2017.07.03-13.18.40:664][  0]LogD3D11RHI: Chosen D3D11 Adapter: 0
[2017.07.03-13.18.40:674][  0]LogD3D11RHI: Creating new Direct3DDevice
[2017.07.03-13.18.40:675][  0]LogD3D11RHI:     GPU DeviceId: 0x1c60 (for the marketing name, search the web for "GPU Device Id")
[2017.07.03-13.18.40:675][  0]LogWindows: EnumDisplayDevices:
[2017.07.03-13.18.40:675][  0]LogWindows:    0. 'NVIDIA GeForce GTX 1060' (P:1 D:1)
[2017.07.03-13.18.40:675][  0]LogWindows:    1. 'NVIDIA GeForce GTX 1060' (P:0 D:0)
[2017.07.03-13.18.40:675][  0]LogWindows:    2. 'NVIDIA GeForce GTX 1060' (P:0 D:0)
[2017.07.03-13.18.40:675][  0]LogWindows:    3. 'NVIDIA GeForce GTX 1060' (P:0 D:0)
[2017.07.03-13.18.40:676][  0]LogWindows:    4. 'Intel(R) HD Graphics 630' (P:0 D:0)
[2017.07.03-13.18.40:676][  0]LogWindows:    5. 'Intel(R) HD Graphics 630' (P:0 D:0)
[2017.07.03-13.18.40:676][  0]LogWindows:    6. 'Intel(R) HD Graphics 630' (P:0 D:0)
[2017.07.03-13.18.40:676][  0]LogWindows: DebugString: PrimaryIsNotTheChoosenAdapter PrimaryIsNotTheChoosenAdapter PrimaryIsNotTheChoosenAdapter FoundDriverCount:4 
[2017.07.03-13.18.40:676][  0]LogD3D11RHI:     Adapter Name: NVIDIA GeForce GTX 1060
[2017.07.03-13.18.40:676][  0]LogD3D11RHI:   Driver Version: 382.53 (internal:22.21.13.8253, unified:382.53)
[2017.07.03-13.18.40:676][  0]LogD3D11RHI:      Driver Date: 6-7-2017
[2017.07.03-13.18.40:676][  0]LogRHI: Texture pool is 1361 MB (70% of 1945 MB)
[2017.07.03-13.18.41:177][  0]LogD3D11RHI: Async texture creation enabled
[2017.07.03-13.18.41:213][  0]LogD3D11RHI: GPU Timing Frequency: 1000.000000 (Debug: 2 1)
[2017.07.03-13.18.41:257][  0]LogShaderCompilers: Guid format shader working directory is 0 characters bigger than the processId version (../../../../../../Unreal/FOTWO/source/FOTWO02/Intermediate/Shaders/WorkingDirectory/10264/).
[2017.07.03-13.18.41:258][  0]LogShaderCompilers: Cleaned the shader compiler working directory 'C:/Users/vonkl/AppData/Local/Temp/UnrealShaderWorkingDir/1D9D94654A40BAE8FEF79AAC2883231B/'.
[2017.07.03-13.18.41:258][  0]LogShaderCompilers:Display: Using Local Shader Compiler.
[2017.07.03-13.18.42:127][  0]LogTemp:Display: Loaded TP AllDesktopTargetPlatform
[2017.07.03-13.18.42:169][  0]LogTemp:Display: Loaded TP MacClientTargetPlatform
[2017.07.03-13.18.42:212][  0]LogTemp:Display: Loaded TP MacNoEditorTargetPlatform
[2017.07.03-13.18.42:253][  0]LogTemp:Display: Loaded TP MacServerTargetPlatform
[2017.07.03-13.18.42:296][  0]LogTemp:Display: Loaded TP MacTargetPlatform
[2017.07.03-13.18.42:338][  0]LogTemp:Display: Loaded TP WindowsClientTargetPlatform
[2017.07.03-13.18.42:378][  0]LogTemp:Display: Loaded TP WindowsNoEditorTargetPlatform
[2017.07.03-13.18.42:418][  0]LogTemp:Display: Loaded TP WindowsServerTargetPlatform
[2017.07.03-13.18.42:453][  0]LogTemp:Display: Loaded TP WindowsTargetPlatform
[2017.07.03-13.18.42:493][  0]LogTemp:Display: Loaded TP AndroidTargetPlatform
[2017.07.03-13.18.42:534][  0]LogTemp:Display: Loaded TP Android_ASTCTargetPlatform
[2017.07.03-13.18.42:574][  0]LogTemp:Display: Loaded TP Android_ATCTargetPlatform
[2017.07.03-13.18.42:613][  0]LogTemp:Display: Loaded TP Android_DXTTargetPlatform
[2017.07.03-13.18.42:652][  0]LogTemp:Display: Loaded TP Android_ETC1TargetPlatform
[2017.07.03-13.18.42:691][  0]LogTemp:Display: Loaded TP Android_ETC2TargetPlatform
[2017.07.03-13.18.42:772][  0]LogTemp:Display: Loaded TP Android_MultiTargetPlatform
[2017.07.03-13.18.42:772][  0]LogTemp:Display: Loaded TP Android_PVRTCTargetPlatform
[2017.07.03-13.18.42:804][  0]LogTemp:Display: Loaded TP HTML5TargetPlatform
[2017.07.03-13.18.42:883][  0]LogTemp:Display: Loaded TP IOSTargetPlatform
[2017.07.03-13.18.42:908][  0]LogTemp:Display: Loaded TP TVOSTargetPlatform
[2017.07.03-13.18.42:982][  0]LogTemp:Display: Loaded TP LinuxClientTargetPlatform
[2017.07.03-13.18.43:023][  0]LogTemp:Display: Loaded TP LinuxNoEditorTargetPlatform
[2017.07.03-13.18.43:063][  0]LogTemp:Display: Loaded TP LinuxServerTargetPlatform
[2017.07.03-13.18.43:103][  0]LogTemp:Display: Loaded TP LinuxTargetPlatform
[2017.07.03-13.18.43:103][  0]LogTargetPlatformManager:Display: Building Assets For Windows
[2017.07.03-13.18.43:517][  0]LogDerivedDataCache:Display: Max Cache Size: 512 MB
[2017.07.03-13.18.43:595][  0]LogDerivedDataCache: Loaded boot cache 0.08s 90MB C:/Users/vonkl/AppData/Local/UnrealEngine/4.16/DerivedDataCache/Boot.ddc.
[2017.07.03-13.18.43:595][  0]LogDerivedDataCache:Display: Loaded Boot cache: C:/Users/vonkl/AppData/Local/UnrealEngine/4.16/DerivedDataCache/Boot.ddc
[2017.07.03-13.18.43:596][  0]LogDerivedDataCache: FDerivedDataBackendGraph:  Pak pak cache file ../../../../../../Unreal/FOTWO/source/FOTWO02/DerivedDataCache/DDC.ddp not found, will not use a pak cache.
[2017.07.03-13.18.43:596][  0]LogDerivedDataCache: Unable to find inner node Pak for hierarchical cache Hierarchy.
[2017.07.03-13.18.43:596][  0]LogDerivedDataCache: FDerivedDataBackendGraph:  CompressedPak pak cache file ../../../../../../Unreal/FOTWO/source/FOTWO02/DerivedDataCache/Compressed.ddp not found, will not use a pak cache.
[2017.07.03-13.18.43:596][  0]LogDerivedDataCache: Unable to find inner node CompressedPak for hierarchical cache Hierarchy.
[2017.07.03-13.18.43:609][  0]LogDerivedDataCache:Display: Pak cache opened for reading ../../../Engine/DerivedDataCache/Compressed.ddp.
[2017.07.03-13.18.43:621][  0]LogDerivedDataCache: Using Local data cache path C:/Users/vonkl/AppData/Local/UnrealEngine/Common/DerivedDataCache: Writable
[2017.07.03-13.18.43:629][  0]LogMaterial: Verifying Global Shaders for PCD3D_SM5
[2017.07.03-13.18.43:629][  0]LogSlate: Using Freetype 2.6.0
[2017.07.03-13.18.43:630][  0]LogSlate: SlateFontCache - WITH_FREETYPE: 1, WITH_HARFBUZZ: 1
[2017.07.03-13.18.43:630][  0]LogSlate: SlateFontCache - WITH_FREETYPE: 1, WITH_HARFBUZZ: 1
[2017.07.03-13.18.43:887][  0]LogInit: Selected Device Profile: [Windows]
[2017.07.03-13.18.43:950][  0]LogContentStreaming: Texture pool size is 0.00 MB
[2017.07.03-13.18.44:083][  0]LogMeshUtilities: Using QuadricMeshReduction for automatic static mesh reduction
[2017.07.03-13.18.44:122][  0]LogSimplygon: Simplygon DLL not present - disabling.
[2017.07.03-13.18.44:161][  0]LogMeshUtilities: Using SimplygonSwarm for distributed automatic mesh merging
[2017.07.03-13.18.44:161][  0]LogMeshUtilities: No automatic skeletal mesh reduction module available
[2017.07.03-13.18.44:161][  0]LogMeshUtilities: No automatic mesh merging module available
[2017.07.03-13.18.44:640][  0]LogNetVersion: FOTWO02 , NetCL: 3452394, EngineNetVer: 2, GameNetVer: 0 (Checksum: 2990255715)
[2017.07.03-13.18.44:696][  0]LogAssetRegistry: FAssetRegistry took 0.0257 seconds to start up
[2017.07.03-13.18.44:748][  0]LogPackageLocalizationCache: Processed 4 localized package path(s) for 2 prioritized culture(s) in 0.030994 seconds
[2017.07.03-13.18.44:753][  0]LogUObjectArray: 34194 objects as part of root set at end of initial load.
[2017.07.03-13.18.44:753][  0]LogUObjectAllocator: 7260424 out of 0 bytes used by permanent object pool.
[2017.07.03-13.18.44:753][  0]LogUObjectArray: CloseDisregardForGC: 0/0 objects in disregard for GC pool
[2017.07.03-13.18.44:807][  0]LogInit: WinSock: version 1.1 (2.2), MaxSocks=32767, MaxUdp=65467
[2017.07.03-13.18.46:809][  0]LogTcpMessaging: Initializing TcpMessaging bridge
[2017.07.03-13.18.46:846][  0]LogUdpMessaging: Initializing bridge on interface 0.0.0.0:0 to multicast group 230.0.0.1:6666.
[2017.07.03-13.18.47:349][  0]LogMaterial: Uniform references updated for custom material expression Custom.
[2017.07.03-13.18.47:697][  0]SourceControl: Info Source control is disabled
[2017.07.03-13.18.47:724][  0]SourceControl: Info Source control is disabled
[2017.07.03-13.18.47:764][  0]SourceControl: Info Source control is disabled
[2017.07.03-13.18.47:814][  0]SourceControl: Info Source control is disabled
[2017.07.03-13.18.48:412][  0]LogAndroidPermission: UAndroidPermissionCallbackProxy::GetInstance
[2017.07.03-13.18.48:916][  0]LogEngine: Initializing Engine...
[2017.07.03-13.18.48:916][  0]LogHMD: Failed to initialize OpenVR with code 110
[2017.07.03-13.18.49:095][  0]LogStats: UGameplayTagsManager::ConstructGameplayTagTree: Construct from data asset -  0.000 s
[2017.07.03-13.18.49:095][  0]LogStats: UGameplayTagsManager::ConstructGameplayTagTree: GameplayTagTreeChangedEvent.Broadcast -  0.000 s
[2017.07.03-13.18.49:202][  0]LogAIModule: Creating AISystem for world Untitled
[2017.07.03-13.18.49:210][  0]LogInit: XAudio2 using 'Speakers / Headphones (Realtek Audio)' : 2 channels at 48 kHz using 32 bits per sample (channel mask 0x3)
[2017.07.03-13.18.49:674][  0]LogInit: FAudioDevice initialized.
[2017.07.03-13.18.49:709][  0]LogDerivedDataCache: Saved boot cache 0.03s 90MB C:/Users/vonkl/AppData/Local/UnrealEngine/4.16/DerivedDataCache/Boot.ddc.
[2017.07.03-13.18.49:715][  0]LogInit: Texture streaming: Enabled
[2017.07.03-13.18.49:798][  0]LogEngineSessionManager: EngineSessionManager initialized
[2017.07.03-13.18.49:984][  0]LogInit: Transaction tracking system initialized
[2017.07.03-13.18.50:276][  0]BlueprintLog: New page: Editor Load
[2017.07.03-13.18.51:081][  0]LocalizationService: Info Localization service is disabled
[2017.07.03-13.18.51:686][  0]LogConsoleResponse:Display: 
[2017.07.03-13.18.51:831][  0]LogCook:Display: Max memory allowance for cook 16384mb min free memory 0mb
[2017.07.03-13.18.51:831][  0]LogCook:Display: Mobile HDR setting 1
[2017.07.03-13.18.52:683][  0]LogFileCache: Scanning file cache for directory 'C:/Unreal/FOTWO/source/FOTWO02/Content/' took 0.01s
[2017.07.03-13.18.52:724][  0]SourceControl: Info Source control is disabled
[2017.07.03-13.18.52:724][  0]Cmd: MAP LOAD FILE="../../../../../../Unreal/FOTWO/source/FOTWO02/Content/2DSideScrollerBP/Maps/2DSideScrollerExampleMap.umap" TEMPLATE=0 SHOWPROGRESS=1 FEATURELEVEL=3
[2017.07.03-13.18.52:724][  0]LogEditorServer:Warning: Can't find file '../../../../../../Unreal/FOTWO/source/FOTWO02/Content/2DSideScrollerBP/Maps/2DSideScrollerExampleMap.umap'
[2017.07.03-13.18.52:724][  0]Cmd: MAP CHECKDEP NOCLEARLOG
[2017.07.03-13.18.52:759][  0]MapCheck: Info Map check complete: 0 Error(s), 0 Warning(s), took 34.666ms to complete.
[2017.07.03-13.18.52:759][  0]LogFileHelpers: Loading map '2DSideScrollerExampleMap' took 0.035
[2017.07.03-13.18.52:831][  0]LogWindowsTextInputMethodSystem:Display: IME system now deactivated.
[2017.07.03-13.18.52:920][  0]LogCollectionManager: Loaded 0 collections in 0.001377 seconds
[2017.07.03-13.18.52:979][  0]LogFileCache: Scanning file cache for directory 'C:/Unreal/FOTWO/source/FOTWO02/Saved/Collections/' took 0.01s
[2017.07.03-13.18.52:979][  0]LogFileCache: Scanning file cache for directory 'C:/Unreal/FOTWO/source/FOTWO02/Content/Developers/vonkl/Collections/' took 0.01s
[2017.07.03-13.18.52:979][  0]LogFileCache: Scanning file cache for directory 'C:/Unreal/FOTWO/source/FOTWO02/Content/Collections/' took 0.00s
[2017.07.03-13.18.52:979][  0]LogCollectionManager: Rebuilt the GUID cache for 0 collections in 0.000002 seconds
[2017.07.03-13.18.52:987][  0]LogContentBrowser: Native class hierarchy populated in 0.0079 seconds. Added 2329 classes and 491 folders.
[2017.07.03-13.18.53:045][  0]LogContentBrowser: Native class hierarchy updated for 'WidgetCarousel' in 0.0005 seconds. Added 0 classes and 0 folders.
[2017.07.03-13.18.53:078][  0]LogContentBrowser: Native class hierarchy updated for 'AddContentDialog' in 0.0004 seconds. Added 0 classes and 0 folders.
[2017.07.03-13.18.53:125][  0]LogContentBrowser: Native class hierarchy updated for 'SceneOutliner' in 0.0005 seconds. Added 1 classes and 2 folders.
[2017.07.03-13.18.53:188][  0]LogCrashTracker: Crashtracker disabled due to settings.
[2017.07.03-13.18.53:193][  0]LogSlate: Took 0.000182 seconds to synchronously load lazily loaded font '../../../Engine/Content/Slate/Fonts/Roboto-Regular.ttf' (155K)
[2017.07.03-13.18.53:196][  0]LogSlate: Took 0.000203 seconds to synchronously load lazily loaded font '../../../Engine/Content/Slate/Fonts/Roboto-Bold.ttf' (160K)
[2017.07.03-13.18.53:202][  0]LogSlate: Took 0.000176 seconds to synchronously load lazily loaded font '../../../Engine/Content/Editor/Slate/Fonts/FontAwesome.ttf' (139K)
[2017.07.03-13.18.53:296][  0]LogRenderer: Reallocating scene render targets to support 872x492 NumSamples 1 (Frame:1).
[2017.07.03-13.18.53:366][  0]LogUObjectGlobals:Warning: Failed to find object 'Class None.'
[2017.07.03-13.18.53:425][  0]LogContentBrowser: Native class hierarchy updated for 'HierarchicalLODOutliner' in 0.0005 seconds. Added 1 classes and 2 folders.
[2017.07.03-13.18.53:425][  0]LogLoad: (Engine Initialization) Total time: 15.57 seconds
[2017.07.03-13.18.53:425][  0]LogLoad: (Engine Initialization) Total Blueprint compile time: 0.04 seconds
[2017.07.03-13.18.53:425][  0]LogExternalProfiler: Found external profiler: VSPerf
[2017.07.03-13.18.53:425][  0]LogExternalProfiler: Using external profiler: VSPerf
[2017.07.03-13.18.53:445][  0]LogOcInput: OculusInput pre-init called
[2017.07.03-13.18.53:445][  0]LogHMD: Starting GearVRController plugin
[2017.07.03-13.18.53:465][  0]LogContentStreaming: Texture pool size now 1000 MB
[2017.07.03-13.18.53:483][  0]LogSlate: Took 0.000104 seconds to synchronously load lazily loaded font '../../../Engine/Content/Slate/Fonts/Roboto-Light.ttf' (159K)
[2017.07.03-13.18.53:496][  1]LogAssetRegistry: Asset discovery search completed in 8.8226 seconds
[2017.07.03-13.18.53:498][  1]LogCollectionManager: Rebuilt the object cache for 0 collections in 0.000000 seconds (found 0 objects)
[2017.07.03-13.18.53:498][  1]LogCollectionManager: Fixed up redirectors for 0 collections in 0.000024 seconds (updated 0 objects)
[2017.07.03-13.18.56:475][167]LogSlate: Took 0.000187 seconds to synchronously load lazily loaded font '../../../Engine/Content/Slate/Fonts/Roboto-Light.ttf' (159K)
[2017.07.03-13.18.56:853][167]LogContentBrowser: Native class hierarchy updated for 'BlueprintGraph' in 0.0012 seconds. Added 112 classes and 0 folders.
[2017.07.03-13.18.57:420][167]LogSlate: Took 0.000099 seconds to synchronously load lazily loaded font '../../../Engine/Content/Slate/Fonts/Roboto-Light.ttf' (159K)
[2017.07.03-13.18.57:420][167]LogSlate: Took 0.000104 seconds to synchronously load lazily loaded font '../../../Engine/Content/Editor/Slate/Fonts/Roboto-BoldCondensed.ttf' (158K)
[2017.07.03-13.20.44:052][454]LogSlate: Took 0.002297 seconds to synchronously load lazily loaded font '../../../Engine/Content/Slate/Fonts/DroidSansFallback.ttf' (3848K)
[2017.07.03-13.25.48:818][331]BlueprintLog: New page: Compile MainHUD
[2017.07.03-13.25.49:016][331]BlueprintEditorCompileResults: Info Fast Template Successfully Created.
[2017.07.03-13.25.53:901][619]LogAIModule: Creating AISystem for world FOTWO01
[2017.07.03-13.25.55:406][619]LogSavePackage: Save=88.73ms
[2017.07.03-13.25.55:406][619]LogSavePackage: Moving '../../../../../../Unreal/FOTWO/source/FOTWO02/Saved/MainHUD1AA9B5C546E37D78144C3E92CEFE4681.tmp' to '../../../../../../Unreal/FOTWO/source/FOTWO02/Content/2DSideScrollerBP/Blueprints/User_Interface/MainHUD.uasset'
[2017.07.03-13.25.55:409][619]LogSavePackage:Display: Finished SavePackage ../../../../../../Unreal/FOTWO/source/FOTWO02/Content/2DSideScrollerBP/Blueprints/User_Interface/MainHUD.uasset
[2017.07.03-13.25.55:410][619]Cmd: MAP LOAD FILE="../../../../../../Unreal/FOTWO/source/FOTWO02/Content/2DSideScrollerBP/Maps/FOTWO01.umap" TEMPLATE=0 SHOWPROGRESS=1 FEATURELEVEL=3
[2017.07.03-13.25.55:410][619]LightingResults: New page: Lighting Build
[2017.07.03-13.25.55:448][619]LogContentBrowser: Native class hierarchy updated for 'StatsViewer' in 0.0006 seconds. Added 5 classes and 0 folders.
[2017.07.03-13.25.55:450][619]LoadErrors: New page: Loading map: FOTWO01.umap
[2017.07.03-13.25.55:450][619]MapCheck: New page: Map Check
[2017.07.03-13.25.55:450][619]LightingResults: New page: Lighting Build
[2017.07.03-13.25.55:522][619]LogEditorServer: Finished looking for orphan Actors (0.000 secs)
[2017.07.03-13.25.55:558][619]Cmd: MAP CHECKDEP NOCLEARLOG
[2017.07.03-13.25.55:601][619]MapCheck: Info Map check complete: 0 Error(s), 0 Warning(s), took 43.411ms to complete.
[2017.07.03-13.25.55:601][619]LogFileHelpers: Loading map 'FOTWO01' took 0.193
[2017.07.03-13.25.55:603][619]LogSlate: Took 0.000103 seconds to synchronously load lazily loaded font '../../../Engine/Content/Slate/Fonts/Roboto-Regular.ttf' (155K)
[2017.07.03-13.25.56:877][694]LogTemp: Repeting last play command: Selected Viewport
[2017.07.03-13.25.56:913][694]LogBlueprintUserMessages: Early PlayInEditor Detection: Level '/Game/2DSideScrollerBP/Maps/FOTWO01.FOTWO01:PersistentLevel' has LevelScriptBlueprint '/Game/2DSideScrollerBP/Maps/FOTWO01.FOTWO01:PersistentLevel.FOTWO01' with GeneratedClass '/Game/2DSideScrollerBP/Maps/FOTWO01.FOTWO01_C' with ClassGeneratedBy '/Game/2DSideScrollerBP/Maps/FOTWO01.FOTWO01:PersistentLevel.FOTWO01'
[2017.07.03-13.25.56:913][694]LogPlayLevel: PlayLevel: No blueprints needed recompiling
[2017.07.03-13.25.56:913][694]PIE: New page: PIE session: FOTWO01 (3 Jul 2017 17:25:56)
[2017.07.03-13.25.56:913][694]LogPlayLevel: Creating play world package: /Game/2DSideScrollerBP/Maps/UEDPIE_0_FOTWO01
[2017.07.03-13.25.56:914][694]LogPlayLevel: PIE: StaticDuplicateObject took: (0.001030s)
[2017.07.03-13.25.56:915][694]LogAIModule: Creating AISystem for world FOTWO01
[2017.07.03-13.25.56:915][694]LogPlayLevel: PIE: World Init took: (0.000448s)
[2017.07.03-13.25.56:915][694]LogPlayLevel: PIE: Created PIE world by copying editor world from /Game/2DSideScrollerBP/Maps/FOTWO01.FOTWO01 to /Game/2DSideScrollerBP/Maps/UEDPIE_0_FOTWO01.FOTWO01 (0.001613s)
[2017.07.03-13.25.56:933][694]LogInit: XAudio2 using 'Speakers / Headphones (Realtek Audio)' : 2 channels at 48 kHz using 32 bits per sample (channel mask 0x3)
[2017.07.03-13.25.56:957][694]LogInit: FAudioDevice initialized.
[2017.07.03-13.25.56:999][694]LogLoad: Game class is 'FOTWOGameMode_C'
[2017.07.03-13.25.57:001][694]LogWorld: Bringing World /Game/2DSideScrollerBP/Maps/UEDPIE_0_FOTWO01.FOTWO01 up for play (max tick rate 60) at 2017.07.03-15.25.57
[2017.07.03-13.25.57:002][694]LogWorld: Bringing up level for play took: 0.000925
[2017.07.03-13.25.57:037][694]LogContentBrowser: Native class hierarchy updated for 'MovieSceneCapture' in 0.0005 seconds. Added 11 classes and 0 folders.
[2017.07.03-13.25.57:040][694]PIE: Info Play in editor start time for /Game/2DSideScrollerBP/Maps/UEDPIE_0_FOTWO01 -0.072
[2017.07.03-13.25.57:041][694]LogBlueprintUserMessages: Late PlayInEditor Detection: Level '/Game/2DSideScrollerBP/Maps/FOTWO01.FOTWO01:PersistentLevel' has LevelScriptBlueprint '/Game/2DSideScrollerBP/Maps/FOTWO01.FOTWO01:PersistentLevel.FOTWO01' with GeneratedClass '/Game/2DSideScrollerBP/Maps/FOTWO01.FOTWO01_C' with ClassGeneratedBy '/Game/2DSideScrollerBP/Maps/FOTWO01.FOTWO01:PersistentLevel.FOTWO01'
[2017.07.03-13.25.59:584][846]LogBlueprintUserMessages: Early EndPlayMap Detection: Level '/Game/2DSideScrollerBP/Maps/FOTWO01.FOTWO01:PersistentLevel' has LevelScriptBlueprint '/Game/2DSideScrollerBP/Maps/FOTWO01.FOTWO01:PersistentLevel.FOTWO01' with GeneratedClass '/Game/2DSideScrollerBP/Maps/FOTWO01.FOTWO01_C' with ClassGeneratedBy '/Game/2DSideScrollerBP/Maps/FOTWO01.FOTWO01:PersistentLevel.FOTWO01'
[2017.07.03-13.25.59:616][846]LogBlueprintUserMessages: Late EndPlayMap Detection: Level '/Game/2DSideScrollerBP/Maps/FOTWO01.FOTWO01:PersistentLevel' has LevelScriptBlueprint '/Game/2DSideScrollerBP/Maps/FOTWO01.FOTWO01:PersistentLevel.FOTWO01' with GeneratedClass '/Game/2DSideScrollerBP/Maps/FOTWO01.FOTWO01_C' with ClassGeneratedBy '/Game/2DSideScrollerBP/Maps/FOTWO01.FOTWO01:PersistentLevel.FOTWO01'
[2017.07.03-13.27.16:872][364]BlueprintLog: New page: Compile MainHUD
[2017.07.03-13.27.16:992][364]BlueprintEditorCompileResults: Info Fast Template Successfully Created.
[2017.07.03-13.27.23:348][734]BlueprintLog: New page: Compile MainHUD
[2017.07.03-13.27.23:461][734]BlueprintEditorCompileResults: Info Fast Template Successfully Created.
[2017.07.03-13.27.26:158][893]LogTemp: Repeting last play command: Selected Viewport
[2017.07.03-13.27.26:176][893]LogBlueprintUserMessages: Early PlayInEditor Detection: Level '/Game/2DSideScrollerBP/Maps/FOTWO01.FOTWO01:PersistentLevel' has LevelScriptBlueprint '/Game/2DSideScrollerBP/Maps/FOTWO01.FOTWO01:PersistentLevel.FOTWO01' with GeneratedClass '/Game/2DSideScrollerBP/Maps/FOTWO01.FOTWO01_C' with ClassGeneratedBy '/Game/2DSideScrollerBP/Maps/FOTWO01.FOTWO01:PersistentLevel.FOTWO01'
[2017.07.03-13.27.26:176][893]LogPlayLevel: PlayLevel: No blueprints needed recompiling
[2017.07.03-13.27.26:176][893]PIE: New page: PIE session: FOTWO01 (3 Jul 2017 17:27:26)
[2017.07.03-13.27.26:176][893]LogPlayLevel: Creating play world package: /Game/2DSideScrollerBP/Maps/UEDPIE_0_FOTWO01
[2017.07.03-13.27.26:178][893]LogPlayLevel: PIE: StaticDuplicateObject took: (0.001261s)
[2017.07.03-13.27.26:178][893]LogAIModule: Creating AISystem for world FOTWO01
[2017.07.03-13.27.26:178][893]LogPlayLevel: PIE: World Init took: (0.000492s)
[2017.07.03-13.27.26:178][893]LogPlayLevel: PIE: Created PIE world by copying editor world from /Game/2DSideScrollerBP/Maps/FOTWO01.FOTWO01 to /Game/2DSideScrollerBP/Maps/UEDPIE_0_FOTWO01.FOTWO01 (0.001896s)
[2017.07.03-13.27.26:193][893]LogInit: XAudio2 using 'Speakers / Headphones (Realtek Audio)' : 2 channels at 48 kHz using 32 bits per sample (channel mask 0x3)
[2017.07.03-13.27.26:215][893]LogInit: FAudioDevice initialized.
[2017.07.03-13.27.26:249][893]LogLoad: Game class is 'FOTWOGameMode_C'
[2017.07.03-13.27.26:252][893]LogWorld: Bringing World /Game/2DSideScrollerBP/Maps/UEDPIE_0_FOTWO01.FOTWO01 up for play (max tick rate 60) at 2017.07.03-15.27.26
[2017.07.03-13.27.26:252][893]LogWorld: Bringing up level for play took: 0.000897
[2017.07.03-13.27.26:255][893]PIE: Info Play in editor start time for /Game/2DSideScrollerBP/Maps/UEDPIE_0_FOTWO01 -0.858
[2017.07.03-13.27.26:255][893]LogBlueprintUserMessages: Late PlayInEditor Detection: Level '/Game/2DSideScrollerBP/Maps/FOTWO01.FOTWO01:PersistentLevel' has LevelScriptBlueprint '/Game/2DSideScrollerBP/Maps/FOTWO01.FOTWO01:PersistentLevel.FOTWO01' with GeneratedClass '/Game/2DSideScrollerBP/Maps/FOTWO01.FOTWO01_C' with ClassGeneratedBy '/Game/2DSideScrollerBP/Maps/FOTWO01.FOTWO01:PersistentLevel.FOTWO01'
[2017.07.03-13.27.27:436][964]LogBlueprintUserMessages: Early EndPlayMap Detection: Level '/Game/2DSideScrollerBP/Maps/FOTWO01.FOTWO01:PersistentLevel' has LevelScriptBlueprint '/Game/2DSideScrollerBP/Maps/FOTWO01.FOTWO01:PersistentLevel.FOTWO01' with GeneratedClass '/Game/2DSideScrollerBP/Maps/FOTWO01.FOTWO01_C' with ClassGeneratedBy '/Game/2DSideScrollerBP/Maps/FOTWO01.FOTWO01:PersistentLevel.FOTWO01'
[2017.07.03-13.27.27:468][964]LogBlueprintUserMessages: Late EndPlayMap Detection: Level '/Game/2DSideScrollerBP/Maps/FOTWO01.FOTWO01:PersistentLevel' has LevelScriptBlueprint '/Game/2DSideScrollerBP/Maps/FOTWO01.FOTWO01:PersistentLevel.FOTWO01' with GeneratedClass '/Game/2DSideScrollerBP/Maps/FOTWO01.FOTWO01_C' with ClassGeneratedBy '/Game/2DSideScrollerBP/Maps/FOTWO01.FOTWO01:PersistentLevel.FOTWO01'
[2017.07.03-13.27.31:195][184]LogBlueprint:Warning: [Compiler ] Warning Leak Detected!  SemiTrans1 ( Image ) still has living Slate widgets, it or the parent PoliticalPanelBack ( Overlay ) is keeping them in memory.  Release all Slate resources in ReleaseSlateResources().
[2017.07.03-13.27.54:039][466]BlueprintLog: New page: Compile MainHUD
[2017.07.03-13.27.54:159][466]BlueprintEditorCompileResults: Info Fast Template Successfully Created.
[2017.07.03-13.27.59:880][800]LogTemp: Repeting last play command: Selected Viewport
[2017.07.03-13.27.59:897][800]LogBlueprintUserMessages: Early PlayInEditor Detection: Level '/Game/2DSideScrollerBP/Maps/FOTWO01.FOTWO01:PersistentLevel' has LevelScriptBlueprint '/Game/2DSideScrollerBP/Maps/FOTWO01.FOTWO01:PersistentLevel.FOTWO01' with GeneratedClass '/Game/2DSideScrollerBP/Maps/FOTWO01.FOTWO01_C' with ClassGeneratedBy '/Game/2DSideScrollerBP/Maps/FOTWO01.FOTWO01:PersistentLevel.FOTWO01'
[2017.07.03-13.27.59:897][800]LogPlayLevel: PlayLevel: No blueprints needed recompiling
[2017.07.03-13.27.59:898][800]PIE: New page: PIE session: FOTWO01 (3 Jul 2017 17:27:59)
[2017.07.03-13.27.59:898][800]LogPlayLevel: Creating play world package: /Game/2DSideScrollerBP/Maps/UEDPIE_0_FOTWO01
[2017.07.03-13.27.59:899][800]LogPlayLevel: PIE: StaticDuplicateObject took: (0.001262s)
[2017.07.03-13.27.59:900][800]LogAIModule: Creating AISystem for world FOTWO01
[2017.07.03-13.27.59:900][800]LogPlayLevel: PIE: World Init took: (0.000529s)
[2017.07.03-13.27.59:900][800]LogPlayLevel: PIE: Created PIE world by copying editor world from /Game/2DSideScrollerBP/Maps/FOTWO01.FOTWO01 to /Game/2DSideScrollerBP/Maps/UEDPIE_0_FOTWO01.FOTWO01 (0.001943s)
[2017.07.03-13.27.59:914][800]LogInit: XAudio2 using 'Speakers / Headphones (Realtek Audio)' : 2 channels at 48 kHz using 32 bits per sample (channel mask 0x3)
[2017.07.03-13.27.59:936][800]LogInit: FAudioDevice initialized.
[2017.07.03-13.27.59:968][800]LogLoad: Game class is 'FOTWOGameMode_C'
[2017.07.03-13.27.59:971][800]LogWorld: Bringing World /Game/2DSideScrollerBP/Maps/UEDPIE_0_FOTWO01.FOTWO01 up for play (max tick rate 60) at 2017.07.03-15.27.59
[2017.07.03-13.27.59:971][800]LogWorld: Bringing up level for play took: 0.000860
[2017.07.03-13.27.59:974][800]PIE: Info Play in editor start time for /Game/2DSideScrollerBP/Maps/UEDPIE_0_FOTWO01 0.861
[2017.07.03-13.27.59:974][800]LogBlueprintUserMessages: Late PlayInEditor Detection: Level '/Game/2DSideScrollerBP/Maps/FOTWO01.FOTWO01:PersistentLevel' has LevelScriptBlueprint '/Game/2DSideScrollerBP/Maps/FOTWO01.FOTWO01:PersistentLevel.FOTWO01' with GeneratedClass '/Game/2DSideScrollerBP/Maps/FOTWO01.FOTWO01_C' with ClassGeneratedBy '/Game/2DSideScrollerBP/Maps/FOTWO01.FOTWO01:PersistentLevel.FOTWO01'
[2017.07.03-13.28.01:723][905]LogBlueprintUserMessages: Early EndPlayMap Detection: Level '/Game/2DSideScrollerBP/Maps/FOTWO01.FOTWO01:PersistentLevel' has LevelScriptBlueprint '/Game/2DSideScrollerBP/Maps/FOTWO01.FOTWO01:PersistentLevel.FOTWO01' with GeneratedClass '/Game/2DSideScrollerBP/Maps/FOTWO01.FOTWO01_C' with ClassGeneratedBy '/Game/2DSideScrollerBP/Maps/FOTWO01.FOTWO01:PersistentLevel.FOTWO01'
[2017.07.03-13.28.01:755][905]LogBlueprintUserMessages: Late EndPlayMap Detection: Level '/Game/2DSideScrollerBP/Maps/FOTWO01.FOTWO01:PersistentLevel' has LevelScriptBlueprint '/Game/2DSideScrollerBP/Maps/FOTWO01.FOTWO01:PersistentLevel.FOTWO01' with GeneratedClass '/Game/2DSideScrollerBP/Maps/FOTWO01.FOTWO01_C' with ClassGeneratedBy '/Game/2DSideScrollerBP/Maps/FOTWO01.FOTWO01:PersistentLevel.FOTWO01'
[2017.07.03-13.28.48:561][619]BlueprintLog: New page: Compile MainHUD
[2017.07.03-13.28.48:678][619]BlueprintEditorCompileResults: Info Fast Template Successfully Created.
[2017.07.03-13.34.39:585][381]BlueprintLog: New page: Compile MainHUD
[2017.07.03-13.34.39:704][381]BlueprintEditorCompileResults: Info Fast Template Successfully Created.
[2017.07.03-13.34.55:136][286]LogTemp: Repeting last play command: Selected Viewport
[2017.07.03-13.34.55:153][286]LogBlueprintUserMessages: Early PlayInEditor Detection: Level '/Game/2DSideScrollerBP/Maps/FOTWO01.FOTWO01:PersistentLevel' has LevelScriptBlueprint '/Game/2DSideScrollerBP/Maps/FOTWO01.FOTWO01:PersistentLevel.FOTWO01' with GeneratedClass '/Game/2DSideScrollerBP/Maps/FOTWO01.FOTWO01_C' with ClassGeneratedBy '/Game/2DSideScrollerBP/Maps/FOTWO01.FOTWO01:PersistentLevel.FOTWO01'
[2017.07.03-13.34.55:153][286]LogPlayLevel: PlayLevel: No blueprints needed recompiling
[2017.07.03-13.34.55:153][286]PIE: New page: PIE session: FOTWO01 (3 Jul 2017 17:34:55)
[2017.07.03-13.34.55:153][286]LogPlayLevel: Creating play world package: /Game/2DSideScrollerBP/Maps/UEDPIE_0_FOTWO01
[2017.07.03-13.34.55:154][286]LogPlayLevel: PIE: StaticDuplicateObject took: (0.001244s)
[2017.07.03-13.34.55:155][286]LogAIModule: Creating AISystem for world FOTWO01
[2017.07.03-13.34.55:155][286]LogPlayLevel: PIE: World Init took: (0.000977s)
[2017.07.03-13.34.55:156][286]LogPlayLevel: PIE: Created PIE world by copying editor world from /Game/2DSideScrollerBP/Maps/FOTWO01.FOTWO01 to /Game/2DSideScrollerBP/Maps/UEDPIE_0_FOTWO01.FOTWO01 (0.002398s)
[2017.07.03-13.34.55:170][286]LogInit: XAudio2 using 'Speakers / Headphones (Realtek Audio)' : 2 channels at 48 kHz using 32 bits per sample (channel mask 0x3)
[2017.07.03-13.34.55:195][286]LogInit: FAudioDevice initialized.
[2017.07.03-13.34.55:231][286]LogLoad: Game class is 'FOTWOGameMode_C'
[2017.07.03-13.34.55:233][286]LogWorld: Bringing World /Game/2DSideScrollerBP/Maps/UEDPIE_0_FOTWO01.FOTWO01 up for play (max tick rate 60) at 2017.07.03-15.34.55
[2017.07.03-13.34.55:233][286]LogWorld: Bringing up level for play took: 0.001153
[2017.07.03-13.34.55:236][286]PIE: Info Play in editor start time for /Game/2DSideScrollerBP/Maps/UEDPIE_0_FOTWO01 0.124
[2017.07.03-13.34.55:237][286]LogBlueprintUserMessages: Late PlayInEditor Detection: Level '/Game/2DSideScrollerBP/Maps/FOTWO01.FOTWO01:PersistentLevel' has LevelScriptBlueprint '/Game/2DSideScrollerBP/Maps/FOTWO01.FOTWO01:PersistentLevel.FOTWO01' with GeneratedClass '/Game/2DSideScrollerBP/Maps/FOTWO01.FOTWO01_C' with ClassGeneratedBy '/Game/2DSideScrollerBP/Maps/FOTWO01.FOTWO01:PersistentLevel.FOTWO01'
[2017.07.03-13.34.57:778][438]LogBlueprintUserMessages: Early EndPlayMap Detection: Level '/Game/2DSideScrollerBP/Maps/FOTWO01.FOTWO01:PersistentLevel' has LevelScriptBlueprint '/Game/2DSideScrollerBP/Maps/FOTWO01.FOTWO01:PersistentLevel.FOTWO01' with GeneratedClass '/Game/2DSideScrollerBP/Maps/FOTWO01.FOTWO01_C' with ClassGeneratedBy '/Game/2DSideScrollerBP/Maps/FOTWO01.FOTWO01:PersistentLevel.FOTWO01'
[2017.07.03-13.34.57:811][438]LogBlueprintUserMessages: Late EndPlayMap Detection: Level '/Game/2DSideScrollerBP/Maps/FOTWO01.FOTWO01:PersistentLevel' has LevelScriptBlueprint '/Game/2DSideScrollerBP/Maps/FOTWO01.FOTWO01:PersistentLevel.FOTWO01' with GeneratedClass '/Game/2DSideScrollerBP/Maps/FOTWO01.FOTWO01_C' with ClassGeneratedBy '/Game/2DSideScrollerBP/Maps/FOTWO01.FOTWO01:PersistentLevel.FOTWO01'
[2017.07.03-13.35.00:572][599]LogTemp: Repeting last play command: Selected Viewport
[2017.07.03-13.35.00:588][599]LogBlueprintUserMessages: Early PlayInEditor Detection: Level '/Game/2DSideScrollerBP/Maps/FOTWO01.FOTWO01:PersistentLevel' has LevelScriptBlueprint '/Game/2DSideScrollerBP/Maps/FOTWO01.FOTWO01:PersistentLevel.FOTWO01' with GeneratedClass '/Game/2DSideScrollerBP/Maps/FOTWO01.FOTWO01_C' with ClassGeneratedBy '/Game/2DSideScrollerBP/Maps/FOTWO01.FOTWO01:PersistentLevel.FOTWO01'
[2017.07.03-13.35.00:588][599]LogPlayLevel: PlayLevel: No blueprints needed recompiling
[2017.07.03-13.35.00:588][599]PIE: New page: PIE session: FOTWO01 (3 Jul 2017 17:35:00)
[2017.07.03-13.35.00:588][599]LogPlayLevel: Creating play world package: /Game/2DSideScrollerBP/Maps/UEDPIE_0_FOTWO01
[2017.07.03-13.35.00:589][599]LogPlayLevel: PIE: StaticDuplicateObject took: (0.001066s)
[2017.07.03-13.35.00:589][599]LogAIModule: Creating AISystem for world FOTWO01
[2017.07.03-13.35.00:590][599]LogPlayLevel: PIE: World Init took: (0.000485s)
[2017.07.03-13.35.00:590][599]LogPlayLevel: PIE: Created PIE world by copying editor world from /Game/2DSideScrollerBP/Maps/FOTWO01.FOTWO01 to /Game/2DSideScrollerBP/Maps/UEDPIE_0_FOTWO01.FOTWO01 (0.001721s)
[2017.07.03-13.35.00:605][599]LogInit: XAudio2 using 'Speakers / Headphones (Realtek Audio)' : 2 channels at 48 kHz using 32 bits per sample (channel mask 0x3)
[2017.07.03-13.35.00:628][599]LogInit: FAudioDevice initialized.
[2017.07.03-13.35.00:661][599]LogLoad: Game class is 'FOTWOGameMode_C'
[2017.07.03-13.35.00:663][599]LogWorld: Bringing World /Game/2DSideScrollerBP/Maps/UEDPIE_0_FOTWO01.FOTWO01 up for play (max tick rate 60) at 2017.07.03-15.35.00
[2017.07.03-13.35.00:663][599]LogWorld: Bringing up level for play took: 0.001339
[2017.07.03-13.35.00:667][599]PIE: Info Play in editor start time for /Game/2DSideScrollerBP/Maps/UEDPIE_0_FOTWO01 -0.446
[2017.07.03-13.35.00:667][599]LogBlueprintUserMessages: Late PlayInEditor Detection: Level '/Game/2DSideScrollerBP/Maps/FOTWO01.FOTWO01:PersistentLevel' has LevelScriptBlueprint '/Game/2DSideScrollerBP/Maps/FOTWO01.FOTWO01:PersistentLevel.FOTWO01' with GeneratedClass '/Game/2DSideScrollerBP/Maps/FOTWO01.FOTWO01_C' with ClassGeneratedBy '/Game/2DSideScrollerBP/Maps/FOTWO01.FOTWO01:PersistentLevel.FOTWO01'
[2017.07.03-13.35.13:626][376]LogBlueprintUserMessages: Early EndPlayMap Detection: Level '/Game/2DSideScrollerBP/Maps/FOTWO01.FOTWO01:PersistentLevel' has LevelScriptBlueprint '/Game/2DSideScrollerBP/Maps/FOTWO01.FOTWO01:PersistentLevel.FOTWO01' with GeneratedClass '/Game/2DSideScrollerBP/Maps/FOTWO01.FOTWO01_C' with ClassGeneratedBy '/Game/2DSideScrollerBP/Maps/FOTWO01.FOTWO01:PersistentLevel.FOTWO01'
[2017.07.03-13.35.13:661][376]LogBlueprintUserMessages: Late EndPlayMap Detection: Level '/Game/2DSideScrollerBP/Maps/FOTWO01.FOTWO01:PersistentLevel' has LevelScriptBlueprint '/Game/2DSideScrollerBP/Maps/FOTWO01.FOTWO01:PersistentLevel.FOTWO01' with GeneratedClass '/Game/2DSideScrollerBP/Maps/FOTWO01.FOTWO01_C' with ClassGeneratedBy '/Game/2DSideScrollerBP/Maps/FOTWO01.FOTWO01:PersistentLevel.FOTWO01'
[2017.07.03-13.35.37:340][770]BlueprintLog: New page: Compile MainHUD
[2017.07.03-13.35.37:461][770]BlueprintEditorCompileResults: Info Fast Template Successfully Created.
[2017.07.03-13.35.38:091][797]LogSavePackage: Save=90.94ms
[2017.07.03-13.35.38:091][797]LogSavePackage: Moving '../../../../../../Unreal/FOTWO/source/FOTWO02/Saved/MainHUD5A30989D41C39FCBF9A04A944FF7B1B7.tmp' to '../../../../../../Unreal/FOTWO/source/FOTWO02/Content/2DSideScrollerBP/Blueprints/User_Interface/MainHUD.uasset'
[2017.07.03-13.35.38:093][797]LogSavePackage:Display: Finished SavePackage ../../../../../../Unreal/FOTWO/source/FOTWO02/Content/2DSideScrollerBP/Blueprints/User_Interface/MainHUD.uasset
[2017.07.03-13.35.40:279][923]LogTemp: Repeting last play command: Selected Viewport
[2017.07.03-13.35.40:297][923]LogBlueprintUserMessages: Early PlayInEditor Detection: Level '/Game/2DSideScrollerBP/Maps/FOTWO01.FOTWO01:PersistentLevel' has LevelScriptBlueprint '/Game/2DSideScrollerBP/Maps/FOTWO01.FOTWO01:PersistentLevel.FOTWO01' with GeneratedClass '/Game/2DSideScrollerBP/Maps/FOTWO01.FOTWO01_C' with ClassGeneratedBy '/Game/2DSideScrollerBP/Maps/FOTWO01.FOTWO01:PersistentLevel.FOTWO01'
[2017.07.03-13.35.40:297][923]LogPlayLevel: PlayLevel: No blueprints needed recompiling
[2017.07.03-13.35.40:297][923]PIE: New page: PIE session: FOTWO01 (3 Jul 2017 17:35:40)
[2017.07.03-13.35.40:297][923]LogPlayLevel: Creating play world package: /Game/2DSideScrollerBP/Maps/UEDPIE_0_FOTWO01
[2017.07.03-13.35.40:298][923]LogPlayLevel: PIE: StaticDuplicateObject took: (0.001256s)
[2017.07.03-13.35.40:299][923]LogAIModule: Creating AISystem for world FOTWO01
[2017.07.03-13.35.40:299][923]LogPlayLevel: PIE: World Init took: (0.000541s)
[2017.07.03-13.35.40:299][923]LogPlayLevel: PIE: Created PIE world by copying editor world from /Game/2DSideScrollerBP/Maps/FOTWO01.FOTWO01 to /Game/2DSideScrollerBP/Maps/UEDPIE_0_FOTWO01.FOTWO01 (0.001951s)
[2017.07.03-13.35.40:314][923]LogInit: XAudio2 using 'Speakers / Headphones (Realtek Audio)' : 2 channels at 48 kHz using 32 bits per sample (channel mask 0x3)
[2017.07.03-13.35.40:335][923]LogInit: FAudioDevice initialized.
[2017.07.03-13.35.40:366][923]LogLoad: Game class is 'FOTWOGameMode_C'
[2017.07.03-13.35.40:369][923]LogWorld: Bringing World /Game/2DSideScrollerBP/Maps/UEDPIE_0_FOTWO01.FOTWO01 up for play (max tick rate 60) at 2017.07.03-15.35.40
[2017.07.03-13.35.40:369][923]LogWorld: Bringing up level for play took: 0.000831
[2017.07.03-13.35.40:372][923]PIE: Info Play in editor start time for /Game/2DSideScrollerBP/Maps/UEDPIE_0_FOTWO01 -0.74
[2017.07.03-13.35.40:372][923]LogBlueprintUserMessages: Late PlayInEditor Detection: Level '/Game/2DSideScrollerBP/Maps/FOTWO01.FOTWO01:PersistentLevel' has LevelScriptBlueprint '/Game/2DSideScrollerBP/Maps/FOTWO01.FOTWO01:PersistentLevel.FOTWO01' with GeneratedClass '/Game/2DSideScrollerBP/Maps/FOTWO01.FOTWO01_C' with ClassGeneratedBy '/Game/2DSideScrollerBP/Maps/FOTWO01.FOTWO01:PersistentLevel.FOTWO01'
[2017.07.03-13.35.51:487][590]LogBlueprintUserMessages: Early EndPlayMap Detection: Level '/Game/2DSideScrollerBP/Maps/FOTWO01.FOTWO01:PersistentLevel' has LevelScriptBlueprint '/Game/2DSideScrollerBP/Maps/FOTWO01.FOTWO01:PersistentLevel.FOTWO01' with GeneratedClass '/Game/2DSideScrollerBP/Maps/FOTWO01.FOTWO01_C' with ClassGeneratedBy '/Game/2DSideScrollerBP/Maps/FOTWO01.FOTWO01:PersistentLevel.FOTWO01'
[2017.07.03-13.35.51:518][590]LogBlueprintUserMessages: Late EndPlayMap Detection: Level '/Game/2DSideScrollerBP/Maps/FOTWO01.FOTWO01:PersistentLevel' has LevelScriptBlueprint '/Game/2DSideScrollerBP/Maps/FOTWO01.FOTWO01:PersistentLevel.FOTWO01' with GeneratedClass '/Game/2DSideScrollerBP/Maps/FOTWO01.FOTWO01_C' with ClassGeneratedBy '/Game/2DSideScrollerBP/Maps/FOTWO01.FOTWO01:PersistentLevel.FOTWO01'
[2017.07.03-13.36.32:584][761]BlueprintLog: New page: Compile MainHUD
[2017.07.03-13.36.32:701][761]BlueprintEditorCompileResults: Info Fast Template Successfully Created.
[2017.07.03-13.36.43:829][392]LogSlate: Took 0.003367 seconds to synchronously load lazily loaded font '../../../Engine/Content/Editor/Slate/Fonts/Roboto-Italic.ttf' (157K)
[2017.07.03-13.38.24:626][389]BlueprintLog: New page: Compile EarthBAU
[2017.07.03-13.39.12:771][249]LogSlate: Took 0.003454 seconds to synchronously load lazily loaded font '../../../Engine/Content/Editor/Slate/Fonts/Roboto-BoldCondensedItalic.ttf' (160K)
[2017.07.03-13.39.27:328][118]BlueprintLog: New page: Compile EarthBAU
[2017.07.03-13.39.44:402][120]BlueprintLog: New page: Compile EarthBAU
[2017.07.03-13.40.08:872][557]BlueprintLog: New page: Compile EarthBAU
[2017.07.03-13.40.15:779][936]LogSavePackage: Save=122.79ms
[2017.07.03-13.40.15:779][936]LogSavePackage: Moving '../../../../../../Unreal/FOTWO/source/FOTWO02/Saved/EarthBAU1BBE9A3F40232617C4F82BBA9C23303A.tmp' to '../../../../../../Unreal/FOTWO/source/FOTWO02/Content/2DSideScrollerBP/Blueprints/Simulation/EarthBAU.uasset'
[2017.07.03-13.40.15:781][936]LogSavePackage:Display: Finished SavePackage ../../../../../../Unreal/FOTWO/source/FOTWO02/Content/2DSideScrollerBP/Blueprints/Simulation/EarthBAU.uasset
[2017.07.03-13.40.16:297][967]BlueprintLog: New page: Compile EarthBAU
[2017.07.03-13.40.17:037][991]LogSavePackage: Save=123.59ms
[2017.07.03-13.40.17:037][991]LogSavePackage: Moving '../../../../../../Unreal/FOTWO/source/FOTWO02/Saved/EarthBAUDE27966B46FDD8E7249506B0FC64736E.tmp' to '../../../../../../Unreal/FOTWO/source/FOTWO02/Content/2DSideScrollerBP/Blueprints/Simulation/EarthBAU.uasset'
[2017.07.03-13.40.17:038][991]LogSavePackage:Display: Finished SavePackage ../../../../../../Unreal/FOTWO/source/FOTWO02/Content/2DSideScrollerBP/Blueprints/Simulation/EarthBAU.uasset
[2017.07.03-13.41.02:751][685]BlueprintLog: New page: Compile MainHUD
[2017.07.03-13.41.02:904][685]BlueprintEditorCompileResults: Info Fast Template Successfully Created.
[2017.07.03-13.41.06:306][884]LogTemp: Repeting last play command: Selected Viewport
[2017.07.03-13.41.06:331][884]LogBlueprintUserMessages: Early PlayInEditor Detection: Level '/Game/2DSideScrollerBP/Maps/FOTWO01.FOTWO01:PersistentLevel' has LevelScriptBlueprint '/Game/2DSideScrollerBP/Maps/FOTWO01.FOTWO01:PersistentLevel.FOTWO01' with GeneratedClass '/Game/2DSideScrollerBP/Maps/FOTWO01.FOTWO01_C' with ClassGeneratedBy '/Game/2DSideScrollerBP/Maps/FOTWO01.FOTWO01:PersistentLevel.FOTWO01'
[2017.07.03-13.41.06:331][884]LogPlayLevel: PlayLevel: No blueprints needed recompiling
[2017.07.03-13.41.06:331][884]PIE: New page: PIE session: FOTWO01 (3 Jul 2017 17:41:06)
[2017.07.03-13.41.06:331][884]LogPlayLevel: Creating play world package: /Game/2DSideScrollerBP/Maps/UEDPIE_0_FOTWO01
[2017.07.03-13.41.06:332][884]LogPlayLevel: PIE: StaticDuplicateObject took: (0.001176s)
[2017.07.03-13.41.06:333][884]LogAIModule: Creating AISystem for world FOTWO01
[2017.07.03-13.41.06:333][884]LogPlayLevel: PIE: World Init took: (0.000563s)
[2017.07.03-13.41.06:333][884]LogPlayLevel: PIE: Created PIE world by copying editor world from /Game/2DSideScrollerBP/Maps/FOTWO01.FOTWO01 to /Game/2DSideScrollerBP/Maps/UEDPIE_0_FOTWO01.FOTWO01 (0.001888s)
[2017.07.03-13.41.06:349][884]LogInit: XAudio2 using 'Speakers / Headphones (Realtek Audio)' : 2 channels at 48 kHz using 32 bits per sample (channel mask 0x3)
[2017.07.03-13.41.06:371][884]LogInit: FAudioDevice initialized.
[2017.07.03-13.41.06:406][884]LogLoad: Game class is 'FOTWOGameMode_C'
[2017.07.03-13.41.06:408][884]LogWorld: Bringing World /Game/2DSideScrollerBP/Maps/UEDPIE_0_FOTWO01.FOTWO01 up for play (max tick rate 60) at 2017.07.03-15.41.06
[2017.07.03-13.41.06:408][884]LogWorld: Bringing up level for play took: 0.000888
[2017.07.03-13.41.06:411][884]PIE: Info Play in editor start time for /Game/2DSideScrollerBP/Maps/UEDPIE_0_FOTWO01 -0.701
[2017.07.03-13.41.06:411][884]LogBlueprintUserMessages: Late PlayInEditor Detection: Level '/Game/2DSideScrollerBP/Maps/FOTWO01.FOTWO01:PersistentLevel' has LevelScriptBlueprint '/Game/2DSideScrollerBP/Maps/FOTWO01.FOTWO01:PersistentLevel.FOTWO01' with GeneratedClass '/Game/2DSideScrollerBP/Maps/FOTWO01.FOTWO01_C' with ClassGeneratedBy '/Game/2DSideScrollerBP/Maps/FOTWO01.FOTWO01:PersistentLevel.FOTWO01'
[2017.07.03-13.41.09:211][ 52]LogBlueprintUserMessages: Early EndPlayMap Detection: Level '/Game/2DSideScrollerBP/Maps/FOTWO01.FOTWO01:PersistentLevel' has LevelScriptBlueprint '/Game/2DSideScrollerBP/Maps/FOTWO01.FOTWO01:PersistentLevel.FOTWO01' with GeneratedClass '/Game/2DSideScrollerBP/Maps/FOTWO01.FOTWO01_C' with ClassGeneratedBy '/Game/2DSideScrollerBP/Maps/FOTWO01.FOTWO01:PersistentLevel.FOTWO01'
[2017.07.03-13.41.09:254][ 52]LogBlueprintUserMessages: Late EndPlayMap Detection: Level '/Game/2DSideScrollerBP/Maps/FOTWO01.FOTWO01:PersistentLevel' has LevelScriptBlueprint '/Game/2DSideScrollerBP/Maps/FOTWO01.FOTWO01:PersistentLevel.FOTWO01' with GeneratedClass '/Game/2DSideScrollerBP/Maps/FOTWO01.FOTWO01_C' with ClassGeneratedBy '/Game/2DSideScrollerBP/Maps/FOTWO01.FOTWO01:PersistentLevel.FOTWO01'
[2017.07.03-13.42.08:204][ 32]LogSavePackage: Save=88.10ms
[2017.07.03-13.42.08:204][ 32]LogSavePackage: Moving '../../../../../../Unreal/FOTWO/source/FOTWO02/Saved/FOTWO01_Auto1DD3AEFF342ED65613F1FBC952925D328.tmp' to '../../../../../../Unreal/FOTWO/source/FOTWO02/Saved/Autosaves/Game/2DSideScrollerBP/Maps/FOTWO01_Auto1.umap'
[2017.07.03-13.42.08:205][ 32]LogSavePackage:Display: Finished SavePackage ../../../../../../Unreal/FOTWO/source/FOTWO02/Saved/Autosaves/Game/2DSideScrollerBP/Maps/FOTWO01_Auto1.umap
[2017.07.03-13.42.08:210][ 32]LogFileHelpers: Editor autosave (incl. sublevels) for '/Game/2DSideScrollerBP/Maps/FOTWO01' took 0.146
[2017.07.03-13.42.08:210][ 32]LogFileHelpers: Editor autosave (incl. sublevels) for all levels took 0.146
[2017.07.03-13.42.08:211][ 32]OBJ SavePackage: Generating thumbnails for [0] asset(s) in package [/Game/2DSideScrollerBP/Blueprints/User_Interface/MainHUD] ([1] browsable assets)...
[2017.07.03-13.42.08:211][ 32]OBJ SavePackage: Finished generating thumbnails for package [/Game/2DSideScrollerBP/Blueprints/User_Interface/MainHUD]
[2017.07.03-13.42.08:351][ 32]LogSavePackage: Save=104.71ms
[2017.07.03-13.42.08:351][ 32]LogSavePackage: Moving '../../../../../../Unreal/FOTWO/source/FOTWO02/Saved/MainHUD_Auto18055235B4BFA96CEB247C7BC57D9B1B4.tmp' to '../../../../../../Unreal/FOTWO/source/FOTWO02/Saved/Autosaves/Game/2DSideScrollerBP/Blueprints/User_Interface/MainHUD_Auto1.uasset'
[2017.07.03-13.42.08:352][ 32]LogSavePackage:Display: Finished SavePackage ../../../../../../Unreal/FOTWO/source/FOTWO02/Saved/Autosaves/Game/2DSideScrollerBP/Blueprints/User_Interface/MainHUD_Auto1.uasset
[2017.07.03-13.42.08:352][ 32]LogFileHelpers: Auto-saving content packages took 0.141
[2017.07.03-13.48.15:117][632]BlueprintLog: New page: Compile EarthBAU
[2017.07.03-13.50.04:954][100]BlueprintLog: New page: Compile EarthBAU
[2017.07.03-13.50.30:728][611]BlueprintLog: New page: Compile EarthBAU
[2017.07.03-13.50.49:664][729]BlueprintLog: New page: Compile EarthBAU
[2017.07.03-13.52.11:332][136]LogSavePackage: Save=87.09ms
[2017.07.03-13.52.11:332][136]LogSavePackage: Moving '../../../../../../Unreal/FOTWO/source/FOTWO02/Saved/FOTWO01_Auto2DCFE94FC42BC9548ECB1DE9DA4AACA57.tmp' to '../../../../../../Unreal/FOTWO/source/FOTWO02/Saved/Autosaves/Game/2DSideScrollerBP/Maps/FOTWO01_Auto2.umap'
[2017.07.03-13.52.11:334][136]LogSavePackage:Display: Finished SavePackage ../../../../../../Unreal/FOTWO/source/FOTWO02/Saved/Autosaves/Game/2DSideScrollerBP/Maps/FOTWO01_Auto2.umap
[2017.07.03-13.52.11:335][136]LogFileHelpers: Editor autosave (incl. sublevels) for '/Game/2DSideScrollerBP/Maps/FOTWO01' took 0.145
[2017.07.03-13.52.11:335][136]LogFileHelpers: Editor autosave (incl. sublevels) for all levels took 0.145
[2017.07.03-13.52.11:338][136]OBJ SavePackage: Generating thumbnails for [0] asset(s) in package [/Game/2DSideScrollerBP/Blueprints/User_Interface/MainHUD] ([1] browsable assets)...
[2017.07.03-13.52.11:338][136]OBJ SavePackage: Finished generating thumbnails for package [/Game/2DSideScrollerBP/Blueprints/User_Interface/MainHUD]
[2017.07.03-13.52.11:486][136]LogSavePackage: Save=97.64ms
[2017.07.03-13.52.11:486][136]LogSavePackage: Moving '../../../../../../Unreal/FOTWO/source/FOTWO02/Saved/MainHUD_Auto27490234A48F3416CD2D7D9B8387E535E.tmp' to '../../../../../../Unreal/FOTWO/source/FOTWO02/Saved/Autosaves/Game/2DSideScrollerBP/Blueprints/User_Interface/MainHUD_Auto2.uasset'
[2017.07.03-13.52.11:487][136]LogSavePackage:Display: Finished SavePackage ../../../../../../Unreal/FOTWO/source/FOTWO02/Saved/Autosaves/Game/2DSideScrollerBP/Blueprints/User_Interface/MainHUD_Auto2.uasset
[2017.07.03-13.52.11:488][136]OBJ SavePackage: Generating thumbnails for [0] asset(s) in package [/Game/2DSideScrollerBP/Blueprints/Simulation/EarthBAU] ([1] browsable assets)...
[2017.07.03-13.52.11:488][136]OBJ SavePackage: Finished generating thumbnails for package [/Game/2DSideScrollerBP/Blueprints/Simulation/EarthBAU]
[2017.07.03-13.52.11:655][136]LogSavePackage: Save=132.46ms
[2017.07.03-13.52.11:655][136]LogSavePackage: Moving '../../../../../../Unreal/FOTWO/source/FOTWO02/Saved/EarthBAU_Auto2CF60F199472C097660691EB23E7D88E0.tmp' to '../../../../../../Unreal/FOTWO/source/FOTWO02/Saved/Autosaves/Game/2DSideScrollerBP/Blueprints/Simulation/EarthBAU_Auto2.uasset'
[2017.07.03-13.52.11:657][136]LogSavePackage:Display: Finished SavePackage ../../../../../../Unreal/FOTWO/source/FOTWO02/Saved/Autosaves/Game/2DSideScrollerBP/Blueprints/Simulation/EarthBAU_Auto2.uasset
[2017.07.03-13.52.11:657][136]LogFileHelpers: Auto-saving content packages took 0.320
[2017.07.03-13.53.02:658][573]BlueprintLog: New page: Compile EarthBAU
[2017.07.03-13.53.47:461][222]BlueprintLog: New page: Compile EarthBAU
[2017.07.03-13.54.09:982][522]BlueprintLog: New page: Compile EarthBAU
[2017.07.03-13.54.22:803][255]BlueprintLog: New page: Compile EarthBAU
[2017.07.03-13.54.23:561][279]LogSavePackage: Save=127.58ms
[2017.07.03-13.54.23:561][279]LogSavePackage: Moving '../../../../../../Unreal/FOTWO/source/FOTWO02/Saved/EarthBAU83EA992B4C1B5C72DC1FF3A50B7C05A0.tmp' to '../../../../../../Unreal/FOTWO/source/FOTWO02/Content/2DSideScrollerBP/Blueprints/Simulation/EarthBAU.uasset'
[2017.07.03-13.54.23:567][279]LogSavePackage:Display: Finished SavePackage ../../../../../../Unreal/FOTWO/source/FOTWO02/Content/2DSideScrollerBP/Blueprints/Simulation/EarthBAU.uasset
[2017.07.03-13.54.30:246][677]BlueprintLog: New page: Compile EarthBAU
[2017.07.03-13.55.14:498][267]BlueprintLog: New page: Compile EarthBAU
[2017.07.03-14.02.12:589][105]LogSavePackage: Save=89.08ms
[2017.07.03-14.02.12:589][105]LogSavePackage: Moving '../../../../../../Unreal/FOTWO/source/FOTWO02/Saved/FOTWO01_Auto380F30C2049EDD3DD6662DBA5219FFACA.tmp' to '../../../../../../Unreal/FOTWO/source/FOTWO02/Saved/Autosaves/Game/2DSideScrollerBP/Maps/FOTWO01_Auto3.umap'
[2017.07.03-14.02.12:590][105]LogSavePackage:Display: Finished SavePackage ../../../../../../Unreal/FOTWO/source/FOTWO02/Saved/Autosaves/Game/2DSideScrollerBP/Maps/FOTWO01_Auto3.umap
[2017.07.03-14.02.12:591][105]LogFileHelpers: Editor autosave (incl. sublevels) for '/Game/2DSideScrollerBP/Maps/FOTWO01' took 0.166
[2017.07.03-14.02.12:591][105]LogFileHelpers: Editor autosave (incl. sublevels) for all levels took 0.166
[2017.07.03-14.02.12:596][105]OBJ SavePackage: Generating thumbnails for [0] asset(s) in package [/Game/2DSideScrollerBP/Blueprints/User_Interface/MainHUD] ([1] browsable assets)...
[2017.07.03-14.02.12:596][105]OBJ SavePackage: Finished generating thumbnails for package [/Game/2DSideScrollerBP/Blueprints/User_Interface/MainHUD]
[2017.07.03-14.02.12:735][105]LogSavePackage: Save=103.27ms
[2017.07.03-14.02.12:735][105]LogSavePackage: Moving '../../../../../../Unreal/FOTWO/source/FOTWO02/Saved/MainHUD_Auto3B90DB80A48B3C3DD3D3768ADEF03D9B6.tmp' to '../../../../../../Unreal/FOTWO/source/FOTWO02/Saved/Autosaves/Game/2DSideScrollerBP/Blueprints/User_Interface/MainHUD_Auto3.uasset'
[2017.07.03-14.02.12:736][105]LogSavePackage:Display: Finished SavePackage ../../../../../../Unreal/FOTWO/source/FOTWO02/Saved/Autosaves/Game/2DSideScrollerBP/Blueprints/User_Interface/MainHUD_Auto3.uasset
[2017.07.03-14.02.12:737][105]OBJ SavePackage: Generating thumbnails for [0] asset(s) in package [/Game/2DSideScrollerBP/Blueprints/Simulation/EarthBAU] ([1] browsable assets)...
[2017.07.03-14.02.12:737][105]OBJ SavePackage: Finished generating thumbnails for package [/Game/2DSideScrollerBP/Blueprints/Simulation/EarthBAU]
[2017.07.03-14.02.12:897][105]LogSavePackage: Save=125.82ms
[2017.07.03-14.02.12:897][105]LogSavePackage: Moving '../../../../../../Unreal/FOTWO/source/FOTWO02/Saved/EarthBAU_Auto31AE4B4CE447A9C8D6AB269AF09315375.tmp' to '../../../../../../Unreal/FOTWO/source/FOTWO02/Saved/Autosaves/Game/2DSideScrollerBP/Blueprints/Simulation/EarthBAU_Auto3.uasset'
[2017.07.03-14.02.12:898][105]LogSavePackage:Display: Finished SavePackage ../../../../../../Unreal/FOTWO/source/FOTWO02/Saved/Autosaves/Game/2DSideScrollerBP/Blueprints/Simulation/EarthBAU_Auto3.uasset
[2017.07.03-14.02.12:899][105]LogFileHelpers: Auto-saving content packages took 0.304
[2017.07.03-14.05.06:241][300]BlueprintLog: New page: Compile MainHUD
[2017.07.03-14.05.06:401][300]BlueprintEditorCompileResults: Info Fast Template Successfully Created.
[2017.07.03-14.05.08:132][391]LogSavePackage: Save=107.48ms
[2017.07.03-14.05.08:132][391]LogSavePackage: Moving '../../../../../../Unreal/FOTWO/source/FOTWO02/Saved/MainHUDE3204632469D75154A933A92FDD7E777.tmp' to '../../../../../../Unreal/FOTWO/source/FOTWO02/Content/2DSideScrollerBP/Blueprints/User_Interface/MainHUD.uasset'
[2017.07.03-14.05.08:138][391]LogSavePackage:Display: Finished SavePackage ../../../../../../Unreal/FOTWO/source/FOTWO02/Content/2DSideScrollerBP/Blueprints/User_Interface/MainHUD.uasset
[2017.07.03-14.05.13:012][584]LogSavePackage: Save=128.08ms
[2017.07.03-14.05.13:012][584]LogSavePackage: Moving '../../../../../../Unreal/FOTWO/source/FOTWO02/Saved/EarthBAU765071EF44F438620A5D0E9EC3EB4737.tmp' to '../../../../../../Unreal/FOTWO/source/FOTWO02/Content/2DSideScrollerBP/Blueprints/Simulation/EarthBAU.uasset'
[2017.07.03-14.05.13:016][584]LogSavePackage:Display: Finished SavePackage ../../../../../../Unreal/FOTWO/source/FOTWO02/Content/2DSideScrollerBP/Blueprints/Simulation/EarthBAU.uasset
[2017.07.03-14.05.13:193][584]LogSavePackage: Save=85.51ms
[2017.07.03-14.05.13:193][584]LogSavePackage: Moving '../../../../../../Unreal/FOTWO/source/FOTWO02/Saved/FOTWO01AE8CFF4344C7D78B430FA2930877EF3D.tmp' to '../../../../../../Unreal/FOTWO/source/FOTWO02/Content/2DSideScrollerBP/Maps/FOTWO01.umap'
[2017.07.03-14.05.13:195][584]LogSavePackage:Display: Finished SavePackage ../../../../../../Unreal/FOTWO/source/FOTWO02/Content/2DSideScrollerBP/Maps/FOTWO01.umap
[2017.07.03-14.05.13:223][584]LogFileHelpers: Saving map 'FOTWO01' took 0.204
[2017.07.03-14.05.13:290][584]LogWindowsTextInputMethodSystem:Display: IME system now deactivated.
[2017.07.03-14.05.13:457][585]Cmd: QUIT_EDITOR
[2017.07.03-14.05.13:487][585]LogExit: Preparing to exit.
[2017.07.03-14.05.14:264][585]LogDirectoryWatcher: A directory notification for 'C:/Unreal/FOTWO/source/FOTWO02/Content/' was aborted.
[2017.07.03-14.05.14:303][585]LogExit: Editor shut down
[2017.07.03-14.05.14:310][585]LogExit: Transaction tracking system shut down
[2017.07.03-14.05.14:390][585]LogObj: Freed 0b from 0 cluster array pools.
[2017.07.03-14.05.14:390][585]LogExit: Object subsystem successfully closed.
[2017.07.03-14.05.14:406][585]LogD3D11RHI: Shutdown
[2017.07.03-14.05.14:406][585]LogD3D11RHI: CleanupD3DDevice
[2017.07.03-14.05.14:447][585]LogD3D11RHI: ~FD3D11DynamicRHI
[2017.07.03-14.05.14:459][585]LogModuleManager: Shutting down and abandoning module MovieSceneCapture (532)
[2017.07.03-14.05.14:459][585]LogModuleManager: Shutting down and abandoning module StatsViewer (530)
[2017.07.03-14.05.14:459][585]LogModuleManager: Shutting down and abandoning module SequencerWidgets (528)
[2017.07.03-14.05.14:459][585]LogModuleManager: Shutting down and abandoning module BlueprintGraph (526)
[2017.07.03-14.05.14:459][585]LogModuleManager: Shutting down and abandoning module BlueprintProfiler (524)
[2017.07.03-14.05.14:459][585]LogModuleManager: Shutting down and abandoning module HierarchicalLODOutliner (522)
[2017.07.03-14.05.14:459][585]LogModuleManager: Shutting down and abandoning module CrashTracker (520)
[2017.07.03-14.05.14:459][585]LogModuleManager: Shutting down and abandoning module SceneOutliner (518)
[2017.07.03-14.05.14:459][585]LogModuleManager: Shutting down and abandoning module AddContentDialog (516)
[2017.07.03-14.05.14:460][585]LogDirectoryWatcher: A directory notification for 'C:/Program Files/Epic Games/UE_4.16/FeaturePacks/' was aborted.
[2017.07.03-14.05.14:460][585]LogModuleManager: Shutting down and abandoning module WidgetCarousel (515)
[2017.07.03-14.05.14:460][585]LogModuleManager: Shutting down and abandoning module EditorWidgets (512)
[2017.07.03-14.05.14:460][585]LogModuleManager: Shutting down and abandoning module CollectionManager (510)
[2017.07.03-14.05.14:461][585]LogDirectoryWatcher: A directory notification for 'C:/Unreal/FOTWO/source/FOTWO02/Content/Collections/' was aborted.
[2017.07.03-14.05.14:461][585]LogDirectoryWatcher: A directory notification for 'C:/Unreal/FOTWO/source/FOTWO02/Content/Developers/vonkl/Collections/' was aborted.
[2017.07.03-14.05.14:461][585]LogDirectoryWatcher: A directory notification for 'C:/Unreal/FOTWO/source/FOTWO02/Saved/Collections/' was aborted.
[2017.07.03-14.05.14:461][585]LogModuleManager: Shutting down and abandoning module FoliageEdit (508)
[2017.07.03-14.05.14:461][585]LogModuleManager: Shutting down and abandoning module LandscapeEditor (506)
[2017.07.03-14.05.14:461][585]LogModuleManager: Shutting down and abandoning module MeshPaintMode (504)
[2017.07.03-14.05.14:461][585]LogModuleManager: Shutting down and abandoning module SceneDepthPickerMode (502)
[2017.07.03-14.05.14:461][585]LogModuleManager: Shutting down and abandoning module ActorPickerMode (500)
[2017.07.03-14.05.14:461][585]LogModuleManager: Shutting down and abandoning module GeometryMode (498)
[2017.07.03-14.05.14:461][585]LogModuleManager: Shutting down and abandoning module TextureAlignMode (496)
[2017.07.03-14.05.14:461][585]LogModuleManager: Shutting down and abandoning module BspMode (494)
[2017.07.03-14.05.14:461][585]LogModuleManager: Shutting down and abandoning module HardwareSurvey (492)
[2017.07.03-14.05.14:461][585]LogModuleManager: Shutting down and abandoning module SequenceRecorderSections (490)
[2017.07.03-14.05.14:461][585]LogModuleManager: Shutting down and abandoning module AutomationWorker (488)
[2017.07.03-14.05.14:461][585]LogModuleManager: Shutting down and abandoning module MatineeToLevelSequence (486)
[2017.07.03-14.05.14:461][585]LogModuleManager: Shutting down and abandoning module LevelSequenceEditor (484)
[2017.07.03-14.05.14:461][585]LogModuleManager: Shutting down and abandoning module PlacementMode (483)
[2017.07.03-14.05.14:461][585]LogModuleManager: Shutting down and abandoning module WmfMediaFactory (480)
[2017.07.03-14.05.14:461][585]LogModuleManager: Shutting down and abandoning module WmfMediaEditor (478)
[2017.07.03-14.05.14:461][585]LogModuleManager: Shutting down and abandoning module AvfMediaFactory (476)
[2017.07.03-14.05.14:461][585]LogModuleManager: Shutting down and abandoning module AvfMediaEditor (474)
[2017.07.03-14.05.14:461][585]LogModuleManager: Shutting down and abandoning module AndroidMediaFactory (472)
[2017.07.03-14.05.14:461][585]LogModuleManager: Shutting down and abandoning module Media (471)
[2017.07.03-14.05.14:461][585]LogModuleManager: Shutting down and abandoning module AndroidMediaEditor (468)
[2017.07.03-14.05.14:461][585]LogModuleManager: Shutting down and abandoning module CharacterAI (466)
[2017.07.03-14.05.14:461][585]LogModuleManager: Shutting down and abandoning module AudioCapture (464)
[2017.07.03-14.05.14:461][585]LogModuleManager: Shutting down and abandoning module SequenceRecorder (463)
[2017.07.03-14.05.14:461][585]LogModuleManager: Shutting down and abandoning module SmartSnapping (460)
[2017.07.03-14.05.14:461][585]LogModuleManager: Shutting down and abandoning module SessionServices (458)
[2017.07.03-14.05.14:461][585]LogModuleManager: Shutting down and abandoning module ViewportSnapping (456)
[2017.07.03-14.05.14:461][585]LogModuleManager: Shutting down and abandoning module ViewportInteraction (454)
[2017.07.03-14.05.14:461][585]LogModuleManager: Shutting down and abandoning module ClothPainter (452)
[2017.07.03-14.05.14:461][585]LogModuleManager: Shutting down and abandoning module LogVisualizer (450)
[2017.07.03-14.05.14:461][585]LogModuleManager: Shutting down and abandoning module IntroTutorials (448)
[2017.07.03-14.05.14:461][585]LogModuleManager: Shutting down and abandoning module GameProjectGeneration (447)
[2017.07.03-14.05.14:461][585]LogModuleManager: Shutting down and abandoning module EditorLiveStreaming (444)
[2017.07.03-14.05.14:461][585]LogModuleManager: Shutting down and abandoning module IOSPlatformEditor (442)
[2017.07.03-14.05.14:461][585]LogModuleManager: Shutting down and abandoning module HTML5PlatformEditor (440)
[2017.07.03-14.05.14:461][585]LogModuleManager: Shutting down and abandoning module AndroidPlatformEditor (438)
[2017.07.03-14.05.14:461][585]LogModuleManager: Shutting down and abandoning module AndroidDeviceDetection (437)
[2017.07.03-14.05.15:357][585]LogModuleManager: Shutting down and abandoning module IOSRuntimeSettings (434)
[2017.07.03-14.05.15:357][585]LogModuleManager: Shutting down and abandoning module AndroidRuntimeSettings (432)
[2017.07.03-14.05.15:357][585]LogModuleManager: Shutting down and abandoning module InputBindingEditor (430)
[2017.07.03-14.05.15:358][585]LogModuleManager: Shutting down and abandoning module MergeActors (428)
[2017.07.03-14.05.15:358][585]LogModuleManager: Shutting down and abandoning module SizeMap (426)
[2017.07.03-14.05.15:358][585]LogModuleManager: Shutting down and abandoning module TreeMap (424)
[2017.07.03-14.05.15:358][585]LogModuleManager: Shutting down and abandoning module ReferenceViewer (422)
[2017.07.03-14.05.15:358][585]LogModuleManager: Shutting down and abandoning module LocalizationDashboard (420)
[2017.07.03-14.05.15:358][585]LogModuleManager: Shutting down and abandoning module LocalizationService (419)
[2017.07.03-14.05.15:358][585]LogModuleManager: Shutting down and abandoning module HardwareTargeting (416)
[2017.07.03-14.05.15:358][585]LogModuleManager: Shutting down and abandoning module DeviceProfileEditor (414)
[2017.07.03-14.05.15:358][585]LogModuleManager: Shutting down and abandoning module UndoHistory (412)
[2017.07.03-14.05.15:358][585]LogModuleManager: Shutting down and abandoning module UserFeedback (410)
[2017.07.03-14.05.15:358][585]LogModuleManager: Shutting down and abandoning module XmlParser (408)
[2017.07.03-14.05.15:358][585]LogModuleManager: Shutting down and abandoning module Blutility (406)
[2017.07.03-14.05.15:358][585]LogModuleManager: Shutting down and abandoning module ProjectSettingsViewer (404)
[2017.07.03-14.05.15:358][585]LogModuleManager: Shutting down and abandoning module ProjectTargetPlatformEditor (403)
[2017.07.03-14.05.15:359][585]LogModuleManager: Shutting down and abandoning module EditorSettingsViewer (400)
[2017.07.03-14.05.15:359][585]LogModuleManager: Shutting down and abandoning module SettingsEditor (398)
[2017.07.03-14.05.15:359][585]LogModuleManager: Shutting down and abandoning module ProjectLauncher (396)
[2017.07.03-14.05.15:359][585]LogModuleManager: Shutting down and abandoning module SessionFrontend (394)
[2017.07.03-14.05.15:359][585]LogModuleManager: Shutting down and abandoning module ProfilerClient (392)
[2017.07.03-14.05.15:359][585]LogModuleManager: Shutting down and abandoning module DeviceManager (390)
[2017.07.03-14.05.15:359][585]LogModuleManager: Shutting down and abandoning module TargetDeviceServices (389)
[2017.07.03-14.05.15:413][585]LogModuleManager: Shutting down and abandoning module AutomationController (386)
[2017.07.03-14.05.15:413][585]LogModuleManager: Shutting down and abandoning module AutomationWindow (384)
[2017.07.03-14.05.15:413][585]LogModuleManager: Shutting down and abandoning module Layers (382)
[2017.07.03-14.05.15:413][585]LogModuleManager: Shutting down and abandoning module ComponentVisualizers (380)
[2017.07.03-14.05.15:413][585]LogModuleManager: Shutting down and abandoning module DetailCustomizations (378)
[2017.07.03-14.05.15:413][585]LogModuleManager: Shutting down and abandoning module PackagesDialog (376)
[2017.07.03-14.05.15:413][585]LogModuleManager: Shutting down and abandoning module Persona (374)
[2017.07.03-14.05.15:413][585]LogModuleManager: Shutting down and abandoning module AdvancedPreviewScene (373)
[2017.07.03-14.05.15:413][585]LogModuleManager: Shutting down and abandoning module AnimGraph (371)
[2017.07.03-14.05.15:413][585]LogModuleManager: Shutting down and abandoning module Kismet (368)
[2017.07.03-14.05.15:433][585]LogModuleManager: Shutting down and abandoning module ClassViewer (366)
[2017.07.03-14.05.15:433][585]LogModuleManager: Shutting down and abandoning module Toolbox (364)
[2017.07.03-14.05.15:433][585]LogModuleManager: Shutting down and abandoning module ModuleUI (362)
[2017.07.03-14.05.15:433][585]LogModuleManager: Shutting down and abandoning module MovieSceneTools (360)
[2017.07.03-14.05.15:433][585]LogModuleManager: Shutting down and abandoning module OutputLog (358)
[2017.07.03-14.05.15:433][585]LogModuleManager: Shutting down and abandoning module GammaUI (356)
[2017.07.03-14.05.15:433][585]LogModuleManager: Shutting down and abandoning module Documentation (354)
[2017.07.03-14.05.15:434][585]LogModuleManager: Shutting down and abandoning module MovieSceneTracks (352)
[2017.07.03-14.05.15:434][585]LogModuleManager: Shutting down and abandoning module MovieScene (350)
[2017.07.03-14.05.15:434][585]LogModuleManager: Shutting down and abandoning module Niagara (348)
[2017.07.03-14.05.15:434][585]LogModuleManager: Shutting down and abandoning module NiagaraEditor (347)
[2017.07.03-14.05.15:434][585]LogModuleManager: Shutting down and abandoning module StreamingPauseRendering (344)
[2017.07.03-14.05.15:434][585]LogModuleManager: Shutting down and abandoning module AnalyticsET (342)
[2017.07.03-14.05.15:434][585]LogModuleManager: Shutting down and abandoning module PortalServices (340)
[2017.07.03-14.05.15:434][585]LogModuleManager: Shutting down and abandoning module PortalRpc (338)
[2017.07.03-14.05.15:434][585]LogModuleManager: Shutting down and abandoning module MessagingRpc (336)
[2017.07.03-14.05.15:434][585]LogModuleManager: Shutting down and abandoning module AIModule (334)
[2017.07.03-14.05.15:434][585]LogModuleManager: Shutting down and abandoning module GameplayDebugger (333)
[2017.07.03-14.05.15:434][585]LogModuleManager: Shutting down and abandoning module AITestSuite (331)
[2017.07.03-14.05.15:434][585]LogModuleManager: Shutting down and abandoning module ProfilerService (328)
[2017.07.03-14.05.15:659][585]LogModuleManager: Shutting down and abandoning module TaskGraph (326)
[2017.07.03-14.05.15:660][585]LogModuleManager: Shutting down and abandoning module SteamVRController (324)
[2017.07.03-14.05.15:660][585]LogModuleManager: Shutting down and abandoning module SteamVR (322)
[2017.07.03-14.05.15:660][585]LogModuleManager: Shutting down and abandoning module ProceduralMeshComponentEditor (320)
[2017.07.03-14.05.15:660][585]LogModuleManager: Shutting down and abandoning module ProceduralMeshComponent (318)
[2017.07.03-14.05.15:660][585]LogModuleManager: Shutting down and abandoning module OculusLibrary (316)
[2017.07.03-14.05.15:660][585]LogModuleManager: Shutting down and abandoning module OculusInput (314)
[2017.07.03-14.05.15:660][585]LogModuleManager: Shutting down and abandoning module MobilePatchingUtils (312)
[2017.07.03-14.05.15:660][585]LogModuleManager: Shutting down and abandoning module CustomMeshComponent (310)
[2017.07.03-14.05.15:660][585]LogModuleManager: Shutting down and abandoning module CableComponent (308)
[2017.07.03-14.05.15:660][585]LogModuleManager: Shutting down and abandoning module ArchVisCharacter (306)
[2017.07.03-14.05.15:660][585]LogModuleManager: Shutting down and abandoning module AndroidPermission (304)
[2017.07.03-14.05.15:660][585]LogModuleManager: Shutting down and abandoning module MediaPlayerEditor (300)
[2017.07.03-14.05.15:660][585]LogModuleManager: Shutting down and abandoning module HTML5Networking (298)
[2017.07.03-14.05.15:660][585]LogModuleManager: Shutting down and abandoning module AlembicImporter (296)
[2017.07.03-14.05.15:660][585]LogModuleManager: Shutting down and abandoning module AlembicLibrary (295)
[2017.07.03-14.05.15:660][585]LogModuleManager: Shutting down and abandoning module GeometryCache (294)
[2017.07.03-14.05.15:660][585]LogModuleManager: Shutting down and abandoning module GeometryCacheEd (293)
[2017.07.03-14.05.15:660][585]LogModuleManager: Shutting down and abandoning module SuperSearchEditor (288)
[2017.07.03-14.05.15:660][585]LogModuleManager: Shutting down and abandoning module SuperSearch (287)
[2017.07.03-14.05.15:660][585]LogModuleManager: Shutting down and abandoning module SpeedTreeImporter (284)
[2017.07.03-14.05.15:660][585]LogModuleManager: Shutting down and abandoning module PluginBrowser (282)
[2017.07.03-14.05.15:660][585]LogModuleManager: Shutting down and abandoning module MobileLauncherProfileWizard (280)
[2017.07.03-14.05.15:660][585]LogModuleManager: Shutting down and abandoning module VisualStudioSourceCodeAccess (278)
[2017.07.03-14.05.15:660][585]LogModuleManager: Shutting down and abandoning module DesktopPlatform (277)
[2017.07.03-14.05.15:660][585]LogModuleManager: Shutting down and abandoning module UObjectPlugin (274)
[2017.07.03-14.05.15:660][585]LogModuleManager: Shutting down and abandoning module SubversionSourceControl (272)
[2017.07.03-14.05.15:661][585]LogModuleManager: Shutting down and abandoning module PerforceSourceControl (270)
[2017.07.03-14.05.15:661][585]LogModuleManager: Shutting down and abandoning module GitSourceControl (268)
[2017.07.03-14.05.15:661][585]LogModuleManager: Shutting down and abandoning module SourceControl (267)
[2017.07.03-14.05.15:661][585]LogModuleManager: Shutting down and abandoning module LightPropagationVolumeEditor (264)
[2017.07.03-14.05.15:661][585]LogModuleManager: Shutting down and abandoning module PaperTiledImporter (262)
[2017.07.03-14.05.15:661][585]LogModuleManager: Shutting down and abandoning module PaperSpriteSheetImporter (260)
[2017.07.03-14.05.15:661][585]LogModuleManager: Shutting down and abandoning module Paper2DEditor (258)
[2017.07.03-14.05.15:661][585]LogModuleManager: Shutting down and abandoning module MeshPaint (257)
[2017.07.03-14.05.15:661][585]LogModuleManager: Shutting down and abandoning module LevelEditor (255)
[2017.07.03-14.05.15:663][585]LogModuleManager: Shutting down and abandoning module PixelInspectorModule (254)
[2017.07.03-14.05.15:663][585]LogModuleManager: Shutting down and abandoning module MainFrame (252)
[2017.07.03-14.05.15:663][585]LogModuleManager: Shutting down and abandoning module HotReload (251)
[2017.07.03-14.05.15:664][585]LogModuleManager: Shutting down and abandoning module PhysXVehiclesEditor (246)
[2017.07.03-14.05.15:664][585]LogModuleManager: Shutting down and abandoning module PhysXVehicles (244)
[2017.07.03-14.05.15:664][585]LogModuleManager: Shutting down and abandoning module LocationServicesBPLibrary (242)
[2017.07.03-14.05.15:664][585]LogModuleManager: Shutting down and abandoning module ImmediatePhysicsEditor (240)
[2017.07.03-14.05.15:664][585]LogModuleManager: Shutting down and abandoning module ImmediatePhysics (238)
[2017.07.03-14.05.15:664][585]LogModuleManager: Shutting down and abandoning module UdpMessaging (236)
[2017.07.03-14.05.15:765][585]LogModuleManager: Shutting down and abandoning module TcpMessaging (234)
[2017.07.03-14.05.15:866][585]LogModuleManager: Shutting down and abandoning module GameplayTagsEditor (232)
[2017.07.03-14.05.15:866][585]LogModuleManager: Shutting down and abandoning module FacialAnimationEditor (230)
[2017.07.03-14.05.15:866][585]LogModuleManager: Shutting down and abandoning module FacialAnimation (228)
[2017.07.03-14.05.15:866][585]LogModuleManager: Shutting down and abandoning module AssetManagerEditor (226)
[2017.07.03-14.05.15:866][585]LogModuleManager: Shutting down and abandoning module GraphEditor (225)
[2017.07.03-14.05.15:866][585]LogModuleManager: Shutting down and abandoning module ContentBrowser (223)
[2017.07.03-14.05.15:868][585]LogModuleManager: Shutting down and abandoning module LightPropagationVolumeRuntime (220)
[2017.07.03-14.05.15:868][585]LogModuleManager: Shutting down and abandoning module Paper2D (218)
[2017.07.03-14.05.15:868][585]LogModuleManager: Shutting down and abandoning module WindowsMoviePlayer (216)
[2017.07.03-14.05.15:868][585]LogModuleManager: Shutting down and abandoning module WmfMedia (214)
[2017.07.03-14.05.15:868][585]LogModuleManager: Shutting down and abandoning module ClothingSystemEditor (212)
[2017.07.03-14.05.15:868][585]LogModuleManager: Shutting down and abandoning module ClothingSystemRuntime (210)
[2017.07.03-14.05.15:868][585]LogModuleManager: Shutting down and abandoning module MediaAssets (208)
[2017.07.03-14.05.15:868][585]LogModuleManager: Shutting down and abandoning module GameLiveStreaming (206)
[2017.07.03-14.05.15:868][585]LogModuleManager: Shutting down and abandoning module VREditor (204)
[2017.07.03-14.05.15:868][585]LogModuleManager: Shutting down and abandoning module StringTableEditor (202)
[2017.07.03-14.05.15:868][585]LogModuleManager: Shutting down and abandoning module GameplayTasksEditor (200)
[2017.07.03-14.05.15:868][585]LogModuleManager: Shutting down and abandoning module BehaviorTreeEditor (198)
[2017.07.03-14.05.15:868][585]LogModuleManager: Shutting down and abandoning module FunctionalTesting (196)
[2017.07.03-14.05.15:868][585]LogModuleManager: Shutting down and abandoning module CollisionAnalyzer (194)
[2017.07.03-14.05.15:868][585]LogModuleManager: Shutting down and abandoning module UMG (192)
[2017.07.03-14.05.15:868][585]LogModuleManager: Shutting down and abandoning module UMGEditor (191)
[2017.07.03-14.05.15:868][585]LogModuleManager: Shutting down and abandoning module Sequencer (190)
[2017.07.03-14.05.15:868][585]LogModuleManager: Shutting down and abandoning module AssetTools (188)
[2017.07.03-14.05.15:869][585]LogModuleManager: Shutting down and abandoning module MessageLog (187)
[2017.07.03-14.05.15:869][585]LogModuleManager: Shutting down and abandoning module WorkspaceMenuStructure (186)
[2017.07.03-14.05.15:869][585]LogModuleManager: Shutting down and abandoning module SlateReflector (180)
[2017.07.03-14.05.15:869][585]LogModuleManager: Shutting down and abandoning module Slate (178)
[2017.07.03-14.05.15:869][585]LogModuleManager: Shutting down and abandoning module EditorStyle (176)
[2017.07.03-14.05.15:873][585]LogModuleManager: Shutting down and abandoning module SourceCodeAccess (174)
[2017.07.03-14.05.15:873][585]LogModuleManager: Shutting down and abandoning module HeadMountedDisplay (172)
[2017.07.03-14.05.15:873][585]LogModuleManager: Shutting down and abandoning module XAudio2 (170)
[2017.07.03-14.05.15:873][585]LogModuleManager: Shutting down and abandoning module Networking (168)
[2017.07.03-14.05.15:873][585]LogModuleManager: Shutting down and abandoning module Core (164)
[2017.07.03-14.05.15:873][585]LogModuleManager: Shutting down and abandoning module AssetRegistry (162)
[2017.07.03-14.05.16:014][585]LogDirectoryWatcher: A directory notification for '../../../Engine/Content/' was aborted.
[2017.07.03-14.05.16:014][585]LogDirectoryWatcher: A directory notification for '../../../../../../Unreal/FOTWO/source/FOTWO02/Content/' was aborted.
[2017.07.03-14.05.16:014][585]LogDirectoryWatcher: A directory notification for '../../../Engine/Plugins/2D/Paper2D/Content/' was aborted.
[2017.07.03-14.05.16:014][585]LogDirectoryWatcher: A directory notification for '../../../Engine/Plugins/Runtime/GearVR/Content/' was aborted.
[2017.07.03-14.05.16:017][585]LogModuleManager: Shutting down and abandoning module DirectoryWatcher (161)
[2017.07.03-14.05.16:018][585]LogModuleManager: Shutting down and abandoning module KismetCompiler (158)
[2017.07.03-14.05.16:018][585]LogModuleManager: Shutting down and abandoning module LevelSequence (156)
[2017.07.03-14.05.16:018][585]LogModuleManager: Shutting down and abandoning module PhysXFormats (154)
[2017.07.03-14.05.16:018][585]LogModuleManager: Shutting down and abandoning module MeshUtilities (152)
[2017.07.03-14.05.16:018][585]LogModuleManager: Shutting down and abandoning module SimplygonSwarm (151)
[2017.07.03-14.05.16:018][585]LogModuleManager: Shutting down and abandoning module SimplygonMeshReduction (149)
[2017.07.03-14.05.16:018][585]LogModuleManager: Shutting down and abandoning module QuadricMeshReduction (147)
[2017.07.03-14.05.16:018][585]LogModuleManager: Shutting down and abandoning module DerivedDataCache (144)
[2017.07.03-14.05.16:046][585]LogDerivedDataCache: Shutdown
[2017.07.03-14.05.16:046][585]LogModuleManager: Shutting down and abandoning module TargetPlatform (142)
[2017.07.03-14.05.16:046][585]LogModuleManager: Shutting down and abandoning module VulkanShaderFormat (141)
[2017.07.03-14.05.16:046][585]LogModuleManager: Shutting down and abandoning module ShaderFormatVectorVM (139)
[2017.07.03-14.05.16:046][585]LogModuleManager: Shutting down and abandoning module ShaderFormatOpenGL (137)
[2017.07.03-14.05.16:046][585]LogModuleManager: Shutting down and abandoning module ShaderFormatD3D (135)
[2017.07.03-14.05.16:046][585]LogModuleManager: Shutting down and abandoning module MetalShaderFormat (133)
[2017.07.03-14.05.16:046][585]LogModuleManager: Shutting down and abandoning module TextureFormatUncompressed (131)
[2017.07.03-14.05.16:046][585]LogModuleManager: Shutting down and abandoning module TextureFormatPVR (129)
[2017.07.03-14.05.16:046][585]LogModuleManager: Shutting down and abandoning module TextureFormatDXT (127)
[2017.07.03-14.05.16:046][585]LogModuleManager: Shutting down and abandoning module TextureFormatIntelISPCTexComp (125)
[2017.07.03-14.05.16:046][585]LogModuleManager: Shutting down and abandoning module TextureFormatASTC (123)
[2017.07.03-14.05.16:046][585]LogModuleManager: Shutting down and abandoning module ImageWrapper (122)
[2017.07.03-14.05.16:046][585]LogModuleManager: Shutting down and abandoning module TextureFormatAndroid (119)
[2017.07.03-14.05.16:047][585]LogModuleManager: Shutting down and abandoning module AudioFormatOpus (117)
[2017.07.03-14.05.16:047][585]LogModuleManager: Shutting down and abandoning module AudioFormatOgg (115)
[2017.07.03-14.05.16:047][585]LogModuleManager: Shutting down and abandoning module AudioFormatADPCM (113)
[2017.07.03-14.05.16:047][585]LogModuleManager: Shutting down and abandoning module LinuxTargetPlatform (111)
[2017.07.03-14.05.16:047][585]LogModuleManager: Shutting down and abandoning module LinuxServerTargetPlatform (109)
[2017.07.03-14.05.16:047][585]LogModuleManager: Shutting down and abandoning module LinuxNoEditorTargetPlatform (107)
[2017.07.03-14.05.16:047][585]LogModuleManager: Shutting down and abandoning module LinuxClientTargetPlatform (105)
[2017.07.03-14.05.16:047][585]LogModuleManager: Shutting down and abandoning module TVOSTargetPlatform (103)
[2017.07.03-14.05.16:047][585]LogModuleManager: Shutting down and abandoning module Messaging (101)
[2017.07.03-14.05.16:047][585]LogModuleManager: Shutting down and abandoning module IOSTargetPlatform (99)
[2017.07.03-14.05.16:047][585]LogModuleManager: Shutting down and abandoning module HTML5TargetPlatform (97)
[2017.07.03-14.05.16:047][585]LogModuleManager: Shutting down and abandoning module Android_PVRTCTargetPlatform (95)
[2017.07.03-14.05.16:047][585]LogModuleManager: Shutting down and abandoning module Android_MultiTargetPlatform (93)
[2017.07.03-14.05.16:047][585]LogModuleManager: Shutting down and abandoning module Android_ETC2TargetPlatform (91)
[2017.07.03-14.05.16:047][585]LogModuleManager: Shutting down and abandoning module Android_ETC1TargetPlatform (89)
[2017.07.03-14.05.16:047][585]LogModuleManager: Shutting down and abandoning module Android_DXTTargetPlatform (87)
[2017.07.03-14.05.16:047][585]LogModuleManager: Shutting down and abandoning module Android_ATCTargetPlatform (85)
[2017.07.03-14.05.16:047][585]LogModuleManager: Shutting down and abandoning module Android_ASTCTargetPlatform (83)
[2017.07.03-14.05.16:047][585]LogModuleManager: Shutting down and abandoning module AndroidTargetPlatform (81)
[2017.07.03-14.05.16:047][585]LogModuleManager: Shutting down and abandoning module WindowsTargetPlatform (79)
[2017.07.03-14.05.16:047][585]LogModuleManager: Shutting down and abandoning module WindowsServerTargetPlatform (77)
[2017.07.03-14.05.16:047][585]LogModuleManager: Shutting down and abandoning module WindowsNoEditorTargetPlatform (75)
[2017.07.03-14.05.16:047][585]LogModuleManager: Shutting down and abandoning module WindowsClientTargetPlatform (73)
[2017.07.03-14.05.16:047][585]LogModuleManager: Shutting down and abandoning module MacTargetPlatform (71)
[2017.07.03-14.05.16:047][585]LogModuleManager: Shutting down and abandoning module MacServerTargetPlatform (69)
[2017.07.03-14.05.16:047][585]LogModuleManager: Shutting down and abandoning module MacNoEditorTargetPlatform (67)
[2017.07.03-14.05.16:047][585]LogModuleManager: Shutting down and abandoning module MacClientTargetPlatform (65)
[2017.07.03-14.05.16:047][585]LogModuleManager: Shutting down and abandoning module AllDesktopTargetPlatform (63)
[2017.07.03-14.05.16:047][585]LogModuleManager: Shutting down and abandoning module InputCore (60)
[2017.07.03-14.05.16:047][585]LogModuleManager: Shutting down and abandoning module Settings (58)
[2017.07.03-14.05.16:047][585]LogModuleManager: Shutting down and abandoning module OculusRift (56)
[2017.07.03-14.05.16:047][585]LogModuleManager: Shutting down and abandoning module GearVRController (54)
[2017.07.03-14.05.16:047][585]LogModuleManager: Shutting down and abandoning module GearVR (52)
[2017.07.03-14.05.16:047][585]LogModuleManager: Shutting down and abandoning module ExampleDeviceProfileSelector (50)
[2017.07.03-14.05.16:047][585]LogModuleManager: Shutting down and abandoning module OnlineBlueprintSupport (48)
[2017.07.03-14.05.16:047][585]LogModuleManager: Shutting down and abandoning module OnlineSubsystem (44)
[2017.07.03-14.05.16:047][585]LogOnline:Display: Unloading online subsystem: NULL
[2017.07.03-14.05.16:047][585]LogModuleManager: Shutting down and abandoning module XMPP (43)
[2017.07.03-14.05.16:047][585]LogModuleManager: Shutting down and abandoning module HTTP (41)
[2017.07.03-14.05.16:047][585]LogHttp:Display: Http module shutting down, but needs to wait on 1 outstanding Http requests:
[2017.07.03-14.05.16:047][585]LogHttp:Display: 	verb=[POST] url=[https://datarouter.ol.epicgames.com/datarouter/api/v1/public/data?SessionID=%7B93945BC5-4880-604D-1E0A-B6B438E5AA4B%7D&AppID=UEEditor.Rocket.Release&AppVersion=4.16.2-3514769%2B%2B%2BUE4%2BRelease-4.16&UserID=f07af55e4db0c636e0c073a1312074d9%7Caa7a108f70184e1b92fdd786c25cd9b8%7Caeab9882-b6f4-4a22-991a-718da4fba234&AppEnvironment=datacollector-binary&UploadType=eteventstream] status=Processing
[2017.07.03-14.05.16:067][585]LogModuleManager: Shutting down and abandoning module SSL (40)
[2017.07.03-14.05.16:069][585]LogModuleManager: Shutting down and abandoning module HTTPChunkInstaller (36)
[2017.07.03-14.05.16:069][585]LogModuleManager: Shutting down and abandoning module AnimationModifiers (34)
[2017.07.03-14.05.16:069][585]LogModuleManager: Shutting down and abandoning module PropertyEditor (33)
[2017.07.03-14.05.16:069][585]LogModuleManager: Shutting down and abandoning module AudioEditor (30)
[2017.07.03-14.05.16:069][585]LogModuleManager: Shutting down and abandoning module TextureCompressor (28)
[2017.07.03-14.05.16:069][585]LogModuleManager: Shutting down and abandoning module ShaderCore (26)
[2017.07.03-14.05.16:069][585]LogModuleManager: Shutting down and abandoning module Landscape (24)
[2017.07.03-14.05.16:069][585]LogModuleManager: Shutting down and abandoning module SlateRHIRenderer (22)
[2017.07.03-14.05.16:075][585]LogModuleManager: Shutting down and abandoning module OpenGLDrv (20)
[2017.07.03-14.05.16:075][585]LogModuleManager: Shutting down and abandoning module D3D11RHI (18)
[2017.07.03-14.05.16:075][585]LogModuleManager: Shutting down and abandoning module AnimGraphRuntime (16)
[2017.07.03-14.05.16:075][585]LogModuleManager: Shutting down and abandoning module Renderer (14)
[2017.07.03-14.05.16:075][585]LogModuleManager: Shutting down and abandoning module Engine (12)
[2017.07.03-14.05.16:075][585]LogModuleManager: Shutting down and abandoning module CoreUObject (10)
[2017.07.03-14.05.16:075][585]LogModuleManager: Shutting down and abandoning module NetworkFile (8)
[2017.07.03-14.05.16:075][585]LogModuleManager: Shutting down and abandoning module StreamingFile (6)
[2017.07.03-14.05.16:075][585]LogModuleManager: Shutting down and abandoning module SandboxFile (4)
[2017.07.03-14.05.16:075][585]LogModuleManager: Shutting down and abandoning module PakFile (2)
[2017.07.03-14.05.16:078][585]LogExit: Exiting.
[2017.07.03-14.05.16:113][585]Log file closed, 07/03/17 16:05:16
