Log file open, 08/21/17 10:46:53
LogInit:Display: Running engine for game: FOTWO02
LogPlatformFile: Not using cached read wrapper
LogInit:Display: RandInit(-1769631885) SRandInit(-1769631885).
LogTaskGraph: Started task graph with 5 named threads and 8 total threads with 1 sets of task threads.
LogStats: Stats thread started at 0.086633
LogInit: Using libcurl 7.47.1
LogInit:  - built for x86_64-pc-win32
LogInit:  - supports SSL with OpenSSL/1.0.2g
LogInit:  - supports HTTP deflate (compression) using libz 1.2.8
LogInit:  - other features:
LogInit:      CURL_VERSION_SSL
LogInit:      CURL_VERSION_LIBZ
LogInit:      CURL_VERSION_IPV6
LogInit:      CURL_VERSION_ASYNCHDNS
LogInit:      CURL_VERSION_LARGEFILE
LogInit:      CURL_VERSION_IDN
LogInit:  CurlRequestOptions (configurable via config and command line):
LogInit:  - bVerifyPeer = false  - Libcurl will NOT verify peer certificate
LogInit:  - bUseHttpProxy = false  - Libcurl will NOT use HTTP proxy
LogInit:  - bDontReuseConnections = false  - Libcurl will reuse connections
LogInit:  - CertBundlePath = nullptr  - Libcurl will use whatever was configured at build time.
LogInit: Build: ++UE4+Release-4.16-CL-3561208
LogInit: Engine Version: 4.16.3-3561208+++UE4+Release-4.16
LogInit: Compatible Engine Version: 4.16.0-3452394+++UE4+Release-4.16
LogInit: Net CL: 3452394
LogDevObjectVersion: Number of dev versions registered: 16
LogDevObjectVersion:   Dev-Blueprints (B0D832E4-1F89-4F0D-ACCF-7EB736FD4AA2): 9
LogDevObjectVersion:   Dev-Build (E1C64328-A22C-4D53-A36C-8E866417BD8C): 0
LogDevObjectVersion:   Dev-Core (375EC13C-06E4-48FB-B500-84F0262A717E): 2
LogDevObjectVersion:   Dev-Editor (E4B068ED-F494-42E9-A231-DA0B2E46BB41): 17
LogDevObjectVersion:   Dev-Framework (CFFC743F-43B0-4480-9391-14DF171D2073): 23
LogDevObjectVersion:   Dev-Mobile (B02B49B5-BB20-44E9-A304-32B752E40360): 0
LogDevObjectVersion:   Dev-Networking (A4E4105C-59A1-49B5-A7C5-40C4547EDFEE): 0
LogDevObjectVersion:   Dev-Online (39C831C9-5AE6-47DC-9A44-9C173E1C8E7C): 0
LogDevObjectVersion:   Dev-Physics (78F01B33-EBEA-4F98-B9B4-84EACCB95AA2): 0
LogDevObjectVersion:   Dev-Platform (6631380F-2D4D-43E0-8009-CF276956A95A): 0
LogDevObjectVersion:   Dev-Rendering (12F88B9F-8875-4AFC-A67C-D90C383ABD29): 15
LogDevObjectVersion:   Dev-Sequencer (7B5AE74C-D270-4C10-A958-57980B212A5A): 4
LogDevObjectVersion:   Dev-VR (D7296918-1DD6-4BDD-9DE2-64A83CC13884): 0
LogDevObjectVersion:   Dev-LoadTimes (C2A15278-BFE7-4AFE-6C17-90FF531DF755): 1
LogDevObjectVersion:   Private-Geometry (6EACA3D4-40EC-4CC1-B786-8BED09428FC5): 1
LogDevObjectVersion:   Dev-AnimPhys (29E575DD-E0A3-4627-9D10-D276232CDCEA): 3
LogInit: Compiled (64-bit): Jul 28 2017 11:49:47
LogInit: Compiled with Visual C++: 19.00.24215.01
LogInit: Build Configuration: Development
LogInit: Branch Name: ++UE4+Release-4.16
LogInit: Command line:  
LogInit: Base directory: C:/Program Files/Epic Games/UE_4.16/Engine/Binaries/Win64/
LogInit: Installed Engine Build: 1
LogInit: Presizing for max 8388607 objects, including 0 objects not considered by GC, pre-allocating 0 bytes for permanent pool.
LogInit: Object subsystem initialized
[2017.08.21-08.46.54:169][  0]LogInit: Selected Device Profile: [Windows]
[2017.08.21-08.46.54:169][  0]LogInit: Applying CVar settings loaded from the selected device profile: [Windows]
[2017.08.21-08.46.54:189][  0]LogInit: Computer: KLAUDE2017ALIEN
[2017.08.21-08.46.54:189][  0]LogInit: User: vonkl
[2017.08.21-08.46.54:189][  0]LogInit: CPU Page size=4096, Cores=4
[2017.08.21-08.46.54:189][  0]LogInit: High frequency timer resolution =2.742185 MHz
[2017.08.21-08.46.54:190][  0]LogMemory: Memory total: Physical=15.9GB (16GB approx)
[2017.08.21-08.46.54:190][  0]LogMemory: Platform Memory Stats for Windows
[2017.08.21-08.46.54:190][  0]LogMemory: Process Physical Memory: 272.99 MB used, 272.99 MB peak
[2017.08.21-08.46.54:190][  0]LogMemory: Process Virtual Memory: 260.82 MB used, 260.82 MB peak
[2017.08.21-08.46.54:190][  0]LogMemory: Physical Memory: 6075.23 MB used,  10181.74 MB free, 16256.98 MB total
[2017.08.21-08.46.54:190][  0]LogMemory: Virtual Memory: 638.49 MB used,  10181.74 MB free, 134217728.00 MB total
[2017.08.21-08.46.54:259][  0]LogInit: Using OS detected language (en-GB).
[2017.08.21-08.46.54:259][  0]LogInit: Using OS detected locale (en-GB).
[2017.08.21-08.46.54:262][  0]LogTextLocalizationManager: No specific localization for 'en-GB' exists, so the 'en' localization will be used.
[2017.08.21-08.46.55:131][  0]LogD3D11RHI: D3D11 adapters:
[2017.08.21-08.46.55:759][  0]LogD3D11RHI:    0. 'NVIDIA GeForce GTX 1060' (Feature Level 11_0)
[2017.08.21-08.46.55:759][  0]LogD3D11RHI:       6084/0/8128 MB DedicatedVideo/DedicatedSystem/SharedSystem, Outputs:2, VendorId:0x10de
[2017.08.21-08.46.55:787][  0]LogD3D11RHI:    1. 'Intel(R) HD Graphics 630' (Feature Level 11_0)
[2017.08.21-08.46.55:787][  0]LogD3D11RHI:       128/0/8128 MB DedicatedVideo/DedicatedSystem/SharedSystem, Outputs:0, VendorId:0x8086
[2017.08.21-08.46.55:789][  0]LogD3D11RHI:    2. 'Microsoft Basic Render Driver' (Feature Level 11_0)
[2017.08.21-08.46.55:789][  0]LogD3D11RHI:       0/0/8128 MB DedicatedVideo/DedicatedSystem/SharedSystem, Outputs:0, VendorId:0x1414
[2017.08.21-08.46.55:789][  0]LogD3D11RHI: Chosen D3D11 Adapter: 0
[2017.08.21-08.46.55:800][  0]LogD3D11RHI: Creating new Direct3DDevice
[2017.08.21-08.46.55:800][  0]LogD3D11RHI:     GPU DeviceId: 0x1c60 (for the marketing name, search the web for "GPU Device Id")
[2017.08.21-08.46.55:800][  0]LogWindows: EnumDisplayDevices:
[2017.08.21-08.46.55:800][  0]LogWindows:    0. 'NVIDIA GeForce GTX 1060' (P:0 D:1)
[2017.08.21-08.46.55:800][  0]LogWindows:    1. 'NVIDIA GeForce GTX 1060' (P:1 D:1)
[2017.08.21-08.46.55:801][  0]LogWindows:    2. 'NVIDIA GeForce GTX 1060' (P:0 D:0)
[2017.08.21-08.46.55:801][  0]LogWindows:    3. 'NVIDIA GeForce GTX 1060' (P:0 D:0)
[2017.08.21-08.46.55:801][  0]LogWindows:    4. 'Intel(R) HD Graphics 630' (P:0 D:0)
[2017.08.21-08.46.55:801][  0]LogWindows:    5. 'Intel(R) HD Graphics 630' (P:0 D:0)
[2017.08.21-08.46.55:802][  0]LogWindows:    6. 'Intel(R) HD Graphics 630' (P:0 D:0)
[2017.08.21-08.46.55:802][  0]LogWindows: DebugString: PrimaryIsNotTheChoosenAdapter PrimaryIsNotTheChoosenAdapter PrimaryIsNotTheChoosenAdapter FoundDriverCount:4 
[2017.08.21-08.46.55:802][  0]LogD3D11RHI:     Adapter Name: NVIDIA GeForce GTX 1060
[2017.08.21-08.46.55:802][  0]LogD3D11RHI:   Driver Version: 382.53 (internal:22.21.13.8253, unified:382.53)
[2017.08.21-08.46.55:802][  0]LogD3D11RHI:      Driver Date: 6-7-2017
[2017.08.21-08.46.55:802][  0]LogRHI: Texture pool is 1361 MB (70% of 1945 MB)
[2017.08.21-08.46.56:354][  0]LogD3D11RHI: Async texture creation enabled
[2017.08.21-08.46.56:388][  0]LogD3D11RHI: GPU Timing Frequency: 1000.000000 (Debug: 2 1)
[2017.08.21-08.46.56:503][  0]LogShaderCompilers: Guid format shader working directory is 0 characters bigger than the processId version (../../../../../../Unreal/FOTWO/source/FOTWO02/Intermediate/Shaders/WorkingDirectory/10492/).
[2017.08.21-08.46.56:503][  0]LogShaderCompilers: Cleaned the shader compiler working directory 'C:/Users/vonkl/AppData/Local/Temp/UnrealShaderWorkingDir/D3D97C1E4ED06F84B508CE903EFF40EB/'.
[2017.08.21-08.46.56:503][  0]LogShaderCompilers:Display: Using Local Shader Compiler.
[2017.08.21-08.46.57:488][  0]LogTemp:Display: Loaded TP AllDesktopTargetPlatform
[2017.08.21-08.46.57:550][  0]LogTemp:Display: Loaded TP MacClientTargetPlatform
[2017.08.21-08.46.57:595][  0]LogTemp:Display: Loaded TP MacNoEditorTargetPlatform
[2017.08.21-08.46.57:641][  0]LogTemp:Display: Loaded TP MacServerTargetPlatform
[2017.08.21-08.46.57:686][  0]LogTemp:Display: Loaded TP MacTargetPlatform
[2017.08.21-08.46.57:733][  0]LogTemp:Display: Loaded TP WindowsClientTargetPlatform
[2017.08.21-08.46.57:781][  0]LogTemp:Display: Loaded TP WindowsNoEditorTargetPlatform
[2017.08.21-08.46.57:828][  0]LogTemp:Display: Loaded TP WindowsServerTargetPlatform
[2017.08.21-08.46.57:867][  0]LogTemp:Display: Loaded TP WindowsTargetPlatform
[2017.08.21-08.46.57:912][  0]LogTemp:Display: Loaded TP AndroidTargetPlatform
[2017.08.21-08.46.57:959][  0]LogTemp:Display: Loaded TP Android_ASTCTargetPlatform
[2017.08.21-08.46.58:022][  0]LogTemp:Display: Loaded TP Android_ATCTargetPlatform
[2017.08.21-08.46.58:067][  0]LogTemp:Display: Loaded TP Android_DXTTargetPlatform
[2017.08.21-08.46.58:112][  0]LogTemp:Display: Loaded TP Android_ETC1TargetPlatform
[2017.08.21-08.46.58:157][  0]LogTemp:Display: Loaded TP Android_ETC2TargetPlatform
[2017.08.21-08.46.58:284][  0]LogTemp:Display: Loaded TP Android_MultiTargetPlatform
[2017.08.21-08.46.58:284][  0]LogTemp:Display: Loaded TP Android_PVRTCTargetPlatform
[2017.08.21-08.46.58:335][  0]LogTemp:Display: Loaded TP HTML5TargetPlatform
[2017.08.21-08.46.58:422][  0]LogTemp:Display: Loaded TP IOSTargetPlatform
[2017.08.21-08.46.58:475][  0]LogTemp:Display: Loaded TP TVOSTargetPlatform
[2017.08.21-08.46.58:526][  0]LogTemp:Display: Loaded TP LinuxClientTargetPlatform
[2017.08.21-08.46.58:570][  0]LogTemp:Display: Loaded TP LinuxNoEditorTargetPlatform
[2017.08.21-08.46.58:615][  0]LogTemp:Display: Loaded TP LinuxServerTargetPlatform
[2017.08.21-08.46.58:660][  0]LogTemp:Display: Loaded TP LinuxTargetPlatform
[2017.08.21-08.46.58:660][  0]LogTargetPlatformManager:Display: Building Assets For Windows
[2017.08.21-08.46.59:122][  0]LogDerivedDataCache:Display: Max Cache Size: 512 MB
[2017.08.21-08.46.59:206][  0]LogDerivedDataCache: Loaded boot cache 0.08s 90MB C:/Users/vonkl/AppData/Local/UnrealEngine/4.16/DerivedDataCache/Boot.ddc.
[2017.08.21-08.46.59:206][  0]LogDerivedDataCache:Display: Loaded Boot cache: C:/Users/vonkl/AppData/Local/UnrealEngine/4.16/DerivedDataCache/Boot.ddc
[2017.08.21-08.46.59:206][  0]LogDerivedDataCache: FDerivedDataBackendGraph:  Pak pak cache file ../../../../../../Unreal/FOTWO/source/FOTWO02/DerivedDataCache/DDC.ddp not found, will not use a pak cache.
[2017.08.21-08.46.59:206][  0]LogDerivedDataCache: Unable to find inner node Pak for hierarchical cache Hierarchy.
[2017.08.21-08.46.59:206][  0]LogDerivedDataCache: FDerivedDataBackendGraph:  CompressedPak pak cache file ../../../../../../Unreal/FOTWO/source/FOTWO02/DerivedDataCache/Compressed.ddp not found, will not use a pak cache.
[2017.08.21-08.46.59:206][  0]LogDerivedDataCache: Unable to find inner node CompressedPak for hierarchical cache Hierarchy.
[2017.08.21-08.46.59:221][  0]LogDerivedDataCache:Display: Pak cache opened for reading ../../../Engine/DerivedDataCache/Compressed.ddp.
[2017.08.21-08.46.59:233][  0]LogDerivedDataCache: Using Local data cache path C:/Users/vonkl/AppData/Local/UnrealEngine/Common/DerivedDataCache: Writable
[2017.08.21-08.46.59:244][  0]LogMaterial: Verifying Global Shaders for PCD3D_SM5
[2017.08.21-08.46.59:244][  0]LogSlate: Using Freetype 2.6.0
[2017.08.21-08.46.59:244][  0]LogSlate: SlateFontCache - WITH_FREETYPE: 1, WITH_HARFBUZZ: 1
[2017.08.21-08.46.59:245][  0]LogSlate: SlateFontCache - WITH_FREETYPE: 1, WITH_HARFBUZZ: 1
[2017.08.21-08.46.59:566][  0]LogInit: Selected Device Profile: [Windows]
[2017.08.21-08.46.59:632][  0]LogContentStreaming: Texture pool size is 0.00 MB
[2017.08.21-08.46.59:783][  0]LogMeshUtilities: Using QuadricMeshReduction for automatic static mesh reduction
[2017.08.21-08.46.59:824][  0]LogSimplygon: Simplygon DLL not present - disabling.
[2017.08.21-08.46.59:867][  0]LogMeshUtilities: Using SimplygonSwarm for distributed automatic mesh merging
[2017.08.21-08.46.59:867][  0]LogMeshUtilities: No automatic skeletal mesh reduction module available
[2017.08.21-08.46.59:867][  0]LogMeshUtilities: No automatic mesh merging module available
[2017.08.21-08.47.00:449][  0]LogNetVersion: FOTWO02 , NetCL: 3452394, EngineNetVer: 2, GameNetVer: 0 (Checksum: 2990255715)
[2017.08.21-08.47.00:507][  0]LogAssetRegistry: FAssetRegistry took 0.0248 seconds to start up
[2017.08.21-08.47.00:563][  0]LogPackageLocalizationCache: Processed 4 localized package path(s) for 2 prioritized culture(s) in 0.033849 seconds
[2017.08.21-08.47.00:568][  0]LogUObjectArray: 34194 objects as part of root set at end of initial load.
[2017.08.21-08.47.00:568][  0]LogUObjectAllocator: 7260416 out of 0 bytes used by permanent object pool.
[2017.08.21-08.47.00:568][  0]LogUObjectArray: CloseDisregardForGC: 0/0 objects in disregard for GC pool
[2017.08.21-08.47.00:626][  0]LogInit: WinSock: version 1.1 (2.2), MaxSocks=32767, MaxUdp=65467
[2017.08.21-08.47.03:004][  0]LogTcpMessaging: Initializing TcpMessaging bridge
[2017.08.21-08.47.03:060][  0]LogUdpMessaging: Initializing bridge on interface 0.0.0.0:0 to multicast group 230.0.0.1:6666.
[2017.08.21-08.47.03:639][  0]LogMaterial: Uniform references updated for custom material expression Custom.
[2017.08.21-08.47.04:036][  0]SourceControl: Info Source control is disabled
[2017.08.21-08.47.04:065][  0]SourceControl: Info Source control is disabled
[2017.08.21-08.47.04:109][  0]SourceControl: Info Source control is disabled
[2017.08.21-08.47.04:154][  0]SourceControl: Info Source control is disabled
[2017.08.21-08.47.04:797][  0]LogAndroidPermission: UAndroidPermissionCallbackProxy::GetInstance
[2017.08.21-08.47.05:418][  0]LogEngine: Initializing Engine...
[2017.08.21-08.47.05:418][  0]LogHMD: Failed to initialize OpenVR with code 110
[2017.08.21-08.47.05:615][  0]LogStats: UGameplayTagsManager::ConstructGameplayTagTree: Construct from data asset -  0.000 s
[2017.08.21-08.47.05:615][  0]LogStats: UGameplayTagsManager::ConstructGameplayTagTree: GameplayTagTreeChangedEvent.Broadcast -  0.000 s
[2017.08.21-08.47.05:732][  0]LogAIModule: Creating AISystem for world Untitled
[2017.08.21-08.47.05:744][  0]LogInit: XAudio2 using 'Headset Earphone (3- Microsoft LifeChat LX-3000)' : 2 channels at 48 kHz using 16 bits per sample (channel mask 0x3)
[2017.08.21-08.47.05:755][  0]LogInit: FAudioDevice initialized.
[2017.08.21-08.47.05:794][  0]LogDerivedDataCache: Saved boot cache 0.04s 90MB C:/Users/vonkl/AppData/Local/UnrealEngine/4.16/DerivedDataCache/Boot.ddc.
[2017.08.21-08.47.05:806][  0]LogInit: Texture streaming: Enabled
[2017.08.21-08.47.05:895][  0]LogEngineSessionManager: EngineSessionManager initialized
[2017.08.21-08.47.06:090][  0]LogInit: Transaction tracking system initialized
[2017.08.21-08.47.06:400][  0]BlueprintLog: New page: Editor Load
[2017.08.21-08.47.07:270][  0]LocalizationService: Info Localization service is disabled
[2017.08.21-08.47.07:991][  0]LogConsoleResponse:Display: 
[2017.08.21-08.47.08:135][  0]LogCook:Display: Max memory allowance for cook 16384mb min free memory 0mb
[2017.08.21-08.47.08:135][  0]LogCook:Display: Mobile HDR setting 1
[2017.08.21-08.47.09:075][  0]LogFileCache: Scanning file cache for directory 'C:/Unreal/FOTWO/source/FOTWO02/Content/' took 0.02s
[2017.08.21-08.47.09:075][  0]SourceControl: Info Source control is disabled
[2017.08.21-08.47.09:075][  0]Cmd: MAP LOAD FILE="../../../../../../Unreal/FOTWO/source/FOTWO02/Content/2DSideScrollerBP/Maps/2DSideScrollerExampleMap.umap" TEMPLATE=0 SHOWPROGRESS=1 FEATURELEVEL=3
[2017.08.21-08.47.09:075][  0]LogEditorServer:Warning: Can't find file '../../../../../../Unreal/FOTWO/source/FOTWO02/Content/2DSideScrollerBP/Maps/2DSideScrollerExampleMap.umap'
[2017.08.21-08.47.09:075][  0]Cmd: MAP CHECKDEP NOCLEARLOG
[2017.08.21-08.47.09:115][  0]MapCheck: Info Map check complete: 0 Error(s), 0 Warning(s), took 39.645ms to complete.
[2017.08.21-08.47.09:115][  0]LogFileHelpers: Loading map '2DSideScrollerExampleMap' took 0.040
[2017.08.21-08.47.09:233][  0]LogWindowsTextInputMethodSystem:Display: IME system now deactivated.
[2017.08.21-08.47.09:366][  0]LogCollectionManager: Loaded 0 collections in 0.001942 seconds
[2017.08.21-08.47.09:449][  0]LogFileCache: Scanning file cache for directory 'C:/Unreal/FOTWO/source/FOTWO02/Saved/Collections/' took 0.01s
[2017.08.21-08.47.09:449][  0]LogFileCache: Scanning file cache for directory 'C:/Unreal/FOTWO/source/FOTWO02/Content/Developers/vonkl/Collections/' took 0.01s
[2017.08.21-08.47.09:449][  0]LogFileCache: Scanning file cache for directory 'C:/Unreal/FOTWO/source/FOTWO02/Content/Collections/' took 0.00s
[2017.08.21-08.47.09:449][  0]LogCollectionManager: Rebuilt the GUID cache for 0 collections in 0.000001 seconds
[2017.08.21-08.47.09:457][  0]LogContentBrowser: Native class hierarchy populated in 0.0078 seconds. Added 2329 classes and 491 folders.
[2017.08.21-08.47.09:562][  0]LogContentBrowser: Native class hierarchy updated for 'WidgetCarousel' in 0.0010 seconds. Added 0 classes and 0 folders.
[2017.08.21-08.47.09:607][  0]LogContentBrowser: Native class hierarchy updated for 'AddContentDialog' in 0.0005 seconds. Added 0 classes and 0 folders.
[2017.08.21-08.47.09:669][  0]LogContentBrowser: Native class hierarchy updated for 'SceneOutliner' in 0.0007 seconds. Added 1 classes and 2 folders.
[2017.08.21-08.47.09:744][  0]LogCrashTracker: Crashtracker disabled due to settings.
[2017.08.21-08.47.09:750][  0]LogSlate: Took 0.000211 seconds to synchronously load lazily loaded font '../../../Engine/Content/Slate/Fonts/Roboto-Regular.ttf' (155K)
[2017.08.21-08.47.09:752][  0]LogSlate: Took 0.000239 seconds to synchronously load lazily loaded font '../../../Engine/Content/Slate/Fonts/Roboto-Bold.ttf' (160K)
[2017.08.21-08.47.09:759][  0]LogSlate: Took 0.000202 seconds to synchronously load lazily loaded font '../../../Engine/Content/Editor/Slate/Fonts/FontAwesome.ttf' (139K)
[2017.08.21-08.47.09:853][  0]LogRenderer: Reallocating scene render targets to support 1648x932 NumSamples 1 (Frame:1).
[2017.08.21-08.47.09:930][  0]LogUObjectGlobals:Warning: Failed to find object 'Class None.'
[2017.08.21-08.47.09:992][  0]LogContentBrowser: Native class hierarchy updated for 'HierarchicalLODOutliner' in 0.0005 seconds. Added 1 classes and 2 folders.
[2017.08.21-08.47.09:993][  0]LogLoad: (Engine Initialization) Total time: 17.37 seconds
[2017.08.21-08.47.09:993][  0]LogLoad: (Engine Initialization) Total Blueprint compile time: 0.04 seconds
[2017.08.21-08.47.09:993][  0]LogExternalProfiler: Found external profiler: VSPerf
[2017.08.21-08.47.09:993][  0]LogExternalProfiler: Using external profiler: VSPerf
[2017.08.21-08.47.10:013][  0]LogOcInput: OculusInput pre-init called
[2017.08.21-08.47.10:013][  0]LogHMD: Starting GearVRController plugin
[2017.08.21-08.47.10:029][  0]LogContentStreaming: Texture pool size now 1000 MB
[2017.08.21-08.47.10:057][  1]LogAssetRegistry: Asset discovery search completed in 9.5709 seconds
[2017.08.21-08.47.10:058][  1]LogCollectionManager: Rebuilt the object cache for 0 collections in 0.000000 seconds (found 0 objects)
[2017.08.21-08.47.10:058][  1]LogCollectionManager: Fixed up redirectors for 0 collections in 0.000020 seconds (updated 0 objects)
[2017.08.21-08.47.11:067][ 57]LogSlate: Took 0.000291 seconds to synchronously load lazily loaded font '../../../Engine/Content/Slate/Fonts/Roboto-Light.ttf' (159K)
[2017.08.21-08.47.12:744][153]LogSlate: Took 0.000445 seconds to synchronously load lazily loaded font '../../../Engine/Content/Slate/Fonts/Roboto-Light.ttf' (159K)
[2017.08.21-08.47.13:980][153]LogSlate: Took 0.000119 seconds to synchronously load lazily loaded font '../../../Engine/Content/Slate/Fonts/Roboto-Regular.ttf' (155K)
[2017.08.21-08.47.14:133][153]LogAIModule: Creating AISystem for world FOTWO01
[2017.08.21-08.47.14:181][153]Cmd: MAP LOAD FILE="../../../../../../Unreal/FOTWO/source/FOTWO02/Content/2DSideScrollerBP/Maps/FOTWO01.umap" TEMPLATE=0 SHOWPROGRESS=1 FEATURELEVEL=3
[2017.08.21-08.47.14:181][153]LightingResults: New page: Lighting Build
[2017.08.21-08.47.14:230][153]LogContentBrowser: Native class hierarchy updated for 'StatsViewer' in 0.0005 seconds. Added 5 classes and 0 folders.
[2017.08.21-08.47.14:231][153]LoadErrors: New page: Loading map: FOTWO01.umap
[2017.08.21-08.47.14:231][153]MapCheck: New page: Map Check
[2017.08.21-08.47.14:231][153]LightingResults: New page: Lighting Build
[2017.08.21-08.47.14:324][153]LogEditorServer: Finished looking for orphan Actors (0.000 secs)
[2017.08.21-08.47.14:370][153]Cmd: MAP CHECKDEP NOCLEARLOG
[2017.08.21-08.47.14:416][153]MapCheck: Info Map check complete: 0 Error(s), 0 Warning(s), took 45.494ms to complete.
[2017.08.21-08.47.14:416][153]LogFileHelpers: Loading map 'FOTWO01' took 0.236
[2017.08.21-08.48.06:460][579]LogContentBrowser: Native class hierarchy updated for 'BlueprintGraph' in 0.0007 seconds. Added 112 classes and 0 folders.
[2017.08.21-08.48.07:091][579]LogSlate: Took 0.000128 seconds to synchronously load lazily loaded font '../../../Engine/Content/Editor/Slate/Fonts/Roboto-BoldCondensed.ttf' (158K)
[2017.08.21-08.48.09:304][692]LogSlate: Took 0.003501 seconds to synchronously load lazily loaded font '../../../Engine/Content/Slate/Fonts/DroidSansFallback.ttf' (3848K)
[2017.08.21-08.48.32:062][820]LogSlate: Took 0.000163 seconds to synchronously load lazily loaded font '../../../Engine/Content/Editor/Slate/Fonts/Roboto-Italic.ttf' (157K)
[2017.08.21-08.52.48:256][ 86]LogClass:Warning: Type mismatch in PledgeUSACO2eGt of SKEL_NationBAU_C - Previous (FloatProperty) Current(ArrayProperty) for package:  FObjectReader
[2017.08.21-08.52.55:369][447]LogClass:Warning: Type mismatch in PledgeChinaCO2eGt of SKEL_NationBAU_C - Previous (FloatProperty) Current(ArrayProperty) for package:  FObjectReader
[2017.08.21-08.52.59:768][642]LogClass:Warning: Type mismatch in PledgeEuropeCO2eGt of SKEL_NationBAU_C - Previous (FloatProperty) Current(ArrayProperty) for package:  FObjectReader
[2017.08.21-08.53.04:638][867]LogClass:Warning: Type mismatch in PledgeRussiaCO2eGt of SKEL_NationBAU_C - Previous (FloatProperty) Current(ArrayProperty) for package:  FObjectReader
[2017.08.21-08.53.08:445][ 36]LogClass:Warning: Type mismatch in PledgeIndiaCO2eGt of SKEL_NationBAU_C - Previous (FloatProperty) Current(ArrayProperty) for package:  FObjectReader
[2017.08.21-08.53.12:577][227]LogClass:Warning: Type mismatch in PledgeUmbrellaCO2eGt of SKEL_NationBAU_C - Previous (FloatProperty) Current(ArrayProperty) for package:  FObjectReader
[2017.08.21-08.53.16:307][391]LogClass:Warning: Type mismatch in PledgeG77CO2eGt of SKEL_NationBAU_C - Previous (FloatProperty) Current(ArrayProperty) for package:  FObjectReader
[2017.08.21-08.53.17:603][429]BlueprintLog: New page: Compile NationBAU
[2017.08.21-08.53.17:754][429]LogClass:Warning: Type mismatch in PledgeUSACO2eGt of NationBAU_C - Previous (FloatProperty) Current(ArrayProperty) for package:  FObjectReader
[2017.08.21-08.53.17:754][429]LogBlueprint:Warning: [Compiler NationBAU] Warning Can't parse default value '19.730000' for  <None> . Property: PledgeG77CO2eGt.
[2017.08.21-08.53.17:754][429]LogBlueprint:Warning: [Compiler NationBAU] Warning Can't parse default value '19.730000' for  <None> . Property: PledgeUmbrellaCO2eGt.
[2017.08.21-08.53.17:754][429]LogBlueprint:Warning: [Compiler NationBAU] Warning Can't parse default value '19.730000' for  <None> . Property: PledgeIndiaCO2eGt.
[2017.08.21-08.53.17:754][429]LogBlueprint:Warning: [Compiler NationBAU] Warning Can't parse default value '19.730000' for  <None> . Property: PledgeRussiaCO2eGt.
[2017.08.21-08.53.17:754][429]LogBlueprint:Warning: [Compiler NationBAU] Warning Can't parse default value '19.730000' for  <None> . Property: PledgeEuropeCO2eGt.
[2017.08.21-08.53.17:754][429]LogBlueprint:Warning: [Compiler NationBAU] Warning Can't parse default value '19.730000' for  <None> . Property: PledgeChinaCO2eGt.
[2017.08.21-08.53.17:754][429]LogBlueprint:Warning: [Compiler NationBAU] Warning Can't parse default value '19.730000' for  <None> . Property: PledgeUSACO2eGt.
[2017.08.21-08.53.19:736][429]LogSavePackage: Save=895.38ms
[2017.08.21-08.53.19:736][429]LogSavePackage: Moving '../../../../../../Unreal/FOTWO/source/FOTWO02/Saved/ConfHUD13743D044216AACD6E47B09DD7D58376.tmp' to '../../../../../../Unreal/FOTWO/source/FOTWO02/Content/2DSideScrollerBP/Blueprints/User_Interface/ConfHUD.uasset'
[2017.08.21-08.53.19:738][429]LogSavePackage:Display: Finished SavePackage ../../../../../../Unreal/FOTWO/source/FOTWO02/Content/2DSideScrollerBP/Blueprints/User_Interface/ConfHUD.uasset
[2017.08.21-08.53.20:476][429]LogSavePackage: Save=698.66ms
[2017.08.21-08.53.20:476][429]LogSavePackage: Moving '../../../../../../Unreal/FOTWO/source/FOTWO02/Saved/MainHUD336A8ED14264B1AF8FF8DCBD701EACB2.tmp' to '../../../../../../Unreal/FOTWO/source/FOTWO02/Content/2DSideScrollerBP/Blueprints/User_Interface/MainHUD.uasset'
[2017.08.21-08.53.20:479][429]LogSavePackage:Display: Finished SavePackage ../../../../../../Unreal/FOTWO/source/FOTWO02/Content/2DSideScrollerBP/Blueprints/User_Interface/MainHUD.uasset
[2017.08.21-08.53.20:483][429]BlueprintEditorCompileResults:Warning: Warning Can't parse default value '19.730000' for  <None> . Property: PledgeG77CO2eGt.
[2017.08.21-08.53.20:483][429]BlueprintEditorCompileResults:Warning: Warning Can't parse default value '19.730000' for  <None> . Property: PledgeUmbrellaCO2eGt.
[2017.08.21-08.53.20:483][429]BlueprintEditorCompileResults:Warning: Warning Can't parse default value '19.730000' for  <None> . Property: PledgeIndiaCO2eGt.
[2017.08.21-08.53.20:483][429]BlueprintEditorCompileResults:Warning: Warning Can't parse default value '19.730000' for  <None> . Property: PledgeRussiaCO2eGt.
[2017.08.21-08.53.20:483][429]BlueprintEditorCompileResults:Warning: Warning Can't parse default value '19.730000' for  <None> . Property: PledgeEuropeCO2eGt.
[2017.08.21-08.53.20:483][429]BlueprintEditorCompileResults:Warning: Warning Can't parse default value '19.730000' for  <None> . Property: PledgeChinaCO2eGt.
[2017.08.21-08.53.20:483][429]BlueprintEditorCompileResults:Warning: Warning Can't parse default value '19.730000' for  <None> . Property: PledgeUSACO2eGt.
[2017.08.21-08.53.20:484][429]LogBlueprint:Warning: [Compiler NationBAU] Warning [0387.86] Compile of NationBAU successful, but with 7 Warning(s) [in 2,881 ms] (/Game/2DSideScrollerBP/Blueprints/Simulation/NationBAU.NationBAU)
[2017.08.21-08.54.02:842][918]BlueprintLog: New page: Compile NationBAU
[2017.08.21-08.54.04:395][918]LogSavePackage: Save=612.90ms
[2017.08.21-08.54.04:395][918]LogSavePackage: Moving '../../../../../../Unreal/FOTWO/source/FOTWO02/Saved/NationBAU692D962647FE6E769C38C4828A34A2BD.tmp' to '../../../../../../Unreal/FOTWO/source/FOTWO02/Content/2DSideScrollerBP/Blueprints/Simulation/NationBAU.uasset'
[2017.08.21-08.54.04:398][918]LogSavePackage:Display: Finished SavePackage ../../../../../../Unreal/FOTWO/source/FOTWO02/Content/2DSideScrollerBP/Blueprints/Simulation/NationBAU.uasset
[2017.08.21-08.54.27:639][119]BlueprintLog: New page: Compile NationBAU
[2017.08.21-08.54.29:175][119]LogSavePackage: Save=592.35ms
[2017.08.21-08.54.29:175][119]LogSavePackage: Moving '../../../../../../Unreal/FOTWO/source/FOTWO02/Saved/NationBAU162C18F945196564020A8D92F37A1893.tmp' to '../../../../../../Unreal/FOTWO/source/FOTWO02/Content/2DSideScrollerBP/Blueprints/Simulation/NationBAU.uasset'
[2017.08.21-08.54.29:178][119]LogSavePackage:Display: Finished SavePackage ../../../../../../Unreal/FOTWO/source/FOTWO02/Content/2DSideScrollerBP/Blueprints/Simulation/NationBAU.uasset
[2017.08.21-08.55.19:000][637]BlueprintLog: New page: Compile NationBAU
[2017.08.21-08.55.20:528][637]LogSavePackage: Save=595.06ms
[2017.08.21-08.55.20:528][637]LogSavePackage: Moving '../../../../../../Unreal/FOTWO/source/FOTWO02/Saved/NationBAU3A5A920F44565272D4FF2784FE5B4E28.tmp' to '../../../../../../Unreal/FOTWO/source/FOTWO02/Content/2DSideScrollerBP/Blueprints/Simulation/NationBAU.uasset'
[2017.08.21-08.55.20:531][637]LogSavePackage:Display: Finished SavePackage ../../../../../../Unreal/FOTWO/source/FOTWO02/Content/2DSideScrollerBP/Blueprints/Simulation/NationBAU.uasset
[2017.08.21-08.56.11:900][353]BlueprintLog: New page: Compile NationBAU
[2017.08.21-08.56.13:400][353]LogSavePackage: Save=593.35ms
[2017.08.21-08.56.13:400][353]LogSavePackage: Moving '../../../../../../Unreal/FOTWO/source/FOTWO02/Saved/NationBAU9771F3F74C055E47B9F74E97BAF49A44.tmp' to '../../../../../../Unreal/FOTWO/source/FOTWO02/Content/2DSideScrollerBP/Blueprints/Simulation/NationBAU.uasset'
[2017.08.21-08.56.13:403][353]LogSavePackage:Display: Finished SavePackage ../../../../../../Unreal/FOTWO/source/FOTWO02/Content/2DSideScrollerBP/Blueprints/Simulation/NationBAU.uasset
[2017.08.21-08.56.34:267][426]BlueprintLog: New page: Compile NationBAU
[2017.08.21-08.56.35:765][426]LogSavePackage: Save=577.90ms
[2017.08.21-08.56.35:765][426]LogSavePackage: Moving '../../../../../../Unreal/FOTWO/source/FOTWO02/Saved/NationBAUBF2CC6C4419AFEB42A308C9EBCFA0305.tmp' to '../../../../../../Unreal/FOTWO/source/FOTWO02/Content/2DSideScrollerBP/Blueprints/Simulation/NationBAU.uasset'
[2017.08.21-08.56.35:768][426]LogSavePackage:Display: Finished SavePackage ../../../../../../Unreal/FOTWO/source/FOTWO02/Content/2DSideScrollerBP/Blueprints/Simulation/NationBAU.uasset
[2017.08.21-08.56.37:963][473]LogSavePackage: Save=619.40ms
[2017.08.21-08.56.37:963][473]LogSavePackage: Moving '../../../../../../Unreal/FOTWO/source/FOTWO02/Saved/NationBAU40A3CF374C82F618B830D9BBB4E999CA.tmp' to '../../../../../../Unreal/FOTWO/source/FOTWO02/Content/2DSideScrollerBP/Blueprints/Simulation/NationBAU.uasset'
[2017.08.21-08.56.37:964][473]LogSavePackage:Display: Finished SavePackage ../../../../../../Unreal/FOTWO/source/FOTWO02/Content/2DSideScrollerBP/Blueprints/Simulation/NationBAU.uasset
[2017.08.21-08.57.11:041][372]BlueprintLog: New page: Compile MainHUD
[2017.08.21-08.57.12:153][372]LogSavePackage: Save=739.11ms
[2017.08.21-08.57.12:153][372]LogSavePackage: Moving '../../../../../../Unreal/FOTWO/source/FOTWO02/Saved/MainHUD2C0C97784A3BB8EDE92446B81A66363C.tmp' to '../../../../../../Unreal/FOTWO/source/FOTWO02/Content/2DSideScrollerBP/Blueprints/User_Interface/MainHUD.uasset'
[2017.08.21-08.57.12:156][372]LogSavePackage:Display: Finished SavePackage ../../../../../../Unreal/FOTWO/source/FOTWO02/Content/2DSideScrollerBP/Blueprints/User_Interface/MainHUD.uasset
[2017.08.21-08.57.12:160][372]BlueprintEditorCompileResults: Info Fast Template Successfully Created.
[2017.08.21-08.57.21:413][908]LogTemp: Repeting last play command: Selected Viewport
[2017.08.21-08.57.21:466][908]LogBlueprintUserMessages: Early PlayInEditor Detection: Level '/Game/2DSideScrollerBP/Maps/FOTWO01.FOTWO01:PersistentLevel' has LevelScriptBlueprint '/Game/2DSideScrollerBP/Maps/FOTWO01.FOTWO01:PersistentLevel.FOTWO01' with GeneratedClass '/Game/2DSideScrollerBP/Maps/FOTWO01.FOTWO01_C' with ClassGeneratedBy '/Game/2DSideScrollerBP/Maps/FOTWO01.FOTWO01:PersistentLevel.FOTWO01'
[2017.08.21-08.57.21:466][908]LogPlayLevel: PlayLevel: No blueprints needed recompiling
[2017.08.21-08.57.21:466][908]PIE: New page: PIE session: FOTWO01 (21 Aug 2017 12:57:21)
[2017.08.21-08.57.21:466][908]LogPlayLevel: Creating play world package: /Game/2DSideScrollerBP/Maps/UEDPIE_0_FOTWO01
[2017.08.21-08.57.21:468][908]LogPlayLevel: PIE: StaticDuplicateObject took: (0.001594s)
[2017.08.21-08.57.21:468][908]LogAIModule: Creating AISystem for world FOTWO01
[2017.08.21-08.57.21:469][908]LogPlayLevel: PIE: World Init took: (0.000577s)
[2017.08.21-08.57.21:469][908]LogPlayLevel: PIE: Created PIE world by copying editor world from /Game/2DSideScrollerBP/Maps/FOTWO01.FOTWO01 to /Game/2DSideScrollerBP/Maps/UEDPIE_0_FOTWO01.FOTWO01 (0.002340s)
[2017.08.21-08.57.21:493][908]LogInit: XAudio2 using 'Headset Earphone (3- Microsoft LifeChat LX-3000)' : 2 channels at 48 kHz using 16 bits per sample (channel mask 0x3)
[2017.08.21-08.57.21:500][908]LogInit: FAudioDevice initialized.
[2017.08.21-08.57.21:543][908]LogLoad: Game class is 'FOTWOGameMode_C'
[2017.08.21-08.57.21:545][908]LogWorld: Bringing World /Game/2DSideScrollerBP/Maps/UEDPIE_0_FOTWO01.FOTWO01 up for play (max tick rate 60) at 2017.08.21-10.57.21
[2017.08.21-08.57.21:545][908]LogWorld: Bringing up level for play took: 0.001009
[2017.08.21-08.57.21:585][908]LogContentBrowser: Native class hierarchy updated for 'MovieSceneCapture' in 0.0006 seconds. Added 11 classes and 0 folders.
[2017.08.21-08.57.21:597][908]PIE: Info Play in editor start time for /Game/2DSideScrollerBP/Maps/UEDPIE_0_FOTWO01 -0.279
[2017.08.21-08.57.21:597][908]LogBlueprintUserMessages: Late PlayInEditor Detection: Level '/Game/2DSideScrollerBP/Maps/FOTWO01.FOTWO01:PersistentLevel' has LevelScriptBlueprint '/Game/2DSideScrollerBP/Maps/FOTWO01.FOTWO01:PersistentLevel.FOTWO01' with GeneratedClass '/Game/2DSideScrollerBP/Maps/FOTWO01.FOTWO01_C' with ClassGeneratedBy '/Game/2DSideScrollerBP/Maps/FOTWO01.FOTWO01:PersistentLevel.FOTWO01'
[2017.08.21-08.57.49:817][597]LogBlueprintUserMessages: Early EndPlayMap Detection: Level '/Game/2DSideScrollerBP/Maps/FOTWO01.FOTWO01:PersistentLevel' has LevelScriptBlueprint '/Game/2DSideScrollerBP/Maps/FOTWO01.FOTWO01:PersistentLevel.FOTWO01' with GeneratedClass '/Game/2DSideScrollerBP/Maps/FOTWO01.FOTWO01_C' with ClassGeneratedBy '/Game/2DSideScrollerBP/Maps/FOTWO01.FOTWO01:PersistentLevel.FOTWO01'
[2017.08.21-08.57.49:862][597]LogBlueprintUserMessages: Late EndPlayMap Detection: Level '/Game/2DSideScrollerBP/Maps/FOTWO01.FOTWO01:PersistentLevel' has LevelScriptBlueprint '/Game/2DSideScrollerBP/Maps/FOTWO01.FOTWO01:PersistentLevel.FOTWO01' with GeneratedClass '/Game/2DSideScrollerBP/Maps/FOTWO01.FOTWO01_C' with ClassGeneratedBy '/Game/2DSideScrollerBP/Maps/FOTWO01.FOTWO01:PersistentLevel.FOTWO01'
[2017.08.21-08.58.22:718][851]LogSavePackage: Save=150.09ms
[2017.08.21-08.58.22:718][851]LogSavePackage: Moving '../../../../../../Unreal/FOTWO/source/FOTWO02/Saved/FOTWO01_Auto1F91EFA83412B34C84C6030908C6D76F0.tmp' to '../../../../../../Unreal/FOTWO/source/FOTWO02/Saved/Autosaves/Game/2DSideScrollerBP/Maps/FOTWO01_Auto1.umap'
[2017.08.21-08.58.22:719][851]LogSavePackage:Display: Finished SavePackage ../../../../../../Unreal/FOTWO/source/FOTWO02/Saved/Autosaves/Game/2DSideScrollerBP/Maps/FOTWO01_Auto1.umap
[2017.08.21-08.58.22:721][851]LogFileHelpers: Editor autosave (incl. sublevels) for '/Game/2DSideScrollerBP/Maps/FOTWO01' took 0.249
[2017.08.21-08.58.22:721][851]LogFileHelpers: Editor autosave (incl. sublevels) for all levels took 0.249
[2017.08.21-09.08.23:489][149]LogFileHelpers: Editor autosave (incl. sublevels) for '/Game/2DSideScrollerBP/Maps/FOTWO01' took 0.051
[2017.08.21-09.08.23:491][149]OBJ SavePackage: Generating thumbnails for [0] asset(s) in package [/Game/2DSideScrollerBP/Blueprints/User_Interface/ConfHUD] ([1] browsable assets)...
[2017.08.21-09.08.23:491][149]OBJ SavePackage: Finished generating thumbnails for package [/Game/2DSideScrollerBP/Blueprints/User_Interface/ConfHUD]
[2017.08.21-09.08.24:431][149]LogSavePackage: Save=906.03ms
[2017.08.21-09.08.24:431][149]LogSavePackage: Moving '../../../../../../Unreal/FOTWO/source/FOTWO02/Saved/ConfHUD_Auto22753B4D74E90B8816AA48684F672B9C1.tmp' to '../../../../../../Unreal/FOTWO/source/FOTWO02/Saved/Autosaves/Game/2DSideScrollerBP/Blueprints/User_Interface/ConfHUD_Auto2.uasset'
[2017.08.21-09.08.24:433][149]LogSavePackage:Display: Finished SavePackage ../../../../../../Unreal/FOTWO/source/FOTWO02/Saved/Autosaves/Game/2DSideScrollerBP/Blueprints/User_Interface/ConfHUD_Auto2.uasset
[2017.08.21-09.08.24:433][149]LogFileHelpers: Auto-saving content packages took 0.944
[2017.08.21-09.30.32:819][798]LogFileHelpers: Editor autosave (incl. sublevels) for '/Game/2DSideScrollerBP/Maps/FOTWO01' took 0.027
[2017.08.21-09.30.32:821][798]OBJ SavePackage: Generating thumbnails for [0] asset(s) in package [/Game/2DSideScrollerBP/Blueprints/User_Interface/ConfHUD] ([1] browsable assets)...
[2017.08.21-09.30.32:821][798]OBJ SavePackage: Finished generating thumbnails for package [/Game/2DSideScrollerBP/Blueprints/User_Interface/ConfHUD]
[2017.08.21-09.30.33:815][798]LogSavePackage: Save=958.70ms
[2017.08.21-09.30.33:815][798]LogSavePackage: Moving '../../../../../../Unreal/FOTWO/source/FOTWO02/Saved/ConfHUD_Auto3E3EE99B94CD15ECB9817849EC027498B.tmp' to '../../../../../../Unreal/FOTWO/source/FOTWO02/Saved/Autosaves/Game/2DSideScrollerBP/Blueprints/User_Interface/ConfHUD_Auto3.uasset'
[2017.08.21-09.30.33:816][798]LogSavePackage:Display: Finished SavePackage ../../../../../../Unreal/FOTWO/source/FOTWO02/Saved/Autosaves/Game/2DSideScrollerBP/Blueprints/User_Interface/ConfHUD_Auto3.uasset
[2017.08.21-09.30.33:816][798]LogFileHelpers: Auto-saving content packages took 0.997
[2017.08.21-09.32.30:710][491]BlueprintLog: New page: Compile ConfHUD
[2017.08.21-09.32.32:199][491]LogSavePackage: Save=915.98ms
[2017.08.21-09.32.32:199][491]LogSavePackage: Moving '../../../../../../Unreal/FOTWO/source/FOTWO02/Saved/ConfHUD3F1BB0224C2F5E2A19436492FAF012C5.tmp' to '../../../../../../Unreal/FOTWO/source/FOTWO02/Content/2DSideScrollerBP/Blueprints/User_Interface/ConfHUD.uasset'
[2017.08.21-09.32.32:201][491]LogSavePackage:Display: Finished SavePackage ../../../../../../Unreal/FOTWO/source/FOTWO02/Content/2DSideScrollerBP/Blueprints/User_Interface/ConfHUD.uasset
[2017.08.21-09.32.32:205][491]BlueprintEditorCompileResults: Info Fast Template Successfully Created.
[2017.08.21-09.32.36:003][708]LogTemp: Repeting last play command: Selected Viewport
[2017.08.21-09.32.36:026][708]LogBlueprintUserMessages: Early PlayInEditor Detection: Level '/Game/2DSideScrollerBP/Maps/FOTWO01.FOTWO01:PersistentLevel' has LevelScriptBlueprint '/Game/2DSideScrollerBP/Maps/FOTWO01.FOTWO01:PersistentLevel.FOTWO01' with GeneratedClass '/Game/2DSideScrollerBP/Maps/FOTWO01.FOTWO01_C' with ClassGeneratedBy '/Game/2DSideScrollerBP/Maps/FOTWO01.FOTWO01:PersistentLevel.FOTWO01'
[2017.08.21-09.32.36:026][708]LogPlayLevel: PlayLevel: No blueprints needed recompiling
[2017.08.21-09.32.36:026][708]PIE: New page: PIE session: FOTWO01 (21 Aug 2017 13:32:36)
[2017.08.21-09.32.36:026][708]LogPlayLevel: Creating play world package: /Game/2DSideScrollerBP/Maps/UEDPIE_0_FOTWO01
[2017.08.21-09.32.36:027][708]LogPlayLevel: PIE: StaticDuplicateObject took: (0.001514s)
[2017.08.21-09.32.36:028][708]LogAIModule: Creating AISystem for world FOTWO01
[2017.08.21-09.32.36:028][708]LogPlayLevel: PIE: World Init took: (0.000639s)
[2017.08.21-09.32.36:028][708]LogPlayLevel: PIE: Created PIE world by copying editor world from /Game/2DSideScrollerBP/Maps/FOTWO01.FOTWO01 to /Game/2DSideScrollerBP/Maps/UEDPIE_0_FOTWO01.FOTWO01 (0.002422s)
[2017.08.21-09.32.36:052][708]LogInit: XAudio2 using 'Headset Earphone (3- Microsoft LifeChat LX-3000)' : 2 channels at 48 kHz using 16 bits per sample (channel mask 0x3)
[2017.08.21-09.32.36:058][708]LogInit: FAudioDevice initialized.
[2017.08.21-09.32.36:089][708]LogLoad: Game class is 'FOTWOGameMode_C'
[2017.08.21-09.32.36:091][708]LogWorld: Bringing World /Game/2DSideScrollerBP/Maps/UEDPIE_0_FOTWO01.FOTWO01 up for play (max tick rate 60) at 2017.08.21-11.32.36
[2017.08.21-09.32.36:091][708]LogWorld: Bringing up level for play took: 0.000944
[2017.08.21-09.32.36:102][708]PIE: Info Play in editor start time for /Game/2DSideScrollerBP/Maps/UEDPIE_0_FOTWO01 0.226
[2017.08.21-09.32.36:102][708]LogBlueprintUserMessages: Late PlayInEditor Detection: Level '/Game/2DSideScrollerBP/Maps/FOTWO01.FOTWO01:PersistentLevel' has LevelScriptBlueprint '/Game/2DSideScrollerBP/Maps/FOTWO01.FOTWO01:PersistentLevel.FOTWO01' with GeneratedClass '/Game/2DSideScrollerBP/Maps/FOTWO01.FOTWO01_C' with ClassGeneratedBy '/Game/2DSideScrollerBP/Maps/FOTWO01.FOTWO01:PersistentLevel.FOTWO01'
[2017.08.21-09.33.08:511][651]LogBlueprintUserMessages: Early EndPlayMap Detection: Level '/Game/2DSideScrollerBP/Maps/FOTWO01.FOTWO01:PersistentLevel' has LevelScriptBlueprint '/Game/2DSideScrollerBP/Maps/FOTWO01.FOTWO01:PersistentLevel.FOTWO01' with GeneratedClass '/Game/2DSideScrollerBP/Maps/FOTWO01.FOTWO01_C' with ClassGeneratedBy '/Game/2DSideScrollerBP/Maps/FOTWO01.FOTWO01:PersistentLevel.FOTWO01'
[2017.08.21-09.33.08:557][651]LogBlueprintUserMessages: Late EndPlayMap Detection: Level '/Game/2DSideScrollerBP/Maps/FOTWO01.FOTWO01:PersistentLevel' has LevelScriptBlueprint '/Game/2DSideScrollerBP/Maps/FOTWO01.FOTWO01:PersistentLevel.FOTWO01' with GeneratedClass '/Game/2DSideScrollerBP/Maps/FOTWO01.FOTWO01_C' with ClassGeneratedBy '/Game/2DSideScrollerBP/Maps/FOTWO01.FOTWO01:PersistentLevel.FOTWO01'
[2017.08.21-09.33.56:519][304]BlueprintLog: New page: Compile ConfHUD
[2017.08.21-09.33.57:862][304]LogSavePackage: Save=913.77ms
[2017.08.21-09.33.57:862][304]LogSavePackage: Moving '../../../../../../Unreal/FOTWO/source/FOTWO02/Saved/ConfHUD3F62916940873FF644C96D8DCEE859CC.tmp' to '../../../../../../Unreal/FOTWO/source/FOTWO02/Content/2DSideScrollerBP/Blueprints/User_Interface/ConfHUD.uasset'
[2017.08.21-09.33.57:865][304]LogSavePackage:Display: Finished SavePackage ../../../../../../Unreal/FOTWO/source/FOTWO02/Content/2DSideScrollerBP/Blueprints/User_Interface/ConfHUD.uasset
[2017.08.21-09.33.57:869][304]BlueprintEditorCompileResults: Info Fast Template Successfully Created.
[2017.08.21-09.34.02:763][588]LogTemp: Repeting last play command: Selected Viewport
[2017.08.21-09.34.02:794][588]LogBlueprintUserMessages: Early PlayInEditor Detection: Level '/Game/2DSideScrollerBP/Maps/FOTWO01.FOTWO01:PersistentLevel' has LevelScriptBlueprint '/Game/2DSideScrollerBP/Maps/FOTWO01.FOTWO01:PersistentLevel.FOTWO01' with GeneratedClass '/Game/2DSideScrollerBP/Maps/FOTWO01.FOTWO01_C' with ClassGeneratedBy '/Game/2DSideScrollerBP/Maps/FOTWO01.FOTWO01:PersistentLevel.FOTWO01'
[2017.08.21-09.34.02:794][588]LogPlayLevel: PlayLevel: No blueprints needed recompiling
[2017.08.21-09.34.02:794][588]PIE: New page: PIE session: FOTWO01 (21 Aug 2017 13:34:02)
[2017.08.21-09.34.02:794][588]LogPlayLevel: Creating play world package: /Game/2DSideScrollerBP/Maps/UEDPIE_0_FOTWO01
[2017.08.21-09.34.02:795][588]LogPlayLevel: PIE: StaticDuplicateObject took: (0.001216s)
[2017.08.21-09.34.02:796][588]LogAIModule: Creating AISystem for world FOTWO01
[2017.08.21-09.34.02:796][588]LogPlayLevel: PIE: World Init took: (0.000488s)
[2017.08.21-09.34.02:796][588]LogPlayLevel: PIE: Created PIE world by copying editor world from /Game/2DSideScrollerBP/Maps/FOTWO01.FOTWO01 to /Game/2DSideScrollerBP/Maps/UEDPIE_0_FOTWO01.FOTWO01 (0.001838s)
[2017.08.21-09.34.02:820][588]LogInit: XAudio2 using 'Headset Earphone (3- Microsoft LifeChat LX-3000)' : 2 channels at 48 kHz using 16 bits per sample (channel mask 0x3)
[2017.08.21-09.34.02:828][588]LogInit: FAudioDevice initialized.
[2017.08.21-09.34.02:862][588]LogLoad: Game class is 'FOTWOGameMode_C'
[2017.08.21-09.34.02:864][588]LogWorld: Bringing World /Game/2DSideScrollerBP/Maps/UEDPIE_0_FOTWO01.FOTWO01 up for play (max tick rate 60) at 2017.08.21-11.34.02
[2017.08.21-09.34.02:864][588]LogWorld: Bringing up level for play took: 0.000807
[2017.08.21-09.34.02:876][588]PIE: Info Play in editor start time for /Game/2DSideScrollerBP/Maps/UEDPIE_0_FOTWO01 1
[2017.08.21-09.34.02:876][588]LogBlueprintUserMessages: Late PlayInEditor Detection: Level '/Game/2DSideScrollerBP/Maps/FOTWO01.FOTWO01:PersistentLevel' has LevelScriptBlueprint '/Game/2DSideScrollerBP/Maps/FOTWO01.FOTWO01:PersistentLevel.FOTWO01' with GeneratedClass '/Game/2DSideScrollerBP/Maps/FOTWO01.FOTWO01_C' with ClassGeneratedBy '/Game/2DSideScrollerBP/Maps/FOTWO01.FOTWO01:PersistentLevel.FOTWO01'
[2017.08.21-09.34.19:106][561]LogBlueprintUserMessages: Early EndPlayMap Detection: Level '/Game/2DSideScrollerBP/Maps/FOTWO01.FOTWO01:PersistentLevel' has LevelScriptBlueprint '/Game/2DSideScrollerBP/Maps/FOTWO01.FOTWO01:PersistentLevel.FOTWO01' with GeneratedClass '/Game/2DSideScrollerBP/Maps/FOTWO01.FOTWO01_C' with ClassGeneratedBy '/Game/2DSideScrollerBP/Maps/FOTWO01.FOTWO01:PersistentLevel.FOTWO01'
[2017.08.21-09.34.19:153][561]LogBlueprintUserMessages: Late EndPlayMap Detection: Level '/Game/2DSideScrollerBP/Maps/FOTWO01.FOTWO01:PersistentLevel' has LevelScriptBlueprint '/Game/2DSideScrollerBP/Maps/FOTWO01.FOTWO01:PersistentLevel.FOTWO01' with GeneratedClass '/Game/2DSideScrollerBP/Maps/FOTWO01.FOTWO01_C' with ClassGeneratedBy '/Game/2DSideScrollerBP/Maps/FOTWO01.FOTWO01:PersistentLevel.FOTWO01'
[2017.08.21-09.35.51:080][540]BlueprintLog: New page: Compile ConfHUD
[2017.08.21-09.35.52:796][540]LogSavePackage: Save=972.50ms
[2017.08.21-09.35.52:796][540]LogSavePackage: Moving '../../../../../../Unreal/FOTWO/source/FOTWO02/Saved/ConfHUDD118A5F948B8A5FE7CA258B1339E0BB5.tmp' to '../../../../../../Unreal/FOTWO/source/FOTWO02/Content/2DSideScrollerBP/Blueprints/User_Interface/ConfHUD.uasset'
[2017.08.21-09.35.52:799][540]LogSavePackage:Display: Finished SavePackage ../../../../../../Unreal/FOTWO/source/FOTWO02/Content/2DSideScrollerBP/Blueprints/User_Interface/ConfHUD.uasset
[2017.08.21-09.35.52:804][540]BlueprintEditorCompileResults: Info Fast Template Successfully Created.
[2017.08.21-09.42.26:484][828]BlueprintLog: New page: Compile ConfHUD
[2017.08.21-09.42.27:839][828]LogSavePackage: Save=928.85ms
[2017.08.21-09.42.27:839][828]LogSavePackage: Moving '../../../../../../Unreal/FOTWO/source/FOTWO02/Saved/ConfHUDD18CC5164D53E40222BE529E26A5D1D1.tmp' to '../../../../../../Unreal/FOTWO/source/FOTWO02/Content/2DSideScrollerBP/Blueprints/User_Interface/ConfHUD.uasset'
[2017.08.21-09.42.27:843][828]LogSavePackage:Display: Finished SavePackage ../../../../../../Unreal/FOTWO/source/FOTWO02/Content/2DSideScrollerBP/Blueprints/User_Interface/ConfHUD.uasset
[2017.08.21-09.42.27:846][828]BlueprintEditorCompileResults: Info Fast Template Successfully Created.
[2017.08.21-09.42.30:660][994]LogTemp: Repeting last play command: Selected Viewport
[2017.08.21-09.42.30:691][994]LogBlueprintUserMessages: Early PlayInEditor Detection: Level '/Game/2DSideScrollerBP/Maps/FOTWO01.FOTWO01:PersistentLevel' has LevelScriptBlueprint '/Game/2DSideScrollerBP/Maps/FOTWO01.FOTWO01:PersistentLevel.FOTWO01' with GeneratedClass '/Game/2DSideScrollerBP/Maps/FOTWO01.FOTWO01_C' with ClassGeneratedBy '/Game/2DSideScrollerBP/Maps/FOTWO01.FOTWO01:PersistentLevel.FOTWO01'
[2017.08.21-09.42.30:691][994]LogPlayLevel: PlayLevel: No blueprints needed recompiling
[2017.08.21-09.42.30:691][994]PIE: New page: PIE session: FOTWO01 (21 Aug 2017 13:42:30)
[2017.08.21-09.42.30:691][994]LogPlayLevel: Creating play world package: /Game/2DSideScrollerBP/Maps/UEDPIE_0_FOTWO01
[2017.08.21-09.42.30:693][994]LogPlayLevel: PIE: StaticDuplicateObject took: (0.001489s)
[2017.08.21-09.42.30:694][994]LogAIModule: Creating AISystem for world FOTWO01
[2017.08.21-09.42.30:694][994]LogPlayLevel: PIE: World Init took: (0.000651s)
[2017.08.21-09.42.30:694][994]LogPlayLevel: PIE: Created PIE world by copying editor world from /Game/2DSideScrollerBP/Maps/FOTWO01.FOTWO01 to /Game/2DSideScrollerBP/Maps/UEDPIE_0_FOTWO01.FOTWO01 (0.002339s)
[2017.08.21-09.42.30:720][994]LogInit: XAudio2 using 'Headset Earphone (3- Microsoft LifeChat LX-3000)' : 2 channels at 48 kHz using 16 bits per sample (channel mask 0x3)
[2017.08.21-09.42.30:727][994]LogInit: FAudioDevice initialized.
[2017.08.21-09.42.30:757][994]LogLoad: Game class is 'FOTWOGameMode_C'
[2017.08.21-09.42.30:760][994]LogWorld: Bringing World /Game/2DSideScrollerBP/Maps/UEDPIE_0_FOTWO01.FOTWO01 up for play (max tick rate 60) at 2017.08.21-11.42.30
[2017.08.21-09.42.30:760][994]LogWorld: Bringing up level for play took: 0.001305
[2017.08.21-09.42.30:782][994]PIE: Info Play in editor start time for /Game/2DSideScrollerBP/Maps/UEDPIE_0_FOTWO01 0.906
[2017.08.21-09.42.30:783][994]LogBlueprintUserMessages: Late PlayInEditor Detection: Level '/Game/2DSideScrollerBP/Maps/FOTWO01.FOTWO01:PersistentLevel' has LevelScriptBlueprint '/Game/2DSideScrollerBP/Maps/FOTWO01.FOTWO01:PersistentLevel.FOTWO01' with GeneratedClass '/Game/2DSideScrollerBP/Maps/FOTWO01.FOTWO01_C' with ClassGeneratedBy '/Game/2DSideScrollerBP/Maps/FOTWO01.FOTWO01:PersistentLevel.FOTWO01'
[2017.08.21-09.42.42:732][709]LogBlueprintUserMessages: Early EndPlayMap Detection: Level '/Game/2DSideScrollerBP/Maps/FOTWO01.FOTWO01:PersistentLevel' has LevelScriptBlueprint '/Game/2DSideScrollerBP/Maps/FOTWO01.FOTWO01:PersistentLevel.FOTWO01' with GeneratedClass '/Game/2DSideScrollerBP/Maps/FOTWO01.FOTWO01_C' with ClassGeneratedBy '/Game/2DSideScrollerBP/Maps/FOTWO01.FOTWO01:PersistentLevel.FOTWO01'
[2017.08.21-09.42.42:781][709]LogBlueprintUserMessages: Late EndPlayMap Detection: Level '/Game/2DSideScrollerBP/Maps/FOTWO01.FOTWO01:PersistentLevel' has LevelScriptBlueprint '/Game/2DSideScrollerBP/Maps/FOTWO01.FOTWO01:PersistentLevel.FOTWO01' with GeneratedClass '/Game/2DSideScrollerBP/Maps/FOTWO01.FOTWO01_C' with ClassGeneratedBy '/Game/2DSideScrollerBP/Maps/FOTWO01.FOTWO01:PersistentLevel.FOTWO01'
[2017.08.21-09.43.31:523][589]BlueprintLog: New page: Compile ConfHUD
[2017.08.21-09.43.32:866][589]LogSavePackage: Save=949.04ms
[2017.08.21-09.43.32:866][589]LogSavePackage: Moving '../../../../../../Unreal/FOTWO/source/FOTWO02/Saved/ConfHUD1324ED8546B54F4CA410C19ED69CAD9E.tmp' to '../../../../../../Unreal/FOTWO/source/FOTWO02/Content/2DSideScrollerBP/Blueprints/User_Interface/ConfHUD.uasset'
[2017.08.21-09.43.32:869][589]LogSavePackage:Display: Finished SavePackage ../../../../../../Unreal/FOTWO/source/FOTWO02/Content/2DSideScrollerBP/Blueprints/User_Interface/ConfHUD.uasset
[2017.08.21-09.43.32:874][589]BlueprintEditorCompileResults: Info Fast Template Successfully Created.
[2017.08.21-09.43.35:098][718]LogTemp: Repeting last play command: Selected Viewport
[2017.08.21-09.43.35:120][718]LogBlueprintUserMessages: Early PlayInEditor Detection: Level '/Game/2DSideScrollerBP/Maps/FOTWO01.FOTWO01:PersistentLevel' has LevelScriptBlueprint '/Game/2DSideScrollerBP/Maps/FOTWO01.FOTWO01:PersistentLevel.FOTWO01' with GeneratedClass '/Game/2DSideScrollerBP/Maps/FOTWO01.FOTWO01_C' with ClassGeneratedBy '/Game/2DSideScrollerBP/Maps/FOTWO01.FOTWO01:PersistentLevel.FOTWO01'
[2017.08.21-09.43.35:120][718]LogPlayLevel: PlayLevel: No blueprints needed recompiling
[2017.08.21-09.43.35:121][718]PIE: New page: PIE session: FOTWO01 (21 Aug 2017 13:43:35)
[2017.08.21-09.43.35:121][718]LogPlayLevel: Creating play world package: /Game/2DSideScrollerBP/Maps/UEDPIE_0_FOTWO01
[2017.08.21-09.43.35:122][718]LogPlayLevel: PIE: StaticDuplicateObject took: (0.001277s)
[2017.08.21-09.43.35:122][718]LogAIModule: Creating AISystem for world FOTWO01
[2017.08.21-09.43.35:122][718]LogPlayLevel: PIE: World Init took: (0.000558s)
[2017.08.21-09.43.35:123][718]LogPlayLevel: PIE: Created PIE world by copying editor world from /Game/2DSideScrollerBP/Maps/FOTWO01.FOTWO01 to /Game/2DSideScrollerBP/Maps/UEDPIE_0_FOTWO01.FOTWO01 (0.002010s)
[2017.08.21-09.43.35:148][718]LogInit: XAudio2 using 'Headset Earphone (3- Microsoft LifeChat LX-3000)' : 2 channels at 48 kHz using 16 bits per sample (channel mask 0x3)
[2017.08.21-09.43.35:154][718]LogInit: FAudioDevice initialized.
[2017.08.21-09.43.35:187][718]LogLoad: Game class is 'FOTWOGameMode_C'
[2017.08.21-09.43.35:190][718]LogWorld: Bringing World /Game/2DSideScrollerBP/Maps/UEDPIE_0_FOTWO01.FOTWO01 up for play (max tick rate 60) at 2017.08.21-11.43.35
[2017.08.21-09.43.35:190][718]LogWorld: Bringing up level for play took: 0.001012
[2017.08.21-09.43.35:202][718]PIE: Info Play in editor start time for /Game/2DSideScrollerBP/Maps/UEDPIE_0_FOTWO01 -0.674
[2017.08.21-09.43.35:202][718]LogBlueprintUserMessages: Late PlayInEditor Detection: Level '/Game/2DSideScrollerBP/Maps/FOTWO01.FOTWO01:PersistentLevel' has LevelScriptBlueprint '/Game/2DSideScrollerBP/Maps/FOTWO01.FOTWO01:PersistentLevel.FOTWO01' with GeneratedClass '/Game/2DSideScrollerBP/Maps/FOTWO01.FOTWO01_C' with ClassGeneratedBy '/Game/2DSideScrollerBP/Maps/FOTWO01.FOTWO01:PersistentLevel.FOTWO01'
[2017.08.21-09.43.53:399][809]LogBlueprintUserMessages: Early EndPlayMap Detection: Level '/Game/2DSideScrollerBP/Maps/FOTWO01.FOTWO01:PersistentLevel' has LevelScriptBlueprint '/Game/2DSideScrollerBP/Maps/FOTWO01.FOTWO01:PersistentLevel.FOTWO01' with GeneratedClass '/Game/2DSideScrollerBP/Maps/FOTWO01.FOTWO01_C' with ClassGeneratedBy '/Game/2DSideScrollerBP/Maps/FOTWO01.FOTWO01:PersistentLevel.FOTWO01'
[2017.08.21-09.43.53:453][809]LogBlueprintUserMessages: Late EndPlayMap Detection: Level '/Game/2DSideScrollerBP/Maps/FOTWO01.FOTWO01:PersistentLevel' has LevelScriptBlueprint '/Game/2DSideScrollerBP/Maps/FOTWO01.FOTWO01:PersistentLevel.FOTWO01' with GeneratedClass '/Game/2DSideScrollerBP/Maps/FOTWO01.FOTWO01_C' with ClassGeneratedBy '/Game/2DSideScrollerBP/Maps/FOTWO01.FOTWO01:PersistentLevel.FOTWO01'
[2017.08.21-09.45.43:206][ 15]BlueprintLog: New page: Compile NationBAU
[2017.08.21-09.45.43:541][ 15]LogBlueprint:Error: [Compiler ConfHUD] Error The current value of the ' Array ' pin is invalid: Array inputs (like 'Array') must have an input wired into them (try connecting a MakeArray node).
[2017.08.21-09.45.43:541][ 15]LogBlueprint:Error: [Compiler ConfHUD] Error The current value of the ' Array ' pin is invalid: Array inputs (like 'Array') must have an input wired into them (try connecting a MakeArray node).
[2017.08.21-09.49.27:548][886]BlueprintLog: New page: Compile NationBAU
[2017.08.21-09.49.27:942][886]LogBlueprint:Error: [Compiler ConfHUD] Error The current value of the ' Array ' pin is invalid: Array inputs (like 'Array') must have an input wired into them (try connecting a MakeArray node).
[2017.08.21-09.49.27:942][886]LogBlueprint:Error: [Compiler ConfHUD] Error The current value of the ' Array ' pin is invalid: Array inputs (like 'Array') must have an input wired into them (try connecting a MakeArray node).
[2017.08.21-09.49.29:573][886]LogSavePackage: Save=600.92ms
[2017.08.21-09.49.29:573][886]LogSavePackage: Moving '../../../../../../Unreal/FOTWO/source/FOTWO02/Saved/NationBAU66AE27C54CDF9985F00654BFD297A1F9.tmp' to '../../../../../../Unreal/FOTWO/source/FOTWO02/Content/2DSideScrollerBP/Blueprints/Simulation/NationBAU.uasset'
[2017.08.21-09.49.29:576][886]LogSavePackage:Display: Finished SavePackage ../../../../../../Unreal/FOTWO/source/FOTWO02/Content/2DSideScrollerBP/Blueprints/Simulation/NationBAU.uasset
[2017.08.21-09.50.28:789][283]BlueprintLog: New page: Compile ConfHUD
[2017.08.21-09.50.30:240][283]LogSavePackage: Save=976.80ms
[2017.08.21-09.50.30:240][283]LogSavePackage: Moving '../../../../../../Unreal/FOTWO/source/FOTWO02/Saved/ConfHUD45CFE9784417C76C86C6399BE25B0B61.tmp' to '../../../../../../Unreal/FOTWO/source/FOTWO02/Content/2DSideScrollerBP/Blueprints/User_Interface/ConfHUD.uasset'
[2017.08.21-09.50.30:243][283]LogSavePackage:Display: Finished SavePackage ../../../../../../Unreal/FOTWO/source/FOTWO02/Content/2DSideScrollerBP/Blueprints/User_Interface/ConfHUD.uasset
[2017.08.21-09.50.30:249][283]BlueprintEditorCompileResults: Info Fast Template Successfully Created.
[2017.08.21-09.51.27:023][928]BlueprintLog: New page: Compile ConfHUD
[2017.08.21-09.51.28:581][928]LogSavePackage: Save=985.63ms
[2017.08.21-09.51.28:581][928]LogSavePackage: Moving '../../../../../../Unreal/FOTWO/source/FOTWO02/Saved/ConfHUDE45AADC74CAF2C44AE6BC49ADC1CD8FE.tmp' to '../../../../../../Unreal/FOTWO/source/FOTWO02/Content/2DSideScrollerBP/Blueprints/User_Interface/ConfHUD.uasset'
[2017.08.21-09.51.28:584][928]LogSavePackage:Display: Finished SavePackage ../../../../../../Unreal/FOTWO/source/FOTWO02/Content/2DSideScrollerBP/Blueprints/User_Interface/ConfHUD.uasset
[2017.08.21-09.51.28:588][928]BlueprintEditorCompileResults: Info Fast Template Successfully Created.
[2017.08.21-09.51.54:269][380]BlueprintLog: New page: Compile ConfHUD
[2017.08.21-09.51.55:852][380]LogSavePackage: Save=1022.71ms
[2017.08.21-09.51.55:852][380]LogSavePackage: Moving '../../../../../../Unreal/FOTWO/source/FOTWO02/Saved/ConfHUDDC7A119149F2F01F54EE72A9A014FD8F.tmp' to '../../../../../../Unreal/FOTWO/source/FOTWO02/Content/2DSideScrollerBP/Blueprints/User_Interface/ConfHUD.uasset'
[2017.08.21-09.51.55:855][380]LogSavePackage:Display: Finished SavePackage ../../../../../../Unreal/FOTWO/source/FOTWO02/Content/2DSideScrollerBP/Blueprints/User_Interface/ConfHUD.uasset
[2017.08.21-09.51.55:858][380]BlueprintEditorCompileResults: Info Fast Template Successfully Created.
[2017.08.21-09.52.19:795][732]BlueprintLog: New page: Compile ConfHUD
[2017.08.21-09.52.21:441][732]LogSavePackage: Save=1070.46ms
[2017.08.21-09.52.21:441][732]LogSavePackage: Moving '../../../../../../Unreal/FOTWO/source/FOTWO02/Saved/ConfHUD6699FD094539F45B9350D5BB508A9075.tmp' to '../../../../../../Unreal/FOTWO/source/FOTWO02/Content/2DSideScrollerBP/Blueprints/User_Interface/ConfHUD.uasset'
[2017.08.21-09.52.21:444][732]LogSavePackage:Display: Finished SavePackage ../../../../../../Unreal/FOTWO/source/FOTWO02/Content/2DSideScrollerBP/Blueprints/User_Interface/ConfHUD.uasset
[2017.08.21-09.52.21:450][732]BlueprintEditorCompileResults: Info Fast Template Successfully Created.
[2017.08.21-09.52.45:738][100]BlueprintLog: New page: Compile ConfHUD
[2017.08.21-09.52.47:432][100]LogSavePackage: Save=1115.01ms
[2017.08.21-09.52.47:432][100]LogSavePackage: Moving '../../../../../../Unreal/FOTWO/source/FOTWO02/Saved/ConfHUDA5E0507D4B6B38914EC250B9EEB50D57.tmp' to '../../../../../../Unreal/FOTWO/source/FOTWO02/Content/2DSideScrollerBP/Blueprints/User_Interface/ConfHUD.uasset'
[2017.08.21-09.52.47:435][100]LogSavePackage:Display: Finished SavePackage ../../../../../../Unreal/FOTWO/source/FOTWO02/Content/2DSideScrollerBP/Blueprints/User_Interface/ConfHUD.uasset
[2017.08.21-09.52.47:440][100]BlueprintEditorCompileResults: Info Fast Template Successfully Created.
[2017.08.21-09.53.09:568][342]BlueprintLog: New page: Compile ConfHUD
[2017.08.21-09.53.11:260][342]LogSavePackage: Save=1101.87ms
[2017.08.21-09.53.11:260][342]LogSavePackage: Moving '../../../../../../Unreal/FOTWO/source/FOTWO02/Saved/ConfHUD6FF4A9E345C2B41A2410FEA7454AAE16.tmp' to '../../../../../../Unreal/FOTWO/source/FOTWO02/Content/2DSideScrollerBP/Blueprints/User_Interface/ConfHUD.uasset'
[2017.08.21-09.53.11:263][342]LogSavePackage:Display: Finished SavePackage ../../../../../../Unreal/FOTWO/source/FOTWO02/Content/2DSideScrollerBP/Blueprints/User_Interface/ConfHUD.uasset
[2017.08.21-09.53.11:268][342]BlueprintEditorCompileResults: Info Fast Template Successfully Created.
[2017.08.21-09.53.49:124][ 69]BlueprintLog: New page: Compile ConfHUD
[2017.08.21-09.53.50:888][ 69]LogSavePackage: Save=1065.04ms
[2017.08.21-09.53.50:888][ 69]LogSavePackage: Moving '../../../../../../Unreal/FOTWO/source/FOTWO02/Saved/ConfHUD1C42B5C14701CAA65A76CCB5E5ACF147.tmp' to '../../../../../../Unreal/FOTWO/source/FOTWO02/Content/2DSideScrollerBP/Blueprints/User_Interface/ConfHUD.uasset'
[2017.08.21-09.53.50:891][ 69]LogSavePackage:Display: Finished SavePackage ../../../../../../Unreal/FOTWO/source/FOTWO02/Content/2DSideScrollerBP/Blueprints/User_Interface/ConfHUD.uasset
[2017.08.21-09.53.50:895][ 69]BlueprintEditorCompileResults: Info Fast Template Successfully Created.
[2017.08.21-09.53.53:438][205]LogTemp: Repeting last play command: Selected Viewport
[2017.08.21-09.53.53:469][205]LogBlueprintUserMessages: Early PlayInEditor Detection: Level '/Game/2DSideScrollerBP/Maps/FOTWO01.FOTWO01:PersistentLevel' has LevelScriptBlueprint '/Game/2DSideScrollerBP/Maps/FOTWO01.FOTWO01:PersistentLevel.FOTWO01' with GeneratedClass '/Game/2DSideScrollerBP/Maps/FOTWO01.FOTWO01_C' with ClassGeneratedBy '/Game/2DSideScrollerBP/Maps/FOTWO01.FOTWO01:PersistentLevel.FOTWO01'
[2017.08.21-09.53.53:469][205]LogPlayLevel: PlayLevel: No blueprints needed recompiling
[2017.08.21-09.53.53:469][205]PIE: New page: PIE session: FOTWO01 (21 Aug 2017 13:53:53)
[2017.08.21-09.53.53:469][205]LogPlayLevel: Creating play world package: /Game/2DSideScrollerBP/Maps/UEDPIE_0_FOTWO01
[2017.08.21-09.53.53:471][205]LogPlayLevel: PIE: StaticDuplicateObject took: (0.001440s)
[2017.08.21-09.53.53:471][205]LogAIModule: Creating AISystem for world FOTWO01
[2017.08.21-09.53.53:471][205]LogPlayLevel: PIE: World Init took: (0.000577s)
[2017.08.21-09.53.53:471][205]LogPlayLevel: PIE: Created PIE world by copying editor world from /Game/2DSideScrollerBP/Maps/FOTWO01.FOTWO01 to /Game/2DSideScrollerBP/Maps/UEDPIE_0_FOTWO01.FOTWO01 (0.002224s)
[2017.08.21-09.53.53:508][205]LogInit: XAudio2 using 'Headset Earphone (3- Microsoft LifeChat LX-3000)' : 2 channels at 48 kHz using 16 bits per sample (channel mask 0x3)
[2017.08.21-09.53.53:515][205]LogInit: FAudioDevice initialized.
[2017.08.21-09.53.53:546][205]LogLoad: Game class is 'FOTWOGameMode_C'
[2017.08.21-09.53.53:549][205]LogWorld: Bringing World /Game/2DSideScrollerBP/Maps/UEDPIE_0_FOTWO01.FOTWO01 up for play (max tick rate 60) at 2017.08.21-11.53.53
[2017.08.21-09.53.53:549][205]LogWorld: Bringing up level for play took: 0.001215
[2017.08.21-09.53.53:562][205]PIE: Info Play in editor start time for /Game/2DSideScrollerBP/Maps/UEDPIE_0_FOTWO01 -0.314
[2017.08.21-09.53.53:562][205]LogBlueprintUserMessages: Late PlayInEditor Detection: Level '/Game/2DSideScrollerBP/Maps/FOTWO01.FOTWO01:PersistentLevel' has LevelScriptBlueprint '/Game/2DSideScrollerBP/Maps/FOTWO01.FOTWO01:PersistentLevel.FOTWO01' with GeneratedClass '/Game/2DSideScrollerBP/Maps/FOTWO01.FOTWO01_C' with ClassGeneratedBy '/Game/2DSideScrollerBP/Maps/FOTWO01.FOTWO01:PersistentLevel.FOTWO01'
[2017.08.21-09.55.30:095][925]LogBlueprintUserMessages: Early EndPlayMap Detection: Level '/Game/2DSideScrollerBP/Maps/FOTWO01.FOTWO01:PersistentLevel' has LevelScriptBlueprint '/Game/2DSideScrollerBP/Maps/FOTWO01.FOTWO01:PersistentLevel.FOTWO01' with GeneratedClass '/Game/2DSideScrollerBP/Maps/FOTWO01.FOTWO01_C' with ClassGeneratedBy '/Game/2DSideScrollerBP/Maps/FOTWO01.FOTWO01:PersistentLevel.FOTWO01'
[2017.08.21-09.55.30:142][925]LogBlueprintUserMessages: Late EndPlayMap Detection: Level '/Game/2DSideScrollerBP/Maps/FOTWO01.FOTWO01:PersistentLevel' has LevelScriptBlueprint '/Game/2DSideScrollerBP/Maps/FOTWO01.FOTWO01:PersistentLevel.FOTWO01' with GeneratedClass '/Game/2DSideScrollerBP/Maps/FOTWO01.FOTWO01_C' with ClassGeneratedBy '/Game/2DSideScrollerBP/Maps/FOTWO01.FOTWO01:PersistentLevel.FOTWO01'
[2017.08.21-09.55.57:343][531]BlueprintLog: New page: Compile MainHUD
[2017.08.21-09.55.58:445][531]LogSavePackage: Save=730.54ms
[2017.08.21-09.55.58:445][531]LogSavePackage: Moving '../../../../../../Unreal/FOTWO/source/FOTWO02/Saved/MainHUDA2A38DBB4606C0769C68A689C96A6AF1.tmp' to '../../../../../../Unreal/FOTWO/source/FOTWO02/Content/2DSideScrollerBP/Blueprints/User_Interface/MainHUD.uasset'
[2017.08.21-09.55.58:449][531]LogSavePackage:Display: Finished SavePackage ../../../../../../Unreal/FOTWO/source/FOTWO02/Content/2DSideScrollerBP/Blueprints/User_Interface/MainHUD.uasset
[2017.08.21-09.55.58:452][531]BlueprintEditorCompileResults: Info Fast Template Successfully Created.
[2017.08.21-09.56.06:681][983]LogTemp: Repeting last play command: Selected Viewport
[2017.08.21-09.56.06:703][983]LogBlueprintUserMessages: Early PlayInEditor Detection: Level '/Game/2DSideScrollerBP/Maps/FOTWO01.FOTWO01:PersistentLevel' has LevelScriptBlueprint '/Game/2DSideScrollerBP/Maps/FOTWO01.FOTWO01:PersistentLevel.FOTWO01' with GeneratedClass '/Game/2DSideScrollerBP/Maps/FOTWO01.FOTWO01_C' with ClassGeneratedBy '/Game/2DSideScrollerBP/Maps/FOTWO01.FOTWO01:PersistentLevel.FOTWO01'
[2017.08.21-09.56.06:703][983]LogPlayLevel: PlayLevel: No blueprints needed recompiling
[2017.08.21-09.56.06:703][983]PIE: New page: PIE session: FOTWO01 (21 Aug 2017 13:56:06)
[2017.08.21-09.56.06:703][983]LogPlayLevel: Creating play world package: /Game/2DSideScrollerBP/Maps/UEDPIE_0_FOTWO01
[2017.08.21-09.56.06:704][983]LogPlayLevel: PIE: StaticDuplicateObject took: (0.001329s)
[2017.08.21-09.56.06:704][983]LogAIModule: Creating AISystem for world FOTWO01
[2017.08.21-09.56.06:705][983]LogPlayLevel: PIE: World Init took: (0.000470s)
[2017.08.21-09.56.06:705][983]LogPlayLevel: PIE: Created PIE world by copying editor world from /Game/2DSideScrollerBP/Maps/FOTWO01.FOTWO01 to /Game/2DSideScrollerBP/Maps/UEDPIE_0_FOTWO01.FOTWO01 (0.001936s)
[2017.08.21-09.56.06:735][983]LogInit: XAudio2 using 'Headset Earphone (3- Microsoft LifeChat LX-3000)' : 2 channels at 48 kHz using 16 bits per sample (channel mask 0x3)
[2017.08.21-09.56.06:741][983]LogInit: FAudioDevice initialized.
[2017.08.21-09.56.06:774][983]LogLoad: Game class is 'FOTWOGameMode_C'
[2017.08.21-09.56.06:778][983]LogWorld: Bringing World /Game/2DSideScrollerBP/Maps/UEDPIE_0_FOTWO01.FOTWO01 up for play (max tick rate 60) at 2017.08.21-11.56.06
[2017.08.21-09.56.06:778][983]LogWorld: Bringing up level for play took: 0.001519
[2017.08.21-09.56.06:798][983]PIE: Info Play in editor start time for /Game/2DSideScrollerBP/Maps/UEDPIE_0_FOTWO01 0.922
[2017.08.21-09.56.06:798][983]LogBlueprintUserMessages: Late PlayInEditor Detection: Level '/Game/2DSideScrollerBP/Maps/FOTWO01.FOTWO01:PersistentLevel' has LevelScriptBlueprint '/Game/2DSideScrollerBP/Maps/FOTWO01.FOTWO01:PersistentLevel.FOTWO01' with GeneratedClass '/Game/2DSideScrollerBP/Maps/FOTWO01.FOTWO01_C' with ClassGeneratedBy '/Game/2DSideScrollerBP/Maps/FOTWO01.FOTWO01:PersistentLevel.FOTWO01'
[2017.08.21-10.29.56:438][831]LogBlueprintUserMessages: Early EndPlayMap Detection: Level '/Game/2DSideScrollerBP/Maps/FOTWO01.FOTWO01:PersistentLevel' has LevelScriptBlueprint '/Game/2DSideScrollerBP/Maps/FOTWO01.FOTWO01:PersistentLevel.FOTWO01' with GeneratedClass '/Game/2DSideScrollerBP/Maps/FOTWO01.FOTWO01_C' with ClassGeneratedBy '/Game/2DSideScrollerBP/Maps/FOTWO01.FOTWO01:PersistentLevel.FOTWO01'
[2017.08.21-10.29.56:477][831]LogBlueprintUserMessages: Late EndPlayMap Detection: Level '/Game/2DSideScrollerBP/Maps/FOTWO01.FOTWO01:PersistentLevel' has LevelScriptBlueprint '/Game/2DSideScrollerBP/Maps/FOTWO01.FOTWO01:PersistentLevel.FOTWO01' with GeneratedClass '/Game/2DSideScrollerBP/Maps/FOTWO01.FOTWO01_C' with ClassGeneratedBy '/Game/2DSideScrollerBP/Maps/FOTWO01.FOTWO01:PersistentLevel.FOTWO01'
[2017.08.21-10.29.59:213][890]LogSavePackage: Save=125.71ms
[2017.08.21-10.29.59:213][890]LogSavePackage: Moving '../../../../../../Unreal/FOTWO/source/FOTWO02/Saved/FOTWO0182698BF944BCC418962FBEA1BC6E0BA9.tmp' to '../../../../../../Unreal/FOTWO/source/FOTWO02/Content/2DSideScrollerBP/Maps/FOTWO01.umap'
[2017.08.21-10.29.59:215][890]LogSavePackage:Display: Finished SavePackage ../../../../../../Unreal/FOTWO/source/FOTWO02/Content/2DSideScrollerBP/Maps/FOTWO01.umap
[2017.08.21-10.29.59:247][890]LogFileHelpers: Saving map 'FOTWO01' took 0.264
[2017.08.21-10.29.59:581][891]Cmd: QUIT_EDITOR
[2017.08.21-10.29.59:906][891]LogWindowsTextInputMethodSystem:Display: IME system now deactivated.
[2017.08.21-10.29.59:944][891]LogExit: Preparing to exit.
[2017.08.21-10.30.00:985][891]LogDirectoryWatcher: A directory notification for 'C:/Unreal/FOTWO/source/FOTWO02/Content/' was aborted.
[2017.08.21-10.30.01:092][891]LogExit: Editor shut down
[2017.08.21-10.30.01:103][891]LogExit: Transaction tracking system shut down
[2017.08.21-10.30.01:213][891]LogObj: Freed 0b from 0 cluster array pools.
[2017.08.21-10.30.01:214][891]LogExit: Object subsystem successfully closed.
[2017.08.21-10.30.01:235][891]LogD3D11RHI: Shutdown
[2017.08.21-10.30.01:235][891]LogD3D11RHI: CleanupD3DDevice
[2017.08.21-10.30.01:279][891]LogD3D11RHI: ~FD3D11DynamicRHI
[2017.08.21-10.30.01:294][891]LogModuleManager: Shutting down and abandoning module MovieSceneCapture (532)
[2017.08.21-10.30.01:294][891]LogModuleManager: Shutting down and abandoning module SequencerWidgets (530)
[2017.08.21-10.30.01:294][891]LogModuleManager: Shutting down and abandoning module BlueprintGraph (528)
[2017.08.21-10.30.01:294][891]LogModuleManager: Shutting down and abandoning module BlueprintProfiler (526)
[2017.08.21-10.30.01:294][891]LogModuleManager: Shutting down and abandoning module StatsViewer (524)
[2017.08.21-10.30.01:295][891]LogModuleManager: Shutting down and abandoning module HierarchicalLODOutliner (522)
[2017.08.21-10.30.01:295][891]LogModuleManager: Shutting down and abandoning module CrashTracker (520)
[2017.08.21-10.30.01:295][891]LogModuleManager: Shutting down and abandoning module SceneOutliner (518)
[2017.08.21-10.30.01:295][891]LogModuleManager: Shutting down and abandoning module AddContentDialog (516)
[2017.08.21-10.30.01:295][891]LogDirectoryWatcher: A directory notification for 'C:/Program Files/Epic Games/UE_4.16/FeaturePacks/' was aborted.
[2017.08.21-10.30.01:296][891]LogModuleManager: Shutting down and abandoning module WidgetCarousel (515)
[2017.08.21-10.30.01:296][891]LogModuleManager: Shutting down and abandoning module EditorWidgets (512)
[2017.08.21-10.30.01:296][891]LogModuleManager: Shutting down and abandoning module CollectionManager (510)
[2017.08.21-10.30.01:296][891]LogDirectoryWatcher: A directory notification for 'C:/Unreal/FOTWO/source/FOTWO02/Content/Collections/' was aborted.
[2017.08.21-10.30.01:296][891]LogDirectoryWatcher: A directory notification for 'C:/Unreal/FOTWO/source/FOTWO02/Content/Developers/vonkl/Collections/' was aborted.
[2017.08.21-10.30.01:296][891]LogDirectoryWatcher: A directory notification for 'C:/Unreal/FOTWO/source/FOTWO02/Saved/Collections/' was aborted.
[2017.08.21-10.30.01:296][891]LogModuleManager: Shutting down and abandoning module FoliageEdit (508)
[2017.08.21-10.30.01:296][891]LogModuleManager: Shutting down and abandoning module LandscapeEditor (506)
[2017.08.21-10.30.01:296][891]LogModuleManager: Shutting down and abandoning module MeshPaintMode (504)
[2017.08.21-10.30.01:296][891]LogModuleManager: Shutting down and abandoning module SceneDepthPickerMode (502)
[2017.08.21-10.30.01:296][891]LogModuleManager: Shutting down and abandoning module ActorPickerMode (500)
[2017.08.21-10.30.01:296][891]LogModuleManager: Shutting down and abandoning module GeometryMode (498)
[2017.08.21-10.30.01:296][891]LogModuleManager: Shutting down and abandoning module TextureAlignMode (496)
[2017.08.21-10.30.01:296][891]LogModuleManager: Shutting down and abandoning module BspMode (494)
[2017.08.21-10.30.01:296][891]LogModuleManager: Shutting down and abandoning module HardwareSurvey (492)
[2017.08.21-10.30.01:296][891]LogModuleManager: Shutting down and abandoning module SequenceRecorderSections (490)
[2017.08.21-10.30.01:296][891]LogModuleManager: Shutting down and abandoning module AutomationWorker (488)
[2017.08.21-10.30.01:296][891]LogModuleManager: Shutting down and abandoning module MatineeToLevelSequence (486)
[2017.08.21-10.30.01:296][891]LogModuleManager: Shutting down and abandoning module LevelSequenceEditor (484)
[2017.08.21-10.30.01:297][891]LogModuleManager: Shutting down and abandoning module PlacementMode (483)
[2017.08.21-10.30.01:297][891]LogModuleManager: Shutting down and abandoning module WmfMediaFactory (480)
[2017.08.21-10.30.01:297][891]LogModuleManager: Shutting down and abandoning module WmfMediaEditor (478)
[2017.08.21-10.30.01:297][891]LogModuleManager: Shutting down and abandoning module AvfMediaFactory (476)
[2017.08.21-10.30.01:297][891]LogModuleManager: Shutting down and abandoning module AvfMediaEditor (474)
[2017.08.21-10.30.01:297][891]LogModuleManager: Shutting down and abandoning module AndroidMediaFactory (472)
[2017.08.21-10.30.01:297][891]LogModuleManager: Shutting down and abandoning module Media (471)
[2017.08.21-10.30.01:297][891]LogModuleManager: Shutting down and abandoning module AndroidMediaEditor (468)
[2017.08.21-10.30.01:297][891]LogModuleManager: Shutting down and abandoning module CharacterAI (466)
[2017.08.21-10.30.01:297][891]LogModuleManager: Shutting down and abandoning module AudioCapture (464)
[2017.08.21-10.30.01:297][891]LogModuleManager: Shutting down and abandoning module SequenceRecorder (463)
[2017.08.21-10.30.01:297][891]LogModuleManager: Shutting down and abandoning module SmartSnapping (460)
[2017.08.21-10.30.01:297][891]LogModuleManager: Shutting down and abandoning module SessionServices (458)
[2017.08.21-10.30.01:297][891]LogModuleManager: Shutting down and abandoning module ViewportSnapping (456)
[2017.08.21-10.30.01:297][891]LogModuleManager: Shutting down and abandoning module ViewportInteraction (454)
[2017.08.21-10.30.01:297][891]LogModuleManager: Shutting down and abandoning module ClothPainter (452)
[2017.08.21-10.30.01:297][891]LogModuleManager: Shutting down and abandoning module LogVisualizer (450)
[2017.08.21-10.30.01:297][891]LogModuleManager: Shutting down and abandoning module IntroTutorials (448)
[2017.08.21-10.30.01:297][891]LogModuleManager: Shutting down and abandoning module GameProjectGeneration (447)
[2017.08.21-10.30.01:297][891]LogModuleManager: Shutting down and abandoning module EditorLiveStreaming (444)
[2017.08.21-10.30.01:297][891]LogModuleManager: Shutting down and abandoning module IOSPlatformEditor (442)
[2017.08.21-10.30.01:297][891]LogModuleManager: Shutting down and abandoning module HTML5PlatformEditor (440)
[2017.08.21-10.30.01:297][891]LogModuleManager: Shutting down and abandoning module AndroidPlatformEditor (438)
[2017.08.21-10.30.01:297][891]LogModuleManager: Shutting down and abandoning module AndroidDeviceDetection (437)
[2017.08.21-10.30.02:096][891]LogModuleManager: Shutting down and abandoning module IOSRuntimeSettings (434)
[2017.08.21-10.30.02:096][891]LogModuleManager: Shutting down and abandoning module AndroidRuntimeSettings (432)
[2017.08.21-10.30.02:096][891]LogModuleManager: Shutting down and abandoning module InputBindingEditor (430)
[2017.08.21-10.30.02:096][891]LogModuleManager: Shutting down and abandoning module MergeActors (428)
[2017.08.21-10.30.02:097][891]LogModuleManager: Shutting down and abandoning module SizeMap (426)
[2017.08.21-10.30.02:097][891]LogModuleManager: Shutting down and abandoning module TreeMap (424)
[2017.08.21-10.30.02:097][891]LogModuleManager: Shutting down and abandoning module ReferenceViewer (422)
[2017.08.21-10.30.02:097][891]LogModuleManager: Shutting down and abandoning module LocalizationDashboard (420)
[2017.08.21-10.30.02:097][891]LogModuleManager: Shutting down and abandoning module LocalizationService (419)
[2017.08.21-10.30.02:097][891]LogModuleManager: Shutting down and abandoning module HardwareTargeting (416)
[2017.08.21-10.30.02:097][891]LogModuleManager: Shutting down and abandoning module DeviceProfileEditor (414)
[2017.08.21-10.30.02:097][891]LogModuleManager: Shutting down and abandoning module UndoHistory (412)
[2017.08.21-10.30.02:097][891]LogModuleManager: Shutting down and abandoning module UserFeedback (410)
[2017.08.21-10.30.02:097][891]LogModuleManager: Shutting down and abandoning module XmlParser (408)
[2017.08.21-10.30.02:097][891]LogModuleManager: Shutting down and abandoning module Blutility (406)
[2017.08.21-10.30.02:097][891]LogModuleManager: Shutting down and abandoning module ProjectSettingsViewer (404)
[2017.08.21-10.30.02:097][891]LogModuleManager: Shutting down and abandoning module ProjectTargetPlatformEditor (403)
[2017.08.21-10.30.02:097][891]LogModuleManager: Shutting down and abandoning module EditorSettingsViewer (400)
[2017.08.21-10.30.02:098][891]LogModuleManager: Shutting down and abandoning module SettingsEditor (398)
[2017.08.21-10.30.02:098][891]LogModuleManager: Shutting down and abandoning module ProjectLauncher (396)
[2017.08.21-10.30.02:098][891]LogModuleManager: Shutting down and abandoning module SessionFrontend (394)
[2017.08.21-10.30.02:098][891]LogModuleManager: Shutting down and abandoning module ProfilerClient (392)
[2017.08.21-10.30.02:098][891]LogModuleManager: Shutting down and abandoning module DeviceManager (390)
[2017.08.21-10.30.02:098][891]LogModuleManager: Shutting down and abandoning module TargetDeviceServices (389)
[2017.08.21-10.30.02:151][891]LogModuleManager: Shutting down and abandoning module AutomationController (386)
[2017.08.21-10.30.02:151][891]LogModuleManager: Shutting down and abandoning module AutomationWindow (384)
[2017.08.21-10.30.02:151][891]LogModuleManager: Shutting down and abandoning module Layers (382)
[2017.08.21-10.30.02:151][891]LogModuleManager: Shutting down and abandoning module ComponentVisualizers (380)
[2017.08.21-10.30.02:151][891]LogModuleManager: Shutting down and abandoning module DetailCustomizations (378)
[2017.08.21-10.30.02:151][891]LogModuleManager: Shutting down and abandoning module PackagesDialog (376)
[2017.08.21-10.30.02:151][891]LogModuleManager: Shutting down and abandoning module Persona (374)
[2017.08.21-10.30.02:152][891]LogModuleManager: Shutting down and abandoning module AdvancedPreviewScene (373)
[2017.08.21-10.30.02:152][891]LogModuleManager: Shutting down and abandoning module AnimGraph (371)
[2017.08.21-10.30.02:152][891]LogModuleManager: Shutting down and abandoning module Kismet (368)
[2017.08.21-10.30.02:183][891]LogModuleManager: Shutting down and abandoning module ClassViewer (366)
[2017.08.21-10.30.02:183][891]LogModuleManager: Shutting down and abandoning module Toolbox (364)
[2017.08.21-10.30.02:183][891]LogModuleManager: Shutting down and abandoning module ModuleUI (362)
[2017.08.21-10.30.02:183][891]LogModuleManager: Shutting down and abandoning module MovieSceneTools (360)
[2017.08.21-10.30.02:183][891]LogModuleManager: Shutting down and abandoning module OutputLog (358)
[2017.08.21-10.30.02:183][891]LogModuleManager: Shutting down and abandoning module GammaUI (356)
[2017.08.21-10.30.02:183][891]LogModuleManager: Shutting down and abandoning module Documentation (354)
[2017.08.21-10.30.02:183][891]LogModuleManager: Shutting down and abandoning module MovieSceneTracks (352)
[2017.08.21-10.30.02:184][891]LogModuleManager: Shutting down and abandoning module MovieScene (350)
[2017.08.21-10.30.02:184][891]LogModuleManager: Shutting down and abandoning module Niagara (348)
[2017.08.21-10.30.02:184][891]LogModuleManager: Shutting down and abandoning module NiagaraEditor (347)
[2017.08.21-10.30.02:184][891]LogModuleManager: Shutting down and abandoning module StreamingPauseRendering (344)
[2017.08.21-10.30.02:184][891]LogModuleManager: Shutting down and abandoning module AnalyticsET (342)
[2017.08.21-10.30.02:184][891]LogModuleManager: Shutting down and abandoning module PortalServices (340)
[2017.08.21-10.30.02:184][891]LogModuleManager: Shutting down and abandoning module PortalRpc (338)
[2017.08.21-10.30.02:184][891]LogModuleManager: Shutting down and abandoning module MessagingRpc (336)
[2017.08.21-10.30.02:184][891]LogModuleManager: Shutting down and abandoning module AIModule (334)
[2017.08.21-10.30.02:184][891]LogModuleManager: Shutting down and abandoning module GameplayDebugger (333)
[2017.08.21-10.30.02:184][891]LogModuleManager: Shutting down and abandoning module AITestSuite (331)
[2017.08.21-10.30.02:184][891]LogModuleManager: Shutting down and abandoning module ProfilerService (328)
[2017.08.21-10.30.02:435][891]LogModuleManager: Shutting down and abandoning module TaskGraph (326)
[2017.08.21-10.30.02:435][891]LogModuleManager: Shutting down and abandoning module SteamVRController (324)
[2017.08.21-10.30.02:435][891]LogModuleManager: Shutting down and abandoning module SteamVR (322)
[2017.08.21-10.30.02:435][891]LogModuleManager: Shutting down and abandoning module ProceduralMeshComponentEditor (320)
[2017.08.21-10.30.02:435][891]LogModuleManager: Shutting down and abandoning module ProceduralMeshComponent (318)
[2017.08.21-10.30.02:435][891]LogModuleManager: Shutting down and abandoning module OculusLibrary (316)
[2017.08.21-10.30.02:435][891]LogModuleManager: Shutting down and abandoning module OculusInput (314)
[2017.08.21-10.30.02:435][891]LogModuleManager: Shutting down and abandoning module MobilePatchingUtils (312)
[2017.08.21-10.30.02:435][891]LogModuleManager: Shutting down and abandoning module CustomMeshComponent (310)
[2017.08.21-10.30.02:435][891]LogModuleManager: Shutting down and abandoning module CableComponent (308)
[2017.08.21-10.30.02:435][891]LogModuleManager: Shutting down and abandoning module ArchVisCharacter (306)
[2017.08.21-10.30.02:435][891]LogModuleManager: Shutting down and abandoning module AndroidPermission (304)
[2017.08.21-10.30.02:435][891]LogModuleManager: Shutting down and abandoning module MediaPlayerEditor (300)
[2017.08.21-10.30.02:435][891]LogModuleManager: Shutting down and abandoning module HTML5Networking (298)
[2017.08.21-10.30.02:435][891]LogModuleManager: Shutting down and abandoning module AlembicImporter (296)
[2017.08.21-10.30.02:436][891]LogModuleManager: Shutting down and abandoning module AlembicLibrary (295)
[2017.08.21-10.30.02:436][891]LogModuleManager: Shutting down and abandoning module GeometryCache (294)
[2017.08.21-10.30.02:436][891]LogModuleManager: Shutting down and abandoning module GeometryCacheEd (293)
[2017.08.21-10.30.02:436][891]LogModuleManager: Shutting down and abandoning module SuperSearchEditor (288)
[2017.08.21-10.30.02:436][891]LogModuleManager: Shutting down and abandoning module SuperSearch (287)
[2017.08.21-10.30.02:436][891]LogModuleManager: Shutting down and abandoning module SpeedTreeImporter (284)
[2017.08.21-10.30.02:436][891]LogModuleManager: Shutting down and abandoning module PluginBrowser (282)
[2017.08.21-10.30.02:436][891]LogModuleManager: Shutting down and abandoning module MobileLauncherProfileWizard (280)
[2017.08.21-10.30.02:436][891]LogModuleManager: Shutting down and abandoning module VisualStudioSourceCodeAccess (278)
[2017.08.21-10.30.02:436][891]LogModuleManager: Shutting down and abandoning module DesktopPlatform (277)
[2017.08.21-10.30.02:436][891]LogModuleManager: Shutting down and abandoning module UObjectPlugin (274)
[2017.08.21-10.30.02:436][891]LogModuleManager: Shutting down and abandoning module SubversionSourceControl (272)
[2017.08.21-10.30.02:436][891]LogModuleManager: Shutting down and abandoning module PerforceSourceControl (270)
[2017.08.21-10.30.02:436][891]LogModuleManager: Shutting down and abandoning module GitSourceControl (268)
[2017.08.21-10.30.02:436][891]LogModuleManager: Shutting down and abandoning module SourceControl (267)
[2017.08.21-10.30.02:436][891]LogModuleManager: Shutting down and abandoning module LightPropagationVolumeEditor (264)
[2017.08.21-10.30.02:436][891]LogModuleManager: Shutting down and abandoning module PaperTiledImporter (262)
[2017.08.21-10.30.02:436][891]LogModuleManager: Shutting down and abandoning module PaperSpriteSheetImporter (260)
[2017.08.21-10.30.02:436][891]LogModuleManager: Shutting down and abandoning module Paper2DEditor (258)
[2017.08.21-10.30.02:437][891]LogModuleManager: Shutting down and abandoning module MeshPaint (257)
[2017.08.21-10.30.02:437][891]LogModuleManager: Shutting down and abandoning module LevelEditor (255)
[2017.08.21-10.30.02:438][891]LogModuleManager: Shutting down and abandoning module PixelInspectorModule (254)
[2017.08.21-10.30.02:438][891]LogModuleManager: Shutting down and abandoning module MainFrame (252)
[2017.08.21-10.30.02:439][891]LogModuleManager: Shutting down and abandoning module HotReload (251)
[2017.08.21-10.30.02:440][891]LogModuleManager: Shutting down and abandoning module PhysXVehiclesEditor (246)
[2017.08.21-10.30.02:440][891]LogModuleManager: Shutting down and abandoning module PhysXVehicles (244)
[2017.08.21-10.30.02:440][891]LogModuleManager: Shutting down and abandoning module LocationServicesBPLibrary (242)
[2017.08.21-10.30.02:440][891]LogModuleManager: Shutting down and abandoning module ImmediatePhysicsEditor (240)
[2017.08.21-10.30.02:440][891]LogModuleManager: Shutting down and abandoning module ImmediatePhysics (238)
[2017.08.21-10.30.02:440][891]LogModuleManager: Shutting down and abandoning module UdpMessaging (236)
[2017.08.21-10.30.02:541][891]LogModuleManager: Shutting down and abandoning module TcpMessaging (234)
[2017.08.21-10.30.02:642][891]LogModuleManager: Shutting down and abandoning module GameplayTagsEditor (232)
[2017.08.21-10.30.02:642][891]LogModuleManager: Shutting down and abandoning module FacialAnimationEditor (230)
[2017.08.21-10.30.02:642][891]LogModuleManager: Shutting down and abandoning module FacialAnimation (228)
[2017.08.21-10.30.02:642][891]LogModuleManager: Shutting down and abandoning module AssetManagerEditor (226)
[2017.08.21-10.30.02:642][891]LogModuleManager: Shutting down and abandoning module GraphEditor (225)
[2017.08.21-10.30.02:642][891]LogModuleManager: Shutting down and abandoning module ContentBrowser (223)
[2017.08.21-10.30.02:644][891]LogModuleManager: Shutting down and abandoning module LightPropagationVolumeRuntime (220)
[2017.08.21-10.30.02:644][891]LogModuleManager: Shutting down and abandoning module Paper2D (218)
[2017.08.21-10.30.02:644][891]LogModuleManager: Shutting down and abandoning module WindowsMoviePlayer (216)
[2017.08.21-10.30.02:644][891]LogModuleManager: Shutting down and abandoning module WmfMedia (214)
[2017.08.21-10.30.02:645][891]LogModuleManager: Shutting down and abandoning module ClothingSystemEditor (212)
[2017.08.21-10.30.02:645][891]LogModuleManager: Shutting down and abandoning module ClothingSystemRuntime (210)
[2017.08.21-10.30.02:645][891]LogModuleManager: Shutting down and abandoning module MediaAssets (208)
[2017.08.21-10.30.02:645][891]LogModuleManager: Shutting down and abandoning module GameLiveStreaming (206)
[2017.08.21-10.30.02:645][891]LogModuleManager: Shutting down and abandoning module VREditor (204)
[2017.08.21-10.30.02:645][891]LogModuleManager: Shutting down and abandoning module StringTableEditor (202)
[2017.08.21-10.30.02:645][891]LogModuleManager: Shutting down and abandoning module GameplayTasksEditor (200)
[2017.08.21-10.30.02:645][891]LogModuleManager: Shutting down and abandoning module BehaviorTreeEditor (198)
[2017.08.21-10.30.02:645][891]LogModuleManager: Shutting down and abandoning module FunctionalTesting (196)
[2017.08.21-10.30.02:645][891]LogModuleManager: Shutting down and abandoning module CollisionAnalyzer (194)
[2017.08.21-10.30.02:645][891]LogModuleManager: Shutting down and abandoning module UMG (192)
[2017.08.21-10.30.02:645][891]LogModuleManager: Shutting down and abandoning module UMGEditor (191)
[2017.08.21-10.30.02:645][891]LogModuleManager: Shutting down and abandoning module Sequencer (190)
[2017.08.21-10.30.02:645][891]LogModuleManager: Shutting down and abandoning module AssetTools (188)
[2017.08.21-10.30.02:646][891]LogModuleManager: Shutting down and abandoning module MessageLog (187)
[2017.08.21-10.30.02:646][891]LogModuleManager: Shutting down and abandoning module WorkspaceMenuStructure (186)
[2017.08.21-10.30.02:646][891]LogModuleManager: Shutting down and abandoning module SlateReflector (180)
[2017.08.21-10.30.02:646][891]LogModuleManager: Shutting down and abandoning module Slate (178)
[2017.08.21-10.30.02:646][891]LogModuleManager: Shutting down and abandoning module EditorStyle (176)
[2017.08.21-10.30.02:652][891]LogModuleManager: Shutting down and abandoning module SourceCodeAccess (174)
[2017.08.21-10.30.02:652][891]LogModuleManager: Shutting down and abandoning module HeadMountedDisplay (172)
[2017.08.21-10.30.02:652][891]LogModuleManager: Shutting down and abandoning module XAudio2 (170)
[2017.08.21-10.30.02:653][891]LogModuleManager: Shutting down and abandoning module Networking (168)
[2017.08.21-10.30.02:653][891]LogModuleManager: Shutting down and abandoning module Core (164)
[2017.08.21-10.30.02:653][891]LogModuleManager: Shutting down and abandoning module AssetRegistry (162)
[2017.08.21-10.30.02:907][891]LogDirectoryWatcher: A directory notification for '../../../Engine/Content/' was aborted.
[2017.08.21-10.30.02:907][891]LogDirectoryWatcher: A directory notification for '../../../../../../Unreal/FOTWO/source/FOTWO02/Content/' was aborted.
[2017.08.21-10.30.02:907][891]LogDirectoryWatcher: A directory notification for '../../../Engine/Plugins/2D/Paper2D/Content/' was aborted.
[2017.08.21-10.30.02:908][891]LogDirectoryWatcher: A directory notification for '../../../Engine/Plugins/Runtime/GearVR/Content/' was aborted.
[2017.08.21-10.30.02:912][891]LogModuleManager: Shutting down and abandoning module DirectoryWatcher (161)
[2017.08.21-10.30.02:914][891]LogModuleManager: Shutting down and abandoning module KismetCompiler (158)
[2017.08.21-10.30.02:914][891]LogModuleManager: Shutting down and abandoning module LevelSequence (156)
[2017.08.21-10.30.02:914][891]LogModuleManager: Shutting down and abandoning module PhysXFormats (154)
[2017.08.21-10.30.02:914][891]LogModuleManager: Shutting down and abandoning module MeshUtilities (152)
[2017.08.21-10.30.02:914][891]LogModuleManager: Shutting down and abandoning module SimplygonSwarm (151)
[2017.08.21-10.30.02:914][891]LogModuleManager: Shutting down and abandoning module SimplygonMeshReduction (149)
[2017.08.21-10.30.02:914][891]LogModuleManager: Shutting down and abandoning module QuadricMeshReduction (147)
[2017.08.21-10.30.02:914][891]LogModuleManager: Shutting down and abandoning module DerivedDataCache (144)
[2017.08.21-10.30.02:982][891]LogDerivedDataCache: Shutdown
[2017.08.21-10.30.02:982][891]LogModuleManager: Shutting down and abandoning module TargetPlatform (142)
[2017.08.21-10.30.02:982][891]LogModuleManager: Shutting down and abandoning module VulkanShaderFormat (141)
[2017.08.21-10.30.02:982][891]LogModuleManager: Shutting down and abandoning module ShaderFormatVectorVM (139)
[2017.08.21-10.30.02:982][891]LogModuleManager: Shutting down and abandoning module ShaderFormatOpenGL (137)
[2017.08.21-10.30.02:982][891]LogModuleManager: Shutting down and abandoning module ShaderFormatD3D (135)
[2017.08.21-10.30.02:982][891]LogModuleManager: Shutting down and abandoning module MetalShaderFormat (133)
[2017.08.21-10.30.02:982][891]LogModuleManager: Shutting down and abandoning module TextureFormatUncompressed (131)
[2017.08.21-10.30.02:982][891]LogModuleManager: Shutting down and abandoning module TextureFormatPVR (129)
[2017.08.21-10.30.02:982][891]LogModuleManager: Shutting down and abandoning module TextureFormatDXT (127)
[2017.08.21-10.30.02:982][891]LogModuleManager: Shutting down and abandoning module TextureFormatIntelISPCTexComp (125)
[2017.08.21-10.30.02:982][891]LogModuleManager: Shutting down and abandoning module TextureFormatASTC (123)
[2017.08.21-10.30.02:982][891]LogModuleManager: Shutting down and abandoning module ImageWrapper (122)
[2017.08.21-10.30.02:982][891]LogModuleManager: Shutting down and abandoning module TextureFormatAndroid (119)
[2017.08.21-10.30.02:982][891]LogModuleManager: Shutting down and abandoning module AudioFormatOpus (117)
[2017.08.21-10.30.02:983][891]LogModuleManager: Shutting down and abandoning module AudioFormatOgg (115)
[2017.08.21-10.30.02:983][891]LogModuleManager: Shutting down and abandoning module AudioFormatADPCM (113)
[2017.08.21-10.30.02:983][891]LogModuleManager: Shutting down and abandoning module LinuxTargetPlatform (111)
[2017.08.21-10.30.02:983][891]LogModuleManager: Shutting down and abandoning module LinuxServerTargetPlatform (109)
[2017.08.21-10.30.02:983][891]LogModuleManager: Shutting down and abandoning module LinuxNoEditorTargetPlatform (107)
[2017.08.21-10.30.02:983][891]LogModuleManager: Shutting down and abandoning module LinuxClientTargetPlatform (105)
[2017.08.21-10.30.02:983][891]LogModuleManager: Shutting down and abandoning module TVOSTargetPlatform (103)
[2017.08.21-10.30.02:983][891]LogModuleManager: Shutting down and abandoning module Messaging (101)
[2017.08.21-10.30.02:983][891]LogModuleManager: Shutting down and abandoning module IOSTargetPlatform (99)
[2017.08.21-10.30.02:983][891]LogModuleManager: Shutting down and abandoning module HTML5TargetPlatform (97)
[2017.08.21-10.30.02:983][891]LogModuleManager: Shutting down and abandoning module Android_PVRTCTargetPlatform (95)
[2017.08.21-10.30.02:983][891]LogModuleManager: Shutting down and abandoning module Android_MultiTargetPlatform (93)
[2017.08.21-10.30.02:983][891]LogModuleManager: Shutting down and abandoning module Android_ETC2TargetPlatform (91)
[2017.08.21-10.30.02:983][891]LogModuleManager: Shutting down and abandoning module Android_ETC1TargetPlatform (89)
[2017.08.21-10.30.02:983][891]LogModuleManager: Shutting down and abandoning module Android_DXTTargetPlatform (87)
[2017.08.21-10.30.02:983][891]LogModuleManager: Shutting down and abandoning module Android_ATCTargetPlatform (85)
[2017.08.21-10.30.02:983][891]LogModuleManager: Shutting down and abandoning module Android_ASTCTargetPlatform (83)
[2017.08.21-10.30.02:983][891]LogModuleManager: Shutting down and abandoning module AndroidTargetPlatform (81)
[2017.08.21-10.30.02:983][891]LogModuleManager: Shutting down and abandoning module WindowsTargetPlatform (79)
[2017.08.21-10.30.02:983][891]LogModuleManager: Shutting down and abandoning module WindowsServerTargetPlatform (77)
[2017.08.21-10.30.02:983][891]LogModuleManager: Shutting down and abandoning module WindowsNoEditorTargetPlatform (75)
[2017.08.21-10.30.02:983][891]LogModuleManager: Shutting down and abandoning module WindowsClientTargetPlatform (73)
[2017.08.21-10.30.02:983][891]LogModuleManager: Shutting down and abandoning module MacTargetPlatform (71)
[2017.08.21-10.30.02:983][891]LogModuleManager: Shutting down and abandoning module MacServerTargetPlatform (69)
[2017.08.21-10.30.02:983][891]LogModuleManager: Shutting down and abandoning module MacNoEditorTargetPlatform (67)
[2017.08.21-10.30.02:983][891]LogModuleManager: Shutting down and abandoning module MacClientTargetPlatform (65)
[2017.08.21-10.30.02:983][891]LogModuleManager: Shutting down and abandoning module AllDesktopTargetPlatform (63)
[2017.08.21-10.30.02:983][891]LogModuleManager: Shutting down and abandoning module InputCore (60)
[2017.08.21-10.30.02:984][891]LogModuleManager: Shutting down and abandoning module Settings (58)
[2017.08.21-10.30.02:984][891]LogModuleManager: Shutting down and abandoning module OculusRift (56)
[2017.08.21-10.30.02:984][891]LogModuleManager: Shutting down and abandoning module GearVRController (54)
[2017.08.21-10.30.02:984][891]LogModuleManager: Shutting down and abandoning module GearVR (52)
[2017.08.21-10.30.02:984][891]LogModuleManager: Shutting down and abandoning module ExampleDeviceProfileSelector (50)
[2017.08.21-10.30.02:984][891]LogModuleManager: Shutting down and abandoning module OnlineBlueprintSupport (48)
[2017.08.21-10.30.02:984][891]LogModuleManager: Shutting down and abandoning module OnlineSubsystem (44)
[2017.08.21-10.30.02:984][891]LogOnline:Display: Unloading online subsystem: NULL
[2017.08.21-10.30.02:984][891]LogModuleManager: Shutting down and abandoning module XMPP (43)
[2017.08.21-10.30.02:984][891]LogModuleManager: Shutting down and abandoning module HTTP (41)
[2017.08.21-10.30.02:984][891]LogHttp:Display: Http module shutting down, but needs to wait on 1 outstanding Http requests:
[2017.08.21-10.30.02:984][891]LogHttp:Display: 	verb=[POST] url=[https://datarouter.ol.epicgames.com/datarouter/api/v1/public/data?SessionID=%7BA87746B4-477B-161F-D6D8-FF8BA197B988%7D&AppID=UEEditor.Rocket.Release&AppVersion=4.16.3-3561208%2B%2B%2BUE4%2BRelease-4.16&UserID=f07af55e4db0c636e0c073a1312074d9%7Caa7a108f70184e1b92fdd786c25cd9b8%7Caeab9882-b6f4-4a22-991a-718da4fba234&AppEnvironment=datacollector-binary&UploadType=eteventstream] status=Processing
[2017.08.21-10.30.03:013][891]LogModuleManager: Shutting down and abandoning module SSL (40)
[2017.08.21-10.30.03:017][891]LogModuleManager: Shutting down and abandoning module HTTPChunkInstaller (36)
[2017.08.21-10.30.03:017][891]LogModuleManager: Shutting down and abandoning module AnimationModifiers (34)
[2017.08.21-10.30.03:017][891]LogModuleManager: Shutting down and abandoning module PropertyEditor (33)
[2017.08.21-10.30.03:017][891]LogModuleManager: Shutting down and abandoning module AudioEditor (30)
[2017.08.21-10.30.03:017][891]LogModuleManager: Shutting down and abandoning module TextureCompressor (28)
[2017.08.21-10.30.03:017][891]LogModuleManager: Shutting down and abandoning module ShaderCore (26)
[2017.08.21-10.30.03:017][891]LogModuleManager: Shutting down and abandoning module Landscape (24)
[2017.08.21-10.30.03:018][891]LogModuleManager: Shutting down and abandoning module SlateRHIRenderer (22)
[2017.08.21-10.30.03:026][891]LogModuleManager: Shutting down and abandoning module OpenGLDrv (20)
[2017.08.21-10.30.03:026][891]LogModuleManager: Shutting down and abandoning module D3D11RHI (18)
[2017.08.21-10.30.03:026][891]LogModuleManager: Shutting down and abandoning module AnimGraphRuntime (16)
[2017.08.21-10.30.03:027][891]LogModuleManager: Shutting down and abandoning module Renderer (14)
[2017.08.21-10.30.03:027][891]LogModuleManager: Shutting down and abandoning module Engine (12)
[2017.08.21-10.30.03:027][891]LogModuleManager: Shutting down and abandoning module CoreUObject (10)
[2017.08.21-10.30.03:027][891]LogModuleManager: Shutting down and abandoning module NetworkFile (8)
[2017.08.21-10.30.03:027][891]LogModuleManager: Shutting down and abandoning module StreamingFile (6)
[2017.08.21-10.30.03:027][891]LogModuleManager: Shutting down and abandoning module SandboxFile (4)
[2017.08.21-10.30.03:027][891]LogModuleManager: Shutting down and abandoning module PakFile (2)
[2017.08.21-10.30.03:033][891]LogExit: Exiting.
[2017.08.21-10.30.03:085][891]Log file closed, 08/21/17 12:30:03
