Log file open, 07/08/17 12:16:45
LogInit:Display: Running engine for game: FOTWO02
LogPlatformFile: Not using cached read wrapper
LogInit:Display: RandInit(-105027987) SRandInit(-105027987).
LogTaskGraph: Started task graph with 5 named threads and 8 total threads with 1 sets of task threads.
LogStats: Stats thread started at 0.083583
LogInit: Using libcurl 7.47.1
LogInit:  - built for x86_64-pc-win32
LogInit:  - supports SSL with OpenSSL/1.0.2g
LogInit:  - supports HTTP deflate (compression) using libz 1.2.8
LogInit:  - other features:
LogInit:      CURL_VERSION_SSL
LogInit:      CURL_VERSION_LIBZ
LogInit:      CURL_VERSION_IPV6
LogInit:      CURL_VERSION_ASYNCHDNS
LogInit:      CURL_VERSION_LARGEFILE
LogInit:      CURL_VERSION_IDN
LogInit:  CurlRequestOptions (configurable via config and command line):
LogInit:  - bVerifyPeer = false  - Libcurl will NOT verify peer certificate
LogInit:  - bUseHttpProxy = false  - Libcurl will NOT use HTTP proxy
LogInit:  - bDontReuseConnections = false  - Libcurl will reuse connections
LogInit:  - CertBundlePath = nullptr  - Libcurl will use whatever was configured at build time.
LogInit: Build: ++UE4+Release-4.16-CL-3514769
LogInit: Engine Version: 4.16.2-3514769+++UE4+Release-4.16
LogInit: Compatible Engine Version: 4.16.0-3452394+++UE4+Release-4.16
LogInit: Net CL: 3452394
LogDevObjectVersion: Number of dev versions registered: 16
LogDevObjectVersion:   Dev-Blueprints (B0D832E4-1F89-4F0D-ACCF-7EB736FD4AA2): 9
LogDevObjectVersion:   Dev-Build (E1C64328-A22C-4D53-A36C-8E866417BD8C): 0
LogDevObjectVersion:   Dev-Core (375EC13C-06E4-48FB-B500-84F0262A717E): 2
LogDevObjectVersion:   Dev-Editor (E4B068ED-F494-42E9-A231-DA0B2E46BB41): 17
LogDevObjectVersion:   Dev-Framework (CFFC743F-43B0-4480-9391-14DF171D2073): 23
LogDevObjectVersion:   Dev-Mobile (B02B49B5-BB20-44E9-A304-32B752E40360): 0
LogDevObjectVersion:   Dev-Networking (A4E4105C-59A1-49B5-A7C5-40C4547EDFEE): 0
LogDevObjectVersion:   Dev-Online (39C831C9-5AE6-47DC-9A44-9C173E1C8E7C): 0
LogDevObjectVersion:   Dev-Physics (78F01B33-EBEA-4F98-B9B4-84EACCB95AA2): 0
LogDevObjectVersion:   Dev-Platform (6631380F-2D4D-43E0-8009-CF276956A95A): 0
LogDevObjectVersion:   Dev-Rendering (12F88B9F-8875-4AFC-A67C-D90C383ABD29): 15
LogDevObjectVersion:   Dev-Sequencer (7B5AE74C-D270-4C10-A958-57980B212A5A): 4
LogDevObjectVersion:   Dev-VR (D7296918-1DD6-4BDD-9DE2-64A83CC13884): 0
LogDevObjectVersion:   Dev-LoadTimes (C2A15278-BFE7-4AFE-6C17-90FF531DF755): 1
LogDevObjectVersion:   Private-Geometry (6EACA3D4-40EC-4CC1-B786-8BED09428FC5): 1
LogDevObjectVersion:   Dev-AnimPhys (29E575DD-E0A3-4627-9D10-D276232CDCEA): 3
LogInit: Compiled (64-bit): Jun 29 2017 02:03:24
LogInit: Compiled with Visual C++: 19.00.24215.01
LogInit: Build Configuration: Development
LogInit: Branch Name: ++UE4+Release-4.16
LogInit: Command line:  
LogInit: Base directory: C:/Program Files/Epic Games/UE_4.16/Engine/Binaries/Win64/
LogInit: Installed Engine Build: 1
LogInit: Presizing for max 8388607 objects, including 0 objects not considered by GC, pre-allocating 0 bytes for permanent pool.
LogInit: Object subsystem initialized
[2017.07.08-10.16.45:484][  0]LogInit: Selected Device Profile: [Windows]
[2017.07.08-10.16.45:484][  0]LogInit: Applying CVar settings loaded from the selected device profile: [Windows]
[2017.07.08-10.16.45:511][  0]LogInit: Computer: KLAUDE2017ALIEN
[2017.07.08-10.16.45:511][  0]LogInit: User: vonkl
[2017.07.08-10.16.45:511][  0]LogInit: CPU Page size=4096, Cores=4
[2017.07.08-10.16.45:511][  0]LogInit: High frequency timer resolution =2.742188 MHz
[2017.07.08-10.16.45:511][  0]LogMemory: Memory total: Physical=15.9GB (16GB approx)
[2017.07.08-10.16.45:511][  0]LogMemory: Platform Memory Stats for Windows
[2017.07.08-10.16.45:511][  0]LogMemory: Process Physical Memory: 274.09 MB used, 274.09 MB peak
[2017.07.08-10.16.45:511][  0]LogMemory: Process Virtual Memory: 264.98 MB used, 264.98 MB peak
[2017.07.08-10.16.45:511][  0]LogMemory: Physical Memory: 5112.81 MB used,  11144.16 MB free, 16256.98 MB total
[2017.07.08-10.16.45:511][  0]LogMemory: Virtual Memory: 642.60 MB used,  11144.16 MB free, 134217728.00 MB total
[2017.07.08-10.16.45:584][  0]LogInit: Using OS detected language (en-GB).
[2017.07.08-10.16.45:584][  0]LogInit: Using OS detected locale (en-GB).
[2017.07.08-10.16.45:587][  0]LogTextLocalizationManager: No specific localization for 'en-GB' exists, so the 'en' localization will be used.
[2017.07.08-10.16.46:377][  0]LogD3D11RHI: D3D11 adapters:
[2017.07.08-10.16.46:903][  0]LogD3D11RHI:    0. 'NVIDIA GeForce GTX 1060' (Feature Level 11_0)
[2017.07.08-10.16.46:903][  0]LogD3D11RHI:       6084/0/8128 MB DedicatedVideo/DedicatedSystem/SharedSystem, Outputs:1, VendorId:0x10de
[2017.07.08-10.16.46:922][  0]LogD3D11RHI:    1. 'Intel(R) HD Graphics 630' (Feature Level 11_0)
[2017.07.08-10.16.46:922][  0]LogD3D11RHI:       128/0/8128 MB DedicatedVideo/DedicatedSystem/SharedSystem, Outputs:0, VendorId:0x8086
[2017.07.08-10.16.46:923][  0]LogD3D11RHI:    2. 'Microsoft Basic Render Driver' (Feature Level 11_0)
[2017.07.08-10.16.46:923][  0]LogD3D11RHI:       0/0/8128 MB DedicatedVideo/DedicatedSystem/SharedSystem, Outputs:0, VendorId:0x1414
[2017.07.08-10.16.46:923][  0]LogD3D11RHI: Chosen D3D11 Adapter: 0
[2017.07.08-10.16.46:928][  0]LogD3D11RHI: Creating new Direct3DDevice
[2017.07.08-10.16.46:928][  0]LogD3D11RHI:     GPU DeviceId: 0x1c60 (for the marketing name, search the web for "GPU Device Id")
[2017.07.08-10.16.46:928][  0]LogWindows: EnumDisplayDevices:
[2017.07.08-10.16.46:928][  0]LogWindows:    0. 'NVIDIA GeForce GTX 1060' (P:1 D:1)
[2017.07.08-10.16.46:928][  0]LogWindows:    1. 'NVIDIA GeForce GTX 1060' (P:0 D:0)
[2017.07.08-10.16.46:928][  0]LogWindows:    2. 'NVIDIA GeForce GTX 1060' (P:0 D:0)
[2017.07.08-10.16.46:928][  0]LogWindows:    3. 'NVIDIA GeForce GTX 1060' (P:0 D:0)
[2017.07.08-10.16.46:929][  0]LogWindows:    4. 'Intel(R) HD Graphics 630' (P:0 D:0)
[2017.07.08-10.16.46:929][  0]LogWindows:    5. 'Intel(R) HD Graphics 630' (P:0 D:0)
[2017.07.08-10.16.46:929][  0]LogWindows:    6. 'Intel(R) HD Graphics 630' (P:0 D:0)
[2017.07.08-10.16.46:929][  0]LogWindows: DebugString: PrimaryIsNotTheChoosenAdapter PrimaryIsNotTheChoosenAdapter PrimaryIsNotTheChoosenAdapter FoundDriverCount:4 
[2017.07.08-10.16.46:929][  0]LogD3D11RHI:     Adapter Name: NVIDIA GeForce GTX 1060
[2017.07.08-10.16.46:929][  0]LogD3D11RHI:   Driver Version: 382.53 (internal:22.21.13.8253, unified:382.53)
[2017.07.08-10.16.46:929][  0]LogD3D11RHI:      Driver Date: 6-7-2017
[2017.07.08-10.16.46:929][  0]LogRHI: Texture pool is 1361 MB (70% of 1945 MB)
[2017.07.08-10.16.47:442][  0]LogD3D11RHI: Async texture creation enabled
[2017.07.08-10.16.47:475][  0]LogD3D11RHI: GPU Timing Frequency: 1000.000000 (Debug: 2 1)
[2017.07.08-10.16.47:517][  0]LogShaderCompilers: Guid format shader working directory is 1 characters bigger than the processId version (../../../../../../Unreal/FOTWO/source/FOTWO02/Intermediate/Shaders/WorkingDirectory/8136/).
[2017.07.08-10.16.47:518][  0]LogShaderCompilers: Cleaned the shader compiler working directory 'C:/Users/vonkl/AppData/Local/Temp/UnrealShaderWorkingDir/16B85B9A48D71279788AC9B3157648A9/'.
[2017.07.08-10.16.47:518][  0]LogShaderCompilers:Display: Using Local Shader Compiler.
[2017.07.08-10.16.48:496][  0]LogTemp:Display: Loaded TP AllDesktopTargetPlatform
[2017.07.08-10.16.48:537][  0]LogTemp:Display: Loaded TP MacClientTargetPlatform
[2017.07.08-10.16.48:579][  0]LogTemp:Display: Loaded TP MacNoEditorTargetPlatform
[2017.07.08-10.16.48:621][  0]LogTemp:Display: Loaded TP MacServerTargetPlatform
[2017.07.08-10.16.48:669][  0]LogTemp:Display: Loaded TP MacTargetPlatform
[2017.07.08-10.16.48:711][  0]LogTemp:Display: Loaded TP WindowsClientTargetPlatform
[2017.07.08-10.16.48:754][  0]LogTemp:Display: Loaded TP WindowsNoEditorTargetPlatform
[2017.07.08-10.16.48:795][  0]LogTemp:Display: Loaded TP WindowsServerTargetPlatform
[2017.07.08-10.16.48:831][  0]LogTemp:Display: Loaded TP WindowsTargetPlatform
[2017.07.08-10.16.48:871][  0]LogTemp:Display: Loaded TP AndroidTargetPlatform
[2017.07.08-10.16.48:913][  0]LogTemp:Display: Loaded TP Android_ASTCTargetPlatform
[2017.07.08-10.16.48:954][  0]LogTemp:Display: Loaded TP Android_ATCTargetPlatform
[2017.07.08-10.16.48:996][  0]LogTemp:Display: Loaded TP Android_DXTTargetPlatform
[2017.07.08-10.16.49:038][  0]LogTemp:Display: Loaded TP Android_ETC1TargetPlatform
[2017.07.08-10.16.49:089][  0]LogTemp:Display: Loaded TP Android_ETC2TargetPlatform
[2017.07.08-10.16.49:181][  0]LogTemp:Display: Loaded TP Android_MultiTargetPlatform
[2017.07.08-10.16.49:181][  0]LogTemp:Display: Loaded TP Android_PVRTCTargetPlatform
[2017.07.08-10.16.49:213][  0]LogTemp:Display: Loaded TP HTML5TargetPlatform
[2017.07.08-10.16.49:294][  0]LogTemp:Display: Loaded TP IOSTargetPlatform
[2017.07.08-10.16.49:321][  0]LogTemp:Display: Loaded TP TVOSTargetPlatform
[2017.07.08-10.16.49:362][  0]LogTemp:Display: Loaded TP LinuxClientTargetPlatform
[2017.07.08-10.16.49:424][  0]LogTemp:Display: Loaded TP LinuxNoEditorTargetPlatform
[2017.07.08-10.16.49:466][  0]LogTemp:Display: Loaded TP LinuxServerTargetPlatform
[2017.07.08-10.16.49:509][  0]LogTemp:Display: Loaded TP LinuxTargetPlatform
[2017.07.08-10.16.49:509][  0]LogTargetPlatformManager:Display: Building Assets For Windows
[2017.07.08-10.16.49:939][  0]LogDerivedDataCache:Display: Max Cache Size: 512 MB
[2017.07.08-10.16.50:017][  0]LogDerivedDataCache: Loaded boot cache 0.08s 90MB C:/Users/vonkl/AppData/Local/UnrealEngine/4.16/DerivedDataCache/Boot.ddc.
[2017.07.08-10.16.50:017][  0]LogDerivedDataCache:Display: Loaded Boot cache: C:/Users/vonkl/AppData/Local/UnrealEngine/4.16/DerivedDataCache/Boot.ddc
[2017.07.08-10.16.50:017][  0]LogDerivedDataCache: FDerivedDataBackendGraph:  Pak pak cache file ../../../../../../Unreal/FOTWO/source/FOTWO02/DerivedDataCache/DDC.ddp not found, will not use a pak cache.
[2017.07.08-10.16.50:017][  0]LogDerivedDataCache: Unable to find inner node Pak for hierarchical cache Hierarchy.
[2017.07.08-10.16.50:017][  0]LogDerivedDataCache: FDerivedDataBackendGraph:  CompressedPak pak cache file ../../../../../../Unreal/FOTWO/source/FOTWO02/DerivedDataCache/Compressed.ddp not found, will not use a pak cache.
[2017.07.08-10.16.50:017][  0]LogDerivedDataCache: Unable to find inner node CompressedPak for hierarchical cache Hierarchy.
[2017.07.08-10.16.50:031][  0]LogDerivedDataCache:Display: Pak cache opened for reading ../../../Engine/DerivedDataCache/Compressed.ddp.
[2017.07.08-10.16.50:042][  0]LogDerivedDataCache: Using Local data cache path C:/Users/vonkl/AppData/Local/UnrealEngine/Common/DerivedDataCache: Writable
[2017.07.08-10.16.50:052][  0]LogMaterial: Verifying Global Shaders for PCD3D_SM5
[2017.07.08-10.16.50:052][  0]LogSlate: Using Freetype 2.6.0
[2017.07.08-10.16.50:052][  0]LogSlate: SlateFontCache - WITH_FREETYPE: 1, WITH_HARFBUZZ: 1
[2017.07.08-10.16.50:052][  0]LogSlate: SlateFontCache - WITH_FREETYPE: 1, WITH_HARFBUZZ: 1
[2017.07.08-10.16.50:308][  0]LogInit: Selected Device Profile: [Windows]
[2017.07.08-10.16.50:371][  0]LogContentStreaming: Texture pool size is 0.00 MB
[2017.07.08-10.16.50:509][  0]LogMeshUtilities: Using QuadricMeshReduction for automatic static mesh reduction
[2017.07.08-10.16.50:547][  0]LogSimplygon: Simplygon DLL not present - disabling.
[2017.07.08-10.16.50:588][  0]LogMeshUtilities: Using SimplygonSwarm for distributed automatic mesh merging
[2017.07.08-10.16.50:588][  0]LogMeshUtilities: No automatic skeletal mesh reduction module available
[2017.07.08-10.16.50:588][  0]LogMeshUtilities: No automatic mesh merging module available
[2017.07.08-10.16.51:077][  0]LogNetVersion: FOTWO02 , NetCL: 3452394, EngineNetVer: 2, GameNetVer: 0 (Checksum: 2990255715)
[2017.07.08-10.16.51:135][  0]LogAssetRegistry: FAssetRegistry took 0.0266 seconds to start up
[2017.07.08-10.16.51:186][  0]LogPackageLocalizationCache: Processed 4 localized package path(s) for 2 prioritized culture(s) in 0.028661 seconds
[2017.07.08-10.16.51:191][  0]LogUObjectArray: 34194 objects as part of root set at end of initial load.
[2017.07.08-10.16.51:191][  0]LogUObjectAllocator: 7260424 out of 0 bytes used by permanent object pool.
[2017.07.08-10.16.51:191][  0]LogUObjectArray: CloseDisregardForGC: 0/0 objects in disregard for GC pool
[2017.07.08-10.16.51:247][  0]LogInit: WinSock: version 1.1 (2.2), MaxSocks=32767, MaxUdp=65467
[2017.07.08-10.16.53:346][  0]LogTcpMessaging: Initializing TcpMessaging bridge
[2017.07.08-10.16.53:383][  0]LogUdpMessaging: Initializing bridge on interface 0.0.0.0:0 to multicast group 230.0.0.1:6666.
[2017.07.08-10.16.53:899][  0]LogMaterial: Uniform references updated for custom material expression Custom.
[2017.07.08-10.16.54:252][  0]SourceControl: Info Source control is disabled
[2017.07.08-10.16.54:279][  0]SourceControl: Info Source control is disabled
[2017.07.08-10.16.54:322][  0]SourceControl: Info Source control is disabled
[2017.07.08-10.16.54:362][  0]SourceControl: Info Source control is disabled
[2017.07.08-10.16.54:972][  0]LogAndroidPermission: UAndroidPermissionCallbackProxy::GetInstance
[2017.07.08-10.16.55:484][  0]LogEngine: Initializing Engine...
[2017.07.08-10.16.55:485][  0]LogHMD: Failed to initialize OpenVR with code 110
[2017.07.08-10.16.55:663][  0]LogStats: UGameplayTagsManager::ConstructGameplayTagTree: Construct from data asset -  0.000 s
[2017.07.08-10.16.55:663][  0]LogStats: UGameplayTagsManager::ConstructGameplayTagTree: GameplayTagTreeChangedEvent.Broadcast -  0.000 s
[2017.07.08-10.16.55:773][  0]LogAIModule: Creating AISystem for world Untitled
[2017.07.08-10.16.55:781][  0]LogInit: XAudio2 using 'Speakers / Headphones (Realtek Audio)' : 2 channels at 48 kHz using 32 bits per sample (channel mask 0x3)
[2017.07.08-10.16.56:288][  0]LogInit: FAudioDevice initialized.
[2017.07.08-10.16.56:331][  0]LogDerivedDataCache: Saved boot cache 0.04s 90MB C:/Users/vonkl/AppData/Local/UnrealEngine/4.16/DerivedDataCache/Boot.ddc.
[2017.07.08-10.16.56:338][  0]LogInit: Texture streaming: Enabled
[2017.07.08-10.16.56:424][  0]LogEngineSessionManager: EngineSessionManager initialized
[2017.07.08-10.16.56:611][  0]LogInit: Transaction tracking system initialized
[2017.07.08-10.16.56:894][  0]BlueprintLog: New page: Editor Load
[2017.07.08-10.16.57:713][  0]LocalizationService: Info Localization service is disabled
[2017.07.08-10.16.58:338][  0]LogConsoleResponse:Display: 
[2017.07.08-10.16.58:475][  0]LogCook:Display: Max memory allowance for cook 16384mb min free memory 0mb
[2017.07.08-10.16.58:475][  0]LogCook:Display: Mobile HDR setting 1
[2017.07.08-10.16.58:847][  0]LogFileCache: Scanning file cache for directory 'C:/Unreal/FOTWO/source/FOTWO02/Content/' took 0.01s
[2017.07.08-10.16.59:397][  0]SourceControl: Info Source control is disabled
[2017.07.08-10.16.59:397][  0]Cmd: MAP LOAD FILE="../../../../../../Unreal/FOTWO/source/FOTWO02/Content/2DSideScrollerBP/Maps/2DSideScrollerExampleMap.umap" TEMPLATE=0 SHOWPROGRESS=1 FEATURELEVEL=3
[2017.07.08-10.16.59:397][  0]LogEditorServer:Warning: Can't find file '../../../../../../Unreal/FOTWO/source/FOTWO02/Content/2DSideScrollerBP/Maps/2DSideScrollerExampleMap.umap'
[2017.07.08-10.16.59:397][  0]Cmd: MAP CHECKDEP NOCLEARLOG
[2017.07.08-10.16.59:433][  0]MapCheck: Info Map check complete: 0 Error(s), 0 Warning(s), took 35.301ms to complete.
[2017.07.08-10.16.59:433][  0]LogFileHelpers: Loading map '2DSideScrollerExampleMap' took 0.036
[2017.07.08-10.16.59:511][  0]LogWindowsTextInputMethodSystem:Display: IME system now deactivated.
[2017.07.08-10.16.59:606][  0]LogCollectionManager: Loaded 0 collections in 0.001585 seconds
[2017.07.08-10.16.59:667][  0]LogFileCache: Scanning file cache for directory 'C:/Unreal/FOTWO/source/FOTWO02/Saved/Collections/' took 0.01s
[2017.07.08-10.16.59:667][  0]LogFileCache: Scanning file cache for directory 'C:/Unreal/FOTWO/source/FOTWO02/Content/Developers/vonkl/Collections/' took 0.01s
[2017.07.08-10.16.59:667][  0]LogFileCache: Scanning file cache for directory 'C:/Unreal/FOTWO/source/FOTWO02/Content/Collections/' took 0.00s
[2017.07.08-10.16.59:667][  0]LogCollectionManager: Rebuilt the GUID cache for 0 collections in 0.000001 seconds
[2017.07.08-10.16.59:675][  0]LogContentBrowser: Native class hierarchy populated in 0.0078 seconds. Added 2329 classes and 491 folders.
[2017.07.08-10.16.59:733][  0]LogContentBrowser: Native class hierarchy updated for 'WidgetCarousel' in 0.0005 seconds. Added 0 classes and 0 folders.
[2017.07.08-10.16.59:767][  0]LogContentBrowser: Native class hierarchy updated for 'AddContentDialog' in 0.0005 seconds. Added 0 classes and 0 folders.
[2017.07.08-10.16.59:815][  0]LogContentBrowser: Native class hierarchy updated for 'SceneOutliner' in 0.0005 seconds. Added 1 classes and 2 folders.
[2017.07.08-10.16.59:880][  0]LogCrashTracker: Crashtracker disabled due to settings.
[2017.07.08-10.16.59:886][  0]LogUObjectGlobals:Warning: Failed to find object 'Class None.'
[2017.07.08-10.16.59:946][  0]LogContentBrowser: Native class hierarchy updated for 'HierarchicalLODOutliner' in 0.0006 seconds. Added 1 classes and 2 folders.
[2017.07.08-10.16.59:946][  0]LogLoad: (Engine Initialization) Total time: 15.90 seconds
[2017.07.08-10.16.59:946][  0]LogLoad: (Engine Initialization) Total Blueprint compile time: 0.04 seconds
[2017.07.08-10.16.59:946][  0]LogExternalProfiler: Found external profiler: VSPerf
[2017.07.08-10.16.59:946][  0]LogExternalProfiler: Using external profiler: VSPerf
[2017.07.08-10.16.59:967][  0]LogOcInput: OculusInput pre-init called
[2017.07.08-10.16.59:967][  0]LogHMD: Starting GearVRController plugin
[2017.07.08-10.16.59:983][  0]LogContentStreaming: Texture pool size now 1000 MB
[2017.07.08-10.16.59:984][  0]LogSlate: Took 0.000177 seconds to synchronously load lazily loaded font '../../../Engine/Content/Slate/Fonts/Roboto-Regular.ttf' (155K)
[2017.07.08-10.16.59:985][  0]LogSlate: Took 0.000101 seconds to synchronously load lazily loaded font '../../../Engine/Content/Slate/Fonts/Roboto-Bold.ttf' (160K)
[2017.07.08-10.16.59:989][  0]LogSlate: Took 0.000224 seconds to synchronously load lazily loaded font '../../../Engine/Content/Editor/Slate/Fonts/FontAwesome.ttf' (139K)
[2017.07.08-10.17.00:099][  0]LogRenderer: Reallocating scene render targets to support 872x492 NumSamples 1 (Frame:1).
[2017.07.08-10.17.00:132][  0]LogSlate: Took 0.000106 seconds to synchronously load lazily loaded font '../../../Engine/Content/Slate/Fonts/Roboto-Light.ttf' (159K)
[2017.07.08-10.17.00:156][  1]LogAssetRegistry: Asset discovery search completed in 9.0433 seconds
[2017.07.08-10.17.00:157][  1]LogCollectionManager: Rebuilt the object cache for 0 collections in 0.000000 seconds (found 0 objects)
[2017.07.08-10.17.00:157][  1]LogCollectionManager: Fixed up redirectors for 0 collections in 0.000024 seconds (updated 0 objects)
[2017.07.08-10.17.07:734][426]LogSlate: Took 0.000164 seconds to synchronously load lazily loaded font '../../../Engine/Content/Slate/Fonts/Roboto-Light.ttf' (159K)
[2017.07.08-10.17.08:130][426]LogContentBrowser: Native class hierarchy updated for 'BlueprintGraph' in 0.0008 seconds. Added 112 classes and 0 folders.
[2017.07.08-10.17.08:716][426]LogSlate: Took 0.000137 seconds to synchronously load lazily loaded font '../../../Engine/Content/Slate/Fonts/Roboto-Light.ttf' (159K)
[2017.07.08-10.17.08:717][426]LogSlate: Took 0.000127 seconds to synchronously load lazily loaded font '../../../Engine/Content/Editor/Slate/Fonts/Roboto-BoldCondensed.ttf' (158K)
[2017.07.08-10.17.13:166][684]LogAIModule: Creating AISystem for world FOTWO01
[2017.07.08-10.17.13:200][684]Cmd: MAP LOAD FILE="../../../../../../Unreal/FOTWO/source/FOTWO02/Content/2DSideScrollerBP/Maps/FOTWO01.umap" TEMPLATE=0 SHOWPROGRESS=1 FEATURELEVEL=3
[2017.07.08-10.17.13:200][684]LightingResults: New page: Lighting Build
[2017.07.08-10.17.13:236][684]LogContentBrowser: Native class hierarchy updated for 'StatsViewer' in 0.0005 seconds. Added 5 classes and 0 folders.
[2017.07.08-10.17.13:236][684]LoadErrors: New page: Loading map: FOTWO01.umap
[2017.07.08-10.17.13:237][684]MapCheck: New page: Map Check
[2017.07.08-10.17.13:237][684]LightingResults: New page: Lighting Build
[2017.07.08-10.17.13:299][684]LogEditorServer: Finished looking for orphan Actors (0.000 secs)
[2017.07.08-10.17.13:334][684]Cmd: MAP CHECKDEP NOCLEARLOG
[2017.07.08-10.17.13:392][684]MapCheck: Info Map check complete: 0 Error(s), 0 Warning(s), took 58.112ms to complete.
[2017.07.08-10.17.13:394][684]LogFileHelpers: Loading map 'FOTWO01' took 0.195
[2017.07.08-10.21.42:930][933]LogSlate: Took 0.000515 seconds to synchronously load lazily loaded font '../../../Engine/Content/Editor/Slate/Fonts/Roboto-Italic.ttf' (157K)
[2017.07.08-10.22.01:250][118]AssetReimport: New page: Outstanding source content changes 14:22:01
[2017.07.08-10.22.01:251][118]LogFactory: FactoryCreateFile: Texture with ReimportTextureFactory (0 0 C:/Unreal/FOTWO/source/FOTWO02/Content/Developers/vonkl/Collections/GreenTickLocked.png)
[2017.07.08-10.22.01:290][118]LogSavePackage: Save=4.85ms
[2017.07.08-10.22.01:290][118]LogSavePackage: Moving '../../../../../../Unreal/FOTWO/source/FOTWO02/Saved/GreenTickLocked1D7084E646BFA036C9B4999E0089E7BB.tmp' to '../../../../../../Unreal/FOTWO/source/FOTWO02/Content/Developers/vonkl/Collections/GreenTickLocked.uasset'
[2017.07.08-10.22.01:292][118]LogSavePackage:Display: Finished SavePackage ../../../../../../Unreal/FOTWO/source/FOTWO02/Content/Developers/vonkl/Collections/GreenTickLocked.uasset
[2017.07.08-10.22.04:304][298]AssetReimport: Info Importing new asset /Game/Developers/vonkl/Collections/GreenTickLocked.
[2017.07.08-10.23.52:142][523]LogSlate: Took 0.002539 seconds to synchronously load lazily loaded font '../../../Engine/Content/Slate/Fonts/DroidSansFallback.ttf' (3848K)
[2017.07.08-10.25.59:065][422]BlueprintLog: New page: Compile ConfHUD
[2017.07.08-10.25.59:205][422]BlueprintEditorCompileResults: Info Fast Template Successfully Created.
[2017.07.08-10.26.00:557][488]LogSavePackage: Save=107.97ms
[2017.07.08-10.26.00:557][488]LogSavePackage: Moving '../../../../../../Unreal/FOTWO/source/FOTWO02/Saved/ConfHUD7C4B80434EE8EE5D3190AD947D604F6C.tmp' to '../../../../../../Unreal/FOTWO/source/FOTWO02/Content/2DSideScrollerBP/Blueprints/User_Interface/ConfHUD.uasset'
[2017.07.08-10.26.00:559][488]LogSavePackage:Display: Finished SavePackage ../../../../../../Unreal/FOTWO/source/FOTWO02/Content/2DSideScrollerBP/Blueprints/User_Interface/ConfHUD.uasset
[2017.07.08-10.26.02:612][607]LogTemp: Repeting last play command: Selected Viewport
[2017.07.08-10.26.02:651][607]LogBlueprintUserMessages: Early PlayInEditor Detection: Level '/Game/2DSideScrollerBP/Maps/FOTWO01.FOTWO01:PersistentLevel' has LevelScriptBlueprint '/Game/2DSideScrollerBP/Maps/FOTWO01.FOTWO01:PersistentLevel.FOTWO01' with GeneratedClass '/Game/2DSideScrollerBP/Maps/FOTWO01.FOTWO01_C' with ClassGeneratedBy '/Game/2DSideScrollerBP/Maps/FOTWO01.FOTWO01:PersistentLevel.FOTWO01'
[2017.07.08-10.26.02:651][607]LogPlayLevel: PlayLevel: No blueprints needed recompiling
[2017.07.08-10.26.02:651][607]PIE: New page: PIE session: FOTWO01 (8 Jul 2017 14:26:02)
[2017.07.08-10.26.02:651][607]LogPlayLevel: Creating play world package: /Game/2DSideScrollerBP/Maps/UEDPIE_0_FOTWO01
[2017.07.08-10.26.02:653][607]LogPlayLevel: PIE: StaticDuplicateObject took: (0.001377s)
[2017.07.08-10.26.02:653][607]LogAIModule: Creating AISystem for world FOTWO01
[2017.07.08-10.26.02:653][607]LogPlayLevel: PIE: World Init took: (0.000525s)
[2017.07.08-10.26.02:653][607]LogPlayLevel: PIE: Created PIE world by copying editor world from /Game/2DSideScrollerBP/Maps/FOTWO01.FOTWO01 to /Game/2DSideScrollerBP/Maps/UEDPIE_0_FOTWO01.FOTWO01 (0.002043s)
[2017.07.08-10.26.02:671][607]LogInit: XAudio2 using 'Speakers / Headphones (Realtek Audio)' : 2 channels at 48 kHz using 32 bits per sample (channel mask 0x3)
[2017.07.08-10.26.02:696][607]LogInit: FAudioDevice initialized.
[2017.07.08-10.26.02:744][607]LogLoad: Game class is 'FOTWOGameMode_C'
[2017.07.08-10.26.02:749][607]LogWorld: Bringing World /Game/2DSideScrollerBP/Maps/UEDPIE_0_FOTWO01.FOTWO01 up for play (max tick rate 60) at 2017.07.08-12.26.02
[2017.07.08-10.26.02:750][607]LogWorld: Bringing up level for play took: 0.002582
[2017.07.08-10.26.02:811][607]LogContentBrowser: Native class hierarchy updated for 'MovieSceneCapture' in 0.0005 seconds. Added 11 classes and 0 folders.
[2017.07.08-10.26.02:818][607]PIE: Info Play in editor start time for /Game/2DSideScrollerBP/Maps/UEDPIE_0_FOTWO01 0.709
[2017.07.08-10.26.02:819][607]LogBlueprintUserMessages: Late PlayInEditor Detection: Level '/Game/2DSideScrollerBP/Maps/FOTWO01.FOTWO01:PersistentLevel' has LevelScriptBlueprint '/Game/2DSideScrollerBP/Maps/FOTWO01.FOTWO01:PersistentLevel.FOTWO01' with GeneratedClass '/Game/2DSideScrollerBP/Maps/FOTWO01.FOTWO01_C' with ClassGeneratedBy '/Game/2DSideScrollerBP/Maps/FOTWO01.FOTWO01:PersistentLevel.FOTWO01'
[2017.07.08-10.26.37:471][685]LogBlueprintUserMessages: Early EndPlayMap Detection: Level '/Game/2DSideScrollerBP/Maps/FOTWO01.FOTWO01:PersistentLevel' has LevelScriptBlueprint '/Game/2DSideScrollerBP/Maps/FOTWO01.FOTWO01:PersistentLevel.FOTWO01' with GeneratedClass '/Game/2DSideScrollerBP/Maps/FOTWO01.FOTWO01_C' with ClassGeneratedBy '/Game/2DSideScrollerBP/Maps/FOTWO01.FOTWO01:PersistentLevel.FOTWO01'
[2017.07.08-10.26.37:512][685]LogBlueprintUserMessages: Late EndPlayMap Detection: Level '/Game/2DSideScrollerBP/Maps/FOTWO01.FOTWO01:PersistentLevel' has LevelScriptBlueprint '/Game/2DSideScrollerBP/Maps/FOTWO01.FOTWO01:PersistentLevel.FOTWO01' with GeneratedClass '/Game/2DSideScrollerBP/Maps/FOTWO01.FOTWO01_C' with ClassGeneratedBy '/Game/2DSideScrollerBP/Maps/FOTWO01.FOTWO01:PersistentLevel.FOTWO01'
[2017.07.08-10.26.56:054][734]BlueprintLog: New page: Compile ConfHUD
[2017.07.08-10.26.56:176][734]BlueprintEditorCompileResults: Info Fast Template Successfully Created.
[2017.07.08-10.26.57:581][802]LogSavePackage: Save=110.12ms
[2017.07.08-10.26.57:581][802]LogSavePackage: Moving '../../../../../../Unreal/FOTWO/source/FOTWO02/Saved/ConfHUDCCC791184C51B76ABC359B926DD0E84A.tmp' to '../../../../../../Unreal/FOTWO/source/FOTWO02/Content/2DSideScrollerBP/Blueprints/User_Interface/ConfHUD.uasset'
[2017.07.08-10.26.57:583][802]LogSavePackage:Display: Finished SavePackage ../../../../../../Unreal/FOTWO/source/FOTWO02/Content/2DSideScrollerBP/Blueprints/User_Interface/ConfHUD.uasset
[2017.07.08-10.27.03:608][143]LogContentBrowser: Native class hierarchy updated for 'TextureEditor' in 0.0006 seconds. Added 1 classes and 2 folders.
[2017.07.08-10.27.29:227][642]LogTexture:Display: Building textures: GreenTickLocked (BGRA8, 41X36)
[2017.07.08-10.27.34:816][969]LogTexture:Display: Building textures: GreenTickLocked (BGRA8, 41X36)
[2017.07.08-10.27.40:880][323]LogSavePackage: Save=5.95ms
[2017.07.08-10.27.40:880][323]LogSavePackage: Moving '../../../../../../Unreal/FOTWO/source/FOTWO02/Saved/GreenTickLockedFEFC0FCE4B37D49BDA461E800FBE67FB.tmp' to '../../../../../../Unreal/FOTWO/source/FOTWO02/Content/Developers/vonkl/Collections/GreenTickLocked.uasset'
[2017.07.08-10.27.40:882][323]LogSavePackage:Display: Finished SavePackage ../../../../../../Unreal/FOTWO/source/FOTWO02/Content/Developers/vonkl/Collections/GreenTickLocked.uasset
[2017.07.08-10.28.49:286][172]BlueprintLog: New page: Compile ConfHUD
[2017.07.08-10.28.49:410][172]BlueprintEditorCompileResults: Info Fast Template Successfully Created.
[2017.07.08-10.28.50:734][237]LogSavePackage: Save=107.87ms
[2017.07.08-10.28.50:734][237]LogSavePackage: Moving '../../../../../../Unreal/FOTWO/source/FOTWO02/Saved/ConfHUD107ECECA488559151CB33BB671A98073.tmp' to '../../../../../../Unreal/FOTWO/source/FOTWO02/Content/2DSideScrollerBP/Blueprints/User_Interface/ConfHUD.uasset'
[2017.07.08-10.28.50:736][237]LogSavePackage:Display: Finished SavePackage ../../../../../../Unreal/FOTWO/source/FOTWO02/Content/2DSideScrollerBP/Blueprints/User_Interface/ConfHUD.uasset
[2017.07.08-10.28.54:914][485]LogTemp: Repeting last play command: Selected Viewport
[2017.07.08-10.28.54:933][485]LogBlueprintUserMessages: Early PlayInEditor Detection: Level '/Game/2DSideScrollerBP/Maps/FOTWO01.FOTWO01:PersistentLevel' has LevelScriptBlueprint '/Game/2DSideScrollerBP/Maps/FOTWO01.FOTWO01:PersistentLevel.FOTWO01' with GeneratedClass '/Game/2DSideScrollerBP/Maps/FOTWO01.FOTWO01_C' with ClassGeneratedBy '/Game/2DSideScrollerBP/Maps/FOTWO01.FOTWO01:PersistentLevel.FOTWO01'
[2017.07.08-10.28.54:933][485]LogPlayLevel: PlayLevel: No blueprints needed recompiling
[2017.07.08-10.28.54:933][485]PIE: New page: PIE session: FOTWO01 (8 Jul 2017 14:28:54)
[2017.07.08-10.28.54:933][485]LogPlayLevel: Creating play world package: /Game/2DSideScrollerBP/Maps/UEDPIE_0_FOTWO01
[2017.07.08-10.28.54:934][485]LogPlayLevel: PIE: StaticDuplicateObject took: (0.001161s)
[2017.07.08-10.28.54:934][485]LogAIModule: Creating AISystem for world FOTWO01
[2017.07.08-10.28.54:935][485]LogPlayLevel: PIE: World Init took: (0.000531s)
[2017.07.08-10.28.54:935][485]LogPlayLevel: PIE: Created PIE world by copying editor world from /Game/2DSideScrollerBP/Maps/FOTWO01.FOTWO01 to /Game/2DSideScrollerBP/Maps/UEDPIE_0_FOTWO01.FOTWO01 (0.001877s)
[2017.07.08-10.28.54:955][485]LogInit: XAudio2 using 'Speakers / Headphones (Realtek Audio)' : 2 channels at 48 kHz using 32 bits per sample (channel mask 0x3)
[2017.07.08-10.28.54:978][485]LogInit: FAudioDevice initialized.
[2017.07.08-10.28.55:007][485]LogLoad: Game class is 'FOTWOGameMode_C'
[2017.07.08-10.28.55:009][485]LogWorld: Bringing World /Game/2DSideScrollerBP/Maps/UEDPIE_0_FOTWO01.FOTWO01 up for play (max tick rate 60) at 2017.07.08-12.28.55
[2017.07.08-10.28.55:009][485]LogWorld: Bringing up level for play took: 0.000854
[2017.07.08-10.28.55:018][485]PIE: Info Play in editor start time for /Game/2DSideScrollerBP/Maps/UEDPIE_0_FOTWO01 0.908
[2017.07.08-10.28.55:018][485]LogBlueprintUserMessages: Late PlayInEditor Detection: Level '/Game/2DSideScrollerBP/Maps/FOTWO01.FOTWO01:PersistentLevel' has LevelScriptBlueprint '/Game/2DSideScrollerBP/Maps/FOTWO01.FOTWO01:PersistentLevel.FOTWO01' with GeneratedClass '/Game/2DSideScrollerBP/Maps/FOTWO01.FOTWO01_C' with ClassGeneratedBy '/Game/2DSideScrollerBP/Maps/FOTWO01.FOTWO01:PersistentLevel.FOTWO01'
[2017.07.08-10.29.18:564][897]LogBlueprintUserMessages: Early EndPlayMap Detection: Level '/Game/2DSideScrollerBP/Maps/FOTWO01.FOTWO01:PersistentLevel' has LevelScriptBlueprint '/Game/2DSideScrollerBP/Maps/FOTWO01.FOTWO01:PersistentLevel.FOTWO01' with GeneratedClass '/Game/2DSideScrollerBP/Maps/FOTWO01.FOTWO01_C' with ClassGeneratedBy '/Game/2DSideScrollerBP/Maps/FOTWO01.FOTWO01:PersistentLevel.FOTWO01'
[2017.07.08-10.29.18:608][897]LogBlueprintUserMessages: Late EndPlayMap Detection: Level '/Game/2DSideScrollerBP/Maps/FOTWO01.FOTWO01:PersistentLevel' has LevelScriptBlueprint '/Game/2DSideScrollerBP/Maps/FOTWO01.FOTWO01:PersistentLevel.FOTWO01' with GeneratedClass '/Game/2DSideScrollerBP/Maps/FOTWO01.FOTWO01_C' with ClassGeneratedBy '/Game/2DSideScrollerBP/Maps/FOTWO01.FOTWO01:PersistentLevel.FOTWO01'
[2017.07.08-10.29.37:796][ 38]LogTexture:Display: Building textures: GreenTickLocked (BGRA8, 41X36)
[2017.07.08-10.29.52:598][906]LogTexture:Display: Building textures: GreenTickLocked (BGRA8, 41X36)
[2017.07.08-10.30.14:067][171]LogTexture:Display: Building textures: GreenTickLocked (BGRA8, 41X36)
[2017.07.08-10.30.21:231][593]LogTexture:Display: Building textures: GreenTickLocked (BGRA8, 41X36)
[2017.07.08-10.31.08:517][386]LogSavePackage: Save=4.99ms
[2017.07.08-10.31.08:517][386]LogSavePackage: Moving '../../../../../../Unreal/FOTWO/source/FOTWO02/Saved/GreenTickLocked487A46BD40FA68496EFD1C9F57C97557.tmp' to '../../../../../../Unreal/FOTWO/source/FOTWO02/Content/Developers/vonkl/Collections/GreenTickLocked.uasset'
[2017.07.08-10.31.08:519][386]LogSavePackage:Display: Finished SavePackage ../../../../../../Unreal/FOTWO/source/FOTWO02/Content/Developers/vonkl/Collections/GreenTickLocked.uasset
[2017.07.08-10.33.07:722][402]LogTexture:Display: Building textures: GreenTickLocked (BGRA8, 41X36)
[2017.07.08-10.33.14:644][811]LogTexture:Display: Building textures: GreenTickLocked (BGRA8, 41X36)
[2017.07.08-10.33.18:327][ 29]LogTexture:Display: Building textures: GreenTickLocked (BGRA8, 41X36)
[2017.07.08-10.33.23:373][324]LogTexture:Display: Building textures: GreenTickLocked (BGRA8, 41X36)
[2017.07.08-10.34.34:821][ 56]LogFileHelpers: Editor autosave (incl. sublevels) for '/Game/2DSideScrollerBP/Maps/FOTWO01' took 0.021
[2017.07.08-10.34.34:822][ 56]OBJ SavePackage: Generating thumbnails for [1] asset(s) in package [/Game/Developers/vonkl/Collections/GreenTickLocked] ([1] browsable assets)...
[2017.07.08-10.34.34:823][ 56]OBJ SavePackage:     Rendered thumbnail for [Texture2D /Game/Developers/vonkl/Collections/GreenTickLocked.GreenTickLocked]
[2017.07.08-10.34.34:823][ 56]OBJ SavePackage: Finished generating thumbnails for package [/Game/Developers/vonkl/Collections/GreenTickLocked]
[2017.07.08-10.34.34:879][ 56]LogSavePackage: Save=5.43ms
[2017.07.08-10.34.34:879][ 56]LogSavePackage: Moving '../../../../../../Unreal/FOTWO/source/FOTWO02/Saved/GreenTickLocked_Auto1B948C67F4F858F50A783CA872BAE6EEE.tmp' to '../../../../../../Unreal/FOTWO/source/FOTWO02/Saved/Autosaves/Game/Developers/vonkl/Collections/GreenTickLocked_Auto1.uasset'
[2017.07.08-10.34.34:880][ 56]LogSavePackage:Display: Finished SavePackage ../../../../../../Unreal/FOTWO/source/FOTWO02/Saved/Autosaves/Game/Developers/vonkl/Collections/GreenTickLocked_Auto1.uasset
[2017.07.08-10.34.34:880][ 56]LogFileHelpers: Auto-saving content packages took 0.058
[2017.07.08-10.35.05:460][858]LogSavePackage: Save=5.38ms
[2017.07.08-10.35.05:460][858]LogSavePackage: Moving '../../../../../../Unreal/FOTWO/source/FOTWO02/Saved/GreenTickLocked91FBCE7A4352B44DC1BAD4B2EAE177DF.tmp' to '../../../../../../Unreal/FOTWO/source/FOTWO02/Content/Developers/vonkl/Collections/GreenTickLocked.uasset'
[2017.07.08-10.35.05:462][858]LogSavePackage:Display: Finished SavePackage ../../../../../../Unreal/FOTWO/source/FOTWO02/Content/Developers/vonkl/Collections/GreenTickLocked.uasset
[2017.07.08-10.45.47:377][252]BlueprintLog: New page: Compile ConfHUD
[2017.07.08-10.45.47:500][252]BlueprintEditorCompileResults: Info Fast Template Successfully Created.
[2017.07.08-10.45.48:209][281]LogSavePackage: Save=109.64ms
[2017.07.08-10.45.48:209][281]LogSavePackage: Moving '../../../../../../Unreal/FOTWO/source/FOTWO02/Saved/ConfHUD991783894E5121F1B83BEDB8CF4AC182.tmp' to '../../../../../../Unreal/FOTWO/source/FOTWO02/Content/2DSideScrollerBP/Blueprints/User_Interface/ConfHUD.uasset'
[2017.07.08-10.45.48:211][281]LogSavePackage:Display: Finished SavePackage ../../../../../../Unreal/FOTWO/source/FOTWO02/Content/2DSideScrollerBP/Blueprints/User_Interface/ConfHUD.uasset
[2017.07.08-11.02.36:089][465]LogFileHelpers: Editor autosave (incl. sublevels) for '/Game/2DSideScrollerBP/Maps/FOTWO01' took 0.024
[2017.07.08-11.02.36:091][465]OBJ SavePackage: Generating thumbnails for [0] asset(s) in package [/Game/2DSideScrollerBP/Blueprints/User_Interface/ConfHUD] ([1] browsable assets)...
[2017.07.08-11.02.36:091][465]OBJ SavePackage: Finished generating thumbnails for package [/Game/2DSideScrollerBP/Blueprints/User_Interface/ConfHUD]
[2017.07.08-11.02.36:270][465]LogSavePackage: Save=118.50ms
[2017.07.08-11.02.36:270][465]LogSavePackage: Moving '../../../../../../Unreal/FOTWO/source/FOTWO02/Saved/ConfHUD_Auto2ABF252B947453F7B8329D799D60F3E11.tmp' to '../../../../../../Unreal/FOTWO/source/FOTWO02/Saved/Autosaves/Game/2DSideScrollerBP/Blueprints/User_Interface/ConfHUD_Auto2.uasset'
[2017.07.08-11.02.36:271][465]LogSavePackage:Display: Finished SavePackage ../../../../../../Unreal/FOTWO/source/FOTWO02/Saved/Autosaves/Game/2DSideScrollerBP/Blueprints/User_Interface/ConfHUD_Auto2.uasset
[2017.07.08-11.02.36:271][465]LogFileHelpers: Auto-saving content packages took 0.181
[2017.07.08-11.06.09:594][753]BlueprintLog: New page: Compile ConfHUD
[2017.07.08-11.06.09:716][753]BlueprintEditorCompileResults: Info Fast Template Successfully Created.
[2017.07.08-11.06.11:083][820]LogSavePackage: Save=109.11ms
[2017.07.08-11.06.11:084][820]LogSavePackage: Moving '../../../../../../Unreal/FOTWO/source/FOTWO02/Saved/ConfHUD43F527F24483EB16344ADC9A6568B324.tmp' to '../../../../../../Unreal/FOTWO/source/FOTWO02/Content/2DSideScrollerBP/Blueprints/User_Interface/ConfHUD.uasset'
[2017.07.08-11.06.11:086][820]LogSavePackage:Display: Finished SavePackage ../../../../../../Unreal/FOTWO/source/FOTWO02/Content/2DSideScrollerBP/Blueprints/User_Interface/ConfHUD.uasset
[2017.07.08-11.06.27:961][769]BlueprintLog: New page: Compile ConfHUD
[2017.07.08-11.06.28:081][769]BlueprintEditorCompileResults: Info Fast Template Successfully Created.
[2017.07.08-11.06.29:016][810]LogSavePackage: Save=111.43ms
[2017.07.08-11.06.29:016][810]LogSavePackage: Moving '../../../../../../Unreal/FOTWO/source/FOTWO02/Saved/ConfHUDE949A8F8481B1EEA7A1B23A13AC4077A.tmp' to '../../../../../../Unreal/FOTWO/source/FOTWO02/Content/2DSideScrollerBP/Blueprints/User_Interface/ConfHUD.uasset'
[2017.07.08-11.06.29:019][810]LogSavePackage:Display: Finished SavePackage ../../../../../../Unreal/FOTWO/source/FOTWO02/Content/2DSideScrollerBP/Blueprints/User_Interface/ConfHUD.uasset
[2017.07.08-11.06.38:913][357]LogTemp: Repeting last play command: Selected Viewport
[2017.07.08-11.06.38:931][357]LogBlueprintUserMessages: Early PlayInEditor Detection: Level '/Game/2DSideScrollerBP/Maps/FOTWO01.FOTWO01:PersistentLevel' has LevelScriptBlueprint '/Game/2DSideScrollerBP/Maps/FOTWO01.FOTWO01:PersistentLevel.FOTWO01' with GeneratedClass '/Game/2DSideScrollerBP/Maps/FOTWO01.FOTWO01_C' with ClassGeneratedBy '/Game/2DSideScrollerBP/Maps/FOTWO01.FOTWO01:PersistentLevel.FOTWO01'
[2017.07.08-11.06.38:931][357]LogPlayLevel: PlayLevel: No blueprints needed recompiling
[2017.07.08-11.06.38:931][357]PIE: New page: PIE session: FOTWO01 (8 Jul 2017 15:06:38)
[2017.07.08-11.06.38:932][357]LogPlayLevel: Creating play world package: /Game/2DSideScrollerBP/Maps/UEDPIE_0_FOTWO01
[2017.07.08-11.06.38:933][357]LogPlayLevel: PIE: StaticDuplicateObject took: (0.001303s)
[2017.07.08-11.06.38:933][357]LogAIModule: Creating AISystem for world FOTWO01
[2017.07.08-11.06.38:934][357]LogPlayLevel: PIE: World Init took: (0.000637s)
[2017.07.08-11.06.38:934][357]LogPlayLevel: PIE: Created PIE world by copying editor world from /Game/2DSideScrollerBP/Maps/FOTWO01.FOTWO01 to /Game/2DSideScrollerBP/Maps/UEDPIE_0_FOTWO01.FOTWO01 (0.002137s)
[2017.07.08-11.06.38:950][357]LogInit: XAudio2 using 'Speakers / Headphones (Realtek Audio)' : 2 channels at 48 kHz using 32 bits per sample (channel mask 0x3)
[2017.07.08-11.06.38:974][357]LogInit: FAudioDevice initialized.
[2017.07.08-11.06.39:010][357]LogLoad: Game class is 'FOTWOGameMode_C'
[2017.07.08-11.06.39:015][357]LogWorld: Bringing World /Game/2DSideScrollerBP/Maps/UEDPIE_0_FOTWO01.FOTWO01 up for play (max tick rate 60) at 2017.07.08-13.06.39
[2017.07.08-11.06.39:015][357]LogWorld: Bringing up level for play took: 0.002234
[2017.07.08-11.06.39:032][357]PIE: Info Play in editor start time for /Game/2DSideScrollerBP/Maps/UEDPIE_0_FOTWO01 0.923
[2017.07.08-11.06.39:033][357]LogBlueprintUserMessages: Late PlayInEditor Detection: Level '/Game/2DSideScrollerBP/Maps/FOTWO01.FOTWO01:PersistentLevel' has LevelScriptBlueprint '/Game/2DSideScrollerBP/Maps/FOTWO01.FOTWO01:PersistentLevel.FOTWO01' with GeneratedClass '/Game/2DSideScrollerBP/Maps/FOTWO01.FOTWO01_C' with ClassGeneratedBy '/Game/2DSideScrollerBP/Maps/FOTWO01.FOTWO01:PersistentLevel.FOTWO01'
[2017.07.08-11.07.09:077][159]LogBlueprintUserMessages: Early EndPlayMap Detection: Level '/Game/2DSideScrollerBP/Maps/FOTWO01.FOTWO01:PersistentLevel' has LevelScriptBlueprint '/Game/2DSideScrollerBP/Maps/FOTWO01.FOTWO01:PersistentLevel.FOTWO01' with GeneratedClass '/Game/2DSideScrollerBP/Maps/FOTWO01.FOTWO01_C' with ClassGeneratedBy '/Game/2DSideScrollerBP/Maps/FOTWO01.FOTWO01:PersistentLevel.FOTWO01'
[2017.07.08-11.07.09:127][159]LogBlueprintUserMessages: Late EndPlayMap Detection: Level '/Game/2DSideScrollerBP/Maps/FOTWO01.FOTWO01:PersistentLevel' has LevelScriptBlueprint '/Game/2DSideScrollerBP/Maps/FOTWO01.FOTWO01:PersistentLevel.FOTWO01' with GeneratedClass '/Game/2DSideScrollerBP/Maps/FOTWO01.FOTWO01_C' with ClassGeneratedBy '/Game/2DSideScrollerBP/Maps/FOTWO01.FOTWO01:PersistentLevel.FOTWO01'
[2017.07.08-11.07.46:033][175]BlueprintLog: New page: Compile ConfHUD
[2017.07.08-11.07.46:152][175]BlueprintEditorCompileResults: Info Fast Template Successfully Created.
[2017.07.08-11.08.46:163][420]BlueprintLog: New page: Compile ConfHUD
[2017.07.08-11.08.46:301][420]BlueprintEditorCompileResults: Info Fast Template Successfully Created.
[2017.07.08-11.08.48:424][526]LogSavePackage: Save=105.04ms
[2017.07.08-11.08.48:424][526]LogSavePackage: Moving '../../../../../../Unreal/FOTWO/source/FOTWO02/Saved/ConfHUDA1AD534C44227A4ABBEA9492A8B82636.tmp' to '../../../../../../Unreal/FOTWO/source/FOTWO02/Content/2DSideScrollerBP/Blueprints/User_Interface/ConfHUD.uasset'
[2017.07.08-11.08.48:426][526]LogSavePackage:Display: Finished SavePackage ../../../../../../Unreal/FOTWO/source/FOTWO02/Content/2DSideScrollerBP/Blueprints/User_Interface/ConfHUD.uasset
[2017.07.08-11.09.16:733][117]LogSlate: Only BGRA pngs, bmps or icos are supported in by External Image Picker
[2017.07.08-11.09.16:799][118]LogTemp: Executing iPhonePackager certificates Engine -bundlename com.YourCompany.FOTWO02
[2017.07.08-11.09.16:799][118]LogTemp: CWD: C:\Program Files\Epic Games\UE_4.16\Engine\Binaries\DotNET\IOS
[2017.07.08-11.09.16:799][118]LogTemp: Initial Dir: C:\Program Files\Epic Games\UE_4.16
[2017.07.08-11.09.16:799][118]LogTemp: Env CWD: C:\Program Files\Epic Games\UE_4.16\Engine\Binaries\DotNET\IOS
[2017.07.08-11.09.16:799][118]LogTemp: BranchPath = KLAUDE2017ALIEN/C/Program Files/Epic Games/UE_4.16/Engine/Binaries --- GameBranchPath = KLAUDE2017ALIEN/C/Program Files/Epic Games/UE_4.16/Engine/Binaries
[2017.07.08-11.09.16:799][118]LogTemp: IPP ERROR: Could not find provision directory 'C:\Users\vonkl\AppData\Local/Apple Computer/MobileDevice/Provisioning Profiles/'.
[2017.07.08-11.12.25:598][907]BlueprintLog: New page: Compile ConfHUD
[2017.07.08-11.12.25:725][907]BlueprintEditorCompileResults: Info Fast Template Successfully Created.
[2017.07.08-11.12.26:403][933]LogSavePackage: Save=111.55ms
[2017.07.08-11.12.26:403][933]LogSavePackage: Moving '../../../../../../Unreal/FOTWO/source/FOTWO02/Saved/ConfHUDB0851E2D45664B067787B7A627BC7B20.tmp' to '../../../../../../Unreal/FOTWO/source/FOTWO02/Content/2DSideScrollerBP/Blueprints/User_Interface/ConfHUD.uasset'
[2017.07.08-11.12.26:405][933]LogSavePackage:Display: Finished SavePackage ../../../../../../Unreal/FOTWO/source/FOTWO02/Content/2DSideScrollerBP/Blueprints/User_Interface/ConfHUD.uasset
[2017.07.08-11.12.28:385][ 48]LogTemp: Repeting last play command: Selected Viewport
[2017.07.08-11.12.28:402][ 48]LogBlueprintUserMessages: Early PlayInEditor Detection: Level '/Game/2DSideScrollerBP/Maps/FOTWO01.FOTWO01:PersistentLevel' has LevelScriptBlueprint '/Game/2DSideScrollerBP/Maps/FOTWO01.FOTWO01:PersistentLevel.FOTWO01' with GeneratedClass '/Game/2DSideScrollerBP/Maps/FOTWO01.FOTWO01_C' with ClassGeneratedBy '/Game/2DSideScrollerBP/Maps/FOTWO01.FOTWO01:PersistentLevel.FOTWO01'
[2017.07.08-11.12.28:402][ 48]LogPlayLevel: PlayLevel: No blueprints needed recompiling
[2017.07.08-11.12.28:402][ 48]PIE: New page: PIE session: FOTWO01 (8 Jul 2017 15:12:28)
[2017.07.08-11.12.28:402][ 48]LogPlayLevel: Creating play world package: /Game/2DSideScrollerBP/Maps/UEDPIE_0_FOTWO01
[2017.07.08-11.12.28:403][ 48]LogPlayLevel: PIE: StaticDuplicateObject took: (0.001271s)
[2017.07.08-11.12.28:403][ 48]LogAIModule: Creating AISystem for world FOTWO01
[2017.07.08-11.12.28:404][ 48]LogPlayLevel: PIE: World Init took: (0.000493s)
[2017.07.08-11.12.28:404][ 48]LogPlayLevel: PIE: Created PIE world by copying editor world from /Game/2DSideScrollerBP/Maps/FOTWO01.FOTWO01 to /Game/2DSideScrollerBP/Maps/UEDPIE_0_FOTWO01.FOTWO01 (0.001894s)
[2017.07.08-11.12.28:421][ 48]LogInit: XAudio2 using 'Speakers / Headphones (Realtek Audio)' : 2 channels at 48 kHz using 32 bits per sample (channel mask 0x3)
[2017.07.08-11.12.28:444][ 48]LogInit: FAudioDevice initialized.
[2017.07.08-11.12.28:474][ 48]LogLoad: Game class is 'FOTWOGameMode_C'
[2017.07.08-11.12.28:476][ 48]LogWorld: Bringing World /Game/2DSideScrollerBP/Maps/UEDPIE_0_FOTWO01.FOTWO01 up for play (max tick rate 60) at 2017.07.08-13.12.28
[2017.07.08-11.12.28:477][ 48]LogWorld: Bringing up level for play took: 0.001038
[2017.07.08-11.12.28:483][ 48]PIE: Info Play in editor start time for /Game/2DSideScrollerBP/Maps/UEDPIE_0_FOTWO01 0.374
[2017.07.08-11.12.28:484][ 48]LogBlueprintUserMessages: Late PlayInEditor Detection: Level '/Game/2DSideScrollerBP/Maps/FOTWO01.FOTWO01:PersistentLevel' has LevelScriptBlueprint '/Game/2DSideScrollerBP/Maps/FOTWO01.FOTWO01:PersistentLevel.FOTWO01' with GeneratedClass '/Game/2DSideScrollerBP/Maps/FOTWO01.FOTWO01_C' with ClassGeneratedBy '/Game/2DSideScrollerBP/Maps/FOTWO01.FOTWO01:PersistentLevel.FOTWO01'
[2017.07.08-11.14.39:650][713]LogBlueprintUserMessages: Early EndPlayMap Detection: Level '/Game/2DSideScrollerBP/Maps/FOTWO01.FOTWO01:PersistentLevel' has LevelScriptBlueprint '/Game/2DSideScrollerBP/Maps/FOTWO01.FOTWO01:PersistentLevel.FOTWO01' with GeneratedClass '/Game/2DSideScrollerBP/Maps/FOTWO01.FOTWO01_C' with ClassGeneratedBy '/Game/2DSideScrollerBP/Maps/FOTWO01.FOTWO01:PersistentLevel.FOTWO01'
[2017.07.08-11.14.39:687][713]LogBlueprintUserMessages: Late EndPlayMap Detection: Level '/Game/2DSideScrollerBP/Maps/FOTWO01.FOTWO01:PersistentLevel' has LevelScriptBlueprint '/Game/2DSideScrollerBP/Maps/FOTWO01.FOTWO01:PersistentLevel.FOTWO01' with GeneratedClass '/Game/2DSideScrollerBP/Maps/FOTWO01.FOTWO01_C' with ClassGeneratedBy '/Game/2DSideScrollerBP/Maps/FOTWO01.FOTWO01:PersistentLevel.FOTWO01'
[2017.07.08-11.15.01:126][925]BlueprintLog: New page: Compile ConfHUD
[2017.07.08-11.15.01:247][925]BlueprintEditorCompileResults: Info Fast Template Successfully Created.
[2017.07.08-11.15.01:885][950]LogSavePackage: Save=109.73ms
[2017.07.08-11.15.01:885][950]LogSavePackage: Moving '../../../../../../Unreal/FOTWO/source/FOTWO02/Saved/ConfHUD7EEE4E1942281CD20465CC9C7C5C9F52.tmp' to '../../../../../../Unreal/FOTWO/source/FOTWO02/Content/2DSideScrollerBP/Blueprints/User_Interface/ConfHUD.uasset'
[2017.07.08-11.15.01:887][950]LogSavePackage:Display: Finished SavePackage ../../../../../../Unreal/FOTWO/source/FOTWO02/Content/2DSideScrollerBP/Blueprints/User_Interface/ConfHUD.uasset
[2017.07.08-11.15.04:314][ 92]LogTemp: Repeting last play command: Selected Viewport
[2017.07.08-11.15.04:330][ 92]LogBlueprintUserMessages: Early PlayInEditor Detection: Level '/Game/2DSideScrollerBP/Maps/FOTWO01.FOTWO01:PersistentLevel' has LevelScriptBlueprint '/Game/2DSideScrollerBP/Maps/FOTWO01.FOTWO01:PersistentLevel.FOTWO01' with GeneratedClass '/Game/2DSideScrollerBP/Maps/FOTWO01.FOTWO01_C' with ClassGeneratedBy '/Game/2DSideScrollerBP/Maps/FOTWO01.FOTWO01:PersistentLevel.FOTWO01'
[2017.07.08-11.15.04:330][ 92]LogPlayLevel: PlayLevel: No blueprints needed recompiling
[2017.07.08-11.15.04:331][ 92]PIE: New page: PIE session: FOTWO01 (8 Jul 2017 15:15:04)
[2017.07.08-11.15.04:331][ 92]LogPlayLevel: Creating play world package: /Game/2DSideScrollerBP/Maps/UEDPIE_0_FOTWO01
[2017.07.08-11.15.04:332][ 92]LogPlayLevel: PIE: StaticDuplicateObject took: (0.001142s)
[2017.07.08-11.15.04:332][ 92]LogAIModule: Creating AISystem for world FOTWO01
[2017.07.08-11.15.04:332][ 92]LogPlayLevel: PIE: World Init took: (0.000519s)
[2017.07.08-11.15.04:332][ 92]LogPlayLevel: PIE: Created PIE world by copying editor world from /Game/2DSideScrollerBP/Maps/FOTWO01.FOTWO01 to /Game/2DSideScrollerBP/Maps/UEDPIE_0_FOTWO01.FOTWO01 (0.001788s)
[2017.07.08-11.15.04:352][ 92]LogInit: XAudio2 using 'Speakers / Headphones (Realtek Audio)' : 2 channels at 48 kHz using 32 bits per sample (channel mask 0x3)
[2017.07.08-11.15.04:373][ 92]LogInit: FAudioDevice initialized.
[2017.07.08-11.15.04:403][ 92]LogLoad: Game class is 'FOTWOGameMode_C'
[2017.07.08-11.15.04:405][ 92]LogWorld: Bringing World /Game/2DSideScrollerBP/Maps/UEDPIE_0_FOTWO01.FOTWO01 up for play (max tick rate 60) at 2017.07.08-13.15.04
[2017.07.08-11.15.04:406][ 92]LogWorld: Bringing up level for play took: 0.001425
[2017.07.08-11.15.04:422][ 92]PIE: Info Play in editor start time for /Game/2DSideScrollerBP/Maps/UEDPIE_0_FOTWO01 0.312
[2017.07.08-11.15.04:422][ 92]LogBlueprintUserMessages: Late PlayInEditor Detection: Level '/Game/2DSideScrollerBP/Maps/FOTWO01.FOTWO01:PersistentLevel' has LevelScriptBlueprint '/Game/2DSideScrollerBP/Maps/FOTWO01.FOTWO01:PersistentLevel.FOTWO01' with GeneratedClass '/Game/2DSideScrollerBP/Maps/FOTWO01.FOTWO01_C' with ClassGeneratedBy '/Game/2DSideScrollerBP/Maps/FOTWO01.FOTWO01:PersistentLevel.FOTWO01'
[2017.07.08-11.20.28:571][ 96]LogBlueprintUserMessages: Early EndPlayMap Detection: Level '/Game/2DSideScrollerBP/Maps/FOTWO01.FOTWO01:PersistentLevel' has LevelScriptBlueprint '/Game/2DSideScrollerBP/Maps/FOTWO01.FOTWO01:PersistentLevel.FOTWO01' with GeneratedClass '/Game/2DSideScrollerBP/Maps/FOTWO01.FOTWO01_C' with ClassGeneratedBy '/Game/2DSideScrollerBP/Maps/FOTWO01.FOTWO01:PersistentLevel.FOTWO01'
[2017.07.08-11.20.28:606][ 96]LogBlueprintUserMessages: Late EndPlayMap Detection: Level '/Game/2DSideScrollerBP/Maps/FOTWO01.FOTWO01:PersistentLevel' has LevelScriptBlueprint '/Game/2DSideScrollerBP/Maps/FOTWO01.FOTWO01:PersistentLevel.FOTWO01' with GeneratedClass '/Game/2DSideScrollerBP/Maps/FOTWO01.FOTWO01_C' with ClassGeneratedBy '/Game/2DSideScrollerBP/Maps/FOTWO01.FOTWO01:PersistentLevel.FOTWO01'
[2017.07.08-11.20.32:994][344]BlueprintLog: New page: Compile ConfHUD
[2017.07.08-11.20.33:170][344]BlueprintEditorCompileResults: Info Fast Template Successfully Created.
[2017.07.08-11.21.01:164][637]LogFileHelpers: Editor autosave (incl. sublevels) for '/Game/2DSideScrollerBP/Maps/FOTWO01' took 0.024
[2017.07.08-11.21.01:166][637]OBJ SavePackage: Generating thumbnails for [0] asset(s) in package [/Game/2DSideScrollerBP/Blueprints/User_Interface/ConfHUD] ([1] browsable assets)...
[2017.07.08-11.21.01:166][637]OBJ SavePackage: Finished generating thumbnails for package [/Game/2DSideScrollerBP/Blueprints/User_Interface/ConfHUD]
[2017.07.08-11.21.01:345][637]LogSavePackage: Save=128.63ms
[2017.07.08-11.21.01:345][637]LogSavePackage: Moving '../../../../../../Unreal/FOTWO/source/FOTWO02/Saved/ConfHUD_Auto3FEDD105C46B7952E3603D1A354900403.tmp' to '../../../../../../Unreal/FOTWO/source/FOTWO02/Saved/Autosaves/Game/2DSideScrollerBP/Blueprints/User_Interface/ConfHUD_Auto3.uasset'
[2017.07.08-11.21.01:347][637]LogSavePackage:Display: Finished SavePackage ../../../../../../Unreal/FOTWO/source/FOTWO02/Saved/Autosaves/Game/2DSideScrollerBP/Blueprints/User_Interface/ConfHUD_Auto3.uasset
[2017.07.08-11.21.01:347][637]LogFileHelpers: Auto-saving content packages took 0.182
[2017.07.08-11.23.25:195][805]BlueprintLog: New page: Compile ConfHUD
[2017.07.08-11.23.25:374][805]BlueprintEditorCompileResults: Info Fast Template Successfully Created.
[2017.07.08-11.23.26:309][848]LogSavePackage: Save=101.74ms
[2017.07.08-11.23.26:309][848]LogSavePackage: Moving '../../../../../../Unreal/FOTWO/source/FOTWO02/Saved/ConfHUD27B9E61C4AEEBFFE67E3448C8439E536.tmp' to '../../../../../../Unreal/FOTWO/source/FOTWO02/Content/2DSideScrollerBP/Blueprints/User_Interface/ConfHUD.uasset'
[2017.07.08-11.23.26:312][848]LogSavePackage:Display: Finished SavePackage ../../../../../../Unreal/FOTWO/source/FOTWO02/Content/2DSideScrollerBP/Blueprints/User_Interface/ConfHUD.uasset
[2017.07.08-11.23.29:657][ 40]LogTemp: Repeting last play command: Selected Viewport
[2017.07.08-11.23.29:675][ 40]LogBlueprintUserMessages: Early PlayInEditor Detection: Level '/Game/2DSideScrollerBP/Maps/FOTWO01.FOTWO01:PersistentLevel' has LevelScriptBlueprint '/Game/2DSideScrollerBP/Maps/FOTWO01.FOTWO01:PersistentLevel.FOTWO01' with GeneratedClass '/Game/2DSideScrollerBP/Maps/FOTWO01.FOTWO01_C' with ClassGeneratedBy '/Game/2DSideScrollerBP/Maps/FOTWO01.FOTWO01:PersistentLevel.FOTWO01'
[2017.07.08-11.23.29:675][ 40]LogPlayLevel: PlayLevel: No blueprints needed recompiling
[2017.07.08-11.23.29:675][ 40]PIE: New page: PIE session: FOTWO01 (8 Jul 2017 15:23:29)
[2017.07.08-11.23.29:675][ 40]LogPlayLevel: Creating play world package: /Game/2DSideScrollerBP/Maps/UEDPIE_0_FOTWO01
[2017.07.08-11.23.29:677][ 40]LogPlayLevel: PIE: StaticDuplicateObject took: (0.001311s)
[2017.07.08-11.23.29:677][ 40]LogAIModule: Creating AISystem for world FOTWO01
[2017.07.08-11.23.29:677][ 40]LogPlayLevel: PIE: World Init took: (0.000652s)
[2017.07.08-11.23.29:677][ 40]LogPlayLevel: PIE: Created PIE world by copying editor world from /Game/2DSideScrollerBP/Maps/FOTWO01.FOTWO01 to /Game/2DSideScrollerBP/Maps/UEDPIE_0_FOTWO01.FOTWO01 (0.002148s)
[2017.07.08-11.23.29:694][ 40]LogInit: XAudio2 using 'Speakers / Headphones (Realtek Audio)' : 2 channels at 48 kHz using 32 bits per sample (channel mask 0x3)
[2017.07.08-11.23.29:716][ 40]LogInit: FAudioDevice initialized.
[2017.07.08-11.23.29:744][ 40]LogLoad: Game class is 'FOTWOGameMode_C'
[2017.07.08-11.23.29:746][ 40]LogWorld: Bringing World /Game/2DSideScrollerBP/Maps/UEDPIE_0_FOTWO01.FOTWO01 up for play (max tick rate 60) at 2017.07.08-13.23.29
[2017.07.08-11.23.29:746][ 40]LogWorld: Bringing up level for play took: 0.000953
[2017.07.08-11.23.29:753][ 40]PIE: Info Play in editor start time for /Game/2DSideScrollerBP/Maps/UEDPIE_0_FOTWO01 -0.356
[2017.07.08-11.23.29:754][ 40]LogBlueprintUserMessages: Late PlayInEditor Detection: Level '/Game/2DSideScrollerBP/Maps/FOTWO01.FOTWO01:PersistentLevel' has LevelScriptBlueprint '/Game/2DSideScrollerBP/Maps/FOTWO01.FOTWO01:PersistentLevel.FOTWO01' with GeneratedClass '/Game/2DSideScrollerBP/Maps/FOTWO01.FOTWO01_C' with ClassGeneratedBy '/Game/2DSideScrollerBP/Maps/FOTWO01.FOTWO01:PersistentLevel.FOTWO01'
[2017.07.08-11.24.30:143][663]LogBlueprintUserMessages: Early EndPlayMap Detection: Level '/Game/2DSideScrollerBP/Maps/FOTWO01.FOTWO01:PersistentLevel' has LevelScriptBlueprint '/Game/2DSideScrollerBP/Maps/FOTWO01.FOTWO01:PersistentLevel.FOTWO01' with GeneratedClass '/Game/2DSideScrollerBP/Maps/FOTWO01.FOTWO01_C' with ClassGeneratedBy '/Game/2DSideScrollerBP/Maps/FOTWO01.FOTWO01:PersistentLevel.FOTWO01'
[2017.07.08-11.24.30:185][663]LogBlueprintUserMessages: Late EndPlayMap Detection: Level '/Game/2DSideScrollerBP/Maps/FOTWO01.FOTWO01:PersistentLevel' has LevelScriptBlueprint '/Game/2DSideScrollerBP/Maps/FOTWO01.FOTWO01:PersistentLevel.FOTWO01' with GeneratedClass '/Game/2DSideScrollerBP/Maps/FOTWO01.FOTWO01_C' with ClassGeneratedBy '/Game/2DSideScrollerBP/Maps/FOTWO01.FOTWO01:PersistentLevel.FOTWO01'
[2017.07.08-11.24.34:013][886]LogWindowsTextInputMethodSystem:Display: IME system now deactivated.
[2017.07.08-11.24.34:242][887]Cmd: QUIT_EDITOR
[2017.07.08-11.24.34:757][887]LogExit: Preparing to exit.
[2017.07.08-11.24.35:875][887]LogDirectoryWatcher: A directory notification for 'C:/Unreal/FOTWO/source/FOTWO02/Content/' was aborted.
[2017.07.08-11.24.35:902][887]LogExit: Editor shut down
[2017.07.08-11.24.35:909][887]LogExit: Transaction tracking system shut down
[2017.07.08-11.24.36:007][887]LogObj: Freed 0b from 0 cluster array pools.
[2017.07.08-11.24.36:007][887]LogExit: Object subsystem successfully closed.
[2017.07.08-11.24.36:020][887]LogD3D11RHI: Shutdown
[2017.07.08-11.24.36:020][887]LogD3D11RHI: CleanupD3DDevice
[2017.07.08-11.24.36:075][887]LogD3D11RHI: ~FD3D11DynamicRHI
[2017.07.08-11.24.36:087][887]LogModuleManager: Shutting down and abandoning module ExternalImagePicker (536)
[2017.07.08-11.24.36:087][887]LogModuleManager: Shutting down and abandoning module TextureEditor (534)
[2017.07.08-11.24.36:087][887]LogModuleManager: Shutting down and abandoning module MovieSceneCapture (532)
[2017.07.08-11.24.36:087][887]LogModuleManager: Shutting down and abandoning module StatsViewer (530)
[2017.07.08-11.24.36:087][887]LogModuleManager: Shutting down and abandoning module SequencerWidgets (528)
[2017.07.08-11.24.36:087][887]LogModuleManager: Shutting down and abandoning module BlueprintGraph (526)
[2017.07.08-11.24.36:087][887]LogModuleManager: Shutting down and abandoning module BlueprintProfiler (524)
[2017.07.08-11.24.36:087][887]LogModuleManager: Shutting down and abandoning module HierarchicalLODOutliner (522)
[2017.07.08-11.24.36:087][887]LogModuleManager: Shutting down and abandoning module CrashTracker (520)
[2017.07.08-11.24.36:087][887]LogModuleManager: Shutting down and abandoning module SceneOutliner (518)
[2017.07.08-11.24.36:087][887]LogModuleManager: Shutting down and abandoning module AddContentDialog (516)
[2017.07.08-11.24.36:087][887]LogDirectoryWatcher: A directory notification for 'C:/Program Files/Epic Games/UE_4.16/FeaturePacks/' was aborted.
[2017.07.08-11.24.36:087][887]LogModuleManager: Shutting down and abandoning module WidgetCarousel (515)
[2017.07.08-11.24.36:087][887]LogModuleManager: Shutting down and abandoning module EditorWidgets (512)
[2017.07.08-11.24.36:087][887]LogModuleManager: Shutting down and abandoning module CollectionManager (510)
[2017.07.08-11.24.36:088][887]LogDirectoryWatcher: A directory notification for 'C:/Unreal/FOTWO/source/FOTWO02/Content/Collections/' was aborted.
[2017.07.08-11.24.36:088][887]LogDirectoryWatcher: A directory notification for 'C:/Unreal/FOTWO/source/FOTWO02/Content/Developers/vonkl/Collections/' was aborted.
[2017.07.08-11.24.36:088][887]LogDirectoryWatcher: A directory notification for 'C:/Unreal/FOTWO/source/FOTWO02/Saved/Collections/' was aborted.
[2017.07.08-11.24.36:088][887]LogModuleManager: Shutting down and abandoning module FoliageEdit (508)
[2017.07.08-11.24.36:088][887]LogModuleManager: Shutting down and abandoning module LandscapeEditor (506)
[2017.07.08-11.24.36:088][887]LogModuleManager: Shutting down and abandoning module MeshPaintMode (504)
[2017.07.08-11.24.36:088][887]LogModuleManager: Shutting down and abandoning module SceneDepthPickerMode (502)
[2017.07.08-11.24.36:088][887]LogModuleManager: Shutting down and abandoning module ActorPickerMode (500)
[2017.07.08-11.24.36:088][887]LogModuleManager: Shutting down and abandoning module GeometryMode (498)
[2017.07.08-11.24.36:088][887]LogModuleManager: Shutting down and abandoning module TextureAlignMode (496)
[2017.07.08-11.24.36:088][887]LogModuleManager: Shutting down and abandoning module BspMode (494)
[2017.07.08-11.24.36:088][887]LogModuleManager: Shutting down and abandoning module HardwareSurvey (492)
[2017.07.08-11.24.36:088][887]LogModuleManager: Shutting down and abandoning module SequenceRecorderSections (490)
[2017.07.08-11.24.36:088][887]LogModuleManager: Shutting down and abandoning module AutomationWorker (488)
[2017.07.08-11.24.36:088][887]LogModuleManager: Shutting down and abandoning module MatineeToLevelSequence (486)
[2017.07.08-11.24.36:088][887]LogModuleManager: Shutting down and abandoning module LevelSequenceEditor (484)
[2017.07.08-11.24.36:088][887]LogModuleManager: Shutting down and abandoning module PlacementMode (483)
[2017.07.08-11.24.36:088][887]LogModuleManager: Shutting down and abandoning module WmfMediaFactory (480)
[2017.07.08-11.24.36:088][887]LogModuleManager: Shutting down and abandoning module WmfMediaEditor (478)
[2017.07.08-11.24.36:088][887]LogModuleManager: Shutting down and abandoning module AvfMediaFactory (476)
[2017.07.08-11.24.36:088][887]LogModuleManager: Shutting down and abandoning module AvfMediaEditor (474)
[2017.07.08-11.24.36:088][887]LogModuleManager: Shutting down and abandoning module AndroidMediaFactory (472)
[2017.07.08-11.24.36:088][887]LogModuleManager: Shutting down and abandoning module Media (471)
[2017.07.08-11.24.36:088][887]LogModuleManager: Shutting down and abandoning module AndroidMediaEditor (468)
[2017.07.08-11.24.36:088][887]LogModuleManager: Shutting down and abandoning module CharacterAI (466)
[2017.07.08-11.24.36:088][887]LogModuleManager: Shutting down and abandoning module AudioCapture (464)
[2017.07.08-11.24.36:088][887]LogModuleManager: Shutting down and abandoning module SequenceRecorder (463)
[2017.07.08-11.24.36:088][887]LogModuleManager: Shutting down and abandoning module SmartSnapping (460)
[2017.07.08-11.24.36:088][887]LogModuleManager: Shutting down and abandoning module SessionServices (458)
[2017.07.08-11.24.36:088][887]LogModuleManager: Shutting down and abandoning module ViewportSnapping (456)
[2017.07.08-11.24.36:088][887]LogModuleManager: Shutting down and abandoning module ViewportInteraction (454)
[2017.07.08-11.24.36:088][887]LogModuleManager: Shutting down and abandoning module ClothPainter (452)
[2017.07.08-11.24.36:088][887]LogModuleManager: Shutting down and abandoning module LogVisualizer (450)
[2017.07.08-11.24.36:088][887]LogModuleManager: Shutting down and abandoning module IntroTutorials (448)
[2017.07.08-11.24.36:088][887]LogModuleManager: Shutting down and abandoning module GameProjectGeneration (447)
[2017.07.08-11.24.36:088][887]LogModuleManager: Shutting down and abandoning module EditorLiveStreaming (444)
[2017.07.08-11.24.36:088][887]LogModuleManager: Shutting down and abandoning module IOSPlatformEditor (442)
[2017.07.08-11.24.36:088][887]LogModuleManager: Shutting down and abandoning module HTML5PlatformEditor (440)
[2017.07.08-11.24.36:088][887]LogModuleManager: Shutting down and abandoning module AndroidPlatformEditor (438)
[2017.07.08-11.24.36:088][887]LogModuleManager: Shutting down and abandoning module AndroidDeviceDetection (437)
[2017.07.08-11.24.36:534][887]LogModuleManager: Shutting down and abandoning module IOSRuntimeSettings (434)
[2017.07.08-11.24.36:534][887]LogModuleManager: Shutting down and abandoning module AndroidRuntimeSettings (432)
[2017.07.08-11.24.36:534][887]LogModuleManager: Shutting down and abandoning module InputBindingEditor (430)
[2017.07.08-11.24.36:534][887]LogModuleManager: Shutting down and abandoning module MergeActors (428)
[2017.07.08-11.24.36:534][887]LogModuleManager: Shutting down and abandoning module SizeMap (426)
[2017.07.08-11.24.36:534][887]LogModuleManager: Shutting down and abandoning module TreeMap (424)
[2017.07.08-11.24.36:534][887]LogModuleManager: Shutting down and abandoning module ReferenceViewer (422)
[2017.07.08-11.24.36:534][887]LogModuleManager: Shutting down and abandoning module LocalizationDashboard (420)
[2017.07.08-11.24.36:534][887]LogModuleManager: Shutting down and abandoning module LocalizationService (419)
[2017.07.08-11.24.36:534][887]LogModuleManager: Shutting down and abandoning module HardwareTargeting (416)
[2017.07.08-11.24.36:534][887]LogModuleManager: Shutting down and abandoning module DeviceProfileEditor (414)
[2017.07.08-11.24.36:534][887]LogModuleManager: Shutting down and abandoning module UndoHistory (412)
[2017.07.08-11.24.36:534][887]LogModuleManager: Shutting down and abandoning module UserFeedback (410)
[2017.07.08-11.24.36:534][887]LogModuleManager: Shutting down and abandoning module XmlParser (408)
[2017.07.08-11.24.36:534][887]LogModuleManager: Shutting down and abandoning module Blutility (406)
[2017.07.08-11.24.36:534][887]LogModuleManager: Shutting down and abandoning module ProjectSettingsViewer (404)
[2017.07.08-11.24.36:534][887]LogModuleManager: Shutting down and abandoning module ProjectTargetPlatformEditor (403)
[2017.07.08-11.24.36:535][887]LogModuleManager: Shutting down and abandoning module EditorSettingsViewer (400)
[2017.07.08-11.24.36:535][887]LogModuleManager: Shutting down and abandoning module SettingsEditor (398)
[2017.07.08-11.24.36:535][887]LogModuleManager: Shutting down and abandoning module ProjectLauncher (396)
[2017.07.08-11.24.36:535][887]LogModuleManager: Shutting down and abandoning module SessionFrontend (394)
[2017.07.08-11.24.36:535][887]LogModuleManager: Shutting down and abandoning module ProfilerClient (392)
[2017.07.08-11.24.36:535][887]LogModuleManager: Shutting down and abandoning module DeviceManager (390)
[2017.07.08-11.24.36:535][887]LogModuleManager: Shutting down and abandoning module TargetDeviceServices (389)
[2017.07.08-11.24.36:589][887]LogModuleManager: Shutting down and abandoning module AutomationController (386)
[2017.07.08-11.24.36:589][887]LogModuleManager: Shutting down and abandoning module AutomationWindow (384)
[2017.07.08-11.24.36:589][887]LogModuleManager: Shutting down and abandoning module Layers (382)
[2017.07.08-11.24.36:589][887]LogModuleManager: Shutting down and abandoning module ComponentVisualizers (380)
[2017.07.08-11.24.36:589][887]LogModuleManager: Shutting down and abandoning module DetailCustomizations (378)
[2017.07.08-11.24.36:589][887]LogModuleManager: Shutting down and abandoning module PackagesDialog (376)
[2017.07.08-11.24.36:589][887]LogModuleManager: Shutting down and abandoning module Persona (374)
[2017.07.08-11.24.36:590][887]LogModuleManager: Shutting down and abandoning module AdvancedPreviewScene (373)
[2017.07.08-11.24.36:590][887]LogModuleManager: Shutting down and abandoning module AnimGraph (371)
[2017.07.08-11.24.36:590][887]LogModuleManager: Shutting down and abandoning module Kismet (368)
[2017.07.08-11.24.36:607][887]LogModuleManager: Shutting down and abandoning module ClassViewer (366)
[2017.07.08-11.24.36:607][887]LogModuleManager: Shutting down and abandoning module Toolbox (364)
[2017.07.08-11.24.36:607][887]LogModuleManager: Shutting down and abandoning module ModuleUI (362)
[2017.07.08-11.24.36:607][887]LogModuleManager: Shutting down and abandoning module MovieSceneTools (360)
[2017.07.08-11.24.36:607][887]LogModuleManager: Shutting down and abandoning module OutputLog (358)
[2017.07.08-11.24.36:607][887]LogModuleManager: Shutting down and abandoning module GammaUI (356)
[2017.07.08-11.24.36:608][887]LogModuleManager: Shutting down and abandoning module Documentation (354)
[2017.07.08-11.24.36:608][887]LogModuleManager: Shutting down and abandoning module MovieSceneTracks (352)
[2017.07.08-11.24.36:608][887]LogModuleManager: Shutting down and abandoning module MovieScene (350)
[2017.07.08-11.24.36:608][887]LogModuleManager: Shutting down and abandoning module Niagara (348)
[2017.07.08-11.24.36:608][887]LogModuleManager: Shutting down and abandoning module NiagaraEditor (347)
[2017.07.08-11.24.36:608][887]LogModuleManager: Shutting down and abandoning module StreamingPauseRendering (344)
[2017.07.08-11.24.36:608][887]LogModuleManager: Shutting down and abandoning module AnalyticsET (342)
[2017.07.08-11.24.36:608][887]LogModuleManager: Shutting down and abandoning module PortalServices (340)
[2017.07.08-11.24.36:608][887]LogModuleManager: Shutting down and abandoning module PortalRpc (338)
[2017.07.08-11.24.36:608][887]LogModuleManager: Shutting down and abandoning module MessagingRpc (336)
[2017.07.08-11.24.36:608][887]LogModuleManager: Shutting down and abandoning module AIModule (334)
[2017.07.08-11.24.36:608][887]LogModuleManager: Shutting down and abandoning module GameplayDebugger (333)
[2017.07.08-11.24.36:608][887]LogModuleManager: Shutting down and abandoning module AITestSuite (331)
[2017.07.08-11.24.36:608][887]LogModuleManager: Shutting down and abandoning module ProfilerService (328)
[2017.07.08-11.24.36:721][887]LogModuleManager: Shutting down and abandoning module TaskGraph (326)
[2017.07.08-11.24.36:721][887]LogModuleManager: Shutting down and abandoning module SteamVRController (324)
[2017.07.08-11.24.36:721][887]LogModuleManager: Shutting down and abandoning module SteamVR (322)
[2017.07.08-11.24.36:721][887]LogModuleManager: Shutting down and abandoning module ProceduralMeshComponentEditor (320)
[2017.07.08-11.24.36:721][887]LogModuleManager: Shutting down and abandoning module ProceduralMeshComponent (318)
[2017.07.08-11.24.36:721][887]LogModuleManager: Shutting down and abandoning module OculusLibrary (316)
[2017.07.08-11.24.36:721][887]LogModuleManager: Shutting down and abandoning module OculusInput (314)
[2017.07.08-11.24.36:721][887]LogModuleManager: Shutting down and abandoning module MobilePatchingUtils (312)
[2017.07.08-11.24.36:721][887]LogModuleManager: Shutting down and abandoning module CustomMeshComponent (310)
[2017.07.08-11.24.36:721][887]LogModuleManager: Shutting down and abandoning module CableComponent (308)
[2017.07.08-11.24.36:721][887]LogModuleManager: Shutting down and abandoning module ArchVisCharacter (306)
[2017.07.08-11.24.36:721][887]LogModuleManager: Shutting down and abandoning module AndroidPermission (304)
[2017.07.08-11.24.36:721][887]LogModuleManager: Shutting down and abandoning module MediaPlayerEditor (300)
[2017.07.08-11.24.36:721][887]LogModuleManager: Shutting down and abandoning module HTML5Networking (298)
[2017.07.08-11.24.36:721][887]LogModuleManager: Shutting down and abandoning module AlembicImporter (296)
[2017.07.08-11.24.36:721][887]LogModuleManager: Shutting down and abandoning module AlembicLibrary (295)
[2017.07.08-11.24.36:721][887]LogModuleManager: Shutting down and abandoning module GeometryCache (294)
[2017.07.08-11.24.36:722][887]LogModuleManager: Shutting down and abandoning module GeometryCacheEd (293)
[2017.07.08-11.24.36:722][887]LogModuleManager: Shutting down and abandoning module SuperSearchEditor (288)
[2017.07.08-11.24.36:722][887]LogModuleManager: Shutting down and abandoning module SuperSearch (287)
[2017.07.08-11.24.36:722][887]LogModuleManager: Shutting down and abandoning module SpeedTreeImporter (284)
[2017.07.08-11.24.36:722][887]LogModuleManager: Shutting down and abandoning module PluginBrowser (282)
[2017.07.08-11.24.36:722][887]LogModuleManager: Shutting down and abandoning module MobileLauncherProfileWizard (280)
[2017.07.08-11.24.36:722][887]LogModuleManager: Shutting down and abandoning module VisualStudioSourceCodeAccess (278)
[2017.07.08-11.24.36:722][887]LogModuleManager: Shutting down and abandoning module DesktopPlatform (277)
[2017.07.08-11.24.36:722][887]LogModuleManager: Shutting down and abandoning module UObjectPlugin (274)
[2017.07.08-11.24.36:722][887]LogModuleManager: Shutting down and abandoning module SubversionSourceControl (272)
[2017.07.08-11.24.36:722][887]LogModuleManager: Shutting down and abandoning module PerforceSourceControl (270)
[2017.07.08-11.24.36:722][887]LogModuleManager: Shutting down and abandoning module GitSourceControl (268)
[2017.07.08-11.24.36:722][887]LogModuleManager: Shutting down and abandoning module SourceControl (267)
[2017.07.08-11.24.36:722][887]LogModuleManager: Shutting down and abandoning module LightPropagationVolumeEditor (264)
[2017.07.08-11.24.36:722][887]LogModuleManager: Shutting down and abandoning module PaperTiledImporter (262)
[2017.07.08-11.24.36:722][887]LogModuleManager: Shutting down and abandoning module PaperSpriteSheetImporter (260)
[2017.07.08-11.24.36:722][887]LogModuleManager: Shutting down and abandoning module Paper2DEditor (258)
[2017.07.08-11.24.36:723][887]LogModuleManager: Shutting down and abandoning module MeshPaint (257)
[2017.07.08-11.24.36:723][887]LogModuleManager: Shutting down and abandoning module LevelEditor (255)
[2017.07.08-11.24.36:724][887]LogModuleManager: Shutting down and abandoning module PixelInspectorModule (254)
[2017.07.08-11.24.36:724][887]LogModuleManager: Shutting down and abandoning module MainFrame (252)
[2017.07.08-11.24.36:725][887]LogModuleManager: Shutting down and abandoning module HotReload (251)
[2017.07.08-11.24.36:726][887]LogModuleManager: Shutting down and abandoning module PhysXVehiclesEditor (246)
[2017.07.08-11.24.36:726][887]LogModuleManager: Shutting down and abandoning module PhysXVehicles (244)
[2017.07.08-11.24.36:726][887]LogModuleManager: Shutting down and abandoning module LocationServicesBPLibrary (242)
[2017.07.08-11.24.36:726][887]LogModuleManager: Shutting down and abandoning module ImmediatePhysicsEditor (240)
[2017.07.08-11.24.36:726][887]LogModuleManager: Shutting down and abandoning module ImmediatePhysics (238)
[2017.07.08-11.24.36:726][887]LogModuleManager: Shutting down and abandoning module UdpMessaging (236)
[2017.07.08-11.24.36:827][887]LogModuleManager: Shutting down and abandoning module TcpMessaging (234)
[2017.07.08-11.24.36:928][887]LogModuleManager: Shutting down and abandoning module GameplayTagsEditor (232)
[2017.07.08-11.24.36:928][887]LogModuleManager: Shutting down and abandoning module FacialAnimationEditor (230)
[2017.07.08-11.24.36:928][887]LogModuleManager: Shutting down and abandoning module FacialAnimation (228)
[2017.07.08-11.24.36:928][887]LogModuleManager: Shutting down and abandoning module AssetManagerEditor (226)
[2017.07.08-11.24.36:928][887]LogModuleManager: Shutting down and abandoning module GraphEditor (225)
[2017.07.08-11.24.36:928][887]LogModuleManager: Shutting down and abandoning module ContentBrowser (223)
[2017.07.08-11.24.36:931][887]LogModuleManager: Shutting down and abandoning module LightPropagationVolumeRuntime (220)
[2017.07.08-11.24.36:931][887]LogModuleManager: Shutting down and abandoning module Paper2D (218)
[2017.07.08-11.24.36:931][887]LogModuleManager: Shutting down and abandoning module WindowsMoviePlayer (216)
[2017.07.08-11.24.36:931][887]LogModuleManager: Shutting down and abandoning module WmfMedia (214)
[2017.07.08-11.24.36:931][887]LogModuleManager: Shutting down and abandoning module ClothingSystemEditor (212)
[2017.07.08-11.24.36:931][887]LogModuleManager: Shutting down and abandoning module ClothingSystemRuntime (210)
[2017.07.08-11.24.36:931][887]LogModuleManager: Shutting down and abandoning module MediaAssets (208)
[2017.07.08-11.24.36:931][887]LogModuleManager: Shutting down and abandoning module GameLiveStreaming (206)
[2017.07.08-11.24.36:931][887]LogModuleManager: Shutting down and abandoning module VREditor (204)
[2017.07.08-11.24.36:931][887]LogModuleManager: Shutting down and abandoning module StringTableEditor (202)
[2017.07.08-11.24.36:931][887]LogModuleManager: Shutting down and abandoning module GameplayTasksEditor (200)
[2017.07.08-11.24.36:931][887]LogModuleManager: Shutting down and abandoning module BehaviorTreeEditor (198)
[2017.07.08-11.24.36:932][887]LogModuleManager: Shutting down and abandoning module FunctionalTesting (196)
[2017.07.08-11.24.36:932][887]LogModuleManager: Shutting down and abandoning module CollisionAnalyzer (194)
[2017.07.08-11.24.36:932][887]LogModuleManager: Shutting down and abandoning module UMG (192)
[2017.07.08-11.24.36:932][887]LogModuleManager: Shutting down and abandoning module UMGEditor (191)
[2017.07.08-11.24.36:932][887]LogModuleManager: Shutting down and abandoning module Sequencer (190)
[2017.07.08-11.24.36:932][887]LogModuleManager: Shutting down and abandoning module AssetTools (188)
[2017.07.08-11.24.36:932][887]LogModuleManager: Shutting down and abandoning module MessageLog (187)
[2017.07.08-11.24.36:932][887]LogModuleManager: Shutting down and abandoning module WorkspaceMenuStructure (186)
[2017.07.08-11.24.36:932][887]LogModuleManager: Shutting down and abandoning module SlateReflector (180)
[2017.07.08-11.24.36:932][887]LogModuleManager: Shutting down and abandoning module Slate (178)
[2017.07.08-11.24.36:932][887]LogModuleManager: Shutting down and abandoning module EditorStyle (176)
[2017.07.08-11.24.36:939][887]LogModuleManager: Shutting down and abandoning module SourceCodeAccess (174)
[2017.07.08-11.24.36:940][887]LogModuleManager: Shutting down and abandoning module HeadMountedDisplay (172)
[2017.07.08-11.24.36:940][887]LogModuleManager: Shutting down and abandoning module XAudio2 (170)
[2017.07.08-11.24.36:940][887]LogModuleManager: Shutting down and abandoning module Networking (168)
[2017.07.08-11.24.36:940][887]LogModuleManager: Shutting down and abandoning module Core (164)
[2017.07.08-11.24.36:940][887]LogModuleManager: Shutting down and abandoning module AssetRegistry (162)
[2017.07.08-11.24.37:070][887]LogDirectoryWatcher: A directory notification for '../../../Engine/Content/' was aborted.
[2017.07.08-11.24.37:071][887]LogDirectoryWatcher: A directory notification for '../../../../../../Unreal/FOTWO/source/FOTWO02/Content/' was aborted.
[2017.07.08-11.24.37:071][887]LogDirectoryWatcher: A directory notification for '../../../Engine/Plugins/2D/Paper2D/Content/' was aborted.
[2017.07.08-11.24.37:071][887]LogDirectoryWatcher: A directory notification for '../../../Engine/Plugins/Runtime/GearVR/Content/' was aborted.
[2017.07.08-11.24.37:075][887]LogModuleManager: Shutting down and abandoning module DirectoryWatcher (161)
[2017.07.08-11.24.37:076][887]LogModuleManager: Shutting down and abandoning module KismetCompiler (158)
[2017.07.08-11.24.37:076][887]LogModuleManager: Shutting down and abandoning module LevelSequence (156)
[2017.07.08-11.24.37:076][887]LogModuleManager: Shutting down and abandoning module PhysXFormats (154)
[2017.07.08-11.24.37:076][887]LogModuleManager: Shutting down and abandoning module MeshUtilities (152)
[2017.07.08-11.24.37:076][887]LogModuleManager: Shutting down and abandoning module SimplygonSwarm (151)
[2017.07.08-11.24.37:076][887]LogModuleManager: Shutting down and abandoning module SimplygonMeshReduction (149)
[2017.07.08-11.24.37:076][887]LogModuleManager: Shutting down and abandoning module QuadricMeshReduction (147)
[2017.07.08-11.24.37:076][887]LogModuleManager: Shutting down and abandoning module DerivedDataCache (144)
[2017.07.08-11.24.37:154][887]LogDerivedDataCache: Shutdown
[2017.07.08-11.24.37:154][887]LogModuleManager: Shutting down and abandoning module TargetPlatform (142)
[2017.07.08-11.24.37:154][887]LogModuleManager: Shutting down and abandoning module VulkanShaderFormat (141)
[2017.07.08-11.24.37:154][887]LogModuleManager: Shutting down and abandoning module ShaderFormatVectorVM (139)
[2017.07.08-11.24.37:154][887]LogModuleManager: Shutting down and abandoning module ShaderFormatOpenGL (137)
[2017.07.08-11.24.37:154][887]LogModuleManager: Shutting down and abandoning module ShaderFormatD3D (135)
[2017.07.08-11.24.37:154][887]LogModuleManager: Shutting down and abandoning module MetalShaderFormat (133)
[2017.07.08-11.24.37:154][887]LogModuleManager: Shutting down and abandoning module TextureFormatUncompressed (131)
[2017.07.08-11.24.37:154][887]LogModuleManager: Shutting down and abandoning module TextureFormatPVR (129)
[2017.07.08-11.24.37:154][887]LogModuleManager: Shutting down and abandoning module TextureFormatDXT (127)
[2017.07.08-11.24.37:154][887]LogModuleManager: Shutting down and abandoning module TextureFormatIntelISPCTexComp (125)
[2017.07.08-11.24.37:154][887]LogModuleManager: Shutting down and abandoning module TextureFormatASTC (123)
[2017.07.08-11.24.37:154][887]LogModuleManager: Shutting down and abandoning module ImageWrapper (122)
[2017.07.08-11.24.37:155][887]LogModuleManager: Shutting down and abandoning module TextureFormatAndroid (119)
[2017.07.08-11.24.37:155][887]LogModuleManager: Shutting down and abandoning module AudioFormatOpus (117)
[2017.07.08-11.24.37:155][887]LogModuleManager: Shutting down and abandoning module AudioFormatOgg (115)
[2017.07.08-11.24.37:155][887]LogModuleManager: Shutting down and abandoning module AudioFormatADPCM (113)
[2017.07.08-11.24.37:155][887]LogModuleManager: Shutting down and abandoning module LinuxTargetPlatform (111)
[2017.07.08-11.24.37:155][887]LogModuleManager: Shutting down and abandoning module LinuxServerTargetPlatform (109)
[2017.07.08-11.24.37:155][887]LogModuleManager: Shutting down and abandoning module LinuxNoEditorTargetPlatform (107)
[2017.07.08-11.24.37:155][887]LogModuleManager: Shutting down and abandoning module LinuxClientTargetPlatform (105)
[2017.07.08-11.24.37:155][887]LogModuleManager: Shutting down and abandoning module TVOSTargetPlatform (103)
[2017.07.08-11.24.37:155][887]LogModuleManager: Shutting down and abandoning module Messaging (101)
[2017.07.08-11.24.37:155][887]LogModuleManager: Shutting down and abandoning module IOSTargetPlatform (99)
[2017.07.08-11.24.37:155][887]LogModuleManager: Shutting down and abandoning module HTML5TargetPlatform (97)
[2017.07.08-11.24.37:155][887]LogModuleManager: Shutting down and abandoning module Android_PVRTCTargetPlatform (95)
[2017.07.08-11.24.37:155][887]LogModuleManager: Shutting down and abandoning module Android_MultiTargetPlatform (93)
[2017.07.08-11.24.37:155][887]LogModuleManager: Shutting down and abandoning module Android_ETC2TargetPlatform (91)
[2017.07.08-11.24.37:155][887]LogModuleManager: Shutting down and abandoning module Android_ETC1TargetPlatform (89)
[2017.07.08-11.24.37:155][887]LogModuleManager: Shutting down and abandoning module Android_DXTTargetPlatform (87)
[2017.07.08-11.24.37:155][887]LogModuleManager: Shutting down and abandoning module Android_ATCTargetPlatform (85)
[2017.07.08-11.24.37:155][887]LogModuleManager: Shutting down and abandoning module Android_ASTCTargetPlatform (83)
[2017.07.08-11.24.37:155][887]LogModuleManager: Shutting down and abandoning module AndroidTargetPlatform (81)
[2017.07.08-11.24.37:155][887]LogModuleManager: Shutting down and abandoning module WindowsTargetPlatform (79)
[2017.07.08-11.24.37:155][887]LogModuleManager: Shutting down and abandoning module WindowsServerTargetPlatform (77)
[2017.07.08-11.24.37:155][887]LogModuleManager: Shutting down and abandoning module WindowsNoEditorTargetPlatform (75)
[2017.07.08-11.24.37:155][887]LogModuleManager: Shutting down and abandoning module WindowsClientTargetPlatform (73)
[2017.07.08-11.24.37:155][887]LogModuleManager: Shutting down and abandoning module MacTargetPlatform (71)
[2017.07.08-11.24.37:155][887]LogModuleManager: Shutting down and abandoning module MacServerTargetPlatform (69)
[2017.07.08-11.24.37:155][887]LogModuleManager: Shutting down and abandoning module MacNoEditorTargetPlatform (67)
[2017.07.08-11.24.37:156][887]LogModuleManager: Shutting down and abandoning module MacClientTargetPlatform (65)
[2017.07.08-11.24.37:156][887]LogModuleManager: Shutting down and abandoning module AllDesktopTargetPlatform (63)
[2017.07.08-11.24.37:156][887]LogModuleManager: Shutting down and abandoning module InputCore (60)
[2017.07.08-11.24.37:156][887]LogModuleManager: Shutting down and abandoning module Settings (58)
[2017.07.08-11.24.37:156][887]LogModuleManager: Shutting down and abandoning module OculusRift (56)
[2017.07.08-11.24.37:156][887]LogModuleManager: Shutting down and abandoning module GearVRController (54)
[2017.07.08-11.24.37:156][887]LogModuleManager: Shutting down and abandoning module GearVR (52)
[2017.07.08-11.24.37:156][887]LogModuleManager: Shutting down and abandoning module ExampleDeviceProfileSelector (50)
[2017.07.08-11.24.37:156][887]LogModuleManager: Shutting down and abandoning module OnlineBlueprintSupport (48)
[2017.07.08-11.24.37:156][887]LogModuleManager: Shutting down and abandoning module OnlineSubsystem (44)
[2017.07.08-11.24.37:156][887]LogOnline:Display: Unloading online subsystem: NULL
[2017.07.08-11.24.37:156][887]LogModuleManager: Shutting down and abandoning module XMPP (43)
[2017.07.08-11.24.37:156][887]LogModuleManager: Shutting down and abandoning module HTTP (41)
[2017.07.08-11.24.37:156][887]LogHttp:Display: Http module shutting down, but needs to wait on 1 outstanding Http requests:
[2017.07.08-11.24.37:156][887]LogHttp:Display: 	verb=[POST] url=[https://datarouter.ol.epicgames.com/datarouter/api/v1/public/data?SessionID=%7B82F579DA-4E97-7F37-B159-B8B43E7694AC%7D&AppID=UEEditor.Rocket.Release&AppVersion=4.16.2-3514769%2B%2B%2BUE4%2BRelease-4.16&UserID=f07af55e4db0c636e0c073a1312074d9%7Caa7a108f70184e1b92fdd786c25cd9b8%7Caeab9882-b6f4-4a22-991a-718da4fba234&AppEnvironment=datacollector-binary&UploadType=eteventstream] status=Processing
[2017.07.08-11.24.37:181][887]LogModuleManager: Shutting down and abandoning module SSL (40)
[2017.07.08-11.24.37:186][887]LogModuleManager: Shutting down and abandoning module HTTPChunkInstaller (36)
[2017.07.08-11.24.37:186][887]LogModuleManager: Shutting down and abandoning module AnimationModifiers (34)
[2017.07.08-11.24.37:186][887]LogModuleManager: Shutting down and abandoning module PropertyEditor (33)
[2017.07.08-11.24.37:186][887]LogModuleManager: Shutting down and abandoning module AudioEditor (30)
[2017.07.08-11.24.37:186][887]LogModuleManager: Shutting down and abandoning module TextureCompressor (28)
[2017.07.08-11.24.37:186][887]LogModuleManager: Shutting down and abandoning module ShaderCore (26)
[2017.07.08-11.24.37:187][887]LogModuleManager: Shutting down and abandoning module Landscape (24)
[2017.07.08-11.24.37:187][887]LogModuleManager: Shutting down and abandoning module SlateRHIRenderer (22)
[2017.07.08-11.24.37:196][887]LogModuleManager: Shutting down and abandoning module OpenGLDrv (20)
[2017.07.08-11.24.37:196][887]LogModuleManager: Shutting down and abandoning module D3D11RHI (18)
[2017.07.08-11.24.37:196][887]LogModuleManager: Shutting down and abandoning module AnimGraphRuntime (16)
[2017.07.08-11.24.37:196][887]LogModuleManager: Shutting down and abandoning module Renderer (14)
[2017.07.08-11.24.37:196][887]LogModuleManager: Shutting down and abandoning module Engine (12)
[2017.07.08-11.24.37:196][887]LogModuleManager: Shutting down and abandoning module CoreUObject (10)
[2017.07.08-11.24.37:196][887]LogModuleManager: Shutting down and abandoning module NetworkFile (8)
[2017.07.08-11.24.37:196][887]LogModuleManager: Shutting down and abandoning module StreamingFile (6)
[2017.07.08-11.24.37:196][887]LogModuleManager: Shutting down and abandoning module SandboxFile (4)
[2017.07.08-11.24.37:196][887]LogModuleManager: Shutting down and abandoning module PakFile (2)
[2017.07.08-11.24.37:201][887]LogExit: Exiting.
[2017.07.08-11.24.37:239][887]Log file closed, 07/08/17 13:24:37
